fig|2005473.103.peg.1      0.241  21  0.412  21  0.944   5  0.784   0.557 Y  0.450      SignalP-TM
fig|2005473.103.peg.1      0.606  21  0.753  21  0.977   8  0.942   0.842 Y  0.570      SignalP-noTM
fig|2005473.103.peg.10     0.374  21  0.527  21  0.795  10  0.715   0.600 Y  0.450      SignalP-TM
fig|2005473.103.peg.10     0.514  21  0.682  21  0.923  17  0.883   0.777 Y  0.570      SignalP-noTM
fig|2005473.103.peg.1033   0.442  31  0.531  31  0.744  22  0.631   0.570 Y  0.450      SignalP-TM
fig|2005473.103.peg.1036   0.250  34  0.386  25  0.970  17  0.911   0.591 Y  0.450      SignalP-TM
fig|2005473.103.peg.1036   0.286  20  0.506  20  0.932   9  0.904   0.693 Y  0.570      SignalP-noTM
fig|2005473.103.peg.1069   0.350  21  0.529  21  0.881  18  0.792   0.631 Y  0.450      SignalP-TM
fig|2005473.103.peg.1069   0.653  21  0.745  21  0.942   7  0.874   0.806 Y  0.570      SignalP-noTM
fig|2005473.103.peg.1082   0.394  25  0.483  25  0.790  21  0.545   0.507 Y  0.450      SignalP-TM
fig|2005473.103.peg.1082   0.689  25  0.710  25  0.844  21  0.655   0.684 Y  0.570      SignalP-noTM
fig|2005473.103.peg.1096   0.242  31  0.359  29  0.941  12  0.752   0.512 Y  0.450      SignalP-TM
fig|2005473.103.peg.1096   0.420  29  0.570  22  0.972   9  0.942   0.745 Y  0.570      SignalP-noTM
fig|2005473.103.peg.110    0.191  24  0.393  24  0.916  19  0.842   0.568 Y  0.450      SignalP-TM
fig|2005473.103.peg.110    0.795  21  0.860  21  0.970   9  0.930   0.893 Y  0.570      SignalP-noTM
fig|2005473.103.peg.1103   0.305  24  0.428  24  0.719  19  0.576   0.485 Y  0.450      SignalP-TM
fig|2005473.103.peg.1104   0.192  27  0.370  24  0.924  13  0.796   0.536 Y  0.450      SignalP-TM
fig|2005473.103.peg.1111   0.161  24  0.356  24  0.884   8  0.807   0.532 Y  0.450      SignalP-TM
fig|2005473.103.peg.1111   0.531  25  0.707  25  0.990  21  0.927   0.811 Y  0.570      SignalP-noTM
fig|2005473.103.peg.1113   0.213  21  0.402  21  0.920   1  0.799   0.589 Y  0.570      SignalP-noTM
fig|2005473.103.peg.1113   0.230  28  0.300  23  0.909   5  0.694   0.454 Y  0.450      SignalP-TM
fig|2005473.103.peg.1143   0.154  47  0.284  16  0.858  12  0.806   0.487 Y  0.450      SignalP-TM
fig|2005473.103.peg.1159   0.280  22  0.491  18  0.904  11  0.865   0.667 Y  0.570      SignalP-noTM
fig|2005473.103.peg.1176   0.210  42  0.353  20  0.944  12  0.895   0.608 Y  0.570      SignalP-noTM
fig|2005473.103.peg.1176   0.261  28  0.402  28  0.907  11  0.749   0.537 Y  0.450      SignalP-TM
fig|2005473.103.peg.118    0.248  21  0.468  21  0.926   7  0.879   0.628 Y  0.450      SignalP-TM
fig|2005473.103.peg.118    0.337  22  0.553  22  0.967  18  0.902   0.717 Y  0.570      SignalP-noTM
fig|2005473.103.peg.1184   0.232  32  0.411  22  0.884  20  0.744   0.541 Y  0.450      SignalP-TM
fig|2005473.103.peg.1184   0.369  22  0.562  22  0.947  20  0.834   0.690 Y  0.570      SignalP-noTM
fig|2005473.103.peg.119    0.108  24  0.284  14  0.885   5  0.801   0.486 Y  0.450      SignalP-TM
fig|2005473.103.peg.12     0.402  40  0.523  40  0.900  38  0.390   0.471 Y  0.450      SignalP-TM
fig|2005473.103.peg.12     0.667  40  0.693  40  0.890  36  0.395   0.583 Y  0.510      SignalP-TM
fig|2005473.103.peg.1201   0.222  40  0.351  25  0.933   5  0.837   0.541 Y  0.450      SignalP-TM
fig|2005473.103.peg.1201   0.224  21  0.455  21  0.949  12  0.923   0.675 Y  0.570      SignalP-noTM
fig|2005473.103.peg.1202   0.582  28  0.700  25  0.952  14  0.899   0.778 Y  0.450      SignalP-TM
fig|2005473.103.peg.1202   0.799  25  0.866  25  0.978  11  0.946   0.904 Y  0.570      SignalP-noTM
fig|2005473.103.peg.1207   0.185  22  0.404  22  0.966   5  0.906   0.600 Y  0.450      SignalP-TM
fig|2005473.103.peg.1207   0.678  22  0.804  22  0.976  17  0.953   0.874 Y  0.570      SignalP-noTM
fig|2005473.103.peg.1213   0.480  24  0.494  24  0.721  22  0.459   0.480 Y  0.450      SignalP-TM
fig|2005473.103.peg.122    0.185  20  0.393  20  0.915  18  0.824   0.561 Y  0.450      SignalP-TM
fig|2005473.103.peg.122    0.271  23  0.490  23  0.963  19  0.904   0.685 Y  0.570      SignalP-noTM
fig|2005473.103.peg.123    0.185  25  0.365  22  0.750  11  0.679   0.487 Y  0.450      SignalP-TM
fig|2005473.103.peg.123    0.198  22  0.410  22  0.926   3  0.863   0.623 Y  0.570      SignalP-noTM
fig|2005473.103.peg.1230   0.172  35  0.294  26  0.886   8  0.752   0.473 Y  0.450      SignalP-TM
fig|2005473.103.peg.1232   0.770  23  0.791  23  0.872  19  0.809   0.798 Y  0.450      SignalP-TM
fig|2005473.103.peg.1232   0.853  23  0.906  23  0.971  13  0.948   0.926 Y  0.570      SignalP-noTM
fig|2005473.103.peg.1233   0.175  27  0.385  27  0.912  20  0.839   0.562 Y  0.450      SignalP-TM
fig|2005473.103.peg.1233   0.290  26  0.495  26  0.965  19  0.880   0.676 Y  0.570      SignalP-noTM
fig|2005473.103.peg.1238   0.219  21  0.416  21  0.897   2  0.816   0.572 Y  0.450      SignalP-TM
fig|2005473.103.peg.1238   0.744  21  0.787  21  0.912   1  0.840   0.812 Y  0.570      SignalP-noTM
fig|2005473.103.peg.124    0.194  22  0.411  22  0.942  17  0.879   0.594 Y  0.450      SignalP-TM
fig|2005473.103.peg.124    0.506  22  0.687  22  0.958  10  0.933   0.803 Y  0.570      SignalP-noTM
fig|2005473.103.peg.1241   0.173  28  0.392  28  0.956   9  0.913   0.595 Y  0.450      SignalP-TM
fig|2005473.103.peg.1241   0.185  20  0.419  20  0.967   7  0.949   0.668 Y  0.570      SignalP-noTM
fig|2005473.103.peg.1242   0.319  25  0.484  25  0.893   7  0.782   0.600 Y  0.450      SignalP-TM
fig|2005473.103.peg.1242   0.734  23  0.644  23  0.781  21  0.540   0.606 Y  0.510      SignalP-TM
fig|2005473.103.peg.1243   0.292  23  0.434  23  0.761  17  0.637   0.513 Y  0.450      SignalP-TM
fig|2005473.103.peg.1243   0.365  23  0.514  23  0.841   2  0.743   0.621 Y  0.570      SignalP-noTM
fig|2005473.103.peg.1244   0.203  25  0.377  25  0.928  13  0.806   0.579 Y  0.570      SignalP-noTM
fig|2005473.103.peg.1244   0.236  25  0.392  25  0.889   7  0.716   0.518 Y  0.450      SignalP-TM
fig|2005473.103.peg.1249   0.693  23  0.766  23  0.913  18  0.760   0.764 Y  0.450      SignalP-TM
fig|2005473.103.peg.1249   0.818  23  0.835  23  0.923  20  0.844   0.839 Y  0.570      SignalP-noTM
fig|2005473.103.peg.1250   0.556  26  0.479  26  0.585  24  0.442   0.465 Y  0.450      SignalP-TM
fig|2005473.103.peg.1251   0.200  24  0.399  24  0.916  17  0.786   0.581 Y  0.570      SignalP-noTM
fig|2005473.103.peg.1252   0.639  27  0.744  27  0.921  14  0.826   0.776 Y  0.450      SignalP-TM
fig|2005473.103.peg.1252   0.806  27  0.844  27  0.978  20  0.900   0.870 Y  0.570      SignalP-noTM
fig|2005473.103.peg.1255   0.297  26  0.465  26  0.857  13  0.770   0.584 Y  0.450      SignalP-TM
fig|2005473.103.peg.1259   0.592  23  0.651  23  0.882  19  0.744   0.695 Y  0.570      SignalP-noTM
fig|2005473.103.peg.1261   0.362  21  0.570  21  0.946   2  0.911   0.703 Y  0.450      SignalP-TM
fig|2005473.103.peg.1261   0.872  21  0.919  21  0.979  17  0.963   0.940 Y  0.570      SignalP-noTM
fig|2005473.103.peg.1270   0.416  31  0.476  31  0.729  10  0.598   0.524 Y  0.450      SignalP-TM
fig|2005473.103.peg.1270   0.748  26  0.787  26  0.952  16  0.866   0.824 Y  0.570      SignalP-noTM
fig|2005473.103.peg.1271   0.126  24  0.312  24  0.873  16  0.697   0.463 Y  0.450      SignalP-TM
fig|2005473.103.peg.1277   0.379  21  0.531  21  0.878   1  0.788   0.652 Y  0.570      SignalP-noTM
fig|2005473.103.peg.128    0.231  29  0.436  29  0.979  13  0.899   0.653 Y  0.570      SignalP-noTM
fig|2005473.103.peg.128    0.302  32  0.474  32  0.968   9  0.857   0.623 Y  0.450      SignalP-TM
fig|2005473.103.peg.1281   0.494  28  0.562  28  0.760  25  0.616   0.583 Y  0.450      SignalP-TM
fig|2005473.103.peg.1284   0.275  20  0.479  20  0.939  17  0.830   0.616 Y  0.450      SignalP-TM
fig|2005473.103.peg.1284   0.851  20  0.878  20  0.944  17  0.907   0.892 Y  0.570      SignalP-noTM
fig|2005473.103.peg.1291   0.570  20  0.685  20  0.881  16  0.824   0.739 Y  0.450      SignalP-TM
fig|2005473.103.peg.1291   0.707  20  0.795  20  0.921  13  0.881   0.836 Y  0.570      SignalP-noTM
fig|2005473.103.peg.1293   0.486  25  0.644  25  0.942   8  0.884   0.738 Y  0.450      SignalP-TM
fig|2005473.103.peg.1293   0.685  25  0.786  25  0.969  17  0.924   0.851 Y  0.570      SignalP-noTM
fig|2005473.103.peg.1309   0.323  21  0.484  21  0.872   1  0.763   0.615 Y  0.570      SignalP-noTM
fig|2005473.103.peg.1327   0.191  29  0.376  22  0.883  12  0.838   0.556 Y  0.450      SignalP-TM
fig|2005473.103.peg.1327   0.359  22  0.562  22  0.948  13  0.903   0.723 Y  0.570      SignalP-noTM
fig|2005473.103.peg.1328   0.228  24  0.369  24  0.741  13  0.634   0.472 Y  0.450      SignalP-TM
fig|2005473.103.peg.1328   0.391  22  0.591  22  0.930  20  0.894   0.734 Y  0.570      SignalP-noTM
fig|2005473.103.peg.1330   0.140  30  0.275  11  0.825   2  0.771   0.468 Y  0.450      SignalP-TM
fig|2005473.103.peg.1331   0.570  30  0.702  30  0.961  17  0.867   0.780 Y  0.570      SignalP-noTM
fig|2005473.103.peg.1332   0.433  21  0.614  21  0.936   5  0.889   0.743 Y  0.570      SignalP-noTM
fig|2005473.103.peg.1332   0.547  35  0.463  35  0.962   7  0.721   0.564 Y  0.450      SignalP-TM
fig|2005473.103.peg.134    0.362  25  0.479  25  0.840   7  0.702   0.584 Y  0.570      SignalP-noTM
fig|2005473.103.peg.134    0.393  25  0.442  25  0.790   2  0.594   0.501 Y  0.450      SignalP-TM
fig|2005473.103.peg.1342   0.336  25  0.469  25  0.759  19  0.602   0.521 Y  0.450      SignalP-TM
fig|2005473.103.peg.1346   0.209  34  0.408  23  0.935  17  0.880   0.592 Y  0.450      SignalP-TM
fig|2005473.103.peg.1346   0.618  23  0.738  23  0.937  19  0.884   0.806 Y  0.570      SignalP-noTM
fig|2005473.103.peg.1349   0.130  25  0.284  15  0.923   4  0.804   0.487 Y  0.450      SignalP-TM
fig|2005473.103.peg.1349   0.197  22  0.398  22  0.913   2  0.830   0.601 Y  0.570      SignalP-noTM
fig|2005473.103.peg.1350   0.375  29  0.522  29  0.951  26  0.679   0.583 Y  0.450      SignalP-TM
fig|2005473.103.peg.1350   0.737  29  0.819  29  0.979  24  0.898   0.856 Y  0.570      SignalP-noTM
fig|2005473.103.peg.1351   0.502  29  0.601  29  0.804  17  0.642   0.617 Y  0.450      SignalP-TM
fig|2005473.103.peg.1363   0.234  28  0.378  28  0.756  20  0.635   0.478 Y  0.450      SignalP-TM
fig|2005473.103.peg.1380   0.225  21  0.410  21  0.874   4  0.782   0.555 Y  0.450      SignalP-TM
fig|2005473.103.peg.1380   0.765  21  0.813  21  0.926  13  0.873   0.842 Y  0.570      SignalP-noTM
fig|2005473.103.peg.1381   0.266  27  0.430  27  0.922  18  0.765   0.560 Y  0.450      SignalP-TM
fig|2005473.103.peg.1381   0.647  22  0.745  22  0.933   4  0.874   0.806 Y  0.570      SignalP-noTM
fig|2005473.103.peg.1383   0.467  24  0.652  24  0.962  15  0.913   0.775 Y  0.570      SignalP-noTM
fig|2005473.103.peg.1383   0.571  31  0.646  31  0.914  17  0.800   0.706 Y  0.450      SignalP-TM
fig|2005473.103.peg.1388   0.230  27  0.378  27  0.866   4  0.709   0.507 Y  0.450      SignalP-TM
fig|2005473.103.peg.1388   0.432  22  0.631  22  0.954  20  0.926   0.770 Y  0.570      SignalP-noTM
fig|2005473.103.peg.1410   0.319  21  0.485  21  0.877  18  0.767   0.595 Y  0.450      SignalP-TM
fig|2005473.103.peg.1410   0.720  21  0.811  21  0.949   9  0.911   0.858 Y  0.570      SignalP-noTM
fig|2005473.103.peg.1417   0.305  25  0.497  25  0.930  18  0.772   0.604 Y  0.450      SignalP-TM
fig|2005473.103.peg.1417   0.545  20  0.619  20  0.782   4  0.711   0.662 Y  0.570      SignalP-noTM
fig|2005473.103.peg.1421   0.258  19  0.445  19  0.836   6  0.774   0.573 Y  0.450      SignalP-TM
fig|2005473.103.peg.1421   0.659  19  0.735  19  0.924  18  0.813   0.772 Y  0.570      SignalP-noTM
fig|2005473.103.peg.1422   0.571  30  0.586  30  0.850  17  0.700   0.631 Y  0.450      SignalP-TM
fig|2005473.103.peg.1426   0.660  21  0.696  21  0.839   1  0.728   0.711 Y  0.570      SignalP-noTM
fig|2005473.103.peg.1428   0.317  24  0.500  24  0.930  20  0.774   0.629 Y  0.570      SignalP-noTM
fig|2005473.103.peg.1430   0.184  30  0.389  20  0.900  11  0.802   0.550 Y  0.450      SignalP-TM
fig|2005473.103.peg.1430   0.738  27  0.723  27  0.893  19  0.753   0.737 Y  0.570      SignalP-noTM
fig|2005473.103.peg.1439   0.261  30  0.348  26  0.837   6  0.684   0.479 Y  0.450      SignalP-TM
fig|2005473.103.peg.1439   0.434  21  0.616  21  0.951  19  0.879   0.740 Y  0.570      SignalP-noTM
fig|2005473.103.peg.1442   0.337  26  0.434  26  0.692  20  0.530   0.471 Y  0.450      SignalP-TM
fig|2005473.103.peg.1444   0.331  27  0.536  27  0.963  20  0.882   0.671 Y  0.450      SignalP-TM
fig|2005473.103.peg.1444   0.492  27  0.589  27  0.946  11  0.826   0.700 Y  0.570      SignalP-noTM
fig|2005473.103.peg.1445   0.585  24  0.745  24  0.979  10  0.942   0.822 Y  0.450      SignalP-TM
fig|2005473.103.peg.1445   0.871  24  0.926  24  0.994  17  0.978   0.950 Y  0.570      SignalP-noTM
fig|2005473.103.peg.1448   0.559  24  0.676  24  0.862  18  0.805   0.726 Y  0.450      SignalP-TM
fig|2005473.103.peg.1448   0.738  24  0.829  24  0.956  11  0.931   0.877 Y  0.570      SignalP-noTM
fig|2005473.103.peg.1453   0.169  26  0.365  20  0.932  10  0.894   0.571 Y  0.450      SignalP-TM
fig|2005473.103.peg.1453   0.489  20  0.668  20  0.961  10  0.916   0.785 Y  0.570      SignalP-noTM
fig|2005473.103.peg.1458   0.184  28  0.368  28  0.949   5  0.808   0.575 Y  0.570      SignalP-noTM
fig|2005473.103.peg.146    0.225  21  0.448  21  0.941  16  0.902   0.662 Y  0.570      SignalP-noTM
fig|2005473.103.peg.146    0.267  21  0.485  21  0.939   7  0.885   0.641 Y  0.450      SignalP-TM
fig|2005473.103.peg.1488   0.255  27  0.446  27  0.913  24  0.734   0.558 Y  0.450      SignalP-TM
fig|2005473.103.peg.1488   0.705  27  0.827  27  0.986  20  0.953   0.886 Y  0.570      SignalP-noTM
fig|2005473.103.peg.1490   0.149  20  0.334  20  0.838   7  0.759   0.500 Y  0.450      SignalP-TM
fig|2005473.103.peg.1490   0.240  23  0.441  23  0.938   2  0.847   0.632 Y  0.570      SignalP-noTM
fig|2005473.103.peg.1492   0.465  26  0.514  26  0.885   1  0.687   0.595 Y  0.570      SignalP-noTM
fig|2005473.103.peg.1492   0.803  26  0.730  26  0.807  18  0.657   0.701 Y  0.450      SignalP-TM
fig|2005473.103.peg.15     0.376  22  0.570  22  0.934   6  0.876   0.689 Y  0.450      SignalP-TM
fig|2005473.103.peg.15     0.630  22  0.700  22  0.935  18  0.818   0.755 Y  0.570      SignalP-noTM
fig|2005473.103.peg.1502   0.245  20  0.460  20  0.911  15  0.858   0.615 Y  0.450      SignalP-TM
fig|2005473.103.peg.1502   0.741  20  0.821  20  0.960  16  0.906   0.861 Y  0.570      SignalP-noTM
fig|2005473.103.peg.1503   0.179  21  0.369  21  0.880   9  0.792   0.534 Y  0.450      SignalP-TM
fig|2005473.103.peg.1503   0.326  25  0.490  25  0.972  11  0.833   0.651 Y  0.570      SignalP-noTM
fig|2005473.103.peg.1504   0.428  40  0.514  40  0.921  27  0.730   0.598 Y  0.450      SignalP-TM
fig|2005473.103.peg.1504   0.776  32  0.858  32  0.975  26  0.888   0.872 Y  0.570      SignalP-noTM
fig|2005473.103.peg.1506   0.454  25  0.479  25  0.802   4  0.633   0.539 Y  0.450      SignalP-TM
fig|2005473.103.peg.1506   0.708  25  0.696  25  0.873   3  0.760   0.726 Y  0.570      SignalP-noTM
fig|2005473.103.peg.1507   0.175  19  0.399  19  0.939   9  0.893   0.592 Y  0.450      SignalP-TM
fig|2005473.103.peg.1507   0.189  19  0.395  19  0.903   3  0.844   0.606 Y  0.570      SignalP-noTM
fig|2005473.103.peg.1509   0.324  23  0.484  23  0.784  12  0.691   0.565 Y  0.450      SignalP-TM
fig|2005473.103.peg.1509   0.615  23  0.736  23  0.945  19  0.875   0.802 Y  0.570      SignalP-noTM
fig|2005473.103.peg.151    0.185  24  0.346  24  0.882   7  0.715   0.490 Y  0.450      SignalP-TM
fig|2005473.103.peg.151    0.620  24  0.738  24  0.953  15  0.904   0.816 Y  0.570      SignalP-noTM
fig|2005473.103.peg.1553   0.555  24  0.633  24  0.846  18  0.679   0.651 Y  0.450      SignalP-TM
fig|2005473.103.peg.1553   0.632  24  0.746  24  0.972  20  0.891   0.814 Y  0.570      SignalP-noTM
fig|2005473.103.peg.1555   0.220  32  0.409  24  0.967  12  0.897   0.599 Y  0.450      SignalP-TM
fig|2005473.103.peg.1555   0.491  24  0.686  24  0.983  16  0.956   0.813 Y  0.570      SignalP-noTM
fig|2005473.103.peg.1556   0.198  28  0.368  28  0.909  12  0.787   0.531 Y  0.450      SignalP-TM
fig|2005473.103.peg.1560   0.266  23  0.426  21  0.871  14  0.790   0.597 Y  0.570      SignalP-noTM
fig|2005473.103.peg.1560   0.346  23  0.440  23  0.812   6  0.642   0.518 Y  0.450      SignalP-TM
fig|2005473.103.peg.1576   0.505  22  0.654  22  0.957  16  0.872   0.739 Y  0.450      SignalP-TM
fig|2005473.103.peg.1576   0.714  22  0.772  22  0.953  10  0.873   0.820 Y  0.570      SignalP-noTM
fig|2005473.103.peg.158    0.483  28  0.524  28  0.738  13  0.539   0.530 Y  0.450      SignalP-TM
fig|2005473.103.peg.1580   0.365  26  0.504  26  0.954  10  0.800   0.619 Y  0.450      SignalP-TM
fig|2005473.103.peg.1580   0.687  20  0.773  20  0.943  12  0.871   0.819 Y  0.570      SignalP-noTM
fig|2005473.103.peg.1581   0.689  25  0.720  25  0.903  11  0.789   0.753 Y  0.570      SignalP-noTM
fig|2005473.103.peg.1587   0.353  36  0.561  36  0.959  26  0.626   0.586 Y  0.450      SignalP-TM
fig|2005473.103.peg.1587   0.829  36  0.883  36  0.985  25  0.784   0.837 Y  0.570      SignalP-noTM
fig|2005473.103.peg.1588   0.220  25  0.443  25  0.943  16  0.885   0.616 Y  0.450      SignalP-TM
fig|2005473.103.peg.1588   0.352  25  0.548  25  0.936  18  0.883   0.706 Y  0.570      SignalP-noTM
fig|2005473.103.peg.1593   0.162  35  0.335  18  0.936  12  0.891   0.552 Y  0.450      SignalP-TM
fig|2005473.103.peg.1593   0.178  25  0.384  18  0.930  15  0.902   0.627 Y  0.570      SignalP-noTM
fig|2005473.103.peg.160    0.273  22  0.506  22  0.957  20  0.904   0.693 Y  0.570      SignalP-noTM
fig|2005473.103.peg.1606   0.149  30  0.314  20  0.794   7  0.718   0.472 Y  0.450      SignalP-TM
fig|2005473.103.peg.161    0.209  33  0.410  24  0.929  19  0.848   0.581 Y  0.450      SignalP-TM
fig|2005473.103.peg.161    0.520  24  0.698  24  0.977  19  0.929   0.807 Y  0.570      SignalP-noTM
fig|2005473.103.peg.1614   0.198  32  0.288  15  0.883  12  0.828   0.499 Y  0.450      SignalP-TM
fig|2005473.103.peg.1614   0.353  23  0.582  23  0.979  21  0.948   0.754 Y  0.570      SignalP-noTM
fig|2005473.103.peg.1617   0.288  26  0.412  26  0.834  10  0.638   0.500 Y  0.450      SignalP-TM
fig|2005473.103.peg.1617   0.753  26  0.788  26  0.947   6  0.880   0.831 Y  0.570      SignalP-noTM
fig|2005473.103.peg.1619   0.192  27  0.324  27  0.915   6  0.710   0.474 Y  0.450      SignalP-TM
fig|2005473.103.peg.1619   0.644  22  0.786  22  0.974  14  0.959   0.868 Y  0.570      SignalP-noTM
fig|2005473.103.peg.162    0.634  19  0.714  19  0.875  13  0.789   0.749 Y  0.570      SignalP-noTM
fig|2005473.103.peg.1620   0.357  63  0.484  18  0.898  16  0.808   0.611 Y  0.450      SignalP-TM
fig|2005473.103.peg.1620   0.664  18  0.749  18  0.903   1  0.856   0.800 Y  0.570      SignalP-noTM
fig|2005473.103.peg.163    0.169  23  0.330  23  0.901   6  0.738   0.489 Y  0.450      SignalP-TM
fig|2005473.103.peg.163    0.221  21  0.459  21  0.969  20  0.950   0.690 Y  0.570      SignalP-noTM
fig|2005473.103.peg.1664   0.191  28  0.342  28  0.899  11  0.742   0.498 Y  0.450      SignalP-TM
fig|2005473.103.peg.1664   0.353  28  0.520  28  0.955  13  0.853   0.676 Y  0.570      SignalP-noTM
fig|2005473.103.peg.1669   0.208  29  0.428  29  0.970  15  0.921   0.660 Y  0.570      SignalP-noTM
fig|2005473.103.peg.1669   0.242  34  0.418  34  0.975  15  0.859   0.590 Y  0.450      SignalP-TM
fig|2005473.103.peg.1670   0.271  23  0.432  23  0.800   5  0.712   0.541 Y  0.450      SignalP-TM
fig|2005473.103.peg.1670   0.608  23  0.710  23  0.950  17  0.856   0.779 Y  0.570      SignalP-noTM
fig|2005473.103.peg.1671   0.321  21  0.487  21  0.869  16  0.743   0.587 Y  0.450      SignalP-TM
fig|2005473.103.peg.1671   0.546  21  0.634  21  0.871  17  0.748   0.688 Y  0.570      SignalP-noTM
fig|2005473.103.peg.1675   0.310  28  0.503  28  0.945  15  0.817   0.625 Y  0.450      SignalP-TM
fig|2005473.103.peg.1675   0.814  28  0.850  28  0.944  15  0.875   0.861 Y  0.570      SignalP-noTM
fig|2005473.103.peg.1677   0.186  26  0.349  26  0.859   2  0.682   0.479 Y  0.450      SignalP-TM
fig|2005473.103.peg.1677   0.517  21  0.686  21  0.948  19  0.907   0.790 Y  0.570      SignalP-noTM
fig|2005473.103.peg.1682   0.159  23  0.327  23  0.772   6  0.681   0.465 Y  0.450      SignalP-TM
fig|2005473.103.peg.1683   0.671  23  0.716  23  0.916   2  0.813   0.761 Y  0.570      SignalP-noTM
fig|2005473.103.peg.1683   0.707  23  0.724  23  0.911   8  0.798   0.753 Y  0.450      SignalP-TM
fig|2005473.103.peg.1686   0.295  20  0.507  20  0.923   4  0.881   0.653 Y  0.450      SignalP-TM
fig|2005473.103.peg.1686   0.346  20  0.553  20  0.969  17  0.888   0.711 Y  0.570      SignalP-noTM
fig|2005473.103.peg.169    0.521  24  0.505  24  0.649  18  0.450   0.483 Y  0.450      SignalP-TM
fig|2005473.103.peg.1722   0.619  25  0.675  25  0.899  10  0.770   0.712 Y  0.450      SignalP-TM
fig|2005473.103.peg.1722   0.848  25  0.858  25  0.976  18  0.903   0.879 Y  0.570      SignalP-noTM
fig|2005473.103.peg.1727   0.298  26  0.484  26  0.916  16  0.819   0.615 Y  0.450      SignalP-TM
fig|2005473.103.peg.1727   0.374  24  0.556  24  0.926   3  0.862   0.700 Y  0.570      SignalP-noTM
fig|2005473.103.peg.1728   0.436  22  0.579  22  0.841  16  0.748   0.645 Y  0.450      SignalP-TM
fig|2005473.103.peg.1728   0.740  22  0.822  22  0.949  12  0.900   0.858 Y  0.570      SignalP-noTM
fig|2005473.103.peg.1732   0.779  23  0.851  23  0.976  14  0.937   0.891 Y  0.570      SignalP-noTM
fig|2005473.103.peg.1732   0.795  23  0.783  23  0.938   7  0.831   0.802 Y  0.450      SignalP-TM
fig|2005473.103.peg.1765   0.166  19  0.396  19  0.971   8  0.942   0.652 Y  0.570      SignalP-noTM
fig|2005473.103.peg.1765   0.286  29  0.417  29  0.925   4  0.763   0.552 Y  0.450      SignalP-TM
fig|2005473.103.peg.1767   0.645  30  0.525  30  0.823  17  0.554   0.536 Y  0.450      SignalP-TM
fig|2005473.103.peg.1768   0.150  23  0.371  23  0.949  19  0.923   0.630 Y  0.570      SignalP-noTM
fig|2005473.103.peg.1768   0.185  26  0.343  26  0.877   7  0.723   0.492 Y  0.450      SignalP-TM
fig|2005473.103.peg.1769   0.275  22  0.423  22  0.762  12  0.636   0.506 Y  0.450      SignalP-TM
fig|2005473.103.peg.1769   0.581  22  0.675  22  0.883  13  0.806   0.737 Y  0.570      SignalP-noTM
fig|2005473.103.peg.1770   0.218  27  0.412  27  0.986  17  0.868   0.626 Y  0.570      SignalP-noTM
fig|2005473.103.peg.1770   0.255  29  0.440  29  0.970  16  0.858   0.603 Y  0.450      SignalP-TM
fig|2005473.103.peg.1779   0.164  22  0.369  22  0.947   4  0.867   0.563 Y  0.450      SignalP-TM
fig|2005473.103.peg.1779   0.475  22  0.646  22  0.960  18  0.905   0.767 Y  0.570      SignalP-noTM
fig|2005473.103.peg.1782   0.163  30  0.372  24  0.904  21  0.848   0.558 Y  0.450      SignalP-TM
fig|2005473.103.peg.1782   0.166  26  0.365  26  0.958   9  0.861   0.598 Y  0.570      SignalP-noTM
fig|2005473.103.peg.1790   0.216  27  0.353  27  0.766  19  0.617   0.456 Y  0.450      SignalP-TM
fig|2005473.103.peg.1790   0.248  21  0.434  21  0.855   1  0.758   0.554 Y  0.510      SignalP-TM
fig|2005473.103.peg.1791   0.169  23  0.372  23  0.878  17  0.811   0.543 Y  0.450      SignalP-TM
fig|2005473.103.peg.1791   0.329  21  0.543  21  0.945  17  0.896   0.709 Y  0.570      SignalP-noTM
fig|2005473.103.peg.1792   0.236  19  0.452  19  0.914  16  0.834   0.601 Y  0.450      SignalP-TM
fig|2005473.103.peg.1792   0.867  19  0.910  19  0.974   9  0.948   0.928 Y  0.570      SignalP-noTM
fig|2005473.103.peg.1794   0.186  26  0.419  26  0.978  17  0.924   0.656 Y  0.570      SignalP-noTM
fig|2005473.103.peg.1794   0.286  29  0.480  29  0.949  17  0.837   0.619 Y  0.450      SignalP-TM
fig|2005473.103.peg.1795   0.205  27  0.380  27  0.859   6  0.740   0.520 Y  0.450      SignalP-TM
fig|2005473.103.peg.1795   0.241  27  0.426  27  0.905   6  0.808   0.605 Y  0.570      SignalP-noTM
fig|2005473.103.peg.1796   0.447  27  0.484  27  0.801  10  0.602   0.530 Y  0.450      SignalP-TM
fig|2005473.103.peg.1800   0.421  22  0.552  22  0.790   6  0.733   0.622 Y  0.450      SignalP-TM
fig|2005473.103.peg.1800   0.860  22  0.898  22  0.978  12  0.942   0.919 Y  0.570      SignalP-noTM
fig|2005473.103.peg.1804   0.360  26  0.544  26  0.973  18  0.878   0.701 Y  0.570      SignalP-noTM
fig|2005473.103.peg.1804   0.366  26  0.501  26  0.920  10  0.776   0.608 Y  0.450      SignalP-TM
fig|2005473.103.peg.1805   0.316  20  0.540  20  0.972   9  0.931   0.693 Y  0.450      SignalP-TM
fig|2005473.103.peg.1805   0.847  20  0.916  20  0.995  10  0.981   0.947 Y  0.570      SignalP-noTM
fig|2005473.103.peg.1806   0.327  27  0.436  27  0.854  10  0.694   0.536 Y  0.450      SignalP-TM
fig|2005473.103.peg.1806   0.382  21  0.597  21  0.963  18  0.926   0.752 Y  0.570      SignalP-noTM
fig|2005473.103.peg.1807   0.216  18  0.458  18  0.983  12  0.961   0.694 Y  0.570      SignalP-noTM
fig|2005473.103.peg.1807   0.266  26  0.469  26  0.919   7  0.856   0.620 Y  0.450      SignalP-TM
fig|2005473.103.peg.1809   0.234  21  0.407  21  0.887   5  0.763   0.546 Y  0.450      SignalP-TM
fig|2005473.103.peg.1809   0.508  21  0.672  21  0.965   1  0.906   0.782 Y  0.570      SignalP-noTM
fig|2005473.103.peg.1811   0.425  25  0.607  25  0.935   6  0.880   0.713 Y  0.450      SignalP-TM
fig|2005473.103.peg.1811   0.578  25  0.721  25  0.959   9  0.916   0.813 Y  0.570      SignalP-noTM
fig|2005473.103.peg.1830   0.379  25  0.505  25  0.890   2  0.727   0.591 Y  0.450      SignalP-TM
fig|2005473.103.peg.1830   0.786  20  0.854  20  0.954  10  0.923   0.887 Y  0.570      SignalP-noTM
fig|2005473.103.peg.1833   0.225  28  0.400  28  0.919  15  0.754   0.538 Y  0.450      SignalP-TM
fig|2005473.103.peg.1834   0.223  20  0.455  20  0.953   9  0.927   0.676 Y  0.570      SignalP-noTM
fig|2005473.103.peg.1834   0.267  52  0.352  20  0.911   5  0.888   0.561 Y  0.450      SignalP-TM
fig|2005473.103.peg.1845   0.331  20  0.456  20  0.841   4  0.690   0.547 Y  0.450      SignalP-TM
fig|2005473.103.peg.1845   0.628  20  0.754  20  0.931   2  0.902   0.824 Y  0.570      SignalP-noTM
fig|2005473.103.peg.1846   0.390  22  0.505  22  0.902   5  0.727   0.592 Y  0.450      SignalP-TM
fig|2005473.103.peg.1846   0.489  22  0.631  22  0.914  19  0.836   0.727 Y  0.570      SignalP-noTM
fig|2005473.103.peg.187    0.160  28  0.332  28  0.862   5  0.734   0.489 Y  0.450      SignalP-TM
fig|2005473.103.peg.1874   0.648  29  0.752  29  0.924  25  0.798   0.773 Y  0.570      SignalP-noTM
fig|2005473.103.peg.1879   0.309  27  0.507  27  0.944  15  0.832   0.634 Y  0.450      SignalP-TM
fig|2005473.103.peg.1889   0.216  27  0.439  27  0.962  11  0.904   0.657 Y  0.570      SignalP-noTM
fig|2005473.103.peg.1889   0.216  30  0.402  30  0.946  11  0.808   0.561 Y  0.450      SignalP-TM
fig|2005473.103.peg.1891   0.206  33  0.403  27  0.972  20  0.890   0.593 Y  0.450      SignalP-TM
fig|2005473.103.peg.1891   0.209  25  0.452  25  0.988  18  0.954   0.688 Y  0.570      SignalP-noTM
fig|2005473.103.peg.1908   0.413  27  0.572  27  0.913  12  0.762   0.646 Y  0.450      SignalP-TM
fig|2005473.103.peg.1909   0.174  33  0.352  27  0.808  17  0.683   0.481 Y  0.450      SignalP-TM
fig|2005473.103.peg.1912   0.290  30  0.435  30  0.750  19  0.578   0.491 Y  0.450      SignalP-TM
fig|2005473.103.peg.1921   0.372  24  0.498  24  0.833   7  0.709   0.580 Y  0.450      SignalP-TM
fig|2005473.103.peg.1921   0.472  24  0.629  24  0.945  16  0.865   0.740 Y  0.570      SignalP-noTM
fig|2005473.103.peg.1931   0.289  28  0.476  28  0.914  13  0.807   0.605 Y  0.450      SignalP-TM
fig|2005473.103.peg.1931   0.469  28  0.630  28  0.980  14  0.892   0.753 Y  0.570      SignalP-noTM
fig|2005473.103.peg.1957   0.244  25  0.406  25  0.884  12  0.710   0.524 Y  0.450      SignalP-TM
fig|2005473.103.peg.1957   0.633  27  0.702  23  0.939  10  0.920   0.804 Y  0.570      SignalP-noTM
fig|2005473.103.peg.1971   0.235  28  0.353  28  0.883   1  0.669   0.476 Y  0.450      SignalP-TM
fig|2005473.103.peg.1971   0.307  21  0.496  21  0.924  11  0.836   0.656 Y  0.570      SignalP-noTM
fig|2005473.103.peg.1980   0.161  23  0.359  23  0.944  10  0.830   0.543 Y  0.450      SignalP-TM
fig|2005473.103.peg.1980   0.259  21  0.487  21  0.954  18  0.919   0.690 Y  0.570      SignalP-noTM
fig|2005473.103.peg.1981   0.288  35  0.493  35  0.891  25  0.783   0.606 Y  0.450      SignalP-TM
fig|2005473.103.peg.1981   0.556  35  0.676  35  0.978  17  0.868   0.766 Y  0.570      SignalP-noTM
fig|2005473.103.peg.1983   0.215  25  0.408  25  0.881   6  0.794   0.590 Y  0.570      SignalP-noTM
fig|2005473.103.peg.1985   0.509  23  0.550  23  0.722  17  0.611   0.574 Y  0.450      SignalP-TM
fig|2005473.103.peg.1985   0.851  23  0.829  23  0.964  19  0.819   0.824 Y  0.570      SignalP-noTM
fig|2005473.103.peg.1988   0.222  24  0.359  24  0.795  14  0.621   0.462 Y  0.450      SignalP-TM
fig|2005473.103.peg.1988   0.328  24  0.536  24  0.955  14  0.884   0.700 Y  0.570      SignalP-noTM
fig|2005473.103.peg.1996   0.228  23  0.398  23  0.839   6  0.729   0.527 Y  0.450      SignalP-TM
fig|2005473.103.peg.1996   0.456  23  0.590  23  0.876  10  0.800   0.689 Y  0.570      SignalP-noTM
fig|2005473.103.peg.2002   0.335  25  0.461  25  0.893   3  0.718   0.561 Y  0.450      SignalP-TM
fig|2005473.103.peg.2002   0.745  23  0.803  23  0.917  13  0.872   0.836 Y  0.570      SignalP-noTM
fig|2005473.103.peg.2007   0.264  30  0.405  21  0.865  18  0.732   0.532 Y  0.450      SignalP-TM
fig|2005473.103.peg.2007   0.589  21  0.708  21  0.903  15  0.834   0.767 Y  0.570      SignalP-noTM
fig|2005473.103.peg.2008   0.362  26  0.508  26  0.869   4  0.775   0.612 Y  0.450      SignalP-TM
fig|2005473.103.peg.2015   0.686  25  0.701  25  0.873   8  0.736   0.714 Y  0.450      SignalP-TM
fig|2005473.103.peg.2015   0.705  25  0.756  25  0.894  16  0.762   0.758 Y  0.510      SignalP-TM
fig|2005473.103.peg.2017   0.246  27  0.396  27  0.776  24  0.599   0.475 Y  0.450      SignalP-TM
fig|2005473.103.peg.2017   0.600  25  0.699  25  0.886  21  0.805   0.749 Y  0.570      SignalP-noTM
fig|2005473.103.peg.2019   0.248  25  0.447  25  0.916  19  0.839   0.631 Y  0.570      SignalP-noTM
fig|2005473.103.peg.2022   0.688  26  0.718  26  0.940  10  0.808   0.753 Y  0.450      SignalP-TM
fig|2005473.103.peg.2022   0.810  26  0.835  26  0.969  12  0.906   0.868 Y  0.570      SignalP-noTM
fig|2005473.103.peg.2036   0.172  20  0.375  20  0.889  16  0.810   0.545 Y  0.450      SignalP-TM
fig|2005473.103.peg.2036   0.261  20  0.492  20  0.959  11  0.916   0.691 Y  0.570      SignalP-noTM
fig|2005473.103.peg.2037   0.205  24  0.396  24  0.926   3  0.812   0.591 Y  0.570      SignalP-noTM
fig|2005473.103.peg.2037   0.365  26  0.511  26  0.918   6  0.790   0.620 Y  0.450      SignalP-TM
fig|2005473.103.peg.2048   0.562  26  0.522  26  0.746  19  0.463   0.499 Y  0.450      SignalP-TM
fig|2005473.103.peg.2048   0.715  26  0.578  26  0.767  18  0.484   0.544 Y  0.510      SignalP-TM
fig|2005473.103.peg.2052   0.371  31  0.463  31  0.891  11  0.720   0.564 Y  0.450      SignalP-TM
fig|2005473.103.peg.2058   0.253  23  0.440  23  0.908  22  0.764   0.592 Y  0.570      SignalP-noTM
fig|2005473.103.peg.2061   0.253  38  0.443  38  0.893  24  0.593   0.502 Y  0.450      SignalP-TM
fig|2005473.103.peg.2061   0.393  38  0.546  38  0.902  29  0.637   0.589 Y  0.570      SignalP-noTM
fig|2005473.103.peg.2063   0.331  32  0.420  32  0.749  24  0.532   0.464 Y  0.450      SignalP-TM
fig|2005473.103.peg.2063   0.416  27  0.559  27  0.879   8  0.790   0.668 Y  0.570      SignalP-noTM
fig|2005473.103.peg.2086   0.254  27  0.443  27  0.867  21  0.659   0.527 Y  0.450      SignalP-TM
fig|2005473.103.peg.2095   0.264  27  0.446  27  0.919  18  0.797   0.583 Y  0.450      SignalP-TM
fig|2005473.103.peg.2095   0.291  22  0.459  22  0.921  10  0.781   0.611 Y  0.570      SignalP-noTM
fig|2005473.103.peg.2116   0.155  28  0.319  23  0.826  14  0.764   0.493 Y  0.450      SignalP-TM
fig|2005473.103.peg.2116   0.420  23  0.600  23  0.932  11  0.878   0.730 Y  0.570      SignalP-noTM
fig|2005473.103.peg.2117   0.229  32  0.376  23  0.886  18  0.749   0.521 Y  0.450      SignalP-TM
fig|2005473.103.peg.2117   0.264  23  0.489  23  0.935   3  0.908   0.686 Y  0.570      SignalP-noTM
fig|2005473.103.peg.2118   0.231  25  0.420  22  0.869   4  0.813   0.605 Y  0.570      SignalP-noTM
fig|2005473.103.peg.2118   0.353  25  0.484  25  0.817   9  0.703   0.569 Y  0.450      SignalP-TM
fig|2005473.103.peg.2120   0.265  24  0.478  24  0.954   5  0.892   0.672 Y  0.570      SignalP-noTM
fig|2005473.103.peg.2120   0.276  32  0.371  31  0.849   7  0.640   0.476 Y  0.450      SignalP-TM
fig|2005473.103.peg.2124   0.305  24  0.456  24  0.879  19  0.739   0.589 Y  0.570      SignalP-noTM
fig|2005473.103.peg.2125   0.441  21  0.601  21  0.864  19  0.812   0.700 Y  0.570      SignalP-noTM
fig|2005473.103.peg.2126   0.392  21  0.534  21  0.801   6  0.733   0.611 Y  0.450      SignalP-TM
fig|2005473.103.peg.2126   0.519  21  0.656  21  0.919  18  0.822   0.734 Y  0.570      SignalP-noTM
fig|2005473.103.peg.2135   0.266  18  0.436  18  0.827  16  0.725   0.572 Y  0.570      SignalP-noTM
fig|2005473.103.peg.2158   0.237  28  0.450  28  0.884  18  0.767   0.599 Y  0.570      SignalP-noTM
fig|2005473.103.peg.2158   0.369  37  0.392  37  0.892  24  0.577   0.464 Y  0.450      SignalP-TM
fig|2005473.103.peg.2159   0.166  22  0.369  22  0.920   1  0.840   0.590 Y  0.570      SignalP-noTM
fig|2005473.103.peg.2159   0.186  22  0.354  22  0.850   1  0.712   0.493 Y  0.450      SignalP-TM
fig|2005473.103.peg.2160   0.642  22  0.503  22  0.548  20  0.377   0.454 Y  0.450      SignalP-TM
fig|2005473.103.peg.2161   0.538  19  0.510  19  0.683   2  0.509   0.510 Y  0.450      SignalP-TM
fig|2005473.103.peg.2161   0.782  19  0.813  19  0.917  11  0.845   0.828 Y  0.570      SignalP-noTM
fig|2005473.103.peg.2162   0.153  24  0.335  24  0.880  19  0.721   0.485 Y  0.450      SignalP-TM
fig|2005473.103.peg.2162   0.358  20  0.572  20  0.951  11  0.910   0.731 Y  0.570      SignalP-noTM
fig|2005473.103.peg.2174   0.194  26  0.388  26  0.885   1  0.803   0.550 Y  0.450      SignalP-TM
fig|2005473.103.peg.2174   0.212  26  0.431  26  0.964  17  0.891   0.647 Y  0.570      SignalP-noTM
fig|2005473.103.peg.2180   0.391  27  0.530  25  0.939  24  0.721   0.620 Y  0.570      SignalP-noTM
fig|2005473.103.peg.2185   0.246  18  0.439  18  0.831  15  0.741   0.557 Y  0.450      SignalP-TM
fig|2005473.103.peg.2185   0.461  18  0.607  18  0.921  15  0.779   0.688 Y  0.570      SignalP-noTM
fig|2005473.103.peg.2188   0.301  29  0.455  20  0.873   3  0.817   0.596 Y  0.450      SignalP-TM
fig|2005473.103.peg.2188   0.691  20  0.769  20  0.908  16  0.843   0.804 Y  0.570      SignalP-noTM
fig|2005473.103.peg.2189   0.577  22  0.621  22  0.790  18  0.643   0.629 Y  0.450      SignalP-TM
fig|2005473.103.peg.2189   0.714  22  0.694  22  0.847   1  0.672   0.684 Y  0.570      SignalP-noTM
fig|2005473.103.peg.2194   0.285  25  0.508  25  0.960  13  0.913   0.665 Y  0.450      SignalP-TM
fig|2005473.103.peg.2194   0.591  25  0.727  25  0.983  10  0.929   0.822 Y  0.570      SignalP-noTM
fig|2005473.103.peg.2195   0.223  22  0.408  22  0.863   6  0.775   0.551 Y  0.450      SignalP-TM
fig|2005473.103.peg.2195   0.781  22  0.859  22  0.967  20  0.935   0.895 Y  0.570      SignalP-noTM
fig|2005473.103.peg.2196   0.370  20  0.530  20  0.864   8  0.780   0.628 Y  0.450      SignalP-TM
fig|2005473.103.peg.2207   0.582  25  0.712  25  0.971  11  0.911   0.805 Y  0.570      SignalP-noTM
fig|2005473.103.peg.2207   0.668  25  0.773  25  0.960  12  0.906   0.825 Y  0.450      SignalP-TM
fig|2005473.103.peg.2217   0.230  20  0.433  20  0.927  15  0.829   0.619 Y  0.570      SignalP-noTM
fig|2005473.103.peg.2221   0.190  21  0.401  21  0.922   6  0.828   0.568 Y  0.450      SignalP-TM
fig|2005473.103.peg.2221   0.485  21  0.656  21  0.942   1  0.898   0.770 Y  0.570      SignalP-noTM
fig|2005473.103.peg.2222   0.403  25  0.585  25  0.937  17  0.837   0.683 Y  0.450      SignalP-TM
fig|2005473.103.peg.2223   0.407  21  0.585  21  0.922  19  0.807   0.690 Y  0.570      SignalP-noTM
fig|2005473.103.peg.2234   0.343  28  0.512  28  0.984  12  0.868   0.679 Y  0.570      SignalP-noTM
fig|2005473.103.peg.2234   0.371  28  0.533  28  0.937  13  0.825   0.647 Y  0.450      SignalP-TM
fig|2005473.103.peg.2240   0.264  36  0.371  27  0.881  24  0.582   0.453 Y  0.450      SignalP-TM
fig|2005473.103.peg.2242   0.208  27  0.283  12  0.855   6  0.808   0.488 Y  0.450      SignalP-TM
fig|2005473.103.peg.2243   0.415  33  0.547  33  0.906  18  0.782   0.639 Y  0.450      SignalP-TM
fig|2005473.103.peg.2244   0.240  21  0.465  21  0.939  12  0.909   0.674 Y  0.570      SignalP-noTM
fig|2005473.103.peg.2244   0.305  32  0.402  32  0.881   8  0.707   0.521 Y  0.450      SignalP-TM
fig|2005473.103.peg.2259   0.244  29  0.411  29  0.951  18  0.805   0.564 Y  0.450      SignalP-TM
fig|2005473.103.peg.2259   0.452  24  0.615  24  0.953  16  0.878   0.739 Y  0.570      SignalP-noTM
fig|2005473.103.peg.2260   0.328  21  0.502  21  0.957  19  0.738   0.613 Y  0.570      SignalP-noTM
fig|2005473.103.peg.2262   0.358  35  0.497  35  0.872  21  0.654   0.558 Y  0.450      SignalP-TM
fig|2005473.103.peg.2262   0.638  35  0.644  35  0.926  16  0.712   0.676 Y  0.570      SignalP-noTM
fig|2005473.103.peg.2263   0.208  31  0.379  29  0.872  14  0.720   0.512 Y  0.450      SignalP-TM
fig|2005473.103.peg.2263   0.278  29  0.499  29  0.978  21  0.896   0.685 Y  0.570      SignalP-noTM
fig|2005473.103.peg.2264   0.284  23  0.419  23  0.802  15  0.592   0.487 Y  0.450      SignalP-TM
fig|2005473.103.peg.2267   0.149  23  0.343  23  0.904   7  0.806   0.524 Y  0.450      SignalP-TM
fig|2005473.103.peg.2267   0.511  23  0.677  23  0.973  11  0.918   0.790 Y  0.570      SignalP-noTM
fig|2005473.103.peg.2270   0.221  28  0.367  28  0.951   6  0.771   0.524 Y  0.450      SignalP-TM
fig|2005473.103.peg.2270   0.233  20  0.466  20  0.961  18  0.937   0.688 Y  0.570      SignalP-noTM
fig|2005473.103.peg.2272   0.347  33  0.548  33  0.947  17  0.861   0.670 Y  0.450      SignalP-TM
fig|2005473.103.peg.2272   0.458  33  0.658  33  0.984  22  0.902   0.773 Y  0.570      SignalP-noTM
fig|2005473.103.peg.2276   0.576  20  0.667  20  0.861  11  0.756   0.709 Y  0.570      SignalP-noTM
fig|2005473.103.peg.2282   0.250  20  0.475  20  0.938   8  0.910   0.679 Y  0.570      SignalP-noTM
fig|2005473.103.peg.2282   0.275  29  0.404  29  0.918  16  0.747   0.538 Y  0.450      SignalP-TM
fig|2005473.103.peg.2283   0.308  20  0.500  20  0.914   1  0.823   0.652 Y  0.570      SignalP-noTM
fig|2005473.103.peg.2284   0.194  19  0.397  19  0.905  17  0.786   0.580 Y  0.570      SignalP-noTM
fig|2005473.103.peg.2284   0.374  30  0.442  30  0.887  11  0.694   0.540 Y  0.450      SignalP-TM
fig|2005473.103.peg.2285   0.215  27  0.379  27  0.894   9  0.751   0.524 Y  0.450      SignalP-TM
fig|2005473.103.peg.2285   0.404  20  0.600  20  0.953  17  0.899   0.741 Y  0.570      SignalP-noTM
fig|2005473.103.peg.2288   0.342  24  0.539  24  0.961   4  0.890   0.676 Y  0.450      SignalP-TM
fig|2005473.103.peg.2288   0.716  21  0.819  21  0.965  19  0.937   0.875 Y  0.570      SignalP-noTM
fig|2005473.103.peg.2289   0.192  27  0.350  22  0.939   5  0.823   0.535 Y  0.450      SignalP-TM
fig|2005473.103.peg.2289   0.628  22  0.748  22  0.940   7  0.907   0.822 Y  0.570      SignalP-noTM
fig|2005473.103.peg.2291   0.160  36  0.323  36  0.911  16  0.733   0.483 Y  0.450      SignalP-TM
fig|2005473.103.peg.2292   0.194  22  0.356  22  0.723  17  0.618   0.458 Y  0.450      SignalP-TM
fig|2005473.103.peg.2292   0.427  22  0.503  22  0.650  19  0.554   0.522 Y  0.510      SignalP-TM
fig|2005473.103.peg.2294   0.329  27  0.546  27  0.946  18  0.846   0.663 Y  0.450      SignalP-TM
fig|2005473.103.peg.2294   0.493  27  0.621  27  0.949  14  0.835   0.722 Y  0.570      SignalP-noTM
fig|2005473.103.peg.2295   0.519  22  0.631  22  0.807  12  0.732   0.670 Y  0.450      SignalP-TM
fig|2005473.103.peg.2295   0.895  22  0.865  22  0.952  20  0.812   0.840 Y  0.570      SignalP-noTM
fig|2005473.103.peg.2300   0.194  22  0.404  22  0.942  18  0.853   0.615 Y  0.570      SignalP-noTM
fig|2005473.103.peg.2300   0.260  23  0.471  23  0.947  17  0.833   0.612 Y  0.450      SignalP-TM
fig|2005473.103.peg.2301   0.235  22  0.445  22  0.875   8  0.805   0.586 Y  0.450      SignalP-TM
fig|2005473.103.peg.2301   0.586  22  0.746  22  0.973  16  0.945   0.839 Y  0.570      SignalP-noTM
fig|2005473.103.peg.2321   0.398  19  0.532  19  0.849  16  0.701   0.611 Y  0.570      SignalP-noTM
fig|2005473.103.peg.2327   0.228  24  0.366  24  0.705  12  0.597   0.456 Y  0.450      SignalP-TM
fig|2005473.103.peg.2329   0.358  20  0.451  20  0.839  16  0.568   0.497 Y  0.450      SignalP-TM
fig|2005473.103.peg.2329   0.691  20  0.714  20  0.835   1  0.719   0.717 Y  0.570      SignalP-noTM
fig|2005473.103.peg.2331   0.317  32  0.508  32  0.891  25  0.774   0.612 Y  0.450      SignalP-TM
fig|2005473.103.peg.2331   0.389  32  0.593  31  0.956  24  0.857   0.717 Y  0.570      SignalP-noTM
fig|2005473.103.peg.2341   0.815  26  0.738  26  0.915   8  0.762   0.747 Y  0.450      SignalP-TM
fig|2005473.103.peg.2341   0.874  26  0.751  26  0.941   8  0.782   0.766 Y  0.570      SignalP-noTM
fig|2005473.103.peg.235    0.421  21  0.630  21  0.957   8  0.940   0.751 Y  0.450      SignalP-TM
fig|2005473.103.peg.235    0.851  21  0.907  21  0.984   9  0.966   0.935 Y  0.570      SignalP-noTM
fig|2005473.103.peg.2357   0.467  24  0.670  24  0.973  14  0.945   0.777 Y  0.450      SignalP-TM
fig|2005473.103.peg.2357   0.765  24  0.863  24  0.991  11  0.968   0.913 Y  0.570      SignalP-noTM
fig|2005473.103.peg.236    0.239  25  0.371  25  0.862   5  0.676   0.490 Y  0.450      SignalP-TM
fig|2005473.103.peg.2367   0.267  26  0.409  26  0.780  13  0.665   0.508 Y  0.450      SignalP-TM
fig|2005473.103.peg.2373   0.196  32  0.374  24  0.958   5  0.883   0.573 Y  0.450      SignalP-TM
fig|2005473.103.peg.2373   0.228  24  0.436  24  0.981  11  0.896   0.652 Y  0.570      SignalP-noTM
fig|2005473.103.peg.2378   0.235  37  0.410  37  0.875  29  0.679   0.515 Y  0.450      SignalP-TM
fig|2005473.103.peg.2380   0.207  24  0.413  24  0.909  20  0.804   0.565 Y  0.450      SignalP-TM
fig|2005473.103.peg.2380   0.697  22  0.816  22  0.981  11  0.955   0.881 Y  0.570      SignalP-noTM
fig|2005473.103.peg.2392   0.198  22  0.414  22  0.931  17  0.880   0.633 Y  0.570      SignalP-noTM
fig|2005473.103.peg.2392   0.224  28  0.384  26  0.915  17  0.803   0.548 Y  0.450      SignalP-TM
fig|2005473.103.peg.2398   0.486  23  0.664  23  0.964  19  0.879   0.748 Y  0.450      SignalP-TM
fig|2005473.103.peg.2398   0.711  23  0.797  23  0.965  11  0.902   0.846 Y  0.570      SignalP-noTM
fig|2005473.103.peg.2408   0.297  23  0.416  23  0.898   6  0.703   0.528 Y  0.450      SignalP-TM
fig|2005473.103.peg.2408   0.617  23  0.712  23  0.930   6  0.863   0.783 Y  0.570      SignalP-noTM
fig|2005473.103.peg.2412   0.270  22  0.474  22  0.926   1  0.845   0.649 Y  0.570      SignalP-noTM
fig|2005473.103.peg.2422   0.370  37  0.482  37  0.794  28  0.618   0.535 Y  0.450      SignalP-TM
fig|2005473.103.peg.2422   0.378  29  0.567  29  0.921  27  0.785   0.669 Y  0.570      SignalP-noTM
fig|2005473.103.peg.2426   0.222  26  0.390  26  0.832  16  0.709   0.514 Y  0.450      SignalP-TM
fig|2005473.103.peg.2426   0.424  22  0.602  22  0.950  16  0.837   0.713 Y  0.570      SignalP-noTM
fig|2005473.103.peg.2432   0.183  30  0.361  20  0.942   3  0.875   0.603 Y  0.570      SignalP-noTM
fig|2005473.103.peg.2432   0.333  30  0.437  30  0.894  16  0.690   0.536 Y  0.450      SignalP-TM
fig|2005473.103.peg.2434   0.294  21  0.436  21  0.800   2  0.681   0.532 Y  0.450      SignalP-TM
fig|2005473.103.peg.2434   0.530  21  0.623  21  0.850  18  0.751   0.683 Y  0.570      SignalP-noTM
fig|2005473.103.peg.2435   0.378  25  0.569  25  0.955  10  0.889   0.719 Y  0.570      SignalP-noTM
fig|2005473.103.peg.2435   0.429  25  0.582  25  0.832   6  0.780   0.659 Y  0.450      SignalP-TM
fig|2005473.103.peg.2436   0.306  24  0.531  24  0.943  14  0.909   0.678 Y  0.450      SignalP-TM
fig|2005473.103.peg.2436   0.700  24  0.822  24  0.984  14  0.955   0.885 Y  0.570      SignalP-noTM
fig|2005473.103.peg.2437   0.418  23  0.564  23  0.856   7  0.783   0.667 Y  0.570      SignalP-noTM
fig|2005473.103.peg.2437   0.447  28  0.566  28  0.852  17  0.724   0.628 Y  0.450      SignalP-TM
fig|2005473.103.peg.2438   0.597  23  0.687  23  0.943   9  0.831   0.743 Y  0.450      SignalP-TM
fig|2005473.103.peg.2438   0.882  23  0.922  23  0.983  19  0.960   0.940 Y  0.570      SignalP-noTM
fig|2005473.103.peg.2439   0.684  26  0.752  26  0.919  11  0.852   0.791 Y  0.450      SignalP-TM
fig|2005473.103.peg.2439   0.854  26  0.872  26  0.966   9  0.919   0.894 Y  0.570      SignalP-noTM
fig|2005473.103.peg.2440   0.324  21  0.489  21  0.891   5  0.789   0.630 Y  0.570      SignalP-noTM
fig|2005473.103.peg.2441   0.288  23  0.438  23  0.775  17  0.657   0.523 Y  0.450      SignalP-TM
fig|2005473.103.peg.2441   0.521  23  0.590  23  0.858   3  0.733   0.657 Y  0.570      SignalP-noTM
fig|2005473.103.peg.245    0.590  26  0.654  26  0.807  15  0.691   0.669 Y  0.450      SignalP-TM
fig|2005473.103.peg.245    0.691  26  0.768  26  0.924  14  0.862   0.812 Y  0.570      SignalP-noTM
fig|2005473.103.peg.2450   0.523  24  0.653  24  0.895  20  0.811   0.715 Y  0.450      SignalP-TM
fig|2005473.103.peg.2450   0.804  24  0.849  24  0.962  17  0.913   0.879 Y  0.570      SignalP-noTM
fig|2005473.103.peg.2451   0.187  25  0.387  25  0.945   3  0.857   0.608 Y  0.570      SignalP-noTM
fig|2005473.103.peg.2451   0.243  26  0.433  26  0.920   8  0.818   0.583 Y  0.450      SignalP-TM
fig|2005473.103.peg.2457   0.377  40  0.504  40  0.839  29  0.538   0.517 Y  0.450      SignalP-TM
fig|2005473.103.peg.2461   0.240  36  0.382  27  0.936  20  0.778   0.537 Y  0.450      SignalP-TM
fig|2005473.103.peg.2469   0.431  26  0.488  26  0.908  11  0.721   0.597 Y  0.570      SignalP-noTM
fig|2005473.103.peg.2469   0.557  26  0.649  26  0.873   5  0.792   0.705 Y  0.450      SignalP-TM
fig|2005473.103.peg.2470   0.302  24  0.442  24  0.800   2  0.687   0.538 Y  0.450      SignalP-TM
fig|2005473.103.peg.2470   0.452  24  0.613  24  0.964  10  0.879   0.738 Y  0.570      SignalP-noTM
fig|2005473.103.peg.2471   0.273  22  0.479  22  0.958  18  0.871   0.632 Y  0.450      SignalP-TM
fig|2005473.103.peg.2471   0.530  20  0.683  20  0.946  14  0.891   0.781 Y  0.570      SignalP-noTM
fig|2005473.103.peg.2474   0.309  29  0.435  29  0.901  15  0.700   0.538 Y  0.450      SignalP-TM
fig|2005473.103.peg.2474   0.356  27  0.542  27  0.940  19  0.860   0.692 Y  0.570      SignalP-noTM
fig|2005473.103.peg.2475   0.227  23  0.408  23  0.839  17  0.729   0.533 Y  0.450      SignalP-TM
fig|2005473.103.peg.2475   0.231  21  0.430  21  0.911  18  0.802   0.605 Y  0.570      SignalP-noTM
fig|2005473.103.peg.2476   0.456  22  0.581  22  0.872  18  0.736   0.641 Y  0.450      SignalP-TM
fig|2005473.103.peg.2476   0.829  22  0.875  22  0.985  18  0.929   0.901 Y  0.570      SignalP-noTM
fig|2005473.103.peg.2478   0.538  27  0.585  27  0.784  20  0.650   0.610 Y  0.450      SignalP-TM
fig|2005473.103.peg.2489   0.416  29  0.533  29  0.907  15  0.735   0.612 Y  0.450      SignalP-TM
fig|2005473.103.peg.2489   0.640  20  0.737  20  0.893  13  0.847   0.778 Y  0.510      SignalP-TM
fig|2005473.103.peg.2498   0.400  23  0.544  23  0.819  14  0.757   0.627 Y  0.450      SignalP-TM
fig|2005473.103.peg.2498   0.472  21  0.649  21  0.940  13  0.890   0.762 Y  0.570      SignalP-noTM
fig|2005473.103.peg.25     0.346  24  0.489  24  0.898  17  0.689   0.567 Y  0.450      SignalP-TM
fig|2005473.103.peg.25     0.372  24  0.494  24  0.881  15  0.694   0.588 Y  0.570      SignalP-noTM
fig|2005473.103.peg.2501   0.368  24  0.570  24  0.971   8  0.911   0.703 Y  0.450      SignalP-TM
fig|2005473.103.peg.2501   0.820  24  0.891  24  0.989  20  0.969   0.927 Y  0.570      SignalP-noTM
fig|2005473.103.peg.2502   0.163  54  0.275  14  0.799   2  0.733   0.453 Y  0.450      SignalP-TM
fig|2005473.103.peg.2502   0.357  19  0.504  19  0.815   2  0.729   0.609 Y  0.570      SignalP-noTM
fig|2005473.103.peg.2508   0.718  23  0.599  23  0.791   3  0.603   0.600 Y  0.510      SignalP-TM
fig|2005473.103.peg.2508   0.821  23  0.772  23  0.927   7  0.791   0.780 Y  0.450      SignalP-TM
fig|2005473.103.peg.2512   0.369  22  0.502  22  0.790   4  0.701   0.579 Y  0.450      SignalP-TM
fig|2005473.103.peg.2512   0.709  22  0.792  22  0.929   8  0.891   0.838 Y  0.570      SignalP-noTM
fig|2005473.103.peg.2513   0.690  23  0.792  23  0.945  20  0.841   0.811 Y  0.450      SignalP-TM
fig|2005473.103.peg.2513   0.879  23  0.885  23  0.940  19  0.886   0.885 Y  0.570      SignalP-noTM
fig|2005473.103.peg.2517   0.565  25  0.689  25  0.927  10  0.836   0.746 Y  0.450      SignalP-TM
fig|2005473.103.peg.2517   0.839  25  0.871  25  0.966  18  0.914   0.891 Y  0.570      SignalP-noTM
fig|2005473.103.peg.252    0.187  28  0.348  28  0.907  13  0.745   0.503 Y  0.450      SignalP-TM
fig|2005473.103.peg.252    0.360  21  0.560  21  0.940   3  0.889   0.715 Y  0.570      SignalP-noTM
fig|2005473.103.peg.2521   0.563  32  0.635  32  0.810  27  0.670   0.648 Y  0.450      SignalP-TM
fig|2005473.103.peg.2527   0.202  22  0.389  22  0.837  17  0.661   0.495 Y  0.450      SignalP-TM
fig|2005473.103.peg.253    0.623  45  0.569  45  0.758  32  0.415   0.509 Y  0.450      SignalP-TM
fig|2005473.103.peg.2546   0.289  22  0.416  22  0.870  19  0.568   0.475 Y  0.450      SignalP-TM
fig|2005473.103.peg.2546   0.409  22  0.558  22  0.830  14  0.769   0.657 Y  0.570      SignalP-noTM
fig|2005473.103.peg.2554   0.251  27  0.455  27  0.938  17  0.832   0.602 Y  0.450      SignalP-TM
fig|2005473.103.peg.2554   0.252  21  0.490  21  0.969  18  0.949   0.706 Y  0.570      SignalP-noTM
fig|2005473.103.peg.2556   0.436  24  0.563  24  0.892  18  0.778   0.664 Y  0.570      SignalP-noTM
fig|2005473.103.peg.2615   0.548  25  0.673  25  0.941  10  0.852   0.743 Y  0.450      SignalP-TM
fig|2005473.103.peg.2615   0.748  25  0.833  25  0.984  21  0.928   0.877 Y  0.570      SignalP-noTM
fig|2005473.103.peg.263    0.444  30  0.550  30  0.813  20  0.631   0.582 Y  0.450      SignalP-TM
fig|2005473.103.peg.265    0.610  32  0.585  32  0.790  14  0.546   0.570 Y  0.510      SignalP-TM
fig|2005473.103.peg.265    0.707  32  0.663  32  0.811  16  0.635   0.652 Y  0.450      SignalP-TM
fig|2005473.103.peg.2651   0.262  25  0.466  25  0.910  15  0.803   0.598 Y  0.450      SignalP-TM
fig|2005473.103.peg.2651   0.569  25  0.734  25  0.985  13  0.931   0.826 Y  0.570      SignalP-noTM
fig|2005473.103.peg.2652   0.153  23  0.325  23  0.823   2  0.712   0.476 Y  0.450      SignalP-TM
fig|2005473.103.peg.2653   0.270  22  0.444  22  0.865  14  0.762   0.568 Y  0.450      SignalP-TM
fig|2005473.103.peg.2653   0.435  22  0.607  22  0.926  11  0.875   0.733 Y  0.570      SignalP-noTM
fig|2005473.103.peg.2656   0.221  33  0.392  23  0.900   4  0.831   0.563 Y  0.450      SignalP-TM
fig|2005473.103.peg.2656   0.380  20  0.599  20  0.962  13  0.940   0.760 Y  0.570      SignalP-noTM
fig|2005473.103.peg.2658   0.265  21  0.456  21  0.929   1  0.793   0.615 Y  0.570      SignalP-noTM
fig|2005473.103.peg.2659   0.289  21  0.493  21  0.898  12  0.842   0.629 Y  0.450      SignalP-TM
fig|2005473.103.peg.2659   0.540  21  0.717  21  0.971  12  0.948   0.826 Y  0.570      SignalP-noTM
fig|2005473.103.peg.2660   0.203  27  0.357  27  0.833   7  0.698   0.490 Y  0.450      SignalP-TM
fig|2005473.103.peg.2660   0.369  24  0.552  24  0.937  16  0.850   0.692 Y  0.570      SignalP-noTM
fig|2005473.103.peg.2661   0.208  48  0.285  15  0.866   2  0.814   0.492 Y  0.450      SignalP-TM
fig|2005473.103.peg.2665   0.199  21  0.366  21  0.865   6  0.724   0.506 Y  0.450      SignalP-TM
fig|2005473.103.peg.2665   0.813  21  0.866  21  0.967  18  0.918   0.891 Y  0.570      SignalP-noTM
fig|2005473.103.peg.2667   0.436  20  0.506  20  0.755   1  0.627   0.553 Y  0.450      SignalP-TM
fig|2005473.103.peg.2667   0.822  20  0.781  20  0.858   1  0.730   0.757 Y  0.570      SignalP-noTM
fig|2005473.103.peg.267    0.213  22  0.354  22  0.911   2  0.687   0.484 Y  0.450      SignalP-TM
fig|2005473.103.peg.268    0.462  21  0.621  21  0.918  16  0.850   0.710 Y  0.450      SignalP-TM
fig|2005473.103.peg.268    0.614  21  0.701  21  0.924  13  0.818   0.756 Y  0.570      SignalP-noTM
fig|2005473.103.peg.2699   0.307  23  0.429  23  0.759  17  0.553   0.477 Y  0.450      SignalP-TM
fig|2005473.103.peg.2699   0.518  23  0.613  23  0.912  14  0.739   0.672 Y  0.570      SignalP-noTM
fig|2005473.103.peg.2728   0.423  26  0.480  26  0.742  21  0.436   0.463 Y  0.450      SignalP-TM
fig|2005473.103.peg.274    0.156  36  0.309  26  0.851  12  0.677   0.453 Y  0.450      SignalP-TM
fig|2005473.103.peg.2743   0.491  23  0.613  23  0.859  18  0.751   0.667 Y  0.450      SignalP-TM
fig|2005473.103.peg.2743   0.817  23  0.835  23  0.910  19  0.847   0.841 Y  0.570      SignalP-noTM
fig|2005473.103.peg.2750   0.790  22  0.860  22  0.984  18  0.933   0.894 Y  0.570      SignalP-noTM
fig|2005473.103.peg.2751   0.188  27  0.356  21  0.859   5  0.750   0.510 Y  0.450      SignalP-TM
fig|2005473.103.peg.2751   0.371  23  0.563  21  0.938  13  0.881   0.713 Y  0.570      SignalP-noTM
fig|2005473.103.peg.2754   0.573  20  0.705  20  0.895  18  0.843   0.759 Y  0.450      SignalP-TM
fig|2005473.103.peg.2754   0.881  20  0.903  20  0.948  16  0.919   0.911 Y  0.570      SignalP-noTM
fig|2005473.103.peg.2755   0.245  21  0.433  21  0.899  11  0.794   0.603 Y  0.570      SignalP-noTM
fig|2005473.103.peg.276    0.147  27  0.309  27  0.910   7  0.745   0.479 Y  0.450      SignalP-TM
fig|2005473.103.peg.276    0.248  65  0.394  27  0.953   3  0.868   0.617 Y  0.570      SignalP-noTM
fig|2005473.103.peg.2761   0.304  19  0.469  19  0.903  16  0.717   0.566 Y  0.450      SignalP-TM
fig|2005473.103.peg.2761   0.738  19  0.779  19  0.926  15  0.813   0.795 Y  0.570      SignalP-noTM
fig|2005473.103.peg.2769   0.386  22  0.545  22  0.884  18  0.779   0.637 Y  0.450      SignalP-TM
fig|2005473.103.peg.2769   0.623  20  0.739  20  0.911  18  0.863   0.798 Y  0.570      SignalP-noTM
fig|2005473.103.peg.277    0.391  34  0.506  23  0.920  16  0.759   0.625 Y  0.570      SignalP-noTM
fig|2005473.103.peg.277    0.610  34  0.522  34  0.787  16  0.492   0.510 Y  0.450      SignalP-TM
fig|2005473.103.peg.2794   0.534  26  0.642  26  0.952  18  0.849   0.739 Y  0.570      SignalP-noTM
fig|2005473.103.peg.2794   0.627  26  0.683  26  0.898  11  0.795   0.727 Y  0.450      SignalP-TM
fig|2005473.103.peg.2796   0.211  19  0.440  19  0.958  18  0.900   0.656 Y  0.570      SignalP-noTM
fig|2005473.103.peg.2796   0.222  36  0.415  21  0.937  13  0.842   0.581 Y  0.450      SignalP-TM
fig|2005473.103.peg.2797   0.275  22  0.494  22  0.930   9  0.896   0.651 Y  0.450      SignalP-TM
fig|2005473.103.peg.2797   0.588  22  0.706  22  0.929  11  0.871   0.783 Y  0.570      SignalP-noTM
fig|2005473.103.peg.2799   0.208  31  0.383  27  0.862   2  0.749   0.526 Y  0.450      SignalP-TM
fig|2005473.103.peg.2828   0.500  20  0.642  20  0.927  18  0.811   0.721 Y  0.570      SignalP-noTM
fig|2005473.103.peg.2842   0.210  30  0.369  24  0.924  18  0.825   0.547 Y  0.450      SignalP-TM
fig|2005473.103.peg.2842   0.303  24  0.508  24  0.953  18  0.877   0.681 Y  0.570      SignalP-noTM
fig|2005473.103.peg.2853   0.477  29  0.591  29  0.932   9  0.824   0.682 Y  0.450      SignalP-TM
fig|2005473.103.peg.2853   0.783  22  0.870  22  0.984  17  0.963   0.914 Y  0.570      SignalP-noTM
fig|2005473.103.peg.2854   0.540  25  0.508  25  0.752   6  0.560   0.529 Y  0.450      SignalP-TM
fig|2005473.103.peg.2854   0.615  25  0.672  25  0.884  20  0.781   0.723 Y  0.570      SignalP-noTM
fig|2005473.103.peg.2881   0.154  26  0.342  19  0.938  17  0.913   0.610 Y  0.570      SignalP-noTM
fig|2005473.103.peg.2885   0.219  30  0.374  22  0.906   5  0.803   0.541 Y  0.450      SignalP-TM
fig|2005473.103.peg.2885   0.225  22  0.429  22  0.952   6  0.872   0.637 Y  0.570      SignalP-noTM
fig|2005473.103.peg.2886   0.461  35  0.612  35  0.919  26  0.576   0.598 Y  0.450      SignalP-TM
fig|2005473.103.peg.2889   0.285  31  0.388  31  0.762   1  0.615   0.476 Y  0.450      SignalP-TM
fig|2005473.103.peg.2908   0.295  18  0.484  18  0.881   1  0.799   0.632 Y  0.570      SignalP-noTM
fig|2005473.103.peg.2916   0.659  24  0.656  24  0.745  12  0.652   0.655 Y  0.450      SignalP-TM
fig|2005473.103.peg.2916   0.775  24  0.816  24  0.930  20  0.856   0.835 Y  0.570      SignalP-noTM
fig|2005473.103.peg.2923   0.473  21  0.646  21  0.922   1  0.886   0.759 Y  0.570      SignalP-noTM
fig|2005473.103.peg.2924   0.204  23  0.353  23  0.748   7  0.654   0.470 Y  0.450      SignalP-TM
fig|2005473.103.peg.2957   0.192  23  0.398  23  0.914  14  0.806   0.557 Y  0.450      SignalP-TM
fig|2005473.103.peg.2957   0.256  23  0.463  23  0.959   7  0.884   0.661 Y  0.570      SignalP-noTM
fig|2005473.103.peg.2959   0.139  26  0.348  20  0.958  18  0.904   0.609 Y  0.570      SignalP-noTM
fig|2005473.103.peg.2976   0.264  41  0.430  41  0.863  40  0.709   0.539 Y  0.450      SignalP-TM
fig|2005473.103.peg.2976   0.322  41  0.489  41  0.908  19  0.728   0.602 Y  0.570      SignalP-noTM
fig|2005473.103.peg.2983   0.133  41  0.302  33  0.936  27  0.708   0.460 Y  0.450      SignalP-TM
fig|2005473.103.peg.2990   0.328  24  0.538  24  0.969   9  0.916   0.686 Y  0.450      SignalP-TM
fig|2005473.103.peg.2990   0.694  24  0.808  24  0.987  19  0.948   0.874 Y  0.570      SignalP-noTM
fig|2005473.103.peg.2992   0.264  30  0.391  24  0.958   5  0.845   0.568 Y  0.450      SignalP-TM
fig|2005473.103.peg.2992   0.377  19  0.594  19  0.968  11  0.931   0.752 Y  0.570      SignalP-noTM
fig|2005473.103.peg.2996   0.300  21  0.493  21  0.863  13  0.770   0.601 Y  0.450      SignalP-TM
fig|2005473.103.peg.2996   0.522  21  0.641  21  0.887  13  0.776   0.704 Y  0.570      SignalP-noTM
fig|2005473.103.peg.3      0.483  20  0.608  20  0.878  12  0.770   0.684 Y  0.570      SignalP-noTM
fig|2005473.103.peg.30     0.291  21  0.495  21  0.906  11  0.827   0.651 Y  0.570      SignalP-noTM
fig|2005473.103.peg.30     0.320  21  0.510  21  0.893  19  0.811   0.627 Y  0.450      SignalP-TM
fig|2005473.103.peg.3011   0.336  26  0.479  26  0.839  22  0.589   0.522 Y  0.450      SignalP-TM
fig|2005473.103.peg.302    0.338  20  0.420  20  0.700   2  0.571   0.479 Y  0.450      SignalP-TM
fig|2005473.103.peg.302    0.753  20  0.807  20  0.913  12  0.865   0.834 Y  0.570      SignalP-noTM
fig|2005473.103.peg.3026   0.250  29  0.415  24  0.851  21  0.715   0.532 Y  0.450      SignalP-TM
fig|2005473.103.peg.303    0.228  28  0.362  28  0.782  17  0.639   0.470 Y  0.450      SignalP-TM
fig|2005473.103.peg.304    0.311  21  0.513  21  0.893  16  0.837   0.639 Y  0.450      SignalP-TM
fig|2005473.103.peg.304    0.876  21  0.876  21  0.933  19  0.866   0.871 Y  0.570      SignalP-noTM
fig|2005473.103.peg.3048   0.437  25  0.519  20  0.737  19  0.651   0.570 Y  0.450      SignalP-TM
fig|2005473.103.peg.3048   0.865  20  0.873  20  0.912  16  0.870   0.871 Y  0.570      SignalP-noTM
fig|2005473.103.peg.305    0.368  23  0.566  23  0.929   7  0.868   0.684 Y  0.450      SignalP-TM
fig|2005473.103.peg.305    0.723  23  0.829  23  0.974   9  0.952   0.887 Y  0.570      SignalP-noTM
fig|2005473.103.peg.3053   0.640  21  0.612  21  0.774  18  0.537   0.583 Y  0.450      SignalP-TM
fig|2005473.103.peg.3053   0.687  21  0.717  21  0.872  14  0.689   0.704 Y  0.570      SignalP-noTM
fig|2005473.103.peg.306    0.157  26  0.362  23  0.934   6  0.876   0.604 Y  0.570      SignalP-noTM
fig|2005473.103.peg.306    0.195  25  0.361  25  0.810   8  0.698   0.492 Y  0.450      SignalP-TM
fig|2005473.103.peg.3068   0.409  20  0.598  20  0.914  10  0.869   0.725 Y  0.570      SignalP-noTM
fig|2005473.103.peg.307    0.600  25  0.652  25  0.816  22  0.689   0.666 Y  0.450      SignalP-TM
fig|2005473.103.peg.307    0.863  25  0.841  25  0.906  10  0.848   0.844 Y  0.570      SignalP-noTM
fig|2005473.103.peg.309    0.256  23  0.455  23  0.912  19  0.836   0.634 Y  0.570      SignalP-noTM
fig|2005473.103.peg.309    0.278  27  0.447  27  0.912   5  0.800   0.585 Y  0.450      SignalP-TM
fig|2005473.103.peg.3090   0.404  20  0.565  20  0.914  12  0.812   0.681 Y  0.570      SignalP-noTM
fig|2005473.103.peg.3090   0.534  28  0.491  28  0.822  16  0.620   0.541 Y  0.450      SignalP-TM
fig|2005473.103.peg.3093   0.792  24  0.589  24  0.627   3  0.485   0.551 Y  0.510      SignalP-TM
fig|2005473.103.peg.31     0.169  31  0.368  20  0.911   4  0.873   0.606 Y  0.570      SignalP-noTM
fig|2005473.103.peg.31     0.223  31  0.378  20  0.913  16  0.819   0.550 Y  0.450      SignalP-TM
fig|2005473.103.peg.311    0.203  21  0.379  21  0.912   6  0.769   0.531 Y  0.450      SignalP-TM
fig|2005473.103.peg.311    0.471  21  0.634  21  0.937  12  0.863   0.742 Y  0.570      SignalP-noTM
fig|2005473.103.peg.3118   0.459  23  0.632  23  0.934  19  0.859   0.721 Y  0.450      SignalP-TM
fig|2005473.103.peg.3118   0.692  23  0.775  23  0.923  17  0.871   0.820 Y  0.570      SignalP-noTM
fig|2005473.103.peg.3128   0.138  48  0.287  22  0.882   4  0.708   0.451 Y  0.450      SignalP-TM
fig|2005473.103.peg.313    0.184  29  0.354  20  0.846  18  0.749   0.508 Y  0.450      SignalP-TM
fig|2005473.103.peg.313    0.421  20  0.608  20  0.947  12  0.876   0.734 Y  0.570      SignalP-noTM
fig|2005473.103.peg.3135   0.186  28  0.340  28  0.927   6  0.761   0.504 Y  0.450      SignalP-TM
fig|2005473.103.peg.3137   0.328  25  0.433  25  0.730  19  0.510   0.463 Y  0.450      SignalP-TM
fig|2005473.103.peg.3150   0.445  28  0.472  28  0.718  12  0.552   0.503 Y  0.450      SignalP-TM
fig|2005473.103.peg.3181   0.307  26  0.486  26  0.926  14  0.806   0.611 Y  0.450      SignalP-TM
fig|2005473.103.peg.3181   0.364  24  0.577  24  0.967  12  0.921   0.739 Y  0.570      SignalP-noTM
fig|2005473.103.peg.3183   0.218  26  0.374  26  0.772  15  0.657   0.484 Y  0.450      SignalP-TM
fig|2005473.103.peg.32     0.189  37  0.326  27  0.873   5  0.677   0.463 Y  0.450      SignalP-TM
fig|2005473.103.peg.32     0.238  27  0.408  27  0.910   4  0.795   0.590 Y  0.570      SignalP-noTM
fig|2005473.103.peg.3220   0.257  23  0.425  23  0.877  17  0.639   0.509 Y  0.450      SignalP-TM
fig|2005473.103.peg.33     0.539  31  0.620  31  0.885  10  0.780   0.682 Y  0.450      SignalP-TM
fig|2005473.103.peg.33     0.722  31  0.733  31  0.976  18  0.864   0.795 Y  0.570      SignalP-noTM
fig|2005473.103.peg.34     0.229  28  0.367  28  0.836  12  0.688   0.492 Y  0.450      SignalP-TM
fig|2005473.103.peg.34     0.323  18  0.517  18  0.909   5  0.845   0.671 Y  0.570      SignalP-noTM
fig|2005473.103.peg.347    0.246  25  0.476  25  0.972  15  0.925   0.651 Y  0.450      SignalP-TM
fig|2005473.103.peg.347    0.261  24  0.464  24  0.935  14  0.867   0.653 Y  0.570      SignalP-noTM
fig|2005473.103.peg.349    0.579  27  0.696  27  0.917  10  0.854   0.758 Y  0.450      SignalP-TM
fig|2005473.103.peg.349    0.778  27  0.783  27  0.962   8  0.859   0.819 Y  0.570      SignalP-noTM
fig|2005473.103.peg.354    0.180  24  0.390  24  0.931  15  0.852   0.570 Y  0.450      SignalP-TM
fig|2005473.103.peg.354    0.425  24  0.639  24  0.988  17  0.958   0.789 Y  0.570      SignalP-noTM
fig|2005473.103.peg.356    0.422  20  0.542  20  0.893   2  0.748   0.622 Y  0.450      SignalP-TM
fig|2005473.103.peg.356    0.762  20  0.817  20  0.916  12  0.877   0.845 Y  0.570      SignalP-noTM
fig|2005473.103.peg.358    0.230  20  0.438  20  0.862  17  0.832   0.591 Y  0.450      SignalP-TM
fig|2005473.103.peg.358    0.541  22  0.717  20  0.988   9  0.962   0.832 Y  0.570      SignalP-noTM
fig|2005473.103.peg.359    0.635  28  0.617  28  0.859   3  0.653   0.634 Y  0.570      SignalP-noTM
fig|2005473.103.peg.359    0.639  28  0.679  28  0.833  24  0.595   0.646 Y  0.450      SignalP-TM
fig|2005473.103.peg.362    0.733  23  0.765  23  0.864  16  0.766   0.766 Y  0.450      SignalP-TM
fig|2005473.103.peg.362    0.884  23  0.914  23  0.984  10  0.947   0.930 Y  0.570      SignalP-noTM
fig|2005473.103.peg.377    0.208  62  0.403  31  0.916  28  0.758   0.541 Y  0.450      SignalP-TM
fig|2005473.103.peg.377    0.442  29  0.654  29  0.985  19  0.930   0.784 Y  0.570      SignalP-noTM
fig|2005473.103.peg.378    0.114  37  0.288  25  0.797  17  0.719   0.456 Y  0.450      SignalP-TM
fig|2005473.103.peg.379    0.187  44  0.294  22  0.862  10  0.738   0.467 Y  0.450      SignalP-TM
fig|2005473.103.peg.379    0.279  44  0.403  23  0.936   1  0.790   0.585 Y  0.570      SignalP-noTM
fig|2005473.103.peg.382    0.240  31  0.345  31  0.814   4  0.620   0.452 Y  0.450      SignalP-TM
fig|2005473.103.peg.385    0.599  39  0.691  39  0.943  25  0.658   0.676 Y  0.570      SignalP-noTM
fig|2005473.103.peg.389    0.380  20  0.534  20  0.856  16  0.771   0.645 Y  0.570      SignalP-noTM
fig|2005473.103.peg.390    0.393  20  0.563  20  0.864   8  0.809   0.659 Y  0.450      SignalP-TM
fig|2005473.103.peg.390    0.568  20  0.678  20  0.889  10  0.826   0.748 Y  0.570      SignalP-noTM
fig|2005473.103.peg.405    0.269  30  0.477  25  0.976  15  0.922   0.650 Y  0.450      SignalP-TM
fig|2005473.103.peg.405    0.484  25  0.684  25  0.988  13  0.958   0.813 Y  0.570      SignalP-noTM
fig|2005473.103.peg.406    0.474  32  0.638  32  0.915  21  0.761   0.686 Y  0.450      SignalP-TM
fig|2005473.103.peg.406    0.847  32  0.893  32  0.975  20  0.881   0.887 Y  0.570      SignalP-noTM
fig|2005473.103.peg.407    0.263  30  0.448  27  0.894  23  0.783   0.578 Y  0.450      SignalP-TM
fig|2005473.103.peg.409    0.310  26  0.462  26  0.907  19  0.738   0.570 Y  0.450      SignalP-TM
fig|2005473.103.peg.409    0.762  21  0.817  21  0.912  18  0.836   0.826 Y  0.570      SignalP-noTM
fig|2005473.103.peg.413    0.265  23  0.465  23  0.955   7  0.866   0.621 Y  0.450      SignalP-TM
fig|2005473.103.peg.413    0.634  23  0.753  23  0.985   9  0.925   0.834 Y  0.570      SignalP-noTM
fig|2005473.103.peg.434    0.367  21  0.544  21  0.903  18  0.821   0.652 Y  0.450      SignalP-TM
fig|2005473.103.peg.434    0.867  21  0.865  21  0.930  19  0.860   0.863 Y  0.570      SignalP-noTM
fig|2005473.103.peg.436    0.220  34  0.367  34  0.793  24  0.633   0.471 Y  0.450      SignalP-TM
fig|2005473.103.peg.446    0.336  23  0.443  23  0.864   1  0.659   0.527 Y  0.450      SignalP-TM
fig|2005473.103.peg.446    0.785  23  0.804  23  0.936  15  0.849   0.826 Y  0.570      SignalP-noTM
fig|2005473.103.peg.448    0.126  24  0.315  24  0.921   7  0.825   0.514 Y  0.450      SignalP-TM
fig|2005473.103.peg.448    0.331  21  0.565  21  0.977  11  0.953   0.747 Y  0.570      SignalP-noTM
fig|2005473.103.peg.449    0.230  23  0.441  23  0.894  17  0.833   0.594 Y  0.450      SignalP-TM
fig|2005473.103.peg.45     0.400  25  0.512  25  0.830  18  0.651   0.566 Y  0.450      SignalP-TM
fig|2005473.103.peg.450    0.372  21  0.568  21  0.946  17  0.848   0.700 Y  0.570      SignalP-noTM
fig|2005473.103.peg.451    0.206  27  0.384  27  0.905  15  0.726   0.518 Y  0.450      SignalP-TM
fig|2005473.103.peg.452    0.250  22  0.430  22  0.882   1  0.786   0.597 Y  0.570      SignalP-noTM
fig|2005473.103.peg.454    0.274  25  0.432  25  0.779  11  0.709   0.540 Y  0.450      SignalP-TM
fig|2005473.103.peg.454    0.301  25  0.511  25  0.929  19  0.866   0.678 Y  0.570      SignalP-noTM
fig|2005473.103.peg.455    0.162  27  0.357  27  0.939  17  0.806   0.532 Y  0.450      SignalP-TM
fig|2005473.103.peg.455    0.192  26  0.381  26  0.921  19  0.814   0.584 Y  0.570      SignalP-noTM
fig|2005473.103.peg.456    0.141  34  0.276  13  0.814   6  0.736   0.455 Y  0.450      SignalP-TM
fig|2005473.103.peg.457    0.413  33  0.475  33  0.689  29  0.502   0.486 Y  0.450      SignalP-TM
fig|2005473.103.peg.459    0.308  27  0.486  27  0.952  24  0.785   0.602 Y  0.450      SignalP-TM
fig|2005473.103.peg.459    0.868  27  0.903  27  0.976  23  0.934   0.917 Y  0.570      SignalP-noTM
fig|2005473.103.peg.461    0.671  24  0.699  24  0.875   3  0.773   0.728 Y  0.450      SignalP-TM
fig|2005473.103.peg.461    0.893  24  0.854  24  0.926   3  0.838   0.846 Y  0.570      SignalP-noTM
fig|2005473.103.peg.467    0.124  24  0.305  24  0.864  11  0.773   0.488 Y  0.450      SignalP-TM
fig|2005473.103.peg.467    0.255  21  0.473  21  0.936  17  0.886   0.667 Y  0.570      SignalP-noTM
fig|2005473.103.peg.487    0.296  31  0.484  31  0.962  14  0.848   0.626 Y  0.450      SignalP-TM
fig|2005473.103.peg.487    0.354  23  0.535  23  0.917  12  0.840   0.678 Y  0.570      SignalP-noTM
fig|2005473.103.peg.489    0.244  30  0.390  30  0.894  18  0.675   0.501 Y  0.450      SignalP-TM
fig|2005473.103.peg.490    0.193  20  0.421  20  0.957  17  0.922   0.656 Y  0.570      SignalP-noTM
fig|2005473.103.peg.492    0.490  31  0.609  31  0.845  15  0.710   0.648 Y  0.450      SignalP-TM
fig|2005473.103.peg.492    0.545  31  0.664  31  0.971  19  0.865   0.759 Y  0.570      SignalP-noTM
fig|2005473.103.peg.494    0.343  25  0.464  25  0.717  12  0.622   0.525 Y  0.450      SignalP-TM
fig|2005473.103.peg.494    0.469  25  0.544  25  0.869   4  0.677   0.607 Y  0.570      SignalP-noTM
fig|2005473.103.peg.5      0.429  24  0.536  24  0.768  19  0.611   0.565 Y  0.450      SignalP-TM
fig|2005473.103.peg.517    0.358  22  0.567  22  0.957  18  0.898   0.722 Y  0.570      SignalP-noTM
fig|2005473.103.peg.517    0.415  22  0.615  22  0.964  19  0.892   0.723 Y  0.450      SignalP-TM
fig|2005473.103.peg.518    0.185  28  0.326  18  0.906   1  0.849   0.572 Y  0.570      SignalP-noTM
fig|2005473.103.peg.518    0.196  28  0.378  28  0.898  17  0.779   0.534 Y  0.450      SignalP-TM
fig|2005473.103.peg.519    0.227  29  0.387  29  0.799  12  0.668   0.497 Y  0.450      SignalP-TM
fig|2005473.103.peg.519    0.289  27  0.498  27  0.912  21  0.847   0.662 Y  0.570      SignalP-noTM
fig|2005473.103.peg.521    0.186  25  0.375  25  0.940   8  0.820   0.548 Y  0.450      SignalP-TM
fig|2005473.103.peg.521    0.320  19  0.536  19  0.953  17  0.906   0.710 Y  0.570      SignalP-noTM
fig|2005473.103.peg.522    0.186  33  0.362  21  0.894   4  0.775   0.523 Y  0.450      SignalP-TM
fig|2005473.103.peg.522    0.771  21  0.820  21  0.961  11  0.891   0.853 Y  0.570      SignalP-noTM
fig|2005473.103.peg.526    0.196  34  0.397  34  0.966  25  0.788   0.581 Y  0.570      SignalP-noTM
fig|2005473.103.peg.526    0.261  51  0.351  34  0.928  23  0.753   0.508 Y  0.450      SignalP-TM
fig|2005473.103.peg.528    0.177  24  0.380  24  0.894   9  0.816   0.550 Y  0.450      SignalP-TM
fig|2005473.103.peg.528    0.219  24  0.449  24  0.955   5  0.924   0.672 Y  0.570      SignalP-noTM
fig|2005473.103.peg.529    0.131  25  0.339  25  0.927  14  0.876   0.591 Y  0.570      SignalP-noTM
fig|2005473.103.peg.529    0.249  35  0.392  34  0.861  11  0.734   0.525 Y  0.450      SignalP-TM
fig|2005473.103.peg.530    0.448  24  0.636  24  0.967  20  0.916   0.767 Y  0.570      SignalP-noTM
fig|2005473.103.peg.530    0.542  24  0.660  24  0.913  21  0.824   0.724 Y  0.450      SignalP-TM
fig|2005473.103.peg.531    0.204  25  0.381  25  0.850   8  0.749   0.524 Y  0.450      SignalP-TM
fig|2005473.103.peg.531    0.618  21  0.746  21  0.954  16  0.894   0.815 Y  0.570      SignalP-noTM
fig|2005473.103.peg.532    0.320  21  0.468  21  0.881   6  0.718   0.565 Y  0.450      SignalP-TM
fig|2005473.103.peg.532    0.530  21  0.687  21  0.930   1  0.888   0.781 Y  0.570      SignalP-noTM
fig|2005473.103.peg.533    0.281  22  0.383  22  0.759   9  0.556   0.450 Y  0.450      SignalP-TM
fig|2005473.103.peg.533    0.480  22  0.641  22  0.930   8  0.861   0.745 Y  0.570      SignalP-noTM
fig|2005473.103.peg.535    0.713  21  0.751  21  0.907   9  0.821   0.784 Y  0.570      SignalP-noTM
fig|2005473.103.peg.537    0.344  20  0.477  20  0.854   1  0.710   0.568 Y  0.450      SignalP-TM
fig|2005473.103.peg.537    0.472  20  0.578  20  0.887   1  0.742   0.655 Y  0.570      SignalP-noTM
fig|2005473.103.peg.54     0.336  30  0.439  20  0.924   4  0.791   0.576 Y  0.450      SignalP-TM
fig|2005473.103.peg.54     0.684  20  0.754  20  0.935  19  0.837   0.793 Y  0.570      SignalP-noTM
fig|2005473.103.peg.541    0.837  20  0.706  20  0.798   1  0.613   0.662 Y  0.570      SignalP-noTM
fig|2005473.103.peg.545    0.254  36  0.396  36  0.713  31  0.560   0.460 Y  0.450      SignalP-TM
fig|2005473.103.peg.567    0.173  29  0.334  20  0.936  11  0.821   0.524 Y  0.450      SignalP-TM
fig|2005473.103.peg.567    0.480  26  0.634  26  0.947   7  0.873   0.746 Y  0.570      SignalP-noTM
fig|2005473.103.peg.577    0.258  32  0.439  32  0.864  27  0.555   0.484 Y  0.450      SignalP-TM
fig|2005473.103.peg.577    0.376  32  0.536  32  0.923  28  0.673   0.600 Y  0.570      SignalP-noTM
fig|2005473.103.peg.580    0.202  23  0.373  23  0.847  16  0.736   0.515 Y  0.450      SignalP-TM
fig|2005473.103.peg.580    0.309  23  0.498  23  0.935  15  0.843   0.660 Y  0.570      SignalP-noTM
fig|2005473.103.peg.583    0.634  34  0.509  34  0.846   1  0.611   0.549 Y  0.450      SignalP-TM
fig|2005473.103.peg.583    0.748  27  0.788  27  0.932  16  0.857   0.821 Y  0.570      SignalP-noTM
fig|2005473.103.peg.592    0.315  22  0.484  22  0.896   4  0.790   0.604 Y  0.450      SignalP-TM
fig|2005473.103.peg.592    0.773  22  0.815  22  0.933  14  0.888   0.849 Y  0.570      SignalP-noTM
fig|2005473.103.peg.594    0.292  31  0.392  31  0.761  17  0.558   0.456 Y  0.450      SignalP-TM
fig|2005473.103.peg.610    0.193  31  0.343  31  0.834  15  0.674   0.472 Y  0.450      SignalP-TM
fig|2005473.103.peg.615    0.166  21  0.381  21  0.957  17  0.872   0.612 Y  0.570      SignalP-noTM
fig|2005473.103.peg.615    0.332  29  0.433  29  0.869  17  0.661   0.522 Y  0.450      SignalP-TM
fig|2005473.103.peg.618    0.703  23  0.739  23  0.935   3  0.804   0.770 Y  0.570      SignalP-noTM
fig|2005473.103.peg.64     0.486  26  0.624  26  0.961  11  0.862   0.717 Y  0.450      SignalP-TM
fig|2005473.103.peg.64     0.697  19  0.824  19  0.988  11  0.953   0.884 Y  0.570      SignalP-noTM
fig|2005473.103.peg.642    0.170  37  0.338  34  0.743  26  0.630   0.452 Y  0.450      SignalP-TM
fig|2005473.103.peg.649    0.152  27  0.311  18  0.877  15  0.844   0.519 Y  0.450      SignalP-TM
fig|2005473.103.peg.649    0.187  20  0.414  20  0.951   7  0.920   0.652 Y  0.570      SignalP-noTM
fig|2005473.103.peg.650    0.165  25  0.366  21  0.923  15  0.828   0.583 Y  0.570      SignalP-noTM
fig|2005473.103.peg.653    0.337  21  0.507  21  0.904   7  0.802   0.622 Y  0.450      SignalP-TM
fig|2005473.103.peg.653    0.630  20  0.760  20  0.936   8  0.915   0.833 Y  0.570      SignalP-noTM
fig|2005473.103.peg.656    0.269  23  0.479  15  0.923  13  0.864   0.660 Y  0.570      SignalP-noTM
fig|2005473.103.peg.656    0.302  23  0.474  23  0.874  15  0.733   0.575 Y  0.450      SignalP-TM
fig|2005473.103.peg.657    0.227  23  0.361  23  0.710   3  0.612   0.459 Y  0.450      SignalP-TM
fig|2005473.103.peg.657    0.462  21  0.602  21  0.868   4  0.798   0.694 Y  0.570      SignalP-noTM
fig|2005473.103.peg.664    0.442  29  0.559  29  0.784  22  0.710   0.630 Y  0.570      SignalP-noTM
fig|2005473.103.peg.665    0.320  26  0.462  26  0.826  18  0.683   0.548 Y  0.450      SignalP-TM
fig|2005473.103.peg.670    0.331  21  0.526  21  0.944   3  0.866   0.659 Y  0.450      SignalP-TM
fig|2005473.103.peg.670    0.678  21  0.789  21  0.945  11  0.924   0.853 Y  0.570      SignalP-noTM
fig|2005473.103.peg.675    0.363  22  0.447  22  0.774   6  0.593   0.504 Y  0.450      SignalP-TM
fig|2005473.103.peg.677    0.456  20  0.560  20  0.848  16  0.690   0.621 Y  0.570      SignalP-noTM
fig|2005473.103.peg.678    0.190  20  0.419  20  0.969  19  0.905   0.609 Y  0.450      SignalP-TM
fig|2005473.103.peg.678    0.782  20  0.859  20  0.967  16  0.935   0.895 Y  0.570      SignalP-noTM
fig|2005473.103.peg.679    0.187  20  0.348  20  0.846   3  0.703   0.487 Y  0.450      SignalP-TM
fig|2005473.103.peg.679    0.480  20  0.604  20  0.854  16  0.773   0.684 Y  0.570      SignalP-noTM
fig|2005473.103.peg.688    0.161  20  0.374  20  0.910  11  0.866   0.566 Y  0.450      SignalP-TM
fig|2005473.103.peg.688    0.395  20  0.604  20  0.958   9  0.926   0.755 Y  0.570      SignalP-noTM
fig|2005473.103.peg.690    0.489  24  0.613  24  0.850  21  0.672   0.636 Y  0.450      SignalP-TM
fig|2005473.103.peg.690    0.748  24  0.797  24  0.915  17  0.841   0.817 Y  0.570      SignalP-noTM
fig|2005473.103.peg.699    0.286  22  0.441  22  0.946   5  0.771   0.569 Y  0.450      SignalP-TM
fig|2005473.103.peg.699    0.328  22  0.540  22  0.953   2  0.905   0.711 Y  0.570      SignalP-noTM
fig|2005473.103.peg.700    0.499  23  0.588  23  0.876  21  0.665   0.624 Y  0.570      SignalP-noTM
fig|2005473.103.peg.703    0.335  27  0.527  27  0.934  13  0.857   0.656 Y  0.450      SignalP-TM
fig|2005473.103.peg.703    0.631  27  0.747  27  0.984  10  0.906   0.822 Y  0.570      SignalP-noTM
fig|2005473.103.peg.709    0.302  21  0.489  21  0.926   4  0.830   0.622 Y  0.450      SignalP-TM
fig|2005473.103.peg.709    0.617  21  0.734  21  0.934   4  0.892   0.808 Y  0.570      SignalP-noTM
fig|2005473.103.peg.710    0.475  28  0.496  21  0.779  16  0.714   0.581 Y  0.450      SignalP-TM
fig|2005473.103.peg.710    0.845  21  0.867  21  0.957  17  0.895   0.881 Y  0.570      SignalP-noTM
fig|2005473.103.peg.72     0.204  21  0.358  21  0.694  15  0.621   0.461 Y  0.450      SignalP-TM
fig|2005473.103.peg.72     0.625  21  0.591  21  0.662  17  0.522   0.566 Y  0.510      SignalP-TM
fig|2005473.103.peg.721    0.325  28  0.456  28  0.967  13  0.815   0.625 Y  0.570      SignalP-noTM
fig|2005473.103.peg.721    0.565  30  0.684  30  0.977  15  0.892   0.765 Y  0.450      SignalP-TM
fig|2005473.103.peg.724    0.369  22  0.548  22  0.896  11  0.835   0.683 Y  0.570      SignalP-noTM
fig|2005473.103.peg.724    0.504  22  0.645  22  0.889  18  0.808   0.708 Y  0.450      SignalP-TM
fig|2005473.103.peg.726    0.298  28  0.484  28  0.925  18  0.817   0.614 Y  0.450      SignalP-TM
fig|2005473.103.peg.726    0.525  22  0.676  22  0.944   4  0.896   0.780 Y  0.570      SignalP-noTM
fig|2005473.103.peg.735    0.581  28  0.561  28  0.906  11  0.687   0.610 Y  0.450      SignalP-TM
fig|2005473.103.peg.735    0.821  28  0.729  21  0.934  20  0.879   0.800 Y  0.570      SignalP-noTM
fig|2005473.103.peg.739    0.439  26  0.484  24  0.849  14  0.679   0.576 Y  0.570      SignalP-noTM
fig|2005473.103.peg.741    0.258  27  0.443  27  0.921  16  0.811   0.587 Y  0.450      SignalP-TM
fig|2005473.103.peg.741    0.363  27  0.499  27  0.924  15  0.788   0.635 Y  0.570      SignalP-noTM
fig|2005473.103.peg.745    0.494  49  0.412  22  0.778  17  0.640   0.501 Y  0.450      SignalP-TM
fig|2005473.103.peg.748    0.204  23  0.374  23  0.807   4  0.712   0.506 Y  0.450      SignalP-TM
fig|2005473.103.peg.748    0.474  23  0.609  23  0.892   2  0.793   0.695 Y  0.570      SignalP-noTM
fig|2005473.103.peg.752    0.293  41  0.478  41  0.926  29  0.530   0.498 Y  0.450      SignalP-TM
fig|2005473.103.peg.752    0.591  40  0.732  40  0.957  31  0.649   0.693 Y  0.570      SignalP-noTM
fig|2005473.103.peg.753    0.383  22  0.590  22  0.946  16  0.879   0.702 Y  0.450      SignalP-TM
fig|2005473.103.peg.753    0.588  22  0.745  22  0.965  18  0.936   0.835 Y  0.570      SignalP-noTM
fig|2005473.103.peg.754    0.711  21  0.592  21  0.605   2  0.479   0.550 Y  0.510      SignalP-TM
fig|2005473.103.peg.78     0.196  24  0.413  24  0.916  10  0.858   0.587 Y  0.450      SignalP-TM
fig|2005473.103.peg.790    0.253  26  0.429  26  0.829  18  0.713   0.540 Y  0.450      SignalP-TM
fig|2005473.103.peg.8      0.766  20  0.833  20  0.948  18  0.893   0.861 Y  0.570      SignalP-noTM
fig|2005473.103.peg.800    0.530  44  0.572  44  0.712  35  0.329   0.477 Y  0.450      SignalP-TM
fig|2005473.103.peg.801    0.356  19  0.542  19  0.892  17  0.829   0.654 Y  0.450      SignalP-TM
fig|2005473.103.peg.801    0.703  19  0.813  19  0.970  10  0.931   0.868 Y  0.570      SignalP-noTM
fig|2005473.103.peg.802    0.197  23  0.342  21  0.767   4  0.650   0.462 Y  0.450      SignalP-TM
fig|2005473.103.peg.802    0.565  21  0.717  21  0.939  12  0.910   0.808 Y  0.570      SignalP-noTM
fig|2005473.103.peg.803    0.627  22  0.667  22  0.874  17  0.702   0.683 Y  0.570      SignalP-noTM
fig|2005473.103.peg.807    0.148  30  0.318  25  0.879   1  0.751   0.487 Y  0.450      SignalP-TM
fig|2005473.103.peg.809    0.434  25  0.454  25  0.729  16  0.473   0.462 Y  0.450      SignalP-TM
fig|2005473.103.peg.83     0.324  28  0.475  28  0.866  21  0.539   0.500 Y  0.450      SignalP-TM
fig|2005473.103.peg.832    0.433  17  0.545  17  0.859  13  0.657   0.598 Y  0.570      SignalP-noTM
fig|2005473.103.peg.835    0.451  22  0.592  22  0.915  18  0.725   0.644 Y  0.450      SignalP-TM
fig|2005473.103.peg.835    0.887  22  0.880  22  0.945  11  0.869   0.875 Y  0.570      SignalP-noTM
fig|2005473.103.peg.838    0.198  22  0.383  22  0.851  18  0.726   0.516 Y  0.450      SignalP-TM
fig|2005473.103.peg.839    0.362  33  0.418  33  0.770  16  0.564   0.475 Y  0.450      SignalP-TM
fig|2005473.103.peg.839    0.573  33  0.615  33  0.889  12  0.749   0.678 Y  0.570      SignalP-noTM
fig|2005473.103.peg.840    0.288  21  0.383  21  0.795   2  0.588   0.463 Y  0.450      SignalP-TM
fig|2005473.103.peg.842    0.319  20  0.468  20  0.748   8  0.680   0.551 Y  0.450      SignalP-TM
fig|2005473.103.peg.843    0.361  20  0.507  20  0.845   1  0.731   0.594 Y  0.450      SignalP-TM
fig|2005473.103.peg.843    0.580  20  0.665  20  0.915  13  0.777   0.718 Y  0.570      SignalP-noTM
fig|2005473.103.peg.844    0.213  33  0.314  33  0.950   6  0.732   0.477 Y  0.450      SignalP-TM
fig|2005473.103.peg.844    0.214  25  0.444  25  0.978  11  0.937   0.676 Y  0.570      SignalP-noTM
fig|2005473.103.peg.848    0.190  26  0.372  26  0.877  12  0.783   0.532 Y  0.450      SignalP-TM
fig|2005473.103.peg.848    0.255  27  0.422  27  0.951   8  0.820   0.609 Y  0.570      SignalP-noTM
fig|2005473.103.peg.850    0.424  19  0.560  19  0.838  18  0.721   0.636 Y  0.570      SignalP-noTM
fig|2005473.103.peg.853    0.344  29  0.533  29  0.913  17  0.809   0.641 Y  0.450      SignalP-TM
fig|2005473.103.peg.855    0.385  28  0.544  28  0.949  12  0.841   0.660 Y  0.450      SignalP-TM
fig|2005473.103.peg.855    0.432  28  0.552  28  0.928  10  0.803   0.670 Y  0.570      SignalP-noTM
fig|2005473.103.peg.856    0.287  22  0.499  22  0.939   2  0.886   0.681 Y  0.570      SignalP-noTM
fig|2005473.103.peg.856    0.326  25  0.501  25  0.901  17  0.781   0.611 Y  0.450      SignalP-TM
fig|2005473.103.peg.86     0.562  26  0.536  26  0.727   8  0.575   0.551 Y  0.450      SignalP-TM
fig|2005473.103.peg.864    0.498  21  0.631  21  0.899  17  0.795   0.708 Y  0.570      SignalP-noTM
fig|2005473.103.peg.865    0.428  21  0.595  21  0.916  18  0.831   0.687 Y  0.450      SignalP-TM
fig|2005473.103.peg.865    0.692  21  0.809  21  0.966  15  0.935   0.868 Y  0.570      SignalP-noTM
fig|2005473.103.peg.866    0.482  33  0.612  23  0.878  18  0.763   0.671 Y  0.450      SignalP-TM
fig|2005473.103.peg.866    0.559  23  0.702  23  0.933   4  0.898   0.794 Y  0.570      SignalP-noTM
fig|2005473.103.peg.867    0.175  41  0.342  25  0.917   3  0.846   0.578 Y  0.570      SignalP-noTM
fig|2005473.103.peg.867    0.196  27  0.347  27  0.811   7  0.669   0.473 Y  0.450      SignalP-TM
fig|2005473.103.peg.868    0.347  21  0.570  21  0.973  11  0.931   0.739 Y  0.570      SignalP-noTM
fig|2005473.103.peg.868    0.477  35  0.403  35  0.923  10  0.623   0.489 Y  0.450      SignalP-TM
fig|2005473.103.peg.871    0.148  20  0.327  14  0.816   9  0.780   0.503 Y  0.450      SignalP-TM
fig|2005473.103.peg.871    0.314  20  0.526  20  0.943  10  0.894   0.699 Y  0.570      SignalP-noTM
fig|2005473.103.peg.872    0.260  26  0.446  26  0.936  14  0.803   0.585 Y  0.450      SignalP-TM
fig|2005473.103.peg.872    0.383  24  0.536  24  0.903   3  0.800   0.660 Y  0.570      SignalP-noTM
fig|2005473.103.peg.873    0.244  25  0.404  25  0.868   5  0.732   0.532 Y  0.450      SignalP-TM
fig|2005473.103.peg.873    0.443  20  0.616  20  0.904  11  0.868   0.735 Y  0.570      SignalP-noTM
fig|2005473.103.peg.874    0.364  33  0.431  33  0.931  16  0.734   0.549 Y  0.450      SignalP-TM
fig|2005473.103.peg.874    0.681  26  0.702  26  0.955  17  0.822   0.758 Y  0.570      SignalP-noTM
fig|2005473.103.peg.89     0.506  23  0.643  23  0.932   7  0.842   0.721 Y  0.450      SignalP-TM
fig|2005473.103.peg.89     0.716  23  0.813  23  0.963  19  0.932   0.869 Y  0.570      SignalP-noTM
fig|2005473.103.peg.899    0.261  28  0.372  28  0.716  11  0.589   0.457 Y  0.450      SignalP-TM
fig|2005473.103.peg.9      0.334  24  0.522  24  0.949  21  0.815   0.660 Y  0.570      SignalP-noTM
fig|2005473.103.peg.900    0.182  25  0.323  25  0.814   4  0.659   0.454 Y  0.450      SignalP-TM
fig|2005473.103.peg.900    0.267  19  0.505  19  0.971  18  0.951   0.714 Y  0.570      SignalP-noTM
fig|2005473.103.peg.908    0.511  21  0.606  21  0.900  17  0.697   0.641 Y  0.450      SignalP-TM
fig|2005473.103.peg.908    0.630  21  0.724  21  0.904  10  0.822   0.770 Y  0.570      SignalP-noTM
fig|2005473.103.peg.915    0.348  26  0.531  26  0.909  15  0.793   0.633 Y  0.450      SignalP-TM
fig|2005473.103.peg.915    0.538  26  0.712  26  0.983  20  0.947   0.822 Y  0.570      SignalP-noTM
fig|2005473.103.peg.917    0.457  29  0.547  29  0.938  18  0.768   0.651 Y  0.570      SignalP-noTM
fig|2005473.103.peg.918    0.372  25  0.425  25  0.604  10  0.496   0.453 Y  0.450      SignalP-TM
fig|2005473.103.peg.919    0.158  27  0.351  23  0.917   4  0.824   0.574 Y  0.570      SignalP-noTM
fig|2005473.103.peg.940    0.370  29  0.602  29  0.997  19  0.963   0.771 Y  0.570      SignalP-noTM
fig|2005473.103.peg.940    0.500  31  0.663  31  0.968  17  0.880   0.748 Y  0.450      SignalP-TM
fig|2005473.103.peg.969    0.173  35  0.329  35  0.847  11  0.691   0.471 Y  0.450      SignalP-TM
fig|2005473.103.peg.972    0.226  31  0.358  31  0.736   7  0.620   0.460 Y  0.450      SignalP-TM
fig|2005473.103.peg.991    0.184  34  0.343  21  0.840  18  0.791   0.518 Y  0.450      SignalP-TM
