fig|2005473.102.peg.1003   0.229  29  0.383  29  0.911  12  0.773   0.535 Y  0.450      SignalP-TM
fig|2005473.102.peg.1007   0.353  21  0.578  21  0.973  14  0.923   0.713 Y  0.450      SignalP-TM
fig|2005473.102.peg.1007   0.406  20  0.628  20  0.982  18  0.956   0.782 Y  0.570      SignalP-noTM
fig|2005473.102.peg.1009   0.249  21  0.433  21  0.868  12  0.772   0.592 Y  0.570      SignalP-noTM
fig|2005473.102.peg.1009   0.656  31  0.610  31  0.867  18  0.703   0.646 Y  0.450      SignalP-TM
fig|2005473.102.peg.1014   0.144  26  0.272  11  0.802   7  0.757   0.461 Y  0.450      SignalP-TM
fig|2005473.102.peg.1020   0.243  33  0.404  30  0.946  14  0.833   0.571 Y  0.450      SignalP-TM
fig|2005473.102.peg.1020   0.639  23  0.757  23  0.973  13  0.913   0.830 Y  0.570      SignalP-noTM
fig|2005473.102.peg.1021   0.303  46  0.446  46  0.864  42  0.617   0.512 Y  0.450      SignalP-TM
fig|2005473.102.peg.1023   0.388  29  0.473  16  0.967   6  0.935   0.690 Y  0.570      SignalP-noTM
fig|2005473.102.peg.1023   0.495  29  0.585  29  0.954  13  0.787   0.664 Y  0.450      SignalP-TM
fig|2005473.102.peg.103    0.157  27  0.348  15  0.935   6  0.911   0.613 Y  0.570      SignalP-noTM
fig|2005473.102.peg.103    0.173  38  0.374  15  0.873   7  0.810   0.544 Y  0.450      SignalP-TM
fig|2005473.102.peg.1033   0.361  23  0.487  23  0.819  19  0.637   0.545 Y  0.450      SignalP-TM
fig|2005473.102.peg.1033   0.810  23  0.775  23  0.882  19  0.715   0.747 Y  0.570      SignalP-noTM
fig|2005473.102.peg.1034   0.231  21  0.441  21  0.933  17  0.844   0.598 Y  0.450      SignalP-TM
fig|2005473.102.peg.1034   0.683  21  0.737  21  0.899   1  0.810   0.772 Y  0.570      SignalP-noTM
fig|2005473.102.peg.1035   0.145  18  0.361  18  0.941  14  0.875   0.562 Y  0.450      SignalP-TM
fig|2005473.102.peg.1035   0.202  24  0.435  24  0.953  22  0.931   0.668 Y  0.570      SignalP-noTM
fig|2005473.102.peg.1038   0.216  23  0.367  23  0.730   6  0.651   0.477 Y  0.450      SignalP-TM
fig|2005473.102.peg.1038   0.416  23  0.570  23  0.899   1  0.818   0.687 Y  0.570      SignalP-noTM
fig|2005473.102.peg.1039   0.155  24  0.363  24  0.940  15  0.870   0.602 Y  0.570      SignalP-noTM
fig|2005473.102.peg.1039   0.221  24  0.432  24  0.879  10  0.807   0.578 Y  0.450      SignalP-TM
fig|2005473.102.peg.1045   0.594  24  0.751  24  0.973  13  0.922   0.818 Y  0.450      SignalP-TM
fig|2005473.102.peg.1045   0.603  24  0.768  24  0.992  14  0.969   0.863 Y  0.570      SignalP-noTM
fig|2005473.102.peg.1048   0.142  20  0.325  20  0.862  17  0.753   0.492 Y  0.450      SignalP-TM
fig|2005473.102.peg.1048   0.394  20  0.592  20  0.939  16  0.881   0.728 Y  0.570      SignalP-noTM
fig|2005473.102.peg.1049   0.196  22  0.380  22  0.841   1  0.761   0.529 Y  0.450      SignalP-TM
fig|2005473.102.peg.1049   0.527  19  0.709  19  0.968  18  0.945   0.820 Y  0.570      SignalP-noTM
fig|2005473.102.peg.1050   0.265  21  0.424  21  0.761   3  0.695   0.530 Y  0.450      SignalP-TM
fig|2005473.102.peg.1050   0.513  21  0.673  21  0.944  10  0.886   0.773 Y  0.570      SignalP-noTM
fig|2005473.102.peg.1052   0.136  27  0.298  26  0.837   6  0.693   0.452 Y  0.450      SignalP-TM
fig|2005473.102.peg.1054   0.209  36  0.409  23  0.993  13  0.969   0.672 Y  0.570      SignalP-noTM
fig|2005473.102.peg.1054   0.370  39  0.419  39  0.965  13  0.752   0.549 Y  0.450      SignalP-TM
fig|2005473.102.peg.1055   0.191  34  0.338  26  0.877  11  0.738   0.494 Y  0.450      SignalP-TM
fig|2005473.102.peg.1055   0.206  47  0.412  27  0.967   8  0.903   0.643 Y  0.570      SignalP-noTM
fig|2005473.102.peg.1058   0.496  17  0.613  17  0.867   8  0.773   0.688 Y  0.570      SignalP-noTM
fig|2005473.102.peg.1062   0.266  23  0.460  23  0.901  18  0.799   0.592 Y  0.450      SignalP-TM
fig|2005473.102.peg.1064   0.226  63  0.360  21  0.921   6  0.841   0.548 Y  0.450      SignalP-TM
fig|2005473.102.peg.1064   0.269  21  0.456  21  0.848  17  0.791   0.580 Y  0.510      SignalP-TM
fig|2005473.102.peg.1071   0.278  21  0.498  21  0.930   5  0.894   0.653 Y  0.450      SignalP-TM
fig|2005473.102.peg.1071   0.489  21  0.676  21  0.972  20  0.936   0.798 Y  0.570      SignalP-noTM
fig|2005473.102.peg.1074   0.407  21  0.468  21  0.663  18  0.527   0.491 Y  0.450      SignalP-TM
fig|2005473.102.peg.1076   0.270  29  0.402  29  0.948   3  0.777   0.578 Y  0.570      SignalP-noTM
fig|2005473.102.peg.1076   0.279  35  0.427  29  0.913  17  0.768   0.560 Y  0.450      SignalP-TM
fig|2005473.102.peg.1080   0.201  54  0.325  22  0.937   7  0.866   0.536 Y  0.450      SignalP-TM
fig|2005473.102.peg.1080   0.235  24  0.442  24  0.970  12  0.884   0.650 Y  0.570      SignalP-noTM
fig|2005473.102.peg.1081   0.225  24  0.421  24  0.941   1  0.844   0.619 Y  0.570      SignalP-noTM
fig|2005473.102.peg.1094   0.320  25  0.516  20  0.964  18  0.927   0.709 Y  0.570      SignalP-noTM
fig|2005473.102.peg.1094   0.415  25  0.525  25  0.889   8  0.725   0.603 Y  0.450      SignalP-TM
fig|2005473.102.peg.1099   0.145  26  0.302  23  0.820   9  0.700   0.458 Y  0.450      SignalP-TM
fig|2005473.102.peg.1099   0.520  23  0.675  23  0.935  18  0.870   0.767 Y  0.570      SignalP-noTM
fig|2005473.102.peg.1108   0.213  23  0.375  23  0.841   7  0.712   0.506 Y  0.450      SignalP-TM
fig|2005473.102.peg.1111   0.675  26  0.656  26  0.796  18  0.594   0.632 Y  0.450      SignalP-TM
fig|2005473.102.peg.1116   0.397  28  0.476  28  0.873   3  0.695   0.579 Y  0.570      SignalP-noTM
fig|2005473.102.peg.1116   0.424  33  0.487  33  0.824   4  0.667   0.557 Y  0.450      SignalP-TM
fig|2005473.102.peg.1119   0.367  23  0.538  23  0.865  17  0.784   0.634 Y  0.450      SignalP-TM
fig|2005473.102.peg.1119   0.430  23  0.597  23  0.910  18  0.851   0.716 Y  0.570      SignalP-noTM
fig|2005473.102.peg.1120   0.333  22  0.537  22  0.923   7  0.873   0.668 Y  0.450      SignalP-TM
fig|2005473.102.peg.1120   0.602  22  0.766  22  0.990  19  0.968   0.861 Y  0.570      SignalP-noTM
fig|2005473.102.peg.1121   0.288  29  0.448  29  0.850  25  0.665   0.532 Y  0.450      SignalP-TM
fig|2005473.102.peg.1126   0.208  22  0.372  22  0.783  18  0.673   0.489 Y  0.450      SignalP-TM
fig|2005473.102.peg.1127   0.166  21  0.381  21  0.939   7  0.891   0.620 Y  0.570      SignalP-noTM
fig|2005473.102.peg.1127   0.187  28  0.363  23  0.816  19  0.738   0.509 Y  0.450      SignalP-TM
fig|2005473.102.peg.1128   0.194  27  0.367  21  0.865  18  0.807   0.539 Y  0.450      SignalP-TM
fig|2005473.102.peg.1128   0.241  21  0.453  21  0.935   9  0.864   0.646 Y  0.570      SignalP-noTM
fig|2005473.102.peg.113    0.232  25  0.445  25  0.958  13  0.887   0.652 Y  0.570      SignalP-noTM
fig|2005473.102.peg.1135   0.307  26  0.469  26  0.868   9  0.745   0.577 Y  0.450      SignalP-TM
fig|2005473.102.peg.1135   0.482  26  0.588  26  0.862  10  0.740   0.660 Y  0.570      SignalP-noTM
fig|2005473.102.peg.114    0.447  33  0.518  33  0.904  10  0.742   0.606 Y  0.450      SignalP-TM
fig|2005473.102.peg.1160   0.272  27  0.418  27  0.808  18  0.637   0.504 Y  0.450      SignalP-TM
fig|2005473.102.peg.1160   0.671  27  0.633  27  0.951  13  0.746   0.686 Y  0.570      SignalP-noTM
fig|2005473.102.peg.1162   0.526  22  0.533  22  0.623  16  0.538   0.535 Y  0.450      SignalP-TM
fig|2005473.102.peg.1168   0.149  31  0.325  26  0.825  23  0.740   0.487 Y  0.450      SignalP-TM
fig|2005473.102.peg.1169   0.424  28  0.539  28  0.797  14  0.703   0.603 Y  0.450      SignalP-TM
fig|2005473.102.peg.1170   0.274  20  0.479  20  0.909  10  0.853   0.655 Y  0.570      SignalP-noTM
fig|2005473.102.peg.1171   0.234  25  0.354  25  0.855   2  0.651   0.470 Y  0.450      SignalP-TM
fig|2005473.102.peg.1171   0.430  21  0.571  21  0.913  11  0.806   0.681 Y  0.570      SignalP-noTM
fig|2005473.102.peg.1172   0.340  23  0.514  23  0.909   7  0.797   0.625 Y  0.450      SignalP-TM
fig|2005473.102.peg.1172   0.544  23  0.698  23  0.954   3  0.916   0.800 Y  0.570      SignalP-noTM
fig|2005473.102.peg.1173   0.143  23  0.302  15  0.850   1  0.741   0.473 Y  0.450      SignalP-TM
fig|2005473.102.peg.1173   0.242  21  0.458  21  0.920  12  0.875   0.654 Y  0.570      SignalP-noTM
fig|2005473.102.peg.1178   0.228  20  0.399  20  0.862   1  0.743   0.533 Y  0.450      SignalP-TM
fig|2005473.102.peg.1178   0.582  20  0.706  20  0.927  11  0.860   0.778 Y  0.570      SignalP-noTM
fig|2005473.102.peg.1187   0.169  20  0.335  20  0.724   9  0.666   0.464 Y  0.450      SignalP-TM
fig|2005473.102.peg.1187   0.879  20  0.891  20  0.936  18  0.894   0.892 Y  0.570      SignalP-noTM
fig|2005473.102.peg.1191   0.473  23  0.597  23  0.918   7  0.796   0.674 Y  0.450      SignalP-TM
fig|2005473.102.peg.1191   0.595  23  0.727  23  0.960   9  0.908   0.812 Y  0.570      SignalP-noTM
fig|2005473.102.peg.1192   0.231  22  0.402  22  0.919   4  0.771   0.546 Y  0.450      SignalP-TM
fig|2005473.102.peg.1192   0.576  22  0.697  22  0.946   7  0.881   0.783 Y  0.570      SignalP-noTM
fig|2005473.102.peg.1193   0.148  23  0.323  23  0.875  17  0.735   0.484 Y  0.450      SignalP-TM
fig|2005473.102.peg.1193   0.500  23  0.657  23  0.981  11  0.902   0.772 Y  0.570      SignalP-noTM
fig|2005473.102.peg.1195   0.247  27  0.377  27  0.920   3  0.720   0.511 Y  0.450      SignalP-TM
fig|2005473.102.peg.1195   0.290  23  0.475  23  0.972   9  0.855   0.653 Y  0.570      SignalP-noTM
fig|2005473.102.peg.1197   0.523  22  0.594  22  0.853  16  0.719   0.643 Y  0.450      SignalP-TM
fig|2005473.102.peg.1197   0.771  22  0.768  22  0.907   1  0.819   0.792 Y  0.570      SignalP-noTM
fig|2005473.102.peg.1198   0.255  28  0.377  28  0.901  17  0.659   0.487 Y  0.450      SignalP-TM
fig|2005473.102.peg.1198   0.334  20  0.490  20  0.867   1  0.750   0.612 Y  0.570      SignalP-noTM
fig|2005473.102.peg.1199   0.425  24  0.577  24  0.936  19  0.775   0.654 Y  0.450      SignalP-TM
fig|2005473.102.peg.1199   0.719  23  0.795  23  0.956  10  0.893   0.841 Y  0.570      SignalP-noTM
fig|2005473.102.peg.1200   0.319  31  0.376  31  0.853   4  0.635   0.477 Y  0.450      SignalP-TM
fig|2005473.102.peg.1200   0.432  20  0.624  20  0.932   2  0.905   0.756 Y  0.570      SignalP-noTM
fig|2005473.102.peg.1201   0.191  30  0.312  30  0.877   6  0.679   0.455 Y  0.450      SignalP-TM
fig|2005473.102.peg.1202   0.279  32  0.377  32  0.920   4  0.714   0.508 Y  0.450      SignalP-TM
fig|2005473.102.peg.1202   0.481  20  0.686  20  0.988  10  0.966   0.818 Y  0.570      SignalP-noTM
fig|2005473.102.peg.1205   0.328  21  0.472  21  0.919  12  0.731   0.594 Y  0.570      SignalP-noTM
fig|2005473.102.peg.1224   0.612  24  0.638  24  0.875   1  0.740   0.686 Y  0.570      SignalP-noTM
fig|2005473.102.peg.1232   0.300  21  0.470  21  0.799  19  0.741   0.576 Y  0.450      SignalP-TM
fig|2005473.102.peg.1232   0.527  21  0.701  21  0.953  20  0.914   0.801 Y  0.570      SignalP-noTM
fig|2005473.102.peg.1240   0.149  26  0.321  24  0.874  18  0.732   0.481 Y  0.450      SignalP-TM
fig|2005473.102.peg.1240   0.275  26  0.437  26  0.934   9  0.805   0.610 Y  0.570      SignalP-noTM
fig|2005473.102.peg.1245   0.734  23  0.726  23  0.811  18  0.723   0.725 Y  0.450      SignalP-TM
fig|2005473.102.peg.1245   0.774  23  0.845  23  0.941  20  0.897   0.869 Y  0.570      SignalP-noTM
fig|2005473.102.peg.1249   0.341  26  0.479  26  0.897   8  0.743   0.582 Y  0.450      SignalP-TM
fig|2005473.102.peg.1249   0.460  21  0.669  21  0.983  10  0.967   0.809 Y  0.570      SignalP-noTM
fig|2005473.102.peg.1260   0.294  20  0.474  20  0.836   7  0.779   0.593 Y  0.450      SignalP-TM
fig|2005473.102.peg.1260   0.677  20  0.733  20  0.874  17  0.811   0.770 Y  0.570      SignalP-noTM
fig|2005473.102.peg.1265   0.211  21  0.433  21  0.930  18  0.878   0.606 Y  0.450      SignalP-TM
fig|2005473.102.peg.1265   0.841  21  0.861  21  0.943  17  0.881   0.870 Y  0.570      SignalP-noTM
fig|2005473.102.peg.1275   0.271  33  0.400  33  0.816  19  0.649   0.497 Y  0.450      SignalP-TM
fig|2005473.102.peg.1275   0.349  30  0.552  30  0.954  26  0.799   0.668 Y  0.570      SignalP-noTM
fig|2005473.102.peg.1280   0.311  40  0.407  34  0.742  16  0.601   0.483 Y  0.450      SignalP-TM
fig|2005473.102.peg.1301   0.311  43  0.359  29  0.791   2  0.592   0.450 Y  0.450      SignalP-TM
fig|2005473.102.peg.1304   0.403  24  0.597  24  0.930   4  0.897   0.714 Y  0.450      SignalP-TM
fig|2005473.102.peg.1304   0.652  24  0.767  24  0.992  10  0.930   0.844 Y  0.570      SignalP-noTM
fig|2005473.102.peg.1305   0.197  20  0.415  20  0.926   6  0.889   0.638 Y  0.570      SignalP-noTM
fig|2005473.102.peg.1306   0.535  33  0.594  33  0.844   7  0.728   0.646 Y  0.450      SignalP-TM
fig|2005473.102.peg.1309   0.429  26  0.489  26  0.848  17  0.621   0.541 Y  0.450      SignalP-TM
fig|2005473.102.peg.1309   0.751  21  0.827  21  0.933  17  0.901   0.862 Y  0.570      SignalP-noTM
fig|2005473.102.peg.132    0.346  24  0.492  24  0.784  17  0.689   0.569 Y  0.450      SignalP-TM
fig|2005473.102.peg.132    0.511  24  0.635  24  0.921  15  0.812   0.718 Y  0.570      SignalP-noTM
fig|2005473.102.peg.1321   0.399  49  0.529  49  0.854  45  0.406   0.481 Y  0.450      SignalP-TM
fig|2005473.102.peg.1323   0.339  22  0.476  22  0.795  17  0.688   0.559 Y  0.450      SignalP-TM
fig|2005473.102.peg.1323   0.670  22  0.775  22  0.953  20  0.896   0.831 Y  0.570      SignalP-noTM
fig|2005473.102.peg.1329   0.198  21  0.371  21  0.767  10  0.703   0.500 Y  0.450      SignalP-TM
fig|2005473.102.peg.1329   0.718  21  0.781  21  0.919  18  0.854   0.815 Y  0.570      SignalP-noTM
fig|2005473.102.peg.133    0.621  27  0.755  27  0.983  12  0.926   0.822 Y  0.450      SignalP-TM
fig|2005473.102.peg.133    0.791  27  0.830  27  0.990  10  0.923   0.873 Y  0.570      SignalP-noTM
fig|2005473.102.peg.1340   0.409  28  0.560  28  0.917  15  0.791   0.650 Y  0.450      SignalP-TM
fig|2005473.102.peg.1340   0.490  22  0.666  22  0.957  15  0.888   0.770 Y  0.570      SignalP-noTM
fig|2005473.102.peg.1342   0.359  25  0.493  20  0.876  16  0.804   0.614 Y  0.450      SignalP-TM
fig|2005473.102.peg.1342   0.379  20  0.587  20  0.951  16  0.907   0.738 Y  0.570      SignalP-noTM
fig|2005473.102.peg.1344   0.146  37  0.274  13  0.801  10  0.747   0.458 Y  0.450      SignalP-TM
fig|2005473.102.peg.1345   0.618  26  0.742  26  0.968   5  0.915   0.809 Y  0.450      SignalP-TM
fig|2005473.102.peg.1345   0.699  26  0.746  26  0.973   9  0.876   0.807 Y  0.570      SignalP-noTM
fig|2005473.102.peg.1349   0.234  26  0.437  24  0.929   5  0.847   0.629 Y  0.570      SignalP-noTM
fig|2005473.102.peg.1349   0.284  26  0.422  26  0.799  22  0.625   0.501 Y  0.450      SignalP-TM
fig|2005473.102.peg.1350   0.154  26  0.364  26  0.927  21  0.845   0.552 Y  0.450      SignalP-TM
fig|2005473.102.peg.1350   0.499  26  0.689  26  0.983  12  0.946   0.810 Y  0.570      SignalP-noTM
fig|2005473.102.peg.1352   0.196  34  0.374  20  0.842   7  0.760   0.525 Y  0.450      SignalP-TM
fig|2005473.102.peg.1352   0.393  26  0.542  26  0.943   9  0.834   0.679 Y  0.570      SignalP-noTM
fig|2005473.102.peg.1356   0.296  35  0.524  35  0.962  30  0.745   0.628 Y  0.570      SignalP-noTM
fig|2005473.102.peg.1356   0.386  40  0.519  40  0.918  25  0.650   0.570 Y  0.450      SignalP-TM
fig|2005473.102.peg.1363   0.530  22  0.618  22  0.811  19  0.715   0.656 Y  0.450      SignalP-TM
fig|2005473.102.peg.1363   0.736  22  0.816  22  0.944  11  0.913   0.862 Y  0.570      SignalP-noTM
fig|2005473.102.peg.1364   0.351  29  0.494  29  0.894  23  0.707   0.577 Y  0.450      SignalP-TM
fig|2005473.102.peg.1364   0.605  26  0.726  26  0.961  22  0.848   0.783 Y  0.570      SignalP-noTM
fig|2005473.102.peg.137    0.172  16  0.351  16  0.810   6  0.716   0.493 Y  0.450      SignalP-TM
fig|2005473.102.peg.1412   0.217  23  0.372  23  0.869   1  0.688   0.495 Y  0.450      SignalP-TM
fig|2005473.102.peg.1412   0.331  23  0.496  23  0.904  16  0.769   0.624 Y  0.570      SignalP-noTM
fig|2005473.102.peg.1415   0.254  31  0.405  26  0.845  20  0.738   0.535 Y  0.450      SignalP-TM
fig|2005473.102.peg.1415   0.405  26  0.583  26  0.953  22  0.864   0.715 Y  0.570      SignalP-noTM
fig|2005473.102.peg.1416   0.816  22  0.834  22  0.953   4  0.883   0.853 Y  0.450      SignalP-TM
fig|2005473.102.peg.1416   0.908  22  0.916  22  0.954   8  0.930   0.923 Y  0.570      SignalP-noTM
fig|2005473.102.peg.1417   0.412  17  0.537  17  0.833   3  0.730   0.628 Y  0.570      SignalP-noTM
fig|2005473.102.peg.1419   0.206  31  0.357  25  0.920  16  0.749   0.509 Y  0.450      SignalP-TM
fig|2005473.102.peg.1419   0.412  20  0.611  20  0.935  11  0.906   0.750 Y  0.570      SignalP-noTM
fig|2005473.102.peg.1426   0.231  25  0.407  25  0.933   7  0.816   0.599 Y  0.570      SignalP-noTM
fig|2005473.102.peg.1426   0.372  30  0.493  30  0.921   8  0.779   0.605 Y  0.450      SignalP-TM
fig|2005473.102.peg.1432   0.672  34  0.644  34  0.848   8  0.724   0.675 Y  0.450      SignalP-TM
fig|2005473.102.peg.1435   0.371  31  0.465  23  0.864  12  0.745   0.574 Y  0.450      SignalP-TM
fig|2005473.102.peg.1439   0.504  41  0.676  41  0.979  35  0.635   0.657 Y  0.570      SignalP-noTM
fig|2005473.102.peg.1440   0.300  25  0.440  25  0.931   8  0.765   0.567 Y  0.450      SignalP-TM
fig|2005473.102.peg.1440   0.394  25  0.453  25  0.896   4  0.676   0.536 Y  0.510      SignalP-TM
fig|2005473.102.peg.1443   0.270  23  0.375  23  0.894   1  0.617   0.469 Y  0.450      SignalP-TM
fig|2005473.102.peg.1443   0.532  21  0.594  21  0.853  10  0.704   0.646 Y  0.570      SignalP-noTM
fig|2005473.102.peg.1447   0.740  25  0.763  25  0.919   5  0.829   0.789 Y  0.450      SignalP-TM
fig|2005473.102.peg.1447   0.845  25  0.847  25  0.966  10  0.893   0.869 Y  0.570      SignalP-noTM
fig|2005473.102.peg.1449   0.194  25  0.367  25  0.789  18  0.662   0.482 Y  0.450      SignalP-TM
fig|2005473.102.peg.1452   0.403  35  0.589  35  0.927  32  0.711   0.646 Y  0.570      SignalP-noTM
fig|2005473.102.peg.1453   0.290  25  0.500  25  0.953  21  0.894   0.685 Y  0.570      SignalP-noTM
fig|2005473.102.peg.1453   0.614  25  0.711  25  0.910  10  0.847   0.764 Y  0.450      SignalP-TM
fig|2005473.102.peg.1463   0.380  25  0.608  25  0.988  12  0.955   0.771 Y  0.570      SignalP-noTM
fig|2005473.102.peg.1463   0.393  28  0.599  28  0.948  22  0.860   0.701 Y  0.450      SignalP-TM
fig|2005473.102.peg.1468   0.247  24  0.395  24  0.855  16  0.700   0.514 Y  0.450      SignalP-TM
fig|2005473.102.peg.1468   0.331  19  0.545  19  0.926   6  0.905   0.714 Y  0.570      SignalP-noTM
fig|2005473.102.peg.1472   0.653  25  0.748  25  0.898  22  0.860   0.792 Y  0.450      SignalP-TM
fig|2005473.102.peg.1472   0.894  25  0.902  25  0.971  10  0.924   0.912 Y  0.570      SignalP-noTM
fig|2005473.102.peg.1475   0.396  22  0.562  22  0.893  18  0.784   0.649 Y  0.450      SignalP-TM
fig|2005473.102.peg.1475   0.818  22  0.867  22  0.968  10  0.927   0.895 Y  0.570      SignalP-noTM
fig|2005473.102.peg.1482   0.475  28  0.496  21  0.779  16  0.714   0.581 Y  0.450      SignalP-TM
fig|2005473.102.peg.1482   0.845  21  0.867  21  0.957  17  0.895   0.881 Y  0.570      SignalP-noTM
fig|2005473.102.peg.1483   0.315  21  0.511  21  0.934   4  0.857   0.646 Y  0.450      SignalP-TM
fig|2005473.102.peg.1483   0.619  21  0.751  21  0.949   8  0.920   0.830 Y  0.570      SignalP-noTM
fig|2005473.102.peg.1489   0.436  20  0.551  20  0.838   3  0.732   0.622 Y  0.450      SignalP-TM
fig|2005473.102.peg.1489   0.746  20  0.777  20  0.910  13  0.806   0.791 Y  0.570      SignalP-noTM
fig|2005473.102.peg.1498   0.227  23  0.409  23  0.862  15  0.741   0.538 Y  0.450      SignalP-TM
fig|2005473.102.peg.1498   0.247  18  0.451  18  0.895  13  0.815   0.622 Y  0.570      SignalP-noTM
fig|2005473.102.peg.1520   0.289  33  0.423  33  0.818  13  0.689   0.527 Y  0.450      SignalP-TM
fig|2005473.102.peg.1522   0.482  28  0.494  28  0.726  25  0.445   0.475 Y  0.450      SignalP-TM
fig|2005473.102.peg.1526   0.168  34  0.382  20  0.958   5  0.935   0.598 Y  0.450      SignalP-TM
fig|2005473.102.peg.1526   0.176  22  0.398  22  0.975  10  0.911   0.639 Y  0.570      SignalP-noTM
fig|2005473.102.peg.1535   0.173  64  0.285  11  0.901   1  0.795   0.484 Y  0.450      SignalP-TM
fig|2005473.102.peg.1549   0.212  20  0.379  20  0.775  12  0.664   0.490 Y  0.450      SignalP-TM
fig|2005473.102.peg.1549   0.295  20  0.509  20  0.934  17  0.887   0.687 Y  0.570      SignalP-noTM
fig|2005473.102.peg.1550   0.171  25  0.383  25  0.956  10  0.901   0.627 Y  0.570      SignalP-noTM
fig|2005473.102.peg.1550   0.185  27  0.367  27  0.911  15  0.804   0.537 Y  0.450      SignalP-TM
fig|2005473.102.peg.1551   0.151  33  0.306  24  0.828   6  0.713   0.465 Y  0.450      SignalP-TM
fig|2005473.102.peg.1551   0.320  24  0.483  24  0.912   1  0.789   0.627 Y  0.570      SignalP-noTM
fig|2005473.102.peg.1552   0.580  24  0.702  24  0.928   9  0.869   0.767 Y  0.450      SignalP-TM
fig|2005473.102.peg.1552   0.643  24  0.697  24  0.960  11  0.838   0.763 Y  0.570      SignalP-noTM
fig|2005473.102.peg.1555   0.370  20  0.533  20  0.874  18  0.766   0.624 Y  0.450      SignalP-TM
fig|2005473.102.peg.1555   0.733  20  0.798  20  0.935  10  0.867   0.830 Y  0.570      SignalP-noTM
fig|2005473.102.peg.1565   0.177  28  0.313  28  0.883   8  0.695   0.462 Y  0.450      SignalP-TM
fig|2005473.102.peg.1570   0.373  27  0.519  27  0.972  18  0.811   0.656 Y  0.570      SignalP-noTM
fig|2005473.102.peg.1570   0.430  27  0.567  27  0.915  10  0.783   0.651 Y  0.450      SignalP-TM
fig|2005473.102.peg.16     0.652  22  0.731  22  0.907  18  0.790   0.759 Y  0.570      SignalP-noTM
fig|2005473.102.peg.1611   0.229  23  0.443  23  0.921   3  0.880   0.648 Y  0.570      SignalP-noTM
fig|2005473.102.peg.1611   0.236  28  0.388  28  0.900  15  0.736   0.524 Y  0.450      SignalP-TM
fig|2005473.102.peg.1628   0.196  24  0.339  24  0.840   8  0.676   0.470 Y  0.450      SignalP-TM
fig|2005473.102.peg.1628   0.202  19  0.418  19  0.927  17  0.866   0.629 Y  0.570      SignalP-noTM
fig|2005473.102.peg.1655   0.416  27  0.603  27  0.945  19  0.843   0.696 Y  0.450      SignalP-TM
fig|2005473.102.peg.1655   0.513  28  0.644  28  0.951  10  0.871   0.751 Y  0.570      SignalP-noTM
fig|2005473.102.peg.1660   0.336  21  0.554  21  0.948   8  0.916   0.696 Y  0.450      SignalP-TM
fig|2005473.102.peg.1660   0.797  21  0.883  21  0.986  12  0.964   0.921 Y  0.570      SignalP-noTM
fig|2005473.102.peg.1662   0.361  28  0.523  20  0.937   3  0.887   0.694 Y  0.570      SignalP-noTM
fig|2005473.102.peg.1662   0.455  28  0.623  28  0.915  19  0.844   0.709 Y  0.450      SignalP-TM
fig|2005473.102.peg.1663   0.238  29  0.459  21  0.927  17  0.877   0.622 Y  0.450      SignalP-TM
fig|2005473.102.peg.1663   0.627  21  0.764  21  0.958  10  0.932   0.843 Y  0.570      SignalP-noTM
fig|2005473.102.peg.1671   0.343  22  0.571  22  0.971   7  0.952   0.750 Y  0.570      SignalP-noTM
fig|2005473.102.peg.1671   0.456  30  0.611  30  0.981  16  0.879   0.715 Y  0.450      SignalP-TM
fig|2005473.102.peg.1673   0.430  30  0.560  30  0.940  18  0.813   0.659 Y  0.450      SignalP-TM
fig|2005473.102.peg.1673   0.613  30  0.629  30  0.971  10  0.802   0.710 Y  0.570      SignalP-noTM
fig|2005473.102.peg.1683   0.389  20  0.531  20  0.836  16  0.735   0.627 Y  0.570      SignalP-noTM
fig|2005473.102.peg.1683   0.399  20  0.525  20  0.813  17  0.703   0.594 Y  0.450      SignalP-TM
fig|2005473.102.peg.1684   0.609  33  0.643  33  0.963  15  0.817   0.711 Y  0.450      SignalP-TM
fig|2005473.102.peg.1684   0.770  28  0.834  28  0.989  13  0.935   0.881 Y  0.570      SignalP-noTM
fig|2005473.102.peg.1685   0.293  21  0.464  21  0.881   3  0.772   0.584 Y  0.450      SignalP-TM
fig|2005473.102.peg.1685   0.847  21  0.886  21  0.955  17  0.920   0.902 Y  0.570      SignalP-noTM
fig|2005473.102.peg.1686   0.478  21  0.604  21  0.839  18  0.763   0.666 Y  0.450      SignalP-TM
fig|2005473.102.peg.1686   0.748  21  0.814  21  0.918  19  0.877   0.844 Y  0.570      SignalP-noTM
fig|2005473.102.peg.1687   0.202  18  0.368  18  0.767  11  0.672   0.486 Y  0.450      SignalP-TM
fig|2005473.102.peg.1687   0.300  22  0.473  22  0.904  15  0.743   0.600 Y  0.570      SignalP-noTM
fig|2005473.102.peg.1688   0.232  20  0.458  20  0.945  16  0.900   0.666 Y  0.570      SignalP-noTM
fig|2005473.102.peg.1688   0.240  30  0.291  19  0.846   2  0.715   0.456 Y  0.450      SignalP-TM
fig|2005473.102.peg.1691   0.442  23  0.638  23  0.950  21  0.858   0.724 Y  0.450      SignalP-TM
fig|2005473.102.peg.1691   0.864  23  0.916  23  0.979  19  0.950   0.932 Y  0.570      SignalP-noTM
fig|2005473.102.peg.1698   0.619  24  0.585  24  0.895   5  0.680   0.622 Y  0.450      SignalP-TM
fig|2005473.102.peg.1698   0.820  24  0.796  24  0.964   8  0.849   0.821 Y  0.570      SignalP-noTM
fig|2005473.102.peg.1717   0.154  26  0.342  19  0.938  17  0.913   0.610 Y  0.570      SignalP-noTM
fig|2005473.102.peg.1732   0.575  24  0.589  24  0.742  17  0.580   0.586 Y  0.510      SignalP-TM
fig|2005473.102.peg.1732   0.616  24  0.717  24  0.865   9  0.798   0.748 Y  0.450      SignalP-TM
fig|2005473.102.peg.1736   0.613  25  0.733  25  0.962   9  0.893   0.795 Y  0.450      SignalP-TM
fig|2005473.102.peg.1736   0.836  25  0.878  25  0.981  18  0.936   0.905 Y  0.570      SignalP-noTM
fig|2005473.102.peg.1741   0.690  23  0.792  23  0.945  20  0.841   0.811 Y  0.450      SignalP-TM
fig|2005473.102.peg.1741   0.879  23  0.885  23  0.940  19  0.886   0.885 Y  0.570      SignalP-noTM
fig|2005473.102.peg.1746   0.737  23  0.745  23  0.918   7  0.802   0.767 Y  0.450      SignalP-TM
fig|2005473.102.peg.1746   0.791  23  0.855  23  0.970  12  0.928   0.889 Y  0.570      SignalP-noTM
fig|2005473.102.peg.1747   0.295  23  0.415  23  0.829   2  0.639   0.502 Y  0.450      SignalP-TM
fig|2005473.102.peg.1747   0.661  22  0.765  22  0.941  20  0.891   0.825 Y  0.570      SignalP-noTM
fig|2005473.102.peg.176    0.434  23  0.580  23  0.894  16  0.771   0.670 Y  0.570      SignalP-noTM
fig|2005473.102.peg.1766   0.527  28  0.519  28  0.657  16  0.474   0.502 Y  0.450      SignalP-TM
fig|2005473.102.peg.1767   0.271  21  0.461  21  0.879  19  0.795   0.592 Y  0.450      SignalP-TM
fig|2005473.102.peg.1767   0.691  21  0.791  21  0.940  17  0.897   0.841 Y  0.570      SignalP-noTM
fig|2005473.102.peg.177    0.156  26  0.345  22  0.900   7  0.839   0.577 Y  0.570      SignalP-noTM
fig|2005473.102.peg.177    0.174  27  0.279  13  0.862   8  0.786   0.476 Y  0.450      SignalP-TM
fig|2005473.102.peg.1781   0.181  20  0.402  20  0.931  12  0.877   0.587 Y  0.450      SignalP-TM
fig|2005473.102.peg.1781   0.743  20  0.847  20  0.982  11  0.947   0.894 Y  0.570      SignalP-noTM
fig|2005473.102.peg.18     0.193  28  0.363  20  0.815   5  0.720   0.502 Y  0.450      SignalP-TM
fig|2005473.102.peg.18     0.432  20  0.632  20  0.951  16  0.918   0.767 Y  0.570      SignalP-noTM
fig|2005473.102.peg.1823   0.523  32  0.617  32  0.839  19  0.695   0.647 Y  0.450      SignalP-TM
fig|2005473.102.peg.1823   0.806  32  0.845  32  0.986  19  0.877   0.860 Y  0.570      SignalP-noTM
fig|2005473.102.peg.1827   0.179  23  0.360  23  0.838   4  0.751   0.512 Y  0.450      SignalP-TM
fig|2005473.102.peg.1827   0.521  21  0.689  21  0.958  18  0.914   0.795 Y  0.570      SignalP-noTM
fig|2005473.102.peg.1828   0.138  20  0.339  11  0.947  10  0.898   0.602 Y  0.570      SignalP-noTM
fig|2005473.102.peg.1838   0.431  29  0.588  29  0.955  14  0.861   0.694 Y  0.450      SignalP-TM
fig|2005473.102.peg.1838   0.579  26  0.738  21  0.988  13  0.972   0.848 Y  0.570      SignalP-noTM
fig|2005473.102.peg.1844   0.219  19  0.418  19  0.887  18  0.811   0.603 Y  0.570      SignalP-noTM
fig|2005473.102.peg.1845   0.205  25  0.355  25  0.882   5  0.700   0.490 Y  0.450      SignalP-TM
fig|2005473.102.peg.1846   0.145  40  0.291  23  0.821   8  0.715   0.456 Y  0.450      SignalP-TM
fig|2005473.102.peg.1846   0.189  25  0.394  23  0.957  12  0.890   0.627 Y  0.570      SignalP-noTM
fig|2005473.102.peg.1847   0.195  28  0.388  28  0.899  24  0.710   0.513 Y  0.450      SignalP-TM
fig|2005473.102.peg.1847   0.545  28  0.717  28  0.970  21  0.893   0.800 Y  0.570      SignalP-noTM
fig|2005473.102.peg.1869   0.580  22  0.732  22  0.956   9  0.927   0.808 Y  0.450      SignalP-TM
fig|2005473.102.peg.1869   0.781  22  0.872  22  0.989  11  0.967   0.917 Y  0.570      SignalP-noTM
fig|2005473.102.peg.1873   0.212  25  0.364  25  0.869   4  0.705   0.497 Y  0.450      SignalP-TM
fig|2005473.102.peg.1873   0.268  25  0.442  25  0.941   5  0.823   0.621 Y  0.570      SignalP-noTM
fig|2005473.102.peg.1878   0.134  21  0.333  21  0.887  10  0.840   0.531 Y  0.450      SignalP-TM
fig|2005473.102.peg.1878   0.194  21  0.436  21  0.994  12  0.968   0.686 Y  0.570      SignalP-noTM
fig|2005473.102.peg.1888   0.228  27  0.392  27  0.798  19  0.666   0.499 Y  0.450      SignalP-TM
fig|2005473.102.peg.1900   0.401  32  0.482  32  0.732  16  0.554   0.510 Y  0.450      SignalP-TM
fig|2005473.102.peg.1900   0.803  32  0.824  32  0.980  21  0.844   0.833 Y  0.570      SignalP-noTM
fig|2005473.102.peg.1902   0.407  20  0.607  20  0.930  17  0.903   0.722 Y  0.450      SignalP-TM
fig|2005473.102.peg.1902   0.768  20  0.838  20  0.937   8  0.913   0.873 Y  0.570      SignalP-noTM
fig|2005473.102.peg.1903   0.143  23  0.320  23  0.878   6  0.750   0.488 Y  0.450      SignalP-TM
fig|2005473.102.peg.1903   0.361  22  0.564  22  0.954   8  0.900   0.722 Y  0.570      SignalP-noTM
fig|2005473.102.peg.1904   0.157  31  0.355  24  0.944  15  0.881   0.560 Y  0.450      SignalP-TM
fig|2005473.102.peg.1904   0.310  22  0.517  22  0.929   4  0.877   0.686 Y  0.570      SignalP-noTM
fig|2005473.102.peg.1905   0.562  33  0.516  33  0.863  13  0.686   0.582 Y  0.450      SignalP-TM
fig|2005473.102.peg.1906   0.668  30  0.739  30  0.878  27  0.712   0.729 Y  0.450      SignalP-TM
fig|2005473.102.peg.1906   0.767  30  0.807  30  0.976  16  0.893   0.847 Y  0.570      SignalP-noTM
fig|2005473.102.peg.1957   0.231  28  0.420  28  0.919  21  0.543   0.468 Y  0.450      SignalP-TM
fig|2005473.102.peg.1958   0.344  19  0.551  19  0.941  16  0.887   0.682 Y  0.450      SignalP-TM
fig|2005473.102.peg.1958   0.845  19  0.887  19  0.956  15  0.921   0.903 Y  0.570      SignalP-noTM
fig|2005473.102.peg.1977   0.292  20  0.508  20  0.926  11  0.889   0.687 Y  0.570      SignalP-noTM
fig|2005473.102.peg.1979   0.152  34  0.337  22  0.824  16  0.772   0.507 Y  0.450      SignalP-TM
fig|2005473.102.peg.1979   0.432  23  0.626  23  0.949  20  0.858   0.735 Y  0.570      SignalP-noTM
fig|2005473.102.peg.1981   0.175  21  0.356  21  0.762  16  0.698   0.489 Y  0.450      SignalP-TM
fig|2005473.102.peg.1981   0.295  18  0.517  18  0.953  12  0.911   0.703 Y  0.570      SignalP-noTM
fig|2005473.102.peg.1988   0.188  22  0.386  22  0.925   2  0.833   0.596 Y  0.570      SignalP-noTM
fig|2005473.102.peg.1988   0.367  29  0.477  29  0.885   4  0.740   0.579 Y  0.450      SignalP-TM
fig|2005473.102.peg.2035   0.331  32  0.505  32  0.952  16  0.806   0.622 Y  0.450      SignalP-TM
fig|2005473.102.peg.2035   0.524  32  0.676  32  0.995  19  0.918   0.790 Y  0.570      SignalP-noTM
fig|2005473.102.peg.2045   0.539  30  0.602  21  0.991  11  0.948   0.765 Y  0.570      SignalP-noTM
fig|2005473.102.peg.2045   0.817  30  0.722  30  0.939  14  0.785   0.746 Y  0.450      SignalP-TM
fig|2005473.102.peg.2046   0.566  29  0.633  29  0.923  15  0.780   0.690 Y  0.450      SignalP-TM
fig|2005473.102.peg.2049   0.293  31  0.452  31  0.938  17  0.785   0.582 Y  0.450      SignalP-TM
fig|2005473.102.peg.2049   0.431  20  0.645  20  0.979  10  0.961   0.793 Y  0.570      SignalP-noTM
fig|2005473.102.peg.2052   0.219  34  0.401  34  0.992  17  0.866   0.619 Y  0.570      SignalP-noTM
fig|2005473.102.peg.2052   0.460  48  0.490  34  0.930  25  0.805   0.613 Y  0.450      SignalP-TM
fig|2005473.102.peg.2055   0.239  30  0.433  30  0.912  26  0.743   0.554 Y  0.450      SignalP-TM
fig|2005473.102.peg.2055   0.242  30  0.446  30  0.919  21  0.817   0.620 Y  0.570      SignalP-noTM
fig|2005473.102.peg.2060   0.192  21  0.355  21  0.701  20  0.613   0.455 Y  0.450      SignalP-TM
fig|2005473.102.peg.2060   0.295  23  0.498  23  0.930  17  0.842   0.660 Y  0.570      SignalP-noTM
fig|2005473.102.peg.2069   0.257  20  0.416  20  0.804  16  0.666   0.513 Y  0.450      SignalP-TM
fig|2005473.102.peg.2069   0.793  20  0.810  20  0.909  16  0.803   0.806 Y  0.570      SignalP-noTM
fig|2005473.102.peg.2071   0.142  28  0.356  20  0.968  15  0.943   0.632 Y  0.570      SignalP-noTM
fig|2005473.102.peg.2071   0.198  30  0.369  27  0.900  10  0.811   0.541 Y  0.450      SignalP-TM
fig|2005473.102.peg.2072   0.244  27  0.421  27  0.877   9  0.785   0.563 Y  0.450      SignalP-TM
fig|2005473.102.peg.2072   0.806  27  0.881  27  0.985  11  0.957   0.917 Y  0.570      SignalP-noTM
fig|2005473.102.peg.2074   0.319  28  0.410  28  0.698  18  0.564   0.470 Y  0.450      SignalP-TM
fig|2005473.102.peg.2080   0.204  25  0.407  25  0.898  13  0.825   0.570 Y  0.450      SignalP-TM
fig|2005473.102.peg.2080   0.578  25  0.750  25  0.983  13  0.970   0.853 Y  0.570      SignalP-noTM
fig|2005473.102.peg.209    0.371  47  0.465  47  0.840  38  0.585   0.512 Y  0.450      SignalP-TM
fig|2005473.102.peg.2092   0.357  24  0.581  24  0.970  19  0.910   0.709 Y  0.450      SignalP-TM
fig|2005473.102.peg.2092   0.464  24  0.666  24  0.990  12  0.960   0.804 Y  0.570      SignalP-noTM
fig|2005473.102.peg.2099   0.271  42  0.452  42  0.931  30  0.732   0.561 Y  0.450      SignalP-TM
fig|2005473.102.peg.2099   0.326  31  0.568  31  0.998  22  0.919   0.733 Y  0.570      SignalP-noTM
fig|2005473.102.peg.210    0.145  24  0.347  24  0.948   1  0.848   0.583 Y  0.570      SignalP-noTM
fig|2005473.102.peg.210    0.196  30  0.356  30  0.890  13  0.760   0.513 Y  0.450      SignalP-TM
fig|2005473.102.peg.2100   0.227  23  0.412  23  0.898  19  0.788   0.589 Y  0.570      SignalP-noTM
fig|2005473.102.peg.2100   0.455  23  0.552  23  0.857  18  0.689   0.606 Y  0.450      SignalP-TM
fig|2005473.102.peg.2101   0.380  24  0.430  24  0.728   1  0.550   0.477 Y  0.450      SignalP-TM
fig|2005473.102.peg.2101   0.560  24  0.698  24  0.954  20  0.872   0.780 Y  0.570      SignalP-noTM
fig|2005473.102.peg.2103   0.219  23  0.401  23  0.916   4  0.784   0.551 Y  0.450      SignalP-TM
fig|2005473.102.peg.2103   0.520  21  0.648  21  0.923   4  0.850   0.743 Y  0.570      SignalP-noTM
fig|2005473.102.peg.2105   0.198  35  0.419  22  0.960   9  0.919   0.614 Y  0.450      SignalP-TM
fig|2005473.102.peg.2105   0.319  23  0.553  23  0.989  18  0.952   0.740 Y  0.570      SignalP-noTM
fig|2005473.102.peg.211    0.171  34  0.348  18  0.833  14  0.751   0.506 Y  0.450      SignalP-TM
fig|2005473.102.peg.211    0.469  23  0.649  23  0.958  11  0.896   0.765 Y  0.570      SignalP-noTM
fig|2005473.102.peg.2111   0.180  21  0.399  21  0.934  18  0.880   0.587 Y  0.450      SignalP-TM
fig|2005473.102.peg.2111   0.266  22  0.473  22  0.929  19  0.865   0.657 Y  0.570      SignalP-noTM
fig|2005473.102.peg.2115   0.245  28  0.437  28  0.965  11  0.853   0.599 Y  0.450      SignalP-TM
fig|2005473.102.peg.2115   0.494  21  0.694  21  0.985  16  0.972   0.825 Y  0.570      SignalP-noTM
fig|2005473.102.peg.2116   0.281  24  0.444  24  0.867   5  0.755   0.566 Y  0.450      SignalP-TM
fig|2005473.102.peg.2116   0.365  24  0.526  24  0.903   8  0.814   0.661 Y  0.570      SignalP-noTM
fig|2005473.102.peg.2122   0.356  22  0.493  22  0.807   6  0.725   0.583 Y  0.450      SignalP-TM
fig|2005473.102.peg.2122   0.809  22  0.853  22  0.929  11  0.902   0.876 Y  0.570      SignalP-noTM
fig|2005473.102.peg.2187   0.310  29  0.496  29  0.922  16  0.781   0.607 Y  0.450      SignalP-TM
fig|2005473.102.peg.2187   0.347  29  0.535  29  0.977  15  0.851   0.683 Y  0.570      SignalP-noTM
fig|2005473.102.peg.2190   0.283  31  0.375  31  0.820  17  0.613   0.467 Y  0.450      SignalP-TM
fig|2005473.102.peg.2191   0.307  28  0.429  28  0.801  11  0.595   0.494 Y  0.450      SignalP-TM
fig|2005473.102.peg.2191   0.561  28  0.682  28  0.981  19  0.869   0.770 Y  0.570      SignalP-noTM
fig|2005473.102.peg.2196   0.377  24  0.576  24  0.943  14  0.893   0.700 Y  0.450      SignalP-TM
fig|2005473.102.peg.2196   0.532  24  0.668  24  0.953  14  0.877   0.766 Y  0.570      SignalP-noTM
fig|2005473.102.peg.2197   0.206  21  0.448  21  0.982  17  0.947   0.642 Y  0.450      SignalP-TM
fig|2005473.102.peg.2197   0.658  21  0.804  21  0.986  11  0.973   0.883 Y  0.570      SignalP-noTM
fig|2005473.102.peg.2198   0.180  38  0.372  21  0.899   5  0.812   0.544 Y  0.450      SignalP-TM
fig|2005473.102.peg.2198   0.296  21  0.531  21  0.985  11  0.950   0.728 Y  0.570      SignalP-noTM
fig|2005473.102.peg.2199   0.611  26  0.575  26  0.823   8  0.648   0.604 Y  0.450      SignalP-TM
fig|2005473.102.peg.2199   0.730  26  0.753  26  0.910  21  0.802   0.776 Y  0.570      SignalP-noTM
fig|2005473.102.peg.225    0.318  24  0.527  24  0.959  12  0.876   0.663 Y  0.450      SignalP-TM
fig|2005473.102.peg.225    0.407  20  0.617  20  0.957  10  0.919   0.759 Y  0.570      SignalP-noTM
fig|2005473.102.peg.2250   0.716  23  0.579  23  0.751   3  0.565   0.574 Y  0.510      SignalP-TM
fig|2005473.102.peg.2250   0.803  23  0.716  23  0.915   7  0.738   0.724 Y  0.450      SignalP-TM
fig|2005473.102.peg.2254   0.497  17  0.561  17  0.723  15  0.604   0.581 Y  0.570      SignalP-noTM
fig|2005473.102.peg.2255   0.795  23  0.859  23  0.962  16  0.915   0.881 Y  0.450      SignalP-TM
fig|2005473.102.peg.2255   0.887  23  0.890  23  0.932  14  0.902   0.896 Y  0.570      SignalP-noTM
fig|2005473.102.peg.2260   0.764  25  0.755  25  0.922   8  0.788   0.768 Y  0.450      SignalP-TM
fig|2005473.102.peg.2260   0.891  25  0.895  25  0.953  16  0.911   0.903 Y  0.570      SignalP-noTM
fig|2005473.102.peg.2264   0.225  36  0.388  36  0.852  32  0.599   0.471 Y  0.450      SignalP-TM
fig|2005473.102.peg.2264   0.227  36  0.458  36  0.983  21  0.886   0.659 Y  0.570      SignalP-noTM
fig|2005473.102.peg.2267   0.129  54  0.288  13  0.907   1  0.781   0.480 Y  0.450      SignalP-TM
fig|2005473.102.peg.2267   0.527  20  0.664  20  0.918   2  0.857   0.755 Y  0.570      SignalP-noTM
fig|2005473.102.peg.2268   0.164  30  0.380  30  0.964  20  0.867   0.609 Y  0.570      SignalP-noTM
fig|2005473.102.peg.2268   0.200  38  0.378  24  0.934  11  0.847   0.561 Y  0.450      SignalP-TM
fig|2005473.102.peg.2275   0.603  27  0.687  27  0.935  18  0.800   0.731 Y  0.450      SignalP-TM
fig|2005473.102.peg.2275   0.747  27  0.756  27  0.974   9  0.861   0.806 Y  0.570      SignalP-noTM
fig|2005473.102.peg.2277   0.298  22  0.510  22  0.910  17  0.869   0.650 Y  0.450      SignalP-TM
fig|2005473.102.peg.2277   0.479  22  0.679  22  0.985  12  0.959   0.810 Y  0.570      SignalP-noTM
fig|2005473.102.peg.2278   0.169  21  0.400  21  0.966  17  0.943   0.612 Y  0.450      SignalP-TM
fig|2005473.102.peg.2278   0.317  21  0.558  21  0.994   9  0.976   0.755 Y  0.570      SignalP-noTM
fig|2005473.102.peg.228    0.279  22  0.451  22  0.862   9  0.749   0.567 Y  0.450      SignalP-TM
fig|2005473.102.peg.228    0.495  21  0.680  21  0.959  20  0.932   0.799 Y  0.570      SignalP-noTM
fig|2005473.102.peg.2280   0.349  24  0.553  24  0.937  16  0.847   0.668 Y  0.450      SignalP-TM
fig|2005473.102.peg.2280   0.666  24  0.766  24  0.948  15  0.888   0.823 Y  0.570      SignalP-noTM
fig|2005473.102.peg.2283   0.711  25  0.734  25  0.947  17  0.831   0.780 Y  0.570      SignalP-noTM
fig|2005473.102.peg.2283   0.719  25  0.768  25  0.926  17  0.841   0.796 Y  0.450      SignalP-TM
fig|2005473.102.peg.229    0.217  27  0.401  27  0.909  25  0.733   0.531 Y  0.450      SignalP-TM
fig|2005473.102.peg.229    0.316  27  0.548  27  0.982  19  0.929   0.727 Y  0.570      SignalP-noTM
fig|2005473.102.peg.230    0.120  24  0.280  11  0.799   5  0.740   0.459 Y  0.450      SignalP-TM
fig|2005473.102.peg.230    0.157  24  0.337  11  0.902   3  0.879   0.592 Y  0.570      SignalP-noTM
fig|2005473.102.peg.2317   0.156  26  0.338  26  0.896   5  0.789   0.514 Y  0.450      SignalP-TM
fig|2005473.102.peg.2317   0.220  18  0.462  18  0.980  11  0.963   0.697 Y  0.570      SignalP-noTM
fig|2005473.102.peg.2318   0.238  20  0.391  20  0.818   2  0.686   0.506 Y  0.450      SignalP-TM
fig|2005473.102.peg.2318   0.673  20  0.737  20  0.930  16  0.816   0.774 Y  0.570      SignalP-noTM
fig|2005473.102.peg.2322   0.317  40  0.347  26  0.865   9  0.772   0.513 Y  0.450      SignalP-TM
fig|2005473.102.peg.2322   0.545  26  0.720  26  0.974  15  0.935   0.821 Y  0.570      SignalP-noTM
fig|2005473.102.peg.233    0.477  22  0.635  22  0.921  15  0.784   0.693 Y  0.450      SignalP-TM
fig|2005473.102.peg.233    0.586  22  0.699  22  0.939  13  0.859   0.774 Y  0.570      SignalP-noTM
fig|2005473.102.peg.2337   0.207  20  0.399  20  0.892   2  0.801   0.556 Y  0.450      SignalP-TM
fig|2005473.102.peg.2337   0.495  20  0.679  20  0.951  10  0.923   0.793 Y  0.570      SignalP-noTM
fig|2005473.102.peg.234    0.270  20  0.467  20  0.949   3  0.850   0.617 Y  0.450      SignalP-TM
fig|2005473.102.peg.234    0.756  20  0.859  20  0.990  10  0.969   0.910 Y  0.570      SignalP-noTM
fig|2005473.102.peg.2354   0.585  21  0.642  21  0.859  13  0.717   0.677 Y  0.570      SignalP-noTM
fig|2005473.102.peg.2355   0.481  23  0.652  23  0.944   5  0.898   0.748 Y  0.450      SignalP-TM
fig|2005473.102.peg.2355   0.730  23  0.834  23  0.985   8  0.957   0.892 Y  0.570      SignalP-noTM
fig|2005473.102.peg.236    0.269  29  0.413  23  0.900   4  0.852   0.584 Y  0.450      SignalP-TM
fig|2005473.102.peg.236    0.463  22  0.668  22  0.989  10  0.961   0.806 Y  0.570      SignalP-noTM
fig|2005473.102.peg.2365   0.205  33  0.401  26  0.937  22  0.885   0.590 Y  0.450      SignalP-TM
fig|2005473.102.peg.2365   0.245  26  0.465  26  0.962  19  0.909   0.674 Y  0.570      SignalP-noTM
fig|2005473.102.peg.2370   0.202  19  0.379  19  0.867   1  0.742   0.521 Y  0.450      SignalP-TM
fig|2005473.102.peg.2370   0.789  19  0.839  19  0.948  15  0.875   0.856 Y  0.570      SignalP-noTM
fig|2005473.102.peg.2371   0.789  27  0.799  27  0.932  13  0.829   0.813 Y  0.570      SignalP-noTM
fig|2005473.102.peg.2371   0.793  27  0.796  27  0.863  23  0.753   0.779 Y  0.450      SignalP-TM
fig|2005473.102.peg.2373   0.237  27  0.452  24  0.944  16  0.840   0.603 Y  0.450      SignalP-TM
fig|2005473.102.peg.2373   0.672  25  0.776  25  0.962  18  0.915   0.841 Y  0.570      SignalP-noTM
fig|2005473.102.peg.2382   0.223  28  0.462  28  0.989  16  0.948   0.691 Y  0.570      SignalP-noTM
fig|2005473.102.peg.2382   0.313  50  0.421  28  0.979  17  0.929   0.619 Y  0.450      SignalP-TM
fig|2005473.102.peg.2384   0.184  22  0.382  22  0.909   4  0.835   0.595 Y  0.570      SignalP-noTM
fig|2005473.102.peg.2384   0.251  22  0.435  22  0.890   4  0.784   0.571 Y  0.450      SignalP-TM
fig|2005473.102.peg.2395   0.327  24  0.474  12  0.899  11  0.842   0.647 Y  0.570      SignalP-noTM
fig|2005473.102.peg.2395   0.396  24  0.473  24  0.751   7  0.593   0.520 Y  0.450      SignalP-TM
fig|2005473.102.peg.2401   0.424  40  0.410  21  0.939   1  0.850   0.617 Y  0.570      SignalP-noTM
fig|2005473.102.peg.2407   0.159  31  0.321  25  0.925   6  0.858   0.531 Y  0.450      SignalP-TM
fig|2005473.102.peg.2407   0.221  23  0.460  23  0.965  16  0.950   0.690 Y  0.570      SignalP-noTM
fig|2005473.102.peg.2409   0.392  32  0.481  32  0.730  14  0.587   0.523 Y  0.450      SignalP-TM
fig|2005473.102.peg.2410   0.290  39  0.430  39  0.938  20  0.708   0.538 Y  0.450      SignalP-TM
fig|2005473.102.peg.2410   0.435  33  0.637  33  0.985  17  0.894   0.758 Y  0.570      SignalP-noTM
fig|2005473.102.peg.2411   0.214  42  0.360  24  0.910  12  0.821   0.540 Y  0.450      SignalP-TM
fig|2005473.102.peg.2411   0.318  22  0.526  22  0.955   2  0.899   0.701 Y  0.570      SignalP-noTM
fig|2005473.102.peg.2414   0.269  31  0.479  24  0.948  17  0.871   0.632 Y  0.450      SignalP-TM
fig|2005473.102.peg.2414   0.728  24  0.799  24  0.971  12  0.907   0.850 Y  0.570      SignalP-noTM
fig|2005473.102.peg.2415   0.173  29  0.331  29  0.847  15  0.673   0.464 Y  0.450      SignalP-TM
fig|2005473.102.peg.2415   0.387  29  0.561  29  0.911  25  0.764   0.656 Y  0.570      SignalP-noTM
fig|2005473.102.peg.2416   0.419  21  0.627  21  0.983  12  0.942   0.775 Y  0.570      SignalP-noTM
fig|2005473.102.peg.2416   0.485  33  0.527  33  0.965   9  0.795   0.631 Y  0.450      SignalP-TM
fig|2005473.102.peg.2417   0.337  22  0.514  22  0.920   6  0.836   0.665 Y  0.570      SignalP-noTM
fig|2005473.102.peg.2418   0.280  33  0.392  23  0.933   8  0.836   0.600 Y  0.570      SignalP-noTM
fig|2005473.102.peg.2418   0.572  33  0.472  33  0.859   7  0.597   0.521 Y  0.450      SignalP-TM
fig|2005473.102.peg.2422   0.287  38  0.496  38  0.915  34  0.761   0.599 Y  0.450      SignalP-TM
fig|2005473.102.peg.2422   0.686  38  0.758  38  0.924  21  0.747   0.753 Y  0.570      SignalP-noTM
fig|2005473.102.peg.2424   0.202  47  0.378  29  0.941   7  0.858   0.565 Y  0.450      SignalP-TM
fig|2005473.102.peg.2424   0.331  20  0.567  20  0.981  13  0.963   0.753 Y  0.570      SignalP-noTM
fig|2005473.102.peg.2425   0.387  21  0.494  21  0.734  17  0.653   0.556 Y  0.450      SignalP-TM
fig|2005473.102.peg.2425   0.745  21  0.815  21  0.958  10  0.898   0.854 Y  0.570      SignalP-noTM
fig|2005473.102.peg.2433   0.532  27  0.644  27  0.847   9  0.785   0.699 Y  0.450      SignalP-TM
fig|2005473.102.peg.2433   0.668  27  0.798  27  0.972  24  0.936   0.863 Y  0.570      SignalP-noTM
fig|2005473.102.peg.2434   0.364  26  0.544  26  0.956  16  0.852   0.664 Y  0.450      SignalP-TM
fig|2005473.102.peg.2434   0.469  22  0.666  22  0.973  17  0.935   0.793 Y  0.570      SignalP-noTM
fig|2005473.102.peg.2437   0.213  31  0.381  27  0.877  18  0.746   0.523 Y  0.450      SignalP-TM
fig|2005473.102.peg.2439   0.275  22  0.494  22  0.932   9  0.897   0.652 Y  0.450      SignalP-TM
fig|2005473.102.peg.2439   0.588  22  0.707  22  0.931  11  0.874   0.786 Y  0.570      SignalP-noTM
fig|2005473.102.peg.2440   0.222  22  0.452  22  0.977  18  0.916   0.670 Y  0.570      SignalP-noTM
fig|2005473.102.peg.2440   0.362  21  0.570  21  0.939  13  0.839   0.675 Y  0.450      SignalP-TM
fig|2005473.102.peg.2442   0.359  31  0.455  31  0.819   8  0.676   0.541 Y  0.450      SignalP-TM
fig|2005473.102.peg.245    0.428  22  0.619  22  0.945  11  0.899   0.750 Y  0.570      SignalP-noTM
fig|2005473.102.peg.245    0.478  22  0.655  22  0.952  19  0.882   0.743 Y  0.450      SignalP-TM
fig|2005473.102.peg.2455   0.173  15  0.377  15  0.922  10  0.820   0.585 Y  0.570      SignalP-noTM
fig|2005473.102.peg.2457   0.199  22  0.405  22  0.857  19  0.816   0.565 Y  0.450      SignalP-TM
fig|2005473.102.peg.2457   0.360  22  0.527  22  0.911  18  0.773   0.642 Y  0.570      SignalP-noTM
fig|2005473.102.peg.246    0.134  24  0.305  22  0.840  17  0.743   0.475 Y  0.450      SignalP-TM
fig|2005473.102.peg.246    0.683  22  0.773  22  0.941   1  0.891   0.828 Y  0.570      SignalP-noTM
fig|2005473.102.peg.2465   0.145  24  0.344  21  0.947  15  0.913   0.612 Y  0.570      SignalP-noTM
fig|2005473.102.peg.2465   0.265  28  0.437  28  0.927  16  0.733   0.552 Y  0.450      SignalP-TM
fig|2005473.102.peg.2488   0.513  31  0.630  31  0.935  16  0.815   0.717 Y  0.570      SignalP-noTM
fig|2005473.102.peg.2496   0.387  32  0.454  32  0.710  16  0.592   0.508 Y  0.450      SignalP-TM
fig|2005473.102.peg.2497   0.411  31  0.269  11  0.802   5  0.749   0.456 Y  0.450      SignalP-TM
fig|2005473.102.peg.2501   0.186  19  0.338  19  0.845   2  0.674   0.469 Y  0.450      SignalP-TM
fig|2005473.102.peg.2501   0.776  19  0.851  19  0.962   9  0.934   0.890 Y  0.570      SignalP-noTM
fig|2005473.102.peg.2502   0.134  29  0.312  21  0.895  13  0.848   0.521 Y  0.450      SignalP-TM
fig|2005473.102.peg.2502   0.309  21  0.543  21  0.967  11  0.952   0.735 Y  0.570      SignalP-noTM
fig|2005473.102.peg.2508   0.523  25  0.572  25  0.867   3  0.718   0.629 Y  0.450      SignalP-TM
fig|2005473.102.peg.2508   0.657  23  0.753  23  0.961   7  0.893   0.819 Y  0.570      SignalP-noTM
fig|2005473.102.peg.2513   0.145  26  0.321  26  0.834  10  0.690   0.465 Y  0.450      SignalP-TM
fig|2005473.102.peg.2513   0.598  26  0.746  26  0.984  14  0.940   0.837 Y  0.570      SignalP-noTM
fig|2005473.102.peg.2514   0.180  23  0.382  21  0.891   6  0.835   0.559 Y  0.450      SignalP-TM
fig|2005473.102.peg.2514   0.481  23  0.669  23  0.971  19  0.934   0.794 Y  0.570      SignalP-noTM
fig|2005473.102.peg.2518   0.218  28  0.414  28  0.881  10  0.788   0.560 Y  0.450      SignalP-TM
fig|2005473.102.peg.2518   0.277  28  0.432  28  0.895   7  0.752   0.583 Y  0.570      SignalP-noTM
fig|2005473.102.peg.2523   0.327  18  0.525  18  0.908  16  0.853   0.679 Y  0.570      SignalP-noTM
fig|2005473.102.peg.254    0.343  30  0.554  30  0.976  20  0.906   0.719 Y  0.570      SignalP-noTM
fig|2005473.102.peg.257    0.486  31  0.565  31  0.991  11  0.840   0.694 Y  0.570      SignalP-noTM
fig|2005473.102.peg.257    0.679  31  0.704  31  0.938   9  0.831   0.753 Y  0.450      SignalP-TM
fig|2005473.102.peg.2573   0.232  36  0.437  30  0.948  16  0.856   0.601 Y  0.450      SignalP-TM
fig|2005473.102.peg.2573   0.376  22  0.589  22  0.959  10  0.918   0.743 Y  0.570      SignalP-noTM
fig|2005473.102.peg.2574   0.197  25  0.415  23  0.947   3  0.898   0.642 Y  0.570      SignalP-noTM
fig|2005473.102.peg.2574   0.267  25  0.469  25  0.918  10  0.833   0.611 Y  0.450      SignalP-TM
fig|2005473.102.peg.2575   0.231  35  0.414  30  0.976  14  0.907   0.606 Y  0.450      SignalP-TM
fig|2005473.102.peg.2575   0.254  35  0.396  19  0.987  13  0.957   0.660 Y  0.570      SignalP-noTM
fig|2005473.102.peg.2579   0.173  28  0.330  22  0.831   8  0.746   0.492 Y  0.450      SignalP-TM
fig|2005473.102.peg.2579   0.317  28  0.493  22  0.905   5  0.845   0.658 Y  0.570      SignalP-noTM
fig|2005473.102.peg.2580   0.291  22  0.484  22  0.951  11  0.853   0.657 Y  0.570      SignalP-noTM
fig|2005473.102.peg.2588   0.191  23  0.399  23  0.955   6  0.882   0.626 Y  0.570      SignalP-noTM
fig|2005473.102.peg.2588   0.443  35  0.563  24  0.926   5  0.879   0.687 Y  0.450      SignalP-TM
fig|2005473.102.peg.2591   0.205  18  0.388  18  0.860  17  0.751   0.529 Y  0.450      SignalP-TM
fig|2005473.102.peg.2591   0.422  18  0.614  18  0.943  15  0.883   0.740 Y  0.570      SignalP-noTM
fig|2005473.102.peg.2602   0.157  59  0.290  28  0.830  16  0.718   0.457 Y  0.450      SignalP-TM
fig|2005473.102.peg.2616   0.126  23  0.283  12  0.831   6  0.735   0.459 Y  0.450      SignalP-TM
fig|2005473.102.peg.2617   0.271  25  0.510  25  0.992  11  0.962   0.722 Y  0.570      SignalP-noTM
fig|2005473.102.peg.2617   0.414  41  0.541  28  0.923  22  0.844   0.659 Y  0.450      SignalP-TM
fig|2005473.102.peg.2626   0.267  47  0.406  32  0.939  16  0.771   0.548 Y  0.450      SignalP-TM
fig|2005473.102.peg.2635   0.250  19  0.494  19  0.987  11  0.969   0.717 Y  0.570      SignalP-noTM
fig|2005473.102.peg.2635   0.254  41  0.431  22  0.971   6  0.919   0.622 Y  0.450      SignalP-TM
fig|2005473.102.peg.2638   0.210  23  0.360  23  0.792   4  0.650   0.473 Y  0.450      SignalP-TM
fig|2005473.102.peg.2638   0.315  23  0.519  23  0.944  16  0.880   0.688 Y  0.570      SignalP-noTM
fig|2005473.102.peg.264    0.475  27  0.573  27  0.938  16  0.801   0.662 Y  0.450      SignalP-TM
fig|2005473.102.peg.264    0.715  20  0.831  20  0.978  15  0.959   0.891 Y  0.570      SignalP-noTM
fig|2005473.102.peg.2640   0.229  21  0.362  21  0.769   1  0.611   0.459 Y  0.450      SignalP-TM
fig|2005473.102.peg.2640   0.344  21  0.482  21  0.819  12  0.673   0.572 Y  0.570      SignalP-noTM
fig|2005473.102.peg.2652   0.589  41  0.638  41  0.895  33  0.612   0.628 Y  0.450      SignalP-TM
fig|2005473.102.peg.2652   0.630  36  0.714  36  0.960  24  0.808   0.758 Y  0.570      SignalP-noTM
fig|2005473.102.peg.2663   0.236  23  0.419  23  0.858  17  0.638   0.504 Y  0.450      SignalP-TM
fig|2005473.102.peg.2663   0.604  23  0.745  23  0.948  16  0.912   0.824 Y  0.570      SignalP-noTM
fig|2005473.102.peg.2679   0.141  20  0.319  20  0.855   2  0.748   0.486 Y  0.450      SignalP-TM
fig|2005473.102.peg.2679   0.296  20  0.499  20  0.938  12  0.862   0.670 Y  0.570      SignalP-noTM
fig|2005473.102.peg.268    0.258  21  0.398  21  0.801   3  0.668   0.503 Y  0.450      SignalP-TM
fig|2005473.102.peg.268    0.582  21  0.705  21  0.935  11  0.872   0.783 Y  0.570      SignalP-noTM
fig|2005473.102.peg.2689   0.380  21  0.499  21  0.896   1  0.723   0.605 Y  0.570      SignalP-noTM
fig|2005473.102.peg.2690   0.558  27  0.696  27  0.976  16  0.914   0.781 Y  0.450      SignalP-TM
fig|2005473.102.peg.2690   0.606  27  0.709  19  0.986  18  0.964   0.829 Y  0.570      SignalP-noTM
fig|2005473.102.peg.2703   0.239  23  0.400  23  0.802  16  0.665   0.503 Y  0.450      SignalP-TM
fig|2005473.102.peg.2706   0.455  28  0.620  28  0.911  19  0.816   0.696 Y  0.450      SignalP-TM
fig|2005473.102.peg.2706   0.631  28  0.680  28  0.939   3  0.805   0.739 Y  0.570      SignalP-noTM
fig|2005473.102.peg.2720   0.458  23  0.645  23  0.960  19  0.903   0.766 Y  0.570      SignalP-noTM
fig|2005473.102.peg.2720   0.487  30  0.587  30  0.892  17  0.771   0.659 Y  0.450      SignalP-TM
fig|2005473.102.peg.273    0.222  24  0.424  24  0.930   5  0.854   0.592 Y  0.450      SignalP-TM
fig|2005473.102.peg.273    0.726  22  0.829  22  0.977  11  0.944   0.883 Y  0.570      SignalP-noTM
fig|2005473.102.peg.2737   0.296  30  0.498  18  0.985  16  0.943   0.707 Y  0.570      SignalP-noTM
fig|2005473.102.peg.2737   0.397  30  0.531  30  0.941  16  0.822   0.644 Y  0.450      SignalP-TM
fig|2005473.102.peg.2738   0.311  28  0.514  28  0.943   8  0.877   0.684 Y  0.570      SignalP-noTM
fig|2005473.102.peg.2742   0.213  22  0.413  22  0.870  13  0.756   0.547 Y  0.450      SignalP-TM
fig|2005473.102.peg.2742   0.257  25  0.472  25  0.973  20  0.897   0.672 Y  0.570      SignalP-noTM
fig|2005473.102.peg.2756   0.245  35  0.483  29  0.980  20  0.946   0.664 Y  0.450      SignalP-TM
fig|2005473.102.peg.2756   0.369  34  0.469  34  0.990  17  0.829   0.638 Y  0.570      SignalP-noTM
fig|2005473.102.peg.276    0.329  29  0.514  21  0.934  17  0.891   0.691 Y  0.570      SignalP-noTM
fig|2005473.102.peg.276    0.353  29  0.478  29  0.901  18  0.749   0.584 Y  0.450      SignalP-TM
fig|2005473.102.peg.2767   0.382  20  0.407  20  0.761   3  0.520   0.451 Y  0.450      SignalP-TM
fig|2005473.102.peg.2768   0.540  22  0.519  22  0.616  20  0.498   0.511 Y  0.450      SignalP-TM
fig|2005473.102.peg.277    0.128  27  0.273  11  0.848   1  0.740   0.455 Y  0.450      SignalP-TM
fig|2005473.102.peg.2771   0.158  21  0.361  21  0.934   3  0.861   0.596 Y  0.570      SignalP-noTM
fig|2005473.102.peg.2771   0.161  21  0.350  21  0.898  10  0.783   0.519 Y  0.450      SignalP-TM
fig|2005473.102.peg.278    0.192  21  0.414  21  0.959   6  0.905   0.606 Y  0.450      SignalP-TM
fig|2005473.102.peg.278    0.395  20  0.613  20  0.966  11  0.944   0.769 Y  0.570      SignalP-noTM
fig|2005473.102.peg.2785   0.192  20  0.401  20  0.927   6  0.854   0.577 Y  0.450      SignalP-TM
fig|2005473.102.peg.2785   0.474  20  0.671  20  0.976   9  0.947   0.801 Y  0.570      SignalP-noTM
fig|2005473.102.peg.2794   0.274  23  0.373  23  0.836   3  0.620   0.469 Y  0.450      SignalP-TM
fig|2005473.102.peg.2794   0.615  23  0.736  23  0.945  15  0.885   0.806 Y  0.570      SignalP-noTM
fig|2005473.102.peg.2796   0.185  27  0.381  27  0.949  18  0.827   0.591 Y  0.570      SignalP-noTM
fig|2005473.102.peg.2796   0.225  30  0.409  30  0.875  13  0.736   0.536 Y  0.450      SignalP-TM
fig|2005473.102.peg.2800   0.513  24  0.559  24  0.769   5  0.644   0.592 Y  0.450      SignalP-TM
fig|2005473.102.peg.2800   0.684  24  0.716  24  0.924   3  0.801   0.756 Y  0.570      SignalP-noTM
fig|2005473.102.peg.2808   0.362  24  0.432  24  0.746  19  0.489   0.454 Y  0.450      SignalP-TM
fig|2005473.102.peg.2808   0.607  24  0.632  24  0.851  10  0.703   0.665 Y  0.570      SignalP-noTM
fig|2005473.102.peg.2809   0.172  29  0.343  20  0.798  17  0.692   0.479 Y  0.450      SignalP-TM
fig|2005473.102.peg.281    0.135  20  0.347  20  0.935  17  0.890   0.559 Y  0.450      SignalP-TM
fig|2005473.102.peg.281    0.757  20  0.852  20  0.974  12  0.947   0.896 Y  0.570      SignalP-noTM
fig|2005473.102.peg.282    0.160  42  0.318  21  0.909   7  0.824   0.515 Y  0.450      SignalP-TM
fig|2005473.102.peg.282    0.297  25  0.515  21  0.966  17  0.935   0.712 Y  0.570      SignalP-noTM
fig|2005473.102.peg.2825   0.366  22  0.514  22  0.907  18  0.696   0.585 Y  0.450      SignalP-TM
fig|2005473.102.peg.2825   0.561  22  0.622  22  0.857   1  0.692   0.655 Y  0.570      SignalP-noTM
fig|2005473.102.peg.2826   0.178  24  0.346  24  0.822  17  0.641   0.461 Y  0.450      SignalP-TM
fig|2005473.102.peg.2827   0.228  27  0.392  27  0.838  11  0.696   0.511 Y  0.450      SignalP-TM
fig|2005473.102.peg.2827   0.514  25  0.659  25  0.958  17  0.875   0.760 Y  0.570      SignalP-noTM
fig|2005473.102.peg.283    0.548  24  0.613  24  0.856  20  0.680   0.639 Y  0.450      SignalP-TM
fig|2005473.102.peg.283    0.741  21  0.835  21  0.971  20  0.919   0.875 Y  0.570      SignalP-noTM
fig|2005473.102.peg.2837   0.507  25  0.658  25  0.936  13  0.874   0.760 Y  0.570      SignalP-noTM
fig|2005473.102.peg.2837   0.591  25  0.680  25  0.880   8  0.799   0.726 Y  0.450      SignalP-TM
fig|2005473.102.peg.2838   0.166  22  0.335  22  0.821  11  0.665   0.464 Y  0.450      SignalP-TM
fig|2005473.102.peg.2840   0.177  25  0.329  20  0.864   2  0.711   0.478 Y  0.450      SignalP-TM
fig|2005473.102.peg.2840   0.699  20  0.770  20  0.926  18  0.861   0.813 Y  0.570      SignalP-noTM
fig|2005473.102.peg.285    0.307  36  0.433  36  0.779  14  0.625   0.508 Y  0.450      SignalP-TM
fig|2005473.102.peg.2851   0.618  28  0.677  28  0.899  17  0.807   0.738 Y  0.570      SignalP-noTM
fig|2005473.102.peg.2851   0.660  28  0.735  28  0.912  26  0.741   0.737 Y  0.450      SignalP-TM
fig|2005473.102.peg.286    0.182  32  0.323  32  0.842  19  0.667   0.457 Y  0.450      SignalP-TM
fig|2005473.102.peg.286    0.283  27  0.482  27  0.957  11  0.874   0.666 Y  0.570      SignalP-noTM
fig|2005473.102.peg.2870   0.208  34  0.378  34  0.972  17  0.813   0.548 Y  0.450      SignalP-TM
fig|2005473.102.peg.2870   0.575  25  0.750  25  0.993  14  0.968   0.852 Y  0.570      SignalP-noTM
fig|2005473.102.peg.2884   0.265  20  0.414  20  0.840   2  0.695   0.523 Y  0.450      SignalP-TM
fig|2005473.102.peg.2884   0.466  20  0.637  20  0.906  10  0.873   0.748 Y  0.570      SignalP-noTM
fig|2005473.102.peg.2885   0.225  26  0.387  26  0.943   1  0.800   0.581 Y  0.570      SignalP-noTM
fig|2005473.102.peg.2885   0.310  26  0.492  26  0.930  15  0.832   0.625 Y  0.450      SignalP-TM
fig|2005473.102.peg.2889   0.386  28  0.596  28  0.960  24  0.883   0.731 Y  0.570      SignalP-noTM
fig|2005473.102.peg.2889   0.487  28  0.661  28  0.931  18  0.765   0.701 Y  0.450      SignalP-TM
fig|2005473.102.peg.2894   0.205  24  0.394  24  0.954  17  0.799   0.584 Y  0.570      SignalP-noTM
fig|2005473.102.peg.2901   0.248  22  0.435  22  0.893  14  0.766   0.564 Y  0.450      SignalP-TM
fig|2005473.102.peg.2901   0.270  22  0.472  22  0.956   6  0.868   0.658 Y  0.570      SignalP-noTM
fig|2005473.102.peg.292    0.249  54  0.357  21  0.950   9  0.900   0.568 Y  0.450      SignalP-TM
fig|2005473.102.peg.292    0.338  20  0.568  20  0.963  15  0.950   0.748 Y  0.570      SignalP-noTM
fig|2005473.102.peg.2924   0.670  20  0.727  20  0.917  16  0.780   0.752 Y  0.570      SignalP-noTM
fig|2005473.102.peg.294    0.175  25  0.380  25  0.921  17  0.810   0.548 Y  0.450      SignalP-TM
fig|2005473.102.peg.294    0.252  22  0.488  22  0.983  11  0.937   0.699 Y  0.570      SignalP-noTM
fig|2005473.102.peg.2943   0.244  24  0.401  24  0.826   7  0.714   0.523 Y  0.450      SignalP-TM
fig|2005473.102.peg.2943   0.547  24  0.703  24  0.963  22  0.910   0.801 Y  0.570      SignalP-noTM
fig|2005473.102.peg.2944   0.147  31  0.307  24  0.961  11  0.831   0.511 Y  0.450      SignalP-TM
fig|2005473.102.peg.2965   0.264  24  0.444  21  0.934  11  0.846   0.633 Y  0.570      SignalP-noTM
fig|2005473.102.peg.2965   0.276  24  0.446  24  0.892   6  0.763   0.570 Y  0.450      SignalP-TM
fig|2005473.102.peg.298    0.366  24  0.504  24  0.884  20  0.641   0.557 Y  0.450      SignalP-TM
fig|2005473.102.peg.298    0.673  24  0.749  24  0.940  20  0.848   0.795 Y  0.570      SignalP-noTM
fig|2005473.102.peg.299    0.323  29  0.492  20  0.910  12  0.846   0.658 Y  0.570      SignalP-noTM
fig|2005473.102.peg.299    0.331  25  0.427  25  0.742   8  0.620   0.502 Y  0.450      SignalP-TM
fig|2005473.102.peg.301    0.291  24  0.517  24  0.947  22  0.917   0.705 Y  0.570      SignalP-noTM
fig|2005473.102.peg.301    0.300  27  0.402  27  0.855   4  0.676   0.509 Y  0.450      SignalP-TM
fig|2005473.102.peg.303    0.159  29  0.356  22  0.888  21  0.836   0.544 Y  0.450      SignalP-TM
fig|2005473.102.peg.303    0.869  22  0.911  22  0.978  18  0.936   0.923 Y  0.570      SignalP-noTM
fig|2005473.102.peg.304    0.563  27  0.734  27  0.985  23  0.958   0.839 Y  0.570      SignalP-noTM
fig|2005473.102.peg.304    0.677  27  0.794  27  0.953  24  0.900   0.836 Y  0.450      SignalP-TM
fig|2005473.102.peg.308    0.178  23  0.375  20  0.941  19  0.856   0.563 Y  0.450      SignalP-TM
fig|2005473.102.peg.308    0.608  20  0.755  20  0.950  10  0.931   0.838 Y  0.570      SignalP-noTM
fig|2005473.102.peg.309    0.457  28  0.570  28  0.939   9  0.815   0.665 Y  0.450      SignalP-TM
fig|2005473.102.peg.309    0.636  23  0.714  23  0.937  10  0.846   0.776 Y  0.570      SignalP-noTM
fig|2005473.102.peg.312    0.197  25  0.357  25  0.839   1  0.716   0.497 Y  0.450      SignalP-TM
fig|2005473.102.peg.312    0.840  20  0.892  20  0.973  17  0.929   0.909 Y  0.570      SignalP-noTM
fig|2005473.102.peg.317    0.658  31  0.755  31  0.915  17  0.851   0.792 Y  0.450      SignalP-TM
fig|2005473.102.peg.317    0.755  31  0.786  31  0.982  17  0.891   0.835 Y  0.570      SignalP-noTM
fig|2005473.102.peg.318    0.189  37  0.326  27  0.873   5  0.677   0.463 Y  0.450      SignalP-TM
fig|2005473.102.peg.318    0.238  27  0.408  27  0.910   4  0.795   0.590 Y  0.570      SignalP-noTM
fig|2005473.102.peg.319    0.169  31  0.367  23  0.911  16  0.851   0.594 Y  0.570      SignalP-noTM
fig|2005473.102.peg.319    0.177  31  0.374  20  0.905  17  0.814   0.545 Y  0.450      SignalP-TM
fig|2005473.102.peg.342    0.279  27  0.448  27  0.956  16  0.761   0.595 Y  0.570      SignalP-noTM
fig|2005473.102.peg.342    0.340  27  0.518  27  0.870  16  0.691   0.585 Y  0.450      SignalP-TM
fig|2005473.102.peg.432    0.412  20  0.534  20  0.883   4  0.747   0.617 Y  0.450      SignalP-TM
fig|2005473.102.peg.432    0.826  20  0.863  20  0.945  13  0.890   0.876 Y  0.570      SignalP-noTM
fig|2005473.102.peg.439    0.220  20  0.374  20  0.821   1  0.679   0.493 Y  0.450      SignalP-TM
fig|2005473.102.peg.439    0.554  20  0.669  20  0.882   1  0.805   0.733 Y  0.570      SignalP-noTM
fig|2005473.102.peg.470    0.292  25  0.476  25  0.857   1  0.789   0.598 Y  0.450      SignalP-TM
fig|2005473.102.peg.470    0.573  25  0.654  25  0.950   8  0.825   0.735 Y  0.570      SignalP-noTM
fig|2005473.102.peg.473    0.322  21  0.537  21  0.942  18  0.895   0.677 Y  0.450      SignalP-TM
fig|2005473.102.peg.473    0.479  21  0.667  21  0.952  18  0.932   0.791 Y  0.570      SignalP-noTM
fig|2005473.102.peg.476    0.176  23  0.379  23  0.951  15  0.839   0.559 Y  0.450      SignalP-TM
fig|2005473.102.peg.476    0.544  23  0.692  23  0.950  15  0.894   0.787 Y  0.570      SignalP-noTM
fig|2005473.102.peg.477    0.245  20  0.487  20  0.979  10  0.960   0.710 Y  0.570      SignalP-noTM
fig|2005473.102.peg.477    0.369  33  0.509  33  0.946  17  0.811   0.627 Y  0.450      SignalP-TM
fig|2005473.102.peg.480    0.177  21  0.368  21  0.867   6  0.774   0.526 Y  0.450      SignalP-TM
fig|2005473.102.peg.480    0.422  21  0.639  21  0.986  12  0.958   0.789 Y  0.570      SignalP-noTM
fig|2005473.102.peg.481    0.265  32  0.458  32  0.864  23  0.732   0.565 Y  0.450      SignalP-TM
fig|2005473.102.peg.496    0.427  34  0.549  29  0.924  17  0.779   0.639 Y  0.450      SignalP-TM
fig|2005473.102.peg.496    0.676  29  0.794  29  0.992  16  0.937   0.861 Y  0.570      SignalP-noTM
fig|2005473.102.peg.499    0.251  36  0.379  25  0.800  18  0.591   0.462 Y  0.450      SignalP-TM
fig|2005473.102.peg.499    0.284  22  0.468  22  0.932  10  0.805   0.627 Y  0.570      SignalP-noTM
fig|2005473.102.peg.500    0.183  21  0.385  21  0.900   9  0.814   0.552 Y  0.450      SignalP-TM
fig|2005473.102.peg.500    0.268  21  0.481  21  0.913   5  0.879   0.668 Y  0.570      SignalP-noTM
fig|2005473.102.peg.501    0.186  19  0.378  19  0.924   2  0.808   0.580 Y  0.570      SignalP-noTM
fig|2005473.102.peg.506    0.266  21  0.500  21  0.962  19  0.930   0.702 Y  0.570      SignalP-noTM
fig|2005473.102.peg.506    0.349  35  0.446  28  0.954   8  0.883   0.616 Y  0.450      SignalP-TM
fig|2005473.102.peg.523    0.345  23  0.448  18  0.883   6  0.812   0.619 Y  0.570      SignalP-noTM
fig|2005473.102.peg.524    0.457  24  0.443  24  0.780   1  0.519   0.473 Y  0.450      SignalP-TM
fig|2005473.102.peg.525    0.338  21  0.526  21  0.918   3  0.835   0.646 Y  0.450      SignalP-TM
fig|2005473.102.peg.525    0.691  21  0.780  21  0.925  14  0.882   0.828 Y  0.570      SignalP-noTM
fig|2005473.102.peg.528    0.400  31  0.565  31  0.924  17  0.825   0.666 Y  0.450      SignalP-TM
fig|2005473.102.peg.528    0.627  31  0.700  31  0.970  21  0.865   0.777 Y  0.570      SignalP-noTM
fig|2005473.102.peg.529    0.160  19  0.378  19  0.940   6  0.892   0.620 Y  0.570      SignalP-noTM
fig|2005473.102.peg.529    0.166  31  0.349  19  0.928  17  0.869   0.551 Y  0.450      SignalP-TM
fig|2005473.102.peg.532    0.413  27  0.454  27  0.662  10  0.559   0.495 Y  0.450      SignalP-TM
fig|2005473.102.peg.532    0.561  27  0.604  27  0.890  15  0.748   0.672 Y  0.570      SignalP-noTM
fig|2005473.102.peg.537    0.852  24  0.799  24  0.922   5  0.806   0.802 Y  0.450      SignalP-TM
fig|2005473.102.peg.537    0.875  24  0.890  24  0.980  12  0.925   0.906 Y  0.570      SignalP-noTM
fig|2005473.102.peg.539    0.497  24  0.515  24  0.828   5  0.618   0.555 Y  0.450      SignalP-TM
fig|2005473.102.peg.539    0.556  24  0.613  24  0.886   1  0.740   0.673 Y  0.570      SignalP-noTM
fig|2005473.102.peg.540    0.395  37  0.331  20  0.878   2  0.733   0.488 Y  0.450      SignalP-TM
fig|2005473.102.peg.540    0.816  20  0.871  20  0.959  16  0.918   0.893 Y  0.570      SignalP-noTM
fig|2005473.102.peg.543    0.235  32  0.391  25  0.915  15  0.837   0.565 Y  0.450      SignalP-TM
fig|2005473.102.peg.543    0.277  20  0.488  20  0.934   5  0.883   0.673 Y  0.570      SignalP-noTM
fig|2005473.102.peg.545    0.499  25  0.503  25  0.702   6  0.538   0.516 Y  0.510      SignalP-TM
fig|2005473.102.peg.551    0.257  19  0.492  19  0.972  11  0.933   0.699 Y  0.570      SignalP-noTM
fig|2005473.102.peg.551    0.374  46  0.464  29  0.921  15  0.789   0.590 Y  0.450      SignalP-TM
fig|2005473.102.peg.575    0.400  23  0.546  23  0.810  20  0.719   0.613 Y  0.450      SignalP-TM
fig|2005473.102.peg.575    0.541  23  0.686  23  0.930  12  0.862   0.769 Y  0.570      SignalP-noTM
fig|2005473.102.peg.581    0.604  20  0.746  20  0.943   6  0.917   0.813 Y  0.450      SignalP-TM
fig|2005473.102.peg.581    0.655  23  0.751  23  0.971  17  0.904   0.823 Y  0.570      SignalP-noTM
fig|2005473.102.peg.582    0.420  25  0.572  25  0.929  10  0.824   0.670 Y  0.450      SignalP-TM
fig|2005473.102.peg.582    0.834  25  0.851  25  0.960   8  0.902   0.875 Y  0.570      SignalP-noTM
fig|2005473.102.peg.585    0.623  23  0.686  23  0.884  17  0.749   0.711 Y  0.450      SignalP-TM
fig|2005473.102.peg.585    0.728  23  0.797  23  0.952  15  0.879   0.836 Y  0.570      SignalP-noTM
fig|2005473.102.peg.6      0.299  26  0.524  26  0.977  17  0.922   0.679 Y  0.450      SignalP-TM
fig|2005473.102.peg.6      0.466  26  0.667  26  0.990  17  0.957   0.803 Y  0.570      SignalP-noTM
fig|2005473.102.peg.600    0.248  32  0.395  24  0.920   8  0.854   0.574 Y  0.450      SignalP-TM
fig|2005473.102.peg.600    0.357  30  0.523  26  0.980  13  0.928   0.713 Y  0.570      SignalP-noTM
fig|2005473.102.peg.608    0.226  56  0.276  13  0.818   8  0.765   0.467 Y  0.450      SignalP-TM
fig|2005473.102.peg.61     0.290  28  0.490  28  0.943  16  0.845   0.628 Y  0.450      SignalP-TM
fig|2005473.102.peg.61     0.312  22  0.539  22  0.959  20  0.922   0.719 Y  0.570      SignalP-noTM
fig|2005473.102.peg.622    0.770  23  0.755  23  0.870  22  0.713   0.739 Y  0.450      SignalP-TM
fig|2005473.102.peg.622    0.816  23  0.882  23  0.984  20  0.904   0.892 Y  0.570      SignalP-noTM
fig|2005473.102.peg.625    0.516  25  0.659  25  0.917  14  0.850   0.733 Y  0.450      SignalP-TM
fig|2005473.102.peg.625    0.613  25  0.750  25  0.976  17  0.922   0.831 Y  0.570      SignalP-noTM
fig|2005473.102.peg.633    0.182  24  0.354  24  0.864   5  0.759   0.512 Y  0.450      SignalP-TM
fig|2005473.102.peg.633    0.326  23  0.529  23  0.954   6  0.898   0.702 Y  0.570      SignalP-noTM
fig|2005473.102.peg.647    0.352  29  0.431  29  0.835  19  0.641   0.512 Y  0.450      SignalP-TM
fig|2005473.102.peg.647    0.670  21  0.767  21  0.954   7  0.895   0.827 Y  0.570      SignalP-noTM
fig|2005473.102.peg.648    0.348  22  0.453  22  0.763  18  0.587   0.506 Y  0.450      SignalP-TM
fig|2005473.102.peg.648    0.571  22  0.658  22  0.920  18  0.766   0.709 Y  0.570      SignalP-noTM
fig|2005473.102.peg.649    0.697  27  0.801  27  0.968  10  0.927   0.850 Y  0.450      SignalP-TM
fig|2005473.102.peg.649    0.822  27  0.875  27  0.976  12  0.949   0.910 Y  0.570      SignalP-noTM
fig|2005473.102.peg.657    0.213  32  0.343  23  0.889   5  0.783   0.515 Y  0.450      SignalP-TM
fig|2005473.102.peg.663    0.507  38  0.517  30  0.971  17  0.877   0.657 Y  0.450      SignalP-TM
fig|2005473.102.peg.663    0.526  38  0.594  30  0.997  18  0.940   0.756 Y  0.570      SignalP-noTM
fig|2005473.102.peg.665    0.758  21  0.823  21  0.931   1  0.899   0.859 Y  0.570      SignalP-noTM
fig|2005473.102.peg.666    0.165  63  0.344  20  0.940   3  0.825   0.532 Y  0.450      SignalP-TM
fig|2005473.102.peg.666    0.513  20  0.686  20  0.952   8  0.918   0.795 Y  0.570      SignalP-noTM
fig|2005473.102.peg.671    0.592  27  0.744  27  0.968  19  0.934   0.833 Y  0.570      SignalP-noTM
fig|2005473.102.peg.671    0.629  27  0.726  24  0.914  20  0.852   0.775 Y  0.450      SignalP-TM
fig|2005473.102.peg.681    0.291  30  0.381  30  0.837   1  0.609   0.470 Y  0.450      SignalP-TM
fig|2005473.102.peg.681    0.301  22  0.475  22  0.927   2  0.810   0.633 Y  0.570      SignalP-noTM
fig|2005473.102.peg.682    0.402  22  0.586  22  0.907  18  0.855   0.691 Y  0.450      SignalP-TM
fig|2005473.102.peg.682    0.430  22  0.610  22  0.938  18  0.874   0.734 Y  0.570      SignalP-noTM
fig|2005473.102.peg.699    0.231  21  0.415  21  0.891   5  0.786   0.560 Y  0.450      SignalP-TM
fig|2005473.102.peg.699    0.828  21  0.873  21  0.962  10  0.926   0.898 Y  0.570      SignalP-noTM
fig|2005473.102.peg.700    0.136  30  0.325  18  0.902   5  0.859   0.533 Y  0.450      SignalP-TM
fig|2005473.102.peg.700    0.193  20  0.423  20  0.975   7  0.934   0.663 Y  0.570      SignalP-noTM
fig|2005473.102.peg.701    0.121  34  0.287  15  0.853   8  0.761   0.472 Y  0.450      SignalP-TM
fig|2005473.102.peg.701    0.229  26  0.426  26  0.941   9  0.854   0.627 Y  0.570      SignalP-noTM
fig|2005473.102.peg.702    0.474  26  0.604  26  0.939  19  0.822   0.706 Y  0.570      SignalP-noTM
fig|2005473.102.peg.702    0.494  26  0.560  26  0.873   9  0.684   0.609 Y  0.450      SignalP-TM
fig|2005473.102.peg.708    0.178  30  0.361  30  0.962  14  0.829   0.544 Y  0.450      SignalP-TM
fig|2005473.102.peg.708    0.227  29  0.394  29  0.957  10  0.830   0.599 Y  0.570      SignalP-noTM
fig|2005473.102.peg.714    0.365  23  0.578  23  0.955  18  0.919   0.711 Y  0.450      SignalP-TM
fig|2005473.102.peg.714    0.465  23  0.659  23  0.973  18  0.928   0.785 Y  0.570      SignalP-noTM
fig|2005473.102.peg.717    0.595  21  0.711  21  0.920  17  0.863   0.783 Y  0.570      SignalP-noTM
fig|2005473.102.peg.718    0.729  21  0.559  21  0.490   2  0.437   0.514 Y  0.510      SignalP-TM
fig|2005473.102.peg.723    0.209  26  0.363  26  0.890   5  0.735   0.508 Y  0.450      SignalP-TM
fig|2005473.102.peg.723    0.408  21  0.607  21  0.951   1  0.908   0.749 Y  0.570      SignalP-noTM
fig|2005473.102.peg.727    0.170  29  0.336  24  0.852   6  0.786   0.511 Y  0.450      SignalP-TM
fig|2005473.102.peg.727    0.360  24  0.543  24  0.917   4  0.850   0.687 Y  0.570      SignalP-noTM
fig|2005473.102.peg.729    0.293  25  0.506  25  0.926  18  0.886   0.654 Y  0.450      SignalP-TM
fig|2005473.102.peg.729    0.544  25  0.695  25  0.965  10  0.915   0.798 Y  0.570      SignalP-noTM
fig|2005473.102.peg.740    0.324  20  0.526  20  0.902   9  0.854   0.680 Y  0.570      SignalP-noTM
fig|2005473.102.peg.740    0.454  23  0.579  23  0.901  18  0.746   0.644 Y  0.450      SignalP-TM
fig|2005473.102.peg.741    0.120  26  0.278  18  0.872   6  0.757   0.465 Y  0.450      SignalP-TM
fig|2005473.102.peg.742    0.355  20  0.496  20  0.811  16  0.692   0.573 Y  0.450      SignalP-TM
fig|2005473.102.peg.742    0.833  20  0.864  20  0.968  16  0.882   0.873 Y  0.570      SignalP-noTM
fig|2005473.102.peg.744    0.441  25  0.647  25  0.971  21  0.904   0.768 Y  0.570      SignalP-noTM
fig|2005473.102.peg.744    0.515  25  0.666  25  0.921  18  0.811   0.723 Y  0.450      SignalP-TM
fig|2005473.102.peg.746    0.308  26  0.408  26  0.805  15  0.647   0.501 Y  0.450      SignalP-TM
fig|2005473.102.peg.746    0.379  21  0.578  21  0.943  11  0.876   0.718 Y  0.570      SignalP-noTM
fig|2005473.102.peg.751    0.646  26  0.564  26  0.857   9  0.594   0.576 Y  0.450      SignalP-TM
fig|2005473.102.peg.751    0.819  26  0.792  26  0.927  12  0.835   0.812 Y  0.570      SignalP-noTM
fig|2005473.102.peg.753    0.131  28  0.285  11  0.879   8  0.845   0.503 Y  0.450      SignalP-TM
fig|2005473.102.peg.754    0.174  33  0.384  25  0.981  15  0.942   0.602 Y  0.450      SignalP-TM
fig|2005473.102.peg.754    0.365  25  0.596  25  0.988  13  0.965   0.769 Y  0.570      SignalP-noTM
fig|2005473.102.peg.756    0.332  20  0.544  20  0.929  17  0.869   0.670 Y  0.450      SignalP-TM
fig|2005473.102.peg.756    0.506  20  0.685  20  0.963  16  0.924   0.797 Y  0.570      SignalP-noTM
fig|2005473.102.peg.763    0.555  24  0.602  24  0.873   8  0.730   0.652 Y  0.450      SignalP-TM
fig|2005473.102.peg.763    0.732  24  0.833  24  0.983  20  0.947   0.886 Y  0.570      SignalP-noTM
fig|2005473.102.peg.788    0.198  22  0.407  22  0.944   9  0.871   0.588 Y  0.450      SignalP-TM
fig|2005473.102.peg.788    0.303  19  0.535  19  0.960   6  0.946   0.728 Y  0.570      SignalP-noTM
fig|2005473.102.peg.794    0.190  24  0.414  18  0.960   8  0.946   0.664 Y  0.570      SignalP-noTM
fig|2005473.102.peg.794    0.193  23  0.372  23  0.864  10  0.751   0.520 Y  0.450      SignalP-TM
fig|2005473.102.peg.795    0.333  24  0.542  24  0.945  15  0.882   0.675 Y  0.450      SignalP-TM
fig|2005473.102.peg.795    0.527  24  0.704  24  0.977  14  0.935   0.813 Y  0.570      SignalP-noTM
fig|2005473.102.peg.799    0.158  21  0.327  21  0.808  13  0.658   0.456 Y  0.450      SignalP-TM
fig|2005473.102.peg.8      0.266  32  0.378  32  0.859   7  0.676   0.494 Y  0.450      SignalP-TM
fig|2005473.102.peg.8      0.511  23  0.649  23  0.924   6  0.850   0.744 Y  0.570      SignalP-noTM
fig|2005473.102.peg.802    0.256  25  0.468  25  0.941   5  0.889   0.632 Y  0.450      SignalP-TM
fig|2005473.102.peg.802    0.629  25  0.683  25  0.953  10  0.835   0.754 Y  0.570      SignalP-noTM
fig|2005473.102.peg.821    0.363  22  0.543  22  0.919  18  0.779   0.635 Y  0.450      SignalP-TM
fig|2005473.102.peg.821    0.808  22  0.877  22  0.967  12  0.945   0.909 Y  0.570      SignalP-noTM
fig|2005473.102.peg.823    0.160  51  0.296  25  0.904   8  0.761   0.478 Y  0.450      SignalP-TM
fig|2005473.102.peg.823    0.673  25  0.753  25  0.941  17  0.876   0.811 Y  0.570      SignalP-noTM
fig|2005473.102.peg.825    0.495  21  0.530  21  0.818   5  0.637   0.572 Y  0.450      SignalP-TM
fig|2005473.102.peg.825    0.724  21  0.809  21  0.983   9  0.919   0.861 Y  0.570      SignalP-noTM
fig|2005473.102.peg.829    0.524  21  0.596  21  0.839  20  0.623   0.607 Y  0.450      SignalP-TM
fig|2005473.102.peg.829    0.822  21  0.873  21  0.949  15  0.904   0.888 Y  0.570      SignalP-noTM
fig|2005473.102.peg.833    0.614  27  0.584  27  0.706   9  0.571   0.579 Y  0.450      SignalP-TM
fig|2005473.102.peg.833    0.669  27  0.661  27  0.859  20  0.627   0.645 Y  0.570      SignalP-noTM
fig|2005473.102.peg.834    0.494  25  0.563  25  0.864  17  0.720   0.637 Y  0.570      SignalP-noTM
fig|2005473.102.peg.836    0.257  28  0.391  28  0.864   6  0.701   0.512 Y  0.450      SignalP-TM
fig|2005473.102.peg.838    0.339  59  0.412  32  0.958  12  0.757   0.546 Y  0.450      SignalP-TM
fig|2005473.102.peg.838    0.340  22  0.575  22  0.985  14  0.958   0.755 Y  0.570      SignalP-noTM
fig|2005473.102.peg.839    0.261  34  0.342  27  0.872  16  0.667   0.469 Y  0.450      SignalP-TM
fig|2005473.102.peg.839    0.272  20  0.479  20  0.916   2  0.865   0.661 Y  0.570      SignalP-noTM
fig|2005473.102.peg.841    0.192  38  0.320  20  0.812   3  0.714   0.474 Y  0.450      SignalP-TM
fig|2005473.102.peg.841    0.532  20  0.690  20  0.926  18  0.893   0.786 Y  0.570      SignalP-noTM
fig|2005473.102.peg.842    0.291  20  0.524  20  0.969  10  0.935   0.717 Y  0.570      SignalP-noTM
fig|2005473.102.peg.843    0.171  20  0.384  20  0.908  12  0.839   0.561 Y  0.450      SignalP-TM
fig|2005473.102.peg.843    0.533  20  0.708  20  0.976  10  0.915   0.806 Y  0.570      SignalP-noTM
fig|2005473.102.peg.856    0.475  26  0.600  26  0.935  17  0.771   0.667 Y  0.450      SignalP-TM
fig|2005473.102.peg.856    0.810  21  0.872  21  0.966  11  0.928   0.898 Y  0.570      SignalP-noTM
fig|2005473.102.peg.876    0.162  23  0.350  19  0.926  17  0.825   0.573 Y  0.570      SignalP-noTM
fig|2005473.102.peg.876    0.184  25  0.364  19  0.897  12  0.803   0.535 Y  0.450      SignalP-TM
fig|2005473.102.peg.878    0.212  33  0.414  21  0.943   4  0.914   0.609 Y  0.450      SignalP-TM
fig|2005473.102.peg.878    0.607  21  0.763  21  0.979  11  0.957   0.854 Y  0.570      SignalP-noTM
fig|2005473.102.peg.879    0.146  22  0.324  22  0.832   4  0.741   0.486 Y  0.450      SignalP-TM
fig|2005473.102.peg.879    0.335  22  0.541  22  0.941  18  0.884   0.702 Y  0.570      SignalP-noTM
fig|2005473.102.peg.882    0.181  56  0.351  15  0.886   3  0.854   0.547 Y  0.450      SignalP-TM
fig|2005473.102.peg.882    0.678  21  0.778  21  0.939  10  0.896   0.833 Y  0.570      SignalP-noTM
fig|2005473.102.peg.883    0.192  28  0.399  28  0.965   8  0.891   0.591 Y  0.450      SignalP-TM
fig|2005473.102.peg.883    0.342  26  0.574  26  0.986  12  0.964   0.757 Y  0.570      SignalP-noTM
fig|2005473.102.peg.885    0.632  26  0.684  26  0.940  12  0.797   0.737 Y  0.570      SignalP-noTM
fig|2005473.102.peg.885    0.675  26  0.721  26  0.867  23  0.747   0.731 Y  0.450      SignalP-TM
fig|2005473.102.peg.887    0.313  21  0.442  21  0.763  17  0.615   0.509 Y  0.450      SignalP-TM
fig|2005473.102.peg.887    0.760  21  0.779  21  0.909  17  0.814   0.795 Y  0.570      SignalP-noTM
fig|2005473.102.peg.902    0.286  27  0.474  21  0.925  16  0.887   0.635 Y  0.450      SignalP-TM
fig|2005473.102.peg.902    0.503  21  0.697  21  0.984  13  0.957   0.819 Y  0.570      SignalP-noTM
fig|2005473.102.peg.903    0.191  29  0.352  29  0.883  11  0.741   0.504 Y  0.450      SignalP-TM
fig|2005473.102.peg.903    0.220  28  0.439  28  0.949  15  0.858   0.636 Y  0.570      SignalP-noTM
fig|2005473.102.peg.904    0.216  29  0.365  29  0.900   7  0.732   0.508 Y  0.450      SignalP-TM
fig|2005473.102.peg.904    0.284  25  0.492  20  0.954   4  0.936   0.701 Y  0.570      SignalP-noTM
fig|2005473.102.peg.911    0.590  25  0.712  25  0.955  15  0.881   0.777 Y  0.450      SignalP-TM
fig|2005473.102.peg.911    0.849  22  0.915  22  0.994  11  0.978   0.945 Y  0.570      SignalP-noTM
fig|2005473.102.peg.914    0.744  23  0.827  23  0.961  14  0.914   0.868 Y  0.570      SignalP-noTM
fig|2005473.102.peg.924    0.484  30  0.615  30  0.974   9  0.877   0.717 Y  0.450      SignalP-TM
fig|2005473.102.peg.924    0.620  23  0.772  23  0.986  11  0.957   0.859 Y  0.570      SignalP-noTM
fig|2005473.102.peg.934    0.192  24  0.394  24  0.960  11  0.863   0.614 Y  0.570      SignalP-noTM
fig|2005473.102.peg.934    0.213  26  0.389  26  0.903  14  0.785   0.544 Y  0.450      SignalP-TM
fig|2005473.102.peg.942    0.259  20  0.386  20  0.749   1  0.603   0.471 Y  0.450      SignalP-TM
fig|2005473.102.peg.943    0.125  68  0.291  19  0.871  15  0.719   0.458 Y  0.450      SignalP-TM
fig|2005473.102.peg.943    0.274  21  0.476  21  0.906   1  0.829   0.642 Y  0.570      SignalP-noTM
fig|2005473.102.peg.953    0.239  16  0.446  16  0.890   1  0.840   0.631 Y  0.570      SignalP-noTM
fig|2005473.102.peg.956    0.173  29  0.342  21  0.790  15  0.722   0.490 Y  0.450      SignalP-TM
fig|2005473.102.peg.957    0.325  21  0.542  21  0.951   9  0.911   0.686 Y  0.450      SignalP-TM
fig|2005473.102.peg.957    0.374  21  0.600  21  0.980  10  0.961   0.770 Y  0.570      SignalP-noTM
fig|2005473.102.peg.958    0.198  24  0.389  24  0.877  11  0.708   0.514 Y  0.450      SignalP-TM
fig|2005473.102.peg.958    0.290  22  0.511  22  0.948  13  0.892   0.690 Y  0.570      SignalP-noTM
fig|2005473.102.peg.959    0.189  24  0.371  24  0.882   6  0.775   0.529 Y  0.450      SignalP-TM
fig|2005473.102.peg.960    0.475  24  0.571  24  0.884   6  0.744   0.638 Y  0.450      SignalP-TM
fig|2005473.102.peg.960    0.788  24  0.802  24  0.939  18  0.865   0.832 Y  0.570      SignalP-noTM
fig|2005473.102.peg.961    0.545  30  0.542  30  0.939  14  0.685   0.598 Y  0.450      SignalP-TM
fig|2005473.102.peg.961    0.641  30  0.719  30  0.981  13  0.879   0.794 Y  0.570      SignalP-noTM
fig|2005473.102.peg.962    0.235  22  0.421  22  0.860   4  0.779   0.560 Y  0.450      SignalP-TM
fig|2005473.102.peg.962    0.655  24  0.740  24  0.981  10  0.891   0.811 Y  0.570      SignalP-noTM
fig|2005473.102.peg.966    0.494  29  0.604  29  0.903  14  0.780   0.672 Y  0.450      SignalP-TM
fig|2005473.102.peg.967    0.326  23  0.538  23  0.960  18  0.906   0.711 Y  0.570      SignalP-noTM
fig|2005473.102.peg.967    0.444  29  0.541  29  0.958   6  0.796   0.641 Y  0.450      SignalP-TM
fig|2005473.102.peg.968    0.261  23  0.447  23  0.900  18  0.781   0.577 Y  0.450      SignalP-TM
fig|2005473.102.peg.968    0.390  23  0.575  23  0.964   9  0.884   0.720 Y  0.570      SignalP-noTM
fig|2005473.102.peg.969    0.382  37  0.482  37  0.775  32  0.463   0.474 Y  0.450      SignalP-TM
fig|2005473.102.peg.969    0.626  37  0.733  37  0.939  32  0.713   0.724 Y  0.570      SignalP-noTM
fig|2005473.102.peg.979    0.238  23  0.428  23  0.922   4  0.825   0.615 Y  0.570      SignalP-noTM
fig|2005473.102.peg.979    0.425  29  0.416  29  0.884   2  0.618   0.495 Y  0.450      SignalP-TM
fig|2005473.102.peg.982    0.234  24  0.380  24  0.715   6  0.632   0.478 Y  0.450      SignalP-TM
fig|2005473.102.peg.99     0.180  24  0.410  24  0.970  16  0.887   0.596 Y  0.450      SignalP-TM
fig|2005473.102.peg.99     0.249  27  0.459  27  0.977  20  0.884   0.659 Y  0.570      SignalP-noTM
fig|2005473.102.peg.999    0.187  29  0.350  29  0.808  15  0.695   0.484 Y  0.450      SignalP-TM
fig|2005473.102.peg.999    0.409  27  0.553  27  0.922  10  0.812   0.675 Y  0.570      SignalP-noTM
