HMM Profile	Profile Length	Gene ID	Gene Length	E Value	Profile Start	Profile End	Gene Start	Gene End	Coverage
GH28.hmm	325	fig|2005473.96.peg.1000	483	1.1e-31	62	307	159	451	0.753846153846
GH35.hmm	307	fig|2005473.96.peg.1015	569	2e-30	1	166	38	212	0.537459283388
GH10.hmm	303	fig|2005473.96.peg.1017	376	3.5e-103	2	301	32	369	0.986798679868
GH43_1.hmm	307	fig|2005473.96.peg.1018	324	4.6e-145	5	307	10	314	0.983713355049
GH67.hmm	669	fig|2005473.96.peg.1019	671	3.3e-253	63	667	46	637	0.902840059791
GH5_42.hmm	256	fig|2005473.96.peg.102	411	1.8e-19	22	214	42	250	0.75
GH25.hmm	177	fig|2005473.96.peg.1020	245	5.4e-44	2	174	47	217	0.971751412429
GH23.hmm	135	fig|2005473.96.peg.1025	537	6.2e-26	2	121	121	257	0.881481481481
GH28.hmm	325	fig|2005473.96.peg.108	476	1.5e-69	6	307	53	401	0.926153846154
GH92.hmm	491	fig|2005473.96.peg.109	760	4.5e-182	3	491	255	749	0.993890020367
GH89.hmm	663	fig|2005473.96.peg.1090	724	3.8e-256	2	662	57	714	0.995475113122
GT2.hmm	170	fig|2005473.96.peg.1103	257	4.2e-22	1	164	6	161	0.958823529412
GT2.hmm	170	fig|2005473.96.peg.1124	332	1.7e-19	2	122	7	124	0.705882352941
GH182.hmm	237	fig|2005473.96.peg.115	773	2.8e-30	11	227	452	683	0.911392405063
GH27.hmm	229	fig|2005473.96.peg.1279	532	6.9e-64	4	229	130	370	0.982532751092
GH3.hmm	216	fig|2005473.96.peg.1300	976	1.6e-63	3	215	169	419	0.981481481481
GH179.hmm	338	fig|2005473.96.peg.1362	328	5.8e-16	9	175	28	186	0.491124260355
GH43_19.hmm	229	fig|2005473.96.peg.1382	348	4.2e-75	2	226	90	317	0.978165938865
GH2.hmm	752	fig|2005473.96.peg.1384	803	3e-113	28	465	28	571	0.581117021277
GH24.hmm	137	fig|2005473.96.peg.1436	163	3.2e-17	9	137	40	156	0.934306569343
GH3.hmm	216	fig|2005473.96.peg.144	744	3.3e-66	3	214	64	283	0.976851851852
GT2.hmm	170	fig|2005473.96.peg.1499	332	1.4e-29	1	169	5	170	0.988235294118
CE11.hmm	271	fig|2005473.96.peg.1524	460	2.6e-69	1	220	3	223	0.808118081181
GH97.hmm	631	fig|2005473.96.peg.154	617	2.1e-173	4	630	10	613	0.992076069731
GH31_4.hmm	435	fig|2005473.96.peg.155	861	8.9e-163	2	435	332	761	0.995402298851
GH43_29.hmm	278	fig|2005473.96.peg.156	446	3.4e-114	1	278	26	299	0.996402877698
CBM6.hmm	138	fig|2005473.96.peg.156	446	5.7e-27	18	138	323	446	0.869565217391
GH105.hmm	332	fig|2005473.96.peg.1596	778	2e-76	7	332	53	378	0.978915662651
GH154.hmm	348	fig|2005473.96.peg.1596	778	6.1e-106	1	348	387	749	0.997126436782
GH2.hmm	752	fig|2005473.96.peg.1597	809	1.4e-120	19	551	30	672	0.707446808511
GT5.hmm	472	fig|2005473.96.peg.1616	269	2.2e-40	1	216	5	233	0.455508474576
GH43_10.hmm	271	fig|2005473.96.peg.1639	694	1.6e-74	1	225	37	252	0.826568265683
CBM91.hmm	200	fig|2005473.96.peg.1639	694	2.1e-23	4	195	363	548	0.955
GH43_35.hmm	305	fig|2005473.96.peg.168	689	2.8e-103	1	304	40	381	0.993442622951
GT3.hmm	637	fig|2005473.96.peg.1743	550	2e-113	1	347	13	347	0.5431711146
GT35.hmm	674	fig|2005473.96.peg.1744	851	2.9e-128	20	562	124	641	0.804154302671
GH95.hmm	722	fig|2005473.96.peg.1761	810	2.2e-257	5	717	25	793	0.986149584488
GT4.hmm	160	fig|2005473.96.peg.1780	421	4.7e-17	5	157	231	390	0.95
GT2.hmm	170	fig|2005473.96.peg.1781	338	7.8e-23	1	129	11	140	0.752941176471
GT2.hmm	170	fig|2005473.96.peg.1782	311	1.1e-24	1	133	9	148	0.776470588235
GH97.hmm	631	fig|2005473.96.peg.1793	646	2.4e-169	5	628	9	641	0.987321711569
GH51_1.hmm	472	fig|2005473.96.peg.180	511	1.2e-170	3	471	26	509	0.991525423729
GT2.hmm	170	fig|2005473.96.peg.1808	253	2.5e-24	2	163	11	172	0.947058823529
GH51_2.hmm	435	fig|2005473.96.peg.181	659	8.2e-179	2	433	198	656	0.990804597701
GH43_4.hmm	321	fig|2005473.96.peg.182	504	3.2e-89	2	321	55	379	0.993769470405
CE1.hmm	227	fig|2005473.96.peg.1851	339	7.6e-18	3	156	94	277	0.674008810573
GH13_8.hmm	320	fig|2005473.96.peg.1880	669	2.7e-162	2	320	192	512	0.99375
CBM67.hmm	176	fig|2005473.96.peg.1892	1114	4.2e-29	14	171	344	517	0.892045454545
GH78.hmm	504	fig|2005473.96.peg.1892	1114	2.7e-154	3	504	545	1090	0.994047619048
GH2.hmm	752	fig|2005473.96.peg.1899	1039	1.4e-216	27	751	53	922	0.962765957447
GH43_4.hmm	321	fig|2005473.96.peg.190	666	3.4e-82	2	321	196	555	0.993769470405
GH2.hmm	752	fig|2005473.96.peg.193	1027	1.7e-215	18	749	49	898	0.972074468085
GT2.hmm	170	fig|2005473.96.peg.1935	449	2.1e-19	1	120	201	323	0.7
GH51_2.hmm	435	fig|2005473.96.peg.1939	1168	1.2e-136	2	435	239	848	0.995402298851
GH2.hmm	752	fig|2005473.96.peg.1992	807	4.4e-118	25	552	20	698	0.70079787234
GH43_7.hmm	271	fig|2005473.96.peg.1996	482	3.2e-154	1	271	29	299	0.9963099631
CE1.hmm	227	fig|2005473.96.peg.1998	380	8.8e-56	1	222	142	374	0.973568281938
GH43_29.hmm	278	fig|2005473.96.peg.2000	340	1.1e-106	1	277	44	332	0.992805755396
GH43_2.hmm	277	fig|2005473.96.peg.2001	843	3e-130	1	277	25	302	0.996389891697
GH8.hmm	320	fig|2005473.96.peg.2001	843	1.9e-80	22	319	505	831	0.928125
CE1.hmm	227	fig|2005473.96.peg.2002	369	1.7e-59	1	219	145	363	0.960352422907
GT4.hmm	160	fig|2005473.96.peg.2003	377	3.1e-29	9	152	202	341	0.89375
GT2.hmm	170	fig|2005473.96.peg.2015	297	1.6e-29	1	168	8	175	0.982352941176
GT122.hmm	327	fig|2005473.96.peg.2016	366	5.9e-28	4	317	31	334	0.957186544343
GH25.hmm	177	fig|2005473.96.peg.2058	438	4e-42	1	177	180	378	0.994350282486
GT2.hmm	170	fig|2005473.96.peg.2071	323	2.3e-32	1	166	8	169	0.970588235294
CE15.hmm	269	fig|2005473.96.peg.2094	407	6.3e-86	1	268	56	379	0.992565055762
GT9.hmm	225	fig|2005473.96.peg.2126	358	3e-30	2	217	78	330	0.955555555556
GT4.hmm	160	fig|2005473.96.peg.2130	363	4.6e-22	9	156	188	331	0.91875
GH51_1.hmm	472	fig|2005473.96.peg.2212	508	3.9e-140	3	471	22	505	0.991525423729
GH2.hmm	752	fig|2005473.96.peg.2213	625	3.9e-95	24	487	34	599	0.615691489362
GH133.hmm	372	fig|2005473.96.peg.2217	647	1.5e-91	6	372	285	637	0.983870967742
GT4.hmm	160	fig|2005473.96.peg.2218	420	6.1e-35	6	157	240	388	0.94375
GH57.hmm	383	fig|2005473.96.peg.2219	486	8.7e-63	2	312	6	325	0.809399477807
GT83.hmm	540	fig|2005473.96.peg.2251	569	1e-78	7	478	10	510	0.872222222222
GT4.hmm	160	fig|2005473.96.peg.2277	391	4.7e-27	5	155	207	355	0.9375
GH127.hmm	524	fig|2005473.96.peg.2305	815	2.2e-212	1	524	41	573	0.998091603053
GH97.hmm	631	fig|2005473.96.peg.2307	664	2.8e-186	4	630	16	659	0.992076069731
GH127.hmm	524	fig|2005473.96.peg.2308	802	9.9e-211	1	524	39	570	0.998091603053
GT2.hmm	170	fig|2005473.96.peg.2318	328	2.8e-32	1	168	4	167	0.982352941176
GH31_16.hmm	431	fig|2005473.96.peg.2342	749	1.1e-229	1	431	186	614	0.997679814385
GH23.hmm	135	fig|2005473.96.peg.2372	319	8.5e-21	10	120	99	222	0.814814814815
GT19.hmm	354	fig|2005473.96.peg.242	382	8e-112	2	353	4	358	0.991525423729
CE1.hmm	227	fig|2005473.96.peg.2438	291	2.8e-21	6	211	34	268	0.903083700441
GT119.hmm	360	fig|2005473.96.peg.2459	465	2.8e-29	5	191	2	183	0.516666666667
GT119.hmm	360	fig|2005473.96.peg.2459	465	2.1e-48	139	358	217	457	0.608333333333
GH39.hmm	431	fig|2005473.96.peg.2469	979	9.8e-98	53	431	98	515	0.877030162413
GH115.hmm	697	fig|2005473.96.peg.247	857	3.2e-268	2	697	30	834	0.997130559541
GT2.hmm	170	fig|2005473.96.peg.254	318	1.8e-16	1	168	5	180	0.982352941176
GH35.hmm	307	fig|2005473.96.peg.2554	793	8.3e-119	1	305	44	354	0.990228013029
GH2.hmm	752	fig|2005473.96.peg.2563	606	6.6e-103	24	408	51	498	0.510638297872
GT2.hmm	170	fig|2005473.96.peg.2592	317	9.3e-23	2	131	9	147	0.758823529412
GH13_14.hmm	289	fig|2005473.96.peg.2606	362	1.4e-77	1	157	199	357	0.539792387543
GH13_14.hmm	289	fig|2005473.96.peg.2607	310	1.2e-35	159	289	1	165	0.449826989619
GH3.hmm	216	fig|2005473.96.peg.2610	854	9.1e-71	4	215	60	301	0.976851851852
GH43_24.hmm	246	fig|2005473.96.peg.269	638	2.2e-98	1	246	47	337	0.99593495935
GH16_3.hmm	230	fig|2005473.96.peg.269	638	4e-62	1	230	380	630	0.995652173913
GH13_28.hmm	287	fig|2005473.96.peg.325	480	2.3e-108	1	285	44	354	0.989547038328
CBM20.hmm	90	fig|2005473.96.peg.357	892	3.7e-17	3	84	3	84	0.9
CBM20.hmm	90	fig|2005473.96.peg.357	892	1.2e-18	8	87	137	219	0.877777777778
GH77.hmm	494	fig|2005473.96.peg.357	892	1.9e-146	1	487	244	885	0.983805668016
GH16_3.hmm	230	fig|2005473.96.peg.358	643	9e-48	1	230	357	628	0.995652173913
GH92.hmm	491	fig|2005473.96.peg.414	758	1.7e-160	2	491	243	744	0.995926680244
GH2.hmm	752	fig|2005473.96.peg.452	855	3.8e-110	24	486	23	592	0.614361702128
CBM57.hmm	147	fig|2005473.96.peg.452	855	1.9e-21	2	147	690	850	0.986394557823
GT117.hmm	245	fig|2005473.96.peg.512	1170	2.1e-38	2	199	16	236	0.804081632653
CE4.hmm	130	fig|2005473.96.peg.513	206	9.3e-25	4	118	22	132	0.876923076923
GT2.hmm	170	fig|2005473.96.peg.532	259	9.1e-21	1	102	5	96	0.594117647059
GT4.hmm	160	fig|2005473.96.peg.533	343	1e-17	7	153	167	311	0.9125
GT11.hmm	276	fig|2005473.96.peg.535	272	1.2e-20	1	239	1	239	0.86231884058
GT119.hmm	360	fig|2005473.96.peg.549	433	1.2e-51	1	358	38	402	0.991666666667
GT28.hmm	157	fig|2005473.96.peg.550	370	1.5e-43	2	153	196	350	0.96178343949
GH31_3.hmm	429	fig|2005473.96.peg.573	540	1.3e-72	20	429	20	427	0.95337995338
GT4.hmm	160	fig|2005473.96.peg.58	405	5.1e-28	7	149	237	371	0.8875
GH3.hmm	216	fig|2005473.96.peg.587	777	1.3e-52	4	215	103	315	0.976851851852
GH51_2.hmm	435	fig|2005473.96.peg.594	849	1.3e-149	2	434	236	844	0.993103448276
GT4.hmm	160	fig|2005473.96.peg.60	368	6.8e-28	9	156	195	339	0.91875
CBM98.hmm	105	fig|2005473.96.peg.607	927	3.5e-27	6	104	33	130	0.933333333333
GH13_47.hmm	312	fig|2005473.96.peg.607	927	1.9e-106	3	311	412	722	0.987179487179
GH29.hmm	346	fig|2005473.96.peg.625	546	3.3e-103	7	345	17	430	0.976878612717
GH23.hmm	135	fig|2005473.96.peg.653	460	4.7e-28	13	125	298	455	0.82962962963
CE1.hmm	227	fig|2005473.96.peg.706	751	2.1e-17	12	208	509	719	0.863436123348
GH43_2.hmm	277	fig|2005473.96.peg.751	328	2.2e-128	2	277	37	316	0.992779783394
GH92.hmm	491	fig|2005473.96.peg.752	758	1.3e-166	7	491	220	738	0.985743380855
GH31_4.hmm	435	fig|2005473.96.peg.756	775	7.2e-176	1	435	218	664	0.997701149425
GH43_28.hmm	265	fig|2005473.96.peg.762	569	4.4e-106	2	261	46	304	0.977358490566
CBM32.hmm	124	fig|2005473.96.peg.762	569	7.4e-26	6	108	346	462	0.822580645161
GH43_2.hmm	277	fig|2005473.96.peg.763	329	1.5e-128	2	277	42	322	0.992779783394
GH3.hmm	216	fig|2005473.96.peg.764	853	1.1e-67	3	215	47	294	0.981481481481
GH2.hmm	752	fig|2005473.96.peg.765	1229	9.3e-92	22	533	237	952	0.679521276596
CE20.hmm	249	fig|2005473.96.peg.766	480	8.1e-81	3	249	103	369	0.987951807229
GH2.hmm	752	fig|2005473.96.peg.767	1067	2.3e-83	21	394	40	550	0.496010638298
GH43_2.hmm	277	fig|2005473.96.peg.768	666	3e-103	8	277	243	517	0.971119133574
GH171.hmm	355	fig|2005473.96.peg.77	396	7.8e-110	1	355	49	393	0.997183098592
GH51_2.hmm	435	fig|2005473.96.peg.777	867	2.1e-153	2	435	256	864	0.995402298851
GH43_5.hmm	287	fig|2005473.96.peg.779	861	4e-115	1	287	563	857	0.996515679443
GH2.hmm	752	fig|2005473.96.peg.784	810	1.7e-112	24	504	20	607	0.63829787234
PL11_1.hmm	583	fig|2005473.96.peg.785	622	2.8e-256	2	575	33	613	0.982847341338
CE12.hmm	210	fig|2005473.96.peg.786	939	9.3e-54	2	210	65	284	0.990476190476
CE12.hmm	210	fig|2005473.96.peg.786	939	7.5e-58	2	210	316	531	0.990476190476
CE12.hmm	210	fig|2005473.96.peg.786	939	9.7e-66	1	210	690	895	0.995238095238
GH105.hmm	332	fig|2005473.96.peg.787	474	1.1e-74	7	332	97	433	0.978915662651
GH97.hmm	631	fig|2005473.96.peg.793	704	2.9e-237	3	630	13	699	0.993660855784
GH13_38.hmm	371	fig|2005473.96.peg.795	582	4e-166	1	369	34	396	0.991913746631
CE1.hmm	227	fig|2005473.96.peg.8	367	6.9e-55	1	221	153	363	0.969162995595
GH43_17.hmm	267	fig|2005473.96.peg.804	330	2.7e-98	2	262	35	301	0.973782771536
GH43_24.hmm	246	fig|2005473.96.peg.806	336	1.1e-101	2	246	46	302	0.991869918699
GH31_4.hmm	435	fig|2005473.96.peg.827	819	2.4e-170	1	435	218	715	0.997701149425
GH3.hmm	216	fig|2005473.96.peg.830	985	3e-59	4	215	101	324	0.976851851852
GH31.hmm	427	fig|2005473.96.peg.84	795	2.8e-128	1	427	220	660	0.997658079625
GH115.hmm	697	fig|2005473.96.peg.840	965	2.8e-224	3	588	33	668	0.83931133429
GH13_48.hmm	283	fig|2005473.96.peg.85	478	1.5e-118	2	282	63	357	0.989399293286
GT2.hmm	170	fig|2005473.96.peg.854	336	3.6e-35	1	157	6	162	0.917647058824
GH43_9.hmm	270	fig|2005473.96.peg.86	822	1.9e-120	4	270	26	288	0.985185185185
CBM91.hmm	200	fig|2005473.96.peg.86	822	8.2e-21	5	197	310	484	0.96
GH43_19.hmm	229	fig|2005473.96.peg.86	822	1.3e-69	2	227	537	777	0.982532751092
GH43_34.hmm	280	fig|2005473.96.peg.861	327	5.2e-96	1	280	21	319	0.996428571429
GH97.hmm	631	fig|2005473.96.peg.884	721	1.6e-244	5	630	13	718	0.990491283677
CE1.hmm	227	fig|2005473.96.peg.906	295	2.2e-58	1	225	37	289	0.986784140969
GH5_21.hmm	292	fig|2005473.96.peg.908	1199	2.2e-121	1	268	43	326	0.914383561644
GH43_10.hmm	271	fig|2005473.96.peg.908	1199	5e-88	2	271	424	676	0.992619926199
CBM91.hmm	200	fig|2005473.96.peg.908	1199	4.5e-22	6	196	706	900	0.95
GH43_10.hmm	271	fig|2005473.96.peg.909	567	2e-102	1	271	53	320	0.9963099631
CBM91.hmm	200	fig|2005473.96.peg.909	567	2.3e-31	4	198	347	553	0.97
GH43_12.hmm	281	fig|2005473.96.peg.910	572	7.2e-110	2	281	63	358	0.992882562278
CBM91.hmm	200	fig|2005473.96.peg.910	572	1.6e-48	6	181	391	571	0.875
GH10.hmm	303	fig|2005473.96.peg.916	731	5.6e-48	96	302	473	726	0.679867986799
GH43_29.hmm	278	fig|2005473.96.peg.917	459	1e-118	1	277	24	312	0.992805755396
CBM6.hmm	138	fig|2005473.96.peg.917	459	1.7e-33	17	137	335	459	0.869565217391
CE6.hmm	99	fig|2005473.96.peg.918	444	4e-33	2	98	92	201	0.969696969697
GH97.hmm	631	fig|2005473.96.peg.919	655	2.5e-165	9	628	18	648	0.980982567353
GH95.hmm	722	fig|2005473.96.peg.920	824	9.9e-287	4	713	27	760	0.981994459834
GH146.hmm	503	fig|2005473.96.peg.921	793	2.3e-209	1	502	36	539	0.996023856859
GT30.hmm	177	fig|2005473.96.peg.924	413	1.6e-44	12	176	47	207	0.926553672316
GH30_2.hmm	411	fig|2005473.96.peg.931	501	1.2e-163	5	410	52	498	0.985401459854
CE1.hmm	227	fig|2005473.96.peg.941	695	2.4e-17	5	207	437	662	0.88986784141
GT51.hmm	177	fig|2005473.96.peg.959	773	2.8e-60	3	177	50	231	0.983050847458
GH3.hmm	216	fig|2005473.96.peg.965	772	1.4e-73	3	216	106	328	0.986111111111
GH51_2.hmm	435	fig|2005473.96.peg.98	827	1.3e-163	2	434	366	823	0.993103448276
PL42.hmm	296	fig|2005473.96.peg.99	446	1e-122	1	296	48	340	0.996621621622
GH88.hmm	329	fig|2005473.96.peg.992	407	2.4e-127	3	329	71	394	0.990881458967
GH43_10.hmm	271	fig|2005473.96.peg.993	551	1.8e-110	2	271	36	306	0.992619926199
CBM91.hmm	200	fig|2005473.96.peg.993	551	1.7e-18	4	195	341	548	0.955
GH97.hmm	631	fig|2005473.96.peg.994	637	4.5e-163	4	630	11	618	0.992076069731
GH28.hmm	325	fig|2005473.96.peg.995	469	3.6e-42	63	309	193	452	0.756923076923
GH146.hmm	503	fig|2005473.96.peg.997	639	2.6e-197	1	503	49	555	0.998011928429
GH39.hmm	431	fig|2005473.96.peg.999	546	7.1e-138	3	430	30	498	0.990719257541
