fig|2005473.96.peg.1       0.464  25  0.504  25  0.674  21  0.519   0.510 Y  0.450      SignalP-TM
fig|2005473.96.peg.1000    0.369  21  0.476  21  0.784   1  0.635   0.538 Y  0.450      SignalP-TM
fig|2005473.96.peg.1000    0.487  21  0.597  21  0.842   1  0.741   0.665 Y  0.570      SignalP-noTM
fig|2005473.96.peg.1001    0.172  26  0.341  23  0.921   6  0.857   0.583 Y  0.570      SignalP-noTM
fig|2005473.96.peg.1001    0.275  49  0.312  25  0.916   5  0.766   0.489 Y  0.450      SignalP-TM
fig|2005473.96.peg.1002    0.735  26  0.785  26  0.919  15  0.833   0.803 Y  0.450      SignalP-TM
fig|2005473.96.peg.1002    0.768  26  0.783  26  0.960  18  0.858   0.818 Y  0.570      SignalP-noTM
fig|2005473.96.peg.1003    0.277  28  0.424  28  0.841  22  0.691   0.528 Y  0.450      SignalP-TM
fig|2005473.96.peg.1006    0.436  27  0.525  27  0.733  24  0.595   0.552 Y  0.450      SignalP-TM
fig|2005473.96.peg.1007    0.454  20  0.593  20  0.892  18  0.716   0.641 Y  0.450      SignalP-TM
fig|2005473.96.peg.1007    0.773  20  0.817  20  0.923  18  0.819   0.818 Y  0.570      SignalP-noTM
fig|2005473.96.peg.1017    0.166  25  0.373  23  0.949  11  0.897   0.619 Y  0.570      SignalP-noTM
fig|2005473.96.peg.1017    0.206  28  0.392  28  0.923  12  0.826   0.561 Y  0.450      SignalP-TM
fig|2005473.96.peg.102     0.218  24  0.365  24  0.778   6  0.645   0.474 Y  0.450      SignalP-TM
fig|2005473.96.peg.102     0.617  24  0.703  24  0.931  20  0.809   0.753 Y  0.570      SignalP-noTM
fig|2005473.96.peg.1025    0.147  20  0.347  20  0.876   7  0.819   0.531 Y  0.450      SignalP-TM
fig|2005473.96.peg.1025    0.401  20  0.579  20  0.899  12  0.838   0.701 Y  0.570      SignalP-noTM
fig|2005473.96.peg.1028    0.161  25  0.339  25  0.914  17  0.770   0.507 Y  0.450      SignalP-TM
fig|2005473.96.peg.1028    0.437  20  0.634  20  0.948  18  0.923   0.770 Y  0.570      SignalP-noTM
fig|2005473.96.peg.103     0.308  18  0.512  18  0.886  16  0.858   0.675 Y  0.570      SignalP-noTM
fig|2005473.96.peg.1030    0.238  17  0.434  17  0.893  11  0.789   0.601 Y  0.570      SignalP-noTM
fig|2005473.96.peg.1033    0.352  29  0.528  29  0.921  18  0.789   0.630 Y  0.450      SignalP-TM
fig|2005473.96.peg.1034    0.403  24  0.519  24  0.806  21  0.671   0.590 Y  0.570      SignalP-noTM
fig|2005473.96.peg.1034    0.538  24  0.611  24  0.795  11  0.681   0.639 Y  0.450      SignalP-TM
fig|2005473.96.peg.1038    0.558  24  0.642  24  0.888   3  0.793   0.713 Y  0.570      SignalP-noTM
fig|2005473.96.peg.1038    0.627  24  0.663  24  0.839  16  0.738   0.692 Y  0.450      SignalP-TM
fig|2005473.96.peg.1051    0.193  25  0.405  25  0.936   8  0.867   0.585 Y  0.450      SignalP-TM
fig|2005473.96.peg.1051    0.428  22  0.632  22  0.951  12  0.932   0.773 Y  0.570      SignalP-noTM
fig|2005473.96.peg.1060    0.314  61  0.288  11  0.893   1  0.821   0.496 Y  0.450      SignalP-TM
fig|2005473.96.peg.109     0.387  24  0.505  24  0.842   7  0.724   0.591 Y  0.450      SignalP-TM
fig|2005473.96.peg.109     0.608  24  0.687  24  0.894   3  0.818   0.749 Y  0.570      SignalP-noTM
fig|2005473.96.peg.1090    0.420  21  0.587  21  0.929   9  0.842   0.687 Y  0.450      SignalP-TM
fig|2005473.96.peg.1090    0.779  21  0.864  21  0.985  17  0.952   0.905 Y  0.570      SignalP-noTM
fig|2005473.96.peg.1092    0.237  22  0.433  22  0.878   7  0.783   0.569 Y  0.450      SignalP-TM
fig|2005473.96.peg.1092    0.498  22  0.609  22  0.902   1  0.782   0.690 Y  0.570      SignalP-noTM
fig|2005473.96.peg.1093    0.575  21  0.710  21  0.921   7  0.875   0.775 Y  0.450      SignalP-TM
fig|2005473.96.peg.1093    0.642  21  0.772  21  0.960   6  0.932   0.847 Y  0.570      SignalP-noTM
fig|2005473.96.peg.1102    0.470  22  0.626  22  0.867  19  0.830   0.705 Y  0.450      SignalP-TM
fig|2005473.96.peg.1102    0.714  20  0.819  20  0.968  19  0.929   0.871 Y  0.570      SignalP-noTM
fig|2005473.96.peg.1109    0.169  29  0.353  24  0.937  11  0.869   0.596 Y  0.570      SignalP-noTM
fig|2005473.96.peg.111     0.442  34  0.582  34  0.978  12  0.881   0.699 Y  0.450      SignalP-TM
fig|2005473.96.peg.111     0.533  34  0.708  22  0.994  17  0.967   0.830 Y  0.570      SignalP-noTM
fig|2005473.96.peg.1114    0.297  22  0.508  22  0.910   6  0.878   0.652 Y  0.450      SignalP-TM
fig|2005473.96.peg.1114    0.733  22  0.826  22  0.951  17  0.933   0.877 Y  0.570      SignalP-noTM
fig|2005473.96.peg.1130    0.715  31  0.665  31  0.876  28  0.442   0.583 Y  0.510      SignalP-TM
fig|2005473.96.peg.1136    0.423  24  0.521  20  0.891   1  0.792   0.648 Y  0.570      SignalP-noTM
fig|2005473.96.peg.1141    0.348  22  0.541  22  0.930   5  0.869   0.669 Y  0.450      SignalP-TM
fig|2005473.96.peg.1141    0.685  22  0.774  22  0.944  16  0.895   0.831 Y  0.570      SignalP-noTM
fig|2005473.96.peg.1142    0.246  29  0.398  29  0.878  16  0.666   0.503 Y  0.450      SignalP-TM
fig|2005473.96.peg.1142    0.336  22  0.559  22  0.955   6  0.925   0.731 Y  0.570      SignalP-noTM
fig|2005473.96.peg.1143    0.379  23  0.553  23  0.890   8  0.820   0.657 Y  0.450      SignalP-TM
fig|2005473.96.peg.1143    0.607  23  0.764  23  0.974  12  0.957   0.855 Y  0.570      SignalP-noTM
fig|2005473.96.peg.1144    0.195  19  0.405  19  0.912   3  0.858   0.618 Y  0.570      SignalP-noTM
fig|2005473.96.peg.115     0.158  30  0.340  23  0.933   3  0.831   0.571 Y  0.570      SignalP-noTM
fig|2005473.96.peg.115     0.242  30  0.347  30  0.845   3  0.631   0.458 Y  0.450      SignalP-TM
fig|2005473.96.peg.1191    0.270  21  0.465  21  0.909   7  0.827   0.606 Y  0.450      SignalP-TM
fig|2005473.96.peg.1191    0.652  21  0.748  21  0.931   1  0.870   0.805 Y  0.570      SignalP-noTM
fig|2005473.96.peg.1192    0.140  33  0.310  18  0.881   2  0.737   0.476 Y  0.450      SignalP-TM
fig|2005473.96.peg.1192    0.264  21  0.437  21  0.907   2  0.781   0.599 Y  0.570      SignalP-noTM
fig|2005473.96.peg.1196    0.736  22  0.635  22  0.710   1  0.580   0.609 Y  0.570      SignalP-noTM
fig|2005473.96.peg.1202    0.242  33  0.385  26  0.867   4  0.769   0.535 Y  0.450      SignalP-TM
fig|2005473.96.peg.1202    0.454  26  0.588  26  0.923   8  0.831   0.702 Y  0.570      SignalP-noTM
fig|2005473.96.peg.121     0.638  20  0.712  20  0.944  18  0.762   0.735 Y  0.570      SignalP-noTM
fig|2005473.96.peg.1210    0.227  36  0.337  20  0.965  15  0.940   0.572 Y  0.450      SignalP-TM
fig|2005473.96.peg.1210    0.542  20  0.725  20  0.980  12  0.957   0.834 Y  0.570      SignalP-noTM
fig|2005473.96.peg.1211    0.148  21  0.334  18  0.864   9  0.766   0.503 Y  0.450      SignalP-TM
fig|2005473.96.peg.1211    0.412  21  0.622  21  0.962  17  0.927   0.765 Y  0.570      SignalP-noTM
fig|2005473.96.peg.1212    0.269  24  0.487  24  0.955  11  0.868   0.635 Y  0.450      SignalP-TM
fig|2005473.96.peg.1212    0.269  24  0.506  20  0.982  16  0.958   0.719 Y  0.570      SignalP-noTM
fig|2005473.96.peg.1214    0.228  32  0.440  32  0.968  22  0.845   0.630 Y  0.570      SignalP-noTM
fig|2005473.96.peg.1214    0.238  36  0.376  36  0.852  21  0.725   0.512 Y  0.450      SignalP-TM
fig|2005473.96.peg.1215    0.187  27  0.337  27  0.780  18  0.642   0.456 Y  0.450      SignalP-TM
fig|2005473.96.peg.1223    0.352  26  0.523  26  0.882  25  0.762   0.616 Y  0.450      SignalP-TM
fig|2005473.96.peg.1223    0.825  26  0.885  26  0.974  22  0.911   0.897 Y  0.570      SignalP-noTM
fig|2005473.96.peg.1228    0.183  29  0.344  29  0.798   9  0.680   0.475 Y  0.450      SignalP-TM
fig|2005473.96.peg.1229    0.221  20  0.384  20  0.924   1  0.737   0.522 Y  0.450      SignalP-TM
fig|2005473.96.peg.1229    0.445  20  0.600  20  0.899   2  0.831   0.709 Y  0.570      SignalP-noTM
fig|2005473.96.peg.124     0.207  31  0.403  24  0.879  20  0.743   0.535 Y  0.450      SignalP-TM
fig|2005473.96.peg.124     0.396  24  0.558  24  0.922  14  0.827   0.685 Y  0.570      SignalP-noTM
fig|2005473.96.peg.1247    0.254  20  0.439  20  0.904  10  0.793   0.606 Y  0.570      SignalP-noTM
fig|2005473.96.peg.1250    0.363  21  0.453  21  0.777   2  0.606   0.513 Y  0.450      SignalP-TM
fig|2005473.96.peg.1250    0.796  21  0.806  21  0.881  11  0.821   0.813 Y  0.570      SignalP-noTM
fig|2005473.96.peg.1261    0.172  41  0.371  24  0.867  13  0.801   0.538 Y  0.450      SignalP-TM
fig|2005473.96.peg.1267    0.300  27  0.457  27  0.783  10  0.685   0.546 Y  0.450      SignalP-TM
fig|2005473.96.peg.1269    0.330  23  0.553  23  0.954  19  0.919   0.696 Y  0.450      SignalP-TM
fig|2005473.96.peg.1269    0.719  23  0.801  23  0.953  18  0.902   0.849 Y  0.570      SignalP-noTM
fig|2005473.96.peg.1279    0.151  50  0.355  20  0.944  17  0.839   0.582 Y  0.570      SignalP-noTM
fig|2005473.96.peg.1279    0.194  21  0.395  21  0.867  14  0.799   0.552 Y  0.450      SignalP-TM
fig|2005473.96.peg.1284    0.267  24  0.415  24  0.827  19  0.630   0.499 Y  0.450      SignalP-TM
fig|2005473.96.peg.1284    0.326  21  0.512  21  0.927   2  0.837   0.664 Y  0.570      SignalP-noTM
fig|2005473.96.peg.1286    0.392  25  0.588  25  0.955   8  0.904   0.711 Y  0.450      SignalP-TM
fig|2005473.96.peg.1286    0.628  25  0.771  25  0.979  10  0.954   0.857 Y  0.570      SignalP-noTM
fig|2005473.96.peg.1287    0.593  19  0.615  19  0.825   1  0.663   0.638 Y  0.570      SignalP-noTM
fig|2005473.96.peg.1291    0.130  31  0.310  21  0.945   6  0.886   0.534 Y  0.450      SignalP-TM
fig|2005473.96.peg.1291    0.305  25  0.537  25  0.969  14  0.948   0.730 Y  0.570      SignalP-noTM
fig|2005473.96.peg.1297    0.349  21  0.523  21  0.873  13  0.810   0.635 Y  0.450      SignalP-TM
fig|2005473.96.peg.1297    0.536  21  0.676  21  0.943   1  0.867   0.766 Y  0.570      SignalP-noTM
fig|2005473.96.peg.1300    0.345  22  0.549  22  0.934   3  0.889   0.682 Y  0.450      SignalP-TM
fig|2005473.96.peg.1300    0.482  22  0.614  22  0.934  15  0.819   0.710 Y  0.570      SignalP-noTM
fig|2005473.96.peg.1301    0.431  26  0.496  26  0.906   9  0.699   0.575 Y  0.450      SignalP-TM
fig|2005473.96.peg.1301    0.582  26  0.499  26  0.758  10  0.542   0.515 Y  0.510      SignalP-TM
fig|2005473.96.peg.1303    0.257  31  0.371  21  0.928  16  0.892   0.575 Y  0.450      SignalP-TM
fig|2005473.96.peg.1303    0.346  21  0.560  21  0.955  11  0.917   0.728 Y  0.570      SignalP-noTM
fig|2005473.96.peg.1310    0.418  22  0.585  22  0.944  18  0.808   0.690 Y  0.570      SignalP-noTM
fig|2005473.96.peg.1310    0.435  29  0.495  29  0.882  17  0.641   0.552 Y  0.450      SignalP-TM
fig|2005473.96.peg.1311    0.331  20  0.502  20  0.816  11  0.756   0.601 Y  0.450      SignalP-TM
fig|2005473.96.peg.1311    0.808  20  0.880  20  0.977  18  0.936   0.906 Y  0.570      SignalP-noTM
fig|2005473.96.peg.1312    0.239  20  0.435  20  0.864  10  0.793   0.603 Y  0.570      SignalP-noTM
fig|2005473.96.peg.1312    0.244  20  0.434  20  0.829  16  0.761   0.561 Y  0.450      SignalP-TM
fig|2005473.96.peg.1315    0.242  26  0.425  26  0.843  21  0.721   0.540 Y  0.450      SignalP-TM
fig|2005473.96.peg.1315    0.678  26  0.809  26  0.986  22  0.946   0.873 Y  0.570      SignalP-noTM
fig|2005473.96.peg.1321    0.307  24  0.531  24  0.947   6  0.926   0.717 Y  0.570      SignalP-noTM
fig|2005473.96.peg.1321    0.341  29  0.474  29  0.909  11  0.750   0.581 Y  0.450      SignalP-TM
fig|2005473.96.peg.1322    0.495  22  0.583  22  0.873   1  0.714   0.644 Y  0.570      SignalP-noTM
fig|2005473.96.peg.1324    0.296  27  0.474  27  0.961  14  0.841   0.617 Y  0.450      SignalP-TM
fig|2005473.96.peg.1324    0.419  20  0.627  20  0.968  11  0.934   0.771 Y  0.570      SignalP-noTM
fig|2005473.96.peg.136     0.319  25  0.456  25  0.902   8  0.753   0.572 Y  0.450      SignalP-TM
fig|2005473.96.peg.136     0.391  26  0.560  26  0.977   9  0.884   0.713 Y  0.570      SignalP-noTM
fig|2005473.96.peg.1365    0.467  25  0.519  25  0.808  18  0.574   0.540 Y  0.450      SignalP-TM
fig|2005473.96.peg.1365    0.773  20  0.816  20  0.896  18  0.842   0.828 Y  0.570      SignalP-noTM
fig|2005473.96.peg.1366    0.342  26  0.503  26  0.851   1  0.734   0.611 Y  0.570      SignalP-noTM
fig|2005473.96.peg.1366    0.657  29  0.686  29  0.851  23  0.588   0.648 Y  0.450      SignalP-TM
fig|2005473.96.peg.1367    0.496  25  0.531  25  0.843   9  0.660   0.581 Y  0.450      SignalP-TM
fig|2005473.96.peg.1367    0.516  25  0.589  25  0.938  17  0.777   0.677 Y  0.570      SignalP-noTM
fig|2005473.96.peg.1368    0.514  24  0.706  24  0.978  15  0.943   0.798 Y  0.450      SignalP-TM
fig|2005473.96.peg.1368    0.784  24  0.876  24  0.989  15  0.963   0.917 Y  0.570      SignalP-noTM
fig|2005473.96.peg.1372    0.258  22  0.424  22  0.876   1  0.739   0.572 Y  0.570      SignalP-noTM
fig|2005473.96.peg.1372    0.278  29  0.400  29  0.876   2  0.679   0.509 Y  0.450      SignalP-TM
fig|2005473.96.peg.1380    0.281  33  0.317  22  0.879   5  0.746   0.484 Y  0.450      SignalP-TM
fig|2005473.96.peg.1380    0.285  20  0.498  20  0.922   7  0.887   0.681 Y  0.570      SignalP-noTM
fig|2005473.96.peg.1382    0.237  19  0.462  19  0.935  12  0.901   0.669 Y  0.570      SignalP-noTM
fig|2005473.96.peg.1382    0.334  28  0.525  28  0.918  15  0.834   0.645 Y  0.450      SignalP-TM
fig|2005473.96.peg.1384    0.218  30  0.402  21  0.926  19  0.857   0.579 Y  0.450      SignalP-TM
fig|2005473.96.peg.1384    0.261  23  0.480  23  0.951  13  0.885   0.671 Y  0.570      SignalP-noTM
fig|2005473.96.peg.139     0.400  25  0.554  25  0.839  12  0.717   0.618 Y  0.450      SignalP-TM
fig|2005473.96.peg.139     0.435  25  0.594  25  0.933  15  0.841   0.710 Y  0.570      SignalP-noTM
fig|2005473.96.peg.1391    0.164  25  0.355  25  0.941   7  0.832   0.541 Y  0.450      SignalP-TM
fig|2005473.96.peg.1391    0.169  24  0.386  24  0.965   1  0.916   0.635 Y  0.570      SignalP-noTM
fig|2005473.96.peg.1432    0.374  23  0.562  23  0.939   6  0.876   0.685 Y  0.450      SignalP-TM
fig|2005473.96.peg.1432    0.577  23  0.720  23  0.961   3  0.922   0.815 Y  0.570      SignalP-noTM
fig|2005473.96.peg.1433    0.819  24  0.860  24  0.973  20  0.929   0.892 Y  0.570      SignalP-noTM
fig|2005473.96.peg.1433    0.825  24  0.853  24  0.965   8  0.908   0.875 Y  0.450      SignalP-TM
fig|2005473.96.peg.1434    0.203  25  0.332  20  0.763   6  0.679   0.468 Y  0.450      SignalP-TM
fig|2005473.96.peg.1434    0.554  20  0.694  20  0.947   2  0.881   0.782 Y  0.570      SignalP-noTM
fig|2005473.96.peg.1436    0.721  23  0.708  23  0.911   9  0.766   0.731 Y  0.450      SignalP-TM
fig|2005473.96.peg.1436    0.748  23  0.833  23  0.976  14  0.931   0.879 Y  0.570      SignalP-noTM
fig|2005473.96.peg.144     0.542  22  0.655  22  0.873  20  0.790   0.707 Y  0.450      SignalP-TM
fig|2005473.96.peg.144     0.843  22  0.853  22  0.933  14  0.881   0.866 Y  0.570      SignalP-noTM
fig|2005473.96.peg.1440    0.502  28  0.482  28  0.758  12  0.566   0.515 Y  0.450      SignalP-TM
fig|2005473.96.peg.1441    0.576  23  0.729  23  0.951  16  0.906   0.798 Y  0.450      SignalP-TM
fig|2005473.96.peg.1441    0.801  23  0.823  23  0.932  14  0.873   0.847 Y  0.570      SignalP-noTM
fig|2005473.96.peg.1447    0.783  25  0.789  25  0.931   8  0.827   0.804 Y  0.450      SignalP-TM
fig|2005473.96.peg.1447    0.859  25  0.894  25  0.968  12  0.934   0.913 Y  0.570      SignalP-noTM
fig|2005473.96.peg.1456    0.484  45  0.552  45  0.770  37  0.425   0.503 Y  0.450      SignalP-TM
fig|2005473.96.peg.1457    0.198  30  0.405  23  0.962  21  0.812   0.564 Y  0.450      SignalP-TM
fig|2005473.96.peg.1457    0.600  23  0.733  23  0.950  10  0.914   0.818 Y  0.570      SignalP-noTM
fig|2005473.96.peg.1484    0.472  25  0.570  25  0.882   7  0.752   0.641 Y  0.450      SignalP-TM
fig|2005473.96.peg.1484    0.559  23  0.688  23  0.912  14  0.854   0.766 Y  0.570      SignalP-noTM
fig|2005473.96.peg.1485    0.206  35  0.328  22  0.862  17  0.767   0.499 Y  0.450      SignalP-TM
fig|2005473.96.peg.1485    0.271  21  0.502  21  0.960   8  0.920   0.698 Y  0.570      SignalP-noTM
fig|2005473.96.peg.1503    0.335  27  0.516  27  0.951  15  0.857   0.649 Y  0.450      SignalP-TM
fig|2005473.96.peg.1503    0.583  20  0.721  20  0.921  10  0.892   0.801 Y  0.570      SignalP-noTM
fig|2005473.96.peg.154     0.204  18  0.398  18  0.890   1  0.794   0.584 Y  0.570      SignalP-noTM
fig|2005473.96.peg.1541    0.286  30  0.384  30  0.773  15  0.565   0.455 Y  0.450      SignalP-TM
fig|2005473.96.peg.155     0.390  24  0.564  24  0.886  13  0.802   0.657 Y  0.450      SignalP-TM
fig|2005473.96.peg.155     0.397  24  0.537  24  0.878  10  0.774   0.649 Y  0.570      SignalP-noTM
fig|2005473.96.peg.1555    0.195  27  0.395  27  0.924  19  0.804   0.587 Y  0.570      SignalP-noTM
fig|2005473.96.peg.1555    0.386  27  0.555  27  0.895  11  0.793   0.648 Y  0.450      SignalP-TM
fig|2005473.96.peg.156     0.320  22  0.490  22  0.913   4  0.796   0.609 Y  0.450      SignalP-TM
fig|2005473.96.peg.156     0.408  22  0.610  22  0.968  10  0.925   0.758 Y  0.570      SignalP-noTM
fig|2005473.96.peg.1564    0.495  33  0.536  33  0.877  20  0.670   0.588 Y  0.450      SignalP-TM
fig|2005473.96.peg.1564    0.704  24  0.803  24  0.978  20  0.886   0.842 Y  0.570      SignalP-noTM
fig|2005473.96.peg.1572    0.350  23  0.414  23  0.706   5  0.553   0.468 Y  0.450      SignalP-TM
fig|2005473.96.peg.1591    0.601  42  0.521  42  0.816  27  0.489   0.509 Y  0.450      SignalP-TM
fig|2005473.96.peg.1596    0.420  25  0.633  25  0.980  17  0.941   0.753 Y  0.450      SignalP-TM
fig|2005473.96.peg.1596    0.563  25  0.693  25  0.940   2  0.883   0.782 Y  0.570      SignalP-noTM
fig|2005473.96.peg.1597    0.282  25  0.490  25  0.935  20  0.854   0.632 Y  0.450      SignalP-TM
fig|2005473.96.peg.1597    0.530  23  0.675  23  0.934  11  0.880   0.771 Y  0.570      SignalP-noTM
fig|2005473.96.peg.1603    0.237  30  0.368  30  0.827  18  0.678   0.489 Y  0.450      SignalP-TM
fig|2005473.96.peg.1603    0.345  27  0.497  27  0.927  15  0.779   0.630 Y  0.570      SignalP-noTM
fig|2005473.96.peg.1604    0.342  19  0.489  19  0.812   4  0.724   0.581 Y  0.450      SignalP-TM
fig|2005473.96.peg.1604    0.829  19  0.835  19  0.936  15  0.827   0.831 Y  0.570      SignalP-noTM
fig|2005473.96.peg.1606    0.728  23  0.692  23  0.848  19  0.627   0.667 Y  0.450      SignalP-TM
fig|2005473.96.peg.1606    0.772  23  0.740  23  0.813  20  0.724   0.733 Y  0.570      SignalP-noTM
fig|2005473.96.peg.1611    0.459  35  0.516  35  0.692  31  0.401   0.471 Y  0.450      SignalP-TM
fig|2005473.96.peg.1623    0.481  28  0.490  28  0.725  25  0.446   0.473 Y  0.450      SignalP-TM
fig|2005473.96.peg.1627    0.438  24  0.540  24  0.848  12  0.671   0.601 Y  0.570      SignalP-noTM
fig|2005473.96.peg.1627    0.532  24  0.575  24  0.783   9  0.653   0.606 Y  0.450      SignalP-TM
fig|2005473.96.peg.1639    0.424  29  0.545  29  0.948  18  0.807   0.647 Y  0.450      SignalP-TM
fig|2005473.96.peg.1639    0.427  20  0.631  20  0.960  14  0.929   0.771 Y  0.570      SignalP-noTM
fig|2005473.96.peg.1646    0.158  25  0.339  25  0.901  19  0.714   0.485 Y  0.450      SignalP-TM
fig|2005473.96.peg.1646    0.257  25  0.433  25  0.880   3  0.764   0.588 Y  0.570      SignalP-noTM
fig|2005473.96.peg.1651    0.284  22  0.475  22  0.925  18  0.763   0.587 Y  0.450      SignalP-TM
fig|2005473.96.peg.1651    0.323  22  0.501  22  0.901  17  0.785   0.635 Y  0.570      SignalP-noTM
fig|2005473.96.peg.1655    0.140  29  0.330  29  0.932  17  0.777   0.504 Y  0.450      SignalP-TM
fig|2005473.96.peg.1655    0.220  32  0.375  20  0.931  18  0.875   0.610 Y  0.570      SignalP-noTM
fig|2005473.96.peg.1666    0.179  23  0.377  23  0.892  15  0.747   0.522 Y  0.450      SignalP-TM
fig|2005473.96.peg.1675    0.258  22  0.410  22  0.783  17  0.626   0.494 Y  0.450      SignalP-TM
fig|2005473.96.peg.1675    0.417  22  0.525  22  0.839  19  0.669   0.593 Y  0.570      SignalP-noTM
fig|2005473.96.peg.168     0.254  35  0.468  26  0.946  21  0.862   0.621 Y  0.450      SignalP-TM
fig|2005473.96.peg.168     0.431  26  0.613  26  0.956  21  0.855   0.726 Y  0.570      SignalP-noTM
fig|2005473.96.peg.169     0.142  24  0.331  24  0.887  16  0.795   0.512 Y  0.450      SignalP-TM
fig|2005473.96.peg.169     0.301  19  0.521  19  0.941   2  0.913   0.705 Y  0.570      SignalP-noTM
fig|2005473.96.peg.1690    0.306  30  0.447  30  0.855  15  0.737   0.560 Y  0.450      SignalP-TM
fig|2005473.96.peg.1694    0.654  19  0.732  19  0.912  15  0.819   0.773 Y  0.570      SignalP-noTM
fig|2005473.96.peg.1695    0.466  22  0.524  22  0.707  18  0.564   0.540 Y  0.450      SignalP-TM
fig|2005473.96.peg.170     0.281  28  0.471  23  0.971  11  0.899   0.672 Y  0.570      SignalP-noTM
fig|2005473.96.peg.170     0.611  28  0.644  28  0.935  18  0.774   0.695 Y  0.450      SignalP-TM
fig|2005473.96.peg.1703    0.419  21  0.595  21  0.916  18  0.855   0.697 Y  0.450      SignalP-TM
fig|2005473.96.peg.1703    0.489  21  0.625  21  0.905   1  0.818   0.716 Y  0.570      SignalP-noTM
fig|2005473.96.peg.1706    0.242  25  0.386  25  0.800   1  0.649   0.489 Y  0.450      SignalP-TM
fig|2005473.96.peg.1722    0.283  27  0.448  27  0.878  19  0.725   0.578 Y  0.570      SignalP-noTM
fig|2005473.96.peg.1728    0.206  21  0.435  21  0.954  14  0.905   0.656 Y  0.570      SignalP-noTM
fig|2005473.96.peg.1728    0.214  18  0.437  18  0.927  13  0.866   0.604 Y  0.450      SignalP-TM
fig|2005473.96.peg.1732    0.503  22  0.639  22  0.908  18  0.841   0.734 Y  0.570      SignalP-noTM
fig|2005473.96.peg.1735    0.349  22  0.521  22  0.879  18  0.802   0.630 Y  0.450      SignalP-TM
fig|2005473.96.peg.1735    0.776  22  0.844  22  0.954  18  0.917   0.879 Y  0.570      SignalP-noTM
fig|2005473.96.peg.1739    0.398  25  0.482  25  0.758  21  0.594   0.525 Y  0.450      SignalP-TM
fig|2005473.96.peg.1739    0.416  25  0.574  25  0.914  21  0.792   0.676 Y  0.570      SignalP-noTM
fig|2005473.96.peg.174     0.714  23  0.747  23  0.891   3  0.812   0.778 Y  0.570      SignalP-noTM
fig|2005473.96.peg.174     0.730  23  0.761  23  0.875  17  0.795   0.774 Y  0.450      SignalP-TM
fig|2005473.96.peg.1740    0.191  24  0.373  24  0.926  10  0.809   0.578 Y  0.570      SignalP-noTM
fig|2005473.96.peg.1749    0.160  29  0.325  29  0.935   9  0.781   0.503 Y  0.450      SignalP-TM
fig|2005473.96.peg.1749    0.572  25  0.708  25  0.977   9  0.912   0.804 Y  0.570      SignalP-noTM
fig|2005473.96.peg.175     0.185  22  0.393  22  0.918   8  0.833   0.564 Y  0.450      SignalP-TM
fig|2005473.96.peg.175     0.251  22  0.455  22  0.923  17  0.846   0.639 Y  0.570      SignalP-noTM
fig|2005473.96.peg.1754    0.370  21  0.519  21  0.842  17  0.739   0.605 Y  0.450      SignalP-TM
fig|2005473.96.peg.1754    0.515  21  0.647  21  0.882  17  0.802   0.720 Y  0.570      SignalP-noTM
fig|2005473.96.peg.1759    0.209  19  0.438  19  0.941   1  0.920   0.664 Y  0.570      SignalP-noTM
fig|2005473.96.peg.1759    0.577  26  0.705  26  0.922  10  0.878   0.772 Y  0.450      SignalP-TM
fig|2005473.96.peg.1768    0.410  28  0.480  28  0.814  18  0.533   0.501 Y  0.450      SignalP-TM
fig|2005473.96.peg.1768    0.604  28  0.680  28  0.957  14  0.825   0.748 Y  0.570      SignalP-noTM
fig|2005473.96.peg.1772    0.550  25  0.715  25  0.961  18  0.936   0.801 Y  0.450      SignalP-TM
fig|2005473.96.peg.1772    0.643  25  0.701  25  0.943   2  0.833   0.763 Y  0.570      SignalP-noTM
fig|2005473.96.peg.1776    0.206  21  0.394  20  0.840  11  0.775   0.573 Y  0.570      SignalP-noTM
fig|2005473.96.peg.1792    0.483  26  0.617  26  0.985  13  0.879   0.740 Y  0.570      SignalP-noTM
fig|2005473.96.peg.1792    0.530  26  0.704  26  0.979  19  0.927   0.791 Y  0.450      SignalP-TM
fig|2005473.96.peg.1793    0.186  25  0.351  25  0.874   4  0.740   0.503 Y  0.450      SignalP-TM
fig|2005473.96.peg.1793    0.252  19  0.476  19  0.944  17  0.897   0.674 Y  0.570      SignalP-noTM
fig|2005473.96.peg.1797    0.482  34  0.527  34  0.975  16  0.801   0.634 Y  0.450      SignalP-TM
fig|2005473.96.peg.1797    0.888  22  0.930  22  0.989  10  0.968   0.948 Y  0.570      SignalP-noTM
fig|2005473.96.peg.1798    0.428  21  0.565  21  0.850  17  0.734   0.644 Y  0.570      SignalP-noTM
fig|2005473.96.peg.180     0.277  19  0.466  19  0.876   3  0.806   0.599 Y  0.450      SignalP-TM
fig|2005473.96.peg.180     0.627  19  0.739  19  0.940  14  0.866   0.799 Y  0.570      SignalP-noTM
fig|2005473.96.peg.1803    0.204  26  0.383  26  0.939   7  0.800   0.546 Y  0.450      SignalP-TM
fig|2005473.96.peg.1803    0.603  23  0.752  23  0.972   3  0.950   0.845 Y  0.570      SignalP-noTM
fig|2005473.96.peg.181     0.273  22  0.476  22  0.913  20  0.839   0.646 Y  0.570      SignalP-noTM
fig|2005473.96.peg.181     0.310  22  0.452  22  0.803  20  0.680   0.540 Y  0.450      SignalP-TM
fig|2005473.96.peg.182     0.334  32  0.546  18  0.965  11  0.937   0.730 Y  0.570      SignalP-noTM
fig|2005473.96.peg.182     0.641  32  0.625  32  0.947  14  0.787   0.688 Y  0.450      SignalP-TM
fig|2005473.96.peg.183     0.256  35  0.423  35  0.816  25  0.523   0.462 Y  0.450      SignalP-TM
fig|2005473.96.peg.1835    0.241  24  0.402  24  0.788  19  0.658   0.502 Y  0.450      SignalP-TM
fig|2005473.96.peg.184     0.147  30  0.295  24  0.911   7  0.748   0.472 Y  0.450      SignalP-TM
fig|2005473.96.peg.184     0.159  24  0.379  24  0.951   1  0.920   0.633 Y  0.570      SignalP-noTM
fig|2005473.96.peg.1850    0.128  25  0.275  15  0.845  10  0.754   0.462 Y  0.450      SignalP-TM
fig|2005473.96.peg.1851    0.709  25  0.832  25  0.985  16  0.959   0.882 Y  0.450      SignalP-TM
fig|2005473.96.peg.1851    0.861  25  0.914  25  0.988  15  0.960   0.936 Y  0.570      SignalP-noTM
fig|2005473.96.peg.1854    0.254  26  0.465  26  0.915  21  0.816   0.602 Y  0.450      SignalP-TM
fig|2005473.96.peg.1854    0.329  26  0.508  26  0.933  20  0.831   0.660 Y  0.570      SignalP-noTM
fig|2005473.96.peg.1859    0.191  35  0.330  23  0.890   9  0.816   0.520 Y  0.450      SignalP-TM
fig|2005473.96.peg.1859    0.524  23  0.682  23  0.964  16  0.907   0.788 Y  0.570      SignalP-noTM
fig|2005473.96.peg.186     0.277  22  0.489  22  0.913  18  0.840   0.626 Y  0.450      SignalP-TM
fig|2005473.96.peg.186     0.452  22  0.638  22  0.931   6  0.902   0.762 Y  0.570      SignalP-noTM
fig|2005473.96.peg.1860    0.371  25  0.587  25  0.964  20  0.928   0.720 Y  0.450      SignalP-TM
fig|2005473.96.peg.1860    0.720  23  0.819  23  0.956  17  0.920   0.866 Y  0.570      SignalP-noTM
fig|2005473.96.peg.1862    0.166  22  0.349  22  0.793  14  0.713   0.491 Y  0.450      SignalP-TM
fig|2005473.96.peg.1863    0.744  23  0.709  23  0.865  21  0.703   0.706 Y  0.570      SignalP-noTM
fig|2005473.96.peg.187     0.741  23  0.714  23  0.933  21  0.682   0.699 Y  0.570      SignalP-noTM
fig|2005473.96.peg.1872    0.283  53  0.420  22  0.932   1  0.848   0.621 Y  0.570      SignalP-noTM
fig|2005473.96.peg.1872    0.336  54  0.409  24  0.898  10  0.790   0.557 Y  0.450      SignalP-TM
fig|2005473.96.peg.189     0.186  23  0.379  23  0.929   7  0.839   0.595 Y  0.570      SignalP-noTM
fig|2005473.96.peg.189     0.270  32  0.308  22  0.898   4  0.756   0.483 Y  0.450      SignalP-TM
fig|2005473.96.peg.1892    0.437  24  0.602  24  0.942  19  0.833   0.710 Y  0.570      SignalP-noTM
fig|2005473.96.peg.1892    0.479  24  0.594  24  0.839  19  0.695   0.633 Y  0.450      SignalP-TM
fig|2005473.96.peg.19      0.393  19  0.495  19  0.802   1  0.640   0.551 Y  0.450      SignalP-TM
fig|2005473.96.peg.19      0.766  19  0.777  19  0.863  11  0.795   0.786 Y  0.570      SignalP-noTM
fig|2005473.96.peg.1901    0.226  31  0.373  22  0.914  17  0.821   0.548 Y  0.450      SignalP-TM
fig|2005473.96.peg.1901    0.408  20  0.618  20  0.956  18  0.919   0.759 Y  0.570      SignalP-noTM
fig|2005473.96.peg.1914    0.246  24  0.431  24  0.864  13  0.787   0.599 Y  0.570      SignalP-noTM
fig|2005473.96.peg.1914    0.269  28  0.447  28  0.854  16  0.768   0.572 Y  0.450      SignalP-TM
fig|2005473.96.peg.1923    0.637  18  0.660  18  0.815  10  0.657   0.658 Y  0.570      SignalP-noTM
fig|2005473.96.peg.193     0.200  20  0.413  20  0.911   5  0.863   0.588 Y  0.450      SignalP-TM
fig|2005473.96.peg.193     0.228  20  0.430  20  0.898  13  0.811   0.609 Y  0.570      SignalP-noTM
fig|2005473.96.peg.1939    0.282  22  0.450  22  0.883   4  0.761   0.572 Y  0.450      SignalP-TM
fig|2005473.96.peg.1939    0.643  22  0.766  22  0.943  17  0.915   0.836 Y  0.570      SignalP-noTM
fig|2005473.96.peg.1940    0.284  22  0.501  22  0.905  19  0.871   0.645 Y  0.450      SignalP-TM
fig|2005473.96.peg.1947    0.463  31  0.514  31  0.816  29  0.418   0.477 Y  0.450      SignalP-TM
fig|2005473.96.peg.1947    0.672  31  0.646  31  0.746  28  0.481   0.585 Y  0.510      SignalP-TM
fig|2005473.96.peg.1951    0.265  25  0.439  25  0.848  21  0.688   0.536 Y  0.450      SignalP-TM
fig|2005473.96.peg.1951    0.529  25  0.679  25  0.960  21  0.878   0.773 Y  0.570      SignalP-noTM
fig|2005473.96.peg.1963    0.135  34  0.322  21  0.865   3  0.805   0.511 Y  0.450      SignalP-TM
fig|2005473.96.peg.1970    0.244  20  0.477  20  0.972   7  0.935   0.656 Y  0.450      SignalP-TM
fig|2005473.96.peg.1970    0.572  20  0.727  20  0.951   2  0.930   0.823 Y  0.570      SignalP-noTM
fig|2005473.96.peg.1972    0.690  28  0.617  28  0.687  23  0.561   0.595 Y  0.450      SignalP-TM
fig|2005473.96.peg.1972    0.815  28  0.728  28  0.798   9  0.665   0.698 Y  0.570      SignalP-noTM
fig|2005473.96.peg.1974    0.460  30  0.440  30  0.618   7  0.489   0.459 Y  0.450      SignalP-TM
fig|2005473.96.peg.1984    0.254  22  0.461  22  0.893   8  0.849   0.612 Y  0.450      SignalP-TM
fig|2005473.96.peg.1984    0.576  22  0.726  22  0.972  10  0.922   0.818 Y  0.570      SignalP-noTM
fig|2005473.96.peg.1992    0.232  35  0.362  21  0.782  19  0.654   0.476 Y  0.450      SignalP-TM
fig|2005473.96.peg.1992    0.357  21  0.521  21  0.882   1  0.768   0.637 Y  0.570      SignalP-noTM
fig|2005473.96.peg.1994    0.331  25  0.525  25  0.953  16  0.847   0.650 Y  0.450      SignalP-TM
fig|2005473.96.peg.1994    0.476  20  0.674  20  0.976  12  0.947   0.802 Y  0.570      SignalP-noTM
fig|2005473.96.peg.1995    0.352  22  0.545  22  0.895  14  0.833   0.680 Y  0.570      SignalP-noTM
fig|2005473.96.peg.1995    0.374  24  0.514  24  0.874  17  0.722   0.595 Y  0.450      SignalP-TM
fig|2005473.96.peg.1996    0.487  24  0.622  24  0.914  17  0.828   0.719 Y  0.570      SignalP-noTM
fig|2005473.96.peg.1996    0.528  24  0.563  24  0.817   2  0.634   0.591 Y  0.450      SignalP-TM
fig|2005473.96.peg.1997    0.235  48  0.455  48  0.946  35  0.465   0.459 Y  0.450      SignalP-TM
fig|2005473.96.peg.1997    0.478  48  0.666  48  0.987  34  0.566   0.619 Y  0.570      SignalP-noTM
fig|2005473.96.peg.200     0.423  23  0.539  23  0.760  16  0.652   0.583 Y  0.450      SignalP-TM
fig|2005473.96.peg.2000    0.242  20  0.447  20  0.914  16  0.833   0.628 Y  0.570      SignalP-noTM
fig|2005473.96.peg.2000    0.349  27  0.497  27  0.813  17  0.719   0.584 Y  0.450      SignalP-TM
fig|2005473.96.peg.2001    0.234  31  0.390  24  0.837  10  0.737   0.525 Y  0.450      SignalP-TM
fig|2005473.96.peg.2001    0.337  24  0.538  24  0.931  17  0.849   0.684 Y  0.570      SignalP-noTM
fig|2005473.96.peg.2002    0.496  25  0.641  25  0.935   6  0.872   0.731 Y  0.450      SignalP-TM
fig|2005473.96.peg.2002    0.580  20  0.738  20  0.965  10  0.935   0.831 Y  0.570      SignalP-noTM
fig|2005473.96.peg.201     0.363  24  0.560  24  0.945  20  0.858   0.677 Y  0.450      SignalP-TM
fig|2005473.96.peg.201     0.818  24  0.871  24  0.959  20  0.919   0.894 Y  0.570      SignalP-noTM
fig|2005473.96.peg.2033    0.340  28  0.494  28  0.947  18  0.782   0.629 Y  0.570      SignalP-noTM
fig|2005473.96.peg.2033    0.485  28  0.601  28  0.875  18  0.682   0.633 Y  0.450      SignalP-TM
fig|2005473.96.peg.2037    0.613  22  0.727  22  0.906  14  0.850   0.775 Y  0.450      SignalP-TM
fig|2005473.96.peg.2037    0.832  22  0.858  22  0.932  15  0.887   0.872 Y  0.570      SignalP-noTM
fig|2005473.96.peg.2038    0.205  24  0.397  24  0.861  20  0.794   0.552 Y  0.450      SignalP-TM
fig|2005473.96.peg.2038    0.783  24  0.860  24  0.979  21  0.941   0.898 Y  0.570      SignalP-noTM
fig|2005473.96.peg.2039    0.542  21  0.659  21  0.923  18  0.791   0.711 Y  0.450      SignalP-TM
fig|2005473.96.peg.2039    0.680  21  0.748  21  0.930  17  0.837   0.790 Y  0.570      SignalP-noTM
fig|2005473.96.peg.2041    0.204  23  0.398  23  0.920   8  0.812   0.559 Y  0.450      SignalP-TM
fig|2005473.96.peg.2041    0.433  23  0.627  23  0.960  20  0.914   0.762 Y  0.570      SignalP-noTM
fig|2005473.96.peg.2042    0.463  25  0.636  25  0.951  11  0.879   0.750 Y  0.570      SignalP-noTM
fig|2005473.96.peg.2042    0.545  25  0.598  25  0.809   8  0.690   0.634 Y  0.450      SignalP-TM
fig|2005473.96.peg.2051    0.614  35  0.632  35  0.820  16  0.694   0.656 Y  0.450      SignalP-TM
fig|2005473.96.peg.2056    0.289  23  0.462  23  0.902   5  0.790   0.590 Y  0.450      SignalP-TM
fig|2005473.96.peg.2056    0.393  21  0.605  21  0.954  17  0.932   0.759 Y  0.570      SignalP-noTM
fig|2005473.96.peg.2059    0.438  27  0.479  27  0.752  13  0.588   0.521 Y  0.450      SignalP-TM
fig|2005473.96.peg.2074    0.164  27  0.321  22  0.949   7  0.815   0.514 Y  0.450      SignalP-TM
fig|2005473.96.peg.2074    0.502  22  0.679  22  0.953  11  0.912   0.789 Y  0.570      SignalP-noTM
fig|2005473.96.peg.2076    0.283  22  0.483  22  0.911  10  0.838   0.622 Y  0.450      SignalP-TM
fig|2005473.96.peg.2076    0.451  20  0.605  20  0.888  19  0.803   0.698 Y  0.570      SignalP-noTM
fig|2005473.96.peg.2079    0.353  23  0.556  23  0.918  15  0.833   0.664 Y  0.450      SignalP-TM
fig|2005473.96.peg.2079    0.524  23  0.700  23  0.974  15  0.939   0.812 Y  0.570      SignalP-noTM
fig|2005473.96.peg.2094    0.270  27  0.439  27  0.877  19  0.722   0.549 Y  0.450      SignalP-TM
fig|2005473.96.peg.2094    0.364  24  0.510  24  0.838  20  0.719   0.608 Y  0.570      SignalP-noTM
fig|2005473.96.peg.2101    0.497  27  0.498  27  0.580  23  0.438   0.475 Y  0.450      SignalP-TM
fig|2005473.96.peg.2110    0.475  32  0.556  32  0.845  16  0.685   0.606 Y  0.450      SignalP-TM
fig|2005473.96.peg.2110    0.601  32  0.695  32  0.961  14  0.842   0.764 Y  0.570      SignalP-noTM
fig|2005473.96.peg.2111    0.261  23  0.468  23  0.893  13  0.819   0.605 Y  0.450      SignalP-TM
fig|2005473.96.peg.2111    0.314  23  0.513  23  0.955   9  0.881   0.686 Y  0.570      SignalP-noTM
fig|2005473.96.peg.2114    0.232  27  0.406  25  0.817   5  0.749   0.540 Y  0.450      SignalP-TM
fig|2005473.96.peg.2114    0.452  25  0.593  25  0.939  13  0.830   0.704 Y  0.570      SignalP-noTM
fig|2005473.96.peg.2115    0.562  29  0.618  29  0.803  21  0.534   0.585 Y  0.450      SignalP-TM
fig|2005473.96.peg.2116    0.654  23  0.655  23  0.938   5  0.755   0.694 Y  0.450      SignalP-TM
fig|2005473.96.peg.2116    0.849  23  0.863  23  0.935   2  0.887   0.874 Y  0.570      SignalP-noTM
fig|2005473.96.peg.2146    0.145  31  0.333  22  0.887  16  0.780   0.507 Y  0.450      SignalP-TM
fig|2005473.96.peg.2146    0.210  24  0.436  24  0.955  16  0.915   0.661 Y  0.570      SignalP-noTM
fig|2005473.96.peg.2148    0.279  22  0.491  22  0.917   1  0.879   0.673 Y  0.570      SignalP-noTM
fig|2005473.96.peg.2148    0.302  33  0.389  22  0.899  17  0.805   0.551 Y  0.450      SignalP-TM
fig|2005473.96.peg.2149    0.236  24  0.430  24  0.855  10  0.794   0.572 Y  0.450      SignalP-TM
fig|2005473.96.peg.2149    0.507  24  0.581  24  0.863   3  0.739   0.655 Y  0.570      SignalP-noTM
fig|2005473.96.peg.2154    0.305  20  0.401  20  0.798   2  0.603   0.480 Y  0.450      SignalP-TM
fig|2005473.96.peg.2154    0.826  20  0.855  20  0.955  12  0.872   0.863 Y  0.570      SignalP-noTM
fig|2005473.96.peg.2155    0.234  21  0.388  21  0.763   9  0.655   0.492 Y  0.450      SignalP-TM
fig|2005473.96.peg.2155    0.435  21  0.629  21  0.966  17  0.903   0.758 Y  0.570      SignalP-noTM
fig|2005473.96.peg.2161    0.231  23  0.419  23  0.932  15  0.816   0.606 Y  0.570      SignalP-noTM
fig|2005473.96.peg.217     0.143  20  0.339  20  0.891   3  0.828   0.530 Y  0.450      SignalP-TM
fig|2005473.96.peg.217     0.592  20  0.733  20  0.949  10  0.910   0.816 Y  0.570      SignalP-noTM
fig|2005473.96.peg.2185    0.335  31  0.543  31  0.941  25  0.783   0.637 Y  0.450      SignalP-TM
fig|2005473.96.peg.2185    0.449  31  0.644  31  0.996  17  0.919   0.774 Y  0.570      SignalP-noTM
fig|2005473.96.peg.2191    0.320  26  0.500  21  0.907  17  0.867   0.643 Y  0.450      SignalP-TM
fig|2005473.96.peg.2191    0.633  21  0.765  21  0.961  17  0.923   0.839 Y  0.570      SignalP-noTM
fig|2005473.96.peg.2198    0.232  32  0.411  22  0.884  20  0.744   0.541 Y  0.450      SignalP-TM
fig|2005473.96.peg.2198    0.369  22  0.562  22  0.947  20  0.834   0.690 Y  0.570      SignalP-noTM
fig|2005473.96.peg.2207    0.379  24  0.477  24  0.745   9  0.643   0.542 Y  0.450      SignalP-TM
fig|2005473.96.peg.2213    0.162  21  0.320  21  0.787   4  0.674   0.458 Y  0.450      SignalP-TM
fig|2005473.96.peg.2214    0.445  25  0.514  25  0.854   1  0.667   0.574 Y  0.450      SignalP-TM
fig|2005473.96.peg.2214    0.808  25  0.856  25  0.956  20  0.904   0.878 Y  0.570      SignalP-noTM
fig|2005473.96.peg.2223    0.386  22  0.544  22  0.904   5  0.795   0.642 Y  0.450      SignalP-TM
fig|2005473.96.peg.2223    0.816  22  0.822  22  0.916   2  0.836   0.828 Y  0.570      SignalP-noTM
fig|2005473.96.peg.2224    0.324  24  0.491  24  0.829   7  0.771   0.600 Y  0.450      SignalP-TM
fig|2005473.96.peg.2224    0.346  24  0.528  24  0.878  18  0.800   0.656 Y  0.570      SignalP-noTM
fig|2005473.96.peg.2230    0.165  25  0.338  25  0.847   4  0.743   0.496 Y  0.450      SignalP-TM
fig|2005473.96.peg.2230    0.275  22  0.492  22  0.916  20  0.887   0.678 Y  0.570      SignalP-noTM
fig|2005473.96.peg.224     0.229  24  0.387  24  0.799  21  0.579   0.462 Y  0.450      SignalP-TM
fig|2005473.96.peg.2247    0.583  23  0.735  23  0.962  17  0.913   0.819 Y  0.570      SignalP-noTM
fig|2005473.96.peg.2247    0.727  25  0.749  25  0.870   7  0.796   0.767 Y  0.450      SignalP-TM
fig|2005473.96.peg.225     0.260  19  0.497  19  0.962   8  0.948   0.709 Y  0.570      SignalP-noTM
fig|2005473.96.peg.225     0.375  28  0.473  28  0.911   7  0.743   0.578 Y  0.450      SignalP-TM
fig|2005473.96.peg.2265    0.317  27  0.405  27  0.878   2  0.636   0.495 Y  0.450      SignalP-TM
fig|2005473.96.peg.2269    0.223  29  0.445  29  0.985  18  0.922   0.631 Y  0.450      SignalP-TM
fig|2005473.96.peg.2269    0.341  20  0.577  20  0.986  18  0.972   0.763 Y  0.570      SignalP-noTM
fig|2005473.96.peg.2272    0.489  23  0.501  23  0.793  20  0.478   0.492 Y  0.450      SignalP-TM
fig|2005473.96.peg.228     0.251  28  0.387  28  0.890  12  0.679   0.501 Y  0.450      SignalP-TM
fig|2005473.96.peg.2282    0.588  33  0.620  33  0.949  19  0.775   0.693 Y  0.570      SignalP-noTM
fig|2005473.96.peg.2282    0.625  33  0.659  33  0.917  16  0.762   0.699 Y  0.450      SignalP-TM
fig|2005473.96.peg.2284    0.753  23  0.557  23  0.704   3  0.480   0.529 Y  0.510      SignalP-TM
fig|2005473.96.peg.2289    0.301  26  0.406  26  0.810   1  0.617   0.488 Y  0.450      SignalP-TM
fig|2005473.96.peg.2301    0.199  24  0.392  24  0.885  19  0.739   0.527 Y  0.450      SignalP-TM
fig|2005473.96.peg.2301    0.292  22  0.514  22  0.959  19  0.883   0.688 Y  0.570      SignalP-noTM
fig|2005473.96.peg.2306    0.195  19  0.393  16  0.859   3  0.816   0.592 Y  0.570      SignalP-noTM
fig|2005473.96.peg.2307    0.187  25  0.359  25  0.851   8  0.738   0.506 Y  0.450      SignalP-TM
fig|2005473.96.peg.2307    0.606  25  0.719  25  0.941  15  0.885   0.797 Y  0.570      SignalP-noTM
fig|2005473.96.peg.2308    0.188  29  0.358  20  0.934   5  0.856   0.552 Y  0.450      SignalP-TM
fig|2005473.96.peg.2308    0.284  20  0.493  20  0.913   2  0.866   0.668 Y  0.570      SignalP-noTM
fig|2005473.96.peg.2310    0.156  29  0.325  27  0.934  12  0.781   0.503 Y  0.450      SignalP-TM
fig|2005473.96.peg.2310    0.177  20  0.391  20  0.918   3  0.878   0.620 Y  0.570      SignalP-noTM
fig|2005473.96.peg.2315    0.319  22  0.514  22  0.913  18  0.792   0.622 Y  0.450      SignalP-TM
fig|2005473.96.peg.2315    0.628  22  0.762  22  0.965  15  0.909   0.831 Y  0.570      SignalP-noTM
fig|2005473.96.peg.2316    0.670  20  0.740  20  0.870   9  0.819   0.777 Y  0.570      SignalP-noTM
fig|2005473.96.peg.232     0.119  31  0.301  20  0.841   9  0.740   0.472 Y  0.450      SignalP-TM
fig|2005473.96.peg.2320    0.501  17  0.583  17  0.709   1  0.676   0.619 Y  0.450      SignalP-TM
fig|2005473.96.peg.2320    0.559  17  0.611  17  0.786   9  0.663   0.635 Y  0.570      SignalP-noTM
fig|2005473.96.peg.2326    0.274  43  0.417  41  0.798  30  0.509   0.453 Y  0.450      SignalP-TM
fig|2005473.96.peg.2327    0.438  24  0.558  24  0.836  18  0.672   0.603 Y  0.450      SignalP-TM
fig|2005473.96.peg.2327    0.485  24  0.660  24  0.980  17  0.915   0.779 Y  0.570      SignalP-noTM
fig|2005473.96.peg.2335    0.223  26  0.430  24  0.946  17  0.898   0.613 Y  0.450      SignalP-TM
fig|2005473.96.peg.2335    0.336  24  0.506  24  0.946  13  0.810   0.649 Y  0.570      SignalP-noTM
fig|2005473.96.peg.2337    0.472  21  0.541  21  0.726  18  0.609   0.568 Y  0.450      SignalP-TM
fig|2005473.96.peg.2337    0.698  21  0.789  21  0.944  19  0.876   0.830 Y  0.570      SignalP-noTM
fig|2005473.96.peg.2341    0.157  30  0.351  30  0.852  26  0.748   0.506 Y  0.450      SignalP-TM
fig|2005473.96.peg.2341    0.226  32  0.441  32  0.977  17  0.900   0.657 Y  0.570      SignalP-noTM
fig|2005473.96.peg.2342    0.312  28  0.474  22  0.924  10  0.854   0.622 Y  0.450      SignalP-TM
fig|2005473.96.peg.2342    0.771  22  0.846  22  0.979  18  0.932   0.886 Y  0.570      SignalP-noTM
fig|2005473.96.peg.2347    0.273  29  0.435  29  0.870  18  0.761   0.562 Y  0.450      SignalP-TM
fig|2005473.96.peg.2347    0.292  24  0.505  24  0.943   4  0.901   0.691 Y  0.570      SignalP-noTM
fig|2005473.96.peg.2349    0.342  20  0.520  20  0.915   1  0.800   0.651 Y  0.570      SignalP-noTM
fig|2005473.96.peg.235     0.400  21  0.485  21  0.683  18  0.575   0.520 Y  0.450      SignalP-TM
fig|2005473.96.peg.235     0.724  21  0.765  21  0.865  11  0.785   0.774 Y  0.570      SignalP-noTM
fig|2005473.96.peg.2354    0.321  35  0.423  35  0.719  24  0.582   0.485 Y  0.450      SignalP-TM
fig|2005473.96.peg.2359    0.634  26  0.671  26  0.951  10  0.827   0.745 Y  0.570      SignalP-noTM
fig|2005473.96.peg.2359    0.710  26  0.722  26  0.890  13  0.786   0.747 Y  0.450      SignalP-TM
fig|2005473.96.peg.2363    0.292  21  0.502  21  0.953  17  0.884   0.682 Y  0.570      SignalP-noTM
fig|2005473.96.peg.2363    0.362  30  0.533  21  0.926  17  0.858   0.660 Y  0.450      SignalP-TM
fig|2005473.96.peg.2369    0.243  22  0.446  22  0.917  17  0.846   0.634 Y  0.570      SignalP-noTM
fig|2005473.96.peg.2369    0.407  22  0.568  22  0.892   1  0.825   0.668 Y  0.450      SignalP-TM
fig|2005473.96.peg.2372    0.153  37  0.333  25  0.909  10  0.845   0.533 Y  0.450      SignalP-TM
fig|2005473.96.peg.2372    0.168  23  0.394  23  0.974  17  0.925   0.644 Y  0.570      SignalP-noTM
fig|2005473.96.peg.2380    0.297  25  0.511  25  0.940  12  0.879   0.655 Y  0.450      SignalP-TM
fig|2005473.96.peg.2380    0.480  25  0.624  25  0.943  17  0.839   0.725 Y  0.570      SignalP-noTM
fig|2005473.96.peg.2387    0.111  27  0.281  11  0.837   3  0.767   0.471 Y  0.450      SignalP-TM
fig|2005473.96.peg.2390    0.294  21  0.494  21  0.911  18  0.849   0.633 Y  0.450      SignalP-TM
fig|2005473.96.peg.2390    0.648  21  0.763  21  0.953  17  0.899   0.827 Y  0.570      SignalP-noTM
fig|2005473.96.peg.2393    0.479  27  0.598  27  0.924  14  0.796   0.675 Y  0.450      SignalP-TM
fig|2005473.96.peg.2393    0.499  22  0.690  22  0.973  17  0.945   0.810 Y  0.570      SignalP-noTM
fig|2005473.96.peg.2394    0.712  25  0.590  25  0.874   2  0.607   0.596 Y  0.450      SignalP-TM
fig|2005473.96.peg.2398    0.167  24  0.357  24  0.944   7  0.828   0.541 Y  0.450      SignalP-TM
fig|2005473.96.peg.2398    0.375  19  0.566  19  0.902  17  0.857   0.703 Y  0.570      SignalP-noTM
fig|2005473.96.peg.2400    0.210  26  0.415  26  0.953   3  0.859   0.624 Y  0.570      SignalP-noTM
fig|2005473.96.peg.2402    0.192  23  0.344  23  0.797   3  0.656   0.466 Y  0.450      SignalP-TM
fig|2005473.96.peg.2414    0.275  28  0.439  28  0.951  12  0.833   0.624 Y  0.570      SignalP-noTM
fig|2005473.96.peg.2414    0.543  28  0.666  28  0.962   9  0.871   0.746 Y  0.450      SignalP-TM
fig|2005473.96.peg.2415    0.267  26  0.375  26  0.752   7  0.604   0.464 Y  0.450      SignalP-TM
fig|2005473.96.peg.2436    0.287  23  0.492  23  0.947  12  0.885   0.677 Y  0.570      SignalP-noTM
fig|2005473.96.peg.2436    0.508  30  0.568  30  0.947  16  0.778   0.650 Y  0.450      SignalP-TM
fig|2005473.96.peg.2438    0.232  22  0.421  22  0.928   4  0.813   0.574 Y  0.450      SignalP-TM
fig|2005473.96.peg.2438    0.612  22  0.703  22  0.944  18  0.811   0.754 Y  0.570      SignalP-noTM
fig|2005473.96.peg.2439    0.327  22  0.476  22  0.873  18  0.686   0.558 Y  0.450      SignalP-TM
fig|2005473.96.peg.2439    0.481  22  0.585  22  0.900  18  0.723   0.650 Y  0.570      SignalP-noTM
fig|2005473.96.peg.2443    0.204  19  0.381  19  0.809   4  0.731   0.518 Y  0.450      SignalP-TM
fig|2005473.96.peg.2443    0.329  19  0.535  19  0.930  15  0.859   0.687 Y  0.570      SignalP-noTM
fig|2005473.96.peg.2453    0.178  22  0.378  22  0.929  18  0.823   0.587 Y  0.570      SignalP-noTM
fig|2005473.96.peg.2453    0.396  28  0.551  28  0.928  18  0.800   0.648 Y  0.450      SignalP-TM
fig|2005473.96.peg.2462    0.263  20  0.434  20  0.821   4  0.739   0.553 Y  0.450      SignalP-TM
fig|2005473.96.peg.2462    0.509  20  0.674  20  0.933   8  0.903   0.782 Y  0.570      SignalP-noTM
fig|2005473.96.peg.2467    0.342  30  0.493  30  0.916  17  0.790   0.609 Y  0.450      SignalP-TM
fig|2005473.96.peg.2467    0.645  23  0.764  23  0.943  20  0.901   0.828 Y  0.570      SignalP-noTM
fig|2005473.96.peg.2469    0.582  25  0.682  25  0.910   8  0.842   0.744 Y  0.450      SignalP-TM
fig|2005473.96.peg.2469    0.585  20  0.697  20  0.877   9  0.838   0.763 Y  0.570      SignalP-noTM
fig|2005473.96.peg.247     0.458  17  0.550  17  0.803  13  0.677   0.610 Y  0.570      SignalP-noTM
fig|2005473.96.peg.248     0.437  22  0.560  22  0.806   5  0.735   0.628 Y  0.450      SignalP-TM
fig|2005473.96.peg.248     0.792  22  0.874  22  0.975  14  0.951   0.911 Y  0.570      SignalP-noTM
fig|2005473.96.peg.250     0.551  24  0.540  24  0.702   7  0.549   0.544 Y  0.450      SignalP-TM
fig|2005473.96.peg.250     0.583  24  0.606  24  0.822   3  0.684   0.642 Y  0.570      SignalP-noTM
fig|2005473.96.peg.2502    0.727  27  0.753  27  0.935  15  0.849   0.790 Y  0.450      SignalP-TM
fig|2005473.96.peg.2502    0.860  22  0.897  22  0.968  11  0.933   0.914 Y  0.570      SignalP-noTM
fig|2005473.96.peg.2504    0.217  23  0.407  23  0.803   6  0.767   0.547 Y  0.450      SignalP-TM
fig|2005473.96.peg.2504    0.220  23  0.419  23  0.894   7  0.825   0.610 Y  0.570      SignalP-noTM
fig|2005473.96.peg.2507    0.665  23  0.623  23  0.809  19  0.591   0.608 Y  0.570      SignalP-noTM
fig|2005473.96.peg.251     0.489  23  0.609  23  0.912   6  0.803   0.685 Y  0.450      SignalP-TM
fig|2005473.96.peg.251     0.669  23  0.754  23  0.960  14  0.871   0.809 Y  0.570      SignalP-noTM
fig|2005473.96.peg.2519    0.168  34  0.309  23  0.842  12  0.711   0.466 Y  0.450      SignalP-TM
fig|2005473.96.peg.252     0.303  31  0.425  31  0.890  15  0.702   0.533 Y  0.450      SignalP-TM
fig|2005473.96.peg.2523    0.250  20  0.404  20  0.827   1  0.696   0.518 Y  0.450      SignalP-TM
fig|2005473.96.peg.2523    0.474  20  0.648  20  0.946  16  0.891   0.762 Y  0.570      SignalP-noTM
fig|2005473.96.peg.2524    0.139  21  0.349  21  0.945   9  0.891   0.604 Y  0.570      SignalP-noTM
fig|2005473.96.peg.2524    0.148  27  0.348  25  0.912   6  0.852   0.545 Y  0.450      SignalP-TM
fig|2005473.96.peg.2525    0.301  27  0.401  27  0.781   3  0.600   0.479 Y  0.450      SignalP-TM
fig|2005473.96.peg.2525    0.438  23  0.519  23  0.684  16  0.587   0.544 Y  0.510      SignalP-TM
fig|2005473.96.peg.2528    0.361  24  0.517  24  0.860   1  0.730   0.617 Y  0.570      SignalP-noTM
fig|2005473.96.peg.2528    0.443  24  0.602  24  0.876  13  0.793   0.677 Y  0.450      SignalP-TM
fig|2005473.96.peg.2537    0.607  23  0.582  23  0.680  20  0.559   0.573 Y  0.450      SignalP-TM
fig|2005473.96.peg.2539    0.150  26  0.322  26  0.797  13  0.679   0.461 Y  0.450      SignalP-TM
fig|2005473.96.peg.2539    0.263  26  0.463  26  0.919  22  0.833   0.637 Y  0.570      SignalP-noTM
fig|2005473.96.peg.2541    0.465  22  0.635  22  0.921  17  0.865   0.725 Y  0.450      SignalP-TM
fig|2005473.96.peg.2541    0.564  22  0.728  22  0.983  10  0.941   0.828 Y  0.570      SignalP-noTM
fig|2005473.96.peg.2549    0.184  40  0.372  40  0.861  27  0.726   0.510 Y  0.450      SignalP-TM
fig|2005473.96.peg.2549    0.424  40  0.611  40  0.984  20  0.824   0.711 Y  0.570      SignalP-noTM
fig|2005473.96.peg.2550    0.765  24  0.806  24  0.963  20  0.864   0.833 Y  0.570      SignalP-noTM
fig|2005473.96.peg.2551    0.422  29  0.465  29  0.801  19  0.547   0.497 Y  0.450      SignalP-TM
fig|2005473.96.peg.2554    0.491  25  0.660  25  0.925  18  0.875   0.744 Y  0.450      SignalP-TM
fig|2005473.96.peg.2554    0.636  25  0.742  25  0.948  21  0.879   0.806 Y  0.570      SignalP-noTM
fig|2005473.96.peg.2558    0.161  22  0.386  22  0.960  19  0.900   0.586 Y  0.450      SignalP-TM
fig|2005473.96.peg.2558    0.518  22  0.695  22  0.978  12  0.934   0.807 Y  0.570      SignalP-noTM
fig|2005473.96.peg.2563    0.394  23  0.481  23  0.712  17  0.592   0.525 Y  0.450      SignalP-TM
fig|2005473.96.peg.2563    0.734  21  0.805  21  0.911  19  0.859   0.830 Y  0.570      SignalP-noTM
fig|2005473.96.peg.2564    0.372  25  0.528  25  0.914  18  0.793   0.652 Y  0.570      SignalP-noTM
fig|2005473.96.peg.2574    0.214  21  0.435  21  0.936  14  0.876   0.643 Y  0.570      SignalP-noTM
fig|2005473.96.peg.2574    0.275  29  0.397  29  0.809   6  0.678   0.507 Y  0.450      SignalP-TM
fig|2005473.96.peg.2578    0.181  22  0.395  22  0.945   2  0.883   0.624 Y  0.570      SignalP-noTM
fig|2005473.96.peg.2579    0.268  29  0.410  22  0.956   4  0.896   0.599 Y  0.450      SignalP-TM
fig|2005473.96.peg.2579    0.537  22  0.697  22  0.948   6  0.921   0.802 Y  0.570      SignalP-noTM
fig|2005473.96.peg.2580    0.181  28  0.391  21  0.942   9  0.880   0.582 Y  0.450      SignalP-TM
fig|2005473.96.peg.2580    0.195  21  0.421  21  0.943  20  0.899   0.646 Y  0.570      SignalP-noTM
fig|2005473.96.peg.2581    0.460  31  0.592  31  0.892  27  0.739   0.650 Y  0.450      SignalP-TM
fig|2005473.96.peg.2581    0.655  29  0.784  29  0.976  26  0.920   0.848 Y  0.570      SignalP-noTM
fig|2005473.96.peg.2582    0.288  30  0.386  30  0.895  14  0.669   0.496 Y  0.450      SignalP-TM
fig|2005473.96.peg.2587    0.554  25  0.643  25  0.808   8  0.732   0.678 Y  0.450      SignalP-TM
fig|2005473.96.peg.2587    0.637  25  0.750  25  0.949   9  0.894   0.817 Y  0.570      SignalP-noTM
fig|2005473.96.peg.2589    0.412  25  0.511  25  0.859  16  0.667   0.572 Y  0.450      SignalP-TM
fig|2005473.96.peg.2589    0.662  19  0.747  19  0.914  15  0.830   0.786 Y  0.570      SignalP-noTM
fig|2005473.96.peg.2601    0.298  21  0.429  21  0.808  20  0.648   0.514 Y  0.450      SignalP-TM
fig|2005473.96.peg.2601    0.351  21  0.535  21  0.894  16  0.837   0.677 Y  0.570      SignalP-noTM
fig|2005473.96.peg.2605    0.211  23  0.422  23  0.947   8  0.879   0.600 Y  0.450      SignalP-TM
fig|2005473.96.peg.2605    0.262  23  0.484  23  0.959   9  0.910   0.685 Y  0.570      SignalP-noTM
fig|2005473.96.peg.261     0.176  23  0.359  23  0.879   9  0.754   0.513 Y  0.450      SignalP-TM
fig|2005473.96.peg.261     0.202  23  0.398  23  0.900   1  0.812   0.592 Y  0.570      SignalP-noTM
fig|2005473.96.peg.2616    0.364  27  0.514  27  0.808  24  0.697   0.585 Y  0.450      SignalP-TM
fig|2005473.96.peg.2616    0.440  27  0.573  27  0.889  16  0.792   0.676 Y  0.570      SignalP-noTM
fig|2005473.96.peg.262     0.285  17  0.443  17  0.823   5  0.697   0.537 Y  0.510      SignalP-TM
fig|2005473.96.peg.2624    0.171  30  0.279  11  0.864   7  0.807   0.485 Y  0.450      SignalP-TM
fig|2005473.96.peg.2641    0.193  25  0.409  25  0.950   8  0.888   0.596 Y  0.450      SignalP-TM
fig|2005473.96.peg.2641    0.430  22  0.635  22  0.955  12  0.938   0.777 Y  0.570      SignalP-noTM
fig|2005473.96.peg.268     0.282  22  0.450  22  0.892   1  0.748   0.590 Y  0.570      SignalP-noTM
fig|2005473.96.peg.268     0.583  27  0.619  27  0.823  19  0.653   0.632 Y  0.450      SignalP-TM
fig|2005473.96.peg.269     0.158  30  0.307  21  0.916  13  0.778   0.491 Y  0.450      SignalP-TM
fig|2005473.96.peg.269     0.287  20  0.505  20  0.936  16  0.882   0.682 Y  0.570      SignalP-noTM
fig|2005473.96.peg.270     0.205  20  0.400  20  0.860  16  0.785   0.581 Y  0.570      SignalP-noTM
fig|2005473.96.peg.272     0.429  21  0.620  21  0.949  19  0.901   0.752 Y  0.570      SignalP-noTM
fig|2005473.96.peg.274     0.132  28  0.320  19  0.879  17  0.781   0.500 Y  0.450      SignalP-TM
fig|2005473.96.peg.274     0.668  19  0.763  19  0.962  17  0.841   0.800 Y  0.570      SignalP-noTM
fig|2005473.96.peg.275     0.516  23  0.642  23  0.880  18  0.817   0.710 Y  0.450      SignalP-TM
fig|2005473.96.peg.275     0.795  23  0.827  23  0.951  18  0.882   0.853 Y  0.570      SignalP-noTM
fig|2005473.96.peg.276     0.530  22  0.704  22  0.981  17  0.935   0.813 Y  0.570      SignalP-noTM
fig|2005473.96.peg.276     0.576  22  0.662  22  0.900   6  0.797   0.715 Y  0.450      SignalP-TM
fig|2005473.96.peg.28      0.563  29  0.645  29  0.887  12  0.799   0.705 Y  0.450      SignalP-TM
fig|2005473.96.peg.283     0.169  40  0.315  36  0.884   4  0.753   0.486 Y  0.450      SignalP-TM
fig|2005473.96.peg.300     0.374  21  0.533  21  0.863  17  0.755   0.637 Y  0.570      SignalP-noTM
fig|2005473.96.peg.303     0.239  22  0.388  22  0.827   4  0.686   0.504 Y  0.450      SignalP-TM
fig|2005473.96.peg.303     0.397  22  0.564  22  0.916   1  0.839   0.694 Y  0.570      SignalP-noTM
fig|2005473.96.peg.305     0.350  22  0.472  22  0.919   6  0.724   0.570 Y  0.450      SignalP-TM
fig|2005473.96.peg.305     0.541  22  0.704  22  0.965  16  0.902   0.797 Y  0.570      SignalP-noTM
fig|2005473.96.peg.311     0.223  37  0.387  28  0.967  16  0.884   0.581 Y  0.450      SignalP-TM
fig|2005473.96.peg.311     0.314  28  0.532  28  0.973  18  0.922   0.715 Y  0.570      SignalP-noTM
fig|2005473.96.peg.313     0.174  45  0.330  23  0.847   4  0.758   0.497 Y  0.450      SignalP-TM
fig|2005473.96.peg.313     0.268  22  0.467  22  0.934   1  0.830   0.638 Y  0.570      SignalP-noTM
fig|2005473.96.peg.318     0.505  23  0.516  23  0.753   5  0.592   0.546 Y  0.450      SignalP-TM
fig|2005473.96.peg.319     0.223  27  0.377  27  0.870  10  0.728   0.514 Y  0.450      SignalP-TM
fig|2005473.96.peg.320     0.252  25  0.433  25  0.895   8  0.780   0.569 Y  0.450      SignalP-TM
fig|2005473.96.peg.320     0.728  22  0.815  22  0.953  21  0.918   0.863 Y  0.570      SignalP-noTM
fig|2005473.96.peg.321     0.189  23  0.387  23  0.915  14  0.837   0.599 Y  0.570      SignalP-noTM
fig|2005473.96.peg.322     0.279  20  0.485  20  0.879   2  0.843   0.624 Y  0.450      SignalP-TM
fig|2005473.96.peg.322     0.822  20  0.847  20  0.943  18  0.869   0.857 Y  0.570      SignalP-noTM
fig|2005473.96.peg.325     0.163  29  0.332  29  0.844  20  0.713   0.480 Y  0.450      SignalP-TM
fig|2005473.96.peg.327     0.196  24  0.384  24  0.902  16  0.777   0.537 Y  0.450      SignalP-TM
fig|2005473.96.peg.327     0.212  21  0.442  21  0.957  12  0.921   0.667 Y  0.570      SignalP-noTM
fig|2005473.96.peg.331     0.292  26  0.454  26  0.844  21  0.716   0.556 Y  0.450      SignalP-TM
fig|2005473.96.peg.331     0.658  26  0.755  26  0.940  21  0.842   0.796 Y  0.570      SignalP-noTM
fig|2005473.96.peg.342     0.615  22  0.723  22  0.929   1  0.855   0.785 Y  0.570      SignalP-noTM
fig|2005473.96.peg.343     0.217  26  0.445  26  0.968  21  0.907   0.662 Y  0.570      SignalP-noTM
fig|2005473.96.peg.343     0.234  26  0.434  26  0.873  16  0.778   0.568 Y  0.450      SignalP-TM
fig|2005473.96.peg.348     0.258  28  0.426  28  0.940   9  0.806   0.575 Y  0.450      SignalP-TM
fig|2005473.96.peg.348     0.617  21  0.770  21  0.977  17  0.955   0.857 Y  0.570      SignalP-noTM
fig|2005473.96.peg.349     0.150  34  0.298  18  0.837   1  0.749   0.474 Y  0.450      SignalP-TM
fig|2005473.96.peg.359     0.409  19  0.544  19  0.865   1  0.760   0.646 Y  0.570      SignalP-noTM
fig|2005473.96.peg.36      0.204  21  0.381  21  0.750   9  0.700   0.505 Y  0.450      SignalP-TM
fig|2005473.96.peg.36      0.337  21  0.504  21  0.903  17  0.758   0.624 Y  0.570      SignalP-noTM
fig|2005473.96.peg.360     0.541  21  0.553  21  0.875   2  0.646   0.597 Y  0.570      SignalP-noTM
fig|2005473.96.peg.361     0.396  22  0.596  22  0.961  11  0.911   0.744 Y  0.570      SignalP-noTM
fig|2005473.96.peg.361     0.426  27  0.565  27  0.860   8  0.786   0.651 Y  0.450      SignalP-TM
fig|2005473.96.peg.362     0.250  23  0.418  23  0.911  17  0.756   0.577 Y  0.570      SignalP-noTM
fig|2005473.96.peg.363     0.600  32  0.549  32  0.816  51  0.505   0.532 Y  0.450      SignalP-TM
fig|2005473.96.peg.363     0.670  32  0.716  32  0.957  16  0.811   0.761 Y  0.570      SignalP-noTM
fig|2005473.96.peg.366     0.139  33  0.316  16  0.924   6  0.864   0.530 Y  0.450      SignalP-TM
fig|2005473.96.peg.366     0.274  22  0.489  22  0.944  10  0.895   0.680 Y  0.570      SignalP-noTM
fig|2005473.96.peg.403     0.262  23  0.454  23  0.936   2  0.831   0.631 Y  0.570      SignalP-noTM
fig|2005473.96.peg.41      0.251  21  0.450  21  0.870  17  0.803   0.588 Y  0.450      SignalP-TM
fig|2005473.96.peg.41      0.569  21  0.708  21  0.958  17  0.883   0.790 Y  0.570      SignalP-noTM
fig|2005473.96.peg.411     0.493  21  0.612  21  0.818   9  0.745   0.664 Y  0.450      SignalP-TM
fig|2005473.96.peg.411     0.697  21  0.723  21  0.880  14  0.762   0.741 Y  0.570      SignalP-noTM
fig|2005473.96.peg.414     0.374  26  0.496  24  0.821  16  0.680   0.583 Y  0.570      SignalP-noTM
fig|2005473.96.peg.415     0.460  22  0.529  22  0.756   7  0.649   0.576 Y  0.450      SignalP-TM
fig|2005473.96.peg.415     0.745  22  0.813  22  0.959  12  0.891   0.850 Y  0.570      SignalP-noTM
fig|2005473.96.peg.420     0.461  23  0.596  23  0.853   5  0.773   0.665 Y  0.450      SignalP-TM
fig|2005473.96.peg.420     0.661  23  0.763  23  0.921  14  0.890   0.823 Y  0.570      SignalP-noTM
fig|2005473.96.peg.431     0.266  37  0.402  22  0.930  17  0.749   0.537 Y  0.450      SignalP-TM
fig|2005473.96.peg.449     0.331  27  0.444  27  0.802  22  0.600   0.505 Y  0.450      SignalP-TM
fig|2005473.96.peg.449     0.705  27  0.768  27  0.954  21  0.849   0.806 Y  0.570      SignalP-noTM
fig|2005473.96.peg.450     0.208  25  0.410  25  0.891  18  0.818   0.602 Y  0.570      SignalP-noTM
fig|2005473.96.peg.451     0.296  27  0.480  27  0.895  15  0.810   0.609 Y  0.450      SignalP-TM
fig|2005473.96.peg.451     0.545  25  0.704  25  0.971  16  0.935   0.813 Y  0.570      SignalP-noTM
fig|2005473.96.peg.452     0.411  25  0.477  25  0.652  21  0.506   0.488 Y  0.450      SignalP-TM
fig|2005473.96.peg.452     0.429  23  0.544  23  0.854  22  0.696   0.615 Y  0.570      SignalP-noTM
fig|2005473.96.peg.460     0.371  31  0.524  31  0.892  25  0.709   0.596 Y  0.450      SignalP-TM
fig|2005473.96.peg.462     0.234  27  0.420  27  0.931  17  0.769   0.584 Y  0.570      SignalP-noTM
fig|2005473.96.peg.462     0.336  27  0.474  27  0.784  10  0.627   0.533 Y  0.450      SignalP-TM
fig|2005473.96.peg.468     0.200  30  0.427  26  0.985  13  0.960   0.678 Y  0.570      SignalP-noTM
fig|2005473.96.peg.468     0.585  27  0.746  27  0.981  16  0.949   0.825 Y  0.450      SignalP-TM
fig|2005473.96.peg.47      0.315  21  0.498  21  0.855   7  0.777   0.607 Y  0.450      SignalP-TM
fig|2005473.96.peg.47      0.813  21  0.888  21  0.984  12  0.967   0.925 Y  0.570      SignalP-noTM
fig|2005473.96.peg.471     0.297  32  0.481  32  0.956  16  0.850   0.625 Y  0.450      SignalP-TM
fig|2005473.96.peg.471     0.544  27  0.694  27  0.967  12  0.891   0.787 Y  0.570      SignalP-noTM
fig|2005473.96.peg.48      0.150  69  0.292  24  0.793  17  0.719   0.459 Y  0.450      SignalP-TM
fig|2005473.96.peg.48      0.473  20  0.624  20  0.891   7  0.842   0.726 Y  0.570      SignalP-noTM
fig|2005473.96.peg.482     0.299  34  0.420  34  0.804   1  0.651   0.510 Y  0.450      SignalP-TM
fig|2005473.96.peg.482     0.311  32  0.510  32  0.933  25  0.851   0.670 Y  0.570      SignalP-noTM
fig|2005473.96.peg.496     0.423  31  0.452  31  0.701  17  0.488   0.466 Y  0.450      SignalP-TM
fig|2005473.96.peg.497     0.126  40  0.290  14  0.902  10  0.836   0.503 Y  0.450      SignalP-TM
fig|2005473.96.peg.5       0.340  21  0.499  21  0.873   8  0.774   0.606 Y  0.450      SignalP-TM
fig|2005473.96.peg.5       0.649  21  0.782  21  0.980   9  0.946   0.859 Y  0.570      SignalP-noTM
fig|2005473.96.peg.501     0.189  23  0.332  20  0.755   6  0.664   0.461 Y  0.450      SignalP-TM
fig|2005473.96.peg.501     0.392  20  0.608  20  0.973  12  0.926   0.758 Y  0.570      SignalP-noTM
fig|2005473.96.peg.504     0.457  23  0.574  23  0.893  18  0.716   0.629 Y  0.450      SignalP-TM
fig|2005473.96.peg.504     0.648  23  0.715  23  0.903   2  0.803   0.757 Y  0.570      SignalP-noTM
fig|2005473.96.peg.505     0.246  23  0.455  23  0.879  18  0.825   0.599 Y  0.450      SignalP-TM
fig|2005473.96.peg.505     0.566  23  0.720  23  0.951  18  0.917   0.813 Y  0.570      SignalP-noTM
fig|2005473.96.peg.510     0.533  31  0.455  31  0.643  17  0.475   0.463 Y  0.450      SignalP-TM
fig|2005473.96.peg.511     0.185  24  0.346  24  0.803   7  0.689   0.480 Y  0.450      SignalP-TM
fig|2005473.96.peg.511     0.243  24  0.455  24  0.946   3  0.882   0.656 Y  0.570      SignalP-noTM
fig|2005473.96.peg.517     0.216  28  0.386  28  0.933   8  0.797   0.546 Y  0.450      SignalP-TM
fig|2005473.96.peg.517     0.270  28  0.453  21  0.960  10  0.936   0.680 Y  0.570      SignalP-noTM
fig|2005473.96.peg.520     0.253  31  0.345  22  0.923   6  0.855   0.585 Y  0.570      SignalP-noTM
fig|2005473.96.peg.520     0.694  31  0.637  31  0.870  16  0.706   0.664 Y  0.450      SignalP-TM
fig|2005473.96.peg.524     0.252  24  0.451  24  0.882  14  0.815   0.593 Y  0.450      SignalP-TM
fig|2005473.96.peg.524     0.559  24  0.692  24  0.972  13  0.899   0.789 Y  0.570      SignalP-noTM
fig|2005473.96.peg.539     0.279  23  0.462  23  0.847  21  0.744   0.572 Y  0.450      SignalP-TM
fig|2005473.96.peg.539     0.574  23  0.673  23  0.898  19  0.815   0.740 Y  0.570      SignalP-noTM
fig|2005473.96.peg.565     0.222  25  0.446  25  0.959  23  0.815   0.590 Y  0.450      SignalP-TM
fig|2005473.96.peg.565     0.359  28  0.564  28  0.965  16  0.904   0.723 Y  0.570      SignalP-noTM
fig|2005473.96.peg.571     0.205  29  0.420  29  0.914  27  0.776   0.559 Y  0.450      SignalP-TM
fig|2005473.96.peg.571     0.358  28  0.588  28  0.985  20  0.920   0.744 Y  0.570      SignalP-noTM
fig|2005473.96.peg.573     0.531  20  0.570  20  0.719  13  0.611   0.586 Y  0.450      SignalP-TM
fig|2005473.96.peg.573     0.707  20  0.673  20  0.837  12  0.665   0.669 Y  0.570      SignalP-noTM
fig|2005473.96.peg.582     0.254  29  0.377  20  0.877   5  0.827   0.552 Y  0.450      SignalP-TM
fig|2005473.96.peg.582     0.323  20  0.510  20  0.914   9  0.821   0.656 Y  0.570      SignalP-noTM
fig|2005473.96.peg.590     0.407  38  0.478  38  0.726  22  0.468   0.474 Y  0.450      SignalP-TM
fig|2005473.96.peg.594     0.335  20  0.492  20  0.859   6  0.754   0.615 Y  0.570      SignalP-noTM
fig|2005473.96.peg.596     0.306  20  0.489  20  0.870   5  0.804   0.612 Y  0.450      SignalP-TM
fig|2005473.96.peg.596     0.381  20  0.544  20  0.885   2  0.805   0.667 Y  0.570      SignalP-noTM
fig|2005473.96.peg.600     0.392  25  0.563  25  0.901   9  0.829   0.667 Y  0.450      SignalP-TM
fig|2005473.96.peg.600     0.470  23  0.662  23  0.972  16  0.939   0.792 Y  0.570      SignalP-noTM
fig|2005473.96.peg.601     0.166  60  0.327  24  0.973  11  0.886   0.545 Y  0.450      SignalP-TM
fig|2005473.96.peg.601     0.180  25  0.377  25  0.953   7  0.859   0.604 Y  0.570      SignalP-noTM
fig|2005473.96.peg.607     0.199  22  0.428  22  0.978  17  0.921   0.660 Y  0.570      SignalP-noTM
fig|2005473.96.peg.61      0.332  27  0.548  27  0.945  21  0.870   0.699 Y  0.570      SignalP-noTM
fig|2005473.96.peg.61      0.502  27  0.654  27  0.908  23  0.739   0.687 Y  0.450      SignalP-TM
fig|2005473.96.peg.612     0.255  22  0.482  22  0.954  10  0.911   0.649 Y  0.450      SignalP-TM
fig|2005473.96.peg.612     0.732  22  0.831  22  0.970  18  0.940   0.882 Y  0.570      SignalP-noTM
fig|2005473.96.peg.613     0.751  24  0.735  24  0.842  19  0.662   0.706 Y  0.450      SignalP-TM
fig|2005473.96.peg.613     0.815  24  0.739  24  0.943  20  0.671   0.707 Y  0.570      SignalP-noTM
fig|2005473.96.peg.614     0.737  26  0.588  26  0.654   5  0.502   0.556 Y  0.510      SignalP-TM
fig|2005473.96.peg.625     0.498  20  0.592  20  0.900  17  0.733   0.658 Y  0.570      SignalP-noTM
fig|2005473.96.peg.626     0.322  29  0.538  29  0.942  13  0.866   0.666 Y  0.450      SignalP-TM
fig|2005473.96.peg.626     0.710  28  0.835  28  0.994  18  0.969   0.898 Y  0.570      SignalP-noTM
fig|2005473.96.peg.627     0.427  31  0.529  31  0.796  15  0.628   0.567 Y  0.450      SignalP-TM
fig|2005473.96.peg.628     0.271  25  0.436  25  0.836  23  0.645   0.518 Y  0.450      SignalP-TM
fig|2005473.96.peg.628     0.461  21  0.646  21  0.957  18  0.885   0.758 Y  0.570      SignalP-noTM
fig|2005473.96.peg.637     0.416  20  0.590  20  0.914  19  0.851   0.713 Y  0.570      SignalP-noTM
fig|2005473.96.peg.638     0.129  26  0.304  26  0.867  11  0.756   0.480 Y  0.450      SignalP-TM
fig|2005473.96.peg.641     0.231  20  0.392  20  0.772   6  0.678   0.503 Y  0.450      SignalP-TM
fig|2005473.96.peg.641     0.424  20  0.579  20  0.875  18  0.808   0.687 Y  0.570      SignalP-noTM
fig|2005473.96.peg.65      0.207  23  0.386  23  0.899  17  0.690   0.505 Y  0.450      SignalP-TM
fig|2005473.96.peg.65      0.233  20  0.447  20  0.926  16  0.850   0.637 Y  0.570      SignalP-noTM
fig|2005473.96.peg.650     0.302  32  0.407  24  0.938   9  0.879   0.591 Y  0.450      SignalP-TM
fig|2005473.96.peg.650     0.436  22  0.641  22  0.962  11  0.938   0.780 Y  0.570      SignalP-noTM
fig|2005473.96.peg.653     0.445  21  0.632  21  0.958  18  0.901   0.759 Y  0.570      SignalP-noTM
fig|2005473.96.peg.653     0.448  21  0.626  21  0.940  17  0.792   0.691 Y  0.450      SignalP-TM
fig|2005473.96.peg.656     0.359  18  0.564  18  0.936  14  0.884   0.714 Y  0.570      SignalP-noTM
fig|2005473.96.peg.664     0.347  19  0.533  19  0.886  16  0.802   0.659 Y  0.570      SignalP-noTM
fig|2005473.96.peg.664     0.677  24  0.703  24  0.870  15  0.735   0.716 Y  0.450      SignalP-TM
fig|2005473.96.peg.665     0.180  29  0.342  29  0.885  19  0.689   0.477 Y  0.450      SignalP-TM
fig|2005473.96.peg.670     0.388  21  0.444  21  0.728   4  0.555   0.487 Y  0.450      SignalP-TM
fig|2005473.96.peg.670     0.765  21  0.746  21  0.848   1  0.754   0.750 Y  0.570      SignalP-noTM
fig|2005473.96.peg.671     0.159  18  0.356  18  0.901   8  0.817   0.572 Y  0.570      SignalP-noTM
fig|2005473.96.peg.671     0.253  29  0.409  29  0.829  17  0.677   0.513 Y  0.450      SignalP-TM
fig|2005473.96.peg.680     0.352  27  0.521  27  0.829  19  0.594   0.548 Y  0.510      SignalP-TM
fig|2005473.96.peg.680     0.549  27  0.701  27  0.939  17  0.814   0.745 Y  0.450      SignalP-TM
fig|2005473.96.peg.686     0.188  23  0.355  23  0.825  21  0.643   0.467 Y  0.450      SignalP-TM
fig|2005473.96.peg.686     0.647  23  0.744  23  0.910  14  0.845   0.792 Y  0.570      SignalP-noTM
fig|2005473.96.peg.689     0.316  20  0.425  20  0.713   3  0.599   0.493 Y  0.450      SignalP-TM
fig|2005473.96.peg.690     0.220  20  0.419  20  0.898   3  0.825   0.610 Y  0.570      SignalP-noTM
fig|2005473.96.peg.690     0.276  31  0.408  31  0.910  15  0.720   0.530 Y  0.450      SignalP-TM
fig|2005473.96.peg.697     0.219  37  0.415  23  0.938  11  0.861   0.589 Y  0.450      SignalP-TM
fig|2005473.96.peg.697     0.535  21  0.697  21  0.953  19  0.914   0.799 Y  0.570      SignalP-noTM
fig|2005473.96.peg.7       0.294  30  0.418  30  0.936   7  0.769   0.555 Y  0.450      SignalP-TM
fig|2005473.96.peg.7       0.436  27  0.597  27  0.969  11  0.887   0.733 Y  0.570      SignalP-noTM
fig|2005473.96.peg.705     0.291  32  0.377  32  0.828  17  0.566   0.451 Y  0.450      SignalP-TM
fig|2005473.96.peg.705     0.349  22  0.582  22  0.988  12  0.960   0.760 Y  0.570      SignalP-noTM
fig|2005473.96.peg.706     0.459  22  0.604  22  0.894   9  0.828   0.709 Y  0.570      SignalP-noTM
fig|2005473.96.peg.712     0.226  25  0.386  25  0.776   7  0.682   0.501 Y  0.450      SignalP-TM
fig|2005473.96.peg.746     0.175  20  0.343  20  0.771  17  0.659   0.466 Y  0.450      SignalP-TM
fig|2005473.96.peg.748     0.146  28  0.336  22  0.916   5  0.855   0.580 Y  0.570      SignalP-noTM
fig|2005473.96.peg.748     0.265  35  0.369  27  0.924  13  0.732   0.510 Y  0.450      SignalP-TM
fig|2005473.96.peg.751     0.226  27  0.417  27  0.899  19  0.775   0.556 Y  0.450      SignalP-TM
fig|2005473.96.peg.751     0.544  20  0.689  20  0.930   2  0.885   0.781 Y  0.570      SignalP-noTM
fig|2005473.96.peg.754     0.534  21  0.621  21  0.794  16  0.712   0.656 Y  0.450      SignalP-TM
fig|2005473.96.peg.754     0.618  21  0.723  21  0.934  16  0.845   0.780 Y  0.570      SignalP-noTM
fig|2005473.96.peg.755     0.486  25  0.553  25  0.829   9  0.674   0.600 Y  0.450      SignalP-TM
fig|2005473.96.peg.755     0.493  25  0.588  25  0.908  18  0.781   0.679 Y  0.570      SignalP-noTM
fig|2005473.96.peg.756     0.154  29  0.344  20  0.907   4  0.814   0.527 Y  0.450      SignalP-TM
fig|2005473.96.peg.756     0.487  20  0.660  20  0.940   8  0.898   0.772 Y  0.570      SignalP-noTM
fig|2005473.96.peg.757     0.162  53  0.302  26  0.871   8  0.716   0.464 Y  0.450      SignalP-TM
fig|2005473.96.peg.757     0.237  24  0.431  24  0.900   4  0.827   0.617 Y  0.570      SignalP-noTM
fig|2005473.96.peg.758     0.446  35  0.491  35  0.794  18  0.579   0.525 Y  0.450      SignalP-TM
fig|2005473.96.peg.758     0.648  35  0.752  35  0.972  19  0.858   0.802 Y  0.570      SignalP-noTM
fig|2005473.96.peg.759     0.175  25  0.344  22  0.896   5  0.836   0.576 Y  0.570      SignalP-noTM
fig|2005473.96.peg.760     0.271  27  0.422  27  0.935   9  0.760   0.554 Y  0.450      SignalP-TM
fig|2005473.96.peg.760     0.352  23  0.546  23  0.938  12  0.876   0.701 Y  0.570      SignalP-noTM
fig|2005473.96.peg.761     0.166  24  0.357  18  0.906   6  0.854   0.591 Y  0.570      SignalP-noTM
fig|2005473.96.peg.763     0.294  29  0.418  29  0.901  13  0.742   0.570 Y  0.570      SignalP-noTM
fig|2005473.96.peg.763     0.393  24  0.580  24  0.920  19  0.772   0.655 Y  0.450      SignalP-TM
fig|2005473.96.peg.765     0.189  23  0.359  23  0.835   7  0.708   0.495 Y  0.450      SignalP-TM
fig|2005473.96.peg.765     0.394  22  0.549  22  0.878  16  0.790   0.662 Y  0.570      SignalP-noTM
fig|2005473.96.peg.766     0.359  22  0.515  22  0.898  18  0.761   0.630 Y  0.570      SignalP-noTM
fig|2005473.96.peg.768     0.248  21  0.448  21  0.902   6  0.832   0.628 Y  0.570      SignalP-noTM
fig|2005473.96.peg.768     0.432  27  0.473  27  0.883   8  0.669   0.550 Y  0.450      SignalP-TM
fig|2005473.96.peg.769     0.354  33  0.446  33  0.943  11  0.752   0.565 Y  0.450      SignalP-TM
fig|2005473.96.peg.772     0.274  26  0.424  26  0.847  13  0.703   0.533 Y  0.450      SignalP-TM
fig|2005473.96.peg.774     0.220  29  0.336  20  0.856   4  0.734   0.491 Y  0.450      SignalP-TM
fig|2005473.96.peg.774     0.733  20  0.808  20  0.919  16  0.886   0.845 Y  0.570      SignalP-noTM
fig|2005473.96.peg.778     0.299  26  0.513  26  0.922  14  0.870   0.652 Y  0.450      SignalP-TM
fig|2005473.96.peg.778     0.716  26  0.813  26  0.968  19  0.927   0.866 Y  0.570      SignalP-noTM
fig|2005473.96.peg.779     0.312  20  0.513  20  0.893   6  0.851   0.645 Y  0.450      SignalP-TM
fig|2005473.96.peg.779     0.742  20  0.803  20  0.923   3  0.884   0.841 Y  0.570      SignalP-noTM
fig|2005473.96.peg.783     0.202  25  0.384  25  0.887   8  0.783   0.539 Y  0.450      SignalP-TM
fig|2005473.96.peg.783     0.723  25  0.826  25  0.977  12  0.946   0.882 Y  0.570      SignalP-noTM
fig|2005473.96.peg.784     0.145  27  0.289  20  0.877   2  0.764   0.474 Y  0.450      SignalP-TM
fig|2005473.96.peg.785     0.418  26  0.563  26  0.934  19  0.813   0.680 Y  0.570      SignalP-noTM
fig|2005473.96.peg.785     0.545  26  0.676  24  0.923  22  0.849   0.743 Y  0.450      SignalP-TM
fig|2005473.96.peg.786     0.264  22  0.495  22  0.948  21  0.912   0.658 Y  0.450      SignalP-TM
fig|2005473.96.peg.786     0.517  23  0.703  23  0.976  11  0.949   0.819 Y  0.570      SignalP-noTM
fig|2005473.96.peg.787     0.129  24  0.296  24  0.845  17  0.691   0.450 Y  0.450      SignalP-TM
fig|2005473.96.peg.788     0.460  27  0.647  27  0.972   8  0.932   0.758 Y  0.450      SignalP-TM
fig|2005473.96.peg.788     0.631  27  0.777  27  0.989  14  0.955   0.861 Y  0.570      SignalP-noTM
fig|2005473.96.peg.792     0.306  23  0.398  23  0.837   5  0.629   0.488 Y  0.450      SignalP-TM
fig|2005473.96.peg.792     0.545  23  0.608  23  0.914   2  0.736   0.668 Y  0.570      SignalP-noTM
fig|2005473.96.peg.793     0.211  25  0.388  25  0.841  13  0.714   0.515 Y  0.450      SignalP-TM
fig|2005473.96.peg.8       0.416  24  0.554  24  0.887  21  0.761   0.635 Y  0.450      SignalP-TM
fig|2005473.96.peg.8       0.744  24  0.766  24  0.939  10  0.851   0.806 Y  0.570      SignalP-noTM
fig|2005473.96.peg.800     0.298  25  0.465  25  0.911  19  0.741   0.595 Y  0.570      SignalP-noTM
fig|2005473.96.peg.800     0.477  25  0.542  25  0.735  21  0.619   0.572 Y  0.450      SignalP-TM
fig|2005473.96.peg.804     0.186  22  0.390  22  0.895  13  0.811   0.554 Y  0.450      SignalP-TM
fig|2005473.96.peg.804     0.569  23  0.721  23  0.970  21  0.911   0.810 Y  0.570      SignalP-noTM
fig|2005473.96.peg.805     0.214  22  0.431  22  0.923  20  0.847   0.593 Y  0.450      SignalP-TM
fig|2005473.96.peg.805     0.337  22  0.556  22  0.946  12  0.916   0.725 Y  0.570      SignalP-noTM
fig|2005473.96.peg.806     0.439  22  0.453  22  0.666  17  0.478   0.462 Y  0.450      SignalP-TM
fig|2005473.96.peg.808     0.192  55  0.358  25  0.959   7  0.908   0.573 Y  0.450      SignalP-TM
fig|2005473.96.peg.808     0.193  28  0.372  28  0.958   7  0.839   0.592 Y  0.570      SignalP-noTM
fig|2005473.96.peg.815     0.157  21  0.336  21  0.788  12  0.715   0.484 Y  0.450      SignalP-TM
fig|2005473.96.peg.815     0.314  21  0.497  21  0.914  11  0.802   0.641 Y  0.570      SignalP-noTM
fig|2005473.96.peg.827     0.356  24  0.537  24  0.936  15  0.860   0.689 Y  0.570      SignalP-noTM
fig|2005473.96.peg.827     0.505  34  0.474  27  0.924  15  0.822   0.610 Y  0.450      SignalP-TM
fig|2005473.96.peg.828     0.428  37  0.611  37  0.949  32  0.791   0.696 Y  0.570      SignalP-noTM
fig|2005473.96.peg.830     0.229  21  0.455  21  0.958  12  0.906   0.667 Y  0.570      SignalP-noTM
fig|2005473.96.peg.830     0.256  34  0.348  21  0.902   7  0.820   0.532 Y  0.450      SignalP-TM
fig|2005473.96.peg.831     0.151  39  0.301  24  0.839   3  0.694   0.454 Y  0.450      SignalP-TM
fig|2005473.96.peg.831     0.330  24  0.522  24  0.935  18  0.858   0.680 Y  0.570      SignalP-noTM
fig|2005473.96.peg.836     0.254  27  0.470  27  0.954  20  0.849   0.648 Y  0.570      SignalP-noTM
fig|2005473.96.peg.836     0.501  36  0.624  36  0.930  21  0.787   0.688 Y  0.450      SignalP-TM
fig|2005473.96.peg.838     0.346  33  0.525  33  0.858  22  0.741   0.609 Y  0.450      SignalP-TM
fig|2005473.96.peg.838     0.589  33  0.655  33  0.959  22  0.789   0.718 Y  0.570      SignalP-noTM
fig|2005473.96.peg.84      0.166  25  0.373  25  0.936   3  0.858   0.601 Y  0.570      SignalP-noTM
fig|2005473.96.peg.845     0.430  21  0.549  21  0.865  18  0.671   0.596 Y  0.450      SignalP-TM
fig|2005473.96.peg.845     0.776  21  0.794  21  0.885  18  0.806   0.799 Y  0.570      SignalP-noTM
fig|2005473.96.peg.846     0.639  23  0.646  23  0.879   8  0.718   0.674 Y  0.450      SignalP-TM
fig|2005473.96.peg.846     0.847  23  0.736  23  0.863   4  0.721   0.731 Y  0.510      SignalP-TM
fig|2005473.96.peg.848     0.216  23  0.434  23  0.920  18  0.867   0.603 Y  0.450      SignalP-TM
fig|2005473.96.peg.848     0.356  23  0.506  23  0.794  20  0.702   0.579 Y  0.510      SignalP-TM
fig|2005473.96.peg.85      0.261  30  0.413  30  0.923  14  0.767   0.551 Y  0.450      SignalP-TM
fig|2005473.96.peg.85      0.428  20  0.594  20  0.924   4  0.854   0.716 Y  0.570      SignalP-noTM
fig|2005473.96.peg.851     0.537  19  0.582  19  0.772  15  0.569   0.577 Y  0.450      SignalP-TM
fig|2005473.96.peg.852     0.160  23  0.347  23  0.825  17  0.697   0.483 Y  0.450      SignalP-TM
fig|2005473.96.peg.856     0.193  24  0.388  24  0.940   8  0.826   0.559 Y  0.450      SignalP-TM
fig|2005473.96.peg.856     0.503  24  0.687  24  0.972  13  0.944   0.808 Y  0.570      SignalP-noTM
fig|2005473.96.peg.86      0.281  20  0.477  20  0.842  15  0.797   0.601 Y  0.450      SignalP-TM
fig|2005473.96.peg.86      0.704  20  0.829  20  0.990  12  0.967   0.894 Y  0.570      SignalP-noTM
fig|2005473.96.peg.860     0.469  25  0.557  25  0.885   6  0.725   0.622 Y  0.450      SignalP-TM
fig|2005473.96.peg.860     0.595  25  0.677  25  0.935   8  0.843   0.755 Y  0.570      SignalP-noTM
fig|2005473.96.peg.861     0.218  20  0.446  20  0.945  10  0.907   0.663 Y  0.570      SignalP-noTM
fig|2005473.96.peg.862     0.267  21  0.459  21  0.875  20  0.802   0.620 Y  0.570      SignalP-noTM
fig|2005473.96.peg.862     0.394  28  0.507  28  0.760  19  0.634   0.556 Y  0.450      SignalP-TM
fig|2005473.96.peg.863     0.159  26  0.357  22  0.939  15  0.902   0.613 Y  0.570      SignalP-noTM
fig|2005473.96.peg.863     0.216  61  0.373  27  0.813  21  0.687   0.495 Y  0.450      SignalP-TM
fig|2005473.96.peg.864     0.214  59  0.401  27  0.993  17  0.958   0.663 Y  0.570      SignalP-noTM
fig|2005473.96.peg.864     0.306  59  0.340  34  0.939  13  0.773   0.508 Y  0.450      SignalP-TM
fig|2005473.96.peg.865     0.401  25  0.543  25  0.863   6  0.759   0.628 Y  0.450      SignalP-TM
fig|2005473.96.peg.865     0.441  25  0.600  25  0.964   8  0.875   0.729 Y  0.570      SignalP-noTM
fig|2005473.96.peg.866     0.213  20  0.406  20  0.860   6  0.790   0.555 Y  0.450      SignalP-TM
fig|2005473.96.peg.866     0.715  20  0.811  20  0.957   9  0.919   0.862 Y  0.570      SignalP-noTM
fig|2005473.96.peg.867     0.386  21  0.569  21  0.904   4  0.851   0.679 Y  0.450      SignalP-TM
fig|2005473.96.peg.867     0.710  21  0.804  21  0.964  14  0.916   0.857 Y  0.570      SignalP-noTM
fig|2005473.96.peg.881     0.480  34  0.574  34  0.859   7  0.758   0.646 Y  0.450      SignalP-TM
fig|2005473.96.peg.883     0.214  25  0.334  25  0.920   7  0.669   0.465 Y  0.450      SignalP-TM
fig|2005473.96.peg.884     0.180  27  0.377  27  0.898  13  0.795   0.540 Y  0.450      SignalP-TM
fig|2005473.96.peg.884     0.345  23  0.550  23  0.925  17  0.875   0.702 Y  0.570      SignalP-noTM
fig|2005473.96.peg.89      0.230  26  0.451  26  0.914  11  0.864   0.612 Y  0.450      SignalP-TM
fig|2005473.96.peg.89      0.707  26  0.825  26  0.985  13  0.961   0.889 Y  0.570      SignalP-noTM
fig|2005473.96.peg.90      0.461  24  0.566  24  0.836  12  0.703   0.619 Y  0.450      SignalP-TM
fig|2005473.96.peg.90      0.771  24  0.789  24  0.958  17  0.842   0.814 Y  0.570      SignalP-noTM
fig|2005473.96.peg.906     0.509  23  0.612  23  0.870   8  0.761   0.670 Y  0.450      SignalP-TM
fig|2005473.96.peg.906     0.725  23  0.817  23  0.976  19  0.925   0.868 Y  0.570      SignalP-noTM
fig|2005473.96.peg.911     0.476  27  0.616  27  0.927  19  0.839   0.721 Y  0.570      SignalP-noTM
fig|2005473.96.peg.911     0.702  27  0.762  27  0.936  22  0.814   0.783 Y  0.450      SignalP-TM
fig|2005473.96.peg.915     0.154  29  0.315  23  0.793  14  0.736   0.480 Y  0.450      SignalP-TM
fig|2005473.96.peg.915     0.216  23  0.426  23  0.906   3  0.856   0.628 Y  0.570      SignalP-noTM
fig|2005473.96.peg.916     0.252  20  0.459  20  0.939  19  0.848   0.642 Y  0.570      SignalP-noTM
fig|2005473.96.peg.917     0.342  23  0.531  23  0.912  18  0.802   0.637 Y  0.450      SignalP-TM
fig|2005473.96.peg.917     0.479  23  0.643  23  0.975  19  0.849   0.740 Y  0.570      SignalP-noTM
fig|2005473.96.peg.918     0.184  31  0.378  24  0.946  11  0.850   0.562 Y  0.450      SignalP-TM
fig|2005473.96.peg.918     0.398  22  0.614  22  0.972  17  0.944   0.769 Y  0.570      SignalP-noTM
fig|2005473.96.peg.919     0.261  23  0.465  23  0.883  12  0.746   0.574 Y  0.450      SignalP-TM
fig|2005473.96.peg.919     0.623  23  0.704  23  0.918  18  0.789   0.744 Y  0.570      SignalP-noTM
fig|2005473.96.peg.920     0.595  28  0.549  28  0.775  12  0.583   0.563 Y  0.450      SignalP-TM
fig|2005473.96.peg.920     0.815  28  0.804  28  0.932  20  0.801   0.803 Y  0.570      SignalP-noTM
fig|2005473.96.peg.921     0.335  24  0.443  24  0.684   7  0.590   0.500 Y  0.450      SignalP-TM
fig|2005473.96.peg.921     0.569  24  0.652  24  0.882  20  0.766   0.705 Y  0.570      SignalP-noTM
fig|2005473.96.peg.922     0.192  22  0.379  22  0.832  15  0.704   0.506 Y  0.450      SignalP-TM
fig|2005473.96.peg.922     0.306  22  0.518  22  0.960  16  0.860   0.679 Y  0.570      SignalP-noTM
fig|2005473.96.peg.926     0.208  21  0.412  21  0.889   9  0.830   0.575 Y  0.450      SignalP-TM
fig|2005473.96.peg.926     0.397  19  0.607  19  0.963  17  0.922   0.755 Y  0.570      SignalP-noTM
fig|2005473.96.peg.928     0.371  23  0.491  23  0.896   7  0.708   0.576 Y  0.450      SignalP-TM
fig|2005473.96.peg.928     0.584  23  0.703  23  0.902   3  0.865   0.779 Y  0.570      SignalP-noTM
fig|2005473.96.peg.931     0.279  21  0.505  21  0.961  18  0.909   0.663 Y  0.450      SignalP-TM
fig|2005473.96.peg.931     0.447  21  0.635  21  0.966  18  0.902   0.761 Y  0.570      SignalP-noTM
fig|2005473.96.peg.933     0.781  19  0.650  19  0.856   1  0.605   0.629 Y  0.570      SignalP-noTM
fig|2005473.96.peg.934     0.157  26  0.368  21  0.963   8  0.901   0.618 Y  0.570      SignalP-noTM
fig|2005473.96.peg.94      0.199  30  0.328  15  0.872  10  0.766   0.499 Y  0.450      SignalP-TM
fig|2005473.96.peg.943     0.154  26  0.351  26  0.880  20  0.723   0.496 Y  0.450      SignalP-TM
fig|2005473.96.peg.96      0.343  26  0.444  26  0.867   9  0.682   0.537 Y  0.450      SignalP-TM
fig|2005473.96.peg.965     0.300  34  0.403  34  0.950  11  0.701   0.519 Y  0.450      SignalP-TM
fig|2005473.96.peg.965     0.575  29  0.708  29  0.958  11  0.879   0.788 Y  0.570      SignalP-noTM
fig|2005473.96.peg.966     0.230  23  0.406  23  0.814  12  0.706   0.523 Y  0.450      SignalP-TM
fig|2005473.96.peg.966     0.585  23  0.708  23  0.969  18  0.855   0.777 Y  0.570      SignalP-noTM
fig|2005473.96.peg.975     0.238  24  0.378  24  0.936   4  0.727   0.514 Y  0.450      SignalP-TM
fig|2005473.96.peg.975     0.580  22  0.721  22  0.954   1  0.903   0.807 Y  0.570      SignalP-noTM
fig|2005473.96.peg.987     0.319  22  0.471  22  0.863   1  0.740   0.598 Y  0.570      SignalP-noTM
fig|2005473.96.peg.99      0.646  22  0.787  22  0.977  11  0.950   0.864 Y  0.570      SignalP-noTM
fig|2005473.96.peg.99      0.679  29  0.765  29  0.969  15  0.891   0.815 Y  0.450      SignalP-TM
fig|2005473.96.peg.992     0.185  22  0.369  22  0.819  10  0.744   0.515 Y  0.450      SignalP-TM
fig|2005473.96.peg.993     0.223  22  0.405  22  0.814   8  0.723   0.529 Y  0.450      SignalP-TM
fig|2005473.96.peg.993     0.432  22  0.598  22  0.875   6  0.830   0.707 Y  0.570      SignalP-noTM
fig|2005473.96.peg.994     0.599  20  0.662  20  0.887  16  0.737   0.691 Y  0.450      SignalP-TM
fig|2005473.96.peg.994     0.738  20  0.763  20  0.907  16  0.783   0.772 Y  0.570      SignalP-noTM
fig|2005473.96.peg.995     0.270  28  0.481  28  0.931  12  0.857   0.628 Y  0.450      SignalP-TM
fig|2005473.96.peg.995     0.392  28  0.593  28  0.949  24  0.863   0.720 Y  0.570      SignalP-noTM
fig|2005473.96.peg.997     0.263  21  0.414  21  0.741   4  0.677   0.517 Y  0.450      SignalP-TM
fig|2005473.96.peg.997     0.515  21  0.624  21  0.848  10  0.775   0.695 Y  0.570      SignalP-noTM
fig|2005473.96.peg.998     0.337  23  0.456  23  0.807   4  0.675   0.542 Y  0.450      SignalP-TM
fig|2005473.96.peg.998     0.501  23  0.543  23  0.872   2  0.642   0.590 Y  0.570      SignalP-noTM
fig|2005473.96.peg.999     0.465  19  0.608  19  0.915  17  0.768   0.683 Y  0.570      SignalP-noTM
