fig|2005473.99.peg.1       0.309  37  0.503  37  0.954  23  0.749   0.599 Y  0.450      SignalP-TM
fig|2005473.99.peg.1       0.335  37  0.502  37  0.935  25  0.707   0.598 Y  0.570      SignalP-noTM
fig|2005473.99.peg.1000    0.341  38  0.458  31  0.970  21  0.809   0.623 Y  0.570      SignalP-noTM
fig|2005473.99.peg.1000    0.449  38  0.494  38  0.940  20  0.757   0.597 Y  0.450      SignalP-TM
fig|2005473.99.peg.101     0.329  24  0.488  24  0.786  19  0.726   0.581 Y  0.450      SignalP-TM
fig|2005473.99.peg.101     0.399  24  0.536  24  0.906  19  0.757   0.640 Y  0.570      SignalP-noTM
fig|2005473.99.peg.1037    0.217  50  0.343  24  0.896   3  0.757   0.505 Y  0.450      SignalP-TM
fig|2005473.99.peg.1037    0.244  23  0.445  23  0.934   1  0.848   0.635 Y  0.570      SignalP-noTM
fig|2005473.99.peg.1047    0.288  29  0.399  29  0.877  14  0.700   0.516 Y  0.450      SignalP-TM
fig|2005473.99.peg.1048    0.284  33  0.447  33  0.922  15  0.812   0.590 Y  0.450      SignalP-TM
fig|2005473.99.peg.1054    0.243  19  0.379  19  0.884   1  0.665   0.490 Y  0.450      SignalP-TM
fig|2005473.99.peg.1054    0.348  19  0.556  19  0.912  17  0.883   0.710 Y  0.570      SignalP-noTM
fig|2005473.99.peg.106     0.289  31  0.447  23  0.919   5  0.820   0.592 Y  0.450      SignalP-TM
fig|2005473.99.peg.106     0.414  23  0.590  23  0.943   2  0.864   0.719 Y  0.570      SignalP-noTM
fig|2005473.99.peg.1064    0.504  29  0.460  29  0.648   3  0.492   0.472 Y  0.450      SignalP-TM
fig|2005473.99.peg.1069    0.454  28  0.500  28  0.785  20  0.546   0.518 Y  0.450      SignalP-TM
fig|2005473.99.peg.107     0.155  30  0.342  30  0.908  21  0.776   0.511 Y  0.450      SignalP-TM
fig|2005473.99.peg.1071    0.395  21  0.535  21  0.940   4  0.792   0.636 Y  0.450      SignalP-TM
fig|2005473.99.peg.1071    0.410  21  0.613  21  0.972  17  0.927   0.760 Y  0.570      SignalP-noTM
fig|2005473.99.peg.1081    0.169  31  0.367  23  0.911  16  0.851   0.594 Y  0.570      SignalP-noTM
fig|2005473.99.peg.1081    0.177  31  0.374  20  0.905  17  0.814   0.545 Y  0.450      SignalP-TM
fig|2005473.99.peg.1082    0.225  37  0.330  27  0.878   5  0.687   0.469 Y  0.450      SignalP-TM
fig|2005473.99.peg.1082    0.238  27  0.408  27  0.910   4  0.794   0.589 Y  0.570      SignalP-noTM
fig|2005473.99.peg.1083    0.635  31  0.743  31  0.915  17  0.851   0.785 Y  0.450      SignalP-TM
fig|2005473.99.peg.1083    0.750  31  0.784  31  0.983  17  0.892   0.835 Y  0.570      SignalP-noTM
fig|2005473.99.peg.1084    0.248  28  0.381  28  0.827   9  0.668   0.493 Y  0.450      SignalP-TM
fig|2005473.99.peg.1084    0.335  18  0.518  18  0.890  17  0.821   0.661 Y  0.570      SignalP-noTM
fig|2005473.99.peg.1090    0.383  23  0.455  23  0.717  21  0.544   0.490 Y  0.450      SignalP-TM
fig|2005473.99.peg.1090    0.566  23  0.642  23  0.885  19  0.701   0.670 Y  0.570      SignalP-noTM
fig|2005473.99.peg.1093    0.186  32  0.342  27  0.829   7  0.734   0.495 Y  0.450      SignalP-TM
fig|2005473.99.peg.1093    0.192  27  0.394  22  0.968  12  0.924   0.643 Y  0.570      SignalP-noTM
fig|2005473.99.peg.1094    0.384  23  0.466  23  0.757   6  0.607   0.521 Y  0.450      SignalP-TM
fig|2005473.99.peg.1094    0.668  23  0.731  23  0.912   2  0.815   0.771 Y  0.570      SignalP-noTM
fig|2005473.99.peg.1096    0.286  23  0.430  23  0.784   5  0.687   0.531 Y  0.450      SignalP-TM
fig|2005473.99.peg.1096    0.605  23  0.755  23  0.959  16  0.941   0.843 Y  0.570      SignalP-noTM
fig|2005473.99.peg.1097    0.182  21  0.369  21  0.872   9  0.760   0.522 Y  0.450      SignalP-TM
fig|2005473.99.peg.1097    0.527  25  0.631  25  0.957  11  0.838   0.728 Y  0.570      SignalP-noTM
fig|2005473.99.peg.1098    0.224  20  0.446  20  0.917  17  0.877   0.614 Y  0.450      SignalP-TM
fig|2005473.99.peg.1098    0.730  20  0.831  20  0.961  12  0.936   0.881 Y  0.570      SignalP-noTM
fig|2005473.99.peg.11      0.221  27  0.440  27  0.957  12  0.904   0.621 Y  0.450      SignalP-TM
fig|2005473.99.peg.11      0.376  27  0.575  27  0.985  15  0.918   0.736 Y  0.570      SignalP-noTM
fig|2005473.99.peg.111     0.210  30  0.394  37  0.932  29  0.580   0.467 Y  0.450      SignalP-TM
fig|2005473.99.peg.1110    0.236  41  0.348  23  0.955   6  0.850   0.544 Y  0.450      SignalP-TM
fig|2005473.99.peg.1110    0.387  24  0.569  24  0.960  10  0.886   0.718 Y  0.570      SignalP-noTM
fig|2005473.99.peg.1114    0.626  21  0.698  21  0.876  18  0.758   0.721 Y  0.450      SignalP-TM
fig|2005473.99.peg.1114    0.809  21  0.823  21  0.881   1  0.837   0.829 Y  0.570      SignalP-noTM
fig|2005473.99.peg.1120    0.468  23  0.641  23  0.944  12  0.883   0.735 Y  0.450      SignalP-TM
fig|2005473.99.peg.1120    0.551  23  0.708  23  0.976   9  0.930   0.812 Y  0.570      SignalP-noTM
fig|2005473.99.peg.1121    0.163  19  0.347  19  0.854   4  0.758   0.508 Y  0.450      SignalP-TM
fig|2005473.99.peg.1132    0.146  35  0.288  30  0.858  12  0.731   0.461 Y  0.450      SignalP-TM
fig|2005473.99.peg.1135    0.468  25  0.524  25  0.845  23  0.588   0.549 Y  0.450      SignalP-TM
fig|2005473.99.peg.1136    0.197  35  0.371  27  0.915   9  0.829   0.549 Y  0.450      SignalP-TM
fig|2005473.99.peg.1136    0.336  25  0.537  25  0.948  10  0.885   0.701 Y  0.570      SignalP-noTM
fig|2005473.99.peg.1158    0.518  21  0.693  21  0.961  16  0.926   0.803 Y  0.570      SignalP-noTM
fig|2005473.99.peg.1158    0.538  28  0.663  28  0.963  16  0.865   0.742 Y  0.450      SignalP-TM
fig|2005473.99.peg.1172    0.314  19  0.510  19  0.917   3  0.847   0.641 Y  0.450      SignalP-TM
fig|2005473.99.peg.1172    0.496  22  0.664  22  0.958   9  0.909   0.779 Y  0.570      SignalP-noTM
fig|2005473.99.peg.1173    0.482  28  0.496  28  0.729  25  0.449   0.478 Y  0.450      SignalP-TM
fig|2005473.99.peg.1198    0.238  36  0.333  31  0.865  18  0.740   0.492 Y  0.450      SignalP-TM
fig|2005473.99.peg.1198    0.325  20  0.548  20  0.955  19  0.914   0.720 Y  0.570      SignalP-noTM
fig|2005473.99.peg.1201    0.216  21  0.375  21  0.873   2  0.711   0.506 Y  0.450      SignalP-TM
fig|2005473.99.peg.1201    0.657  21  0.745  21  0.922   1  0.862   0.800 Y  0.570      SignalP-noTM
fig|2005473.99.peg.1208    0.260  35  0.399  35  0.779  21  0.624   0.487 Y  0.450      SignalP-TM
fig|2005473.99.peg.121     0.132  34  0.280  17  0.827  15  0.759   0.467 Y  0.450      SignalP-TM
fig|2005473.99.peg.1211    0.582  28  0.649  28  0.892  17  0.746   0.695 Y  0.570      SignalP-noTM
fig|2005473.99.peg.1211    0.621  28  0.612  28  0.826  22  0.565   0.593 Y  0.450      SignalP-TM
fig|2005473.99.peg.123     0.165  56  0.362  21  0.952  17  0.910   0.576 Y  0.450      SignalP-TM
fig|2005473.99.peg.123     0.180  25  0.360  25  0.971  15  0.828   0.580 Y  0.570      SignalP-noTM
fig|2005473.99.peg.1243    0.312  25  0.469  25  0.804  18  0.626   0.530 Y  0.450      SignalP-TM
fig|2005473.99.peg.1244    0.174  25  0.334  25  0.857   2  0.706   0.479 Y  0.450      SignalP-TM
fig|2005473.99.peg.1244    0.279  20  0.475  20  0.887   1  0.816   0.635 Y  0.570      SignalP-noTM
fig|2005473.99.peg.125     0.217  32  0.343  32  0.899  18  0.691   0.479 Y  0.450      SignalP-TM
fig|2005473.99.peg.125     0.344  22  0.564  22  0.964  18  0.929   0.736 Y  0.570      SignalP-noTM
fig|2005473.99.peg.1258    0.204  24  0.390  23  0.939   8  0.846   0.604 Y  0.570      SignalP-noTM
fig|2005473.99.peg.1278    0.387  23  0.586  23  0.943   6  0.902   0.709 Y  0.450      SignalP-TM
fig|2005473.99.peg.1278    0.840  23  0.857  23  0.938   3  0.897   0.876 Y  0.570      SignalP-noTM
fig|2005473.99.peg.1279    0.210  51  0.358  27  0.947   6  0.770   0.519 Y  0.450      SignalP-TM
fig|2005473.99.peg.1279    0.682  20  0.806  20  0.964   8  0.949   0.873 Y  0.570      SignalP-noTM
fig|2005473.99.peg.1280    0.219  25  0.402  25  0.955   2  0.817   0.597 Y  0.570      SignalP-noTM
fig|2005473.99.peg.1280    0.340  25  0.461  25  0.905   2  0.713   0.559 Y  0.450      SignalP-TM
fig|2005473.99.peg.1287    0.142  24  0.328  19  0.932   2  0.868   0.582 Y  0.570      SignalP-noTM
fig|2005473.99.peg.1287    0.402  24  0.547  24  0.887   1  0.794   0.644 Y  0.450      SignalP-TM
fig|2005473.99.peg.129     0.215  23  0.396  23  0.935   6  0.801   0.554 Y  0.450      SignalP-TM
fig|2005473.99.peg.1290    0.239  24  0.474  24  0.973  17  0.884   0.634 Y  0.450      SignalP-TM
fig|2005473.99.peg.1290    0.361  22  0.593  22  0.985  12  0.956   0.763 Y  0.570      SignalP-noTM
fig|2005473.99.peg.1294    0.248  42  0.380  31  0.971  10  0.853   0.564 Y  0.450      SignalP-TM
fig|2005473.99.peg.1294    0.369  16  0.599  16  0.993  12  0.965   0.771 Y  0.570      SignalP-noTM
fig|2005473.99.peg.1299    0.165  34  0.347  24  0.972   9  0.935   0.576 Y  0.450      SignalP-TM
fig|2005473.99.peg.1299    0.306  24  0.544  24  0.991  12  0.962   0.740 Y  0.570      SignalP-noTM
fig|2005473.99.peg.1301    0.321  22  0.517  22  0.913   8  0.853   0.675 Y  0.570      SignalP-noTM
fig|2005473.99.peg.1301    0.468  22  0.616  22  0.914  19  0.799   0.687 Y  0.450      SignalP-TM
fig|2005473.99.peg.1309    0.326  28  0.489  28  0.903  14  0.778   0.602 Y  0.450      SignalP-TM
fig|2005473.99.peg.1309    0.381  23  0.598  23  0.979  11  0.941   0.759 Y  0.570      SignalP-noTM
fig|2005473.99.peg.1317    0.162  19  0.363  19  0.902   4  0.839   0.587 Y  0.570      SignalP-noTM
fig|2005473.99.peg.132     0.282  33  0.488  21  0.959  13  0.927   0.659 Y  0.450      SignalP-TM
fig|2005473.99.peg.132     0.458  21  0.666  21  0.981  13  0.962   0.805 Y  0.570      SignalP-noTM
fig|2005473.99.peg.1321    0.234  31  0.470  31  0.980  17  0.894   0.669 Y  0.570      SignalP-noTM
fig|2005473.99.peg.1321    0.247  41  0.342  31  0.898  25  0.714   0.487 Y  0.450      SignalP-TM
fig|2005473.99.peg.1328    0.251  22  0.470  22  0.963  19  0.877   0.661 Y  0.570      SignalP-noTM
fig|2005473.99.peg.1329    0.719  31  0.759  31  0.992  12  0.899   0.825 Y  0.570      SignalP-noTM
fig|2005473.99.peg.1329    0.786  31  0.838  31  0.978  13  0.927   0.873 Y  0.450      SignalP-TM
fig|2005473.99.peg.133     0.155  26  0.323  26  0.893   4  0.752   0.490 Y  0.450      SignalP-TM
fig|2005473.99.peg.1332    0.415  25  0.528  25  0.795   5  0.713   0.600 Y  0.450      SignalP-TM
fig|2005473.99.peg.1332    0.549  25  0.692  25  0.965  17  0.890   0.785 Y  0.570      SignalP-noTM
fig|2005473.99.peg.1334    0.262  25  0.412  25  0.813  17  0.663   0.510 Y  0.450      SignalP-TM
fig|2005473.99.peg.1335    0.485  33  0.496  33  0.639  26  0.511   0.502 Y  0.450      SignalP-TM
fig|2005473.99.peg.1362    0.292  34  0.418  34  0.829  15  0.613   0.494 Y  0.450      SignalP-TM
fig|2005473.99.peg.1363    0.160  37  0.325  21  0.850   5  0.757   0.494 Y  0.450      SignalP-TM
fig|2005473.99.peg.1363    0.470  21  0.653  21  0.950  19  0.894   0.767 Y  0.570      SignalP-noTM
fig|2005473.99.peg.1369    0.571  26  0.484  26  0.666  22  0.439   0.467 Y  0.450      SignalP-TM
fig|2005473.99.peg.1371    0.127  21  0.297  21  0.795   6  0.717   0.461 Y  0.450      SignalP-TM
fig|2005473.99.peg.1371    0.233  19  0.458  19  0.945  16  0.903   0.667 Y  0.570      SignalP-noTM
fig|2005473.99.peg.1376    0.306  22  0.475  22  0.879   3  0.771   0.591 Y  0.450      SignalP-TM
fig|2005473.99.peg.1376    0.637  22  0.725  22  0.943  18  0.851   0.784 Y  0.570      SignalP-noTM
fig|2005473.99.peg.1379    0.166  29  0.362  29  0.953   8  0.857   0.555 Y  0.450      SignalP-TM
fig|2005473.99.peg.1379    0.349  22  0.577  22  0.986  12  0.947   0.751 Y  0.570      SignalP-noTM
fig|2005473.99.peg.1380    0.487  20  0.643  20  0.929   9  0.871   0.750 Y  0.570      SignalP-noTM
fig|2005473.99.peg.1381    0.155  36  0.313  26  0.883  14  0.738   0.479 Y  0.450      SignalP-TM
fig|2005473.99.peg.1381    0.170  36  0.325  22  0.919  16  0.854   0.574 Y  0.570      SignalP-noTM
fig|2005473.99.peg.1385    0.599  31  0.557  31  0.705  21  0.575   0.564 Y  0.450      SignalP-TM
fig|2005473.99.peg.1386    0.161  25  0.348  18  0.937   1  0.907   0.611 Y  0.570      SignalP-noTM
fig|2005473.99.peg.1386    0.161  68  0.296  18  0.870   4  0.796   0.491 Y  0.450      SignalP-TM
fig|2005473.99.peg.1387    0.161  22  0.378  22  0.942   8  0.903   0.625 Y  0.570      SignalP-noTM
fig|2005473.99.peg.1387    0.288  29  0.423  29  0.919   8  0.762   0.555 Y  0.450      SignalP-TM
fig|2005473.99.peg.1388    0.229  23  0.431  23  0.906  11  0.841   0.624 Y  0.570      SignalP-noTM
fig|2005473.99.peg.1389    0.330  27  0.541  27  0.944  14  0.893   0.678 Y  0.450      SignalP-TM
fig|2005473.99.peg.1389    0.671  27  0.803  27  0.995  13  0.967   0.880 Y  0.570      SignalP-noTM
fig|2005473.99.peg.1390    0.167  20  0.363  20  0.873  14  0.787   0.528 Y  0.450      SignalP-TM
fig|2005473.99.peg.1390    0.333  20  0.546  20  0.957  16  0.891   0.708 Y  0.570      SignalP-noTM
fig|2005473.99.peg.1398    0.367  24  0.584  24  0.974  17  0.936   0.750 Y  0.570      SignalP-noTM
fig|2005473.99.peg.1398    0.381  24  0.506  24  0.881   8  0.736   0.596 Y  0.450      SignalP-TM
fig|2005473.99.peg.1402    0.209  25  0.397  25  0.936  12  0.841   0.606 Y  0.570      SignalP-noTM
fig|2005473.99.peg.1402    0.448  32  0.602  32  0.949   7  0.861   0.703 Y  0.450      SignalP-TM
fig|2005473.99.peg.1407    0.273  25  0.479  25  0.906  19  0.825   0.614 Y  0.450      SignalP-TM
fig|2005473.99.peg.1407    0.280  28  0.456  24  0.922  19  0.888   0.659 Y  0.570      SignalP-noTM
fig|2005473.99.peg.1410    0.326  23  0.482  23  0.802  11  0.696   0.566 Y  0.450      SignalP-TM
fig|2005473.99.peg.1411    0.194  29  0.406  20  0.920  12  0.858   0.618 Y  0.570      SignalP-noTM
fig|2005473.99.peg.1411    0.201  20  0.385  20  0.796  16  0.718   0.515 Y  0.450      SignalP-TM
fig|2005473.99.peg.1412    0.234  20  0.427  20  0.876  17  0.772   0.562 Y  0.450      SignalP-TM
fig|2005473.99.peg.1412    0.506  20  0.608  20  0.873  12  0.745   0.673 Y  0.570      SignalP-noTM
fig|2005473.99.peg.1422    0.448  25  0.629  25  0.938  22  0.882   0.748 Y  0.570      SignalP-noTM
fig|2005473.99.peg.1423    0.282  28  0.442  28  0.955  11  0.800   0.582 Y  0.450      SignalP-TM
fig|2005473.99.peg.1423    0.648  28  0.760  28  0.986  13  0.930   0.840 Y  0.570      SignalP-noTM
fig|2005473.99.peg.1424    0.620  30  0.752  30  0.975  16  0.917   0.817 Y  0.450      SignalP-TM
fig|2005473.99.peg.1424    0.790  23  0.871  23  0.977  17  0.951   0.909 Y  0.570      SignalP-noTM
fig|2005473.99.peg.1425    0.296  22  0.470  22  0.856   2  0.777   0.590 Y  0.450      SignalP-TM
fig|2005473.99.peg.1425    0.354  20  0.544  20  0.912  16  0.849   0.687 Y  0.570      SignalP-noTM
fig|2005473.99.peg.1431    0.256  21  0.404  21  0.751  18  0.645   0.498 Y  0.450      SignalP-TM
fig|2005473.99.peg.1431    0.412  21  0.575  21  0.900  12  0.813   0.687 Y  0.570      SignalP-noTM
fig|2005473.99.peg.1434    0.427  19  0.575  19  0.855  18  0.759   0.662 Y  0.570      SignalP-noTM
fig|2005473.99.peg.145     0.243  22  0.425  22  0.864   8  0.775   0.562 Y  0.450      SignalP-TM
fig|2005473.99.peg.145     0.294  22  0.489  22  0.948  18  0.837   0.653 Y  0.570      SignalP-noTM
fig|2005473.99.peg.147     0.230  25  0.447  25  0.928  22  0.853   0.605 Y  0.450      SignalP-TM
fig|2005473.99.peg.147     0.356  23  0.587  23  0.986  21  0.958   0.761 Y  0.570      SignalP-noTM
fig|2005473.99.peg.1470    0.267  24  0.445  24  0.841  18  0.736   0.559 Y  0.450      SignalP-TM
fig|2005473.99.peg.1470    0.393  22  0.614  22  0.978  18  0.949   0.771 Y  0.570      SignalP-noTM
fig|2005473.99.peg.1473    0.220  22  0.446  22  0.931  17  0.884   0.617 Y  0.450      SignalP-TM
fig|2005473.99.peg.1473    0.388  22  0.590  22  0.940   6  0.898   0.735 Y  0.570      SignalP-noTM
fig|2005473.99.peg.1474    0.215  35  0.359  26  0.933   9  0.798   0.531 Y  0.450      SignalP-TM
fig|2005473.99.peg.1474    0.368  20  0.599  20  0.982  18  0.966   0.772 Y  0.570      SignalP-noTM
fig|2005473.99.peg.1475    0.225  60  0.365  19  0.927  17  0.848   0.553 Y  0.450      SignalP-TM
fig|2005473.99.peg.1475    0.325  60  0.399  17  0.895   1  0.829   0.601 Y  0.570      SignalP-noTM
fig|2005473.99.peg.148     0.132  24  0.279  11  0.791   1  0.740   0.459 Y  0.450      SignalP-TM
fig|2005473.99.peg.148     0.186  24  0.366  19  0.882   4  0.820   0.579 Y  0.570      SignalP-noTM
fig|2005473.99.peg.1484    0.467  25  0.611  25  0.926   7  0.820   0.692 Y  0.450      SignalP-TM
fig|2005473.99.peg.1484    0.878  25  0.876  25  0.953  10  0.905   0.890 Y  0.570      SignalP-noTM
fig|2005473.99.peg.149     0.170  67  0.284  13  0.894   4  0.781   0.478 Y  0.450      SignalP-TM
fig|2005473.99.peg.1501    0.126  44  0.290  28  0.898  24  0.744   0.467 Y  0.450      SignalP-TM
fig|2005473.99.peg.1502    0.535  29  0.578  29  0.909  18  0.726   0.647 Y  0.570      SignalP-noTM
fig|2005473.99.peg.1502    0.727  29  0.756  29  0.868  18  0.771   0.762 Y  0.450      SignalP-TM
fig|2005473.99.peg.1509    0.167  22  0.381  22  0.935  15  0.852   0.603 Y  0.570      SignalP-noTM
fig|2005473.99.peg.1509    0.255  22  0.470  22  0.906  14  0.836   0.613 Y  0.450      SignalP-TM
fig|2005473.99.peg.151     0.698  26  0.774  26  0.975   9  0.908   0.837 Y  0.570      SignalP-noTM
fig|2005473.99.peg.151     0.712  26  0.771  26  0.911  19  0.772   0.771 Y  0.450      SignalP-TM
fig|2005473.99.peg.1515    0.245  29  0.382  24  0.840  13  0.795   0.543 Y  0.450      SignalP-TM
fig|2005473.99.peg.1515    0.274  24  0.497  24  0.948  12  0.910   0.691 Y  0.570      SignalP-noTM
fig|2005473.99.peg.1519    0.221  20  0.403  20  0.867  17  0.753   0.540 Y  0.450      SignalP-TM
fig|2005473.99.peg.1519    0.315  20  0.513  20  0.936  17  0.832   0.663 Y  0.570      SignalP-noTM
fig|2005473.99.peg.152     0.204  23  0.405  23  0.942   6  0.846   0.577 Y  0.450      SignalP-TM
fig|2005473.99.peg.152     0.552  23  0.674  23  0.952   2  0.856   0.759 Y  0.570      SignalP-noTM
fig|2005473.99.peg.1533    0.233  30  0.364  28  0.933  16  0.748   0.514 Y  0.450      SignalP-TM
fig|2005473.99.peg.1533    0.415  20  0.615  20  0.950  10  0.908   0.753 Y  0.570      SignalP-noTM
fig|2005473.99.peg.1543    0.555  25  0.682  25  0.901  14  0.835   0.741 Y  0.450      SignalP-TM
fig|2005473.99.peg.1543    0.736  25  0.799  25  0.948  18  0.889   0.841 Y  0.570      SignalP-noTM
fig|2005473.99.peg.1547    0.172  24  0.364  24  0.921   3  0.821   0.578 Y  0.570      SignalP-noTM
fig|2005473.99.peg.1547    0.207  62  0.308  24  0.912  17  0.825   0.509 Y  0.450      SignalP-TM
fig|2005473.99.peg.1548    0.352  24  0.572  24  0.965  20  0.914   0.705 Y  0.450      SignalP-TM
fig|2005473.99.peg.1548    0.407  24  0.590  24  0.951   3  0.889   0.730 Y  0.570      SignalP-noTM
fig|2005473.99.peg.1549    0.205  29  0.320  23  0.832   7  0.738   0.483 Y  0.450      SignalP-TM
fig|2005473.99.peg.155     0.436  24  0.598  24  0.929  13  0.846   0.715 Y  0.570      SignalP-noTM
fig|2005473.99.peg.1560    0.213  31  0.381  27  0.877  18  0.746   0.523 Y  0.450      SignalP-TM
fig|2005473.99.peg.1562    0.317  22  0.538  22  0.953  17  0.917   0.686 Y  0.450      SignalP-TM
fig|2005473.99.peg.1562    0.617  22  0.732  22  0.953  11  0.893   0.808 Y  0.570      SignalP-noTM
fig|2005473.99.peg.1563    0.222  22  0.452  22  0.977  18  0.916   0.670 Y  0.570      SignalP-noTM
fig|2005473.99.peg.1563    0.362  21  0.570  21  0.939  13  0.839   0.675 Y  0.450      SignalP-TM
fig|2005473.99.peg.1573    0.332  20  0.507  20  0.918  17  0.767   0.629 Y  0.570      SignalP-noTM
fig|2005473.99.peg.1580    0.367  31  0.520  31  0.890  22  0.784   0.623 Y  0.450      SignalP-TM
fig|2005473.99.peg.1582    0.246  17  0.452  17  0.938  11  0.826   0.628 Y  0.570      SignalP-noTM
fig|2005473.99.peg.1583    0.556  29  0.616  29  0.888  22  0.761   0.684 Y  0.570      SignalP-noTM
fig|2005473.99.peg.1595    0.198  49  0.328  21  0.899   2  0.752   0.493 Y  0.450      SignalP-TM
fig|2005473.99.peg.1595    0.259  21  0.472  21  0.928  17  0.863   0.656 Y  0.570      SignalP-noTM
fig|2005473.99.peg.1603    0.238  42  0.315  35  0.899  10  0.706   0.468 Y  0.450      SignalP-TM
fig|2005473.99.peg.1603    0.325  35  0.463  35  0.950  13  0.701   0.575 Y  0.570      SignalP-noTM
fig|2005473.99.peg.1605    0.326  21  0.490  21  0.866   4  0.768   0.598 Y  0.450      SignalP-TM
fig|2005473.99.peg.1605    0.586  21  0.721  21  0.956  17  0.898   0.804 Y  0.570      SignalP-noTM
fig|2005473.99.peg.1607    0.397  38  0.488  38  0.840  24  0.608   0.535 Y  0.450      SignalP-TM
fig|2005473.99.peg.1613    0.245  20  0.453  20  0.876  13  0.844   0.637 Y  0.570      SignalP-noTM
fig|2005473.99.peg.1614    0.222  23  0.425  23  0.917   1  0.846   0.623 Y  0.570      SignalP-noTM
fig|2005473.99.peg.1614    0.401  27  0.456  27  0.777   4  0.611   0.516 Y  0.450      SignalP-TM
fig|2005473.99.peg.1615    0.336  32  0.462  32  0.958  18  0.807   0.596 Y  0.450      SignalP-TM
fig|2005473.99.peg.1615    0.570  20  0.741  20  0.982  10  0.946   0.837 Y  0.570      SignalP-noTM
fig|2005473.99.peg.1624    0.182  23  0.335  23  0.770   1  0.648   0.457 Y  0.450      SignalP-TM
fig|2005473.99.peg.1624    0.570  23  0.637  23  0.843  11  0.763   0.696 Y  0.570      SignalP-noTM
fig|2005473.99.peg.1625    0.219  28  0.385  28  0.905   6  0.776   0.537 Y  0.450      SignalP-TM
fig|2005473.99.peg.1625    0.612  23  0.753  23  0.958  13  0.931   0.837 Y  0.570      SignalP-noTM
fig|2005473.99.peg.1627    0.211  24  0.420  24  0.903  11  0.795   0.566 Y  0.450      SignalP-TM
fig|2005473.99.peg.1627    0.250  24  0.457  24  0.914  10  0.828   0.631 Y  0.570      SignalP-noTM
fig|2005473.99.peg.1628    0.289  21  0.453  21  0.810  20  0.709   0.553 Y  0.450      SignalP-TM
fig|2005473.99.peg.1628    0.777  21  0.860  21  0.966  17  0.938   0.897 Y  0.570      SignalP-noTM
fig|2005473.99.peg.1637    0.440  24  0.498  24  0.674  11  0.543   0.516 Y  0.450      SignalP-TM
fig|2005473.99.peg.1637    0.743  24  0.673  24  0.814   8  0.658   0.666 Y  0.570      SignalP-noTM
fig|2005473.99.peg.1641    0.182  30  0.333  26  0.830  13  0.712   0.481 Y  0.450      SignalP-TM
fig|2005473.99.peg.1658    0.716  24  0.825  24  0.983  15  0.943   0.871 Y  0.450      SignalP-TM
fig|2005473.99.peg.1658    0.845  24  0.909  24  0.990  17  0.969   0.937 Y  0.570      SignalP-noTM
fig|2005473.99.peg.1661    0.170  56  0.320  25  0.896   4  0.717   0.475 Y  0.450      SignalP-TM
fig|2005473.99.peg.1667    0.197  26  0.427  26  0.991  14  0.944   0.670 Y  0.570      SignalP-noTM
fig|2005473.99.peg.1667    0.414  34  0.559  34  0.933  12  0.847   0.671 Y  0.450      SignalP-TM
fig|2005473.99.peg.167     0.264  17  0.462  17  0.882  16  0.821   0.631 Y  0.570      SignalP-noTM
fig|2005473.99.peg.167     0.476  23  0.482  23  0.766  16  0.565   0.515 Y  0.450      SignalP-TM
fig|2005473.99.peg.1676    0.233  34  0.279  13  0.840   4  0.776   0.473 Y  0.450      SignalP-TM
fig|2005473.99.peg.1683    0.244  27  0.378  27  0.934   4  0.716   0.510 Y  0.450      SignalP-TM
fig|2005473.99.peg.1683    0.493  20  0.683  20  0.965  10  0.943   0.805 Y  0.570      SignalP-noTM
fig|2005473.99.peg.1689    0.213  22  0.349  22  0.886   1  0.671   0.475 Y  0.450      SignalP-TM
fig|2005473.99.peg.1689    0.841  22  0.887  22  0.976  18  0.936   0.910 Y  0.570      SignalP-noTM
fig|2005473.99.peg.1690    0.453  25  0.609  25  0.927   4  0.852   0.704 Y  0.450      SignalP-TM
fig|2005473.99.peg.1690    0.660  23  0.741  23  0.905  11  0.841   0.788 Y  0.570      SignalP-noTM
fig|2005473.99.peg.1691    0.337  24  0.457  24  0.856   7  0.705   0.554 Y  0.450      SignalP-TM
fig|2005473.99.peg.1691    0.765  22  0.839  22  0.959  13  0.913   0.874 Y  0.570      SignalP-noTM
fig|2005473.99.peg.1706    0.205  43  0.401  37  0.969  21  0.886   0.590 Y  0.450      SignalP-TM
fig|2005473.99.peg.1706    0.266  37  0.466  37  0.973  22  0.817   0.631 Y  0.570      SignalP-noTM
fig|2005473.99.peg.1711    0.299  18  0.408  18  0.696   1  0.577   0.474 Y  0.450      SignalP-TM
fig|2005473.99.peg.1711    0.636  18  0.719  18  0.876   8  0.819   0.766 Y  0.570      SignalP-noTM
fig|2005473.99.peg.1712    0.276  22  0.494  22  0.930  20  0.853   0.634 Y  0.450      SignalP-TM
fig|2005473.99.peg.1712    0.396  23  0.617  23  0.979  20  0.958   0.777 Y  0.570      SignalP-noTM
fig|2005473.99.peg.1728    0.319  36  0.347  19  0.952  16  0.912   0.568 Y  0.450      SignalP-TM
fig|2005473.99.peg.1728    0.584  19  0.749  19  0.976   9  0.950   0.844 Y  0.570      SignalP-noTM
fig|2005473.99.peg.174     0.153  21  0.350  21  0.867  15  0.796   0.524 Y  0.450      SignalP-TM
fig|2005473.99.peg.174     0.232  24  0.456  24  0.958   1  0.909   0.669 Y  0.570      SignalP-noTM
fig|2005473.99.peg.179     0.326  24  0.531  24  0.960   9  0.905   0.707 Y  0.570      SignalP-noTM
fig|2005473.99.peg.179     0.352  51  0.503  24  0.867  15  0.765   0.605 Y  0.450      SignalP-TM
fig|2005473.99.peg.1795    0.213  31  0.383  31  0.975  10  0.838   0.560 Y  0.450      SignalP-TM
fig|2005473.99.peg.1795    0.217  26  0.415  26  0.975  11  0.872   0.630 Y  0.570      SignalP-noTM
fig|2005473.99.peg.1802    0.367  23  0.430  23  0.682  13  0.531   0.469 Y  0.450      SignalP-TM
fig|2005473.99.peg.1805    0.638  29  0.673  29  0.941  11  0.799   0.722 Y  0.450      SignalP-TM
fig|2005473.99.peg.1805    0.852  29  0.849  29  0.982  13  0.898   0.872 Y  0.570      SignalP-noTM
fig|2005473.99.peg.1808    0.422  20  0.591  20  0.906  16  0.824   0.700 Y  0.570      SignalP-noTM
fig|2005473.99.peg.1815    0.222  24  0.388  24  0.809  10  0.715   0.515 Y  0.450      SignalP-TM
fig|2005473.99.peg.1815    0.311  21  0.502  21  0.911  20  0.829   0.656 Y  0.570      SignalP-noTM
fig|2005473.99.peg.1816    0.557  23  0.619  23  0.860   5  0.731   0.663 Y  0.450      SignalP-TM
fig|2005473.99.peg.1816    0.771  23  0.823  23  0.940  19  0.885   0.852 Y  0.570      SignalP-noTM
fig|2005473.99.peg.1817    0.336  21  0.518  21  0.930   6  0.840   0.644 Y  0.450      SignalP-TM
fig|2005473.99.peg.1817    0.866  21  0.918  21  0.982  11  0.969   0.942 Y  0.570      SignalP-noTM
fig|2005473.99.peg.1830    0.251  32  0.359  32  0.834  12  0.632   0.466 Y  0.450      SignalP-TM
fig|2005473.99.peg.1834    0.397  25  0.503  25  0.873  21  0.716   0.603 Y  0.570      SignalP-noTM
fig|2005473.99.peg.184     0.272  21  0.412  21  0.767   1  0.644   0.502 Y  0.450      SignalP-TM
fig|2005473.99.peg.184     0.525  21  0.550  21  0.816   7  0.645   0.594 Y  0.570      SignalP-noTM
fig|2005473.99.peg.1842    0.260  22  0.484  22  0.947  16  0.897   0.645 Y  0.450      SignalP-TM
fig|2005473.99.peg.1842    0.589  22  0.756  22  0.989   8  0.960   0.852 Y  0.570      SignalP-noTM
fig|2005473.99.peg.1843    0.201  22  0.374  22  0.922   5  0.771   0.529 Y  0.450      SignalP-TM
fig|2005473.99.peg.1843    0.445  22  0.599  22  0.906   1  0.836   0.710 Y  0.570      SignalP-noTM
fig|2005473.99.peg.1846    0.235  41  0.359  22  0.785   2  0.671   0.481 Y  0.450      SignalP-TM
fig|2005473.99.peg.1846    0.772  22  0.792  22  0.892   2  0.828   0.809 Y  0.570      SignalP-noTM
fig|2005473.99.peg.1863    0.243  35  0.422  35  0.833  26  0.577   0.482 Y  0.450      SignalP-TM
fig|2005473.99.peg.1876    0.298  21  0.494  21  0.901  15  0.825   0.650 Y  0.570      SignalP-noTM
fig|2005473.99.peg.1876    0.336  23  0.480  23  0.875   6  0.741   0.582 Y  0.450      SignalP-TM
fig|2005473.99.peg.1883    0.325  46  0.382  24  0.927  16  0.835   0.559 Y  0.450      SignalP-TM
fig|2005473.99.peg.1883    0.366  22  0.573  22  0.960  15  0.894   0.724 Y  0.570      SignalP-noTM
fig|2005473.99.peg.1886    0.192  23  0.356  23  0.770  20  0.650   0.471 Y  0.450      SignalP-TM
fig|2005473.99.peg.1889    0.571  36  0.622  36  0.888  33  0.617   0.620 Y  0.450      SignalP-TM
fig|2005473.99.peg.1892    0.162  29  0.380  24  0.955  17  0.925   0.636 Y  0.570      SignalP-noTM
fig|2005473.99.peg.1892    0.253  56  0.378  28  0.855  18  0.768   0.530 Y  0.450      SignalP-TM
fig|2005473.99.peg.1893    0.317  23  0.525  23  0.938  21  0.884   0.694 Y  0.570      SignalP-noTM
fig|2005473.99.peg.1894    0.560  22  0.647  22  0.911   1  0.791   0.715 Y  0.570      SignalP-noTM
fig|2005473.99.peg.1923    0.587  27  0.653  27  0.776  25  0.682   0.664 Y  0.450      SignalP-TM
fig|2005473.99.peg.1925    0.703  32  0.792  32  0.955  22  0.853   0.816 Y  0.450      SignalP-TM
fig|2005473.99.peg.1925    0.746  32  0.814  32  0.984  17  0.921   0.864 Y  0.570      SignalP-noTM
fig|2005473.99.peg.1926    0.270  25  0.466  25  0.952   4  0.872   0.657 Y  0.570      SignalP-noTM
fig|2005473.99.peg.1926    0.445  32  0.553  32  0.943   9  0.802   0.650 Y  0.450      SignalP-TM
fig|2005473.99.peg.1940    0.188  25  0.386  25  0.878  16  0.792   0.544 Y  0.450      SignalP-TM
fig|2005473.99.peg.1940    0.472  25  0.652  25  0.976  21  0.908   0.772 Y  0.570      SignalP-noTM
fig|2005473.99.peg.1963    0.263  30  0.430  26  0.898  17  0.766   0.561 Y  0.450      SignalP-TM
fig|2005473.99.peg.1963    0.557  21  0.734  21  0.985  14  0.936   0.829 Y  0.570      SignalP-noTM
fig|2005473.99.peg.1964    0.177  21  0.365  21  0.851  19  0.700   0.496 Y  0.450      SignalP-TM
fig|2005473.99.peg.1964    0.439  21  0.619  21  0.939  18  0.867   0.736 Y  0.570      SignalP-noTM
fig|2005473.99.peg.1966    0.322  25  0.504  25  0.870  17  0.805   0.621 Y  0.450      SignalP-TM
fig|2005473.99.peg.1966    0.426  19  0.624  19  0.938  10  0.905   0.756 Y  0.570      SignalP-noTM
fig|2005473.99.peg.197     0.408  24  0.526  24  0.861  19  0.670   0.582 Y  0.450      SignalP-TM
fig|2005473.99.peg.197     0.652  24  0.748  24  0.938  19  0.866   0.803 Y  0.570      SignalP-noTM
fig|2005473.99.peg.198     0.183  31  0.326  23  0.952   3  0.885   0.589 Y  0.570      SignalP-noTM
fig|2005473.99.peg.198     0.250  31  0.339  31  0.918   9  0.697   0.479 Y  0.450      SignalP-TM
fig|2005473.99.peg.1989    0.227  38  0.381  32  0.878  19  0.751   0.525 Y  0.450      SignalP-TM
fig|2005473.99.peg.1992    0.475  36  0.576  36  0.904  20  0.708   0.628 Y  0.450      SignalP-TM
fig|2005473.99.peg.1992    0.712  36  0.738  36  0.947  19  0.782   0.759 Y  0.570      SignalP-noTM
fig|2005473.99.peg.1994    0.740  21  0.826  21  0.955  11  0.914   0.867 Y  0.570      SignalP-noTM
fig|2005473.99.peg.1994    0.749  21  0.805  21  0.939  18  0.828   0.814 Y  0.450      SignalP-TM
fig|2005473.99.peg.1995    0.352  25  0.523  25  0.912  18  0.705   0.594 Y  0.450      SignalP-TM
fig|2005473.99.peg.1995    0.407  20  0.571  20  0.897  18  0.800   0.678 Y  0.570      SignalP-noTM
fig|2005473.99.peg.2001    0.414  32  0.439  32  0.647  18  0.513   0.468 Y  0.450      SignalP-TM
fig|2005473.99.peg.2003    0.298  21  0.488  21  0.845  15  0.792   0.607 Y  0.450      SignalP-TM
fig|2005473.99.peg.2003    0.574  21  0.702  21  0.941  17  0.851   0.772 Y  0.570      SignalP-noTM
fig|2005473.99.peg.2005    0.254  24  0.455  24  0.907  11  0.834   0.633 Y  0.570      SignalP-noTM
fig|2005473.99.peg.2005    0.258  66  0.339  24  0.802   7  0.656   0.462 Y  0.450      SignalP-TM
fig|2005473.99.peg.2006    0.192  17  0.427  17  0.967  10  0.946   0.671 Y  0.570      SignalP-noTM
fig|2005473.99.peg.2006    0.196  30  0.326  22  0.913   5  0.835   0.524 Y  0.450      SignalP-TM
fig|2005473.99.peg.2007    0.296  28  0.386  28  0.798  14  0.621   0.478 Y  0.450      SignalP-TM
fig|2005473.99.peg.2008    0.201  31  0.389  31  0.859  24  0.633   0.484 Y  0.450      SignalP-TM
fig|2005473.99.peg.2008    0.358  31  0.560  31  0.944  23  0.783   0.665 Y  0.570      SignalP-noTM
fig|2005473.99.peg.201     0.207  31  0.340  23  0.900   1  0.841   0.575 Y  0.570      SignalP-noTM
fig|2005473.99.peg.201     0.302  31  0.459  31  0.958  15  0.813   0.597 Y  0.450      SignalP-TM
fig|2005473.99.peg.2015    0.368  33  0.517  33  0.832  27  0.671   0.577 Y  0.450      SignalP-TM
fig|2005473.99.peg.2043    0.344  27  0.530  27  0.915  16  0.784   0.629 Y  0.450      SignalP-TM
fig|2005473.99.peg.2043    0.776  29  0.814  29  0.971  16  0.880   0.845 Y  0.570      SignalP-noTM
fig|2005473.99.peg.2048    0.260  22  0.401  22  0.819   3  0.680   0.510 Y  0.450      SignalP-TM
fig|2005473.99.peg.2048    0.621  22  0.721  22  0.930   1  0.860   0.786 Y  0.570      SignalP-noTM
fig|2005473.99.peg.2054    0.278  28  0.478  28  0.944  11  0.805   0.605 Y  0.450      SignalP-TM
fig|2005473.99.peg.2069    0.287  22  0.508  22  0.952  16  0.905   0.663 Y  0.450      SignalP-TM
fig|2005473.99.peg.2069    0.693  20  0.806  20  0.969  18  0.927   0.863 Y  0.570      SignalP-noTM
fig|2005473.99.peg.2086    0.395  22  0.476  22  0.765   2  0.625   0.534 Y  0.450      SignalP-TM
fig|2005473.99.peg.2086    0.622  22  0.632  22  0.876   1  0.686   0.658 Y  0.570      SignalP-noTM
fig|2005473.99.peg.2087    0.274  28  0.424  28  0.916  10  0.752   0.552 Y  0.450      SignalP-TM
fig|2005473.99.peg.2087    0.432  26  0.610  26  0.960  15  0.899   0.746 Y  0.570      SignalP-noTM
fig|2005473.99.peg.2088    0.440  26  0.496  26  0.816   9  0.653   0.557 Y  0.450      SignalP-TM
fig|2005473.99.peg.2089    0.128  26  0.277  11  0.822   9  0.782   0.474 Y  0.450      SignalP-TM
fig|2005473.99.peg.2089    0.151  23  0.358  23  0.932  19  0.865   0.596 Y  0.570      SignalP-noTM
fig|2005473.99.peg.2090    0.260  25  0.464  25  0.935   8  0.856   0.617 Y  0.450      SignalP-TM
fig|2005473.99.peg.2090    0.384  25  0.594  25  0.972  11  0.935   0.754 Y  0.570      SignalP-noTM
fig|2005473.99.peg.2125    0.372  24  0.549  24  0.927  19  0.836   0.661 Y  0.450      SignalP-TM
fig|2005473.99.peg.2125    0.668  22  0.794  22  0.978  10  0.945   0.865 Y  0.570      SignalP-noTM
fig|2005473.99.peg.2135    0.715  21  0.811  21  0.951   4  0.927   0.856 Y  0.450      SignalP-TM
fig|2005473.99.peg.2135    0.857  21  0.895  21  0.954  19  0.932   0.913 Y  0.570      SignalP-noTM
fig|2005473.99.peg.2136    0.154  22  0.366  22  0.956  15  0.879   0.607 Y  0.570      SignalP-noTM
fig|2005473.99.peg.2136    0.221  28  0.407  28  0.926  15  0.764   0.546 Y  0.450      SignalP-TM
fig|2005473.99.peg.2137    0.218  33  0.341  21  0.792  16  0.682   0.474 Y  0.450      SignalP-TM
fig|2005473.99.peg.215     0.389  49  0.582  49  0.962  39  0.615   0.598 Y  0.570      SignalP-noTM
fig|2005473.99.peg.2154    0.268  39  0.434  33  0.971  21  0.839   0.592 Y  0.450      SignalP-TM
fig|2005473.99.peg.2154    0.447  23  0.632  23  0.930  15  0.809   0.715 Y  0.570      SignalP-noTM
fig|2005473.99.peg.2159    0.151  20  0.360  20  0.927   6  0.878   0.604 Y  0.570      SignalP-noTM
fig|2005473.99.peg.2159    0.457  34  0.483  34  0.914   6  0.723   0.577 Y  0.450      SignalP-TM
fig|2005473.99.peg.216     0.325  28  0.472  28  0.863  25  0.682   0.554 Y  0.450      SignalP-TM
fig|2005473.99.peg.216     0.681  28  0.790  28  0.975  19  0.919   0.851 Y  0.570      SignalP-noTM
fig|2005473.99.peg.2160    0.323  35  0.461  35  0.860  19  0.686   0.549 Y  0.450      SignalP-TM
fig|2005473.99.peg.2164    0.282  27  0.478  27  0.870  20  0.785   0.598 Y  0.450      SignalP-TM
fig|2005473.99.peg.2164    0.464  27  0.642  27  0.974  21  0.908   0.767 Y  0.570      SignalP-noTM
fig|2005473.99.peg.2168    0.210  28  0.341  18  0.858   7  0.748   0.499 Y  0.450      SignalP-TM
fig|2005473.99.peg.2168    0.312  18  0.517  18  0.931  10  0.871   0.684 Y  0.570      SignalP-noTM
fig|2005473.99.peg.217     0.199  27  0.363  27  0.862   8  0.723   0.503 Y  0.450      SignalP-TM
fig|2005473.99.peg.217     0.230  27  0.436  27  0.937   5  0.864   0.637 Y  0.570      SignalP-noTM
fig|2005473.99.peg.2174    0.435  21  0.641  21  0.969  17  0.945   0.760 Y  0.450      SignalP-TM
fig|2005473.99.peg.2174    0.713  21  0.826  21  0.974  10  0.948   0.883 Y  0.570      SignalP-noTM
fig|2005473.99.peg.218     0.162  26  0.380  26  0.932  22  0.849   0.563 Y  0.450      SignalP-TM
fig|2005473.99.peg.218     0.233  26  0.461  26  0.961  22  0.929   0.681 Y  0.570      SignalP-noTM
fig|2005473.99.peg.2180    0.679  23  0.579  23  0.608   9  0.462   0.533 Y  0.450      SignalP-TM
fig|2005473.99.peg.2183    0.278  26  0.407  26  0.812  18  0.571   0.471 Y  0.450      SignalP-TM
fig|2005473.99.peg.2185    0.185  36  0.372  28  0.934  19  0.809   0.543 Y  0.450      SignalP-TM
fig|2005473.99.peg.2185    0.389  25  0.599  25  0.964  19  0.874   0.728 Y  0.570      SignalP-noTM
fig|2005473.99.peg.2191    0.203  26  0.371  17  0.928   1  0.881   0.610 Y  0.570      SignalP-noTM
fig|2005473.99.peg.2192    0.271  21  0.462  21  0.833  13  0.775   0.584 Y  0.450      SignalP-TM
fig|2005473.99.peg.2192    0.487  21  0.620  21  0.847  16  0.770   0.675 Y  0.510      SignalP-TM
fig|2005473.99.peg.2197    0.224  25  0.397  25  0.881  15  0.756   0.537 Y  0.450      SignalP-TM
fig|2005473.99.peg.2197    0.309  20  0.511  20  0.893   2  0.851   0.671 Y  0.570      SignalP-noTM
fig|2005473.99.peg.220     0.666  21  0.741  21  0.957   8  0.855   0.794 Y  0.570      SignalP-noTM
fig|2005473.99.peg.221     0.636  23  0.756  23  0.930  16  0.903   0.813 Y  0.450      SignalP-TM
fig|2005473.99.peg.221     0.658  23  0.789  23  0.986   8  0.952   0.866 Y  0.570      SignalP-noTM
fig|2005473.99.peg.2216    0.216  23  0.369  23  0.817  21  0.654   0.480 Y  0.450      SignalP-TM
fig|2005473.99.peg.2216    0.668  23  0.725  23  0.853  15  0.772   0.747 Y  0.570      SignalP-noTM
fig|2005473.99.peg.2217    0.617  24  0.741  24  0.960  18  0.860   0.797 Y  0.570      SignalP-noTM
fig|2005473.99.peg.222     0.182  22  0.405  22  0.953  17  0.912   0.643 Y  0.570      SignalP-noTM
fig|2005473.99.peg.222     0.199  22  0.430  22  0.956  10  0.924   0.623 Y  0.450      SignalP-TM
fig|2005473.99.peg.2233    0.166  41  0.312  20  0.870  17  0.809   0.506 Y  0.450      SignalP-TM
fig|2005473.99.peg.2233    0.309  22  0.529  22  0.941   9  0.910   0.708 Y  0.570      SignalP-noTM
fig|2005473.99.peg.2235    0.173  19  0.396  19  0.951  15  0.899   0.632 Y  0.570      SignalP-noTM
fig|2005473.99.peg.2235    0.206  26  0.397  26  0.959  15  0.831   0.566 Y  0.450      SignalP-TM
fig|2005473.99.peg.2270    0.399  20  0.466  20  0.746   4  0.600   0.519 Y  0.450      SignalP-TM
fig|2005473.99.peg.2270    0.672  20  0.718  20  0.855  19  0.782   0.748 Y  0.570      SignalP-noTM
fig|2005473.99.peg.228     0.383  25  0.560  25  0.869  14  0.801   0.654 Y  0.450      SignalP-TM
fig|2005473.99.peg.228     0.440  28  0.573  28  0.961  10  0.833   0.695 Y  0.570      SignalP-noTM
fig|2005473.99.peg.2288    0.514  40  0.597  40  0.844  37  0.531   0.571 Y  0.450      SignalP-TM
fig|2005473.99.peg.23      0.436  34  0.598  34  0.895  17  0.759   0.661 Y  0.450      SignalP-TM
fig|2005473.99.peg.230     0.339  38  0.476  38  0.815  35  0.600   0.524 Y  0.450      SignalP-TM
fig|2005473.99.peg.2300    0.343  28  0.520  28  0.859  20  0.781   0.622 Y  0.450      SignalP-TM
fig|2005473.99.peg.2300    0.684  28  0.813  28  0.988  23  0.953   0.879 Y  0.570      SignalP-noTM
fig|2005473.99.peg.231     0.150  20  0.369  20  0.947   3  0.921   0.629 Y  0.570      SignalP-noTM
fig|2005473.99.peg.231     0.150  25  0.331  23  0.941   9  0.812   0.518 Y  0.450      SignalP-TM
fig|2005473.99.peg.2312    0.167  45  0.286  14  0.835   3  0.802   0.487 Y  0.450      SignalP-TM
fig|2005473.99.peg.2319    0.172  23  0.382  23  0.922  10  0.858   0.568 Y  0.450      SignalP-TM
fig|2005473.99.peg.2319    0.315  23  0.496  23  0.935   1  0.835   0.655 Y  0.570      SignalP-noTM
fig|2005473.99.peg.2320    0.608  20  0.735  20  0.932  13  0.874   0.800 Y  0.570      SignalP-noTM
fig|2005473.99.peg.2346    0.595  29  0.627  29  0.826  22  0.563   0.602 Y  0.450      SignalP-TM
fig|2005473.99.peg.2353    0.204  17  0.369  17  0.829  16  0.656   0.481 Y  0.450      SignalP-TM
fig|2005473.99.peg.2354    0.192  26  0.361  26  0.903   6  0.768   0.520 Y  0.450      SignalP-TM
fig|2005473.99.peg.2354    0.621  21  0.766  21  0.968  10  0.942   0.849 Y  0.570      SignalP-noTM
fig|2005473.99.peg.2376    0.177  25  0.403  25  0.962  13  0.924   0.607 Y  0.450      SignalP-TM
fig|2005473.99.peg.2376    0.354  23  0.580  23  0.979  10  0.947   0.752 Y  0.570      SignalP-noTM
fig|2005473.99.peg.2377    0.165  65  0.302  27  0.862   4  0.731   0.470 Y  0.450      SignalP-TM
fig|2005473.99.peg.2377    0.309  21  0.497  21  0.926   4  0.839   0.658 Y  0.570      SignalP-noTM
fig|2005473.99.peg.2378    0.269  35  0.421  22  0.920  18  0.829   0.580 Y  0.450      SignalP-TM
fig|2005473.99.peg.2378    0.482  22  0.630  22  0.944  11  0.856   0.736 Y  0.570      SignalP-noTM
fig|2005473.99.peg.2379    0.399  25  0.585  25  0.943  13  0.868   0.696 Y  0.450      SignalP-TM
fig|2005473.99.peg.2379    0.593  22  0.743  22  0.949  18  0.923   0.827 Y  0.570      SignalP-noTM
fig|2005473.99.peg.2382    0.182  63  0.390  23  0.916  14  0.876   0.580 Y  0.450      SignalP-TM
fig|2005473.99.peg.2382    0.290  22  0.519  22  0.973  11  0.928   0.712 Y  0.570      SignalP-noTM
fig|2005473.99.peg.239     0.302  24  0.493  24  0.885  13  0.802   0.614 Y  0.450      SignalP-TM
fig|2005473.99.peg.239     0.346  24  0.452  24  0.858   8  0.678   0.535 Y  0.510      SignalP-TM
fig|2005473.99.peg.2404    0.764  25  0.755  25  0.922   8  0.788   0.768 Y  0.450      SignalP-TM
fig|2005473.99.peg.2404    0.891  25  0.895  25  0.953  16  0.911   0.903 Y  0.570      SignalP-noTM
fig|2005473.99.peg.2409    0.785  23  0.860  23  0.970  16  0.923   0.884 Y  0.450      SignalP-TM
fig|2005473.99.peg.2409    0.871  23  0.881  23  0.943  14  0.904   0.892 Y  0.570      SignalP-noTM
fig|2005473.99.peg.2410    0.510  22  0.590  22  0.772  16  0.657   0.616 Y  0.450      SignalP-TM
fig|2005473.99.peg.2410    0.744  22  0.819  22  0.935  14  0.883   0.849 Y  0.570      SignalP-noTM
fig|2005473.99.peg.2413    0.151  30  0.333  30  0.938  16  0.777   0.506 Y  0.450      SignalP-TM
fig|2005473.99.peg.2413    0.183  30  0.395  30  0.967  17  0.892   0.629 Y  0.570      SignalP-noTM
fig|2005473.99.peg.2414    0.490  23  0.585  23  0.942   7  0.789   0.665 Y  0.450      SignalP-TM
fig|2005473.99.peg.2414    0.514  23  0.667  23  0.971  14  0.896   0.775 Y  0.570      SignalP-noTM
fig|2005473.99.peg.242     0.160  28  0.292  17  0.876   3  0.756   0.473 Y  0.450      SignalP-TM
fig|2005473.99.peg.242     0.274  20  0.473  20  0.893   1  0.824   0.638 Y  0.570      SignalP-noTM
fig|2005473.99.peg.2431    0.260  27  0.425  27  0.894  12  0.750   0.552 Y  0.450      SignalP-TM
fig|2005473.99.peg.2431    0.361  27  0.520  27  0.934  12  0.807   0.655 Y  0.570      SignalP-noTM
fig|2005473.99.peg.2432    0.186  20  0.380  20  0.875  15  0.767   0.531 Y  0.450      SignalP-TM
fig|2005473.99.peg.2432    0.685  20  0.810  20  0.969  10  0.942   0.872 Y  0.570      SignalP-noTM
fig|2005473.99.peg.2444    0.340  32  0.535  27  0.939  20  0.874   0.667 Y  0.450      SignalP-TM
fig|2005473.99.peg.2444    0.693  27  0.794  27  0.979  15  0.933   0.860 Y  0.570      SignalP-noTM
fig|2005473.99.peg.2446    0.750  24  0.717  24  0.840   1  0.711   0.715 Y  0.450      SignalP-TM
fig|2005473.99.peg.2446    0.772  24  0.713  24  0.921  10  0.772   0.741 Y  0.570      SignalP-noTM
fig|2005473.99.peg.245     0.163  28  0.331  28  0.873  27  0.659   0.459 Y  0.450      SignalP-TM
fig|2005473.99.peg.245     0.613  28  0.759  28  0.974  21  0.894   0.822 Y  0.570      SignalP-noTM
fig|2005473.99.peg.246     0.259  23  0.475  23  0.912   8  0.858   0.624 Y  0.450      SignalP-TM
fig|2005473.99.peg.246     0.477  23  0.667  23  0.970  12  0.939   0.795 Y  0.570      SignalP-noTM
fig|2005473.99.peg.2484    0.387  28  0.472  28  0.913  16  0.731   0.573 Y  0.450      SignalP-TM
fig|2005473.99.peg.2484    0.691  20  0.810  20  0.988  10  0.947   0.874 Y  0.570      SignalP-noTM
fig|2005473.99.peg.2485    0.184  36  0.348  36  0.899  12  0.746   0.503 Y  0.450      SignalP-TM
fig|2005473.99.peg.2485    0.524  36  0.670  36  0.949  18  0.797   0.730 Y  0.570      SignalP-noTM
fig|2005473.99.peg.25      0.467  23  0.666  23  0.979  10  0.959   0.804 Y  0.570      SignalP-noTM
fig|2005473.99.peg.25      0.505  66  0.358  25  0.943   6  0.804   0.532 Y  0.450      SignalP-TM
fig|2005473.99.peg.250     0.650  26  0.553  26  0.817   2  0.610   0.575 Y  0.450      SignalP-TM
fig|2005473.99.peg.250     0.671  26  0.658  26  0.912  11  0.776   0.713 Y  0.570      SignalP-noTM
fig|2005473.99.peg.251     0.219  26  0.361  23  0.890   9  0.662   0.478 Y  0.450      SignalP-TM
fig|2005473.99.peg.251     0.425  23  0.618  23  0.958  21  0.903   0.752 Y  0.570      SignalP-noTM
fig|2005473.99.peg.2531    0.406  24  0.548  24  0.941   7  0.815   0.652 Y  0.450      SignalP-TM
fig|2005473.99.peg.2531    0.485  24  0.611  24  0.970  10  0.857   0.726 Y  0.570      SignalP-noTM
fig|2005473.99.peg.2532    0.270  23  0.361  23  0.871   5  0.621   0.463 Y  0.450      SignalP-TM
fig|2005473.99.peg.2532    0.419  23  0.583  23  0.927   3  0.856   0.711 Y  0.570      SignalP-noTM
fig|2005473.99.peg.2536    0.461  23  0.621  23  0.938  21  0.826   0.717 Y  0.570      SignalP-noTM
fig|2005473.99.peg.2536    0.669  23  0.686  23  0.835  20  0.668   0.679 Y  0.450      SignalP-TM
fig|2005473.99.peg.2537    0.479  28  0.576  28  0.847  10  0.725   0.634 Y  0.450      SignalP-TM
fig|2005473.99.peg.2537    0.568  23  0.733  23  0.972  17  0.937   0.829 Y  0.570      SignalP-noTM
fig|2005473.99.peg.2538    0.294  19  0.518  19  0.948  14  0.913   0.704 Y  0.570      SignalP-noTM
fig|2005473.99.peg.2538    0.331  22  0.451  22  0.824   6  0.686   0.543 Y  0.450      SignalP-TM
fig|2005473.99.peg.2548    0.203  23  0.352  23  0.797   3  0.666   0.475 Y  0.450      SignalP-TM
fig|2005473.99.peg.2548    0.677  23  0.723  23  0.913  11  0.814   0.766 Y  0.570      SignalP-noTM
fig|2005473.99.peg.255     0.494  36  0.495  36  0.666  27  0.446   0.476 Y  0.450      SignalP-TM
fig|2005473.99.peg.255     0.623  36  0.692  36  0.889  29  0.627   0.662 Y  0.570      SignalP-noTM
fig|2005473.99.peg.2562    0.224  22  0.380  22  0.791  18  0.625   0.476 Y  0.450      SignalP-TM
fig|2005473.99.peg.2562    0.481  20  0.619  20  0.925  18  0.750   0.681 Y  0.570      SignalP-noTM
fig|2005473.99.peg.2565    0.534  20  0.613  20  0.874  17  0.692   0.650 Y  0.570      SignalP-noTM
fig|2005473.99.peg.2585    0.142  22  0.346  22  0.911   6  0.864   0.548 Y  0.450      SignalP-TM
fig|2005473.99.peg.2607    0.174  29  0.299  23  0.886   9  0.726   0.466 Y  0.450      SignalP-TM
fig|2005473.99.peg.2607    0.615  23  0.720  23  0.952  18  0.876   0.793 Y  0.570      SignalP-noTM
fig|2005473.99.peg.2617    0.643  20  0.555  20  0.795   1  0.543   0.551 Y  0.510      SignalP-TM
fig|2005473.99.peg.2618    0.305  20  0.449  20  0.774  18  0.671   0.536 Y  0.450      SignalP-TM
fig|2005473.99.peg.2618    0.806  20  0.811  20  0.963  18  0.811   0.811 Y  0.570      SignalP-noTM
fig|2005473.99.peg.2626    0.694  20  0.714  20  0.850  16  0.751   0.731 Y  0.570      SignalP-noTM
fig|2005473.99.peg.271     0.428  23  0.612  23  0.954  17  0.867   0.732 Y  0.570      SignalP-noTM
fig|2005473.99.peg.271     0.484  32  0.511  23  0.910  17  0.792   0.621 Y  0.450      SignalP-TM
fig|2005473.99.peg.28      0.445  24  0.601  24  0.922  17  0.822   0.687 Y  0.450      SignalP-TM
fig|2005473.99.peg.28      0.570  24  0.666  24  0.948   8  0.846   0.751 Y  0.570      SignalP-noTM
fig|2005473.99.peg.288     0.174  21  0.360  21  0.884  17  0.753   0.513 Y  0.450      SignalP-TM
fig|2005473.99.peg.288     0.261  19  0.484  19  0.939   1  0.905   0.682 Y  0.570      SignalP-noTM
fig|2005473.99.peg.293     0.161  52  0.341  23  0.912  15  0.787   0.515 Y  0.450      SignalP-TM
fig|2005473.99.peg.30      0.421  25  0.565  25  0.949  18  0.790   0.653 Y  0.450      SignalP-TM
fig|2005473.99.peg.30      0.778  20  0.843  20  0.951  16  0.903   0.871 Y  0.570      SignalP-noTM
fig|2005473.99.peg.319     0.375  19  0.540  19  0.875  17  0.778   0.652 Y  0.570      SignalP-noTM
fig|2005473.99.peg.330     0.205  26  0.343  25  0.819   1  0.621   0.451 Y  0.450      SignalP-TM
fig|2005473.99.peg.331     0.178  38  0.326  26  0.883   9  0.752   0.492 Y  0.450      SignalP-TM
fig|2005473.99.peg.331     0.447  38  0.578  24  0.981  17  0.939   0.748 Y  0.570      SignalP-noTM
fig|2005473.99.peg.332     0.269  39  0.417  22  0.970  12  0.932   0.618 Y  0.450      SignalP-TM
fig|2005473.99.peg.332     0.819  22  0.894  22  0.986  11  0.965   0.927 Y  0.570      SignalP-noTM
fig|2005473.99.peg.333     0.362  32  0.426  32  0.894  11  0.670   0.521 Y  0.450      SignalP-TM
fig|2005473.99.peg.335     0.237  20  0.445  20  0.877  16  0.828   0.594 Y  0.450      SignalP-TM
fig|2005473.99.peg.335     0.336  20  0.551  20  0.930   6  0.907   0.718 Y  0.570      SignalP-noTM
fig|2005473.99.peg.338     0.460  27  0.635  21  0.981  10  0.956   0.786 Y  0.570      SignalP-noTM
fig|2005473.99.peg.338     0.488  27  0.643  27  0.943  12  0.886   0.738 Y  0.450      SignalP-TM
fig|2005473.99.peg.346     0.364  29  0.435  29  0.878   6  0.665   0.525 Y  0.450      SignalP-TM
fig|2005473.99.peg.346     0.529  22  0.697  22  0.955  18  0.926   0.804 Y  0.570      SignalP-noTM
fig|2005473.99.peg.348     0.335  31  0.519  31  0.913  20  0.778   0.620 Y  0.450      SignalP-TM
fig|2005473.99.peg.348     0.434  31  0.580  31  0.922  22  0.783   0.675 Y  0.570      SignalP-noTM
fig|2005473.99.peg.367     0.405  27  0.489  27  0.872   3  0.690   0.583 Y  0.570      SignalP-noTM
fig|2005473.99.peg.369     0.245  27  0.393  27  0.909  16  0.735   0.526 Y  0.450      SignalP-TM
fig|2005473.99.peg.369     0.613  20  0.763  20  0.978   8  0.946   0.849 Y  0.570      SignalP-noTM
fig|2005473.99.peg.370     0.251  32  0.471  32  0.926  29  0.734   0.574 Y  0.450      SignalP-TM
fig|2005473.99.peg.370     0.305  30  0.533  30  0.974  20  0.895   0.703 Y  0.570      SignalP-noTM
fig|2005473.99.peg.375     0.188  25  0.404  25  0.934  16  0.848   0.577 Y  0.450      SignalP-TM
fig|2005473.99.peg.375     0.311  20  0.541  20  0.971  14  0.922   0.720 Y  0.570      SignalP-noTM
fig|2005473.99.peg.388     0.451  25  0.620  25  0.951  14  0.852   0.710 Y  0.450      SignalP-TM
fig|2005473.99.peg.388     0.484  22  0.674  22  0.964   9  0.942   0.800 Y  0.570      SignalP-noTM
fig|2005473.99.peg.391     0.501  26  0.586  26  0.855   4  0.728   0.653 Y  0.570      SignalP-noTM
fig|2005473.99.peg.424     0.267  24  0.464  22  0.934  12  0.831   0.607 Y  0.450      SignalP-TM
fig|2005473.99.peg.424     0.368  22  0.593  22  0.984  17  0.936   0.754 Y  0.570      SignalP-noTM
fig|2005473.99.peg.428     0.156  25  0.332  25  0.905   7  0.763   0.500 Y  0.450      SignalP-TM
fig|2005473.99.peg.432     0.357  22  0.558  22  0.894  18  0.863   0.677 Y  0.450      SignalP-TM
fig|2005473.99.peg.432     0.759  22  0.853  22  0.981  14  0.950   0.899 Y  0.570      SignalP-noTM
fig|2005473.99.peg.435     0.231  24  0.452  24  0.940  15  0.882   0.620 Y  0.450      SignalP-TM
fig|2005473.99.peg.435     0.431  22  0.620  22  0.943   1  0.900   0.751 Y  0.570      SignalP-noTM
fig|2005473.99.peg.444     0.154  23  0.316  23  0.754  12  0.673   0.455 Y  0.450      SignalP-TM
fig|2005473.99.peg.444     0.310  23  0.508  23  0.935  17  0.869   0.678 Y  0.570      SignalP-noTM
fig|2005473.99.peg.455     0.299  32  0.439  25  0.767  18  0.621   0.510 Y  0.450      SignalP-TM
fig|2005473.99.peg.459     0.158  24  0.348  24  0.884  12  0.766   0.511 Y  0.450      SignalP-TM
fig|2005473.99.peg.459     0.622  22  0.712  22  0.921  20  0.831   0.768 Y  0.570      SignalP-noTM
fig|2005473.99.peg.463     0.532  23  0.577  23  0.825   2  0.693   0.622 Y  0.450      SignalP-TM
fig|2005473.99.peg.463     0.644  21  0.755  21  0.936   1  0.896   0.821 Y  0.570      SignalP-noTM
fig|2005473.99.peg.48      0.488  22  0.638  22  0.915  18  0.819   0.709 Y  0.450      SignalP-TM
fig|2005473.99.peg.48      0.790  22  0.868  22  0.982  18  0.941   0.902 Y  0.570      SignalP-noTM
fig|2005473.99.peg.494     0.496  26  0.597  26  0.842   5  0.742   0.666 Y  0.570      SignalP-noTM
fig|2005473.99.peg.494     0.650  26  0.735  26  0.897  18  0.820   0.768 Y  0.450      SignalP-TM
fig|2005473.99.peg.498     0.292  27  0.454  27  0.908  18  0.770   0.577 Y  0.450      SignalP-TM
fig|2005473.99.peg.498     0.519  22  0.653  22  0.927  18  0.843   0.743 Y  0.570      SignalP-noTM
fig|2005473.99.peg.502     0.303  21  0.498  20  0.935   7  0.865   0.641 Y  0.450      SignalP-TM
fig|2005473.99.peg.502     0.329  20  0.565  20  0.985  12  0.963   0.752 Y  0.570      SignalP-noTM
fig|2005473.99.peg.503     0.247  27  0.454  27  0.974   6  0.894   0.625 Y  0.450      SignalP-TM
fig|2005473.99.peg.503     0.324  22  0.554  22  0.972   9  0.946   0.738 Y  0.570      SignalP-noTM
fig|2005473.99.peg.509     0.279  29  0.389  29  0.818  16  0.591   0.468 Y  0.450      SignalP-TM
fig|2005473.99.peg.521     0.415  34  0.614  34  0.978  20  0.831   0.716 Y  0.570      SignalP-noTM
fig|2005473.99.peg.521     0.605  34  0.727  34  0.962  18  0.820   0.763 Y  0.450      SignalP-TM
fig|2005473.99.peg.527     0.190  19  0.426  19  0.987  10  0.956   0.675 Y  0.570      SignalP-noTM
fig|2005473.99.peg.527     0.206  36  0.406  22  0.912  13  0.858   0.582 Y  0.450      SignalP-TM
fig|2005473.99.peg.529     0.138  23  0.341  20  0.921  17  0.882   0.595 Y  0.570      SignalP-noTM
fig|2005473.99.peg.529     0.207  25  0.362  25  0.898   3  0.732   0.507 Y  0.450      SignalP-TM
fig|2005473.99.peg.535     0.403  21  0.594  21  0.906  12  0.874   0.725 Y  0.570      SignalP-noTM
fig|2005473.99.peg.535     0.630  24  0.703  24  0.861  17  0.787   0.735 Y  0.450      SignalP-TM
fig|2005473.99.peg.548     0.712  27  0.797  27  0.952   9  0.896   0.836 Y  0.450      SignalP-TM
fig|2005473.99.peg.548     0.875  27  0.866  27  0.946  14  0.890   0.878 Y  0.570      SignalP-noTM
fig|2005473.99.peg.549     0.313  30  0.431  29  0.932   4  0.743   0.553 Y  0.450      SignalP-TM
fig|2005473.99.peg.55      0.262  23  0.410  23  0.821  13  0.678   0.514 Y  0.450      SignalP-TM
fig|2005473.99.peg.55      0.299  23  0.522  23  0.974   9  0.919   0.709 Y  0.570      SignalP-noTM
fig|2005473.99.peg.559     0.395  24  0.579  24  0.904  12  0.842   0.681 Y  0.450      SignalP-TM
fig|2005473.99.peg.559     0.459  24  0.607  24  0.911   4  0.843   0.718 Y  0.570      SignalP-noTM
fig|2005473.99.peg.56      0.366  24  0.511  24  0.919  10  0.787   0.641 Y  0.570      SignalP-noTM
fig|2005473.99.peg.56      0.394  24  0.545  24  0.879   8  0.782   0.637 Y  0.450      SignalP-TM
fig|2005473.99.peg.561     0.236  28  0.371  22  0.874  16  0.800   0.538 Y  0.450      SignalP-TM
fig|2005473.99.peg.561     0.432  22  0.620  22  0.943   1  0.902   0.753 Y  0.570      SignalP-noTM
fig|2005473.99.peg.562     0.199  21  0.396  21  0.905   4  0.816   0.560 Y  0.450      SignalP-TM
fig|2005473.99.peg.562     0.263  21  0.477  21  0.932  19  0.879   0.666 Y  0.570      SignalP-noTM
fig|2005473.99.peg.567     0.136  29  0.286  22  0.819  16  0.721   0.456 Y  0.450      SignalP-TM
fig|2005473.99.peg.567     0.205  22  0.427  22  0.951   5  0.910   0.654 Y  0.570      SignalP-noTM
fig|2005473.99.peg.581     0.169  25  0.362  25  0.912   7  0.809   0.536 Y  0.450      SignalP-TM
fig|2005473.99.peg.581     0.202  23  0.428  23  0.961   9  0.927   0.663 Y  0.570      SignalP-noTM
fig|2005473.99.peg.582     0.144  28  0.301  18  0.746   1  0.683   0.450 Y  0.450      SignalP-TM
fig|2005473.99.peg.582     0.161  18  0.360  18  0.866  14  0.814   0.574 Y  0.570      SignalP-noTM
fig|2005473.99.peg.585     0.293  26  0.464  26  0.935  18  0.788   0.616 Y  0.570      SignalP-noTM
fig|2005473.99.peg.585     0.418  26  0.555  26  0.816  15  0.724   0.621 Y  0.450      SignalP-TM
fig|2005473.99.peg.587     0.195  20  0.410  20  0.908  18  0.870   0.589 Y  0.450      SignalP-TM
fig|2005473.99.peg.587     0.601  23  0.742  23  0.968  18  0.927   0.829 Y  0.570      SignalP-noTM
fig|2005473.99.peg.588     0.542  29  0.638  29  0.922  17  0.770   0.689 Y  0.450      SignalP-TM
fig|2005473.99.peg.590     0.279  22  0.404  22  0.697  19  0.600   0.480 Y  0.450      SignalP-TM
fig|2005473.99.peg.590     0.599  22  0.660  22  0.878   2  0.777   0.715 Y  0.570      SignalP-noTM
fig|2005473.99.peg.591     0.348  21  0.504  21  0.903   5  0.780   0.611 Y  0.450      SignalP-TM
fig|2005473.99.peg.591     0.408  21  0.609  21  0.947   8  0.915   0.753 Y  0.570      SignalP-noTM
fig|2005473.99.peg.594     0.418  34  0.557  34  0.950  17  0.810   0.656 Y  0.450      SignalP-TM
fig|2005473.99.peg.594     0.588  34  0.607  34  0.925  17  0.696   0.640 Y  0.510      SignalP-TM
fig|2005473.99.peg.595     0.150  36  0.338  24  0.945  10  0.884   0.551 Y  0.450      SignalP-TM
fig|2005473.99.peg.595     0.463  24  0.650  24  0.977  17  0.933   0.783 Y  0.570      SignalP-noTM
fig|2005473.99.peg.600     0.185  41  0.345  21  0.833   9  0.754   0.504 Y  0.450      SignalP-TM
fig|2005473.99.peg.600     0.610  21  0.591  21  0.716  19  0.584   0.588 Y  0.510      SignalP-TM
fig|2005473.99.peg.602     0.552  40  0.642  40  0.941  12  0.811   0.708 Y  0.450      SignalP-TM
fig|2005473.99.peg.602     0.770  40  0.720  40  0.954  17  0.742   0.730 Y  0.570      SignalP-noTM
fig|2005473.99.peg.623     0.361  25  0.531  25  0.859  21  0.758   0.620 Y  0.450      SignalP-TM
fig|2005473.99.peg.623     0.583  28  0.607  28  0.764  19  0.539   0.582 Y  0.510      SignalP-TM
fig|2005473.99.peg.643     0.223  30  0.368  30  0.902  12  0.708   0.501 Y  0.450      SignalP-TM
fig|2005473.99.peg.643     0.640  30  0.720  30  0.900  27  0.776   0.747 Y  0.570      SignalP-noTM
fig|2005473.99.peg.65      0.221  21  0.423  21  0.914   4  0.843   0.620 Y  0.570      SignalP-noTM
fig|2005473.99.peg.651     0.213  26  0.275  12  0.868   3  0.736   0.455 Y  0.450      SignalP-TM
fig|2005473.99.peg.654     0.240  27  0.403  23  0.941  10  0.823   0.600 Y  0.570      SignalP-noTM
fig|2005473.99.peg.654     0.315  27  0.414  27  0.657  22  0.550   0.467 Y  0.450      SignalP-TM
fig|2005473.99.peg.655     0.309  23  0.530  23  0.979  18  0.929   0.718 Y  0.570      SignalP-noTM
fig|2005473.99.peg.655     0.419  33  0.503  23  0.917  19  0.878   0.649 Y  0.450      SignalP-TM
fig|2005473.99.peg.656     0.151  30  0.346  22  0.870   8  0.805   0.525 Y  0.450      SignalP-TM
fig|2005473.99.peg.656     0.413  22  0.605  22  0.944  10  0.892   0.740 Y  0.570      SignalP-noTM
fig|2005473.99.peg.657     0.176  31  0.359  22  0.888  13  0.785   0.525 Y  0.450      SignalP-TM
fig|2005473.99.peg.657     0.274  26  0.501  26  0.978  13  0.939   0.707 Y  0.570      SignalP-noTM
fig|2005473.99.peg.658     0.171  38  0.327  25  0.767   5  0.685   0.467 Y  0.450      SignalP-TM
fig|2005473.99.peg.658     0.314  25  0.475  25  0.909  21  0.741   0.600 Y  0.570      SignalP-noTM
fig|2005473.99.peg.659     0.236  21  0.395  21  0.768  19  0.667   0.501 Y  0.450      SignalP-TM
fig|2005473.99.peg.669     0.216  14  0.418  14  0.863   5  0.810   0.602 Y  0.570      SignalP-noTM
fig|2005473.99.peg.67      0.370  20  0.588  20  0.958   6  0.936   0.752 Y  0.570      SignalP-noTM
fig|2005473.99.peg.673     0.328  21  0.566  21  0.989  16  0.966   0.754 Y  0.570      SignalP-noTM
fig|2005473.99.peg.673     0.641  35  0.623  35  0.976  19  0.805   0.694 Y  0.450      SignalP-TM
fig|2005473.99.peg.680     0.228  32  0.461  26  0.990  17  0.922   0.677 Y  0.570      SignalP-noTM
fig|2005473.99.peg.680     0.262  32  0.451  32  0.948  17  0.825   0.597 Y  0.450      SignalP-TM
fig|2005473.99.peg.697     0.255  24  0.481  24  0.944  19  0.902   0.645 Y  0.450      SignalP-TM
fig|2005473.99.peg.697     0.579  21  0.749  21  0.975  10  0.964   0.850 Y  0.570      SignalP-noTM
fig|2005473.99.peg.698     0.509  21  0.656  21  0.919   3  0.867   0.738 Y  0.450      SignalP-TM
fig|2005473.99.peg.698     0.528  21  0.709  21  0.981  11  0.949   0.822 Y  0.570      SignalP-noTM
fig|2005473.99.peg.710     0.410  25  0.506  25  0.876   9  0.726   0.592 Y  0.450      SignalP-TM
fig|2005473.99.peg.713     0.454  25  0.559  25  0.841  23  0.635   0.589 Y  0.450      SignalP-TM
fig|2005473.99.peg.713     0.684  25  0.740  25  0.866  16  0.779   0.758 Y  0.570      SignalP-noTM
fig|2005473.99.peg.717     0.202  30  0.351  24  0.872  15  0.771   0.515 Y  0.450      SignalP-TM
fig|2005473.99.peg.717     0.314  24  0.487  24  0.919   4  0.822   0.644 Y  0.570      SignalP-noTM
fig|2005473.99.peg.719     0.325  26  0.476  26  0.882  18  0.733   0.576 Y  0.450      SignalP-TM
fig|2005473.99.peg.737     0.498  27  0.545  27  0.859   4  0.652   0.587 Y  0.450      SignalP-TM
fig|2005473.99.peg.738     0.229  27  0.453  27  0.983  13  0.931   0.678 Y  0.570      SignalP-noTM
fig|2005473.99.peg.740     0.535  25  0.634  25  0.902  10  0.788   0.694 Y  0.450      SignalP-TM
fig|2005473.99.peg.740     0.873  25  0.874  25  0.970  11  0.909   0.890 Y  0.570      SignalP-noTM
fig|2005473.99.peg.747     0.209  28  0.361  28  0.877   6  0.715   0.499 Y  0.450      SignalP-TM
fig|2005473.99.peg.747     0.211  30  0.376  21  0.927   2  0.867   0.607 Y  0.570      SignalP-noTM
fig|2005473.99.peg.749     0.264  26  0.415  19  0.921   7  0.809   0.568 Y  0.450      SignalP-TM
fig|2005473.99.peg.749     0.591  24  0.693  24  0.961  15  0.865   0.774 Y  0.570      SignalP-noTM
fig|2005473.99.peg.75      0.217  32  0.331  22  0.904  13  0.837   0.529 Y  0.450      SignalP-TM
fig|2005473.99.peg.75      0.256  22  0.478  22  0.949   1  0.907   0.680 Y  0.570      SignalP-noTM
fig|2005473.99.peg.754     0.465  28  0.452  28  0.757   1  0.546   0.489 Y  0.450      SignalP-TM
fig|2005473.99.peg.754     0.658  28  0.553  28  0.821   1  0.593   0.572 Y  0.570      SignalP-noTM
fig|2005473.99.peg.76      0.222  29  0.394  21  0.870  20  0.743   0.530 Y  0.450      SignalP-TM
fig|2005473.99.peg.76      0.748  23  0.802  23  0.911  18  0.845   0.823 Y  0.570      SignalP-noTM
fig|2005473.99.peg.762     0.580  24  0.571  24  0.683   7  0.593   0.579 Y  0.510      SignalP-TM
fig|2005473.99.peg.762     0.695  24  0.712  24  0.845   6  0.755   0.729 Y  0.450      SignalP-TM
fig|2005473.99.peg.776     0.411  24  0.556  24  0.876   8  0.784   0.645 Y  0.450      SignalP-TM
fig|2005473.99.peg.776     0.760  24  0.849  24  0.958  20  0.938   0.891 Y  0.570      SignalP-noTM
fig|2005473.99.peg.778     0.312  25  0.495  25  0.856  12  0.779   0.606 Y  0.450      SignalP-TM
fig|2005473.99.peg.778     0.785  25  0.826  25  0.953  17  0.879   0.851 Y  0.570      SignalP-noTM
fig|2005473.99.peg.782     0.138  33  0.343  23  0.938  16  0.861   0.545 Y  0.450      SignalP-TM
fig|2005473.99.peg.782     0.514  20  0.697  20  0.966  18  0.932   0.807 Y  0.570      SignalP-noTM
fig|2005473.99.peg.79      0.243  28  0.425  25  0.844  12  0.719   0.540 Y  0.450      SignalP-TM
fig|2005473.99.peg.79      0.398  25  0.578  25  0.961   9  0.883   0.722 Y  0.570      SignalP-noTM
fig|2005473.99.peg.797     0.378  32  0.445  32  0.724   1  0.605   0.507 Y  0.450      SignalP-TM
fig|2005473.99.peg.80      0.272  32  0.405  32  0.723   4  0.630   0.493 Y  0.450      SignalP-TM
fig|2005473.99.peg.81      0.375  24  0.523  24  0.926   9  0.798   0.630 Y  0.450      SignalP-TM
fig|2005473.99.peg.81      0.507  24  0.628  24  0.943   9  0.851   0.733 Y  0.570      SignalP-noTM
fig|2005473.99.peg.814     0.214  22  0.405  22  0.915   1  0.805   0.593 Y  0.570      SignalP-noTM
fig|2005473.99.peg.814     0.267  30  0.385  30  0.833   1  0.668   0.496 Y  0.450      SignalP-TM
fig|2005473.99.peg.824     0.369  22  0.556  22  0.893  18  0.843   0.668 Y  0.450      SignalP-TM
fig|2005473.99.peg.824     0.621  22  0.752  22  0.950  11  0.917   0.830 Y  0.570      SignalP-noTM
fig|2005473.99.peg.825     0.216  19  0.387  19  0.809  15  0.703   0.510 Y  0.450      SignalP-TM
fig|2005473.99.peg.825     0.565  19  0.704  19  0.937  11  0.876   0.785 Y  0.570      SignalP-noTM
fig|2005473.99.peg.827     0.238  27  0.431  24  0.884  20  0.810   0.579 Y  0.450      SignalP-TM
fig|2005473.99.peg.827     0.468  22  0.639  22  0.951  13  0.895   0.759 Y  0.570      SignalP-noTM
fig|2005473.99.peg.829     0.233  24  0.372  24  0.909  11  0.708   0.503 Y  0.450      SignalP-TM
fig|2005473.99.peg.829     0.452  18  0.656  18  0.976  14  0.938   0.788 Y  0.570      SignalP-noTM
fig|2005473.99.peg.830     0.356  21  0.540  21  0.913   7  0.837   0.656 Y  0.450      SignalP-TM
fig|2005473.99.peg.830     0.637  21  0.764  21  0.963  10  0.920   0.837 Y  0.570      SignalP-noTM
fig|2005473.99.peg.831     0.422  21  0.545  21  0.887   1  0.728   0.631 Y  0.570      SignalP-noTM
fig|2005473.99.peg.845     0.280  22  0.508  22  0.952  13  0.898   0.660 Y  0.450      SignalP-TM
fig|2005473.99.peg.845     0.457  22  0.642  22  0.955   1  0.889   0.758 Y  0.570      SignalP-noTM
fig|2005473.99.peg.848     0.317  20  0.521  20  0.935   8  0.860   0.680 Y  0.570      SignalP-noTM
fig|2005473.99.peg.858     0.322  26  0.466  26  0.902  19  0.731   0.569 Y  0.450      SignalP-TM
fig|2005473.99.peg.858     0.677  21  0.792  21  0.949  17  0.923   0.854 Y  0.570      SignalP-noTM
fig|2005473.99.peg.866     0.338  20  0.507  20  0.894   3  0.788   0.617 Y  0.450      SignalP-TM
fig|2005473.99.peg.866     0.825  20  0.887  20  0.968  10  0.941   0.912 Y  0.570      SignalP-noTM
fig|2005473.99.peg.873     0.336  27  0.531  27  0.920  11  0.816   0.642 Y  0.450      SignalP-TM
fig|2005473.99.peg.873     0.818  27  0.870  27  0.947  15  0.920   0.893 Y  0.570      SignalP-noTM
fig|2005473.99.peg.882     0.353  25  0.577  25  0.980   8  0.952   0.723 Y  0.450      SignalP-TM
fig|2005473.99.peg.882     0.627  25  0.754  25  0.985  10  0.934   0.838 Y  0.570      SignalP-noTM
fig|2005473.99.peg.883     0.194  19  0.433  19  0.978   9  0.961   0.681 Y  0.570      SignalP-noTM
fig|2005473.99.peg.883     0.450  31  0.611  29  0.958  14  0.894   0.721 Y  0.450      SignalP-TM
fig|2005473.99.peg.884     0.164  26  0.300  22  0.903   2  0.695   0.454 Y  0.450      SignalP-TM
fig|2005473.99.peg.884     0.667  20  0.775  20  0.938  18  0.897   0.832 Y  0.570      SignalP-noTM
fig|2005473.99.peg.89      0.245  25  0.436  19  0.939  18  0.862   0.602 Y  0.450      SignalP-TM
fig|2005473.99.peg.89      0.704  19  0.814  19  0.962  17  0.926   0.866 Y  0.570      SignalP-noTM
fig|2005473.99.peg.946     0.176  25  0.359  25  0.928  10  0.806   0.524 Y  0.510      SignalP-TM
fig|2005473.99.peg.946     0.198  32  0.299  25  0.914  12  0.727   0.466 Y  0.450      SignalP-TM
fig|2005473.99.peg.949     0.461  21  0.548  21  0.848   4  0.700   0.607 Y  0.450      SignalP-TM
fig|2005473.99.peg.949     0.868  21  0.830  21  0.886   1  0.807   0.819 Y  0.570      SignalP-noTM
fig|2005473.99.peg.952     0.460  29  0.451  29  0.733   2  0.528   0.481 Y  0.450      SignalP-TM
fig|2005473.99.peg.956     0.253  36  0.433  36  0.830  22  0.722   0.546 Y  0.450      SignalP-TM
fig|2005473.99.peg.956     0.737  36  0.810  36  0.983  19  0.896   0.850 Y  0.570      SignalP-noTM
