fig|2005473.98.peg.1002    0.389  29  0.471  29  0.800  12  0.637   0.536 Y  0.450      SignalP-TM
fig|2005473.98.peg.1004    0.201  22  0.407  22  0.905  17  0.812   0.565 Y  0.450      SignalP-TM
fig|2005473.98.peg.1004    0.418  22  0.605  22  0.922  14  0.870   0.730 Y  0.570      SignalP-noTM
fig|2005473.98.peg.1006    0.213  21  0.356  21  0.771   4  0.631   0.463 Y  0.450      SignalP-TM
fig|2005473.98.peg.1006    0.532  21  0.612  21  0.834   2  0.732   0.657 Y  0.510      SignalP-TM
fig|2005473.98.peg.1039    0.458  23  0.583  23  0.852   6  0.770   0.656 Y  0.450      SignalP-TM
fig|2005473.98.peg.1039    0.609  23  0.711  23  0.925   2  0.862   0.782 Y  0.570      SignalP-noTM
fig|2005473.98.peg.1054    0.201  25  0.375  25  0.866   9  0.746   0.520 Y  0.450      SignalP-TM
fig|2005473.98.peg.1061    0.319  21  0.484  21  0.921   1  0.750   0.609 Y  0.570      SignalP-noTM
fig|2005473.98.peg.1062    0.268  39  0.412  22  0.921   8  0.873   0.592 Y  0.450      SignalP-TM
fig|2005473.98.peg.1062    0.478  22  0.676  22  0.981  18  0.947   0.803 Y  0.570      SignalP-noTM
fig|2005473.98.peg.1070    0.763  22  0.741  22  0.838  18  0.716   0.732 Y  0.450      SignalP-TM
fig|2005473.98.peg.1070    0.765  22  0.792  22  0.870  15  0.813   0.802 Y  0.570      SignalP-noTM
fig|2005473.98.peg.1074    0.449  25  0.522  25  0.790  19  0.511   0.518 Y  0.450      SignalP-TM
fig|2005473.98.peg.1076    0.210  29  0.413  29  0.924  21  0.827   0.574 Y  0.450      SignalP-TM
fig|2005473.98.peg.1076    0.323  29  0.523  29  0.951   9  0.882   0.692 Y  0.570      SignalP-noTM
fig|2005473.98.peg.1078    0.370  27  0.531  27  0.946  17  0.843   0.678 Y  0.570      SignalP-noTM
fig|2005473.98.peg.1078    0.390  27  0.555  27  0.920  12  0.802   0.651 Y  0.450      SignalP-TM
fig|2005473.98.peg.1080    0.255  21  0.482  21  0.949   4  0.916   0.651 Y  0.450      SignalP-TM
fig|2005473.98.peg.1080    0.793  21  0.877  21  0.981  13  0.964   0.918 Y  0.570      SignalP-noTM
fig|2005473.98.peg.1110    0.309  38  0.345  36  0.885  16  0.620   0.452 Y  0.450      SignalP-TM
fig|2005473.98.peg.1115    0.250  21  0.486  21  0.980  15  0.939   0.699 Y  0.570      SignalP-noTM
fig|2005473.98.peg.1115    0.343  30  0.489  30  0.937  15  0.771   0.599 Y  0.450      SignalP-TM
fig|2005473.98.peg.1120    0.522  25  0.554  25  0.874  13  0.693   0.619 Y  0.570      SignalP-noTM
fig|2005473.98.peg.1120    0.731  25  0.758  25  0.882  15  0.786   0.769 Y  0.450      SignalP-TM
fig|2005473.98.peg.1124    0.298  23  0.499  23  0.878  19  0.812   0.621 Y  0.450      SignalP-TM
fig|2005473.98.peg.1124    0.453  23  0.649  23  0.984  11  0.925   0.779 Y  0.570      SignalP-noTM
fig|2005473.98.peg.1125    0.350  23  0.534  23  0.895   6  0.842   0.654 Y  0.450      SignalP-TM
fig|2005473.98.peg.1125    0.553  23  0.706  23  0.954  10  0.919   0.806 Y  0.570      SignalP-noTM
fig|2005473.98.peg.1126    0.204  33  0.350  21  0.903  12  0.824   0.535 Y  0.450      SignalP-TM
fig|2005473.98.peg.1126    0.312  24  0.545  24  0.983  12  0.943   0.732 Y  0.570      SignalP-noTM
fig|2005473.98.peg.1127    0.170  30  0.343  26  0.877  16  0.760   0.506 Y  0.450      SignalP-TM
fig|2005473.98.peg.1127    0.185  23  0.393  23  0.948  10  0.869   0.617 Y  0.570      SignalP-noTM
fig|2005473.98.peg.1128    0.284  22  0.472  22  0.894   1  0.817   0.634 Y  0.570      SignalP-noTM
fig|2005473.98.peg.1133    0.553  25  0.507  25  0.555  13  0.439   0.480 Y  0.450      SignalP-TM
fig|2005473.98.peg.1133    0.762  25  0.640  25  0.787  15  0.569   0.607 Y  0.570      SignalP-noTM
fig|2005473.98.peg.1136    0.318  51  0.410  25  0.949   7  0.765   0.548 Y  0.450      SignalP-TM
fig|2005473.98.peg.1140    0.296  31  0.404  31  0.934  18  0.740   0.535 Y  0.450      SignalP-TM
fig|2005473.98.peg.1140    0.409  21  0.568  21  0.873   1  0.807   0.680 Y  0.570      SignalP-noTM
fig|2005473.98.peg.116     0.465  23  0.599  23  0.906  15  0.775   0.682 Y  0.570      SignalP-noTM
fig|2005473.98.peg.116     0.500  23  0.530  23  0.738   9  0.601   0.558 Y  0.450      SignalP-TM
fig|2005473.98.peg.1186    0.209  26  0.415  26  0.897   7  0.846   0.583 Y  0.450      SignalP-TM
fig|2005473.98.peg.1186    0.238  29  0.450  26  0.952   9  0.909   0.666 Y  0.570      SignalP-noTM
fig|2005473.98.peg.1188    0.319  24  0.512  24  0.933  19  0.815   0.630 Y  0.450      SignalP-TM
fig|2005473.98.peg.1188    0.777  22  0.843  22  0.946  21  0.915   0.877 Y  0.570      SignalP-noTM
fig|2005473.98.peg.1198    0.222  34  0.420  22  0.943  17  0.914   0.613 Y  0.450      SignalP-TM
fig|2005473.98.peg.1198    0.447  22  0.654  22  0.977  12  0.949   0.792 Y  0.570      SignalP-noTM
fig|2005473.98.peg.121     0.391  29  0.475  29  0.773  16  0.549   0.504 Y  0.450      SignalP-TM
fig|2005473.98.peg.121     0.577  29  0.652  29  0.898  25  0.710   0.679 Y  0.570      SignalP-noTM
fig|2005473.98.peg.1216    0.204  22  0.415  22  0.924  11  0.846   0.618 Y  0.570      SignalP-noTM
fig|2005473.98.peg.1216    0.290  58  0.368  22  0.789  14  0.690   0.494 Y  0.450      SignalP-TM
fig|2005473.98.peg.122     0.632  25  0.768  25  0.955  17  0.892   0.817 Y  0.450      SignalP-TM
fig|2005473.98.peg.122     0.873  25  0.905  25  0.984  21  0.930   0.917 Y  0.570      SignalP-noTM
fig|2005473.98.peg.1220    0.582  20  0.603  20  0.814  18  0.628   0.613 Y  0.450      SignalP-TM
fig|2005473.98.peg.1225    0.254  23  0.450  23  0.893   9  0.822   0.595 Y  0.450      SignalP-TM
fig|2005473.98.peg.1225    0.536  24  0.720  24  0.993  11  0.965   0.835 Y  0.570      SignalP-noTM
fig|2005473.98.peg.1226    0.211  26  0.434  26  0.953  20  0.908   0.656 Y  0.570      SignalP-noTM
fig|2005473.98.peg.1226    0.241  28  0.417  28  0.899   9  0.793   0.563 Y  0.450      SignalP-TM
fig|2005473.98.peg.1234    0.789  23  0.831  23  0.965  19  0.901   0.864 Y  0.570      SignalP-noTM
fig|2005473.98.peg.1238    0.288  29  0.457  21  0.873  18  0.701   0.552 Y  0.450      SignalP-TM
fig|2005473.98.peg.1239    0.610  24  0.714  24  0.914   8  0.860   0.771 Y  0.450      SignalP-TM
fig|2005473.98.peg.1239    0.647  24  0.745  24  0.963  20  0.889   0.813 Y  0.570      SignalP-noTM
fig|2005473.98.peg.1241    0.134  38  0.312  20  0.864   7  0.786   0.497 Y  0.450      SignalP-TM
fig|2005473.98.peg.1241    0.421  22  0.629  22  0.964  16  0.935   0.773 Y  0.570      SignalP-noTM
fig|2005473.98.peg.1243    0.357  35  0.532  35  0.882  24  0.659   0.582 Y  0.450      SignalP-TM
fig|2005473.98.peg.1243    0.531  35  0.648  35  0.985  21  0.794   0.717 Y  0.570      SignalP-noTM
fig|2005473.98.peg.127     0.550  23  0.593  23  0.826  19  0.669   0.623 Y  0.450      SignalP-TM
fig|2005473.98.peg.127     0.836  23  0.818  23  0.924  20  0.812   0.815 Y  0.570      SignalP-noTM
fig|2005473.98.peg.1270    0.589  21  0.625  21  0.819   5  0.704   0.656 Y  0.450      SignalP-TM
fig|2005473.98.peg.1270    0.744  21  0.745  21  0.855   6  0.775   0.759 Y  0.570      SignalP-noTM
fig|2005473.98.peg.1271    0.274  29  0.418  29  0.928  12  0.768   0.554 Y  0.450      SignalP-TM
fig|2005473.98.peg.1271    0.335  29  0.502  16  0.934  13  0.907   0.693 Y  0.570      SignalP-noTM
fig|2005473.98.peg.1280    0.311  20  0.533  20  0.956  11  0.909   0.710 Y  0.570      SignalP-noTM
fig|2005473.98.peg.1280    0.410  22  0.602  22  0.948  18  0.876   0.709 Y  0.450      SignalP-TM
fig|2005473.98.peg.1284    0.202  27  0.343  27  0.781   1  0.650   0.463 Y  0.450      SignalP-TM
fig|2005473.98.peg.1284    0.243  23  0.451  23  0.908  19  0.842   0.635 Y  0.570      SignalP-noTM
fig|2005473.98.peg.1301    0.140  27  0.300  18  0.879  13  0.804   0.497 Y  0.450      SignalP-TM
fig|2005473.98.peg.1303    0.137  24  0.288  19  0.802   3  0.710   0.452 Y  0.450      SignalP-TM
fig|2005473.98.peg.1303    0.239  19  0.444  19  0.909   1  0.840   0.630 Y  0.570      SignalP-noTM
fig|2005473.98.peg.131     0.722  25  0.767  25  0.939  16  0.853   0.808 Y  0.570      SignalP-noTM
fig|2005473.98.peg.131     0.802  25  0.825  25  0.911  19  0.835   0.829 Y  0.450      SignalP-TM
fig|2005473.98.peg.1316    0.722  21  0.745  21  0.929  18  0.693   0.725 Y  0.450      SignalP-TM
fig|2005473.98.peg.1316    0.750  21  0.824  21  0.956  18  0.892   0.856 Y  0.570      SignalP-noTM
fig|2005473.98.peg.1317    0.190  23  0.372  23  0.919   1  0.804   0.575 Y  0.570      SignalP-noTM
fig|2005473.98.peg.1317    0.439  31  0.513  31  0.914   4  0.754   0.607 Y  0.450      SignalP-TM
fig|2005473.98.peg.1325    0.274  28  0.385  20  0.939  10  0.860   0.609 Y  0.570      SignalP-noTM
fig|2005473.98.peg.1325    0.282  28  0.394  28  0.912   3  0.731   0.525 Y  0.450      SignalP-TM
fig|2005473.98.peg.1330    0.241  24  0.388  24  0.798   1  0.669   0.497 Y  0.450      SignalP-TM
fig|2005473.98.peg.1330    0.337  22  0.502  22  0.890   1  0.793   0.639 Y  0.570      SignalP-noTM
fig|2005473.98.peg.1331    0.518  38  0.502  38  0.973  14  0.775   0.608 Y  0.450      SignalP-TM
fig|2005473.98.peg.1331    0.601  31  0.733  31  0.988  15  0.911   0.817 Y  0.570      SignalP-noTM
fig|2005473.98.peg.134     0.124  22  0.317  20  0.878  12  0.821   0.514 Y  0.450      SignalP-TM
fig|2005473.98.peg.134     0.617  20  0.733  20  0.918  11  0.868   0.797 Y  0.570      SignalP-noTM
fig|2005473.98.peg.1355    0.284  32  0.357  32  0.931  13  0.671   0.479 Y  0.450      SignalP-TM
fig|2005473.98.peg.1358    0.264  25  0.450  25  0.931  18  0.777   0.577 Y  0.450      SignalP-TM
fig|2005473.98.peg.1358    0.553  23  0.671  23  0.945  18  0.843   0.752 Y  0.570      SignalP-noTM
fig|2005473.98.peg.1359    0.460  24  0.471  24  0.886   5  0.617   0.528 Y  0.450      SignalP-TM
fig|2005473.98.peg.1359    0.687  24  0.774  24  0.943   4  0.891   0.829 Y  0.570      SignalP-noTM
fig|2005473.98.peg.136     0.262  33  0.313  22  0.844   4  0.734   0.477 Y  0.450      SignalP-TM
fig|2005473.98.peg.1368    0.306  22  0.496  22  0.880   6  0.811   0.619 Y  0.450      SignalP-TM
fig|2005473.98.peg.1368    0.340  22  0.515  22  0.897  17  0.795   0.646 Y  0.570      SignalP-noTM
fig|2005473.98.peg.137     0.203  39  0.373  31  0.885  17  0.731   0.513 Y  0.450      SignalP-TM
fig|2005473.98.peg.137     0.228  31  0.410  31  0.947  20  0.840   0.612 Y  0.570      SignalP-noTM
fig|2005473.98.peg.138     0.178  31  0.359  31  0.882  27  0.644   0.471 Y  0.450      SignalP-TM
fig|2005473.98.peg.138     0.355  31  0.500  31  0.902  18  0.740   0.613 Y  0.570      SignalP-noTM
fig|2005473.98.peg.1395    0.195  29  0.375  29  0.862  12  0.713   0.507 Y  0.450      SignalP-TM
fig|2005473.98.peg.1395    0.305  29  0.510  29  0.982  16  0.900   0.693 Y  0.570      SignalP-noTM
fig|2005473.98.peg.1397    0.306  29  0.384  29  0.837   2  0.628   0.479 Y  0.450      SignalP-TM
fig|2005473.98.peg.1398    0.168  25  0.350  20  0.928   4  0.878   0.598 Y  0.570      SignalP-noTM
fig|2005473.98.peg.1398    0.372  25  0.542  25  0.914   8  0.826   0.653 Y  0.450      SignalP-TM
fig|2005473.98.peg.140     0.225  19  0.421  19  0.899   1  0.808   0.572 Y  0.450      SignalP-TM
fig|2005473.98.peg.140     0.665  19  0.749  19  0.921  16  0.842   0.793 Y  0.570      SignalP-noTM
fig|2005473.98.peg.1406    0.340  33  0.417  33  0.841  17  0.660   0.512 Y  0.450      SignalP-TM
fig|2005473.98.peg.141     0.192  19  0.391  19  0.895  11  0.794   0.581 Y  0.570      SignalP-noTM
fig|2005473.98.peg.1414    0.300  34  0.408  34  0.935  11  0.749   0.541 Y  0.450      SignalP-TM
fig|2005473.98.peg.1414    0.471  22  0.666  22  0.981   7  0.948   0.799 Y  0.570      SignalP-noTM
fig|2005473.98.peg.1436    0.209  21  0.369  21  0.713  12  0.662   0.483 Y  0.450      SignalP-TM
fig|2005473.98.peg.1436    0.267  21  0.479  21  0.955  19  0.862   0.659 Y  0.570      SignalP-noTM
fig|2005473.98.peg.1438    0.427  26  0.599  26  0.963  16  0.853   0.698 Y  0.450      SignalP-TM
fig|2005473.98.peg.1438    0.550  19  0.707  19  0.960  17  0.892   0.794 Y  0.570      SignalP-noTM
fig|2005473.98.peg.1439    0.230  32  0.394  21  0.901  15  0.809   0.556 Y  0.450      SignalP-TM
fig|2005473.98.peg.1439    0.281  21  0.502  21  0.943  18  0.902   0.690 Y  0.570      SignalP-noTM
fig|2005473.98.peg.1443    0.185  37  0.409  23  0.969  14  0.910   0.604 Y  0.450      SignalP-TM
fig|2005473.98.peg.1443    0.251  23  0.491  23  0.978  15  0.949   0.707 Y  0.570      SignalP-noTM
fig|2005473.98.peg.1447    0.353  26  0.538  26  0.908  22  0.809   0.644 Y  0.450      SignalP-TM
fig|2005473.98.peg.1447    0.478  25  0.654  25  0.974  21  0.909   0.774 Y  0.570      SignalP-noTM
fig|2005473.98.peg.1448    0.467  23  0.641  23  0.955   6  0.898   0.741 Y  0.450      SignalP-TM
fig|2005473.98.peg.1448    0.774  23  0.822  23  0.941   2  0.894   0.856 Y  0.570      SignalP-noTM
fig|2005473.98.peg.1452    0.279  29  0.459  29  0.939  21  0.843   0.640 Y  0.570      SignalP-noTM
fig|2005473.98.peg.1452    0.432  29  0.556  29  0.832  16  0.678   0.603 Y  0.450      SignalP-TM
fig|2005473.98.peg.1453    0.284  29  0.424  29  0.854  15  0.728   0.543 Y  0.450      SignalP-TM
fig|2005473.98.peg.1454    0.305  30  0.429  22  0.885  13  0.767   0.588 Y  0.570      SignalP-noTM
fig|2005473.98.peg.1454    0.467  30  0.478  30  0.862   3  0.652   0.546 Y  0.450      SignalP-TM
fig|2005473.98.peg.1458    0.247  40  0.286  13  0.889   8  0.826   0.497 Y  0.450      SignalP-TM
fig|2005473.98.peg.1462    0.286  32  0.379  32  0.814  13  0.612   0.470 Y  0.450      SignalP-TM
fig|2005473.98.peg.1464    0.657  23  0.745  23  0.927  10  0.855   0.788 Y  0.450      SignalP-TM
fig|2005473.98.peg.1464    0.878  23  0.931  23  0.993  19  0.973   0.951 Y  0.570      SignalP-noTM
fig|2005473.98.peg.1465    0.340  22  0.559  22  0.964   8  0.927   0.732 Y  0.570      SignalP-noTM
fig|2005473.98.peg.1465    0.528  28  0.628  28  0.918  20  0.802   0.696 Y  0.450      SignalP-TM
fig|2005473.98.peg.1466    0.289  24  0.477  24  0.837  23  0.778   0.594 Y  0.450      SignalP-TM
fig|2005473.98.peg.1466    0.854  24  0.908  24  0.980  17  0.957   0.931 Y  0.570      SignalP-noTM
fig|2005473.98.peg.1475    0.138  26  0.273  11  0.894   2  0.741   0.456 Y  0.450      SignalP-TM
fig|2005473.98.peg.148     0.406  32  0.464  20  0.911   8  0.879   0.626 Y  0.450      SignalP-TM
fig|2005473.98.peg.148     0.578  20  0.717  20  0.941  10  0.900   0.803 Y  0.570      SignalP-noTM
fig|2005473.98.peg.1491    0.486  30  0.649  23  0.945  11  0.850   0.727 Y  0.450      SignalP-TM
fig|2005473.98.peg.1491    0.531  23  0.686  23  0.953   7  0.904   0.788 Y  0.570      SignalP-noTM
fig|2005473.98.peg.1492    0.200  27  0.400  27  0.955  14  0.829   0.568 Y  0.450      SignalP-TM
fig|2005473.98.peg.1492    0.284  23  0.514  23  0.965  15  0.931   0.710 Y  0.570      SignalP-noTM
fig|2005473.98.peg.1498    0.162  19  0.373  19  0.933   1  0.874   0.609 Y  0.570      SignalP-noTM
fig|2005473.98.peg.150     0.158  23  0.350  20  0.901  14  0.874   0.596 Y  0.570      SignalP-noTM
fig|2005473.98.peg.150     0.160  32  0.300  23  0.842  17  0.771   0.484 Y  0.450      SignalP-TM
fig|2005473.98.peg.151     0.174  24  0.363  24  0.890   6  0.798   0.533 Y  0.450      SignalP-TM
fig|2005473.98.peg.151     0.216  24  0.416  24  0.943   3  0.854   0.622 Y  0.570      SignalP-noTM
fig|2005473.98.peg.1519    0.206  21  0.383  21  0.896   6  0.770   0.534 Y  0.450      SignalP-TM
fig|2005473.98.peg.1519    0.687  21  0.785  21  0.938   1  0.904   0.841 Y  0.570      SignalP-noTM
fig|2005473.98.peg.152     0.233  22  0.362  22  0.790   1  0.604   0.456 Y  0.450      SignalP-TM
fig|2005473.98.peg.152     0.815  22  0.858  22  0.967  10  0.914   0.885 Y  0.570      SignalP-noTM
fig|2005473.98.peg.1523    0.274  26  0.377  26  0.784   3  0.598   0.463 Y  0.450      SignalP-TM
fig|2005473.98.peg.1523    0.361  24  0.502  24  0.890  10  0.763   0.625 Y  0.570      SignalP-noTM
fig|2005473.98.peg.1539    0.309  41  0.454  41  0.845  40  0.667   0.537 Y  0.450      SignalP-TM
fig|2005473.98.peg.1559    0.531  35  0.616  35  0.911  23  0.782   0.681 Y  0.450      SignalP-TM
fig|2005473.98.peg.1559    0.604  28  0.688  28  0.849  24  0.642   0.671 Y  0.510      SignalP-TM
fig|2005473.98.peg.1566    0.380  24  0.585  24  0.984   8  0.922   0.743 Y  0.570      SignalP-noTM
fig|2005473.98.peg.1566    0.472  24  0.647  24  0.922  20  0.842   0.723 Y  0.450      SignalP-TM
fig|2005473.98.peg.1567    0.301  23  0.501  23  0.949   1  0.865   0.672 Y  0.570      SignalP-noTM
fig|2005473.98.peg.1568    0.237  29  0.453  29  0.919  10  0.860   0.612 Y  0.450      SignalP-TM
fig|2005473.98.peg.1568    0.336  35  0.489  35  0.990  16  0.875   0.670 Y  0.570      SignalP-noTM
fig|2005473.98.peg.1570    0.233  27  0.443  27  0.937  13  0.862   0.606 Y  0.450      SignalP-TM
fig|2005473.98.peg.1570    0.267  27  0.465  27  0.951  19  0.867   0.654 Y  0.570      SignalP-noTM
fig|2005473.98.peg.1574    0.165  25  0.345  25  0.826   8  0.721   0.491 Y  0.450      SignalP-TM
fig|2005473.98.peg.1574    0.268  25  0.501  25  0.956  18  0.928   0.702 Y  0.570      SignalP-noTM
fig|2005473.98.peg.158     0.296  26  0.506  26  0.931   6  0.874   0.649 Y  0.450      SignalP-TM
fig|2005473.98.peg.158     0.756  24  0.829  24  0.973  17  0.921   0.872 Y  0.570      SignalP-noTM
fig|2005473.98.peg.159     0.379  21  0.523  21  0.893   1  0.773   0.640 Y  0.570      SignalP-noTM
fig|2005473.98.peg.1592    0.300  40  0.403  40  0.789   8  0.624   0.489 Y  0.450      SignalP-TM
fig|2005473.98.peg.1594    0.257  24  0.463  24  0.919  16  0.810   0.598 Y  0.450      SignalP-TM
fig|2005473.98.peg.1594    0.304  24  0.501  24  0.904   8  0.857   0.668 Y  0.570      SignalP-noTM
fig|2005473.98.peg.1599    0.543  28  0.663  28  0.953  13  0.848   0.735 Y  0.450      SignalP-TM
fig|2005473.98.peg.1599    0.671  28  0.732  28  0.977  12  0.881   0.802 Y  0.570      SignalP-noTM
fig|2005473.98.peg.16      0.482  43  0.499  43  0.887  24  0.697   0.576 Y  0.450      SignalP-TM
fig|2005473.98.peg.1600    0.351  31  0.495  31  0.901  17  0.709   0.579 Y  0.450      SignalP-TM
fig|2005473.98.peg.1603    0.247  31  0.430  31  0.913  14  0.795   0.572 Y  0.450      SignalP-TM
fig|2005473.98.peg.1614    0.218  25  0.410  25  0.922  16  0.821   0.571 Y  0.450      SignalP-TM
fig|2005473.98.peg.1614    0.338  22  0.545  22  0.935  13  0.891   0.708 Y  0.570      SignalP-noTM
fig|2005473.98.peg.1624    0.227  20  0.455  20  0.942  15  0.913   0.671 Y  0.570      SignalP-noTM
fig|2005473.98.peg.1624    0.327  30  0.479  30  0.952  13  0.820   0.612 Y  0.450      SignalP-TM
fig|2005473.98.peg.1633    0.351  20  0.539  20  0.911  17  0.846   0.683 Y  0.570      SignalP-noTM
fig|2005473.98.peg.1634    0.314  19  0.423  19  0.808   1  0.624   0.501 Y  0.450      SignalP-TM
fig|2005473.98.peg.1637    0.266  24  0.468  24  0.915  13  0.831   0.610 Y  0.450      SignalP-TM
fig|2005473.98.peg.1637    0.419  24  0.625  24  0.989  12  0.936   0.771 Y  0.570      SignalP-noTM
fig|2005473.98.peg.1640    0.340  22  0.492  22  0.925   1  0.771   0.623 Y  0.570      SignalP-noTM
fig|2005473.98.peg.1642    0.371  25  0.517  25  0.849   8  0.767   0.615 Y  0.450      SignalP-TM
fig|2005473.98.peg.1642    0.510  25  0.614  25  0.969   9  0.842   0.721 Y  0.570      SignalP-noTM
fig|2005473.98.peg.1643    0.352  22  0.506  22  0.845   1  0.751   0.602 Y  0.450      SignalP-TM
fig|2005473.98.peg.1643    0.614  22  0.740  22  0.956  16  0.900   0.815 Y  0.570      SignalP-noTM
fig|2005473.98.peg.1649    0.151  33  0.345  22  0.878   1  0.812   0.527 Y  0.450      SignalP-TM
fig|2005473.98.peg.1650    0.437  27  0.547  27  0.952  20  0.786   0.659 Y  0.570      SignalP-noTM
fig|2005473.98.peg.1650    0.495  27  0.579  27  0.896  11  0.728   0.637 Y  0.450      SignalP-TM
fig|2005473.98.peg.1653    0.199  20  0.422  20  0.949   7  0.908   0.612 Y  0.450      SignalP-TM
fig|2005473.98.peg.1653    0.506  20  0.692  20  0.970  12  0.945   0.811 Y  0.570      SignalP-noTM
fig|2005473.98.peg.1666    0.256  29  0.444  29  0.853  20  0.763   0.568 Y  0.450      SignalP-TM
fig|2005473.98.peg.1666    0.266  22  0.462  22  0.902   4  0.827   0.634 Y  0.570      SignalP-noTM
fig|2005473.98.peg.1667    0.180  24  0.388  24  0.909  16  0.786   0.543 Y  0.450      SignalP-TM
fig|2005473.98.peg.1667    0.197  23  0.395  23  0.894  16  0.824   0.597 Y  0.570      SignalP-noTM
fig|2005473.98.peg.167     0.277  32  0.429  26  0.963  15  0.847   0.626 Y  0.570      SignalP-noTM
fig|2005473.98.peg.167     0.542  32  0.622  32  0.953  16  0.824   0.701 Y  0.450      SignalP-TM
fig|2005473.98.peg.1678    0.272  21  0.485  21  0.925  11  0.866   0.634 Y  0.450      SignalP-TM
fig|2005473.98.peg.1678    0.733  21  0.825  21  0.952  11  0.915   0.867 Y  0.570      SignalP-noTM
fig|2005473.98.peg.1679    0.217  31  0.415  31  0.895  18  0.786   0.560 Y  0.450      SignalP-TM
fig|2005473.98.peg.1680    0.226  23  0.429  23  0.896  13  0.799   0.573 Y  0.450      SignalP-TM
fig|2005473.98.peg.1680    0.736  23  0.815  23  0.952  19  0.895   0.853 Y  0.570      SignalP-noTM
fig|2005473.98.peg.1687    0.152  27  0.321  25  0.846  16  0.740   0.484 Y  0.450      SignalP-TM
fig|2005473.98.peg.1687    0.302  22  0.491  20  0.898  16  0.840   0.655 Y  0.570      SignalP-noTM
fig|2005473.98.peg.169     0.721  27  0.740  27  0.919  10  0.808   0.772 Y  0.570      SignalP-noTM
fig|2005473.98.peg.169     0.723  27  0.741  27  0.881  23  0.697   0.724 Y  0.450      SignalP-TM
fig|2005473.98.peg.171     0.229  24  0.426  24  0.918   4  0.842   0.621 Y  0.570      SignalP-noTM
fig|2005473.98.peg.1717    0.470  22  0.648  22  0.935  11  0.873   0.736 Y  0.450      SignalP-TM
fig|2005473.98.peg.1717    0.471  22  0.677  22  0.982  19  0.959   0.810 Y  0.570      SignalP-noTM
fig|2005473.98.peg.1728    0.602  22  0.579  22  0.728  19  0.548   0.567 Y  0.450      SignalP-TM
fig|2005473.98.peg.1728    0.850  22  0.850  22  0.908   5  0.863   0.856 Y  0.570      SignalP-noTM
fig|2005473.98.peg.1734    0.168  37  0.325  26  0.838  16  0.683   0.464 Y  0.450      SignalP-TM
fig|2005473.98.peg.1745    0.409  26  0.555  26  0.929   7  0.827   0.683 Y  0.570      SignalP-noTM
fig|2005473.98.peg.1745    0.433  26  0.601  26  0.916  22  0.797   0.678 Y  0.450      SignalP-TM
fig|2005473.98.peg.1759    0.468  21  0.613  21  0.911  18  0.717   0.654 Y  0.450      SignalP-TM
fig|2005473.98.peg.1759    0.673  21  0.684  21  0.914  17  0.706   0.694 Y  0.570      SignalP-noTM
fig|2005473.98.peg.1765    0.310  26  0.517  26  0.946  16  0.861   0.651 Y  0.450      SignalP-TM
fig|2005473.98.peg.1765    0.554  23  0.737  23  0.989  17  0.958   0.841 Y  0.570      SignalP-noTM
fig|2005473.98.peg.1768    0.294  29  0.414  29  0.810   8  0.661   0.510 Y  0.450      SignalP-TM
fig|2005473.98.peg.1769    0.187  27  0.391  27  0.917  12  0.841   0.566 Y  0.450      SignalP-TM
fig|2005473.98.peg.1769    0.258  22  0.464  22  0.928   6  0.857   0.649 Y  0.570      SignalP-noTM
fig|2005473.98.peg.177     0.180  17  0.382  17  0.884   1  0.820   0.553 Y  0.450      SignalP-TM
fig|2005473.98.peg.177     0.203  17  0.424  17  0.925  13  0.887   0.642 Y  0.570      SignalP-noTM
fig|2005473.98.peg.1773    0.420  25  0.545  25  0.810  21  0.712   0.610 Y  0.450      SignalP-TM
fig|2005473.98.peg.1773    0.521  25  0.683  25  0.955  20  0.898   0.784 Y  0.570      SignalP-noTM
fig|2005473.98.peg.1774    0.479  38  0.528  38  0.828  34  0.602   0.557 Y  0.450      SignalP-TM
fig|2005473.98.peg.1779    0.189  24  0.414  24  0.984  12  0.907   0.646 Y  0.570      SignalP-noTM
fig|2005473.98.peg.1779    0.280  24  0.502  24  0.956  14  0.865   0.644 Y  0.450      SignalP-TM
fig|2005473.98.peg.1784    0.361  30  0.493  30  0.925  14  0.787   0.608 Y  0.450      SignalP-TM
fig|2005473.98.peg.1784    0.700  24  0.817  24  0.989  10  0.959   0.884 Y  0.570      SignalP-noTM
fig|2005473.98.peg.1792    0.375  26  0.516  26  0.907  15  0.784   0.621 Y  0.450      SignalP-TM
fig|2005473.98.peg.1792    0.657  21  0.794  21  0.986  11  0.958   0.871 Y  0.570      SignalP-noTM
fig|2005473.98.peg.1795    0.382  21  0.542  21  0.903  18  0.748   0.623 Y  0.450      SignalP-TM
fig|2005473.98.peg.1795    0.711  21  0.817  21  0.966  15  0.928   0.869 Y  0.570      SignalP-noTM
fig|2005473.98.peg.1830    0.153  24  0.309  17  0.861   6  0.720   0.469 Y  0.450      SignalP-TM
fig|2005473.98.peg.1830    0.469  22  0.624  22  0.945  16  0.864   0.737 Y  0.570      SignalP-noTM
fig|2005473.98.peg.1865    0.817  19  0.768  19  0.857  15  0.692   0.732 Y  0.570      SignalP-noTM
fig|2005473.98.peg.1871    0.155  29  0.352  15  0.943   6  0.891   0.562 Y  0.450      SignalP-TM
fig|2005473.98.peg.1871    0.622  20  0.762  20  0.967  11  0.937   0.844 Y  0.570      SignalP-noTM
fig|2005473.98.peg.1874    0.354  22  0.446  22  0.636   6  0.576   0.497 Y  0.450      SignalP-TM
fig|2005473.98.peg.1874    0.637  22  0.696  22  0.856   1  0.768   0.729 Y  0.570      SignalP-noTM
fig|2005473.98.peg.188     0.254  22  0.474  22  0.963   8  0.903   0.675 Y  0.570      SignalP-noTM
fig|2005473.98.peg.188     0.513  37  0.585  27  0.921  15  0.783   0.662 Y  0.450      SignalP-TM
fig|2005473.98.peg.1880    0.191  18  0.364  18  0.794   5  0.709   0.499 Y  0.450      SignalP-TM
fig|2005473.98.peg.1880    0.235  18  0.441  18  0.939   1  0.847   0.632 Y  0.570      SignalP-noTM
fig|2005473.98.peg.1884    0.404  23  0.525  23  0.817  14  0.701   0.594 Y  0.450      SignalP-TM
fig|2005473.98.peg.1884    0.553  23  0.608  23  0.877  14  0.690   0.647 Y  0.570      SignalP-noTM
fig|2005473.98.peg.1891    0.277  25  0.485  25  0.941  20  0.841   0.624 Y  0.450      SignalP-TM
fig|2005473.98.peg.1891    0.854  25  0.879  25  0.954  19  0.905   0.891 Y  0.570      SignalP-noTM
fig|2005473.98.peg.1895    0.571  27  0.692  27  0.963  16  0.858   0.757 Y  0.450      SignalP-TM
fig|2005473.98.peg.1895    0.590  27  0.664  27  0.959  13  0.844   0.749 Y  0.570      SignalP-noTM
fig|2005473.98.peg.1900    0.167  19  0.327  19  0.757  17  0.667   0.460 Y  0.450      SignalP-TM
fig|2005473.98.peg.1913    0.134  29  0.311  23  0.891  10  0.787   0.497 Y  0.450      SignalP-TM
fig|2005473.98.peg.1913    0.319  20  0.550  20  0.972  19  0.946   0.736 Y  0.570      SignalP-noTM
fig|2005473.98.peg.1915    0.530  32  0.583  32  0.962   8  0.818   0.675 Y  0.450      SignalP-TM
fig|2005473.98.peg.1915    0.618  22  0.770  22  0.981  15  0.957   0.858 Y  0.570      SignalP-noTM
fig|2005473.98.peg.1921    0.295  21  0.521  21  0.966   8  0.927   0.712 Y  0.570      SignalP-noTM
fig|2005473.98.peg.1921    0.459  29  0.588  29  0.933   6  0.841   0.687 Y  0.450      SignalP-TM
fig|2005473.98.peg.1927    0.498  27  0.645  27  0.898  25  0.791   0.702 Y  0.450      SignalP-TM
fig|2005473.98.peg.1927    0.853  27  0.900  27  0.974  25  0.934   0.916 Y  0.570      SignalP-noTM
fig|2005473.98.peg.1928    0.188  38  0.358  29  0.900  17  0.745   0.509 Y  0.450      SignalP-TM
fig|2005473.98.peg.1928    0.323  24  0.538  24  0.939  13  0.898   0.708 Y  0.570      SignalP-noTM
fig|2005473.98.peg.1933    0.356  22  0.582  22  0.975  12  0.948   0.754 Y  0.570      SignalP-noTM
fig|2005473.98.peg.1933    0.360  38  0.494  28  0.958  10  0.868   0.640 Y  0.450      SignalP-TM
fig|2005473.98.peg.1935    0.291  26  0.419  26  0.825   8  0.687   0.524 Y  0.450      SignalP-TM
fig|2005473.98.peg.1936    0.277  33  0.463  16  0.871   1  0.813   0.600 Y  0.450      SignalP-TM
fig|2005473.98.peg.1936    0.511  16  0.659  16  0.929  13  0.844   0.746 Y  0.570      SignalP-noTM
fig|2005473.98.peg.1937    0.520  22  0.702  22  0.968  11  0.952   0.800 Y  0.450      SignalP-TM
fig|2005473.98.peg.1937    0.872  22  0.910  22  0.986  11  0.953   0.930 Y  0.570      SignalP-noTM
fig|2005473.98.peg.1941    0.293  22  0.514  22  0.954  18  0.912   0.701 Y  0.570      SignalP-noTM
fig|2005473.98.peg.1941    0.409  22  0.607  22  0.948   7  0.906   0.724 Y  0.450      SignalP-TM
fig|2005473.98.peg.195     0.563  35  0.711  35  0.941  26  0.859   0.769 Y  0.450      SignalP-TM
fig|2005473.98.peg.195     0.785  35  0.854  35  0.988  22  0.919   0.885 Y  0.570      SignalP-noTM
fig|2005473.98.peg.1950    0.242  58  0.423  23  0.918  12  0.886   0.604 Y  0.450      SignalP-TM
fig|2005473.98.peg.1950    0.752  23  0.855  23  0.983  14  0.960   0.904 Y  0.570      SignalP-noTM
fig|2005473.98.peg.1951    0.180  24  0.328  24  0.842   5  0.667   0.460 Y  0.450      SignalP-TM
fig|2005473.98.peg.1951    0.208  21  0.413  21  0.915   2  0.845   0.616 Y  0.570      SignalP-noTM
fig|2005473.98.peg.1952    0.210  29  0.358  29  0.768  12  0.646   0.470 Y  0.450      SignalP-TM
fig|2005473.98.peg.1964    0.508  22  0.591  22  0.803  18  0.653   0.615 Y  0.450      SignalP-TM
fig|2005473.98.peg.1964    0.701  22  0.693  22  0.828   1  0.682   0.688 Y  0.570      SignalP-noTM
fig|2005473.98.peg.1965    0.301  29  0.455  20  0.873   3  0.817   0.596 Y  0.450      SignalP-TM
fig|2005473.98.peg.1965    0.691  20  0.769  20  0.908  16  0.843   0.804 Y  0.570      SignalP-noTM
fig|2005473.98.peg.197     0.477  35  0.655  35  0.935  26  0.789   0.707 Y  0.450      SignalP-TM
fig|2005473.98.peg.197     0.730  35  0.837  35  0.993  23  0.943   0.887 Y  0.570      SignalP-noTM
fig|2005473.98.peg.1972    0.202  21  0.392  21  0.913   1  0.796   0.582 Y  0.570      SignalP-noTM
fig|2005473.98.peg.200     0.152  28  0.313  20  0.925   8  0.898   0.588 Y  0.570      SignalP-noTM
fig|2005473.98.peg.200     0.262  28  0.396  28  0.925  11  0.747   0.533 Y  0.450      SignalP-TM
fig|2005473.98.peg.2001    0.498  20  0.637  20  0.904   6  0.836   0.714 Y  0.450      SignalP-TM
fig|2005473.98.peg.2001    0.851  20  0.869  20  0.922  16  0.889   0.878 Y  0.570      SignalP-noTM
fig|2005473.98.peg.2017    0.208  26  0.403  21  0.958   2  0.868   0.585 Y  0.450      SignalP-TM
fig|2005473.98.peg.2017    0.741  21  0.831  21  0.970  17  0.936   0.881 Y  0.570      SignalP-noTM
fig|2005473.98.peg.202     0.352  35  0.552  35  0.924  28  0.723   0.619 Y  0.450      SignalP-TM
fig|2005473.98.peg.202     0.660  35  0.790  35  0.989  25  0.911   0.847 Y  0.570      SignalP-noTM
fig|2005473.98.peg.2040    0.219  20  0.351  20  0.825   3  0.634   0.461 Y  0.450      SignalP-TM
fig|2005473.98.peg.205     0.287  22  0.484  22  0.874  18  0.812   0.612 Y  0.450      SignalP-TM
fig|2005473.98.peg.205     0.706  22  0.812  22  0.962  11  0.934   0.870 Y  0.570      SignalP-noTM
fig|2005473.98.peg.206     0.231  38  0.351  38  0.858  12  0.701   0.487 Y  0.450      SignalP-TM
fig|2005473.98.peg.2061    0.194  25  0.348  25  0.695   6  0.629   0.457 Y  0.450      SignalP-TM
fig|2005473.98.peg.2061    0.440  25  0.595  25  0.942  14  0.861   0.720 Y  0.570      SignalP-noTM
fig|2005473.98.peg.2064    0.200  41  0.338  41  0.906  11  0.715   0.485 Y  0.450      SignalP-TM
fig|2005473.98.peg.2066    0.174  24  0.318  21  0.739  15  0.661   0.451 Y  0.450      SignalP-TM
fig|2005473.98.peg.2069    0.285  24  0.395  24  0.871   7  0.676   0.505 Y  0.450      SignalP-TM
fig|2005473.98.peg.2069    0.468  24  0.621  24  0.962  20  0.877   0.741 Y  0.570      SignalP-noTM
fig|2005473.98.peg.2077    0.299  24  0.503  24  0.965   7  0.882   0.650 Y  0.450      SignalP-TM
fig|2005473.98.peg.2077    0.735  22  0.821  22  0.975  10  0.926   0.870 Y  0.570      SignalP-noTM
fig|2005473.98.peg.2081    0.174  26  0.370  20  0.972  11  0.926   0.587 Y  0.450      SignalP-TM
fig|2005473.98.peg.2081    0.325  21  0.554  21  0.970  16  0.934   0.733 Y  0.570      SignalP-noTM
fig|2005473.98.peg.2087    0.210  20  0.356  20  0.703  10  0.623   0.460 Y  0.450      SignalP-TM
fig|2005473.98.peg.2102    0.264  36  0.371  27  0.881  24  0.582   0.453 Y  0.450      SignalP-TM
fig|2005473.98.peg.2118    0.406  20  0.615  20  0.953  16  0.925   0.736 Y  0.450      SignalP-TM
fig|2005473.98.peg.2118    0.538  20  0.696  20  0.958  16  0.904   0.794 Y  0.570      SignalP-noTM
fig|2005473.98.peg.2139    0.240  21  0.464  21  0.933  12  0.904   0.671 Y  0.570      SignalP-noTM
fig|2005473.98.peg.2139    0.312  32  0.392  32  0.869   8  0.683   0.505 Y  0.450      SignalP-TM
fig|2005473.98.peg.2141    0.383  32  0.497  25  0.883  17  0.729   0.587 Y  0.450      SignalP-TM
fig|2005473.98.peg.2141    0.630  25  0.754  25  0.972  16  0.924   0.834 Y  0.570      SignalP-noTM
fig|2005473.98.peg.2157    0.378  25  0.507  25  0.914  24  0.648   0.573 Y  0.570      SignalP-noTM
fig|2005473.98.peg.217     0.566  25  0.726  25  0.956  15  0.900   0.794 Y  0.450      SignalP-TM
fig|2005473.98.peg.217     0.715  26  0.831  26  0.991  14  0.968   0.896 Y  0.570      SignalP-noTM
fig|2005473.98.peg.2170    0.145  32  0.307  23  0.877  15  0.725   0.470 Y  0.450      SignalP-TM
fig|2005473.98.peg.2170    0.234  22  0.459  22  0.952  18  0.908   0.670 Y  0.570      SignalP-noTM
fig|2005473.98.peg.2175    0.157  21  0.341  21  0.883   4  0.779   0.512 Y  0.450      SignalP-TM
fig|2005473.98.peg.218     0.179  26  0.345  20  0.927   4  0.855   0.544 Y  0.450      SignalP-TM
fig|2005473.98.peg.218     0.297  20  0.535  20  0.981  16  0.955   0.732 Y  0.570      SignalP-noTM
fig|2005473.98.peg.2180    0.226  23  0.403  23  0.817  19  0.626   0.490 Y  0.450      SignalP-TM
fig|2005473.98.peg.2180    0.533  23  0.688  23  0.963  19  0.861   0.770 Y  0.570      SignalP-noTM
fig|2005473.98.peg.2181    0.659  22  0.767  22  0.944   3  0.910   0.823 Y  0.450      SignalP-TM
fig|2005473.98.peg.2181    0.876  22  0.902  22  0.977  11  0.937   0.919 Y  0.570      SignalP-noTM
fig|2005473.98.peg.2185    0.259  28  0.458  28  0.966  13  0.869   0.618 Y  0.450      SignalP-TM
fig|2005473.98.peg.2185    0.389  28  0.534  28  0.925   8  0.814   0.665 Y  0.570      SignalP-noTM
fig|2005473.98.peg.2186    0.133  28  0.326  21  0.941   9  0.832   0.524 Y  0.450      SignalP-TM
fig|2005473.98.peg.2186    0.214  21  0.428  21  0.941  17  0.867   0.634 Y  0.570      SignalP-noTM
fig|2005473.98.peg.2194    0.462  27  0.553  27  0.843  20  0.679   0.602 Y  0.450      SignalP-TM
fig|2005473.98.peg.2194    0.521  27  0.617  27  0.961  20  0.806   0.706 Y  0.570      SignalP-noTM
fig|2005473.98.peg.221     0.224  33  0.361  27  0.911   3  0.758   0.516 Y  0.450      SignalP-TM
fig|2005473.98.peg.221     0.457  27  0.524  27  0.928  10  0.763   0.636 Y  0.570      SignalP-noTM
fig|2005473.98.peg.2224    0.517  25  0.608  25  0.860  13  0.715   0.650 Y  0.450      SignalP-TM
fig|2005473.98.peg.224     0.446  33  0.610  33  0.926  28  0.746   0.663 Y  0.450      SignalP-TM
fig|2005473.98.peg.224     0.484  30  0.677  30  0.984  16  0.909   0.786 Y  0.570      SignalP-noTM
fig|2005473.98.peg.245     0.451  27  0.633  27  0.975  16  0.854   0.719 Y  0.450      SignalP-TM
fig|2005473.98.peg.245     0.639  25  0.750  25  0.936  14  0.888   0.815 Y  0.570      SignalP-noTM
fig|2005473.98.peg.256     0.246  24  0.442  24  0.917  14  0.831   0.594 Y  0.450      SignalP-TM
fig|2005473.98.peg.256     0.543  24  0.698  24  0.975  10  0.918   0.801 Y  0.570      SignalP-noTM
fig|2005473.98.peg.257     0.343  24  0.502  24  0.875   1  0.782   0.611 Y  0.450      SignalP-TM
fig|2005473.98.peg.257     0.347  24  0.532  24  0.920   3  0.825   0.669 Y  0.570      SignalP-noTM
fig|2005473.98.peg.267     0.211  29  0.325  29  0.901  16  0.689   0.467 Y  0.450      SignalP-TM
fig|2005473.98.peg.267     0.229  30  0.388  21  0.928   5  0.866   0.613 Y  0.570      SignalP-noTM
fig|2005473.98.peg.268     0.167  30  0.370  30  0.984  14  0.888   0.614 Y  0.570      SignalP-noTM
fig|2005473.98.peg.268     0.274  38  0.442  19  0.942   9  0.874   0.610 Y  0.450      SignalP-TM
fig|2005473.98.peg.269     0.352  20  0.494  20  0.858   2  0.719   0.600 Y  0.570      SignalP-noTM
fig|2005473.98.peg.275     0.192  27  0.342  27  0.841   8  0.691   0.478 Y  0.450      SignalP-TM
fig|2005473.98.peg.279     0.386  25  0.578  25  0.895  20  0.846   0.682 Y  0.450      SignalP-TM
fig|2005473.98.peg.279     0.659  25  0.761  25  0.970   8  0.901   0.827 Y  0.570      SignalP-noTM
fig|2005473.98.peg.293     0.352  25  0.437  25  0.630  14  0.474   0.451 Y  0.450      SignalP-TM
fig|2005473.98.peg.293     0.747  25  0.743  25  0.860  14  0.772   0.757 Y  0.570      SignalP-noTM
fig|2005473.98.peg.294     0.325  30  0.435  30  0.805  11  0.654   0.521 Y  0.450      SignalP-TM
fig|2005473.98.peg.294     0.680  30  0.691  30  0.930  19  0.795   0.740 Y  0.570      SignalP-noTM
fig|2005473.98.peg.296     0.225  65  0.348  21  0.892   2  0.838   0.579 Y  0.570      SignalP-noTM
fig|2005473.98.peg.296     0.310  30  0.445  30  0.836  17  0.692   0.541 Y  0.450      SignalP-TM
fig|2005473.98.peg.30      0.488  23  0.565  23  0.795  19  0.655   0.600 Y  0.450      SignalP-TM
fig|2005473.98.peg.304     0.221  19  0.430  19  0.936  17  0.804   0.576 Y  0.450      SignalP-TM
fig|2005473.98.peg.304     0.653  19  0.738  19  0.893  17  0.836   0.784 Y  0.570      SignalP-noTM
fig|2005473.98.peg.305     0.676  24  0.775  24  0.985  12  0.921   0.844 Y  0.570      SignalP-noTM
fig|2005473.98.peg.305     0.691  24  0.795  24  0.949  18  0.889   0.831 Y  0.450      SignalP-TM
fig|2005473.98.peg.318     0.432  20  0.509  20  0.853   1  0.652   0.576 Y  0.570      SignalP-noTM
fig|2005473.98.peg.32      0.168  24  0.340  24  0.845  13  0.737   0.495 Y  0.450      SignalP-TM
fig|2005473.98.peg.32      0.297  24  0.515  24  0.932  15  0.903   0.697 Y  0.570      SignalP-noTM
fig|2005473.98.peg.332     0.370  19  0.531  19  0.864  18  0.754   0.636 Y  0.570      SignalP-noTM
fig|2005473.98.peg.339     0.217  26  0.361  26  0.813   7  0.680   0.486 Y  0.450      SignalP-TM
fig|2005473.98.peg.342     0.300  26  0.494  26  0.899  17  0.767   0.600 Y  0.450      SignalP-TM
fig|2005473.98.peg.342     0.676  26  0.703  26  0.890  13  0.797   0.747 Y  0.570      SignalP-noTM
fig|2005473.98.peg.347     0.250  33  0.397  25  0.848  18  0.680   0.507 Y  0.450      SignalP-TM
fig|2005473.98.peg.35      0.242  29  0.405  29  0.924  10  0.759   0.543 Y  0.450      SignalP-TM
fig|2005473.98.peg.35      0.307  29  0.507  26  0.962  14  0.936   0.708 Y  0.570      SignalP-noTM
fig|2005473.98.peg.36      0.246  24  0.459  24  0.975   8  0.899   0.630 Y  0.450      SignalP-TM
fig|2005473.98.peg.36      0.365  21  0.595  21  0.985  10  0.962   0.767 Y  0.570      SignalP-noTM
fig|2005473.98.peg.360     0.230  32  0.425  21  0.964   7  0.945   0.628 Y  0.450      SignalP-TM
fig|2005473.98.peg.360     0.787  21  0.877  21  0.985  17  0.972   0.922 Y  0.570      SignalP-noTM
fig|2005473.98.peg.373     0.507  22  0.641  22  0.879   9  0.799   0.702 Y  0.450      SignalP-TM
fig|2005473.98.peg.373     0.836  22  0.861  22  0.938  19  0.891   0.875 Y  0.570      SignalP-noTM
fig|2005473.98.peg.374     0.364  30  0.491  30  0.919  21  0.786   0.630 Y  0.570      SignalP-noTM
fig|2005473.98.peg.374     0.441  30  0.422  30  0.899  12  0.597   0.490 Y  0.450      SignalP-TM
fig|2005473.98.peg.377     0.222  25  0.387  25  0.782  21  0.604   0.472 Y  0.450      SignalP-TM
fig|2005473.98.peg.378     0.379  28  0.541  24  0.907  15  0.809   0.646 Y  0.450      SignalP-TM
fig|2005473.98.peg.378     0.766  22  0.836  22  0.954  20  0.888   0.860 Y  0.570      SignalP-noTM
fig|2005473.98.peg.38      0.753  26  0.821  26  0.988  19  0.931   0.873 Y  0.570      SignalP-noTM
fig|2005473.98.peg.38      0.809  26  0.861  26  0.965  17  0.899   0.876 Y  0.450      SignalP-TM
fig|2005473.98.peg.387     0.380  20  0.496  20  0.735  17  0.658   0.559 Y  0.450      SignalP-TM
fig|2005473.98.peg.387     0.761  20  0.834  20  0.947  13  0.910   0.870 Y  0.570      SignalP-noTM
fig|2005473.98.peg.396     0.172  24  0.380  24  0.906  20  0.842   0.560 Y  0.450      SignalP-TM
fig|2005473.98.peg.396     0.685  24  0.769  24  0.912  20  0.861   0.812 Y  0.570      SignalP-noTM
fig|2005473.98.peg.397     0.224  20  0.438  20  0.916   4  0.869   0.640 Y  0.570      SignalP-noTM
fig|2005473.98.peg.398     0.172  25  0.374  23  0.934  13  0.842   0.557 Y  0.450      SignalP-TM
fig|2005473.98.peg.398     0.657  25  0.713  25  0.930   3  0.839   0.772 Y  0.570      SignalP-noTM
fig|2005473.98.peg.399     0.221  27  0.352  27  0.868  17  0.660   0.472 Y  0.450      SignalP-TM
fig|2005473.98.peg.399     0.288  20  0.467  20  0.892   1  0.779   0.614 Y  0.570      SignalP-noTM
fig|2005473.98.peg.40      0.421  43  0.426  43  0.889  29  0.559   0.478 Y  0.450      SignalP-TM
fig|2005473.98.peg.401     0.285  25  0.488  25  0.976  11  0.896   0.680 Y  0.570      SignalP-noTM
fig|2005473.98.peg.401     0.341  28  0.503  28  0.930  13  0.806   0.621 Y  0.450      SignalP-TM
fig|2005473.98.peg.414     0.133  27  0.289  13  0.883   8  0.821   0.496 Y  0.450      SignalP-TM
fig|2005473.98.peg.415     0.497  25  0.655  25  0.961   5  0.900   0.751 Y  0.450      SignalP-TM
fig|2005473.98.peg.415     0.648  25  0.721  25  0.981  10  0.884   0.798 Y  0.570      SignalP-noTM
fig|2005473.98.peg.419     0.188  18  0.385  18  0.875   5  0.805   0.549 Y  0.450      SignalP-TM
fig|2005473.98.peg.419     0.711  21  0.785  21  0.936   9  0.885   0.832 Y  0.570      SignalP-noTM
fig|2005473.98.peg.423     0.517  24  0.667  24  0.937  15  0.863   0.744 Y  0.450      SignalP-TM
fig|2005473.98.peg.423     0.736  24  0.797  24  0.977  12  0.906   0.848 Y  0.570      SignalP-noTM
fig|2005473.98.peg.426     0.239  22  0.448  22  0.927   8  0.866   0.644 Y  0.570      SignalP-noTM
fig|2005473.98.peg.426     0.448  38  0.380  29  0.800   8  0.655   0.487 Y  0.450      SignalP-TM
fig|2005473.98.peg.428     0.532  23  0.694  23  0.933  19  0.853   0.756 Y  0.450      SignalP-TM
fig|2005473.98.peg.428     0.859  23  0.906  23  0.966  21  0.942   0.923 Y  0.570      SignalP-noTM
fig|2005473.98.peg.435     0.213  37  0.345  21  0.927  16  0.874   0.551 Y  0.450      SignalP-TM
fig|2005473.98.peg.435     0.396  21  0.604  21  0.969  16  0.924   0.754 Y  0.570      SignalP-noTM
fig|2005473.98.peg.438     0.514  22  0.634  22  0.871  17  0.772   0.688 Y  0.450      SignalP-TM
fig|2005473.98.peg.438     0.540  22  0.692  22  0.956  17  0.886   0.783 Y  0.570      SignalP-noTM
fig|2005473.98.peg.439     0.168  42  0.308  23  0.830   4  0.715   0.467 Y  0.450      SignalP-TM
fig|2005473.98.peg.439     0.269  23  0.485  23  0.942  11  0.877   0.669 Y  0.570      SignalP-noTM
fig|2005473.98.peg.440     0.518  22  0.643  22  0.883  16  0.779   0.696 Y  0.450      SignalP-TM
fig|2005473.98.peg.440     0.719  22  0.812  22  0.962  18  0.914   0.860 Y  0.570      SignalP-noTM
fig|2005473.98.peg.443     0.161  26  0.337  20  0.872   5  0.773   0.507 Y  0.450      SignalP-TM
fig|2005473.98.peg.443     0.198  24  0.398  24  0.920   7  0.849   0.610 Y  0.570      SignalP-noTM
fig|2005473.98.peg.451     0.342  19  0.577  19  0.984  11  0.969   0.761 Y  0.570      SignalP-noTM
fig|2005473.98.peg.452     0.237  22  0.428  22  0.883  17  0.784   0.567 Y  0.450      SignalP-TM
fig|2005473.98.peg.452     0.362  22  0.569  21  0.954  11  0.914   0.731 Y  0.570      SignalP-noTM
fig|2005473.98.peg.456     0.230  24  0.417  24  0.889  18  0.785   0.590 Y  0.570      SignalP-noTM
fig|2005473.98.peg.456     0.351  24  0.499  24  0.803  18  0.696   0.576 Y  0.450      SignalP-TM
fig|2005473.98.peg.485     0.360  32  0.462  32  0.872  17  0.717   0.561 Y  0.450      SignalP-TM
fig|2005473.98.peg.485     0.409  32  0.454  23  0.961  17  0.902   0.664 Y  0.570      SignalP-noTM
fig|2005473.98.peg.49      0.236  21  0.429  21  0.865  16  0.802   0.574 Y  0.450      SignalP-TM
fig|2005473.98.peg.49      0.745  21  0.844  21  0.976  10  0.953   0.895 Y  0.570      SignalP-noTM
fig|2005473.98.peg.494     0.199  28  0.376  28  0.908  18  0.807   0.579 Y  0.570      SignalP-noTM
fig|2005473.98.peg.494     0.448  28  0.526  28  0.788   2  0.646   0.573 Y  0.450      SignalP-TM
fig|2005473.98.peg.5       0.291  58  0.304  20  0.765  15  0.684   0.452 Y  0.450      SignalP-TM
fig|2005473.98.peg.5       0.300  20  0.498  20  0.934  16  0.842   0.660 Y  0.570      SignalP-noTM
fig|2005473.98.peg.503     0.320  29  0.463  29  0.800  22  0.566   0.503 Y  0.450      SignalP-TM
fig|2005473.98.peg.505     0.337  21  0.455  21  0.763  17  0.628   0.522 Y  0.450      SignalP-TM
fig|2005473.98.peg.505     0.866  21  0.840  21  0.905  17  0.816   0.829 Y  0.570      SignalP-noTM
fig|2005473.98.peg.508     0.341  24  0.481  24  0.813  22  0.643   0.544 Y  0.450      SignalP-TM
fig|2005473.98.peg.508     0.683  24  0.700  24  0.940  22  0.685   0.693 Y  0.570      SignalP-noTM
fig|2005473.98.peg.511     0.358  24  0.524  24  0.907  17  0.780   0.644 Y  0.570      SignalP-noTM
fig|2005473.98.peg.511     0.439  24  0.595  24  0.907  17  0.774   0.664 Y  0.450      SignalP-TM
fig|2005473.98.peg.515     0.569  24  0.724  24  0.970  18  0.909   0.796 Y  0.450      SignalP-TM
fig|2005473.98.peg.515     0.573  24  0.717  24  0.962  12  0.905   0.805 Y  0.570      SignalP-noTM
fig|2005473.98.peg.522     0.237  24  0.434  24  0.872  22  0.741   0.554 Y  0.450      SignalP-TM
fig|2005473.98.peg.522     0.384  23  0.562  23  0.932  20  0.801   0.675 Y  0.570      SignalP-noTM
fig|2005473.98.peg.529     0.236  22  0.440  22  0.875  18  0.808   0.583 Y  0.450      SignalP-TM
fig|2005473.98.peg.529     0.308  24  0.468  24  0.888  12  0.767   0.608 Y  0.570      SignalP-noTM
fig|2005473.98.peg.544     0.405  24  0.567  24  0.953  17  0.847   0.698 Y  0.570      SignalP-noTM
fig|2005473.98.peg.545     0.182  24  0.357  24  0.830  23  0.716   0.497 Y  0.450      SignalP-TM
fig|2005473.98.peg.545     0.226  24  0.418  24  0.851   1  0.804   0.600 Y  0.570      SignalP-noTM
fig|2005473.98.peg.546     0.171  18  0.395  18  0.942   1  0.913   0.638 Y  0.570      SignalP-noTM
fig|2005473.98.peg.546     0.238  27  0.410  27  0.925  10  0.794   0.560 Y  0.450      SignalP-TM
fig|2005473.98.peg.547     0.174  20  0.389  20  0.897   8  0.845   0.567 Y  0.450      SignalP-TM
fig|2005473.98.peg.547     0.310  20  0.543  20  0.965  10  0.925   0.723 Y  0.570      SignalP-noTM
fig|2005473.98.peg.551     0.415  22  0.489  22  0.912   4  0.694   0.569 Y  0.450      SignalP-TM
fig|2005473.98.peg.551     0.878  22  0.834  22  0.941  11  0.832   0.833 Y  0.570      SignalP-noTM
fig|2005473.98.peg.561     0.333  26  0.542  20  0.958  18  0.899   0.710 Y  0.570      SignalP-noTM
fig|2005473.98.peg.561     0.725  26  0.753  26  0.929  18  0.718   0.739 Y  0.450      SignalP-TM
fig|2005473.98.peg.571     0.597  28  0.758  28  0.976  17  0.881   0.816 Y  0.570      SignalP-noTM
fig|2005473.98.peg.571     0.631  39  0.696  30  0.963  18  0.807   0.739 Y  0.450      SignalP-TM
fig|2005473.98.peg.583     0.188  20  0.364  20  0.793  16  0.690   0.491 Y  0.450      SignalP-TM
fig|2005473.98.peg.583     0.376  20  0.558  20  0.910  16  0.811   0.677 Y  0.570      SignalP-noTM
fig|2005473.98.peg.596     0.279  23  0.406  23  0.775   4  0.641   0.497 Y  0.450      SignalP-TM
fig|2005473.98.peg.596     0.682  23  0.706  23  0.908  17  0.764   0.733 Y  0.570      SignalP-noTM
fig|2005473.98.peg.597     0.232  26  0.449  18  0.961   5  0.910   0.666 Y  0.570      SignalP-noTM
fig|2005473.98.peg.597     0.306  28  0.483  25  0.945  16  0.857   0.629 Y  0.450      SignalP-TM
fig|2005473.98.peg.598     0.329  30  0.437  20  0.859   3  0.695   0.537 Y  0.450      SignalP-TM
fig|2005473.98.peg.598     0.454  20  0.565  20  0.895   1  0.745   0.649 Y  0.570      SignalP-noTM
fig|2005473.98.peg.610     0.175  18  0.381  18  0.908   7  0.811   0.548 Y  0.450      SignalP-TM
fig|2005473.98.peg.610     0.474  21  0.644  21  0.938  17  0.888   0.759 Y  0.570      SignalP-noTM
fig|2005473.98.peg.617     0.220  48  0.391  26  0.929   9  0.812   0.555 Y  0.450      SignalP-TM
fig|2005473.98.peg.617     0.728  26  0.589  26  0.701   8  0.545   0.573 Y  0.510      SignalP-TM
fig|2005473.98.peg.625     0.375  26  0.412  26  0.691  10  0.515   0.452 Y  0.450      SignalP-TM
fig|2005473.98.peg.625     0.793  26  0.601  26  0.665  23  0.454   0.547 Y  0.510      SignalP-TM
fig|2005473.98.peg.636     0.238  26  0.358  26  0.849  10  0.635   0.466 Y  0.450      SignalP-TM
fig|2005473.98.peg.636     0.602  26  0.659  26  0.917   9  0.801   0.726 Y  0.570      SignalP-noTM
fig|2005473.98.peg.644     0.399  24  0.509  24  0.936  13  0.754   0.624 Y  0.570      SignalP-noTM
fig|2005473.98.peg.644     0.421  24  0.534  24  0.878  10  0.733   0.611 Y  0.450      SignalP-TM
fig|2005473.98.peg.664     0.178  30  0.343  26  0.878  19  0.743   0.499 Y  0.450      SignalP-TM
fig|2005473.98.peg.680     0.310  23  0.426  23  0.840   5  0.674   0.523 Y  0.450      SignalP-TM
fig|2005473.98.peg.680     0.423  23  0.610  23  0.970  11  0.903   0.747 Y  0.570      SignalP-noTM
fig|2005473.98.peg.681     0.531  25  0.684  25  0.952  15  0.906   0.771 Y  0.450      SignalP-TM
fig|2005473.98.peg.681     0.680  25  0.779  25  0.963  17  0.918   0.844 Y  0.570      SignalP-noTM
fig|2005473.98.peg.684     0.160  28  0.311  21  0.839   6  0.717   0.469 Y  0.450      SignalP-TM
fig|2005473.98.peg.691     0.190  28  0.384  12  0.922   2  0.876   0.615 Y  0.570      SignalP-noTM
fig|2005473.98.peg.691     0.392  30  0.449  30  0.764  11  0.601   0.508 Y  0.450      SignalP-TM
fig|2005473.98.peg.706     0.380  43  0.446  43  0.928   4  0.742   0.561 Y  0.450      SignalP-TM
fig|2005473.98.peg.708     0.194  22  0.351  22  0.735   8  0.651   0.468 Y  0.450      SignalP-TM
fig|2005473.98.peg.711     0.334  26  0.426  26  0.826   7  0.635   0.507 Y  0.450      SignalP-TM
fig|2005473.98.peg.711     0.738  26  0.687  26  0.927   8  0.765   0.724 Y  0.570      SignalP-noTM
fig|2005473.98.peg.712     0.746  24  0.697  24  0.823   7  0.703   0.699 Y  0.450      SignalP-TM
fig|2005473.98.peg.712     0.770  24  0.749  24  0.933  11  0.814   0.779 Y  0.570      SignalP-noTM
fig|2005473.98.peg.714     0.255  23  0.385  23  0.853   5  0.675   0.498 Y  0.450      SignalP-TM
fig|2005473.98.peg.714     0.432  23  0.571  23  0.938   1  0.820   0.688 Y  0.570      SignalP-noTM
fig|2005473.98.peg.715     0.224  21  0.443  21  0.948  17  0.888   0.652 Y  0.570      SignalP-noTM
fig|2005473.98.peg.715     0.233  22  0.438  22  0.940  18  0.836   0.593 Y  0.450      SignalP-TM
fig|2005473.98.peg.723     0.553  26  0.544  26  0.687  24  0.474   0.517 Y  0.450      SignalP-TM
fig|2005473.98.peg.724     0.238  23  0.403  23  0.779  12  0.691   0.515 Y  0.450      SignalP-TM
fig|2005473.98.peg.725     0.371  25  0.548  25  0.955  13  0.864   0.696 Y  0.570      SignalP-noTM
fig|2005473.98.peg.725     0.463  31  0.437  31  0.722  15  0.552   0.482 Y  0.450      SignalP-TM
fig|2005473.98.peg.733     0.583  23  0.715  23  0.938   6  0.886   0.782 Y  0.450      SignalP-TM
fig|2005473.98.peg.733     0.708  23  0.801  23  0.974  15  0.912   0.853 Y  0.570      SignalP-noTM
fig|2005473.98.peg.734     0.155  21  0.358  21  0.922   8  0.850   0.589 Y  0.570      SignalP-noTM
fig|2005473.98.peg.746     0.208  24  0.384  24  0.860   9  0.738   0.522 Y  0.450      SignalP-TM
fig|2005473.98.peg.752     0.690  36  0.642  36  0.693  26  0.438   0.562 Y  0.450      SignalP-TM
fig|2005473.98.peg.752     0.793  36  0.697  36  0.747  32  0.378   0.579 Y  0.510      SignalP-TM
fig|2005473.98.peg.754     0.177  25  0.321  22  0.854   5  0.740   0.484 Y  0.450      SignalP-TM
fig|2005473.98.peg.754     0.446  22  0.638  22  0.948  10  0.922   0.772 Y  0.570      SignalP-noTM
fig|2005473.98.peg.756     0.268  21  0.413  21  0.695  17  0.642   0.502 Y  0.450      SignalP-TM
fig|2005473.98.peg.756     0.389  21  0.525  21  0.862  17  0.718   0.616 Y  0.570      SignalP-noTM
fig|2005473.98.peg.758     0.625  28  0.551  28  0.704  13  0.568   0.557 Y  0.450      SignalP-TM
fig|2005473.98.peg.773     0.295  23  0.450  23  0.834  20  0.709   0.551 Y  0.450      SignalP-TM
fig|2005473.98.peg.773     0.577  23  0.709  23  0.960  19  0.870   0.785 Y  0.570      SignalP-noTM
fig|2005473.98.peg.776     0.161  23  0.350  23  0.881  11  0.799   0.525 Y  0.450      SignalP-TM
fig|2005473.98.peg.776     0.575  19  0.739  19  0.977  11  0.943   0.835 Y  0.570      SignalP-noTM
fig|2005473.98.peg.780     0.316  17  0.492  17  0.884   1  0.789   0.632 Y  0.570      SignalP-noTM
fig|2005473.98.peg.789     0.350  23  0.448  23  0.706  17  0.531   0.480 Y  0.450      SignalP-TM
fig|2005473.98.peg.789     0.574  23  0.649  23  0.925   2  0.766   0.704 Y  0.570      SignalP-noTM
fig|2005473.98.peg.791     0.293  39  0.429  27  0.937  15  0.858   0.596 Y  0.450      SignalP-TM
fig|2005473.98.peg.791     0.502  19  0.688  19  0.965  18  0.940   0.807 Y  0.570      SignalP-noTM
fig|2005473.98.peg.803     0.404  28  0.598  28  0.931  23  0.843   0.693 Y  0.450      SignalP-TM
fig|2005473.98.peg.803     0.620  28  0.670  28  0.931  16  0.767   0.715 Y  0.570      SignalP-noTM
fig|2005473.98.peg.808     0.225  21  0.394  21  0.849   7  0.720   0.521 Y  0.450      SignalP-TM
fig|2005473.98.peg.808     0.812  21  0.817  21  0.912  17  0.839   0.828 Y  0.570      SignalP-noTM
fig|2005473.98.peg.809     0.204  21  0.372  21  0.751  14  0.641   0.477 Y  0.450      SignalP-TM
fig|2005473.98.peg.811     0.197  20  0.337  20  0.832   3  0.647   0.458 Y  0.450      SignalP-TM
fig|2005473.98.peg.811     0.513  20  0.623  20  0.861   1  0.772   0.693 Y  0.570      SignalP-noTM
fig|2005473.98.peg.816     0.296  23  0.413  23  0.728  17  0.590   0.482 Y  0.450      SignalP-TM
fig|2005473.98.peg.816     0.411  21  0.552  21  0.874   1  0.754   0.647 Y  0.570      SignalP-noTM
fig|2005473.98.peg.822     0.164  30  0.341  20  0.919  10  0.847   0.579 Y  0.570      SignalP-noTM
fig|2005473.98.peg.836     0.146  23  0.321  23  0.817   3  0.721   0.477 Y  0.450      SignalP-TM
fig|2005473.98.peg.836     0.324  23  0.525  21  0.930  19  0.873   0.688 Y  0.570      SignalP-noTM
fig|2005473.98.peg.841     0.150  31  0.303  14  0.782   9  0.734   0.471 Y  0.450      SignalP-TM
fig|2005473.98.peg.841     0.154  26  0.322  17  0.928   7  0.869   0.579 Y  0.570      SignalP-noTM
fig|2005473.98.peg.845     0.643  23  0.679  23  0.798  16  0.722   0.696 Y  0.450      SignalP-TM
fig|2005473.98.peg.845     0.871  23  0.862  23  0.909  18  0.853   0.858 Y  0.570      SignalP-noTM
fig|2005473.98.peg.860     0.454  24  0.576  24  0.877  12  0.729   0.636 Y  0.450      SignalP-TM
fig|2005473.98.peg.860     0.834  24  0.863  24  0.966  17  0.891   0.876 Y  0.570      SignalP-noTM
fig|2005473.98.peg.869     0.252  28  0.415  28  0.768  16  0.642   0.504 Y  0.450      SignalP-TM
fig|2005473.98.peg.912     0.252  32  0.417  27  0.898  17  0.695   0.525 Y  0.450      SignalP-TM
fig|2005473.98.peg.924     0.624  33  0.615  33  0.929  11  0.762   0.673 Y  0.450      SignalP-TM
fig|2005473.98.peg.935     0.546  24  0.708  24  0.945  20  0.908   0.802 Y  0.570      SignalP-noTM
fig|2005473.98.peg.935     0.639  31  0.659  31  0.953  17  0.766   0.700 Y  0.450      SignalP-TM
fig|2005473.98.peg.942     0.260  22  0.359  22  0.807   3  0.596   0.451 Y  0.450      SignalP-TM
fig|2005473.98.peg.942     0.498  22  0.536  22  0.895   1  0.630   0.580 Y  0.570      SignalP-noTM
fig|2005473.98.peg.943     0.203  25  0.375  25  0.831  15  0.736   0.516 Y  0.450      SignalP-TM
fig|2005473.98.peg.943     0.244  51  0.409  25  0.971   8  0.869   0.625 Y  0.570      SignalP-noTM
fig|2005473.98.peg.947     0.474  29  0.633  29  0.940  21  0.874   0.727 Y  0.450      SignalP-TM
fig|2005473.98.peg.947     0.683  23  0.793  23  0.962   9  0.928   0.856 Y  0.570      SignalP-noTM
fig|2005473.98.peg.961     0.476  24  0.574  24  0.764  16  0.657   0.606 Y  0.450      SignalP-TM
fig|2005473.98.peg.961     0.697  24  0.673  24  0.810  16  0.673   0.673 Y  0.570      SignalP-noTM
fig|2005473.98.peg.962     0.314  22  0.479  22  0.844  16  0.708   0.568 Y  0.450      SignalP-TM
fig|2005473.98.peg.963     0.593  28  0.729  28  0.949  18  0.803   0.758 Y  0.450      SignalP-TM
fig|2005473.98.peg.963     0.780  28  0.817  28  0.963  19  0.870   0.842 Y  0.570      SignalP-noTM
fig|2005473.98.peg.966     0.419  27  0.495  27  0.854  21  0.673   0.579 Y  0.570      SignalP-noTM
fig|2005473.98.peg.972     0.511  26  0.616  26  0.856  21  0.764   0.686 Y  0.570      SignalP-noTM
fig|2005473.98.peg.972     0.632  26  0.692  26  0.843  20  0.732   0.707 Y  0.450      SignalP-TM
fig|2005473.98.peg.979     0.367  24  0.556  24  0.963  17  0.852   0.695 Y  0.570      SignalP-noTM
fig|2005473.98.peg.982     0.373  28  0.463  28  0.723   1  0.562   0.502 Y  0.450      SignalP-TM
fig|2005473.98.peg.994     0.378  26  0.493  26  0.771  24  0.561   0.519 Y  0.450      SignalP-TM
fig|2005473.98.peg.995     0.202  20  0.353  20  0.876   1  0.680   0.480 Y  0.450      SignalP-TM
fig|2005473.98.peg.995     0.369  20  0.550  20  0.904   2  0.839   0.686 Y  0.570      SignalP-noTM
fig|2005473.98.peg.998     0.868  21  0.889  21  0.972  18  0.906   0.897 Y  0.570      SignalP-noTM
fig|2005473.98.peg.999     0.357  29  0.408  29  0.880   3  0.617   0.490 Y  0.450      SignalP-TM
fig|2005473.98.peg.999     0.701  21  0.777  21  0.918   1  0.867   0.819 Y  0.570      SignalP-noTM
