fig|2005473.104.peg.1002   0.170  34  0.306  22  0.895   6  0.815   0.504 Y  0.450      SignalP-TM
fig|2005473.104.peg.1002   0.200  23  0.426  23  0.961   3  0.920   0.658 Y  0.570      SignalP-noTM
fig|2005473.104.peg.1009   0.375  23  0.553  23  0.932   6  0.839   0.664 Y  0.450      SignalP-TM
fig|2005473.104.peg.1009   0.567  23  0.673  23  0.921   4  0.843   0.753 Y  0.570      SignalP-noTM
fig|2005473.104.peg.1012   0.376  43  0.360  29  0.753  13  0.596   0.452 Y  0.450      SignalP-TM
fig|2005473.104.peg.1013   0.614  29  0.624  29  0.734  22  0.505   0.578 Y  0.450      SignalP-TM
fig|2005473.104.peg.1015   0.158  32  0.337  32  0.884  15  0.693   0.475 Y  0.450      SignalP-TM
fig|2005473.104.peg.1015   0.574  32  0.710  32  0.942  22  0.824   0.764 Y  0.570      SignalP-noTM
fig|2005473.104.peg.1016   0.215  26  0.402  23  0.928  16  0.839   0.572 Y  0.450      SignalP-TM
fig|2005473.104.peg.1016   0.420  21  0.583  21  0.888  19  0.833   0.700 Y  0.570      SignalP-noTM
fig|2005473.104.peg.1021   0.165  25  0.329  18  0.787   5  0.727   0.484 Y  0.450      SignalP-TM
fig|2005473.104.peg.1021   0.490  19  0.659  19  0.959  17  0.880   0.763 Y  0.570      SignalP-noTM
fig|2005473.104.peg.1030   0.573  27  0.561  27  0.674  23  0.435   0.512 Y  0.450      SignalP-TM
fig|2005473.104.peg.1039   0.276  23  0.470  23  0.937  13  0.847   0.647 Y  0.570      SignalP-noTM
fig|2005473.104.peg.1040   0.222  35  0.351  24  0.952  10  0.893   0.606 Y  0.570      SignalP-noTM
fig|2005473.104.peg.1040   0.514  35  0.521  35  0.923  11  0.738   0.606 Y  0.450      SignalP-TM
fig|2005473.104.peg.1041   0.259  23  0.476  23  0.942  16  0.863   0.627 Y  0.450      SignalP-TM
fig|2005473.104.peg.1041   0.329  25  0.518  23  0.914  10  0.870   0.683 Y  0.570      SignalP-noTM
fig|2005473.104.peg.1042   0.613  24  0.689  24  0.916  19  0.803   0.743 Y  0.570      SignalP-noTM
fig|2005473.104.peg.1042   0.755  24  0.710  24  0.835  20  0.694   0.703 Y  0.450      SignalP-TM
fig|2005473.104.peg.1043   0.341  25  0.502  25  0.845  21  0.610   0.545 Y  0.450      SignalP-TM
fig|2005473.104.peg.1043   0.731  25  0.788  25  0.912  21  0.830   0.808 Y  0.570      SignalP-noTM
fig|2005473.104.peg.1048   0.448  28  0.600  28  0.952   9  0.850   0.718 Y  0.570      SignalP-noTM
fig|2005473.104.peg.1048   0.594  28  0.610  28  0.911  14  0.679   0.637 Y  0.450      SignalP-TM
fig|2005473.104.peg.1049   0.372  26  0.543  26  0.892  19  0.796   0.642 Y  0.450      SignalP-TM
fig|2005473.104.peg.1049   0.707  26  0.795  26  0.974  23  0.879   0.834 Y  0.570      SignalP-noTM
fig|2005473.104.peg.1050   0.451  29  0.630  29  0.944  12  0.872   0.724 Y  0.450      SignalP-TM
fig|2005473.104.peg.1050   0.843  29  0.895  29  0.981  20  0.948   0.920 Y  0.570      SignalP-noTM
fig|2005473.104.peg.1051   0.264  25  0.447  25  0.900  10  0.807   0.616 Y  0.570      SignalP-noTM
fig|2005473.104.peg.1051   0.342  24  0.472  24  0.799   8  0.663   0.546 Y  0.450      SignalP-TM
fig|2005473.104.peg.1052   0.370  36  0.555  25  0.899  12  0.806   0.653 Y  0.450      SignalP-TM
fig|2005473.104.peg.1052   0.474  25  0.643  25  0.952  11  0.863   0.746 Y  0.570      SignalP-noTM
fig|2005473.104.peg.1053   0.143  35  0.307  20  0.894   7  0.810   0.503 Y  0.450      SignalP-TM
fig|2005473.104.peg.1053   0.334  20  0.541  20  0.944   7  0.895   0.707 Y  0.570      SignalP-noTM
fig|2005473.104.peg.1055   0.262  39  0.448  23  0.884  13  0.828   0.596 Y  0.450      SignalP-TM
fig|2005473.104.peg.1055   0.383  24  0.594  24  0.975  14  0.932   0.753 Y  0.570      SignalP-noTM
fig|2005473.104.peg.1056   0.267  19  0.430  19  0.863  17  0.703   0.536 Y  0.450      SignalP-TM
fig|2005473.104.peg.1056   0.684  19  0.677  19  0.883  18  0.708   0.691 Y  0.570      SignalP-noTM
fig|2005473.104.peg.1057   0.243  27  0.407  24  0.966  11  0.861   0.621 Y  0.570      SignalP-noTM
fig|2005473.104.peg.1057   0.275  26  0.443  26  0.842   7  0.764   0.569 Y  0.450      SignalP-TM
fig|2005473.104.peg.1059   0.478  25  0.555  25  0.901   7  0.743   0.629 Y  0.450      SignalP-TM
fig|2005473.104.peg.1059   0.530  25  0.665  25  0.925  10  0.874   0.763 Y  0.570      SignalP-noTM
fig|2005473.104.peg.106    0.443  20  0.634  20  0.930   5  0.910   0.741 Y  0.450      SignalP-TM
fig|2005473.104.peg.106    0.798  20  0.884  20  0.990  17  0.965   0.922 Y  0.570      SignalP-noTM
fig|2005473.104.peg.1061   0.533  37  0.580  37  0.844  33  0.414   0.518 Y  0.510      SignalP-TM
fig|2005473.104.peg.1065   0.168  35  0.334  26  0.934  16  0.864   0.541 Y  0.450      SignalP-TM
fig|2005473.104.peg.1065   0.265  26  0.466  26  0.966  11  0.875   0.658 Y  0.570      SignalP-noTM
fig|2005473.104.peg.1069   0.258  23  0.438  20  0.925   1  0.842   0.628 Y  0.570      SignalP-noTM
fig|2005473.104.peg.1074   0.193  22  0.405  22  0.928   8  0.858   0.582 Y  0.450      SignalP-TM
fig|2005473.104.peg.1074   0.347  22  0.569  22  0.962  20  0.932   0.740 Y  0.570      SignalP-noTM
fig|2005473.104.peg.1075   0.334  27  0.504  27  0.905  20  0.742   0.597 Y  0.450      SignalP-TM
fig|2005473.104.peg.1075   0.607  27  0.668  27  0.906  11  0.806   0.733 Y  0.570      SignalP-noTM
fig|2005473.104.peg.108    0.549  31  0.565  31  0.765  15  0.594   0.576 Y  0.450      SignalP-TM
fig|2005473.104.peg.1095   0.503  23  0.624  23  0.864  19  0.760   0.677 Y  0.450      SignalP-TM
fig|2005473.104.peg.1095   0.713  23  0.769  23  0.920  19  0.838   0.801 Y  0.570      SignalP-noTM
fig|2005473.104.peg.1096   0.584  28  0.616  28  0.901  20  0.739   0.674 Y  0.570      SignalP-noTM
fig|2005473.104.peg.1096   0.589  27  0.625  27  0.823  11  0.669   0.642 Y  0.450      SignalP-TM
fig|2005473.104.peg.1097   0.234  24  0.466  24  0.972  17  0.940   0.651 Y  0.450      SignalP-TM
fig|2005473.104.peg.1097   0.281  24  0.497  18  0.978  10  0.958   0.714 Y  0.570      SignalP-noTM
fig|2005473.104.peg.1098   0.179  20  0.367  20  0.855   1  0.771   0.524 Y  0.450      SignalP-TM
fig|2005473.104.peg.1102   0.245  22  0.471  22  0.966  11  0.914   0.679 Y  0.570      SignalP-noTM
fig|2005473.104.peg.1107   0.334  27  0.502  27  0.946   7  0.836   0.632 Y  0.450      SignalP-TM
fig|2005473.104.peg.1107   0.453  22  0.644  22  0.954  10  0.922   0.775 Y  0.570      SignalP-noTM
fig|2005473.104.peg.1109   0.324  23  0.540  23  0.934  19  0.874   0.697 Y  0.570      SignalP-noTM
fig|2005473.104.peg.1109   0.522  23  0.595  23  0.724  13  0.661   0.621 Y  0.450      SignalP-TM
fig|2005473.104.peg.1110   0.324  24  0.477  24  0.885  22  0.687   0.576 Y  0.570      SignalP-noTM
fig|2005473.104.peg.1112   0.475  28  0.496  21  0.779  16  0.714   0.581 Y  0.450      SignalP-TM
fig|2005473.104.peg.1112   0.845  21  0.867  21  0.957  17  0.895   0.881 Y  0.570      SignalP-noTM
fig|2005473.104.peg.1113   0.249  22  0.404  21  0.872   4  0.726   0.530 Y  0.450      SignalP-TM
fig|2005473.104.peg.1113   0.511  21  0.651  21  0.934   4  0.862   0.750 Y  0.570      SignalP-noTM
fig|2005473.104.peg.1119   0.246  20  0.417  20  0.784   4  0.727   0.538 Y  0.450      SignalP-TM
fig|2005473.104.peg.1119   0.635  20  0.730  20  0.917  13  0.835   0.779 Y  0.570      SignalP-noTM
fig|2005473.104.peg.113    0.435  21  0.512  21  0.694  17  0.576   0.537 Y  0.450      SignalP-TM
fig|2005473.104.peg.1135   0.360  24  0.504  24  0.899  14  0.751   0.621 Y  0.570      SignalP-noTM
fig|2005473.104.peg.1135   0.429  24  0.573  24  0.888   6  0.807   0.665 Y  0.450      SignalP-TM
fig|2005473.104.peg.1141   0.329  26  0.542  26  0.935  16  0.890   0.678 Y  0.450      SignalP-TM
fig|2005473.104.peg.1141   0.614  26  0.624  26  0.796  22  0.566   0.603 Y  0.510      SignalP-TM
fig|2005473.104.peg.1160   0.319  26  0.473  26  0.841  23  0.619   0.530 Y  0.450      SignalP-TM
fig|2005473.104.peg.1161   0.546  27  0.699  27  0.965  10  0.914   0.783 Y  0.450      SignalP-TM
fig|2005473.104.peg.1161   0.857  27  0.890  27  0.963  23  0.933   0.910 Y  0.570      SignalP-noTM
fig|2005473.104.peg.1174   0.194  55  0.343  22  0.859  13  0.710   0.487 Y  0.450      SignalP-TM
fig|2005473.104.peg.1174   0.596  22  0.543  22  0.590   3  0.502   0.528 Y  0.510      SignalP-TM
fig|2005473.104.peg.1187   0.383  23  0.550  23  0.902  20  0.702   0.609 Y  0.450      SignalP-TM
fig|2005473.104.peg.1187   0.398  23  0.564  23  0.930  19  0.790   0.670 Y  0.570      SignalP-noTM
fig|2005473.104.peg.1192   0.232  18  0.456  18  0.921  17  0.896   0.628 Y  0.450      SignalP-TM
fig|2005473.104.peg.1192   0.360  18  0.576  18  0.957   8  0.922   0.738 Y  0.570      SignalP-noTM
fig|2005473.104.peg.1198   0.349  41  0.446  41  0.895  18  0.722   0.554 Y  0.450      SignalP-TM
fig|2005473.104.peg.1206   0.414  25  0.450  25  0.698   1  0.544   0.487 Y  0.450      SignalP-TM
fig|2005473.104.peg.1206   0.640  25  0.610  25  0.898   1  0.727   0.665 Y  0.570      SignalP-noTM
fig|2005473.104.peg.1215   0.342  20  0.458  20  0.710   2  0.625   0.523 Y  0.450      SignalP-TM
fig|2005473.104.peg.1215   0.828  20  0.808  20  0.861  18  0.791   0.800 Y  0.570      SignalP-noTM
fig|2005473.104.peg.1218   0.249  21  0.409  21  0.821  16  0.665   0.509 Y  0.450      SignalP-TM
fig|2005473.104.peg.1222   0.346  19  0.493  19  0.812   3  0.721   0.582 Y  0.450      SignalP-TM
fig|2005473.104.peg.1222   0.349  19  0.519  19  0.838  12  0.763   0.634 Y  0.570      SignalP-noTM
fig|2005473.104.peg.1224   0.876  39  0.890  39  0.961  31  0.554   0.732 Y  0.570      SignalP-noTM
fig|2005473.104.peg.1226   0.184  22  0.382  22  0.917  18  0.810   0.549 Y  0.450      SignalP-TM
fig|2005473.104.peg.1226   0.800  22  0.847  22  0.950  17  0.911   0.877 Y  0.570      SignalP-noTM
fig|2005473.104.peg.1227   0.128  19  0.296  19  0.784  18  0.698   0.453 Y  0.450      SignalP-TM
fig|2005473.104.peg.1227   0.253  22  0.461  22  0.935  18  0.851   0.644 Y  0.570      SignalP-noTM
fig|2005473.104.peg.1232   0.172  28  0.303  20  0.818   8  0.701   0.459 Y  0.450      SignalP-TM
fig|2005473.104.peg.1232   0.390  20  0.592  20  0.946  18  0.881   0.728 Y  0.570      SignalP-noTM
fig|2005473.104.peg.1233   0.432  25  0.566  25  0.957   6  0.826   0.668 Y  0.450      SignalP-TM
fig|2005473.104.peg.1233   0.679  25  0.741  25  0.982  12  0.885   0.809 Y  0.570      SignalP-noTM
fig|2005473.104.peg.1235   0.304  31  0.457  31  0.943  16  0.747   0.570 Y  0.450      SignalP-TM
fig|2005473.104.peg.1239   0.171  34  0.397  34  0.970  21  0.785   0.579 Y  0.570      SignalP-noTM
fig|2005473.104.peg.1239   0.187  37  0.373  37  0.921  21  0.708   0.503 Y  0.450      SignalP-TM
fig|2005473.104.peg.1246   0.467  25  0.590  25  0.836  12  0.723   0.642 Y  0.450      SignalP-TM
fig|2005473.104.peg.1246   0.710  25  0.778  25  0.968  14  0.881   0.826 Y  0.570      SignalP-noTM
fig|2005473.104.peg.1247   0.268  21  0.487  21  0.933  17  0.863   0.634 Y  0.450      SignalP-TM
fig|2005473.104.peg.1247   0.708  21  0.780  21  0.915  17  0.853   0.814 Y  0.570      SignalP-noTM
fig|2005473.104.peg.1248   0.207  43  0.330  23  0.834   2  0.648   0.454 Y  0.450      SignalP-TM
fig|2005473.104.peg.1257   0.262  21  0.488  21  0.954  17  0.858   0.632 Y  0.450      SignalP-TM
fig|2005473.104.peg.1257   0.464  21  0.665  21  0.974  11  0.941   0.795 Y  0.570      SignalP-noTM
fig|2005473.104.peg.1258   0.197  29  0.325  19  0.873  10  0.776   0.501 Y  0.450      SignalP-TM
fig|2005473.104.peg.1258   0.685  24  0.709  24  0.905  14  0.793   0.748 Y  0.570      SignalP-noTM
fig|2005473.104.peg.1261   0.634  42  0.745  42  0.937  38  0.535   0.646 Y  0.570      SignalP-noTM
fig|2005473.104.peg.1264   0.733  28  0.756  28  0.928  14  0.829   0.784 Y  0.450      SignalP-TM
fig|2005473.104.peg.1264   0.822  28  0.851  28  0.973  16  0.909   0.879 Y  0.570      SignalP-noTM
fig|2005473.104.peg.1265   0.664  26  0.589  26  0.754  19  0.522   0.564 Y  0.510      SignalP-TM
fig|2005473.104.peg.1271   0.735  24  0.740  24  0.814   7  0.753   0.745 Y  0.450      SignalP-TM
fig|2005473.104.peg.1271   0.785  24  0.850  24  0.966  12  0.929   0.887 Y  0.570      SignalP-noTM
fig|2005473.104.peg.1272   0.196  31  0.317  31  0.848  16  0.682   0.460 Y  0.450      SignalP-TM
fig|2005473.104.peg.1273   0.537  33  0.527  33  0.767  26  0.460   0.501 Y  0.450      SignalP-TM
fig|2005473.104.peg.1298   0.284  25  0.511  25  0.944  19  0.807   0.626 Y  0.450      SignalP-TM
fig|2005473.104.peg.1298   0.693  25  0.824  25  0.992  18  0.954   0.885 Y  0.570      SignalP-noTM
fig|2005473.104.peg.13     0.209  21  0.420  21  0.943  17  0.877   0.635 Y  0.570      SignalP-noTM
fig|2005473.104.peg.13     0.235  45  0.362  21  0.929   4  0.830   0.545 Y  0.450      SignalP-TM
fig|2005473.104.peg.1301   0.262  24  0.462  24  0.884  13  0.758   0.577 Y  0.450      SignalP-TM
fig|2005473.104.peg.1301   0.648  24  0.726  24  0.927  18  0.813   0.767 Y  0.570      SignalP-noTM
fig|2005473.104.peg.1302   0.380  22  0.568  22  0.928  15  0.828   0.690 Y  0.570      SignalP-noTM
fig|2005473.104.peg.1302   0.405  22  0.515  22  0.787   4  0.691   0.584 Y  0.450      SignalP-TM
fig|2005473.104.peg.1303   0.291  29  0.419  29  0.878  18  0.680   0.521 Y  0.450      SignalP-TM
fig|2005473.104.peg.1303   0.747  22  0.831  22  0.951  12  0.918   0.872 Y  0.570      SignalP-noTM
fig|2005473.104.peg.1316   0.143  36  0.303  16  0.952  12  0.910   0.540 Y  0.450      SignalP-TM
fig|2005473.104.peg.1316   0.146  21  0.360  21  0.932   6  0.894   0.611 Y  0.570      SignalP-noTM
fig|2005473.104.peg.1319   0.223  22  0.417  22  0.920   3  0.824   0.608 Y  0.570      SignalP-noTM
fig|2005473.104.peg.1319   0.342  22  0.520  22  0.872  18  0.767   0.616 Y  0.450      SignalP-TM
fig|2005473.104.peg.1322   0.266  27  0.376  27  0.847  17  0.627   0.474 Y  0.450      SignalP-TM
fig|2005473.104.peg.1322   0.583  20  0.733  20  0.967  18  0.911   0.817 Y  0.570      SignalP-noTM
fig|2005473.104.peg.1341   0.480  23  0.591  23  0.837  10  0.752   0.654 Y  0.450      SignalP-TM
fig|2005473.104.peg.1341   0.627  23  0.753  23  0.959  14  0.913   0.828 Y  0.570      SignalP-noTM
fig|2005473.104.peg.1350   0.382  23  0.437  23  0.722  19  0.480   0.454 Y  0.450      SignalP-TM
fig|2005473.104.peg.1350   0.723  23  0.762  23  0.908  19  0.784   0.772 Y  0.570      SignalP-noTM
fig|2005473.104.peg.1356   0.366  24  0.486  24  0.812   7  0.698   0.569 Y  0.450      SignalP-TM
fig|2005473.104.peg.1356   0.501  22  0.667  22  0.952  20  0.899   0.776 Y  0.570      SignalP-noTM
fig|2005473.104.peg.1359   0.651  26  0.729  26  0.928  13  0.818   0.764 Y  0.450      SignalP-TM
fig|2005473.104.peg.1359   0.739  26  0.819  26  0.995  15  0.937   0.874 Y  0.570      SignalP-noTM
fig|2005473.104.peg.136    0.261  23  0.435  23  0.851   4  0.752   0.559 Y  0.450      SignalP-TM
fig|2005473.104.peg.136    0.361  23  0.529  21  0.897  11  0.845   0.677 Y  0.570      SignalP-noTM
fig|2005473.104.peg.1367   0.424  24  0.598  24  0.902   9  0.853   0.697 Y  0.450      SignalP-TM
fig|2005473.104.peg.1367   0.820  24  0.855  24  0.974  10  0.914   0.882 Y  0.570      SignalP-noTM
fig|2005473.104.peg.1369   0.337  24  0.498  24  0.924   9  0.796   0.614 Y  0.450      SignalP-TM
fig|2005473.104.peg.1369   0.544  24  0.664  24  0.938  11  0.860   0.757 Y  0.570      SignalP-noTM
fig|2005473.104.peg.1373   0.864  23  0.866  23  0.930  20  0.829   0.851 Y  0.450      SignalP-TM
fig|2005473.104.peg.1373   0.883  23  0.901  23  0.944  19  0.895   0.898 Y  0.570      SignalP-noTM
fig|2005473.104.peg.1377   0.478  26  0.585  26  0.985  12  0.835   0.703 Y  0.570      SignalP-noTM
fig|2005473.104.peg.1377   0.493  26  0.627  26  0.953   9  0.847   0.713 Y  0.450      SignalP-TM
fig|2005473.104.peg.1381   0.264  30  0.441  30  0.811  26  0.673   0.531 Y  0.450      SignalP-TM
fig|2005473.104.peg.1381   0.589  30  0.684  30  0.920  24  0.722   0.702 Y  0.570      SignalP-noTM
fig|2005473.104.peg.1383   0.341  31  0.509  31  0.903  24  0.760   0.607 Y  0.450      SignalP-TM
fig|2005473.104.peg.1383   0.380  29  0.561  29  0.966  25  0.878   0.710 Y  0.570      SignalP-noTM
fig|2005473.104.peg.1389   0.153  34  0.326  26  0.848  22  0.740   0.488 Y  0.450      SignalP-TM
fig|2005473.104.peg.1398   0.151  25  0.310  25  0.818   7  0.670   0.451 Y  0.450      SignalP-TM
fig|2005473.104.peg.1398   0.345  25  0.505  25  0.929   6  0.811   0.649 Y  0.570      SignalP-noTM
fig|2005473.104.peg.1399   0.215  34  0.336  18  0.941   7  0.908   0.559 Y  0.450      SignalP-TM
fig|2005473.104.peg.1399   0.346  21  0.576  21  0.981  15  0.955   0.754 Y  0.570      SignalP-noTM
fig|2005473.104.peg.140    0.191  27  0.333  27  0.797   6  0.644   0.454 Y  0.450      SignalP-TM
fig|2005473.104.peg.140    0.446  23  0.625  23  0.950  19  0.879   0.744 Y  0.570      SignalP-noTM
fig|2005473.104.peg.1408   0.164  23  0.390  23  0.981  11  0.921   0.597 Y  0.450      SignalP-TM
fig|2005473.104.peg.1408   0.284  23  0.521  23  0.979  11  0.952   0.724 Y  0.570      SignalP-noTM
fig|2005473.104.peg.141    0.201  26  0.376  26  0.807  17  0.688   0.497 Y  0.450      SignalP-TM
fig|2005473.104.peg.1411   0.225  25  0.389  25  0.826  20  0.614   0.476 Y  0.450      SignalP-TM
fig|2005473.104.peg.1411   0.393  25  0.565  25  0.887  17  0.776   0.664 Y  0.570      SignalP-noTM
fig|2005473.104.peg.1420   0.155  34  0.313  18  0.847  10  0.758   0.486 Y  0.450      SignalP-TM
fig|2005473.104.peg.1421   0.201  29  0.385  29  0.930  19  0.804   0.548 Y  0.450      SignalP-TM
fig|2005473.104.peg.1423   0.360  29  0.532  29  0.989  11  0.888   0.699 Y  0.570      SignalP-noTM
fig|2005473.104.peg.1423   0.515  29  0.690  29  0.965  17  0.916   0.778 Y  0.450      SignalP-TM
fig|2005473.104.peg.1424   0.214  32  0.392  21  0.927  11  0.882   0.583 Y  0.450      SignalP-TM
fig|2005473.104.peg.146    0.355  25  0.557  25  0.953   6  0.906   0.721 Y  0.570      SignalP-noTM
fig|2005473.104.peg.146    0.382  35  0.459  35  0.954  12  0.759   0.576 Y  0.450      SignalP-TM
fig|2005473.104.peg.1464   0.273  27  0.453  27  0.891  19  0.780   0.581 Y  0.450      SignalP-TM
fig|2005473.104.peg.1464   0.682  20  0.804  20  0.959  15  0.929   0.863 Y  0.570      SignalP-noTM
fig|2005473.104.peg.1466   0.197  24  0.364  24  0.748   9  0.632   0.469 Y  0.450      SignalP-TM
fig|2005473.104.peg.1466   0.524  24  0.685  24  0.951  18  0.895   0.784 Y  0.570      SignalP-noTM
fig|2005473.104.peg.1481   0.248  25  0.395  25  0.845   9  0.694   0.512 Y  0.450      SignalP-TM
fig|2005473.104.peg.1481   0.557  25  0.664  25  0.887  10  0.822   0.738 Y  0.570      SignalP-noTM
fig|2005473.104.peg.1482   0.676  23  0.559  23  0.552  17  0.446   0.518 Y  0.510      SignalP-TM
fig|2005473.104.peg.1482   0.781  23  0.585  23  0.587   1  0.478   0.543 Y  0.450      SignalP-TM
fig|2005473.104.peg.1485   0.310  41  0.400  41  0.932  10  0.721   0.525 Y  0.450      SignalP-TM
fig|2005473.104.peg.1485   0.377  41  0.522  26  0.978  13  0.882   0.691 Y  0.570      SignalP-noTM
fig|2005473.104.peg.1489   0.217  20  0.454  20  0.977  16  0.928   0.639 Y  0.450      SignalP-TM
fig|2005473.104.peg.1489   0.710  20  0.826  20  0.986  17  0.948   0.884 Y  0.570      SignalP-noTM
fig|2005473.104.peg.1510   0.148  24  0.332  20  0.876  16  0.741   0.492 Y  0.450      SignalP-TM
fig|2005473.104.peg.1523   0.460  26  0.527  26  0.679  20  0.574   0.545 Y  0.450      SignalP-TM
fig|2005473.104.peg.1523   0.712  26  0.787  26  0.949  19  0.859   0.821 Y  0.570      SignalP-noTM
fig|2005473.104.peg.1527   0.314  23  0.432  23  0.679  14  0.519   0.466 Y  0.450      SignalP-TM
fig|2005473.104.peg.153    0.226  20  0.373  20  0.844   6  0.670   0.489 Y  0.450      SignalP-TM
fig|2005473.104.peg.153    0.402  20  0.580  20  0.944   8  0.861   0.712 Y  0.570      SignalP-noTM
fig|2005473.104.peg.1536   0.396  24  0.543  24  0.875  14  0.722   0.613 Y  0.450      SignalP-TM
fig|2005473.104.peg.1536   0.611  24  0.752  24  0.975  17  0.911   0.827 Y  0.570      SignalP-noTM
fig|2005473.104.peg.154    0.577  22  0.686  22  0.885  14  0.786   0.725 Y  0.450      SignalP-TM
fig|2005473.104.peg.154    0.774  22  0.857  22  0.978  19  0.923   0.888 Y  0.570      SignalP-noTM
fig|2005473.104.peg.1544   0.698  22  0.705  22  0.854   2  0.737   0.718 Y  0.450      SignalP-TM
fig|2005473.104.peg.1544   0.845  22  0.858  22  0.915  11  0.869   0.863 Y  0.570      SignalP-noTM
fig|2005473.104.peg.1555   0.222  28  0.386  21  0.945  16  0.852   0.568 Y  0.450      SignalP-TM
fig|2005473.104.peg.1555   0.440  20  0.628  20  0.976  18  0.861   0.738 Y  0.570      SignalP-noTM
fig|2005473.104.peg.1559   0.358  27  0.513  27  0.870  11  0.748   0.605 Y  0.450      SignalP-TM
fig|2005473.104.peg.1559   0.660  27  0.727  27  0.902   5  0.827   0.774 Y  0.570      SignalP-noTM
fig|2005473.104.peg.1566   0.205  31  0.370  31  0.872  22  0.671   0.487 Y  0.450      SignalP-TM
fig|2005473.104.peg.1569   0.295  26  0.470  26  0.862  23  0.759   0.583 Y  0.450      SignalP-TM
fig|2005473.104.peg.1569   0.534  30  0.710  26  0.970  14  0.947   0.821 Y  0.570      SignalP-noTM
fig|2005473.104.peg.1578   0.251  23  0.472  23  0.944  15  0.840   0.616 Y  0.450      SignalP-TM
fig|2005473.104.peg.1578   0.473  23  0.630  23  0.909  22  0.832   0.725 Y  0.570      SignalP-noTM
fig|2005473.104.peg.158    0.287  21  0.409  21  0.734   6  0.617   0.490 Y  0.450      SignalP-TM
fig|2005473.104.peg.158    0.812  21  0.868  21  0.963  13  0.921   0.893 Y  0.570      SignalP-noTM
fig|2005473.104.peg.1580   0.270  22  0.488  22  0.964  15  0.885   0.643 Y  0.450      SignalP-TM
fig|2005473.104.peg.1580   0.462  22  0.651  22  0.978  11  0.931   0.782 Y  0.570      SignalP-noTM
fig|2005473.104.peg.1581   0.209  23  0.347  23  0.812   6  0.641   0.462 Y  0.450      SignalP-TM
fig|2005473.104.peg.1581   0.302  23  0.496  23  0.902  20  0.820   0.648 Y  0.570      SignalP-noTM
fig|2005473.104.peg.1582   0.242  33  0.419  33  0.833  28  0.578   0.481 Y  0.450      SignalP-TM
fig|2005473.104.peg.1582   0.347  33  0.560  33  0.973  27  0.795   0.671 Y  0.570      SignalP-noTM
fig|2005473.104.peg.159    0.250  33  0.408  21  0.958  14  0.902   0.601 Y  0.450      SignalP-TM
fig|2005473.104.peg.159    0.683  21  0.801  21  0.979  10  0.942   0.867 Y  0.570      SignalP-noTM
fig|2005473.104.peg.1591   0.379  25  0.558  25  0.927   7  0.857   0.699 Y  0.570      SignalP-noTM
fig|2005473.104.peg.1591   0.454  24  0.641  24  0.958   9  0.893   0.739 Y  0.450      SignalP-TM
fig|2005473.104.peg.1594   0.590  20  0.657  20  0.757  19  0.700   0.674 Y  0.450      SignalP-TM
fig|2005473.104.peg.1594   0.788  20  0.689  20  0.695  17  0.581   0.649 Y  0.510      SignalP-TM
fig|2005473.104.peg.160    0.309  23  0.519  23  0.909  12  0.841   0.645 Y  0.450      SignalP-TM
fig|2005473.104.peg.160    0.742  23  0.834  23  0.984  19  0.926   0.877 Y  0.570      SignalP-noTM
fig|2005473.104.peg.1606   0.186  20  0.412  20  0.951  18  0.910   0.606 Y  0.450      SignalP-TM
fig|2005473.104.peg.1606   0.432  20  0.597  20  0.894  15  0.834   0.709 Y  0.570      SignalP-noTM
fig|2005473.104.peg.161    0.688  20  0.753  20  0.885  17  0.806   0.778 Y  0.570      SignalP-noTM
fig|2005473.104.peg.1621   0.308  28  0.401  28  0.721  19  0.535   0.453 Y  0.450      SignalP-TM
fig|2005473.104.peg.1629   0.190  26  0.385  26  0.957   9  0.851   0.566 Y  0.450      SignalP-TM
fig|2005473.104.peg.1629   0.375  26  0.576  26  0.983  14  0.923   0.739 Y  0.570      SignalP-noTM
fig|2005473.104.peg.1633   0.174  21  0.344  21  0.803  13  0.680   0.475 Y  0.450      SignalP-TM
fig|2005473.104.peg.1634   0.127  29  0.282  16  0.844   5  0.732   0.457 Y  0.450      SignalP-TM
fig|2005473.104.peg.1662   0.179  22  0.401  22  0.949  17  0.884   0.589 Y  0.450      SignalP-TM
fig|2005473.104.peg.1662   0.487  20  0.681  20  0.970  16  0.936   0.801 Y  0.570      SignalP-noTM
fig|2005473.104.peg.1664   0.230  36  0.372  36  0.891  15  0.719   0.507 Y  0.450      SignalP-TM
fig|2005473.104.peg.1669   0.577  25  0.634  25  0.815  19  0.619   0.629 Y  0.450      SignalP-TM
fig|2005473.104.peg.1669   0.797  25  0.802  25  0.912  21  0.813   0.807 Y  0.570      SignalP-noTM
fig|2005473.104.peg.1670   0.185  24  0.415  24  0.960  15  0.919   0.612 Y  0.450      SignalP-TM
fig|2005473.104.peg.1670   0.212  24  0.447  24  0.966  12  0.946   0.681 Y  0.570      SignalP-noTM
fig|2005473.104.peg.1671   0.143  61  0.301  20  0.889  12  0.771   0.484 Y  0.450      SignalP-TM
fig|2005473.104.peg.1671   0.164  35  0.348  20  0.931  14  0.834   0.576 Y  0.570      SignalP-noTM
fig|2005473.104.peg.1672   0.245  37  0.389  28  0.889  17  0.749   0.529 Y  0.450      SignalP-TM
fig|2005473.104.peg.1673   0.146  23  0.360  23  0.956  17  0.901   0.615 Y  0.570      SignalP-noTM
fig|2005473.104.peg.1684   0.155  29  0.317  21  0.899  18  0.770   0.494 Y  0.450      SignalP-TM
fig|2005473.104.peg.1685   0.256  25  0.480  25  0.968   9  0.917   0.650 Y  0.450      SignalP-TM
fig|2005473.104.peg.1685   0.779  25  0.866  25  0.997  12  0.972   0.916 Y  0.570      SignalP-noTM
fig|2005473.104.peg.169    0.254  25  0.362  21  0.849   6  0.702   0.495 Y  0.450      SignalP-TM
fig|2005473.104.peg.169    0.551  21  0.725  21  0.977  17  0.949   0.830 Y  0.570      SignalP-noTM
fig|2005473.104.peg.1691   0.623  22  0.743  22  0.947  18  0.864   0.800 Y  0.570      SignalP-noTM
fig|2005473.104.peg.1692   0.190  31  0.334  29  0.768  12  0.642   0.454 Y  0.450      SignalP-TM
fig|2005473.104.peg.170    0.258  35  0.343  27  0.881   3  0.766   0.508 Y  0.450      SignalP-TM
fig|2005473.104.peg.170    0.356  27  0.491  27  0.910  11  0.777   0.625 Y  0.570      SignalP-noTM
fig|2005473.104.peg.1701   0.357  33  0.420  33  0.748   5  0.603   0.491 Y  0.450      SignalP-TM
fig|2005473.104.peg.1715   0.339  19  0.550  19  0.961  18  0.870   0.700 Y  0.570      SignalP-noTM
fig|2005473.104.peg.1739   0.195  20  0.365  20  0.747  12  0.664   0.481 Y  0.450      SignalP-TM
fig|2005473.104.peg.1739   0.255  20  0.464  20  0.922  17  0.847   0.644 Y  0.570      SignalP-noTM
fig|2005473.104.peg.1740   0.352  20  0.502  20  0.897  19  0.749   0.598 Y  0.450      SignalP-TM
fig|2005473.104.peg.1740   0.477  20  0.628  20  0.921  18  0.827   0.722 Y  0.570      SignalP-noTM
fig|2005473.104.peg.1743   0.301  20  0.495  20  0.898  10  0.808   0.643 Y  0.570      SignalP-noTM
fig|2005473.104.peg.1743   0.610  22  0.682  22  0.885  18  0.776   0.719 Y  0.450      SignalP-TM
fig|2005473.104.peg.1744   0.286  25  0.420  25  0.802  22  0.498   0.451 Y  0.450      SignalP-TM
fig|2005473.104.peg.1744   0.550  27  0.641  27  0.895  24  0.694   0.666 Y  0.570      SignalP-noTM
fig|2005473.104.peg.1748   0.374  33  0.481  33  0.833  17  0.615   0.534 Y  0.450      SignalP-TM
fig|2005473.104.peg.175    0.576  42  0.520  42  0.832  28  0.473   0.502 Y  0.450      SignalP-TM
fig|2005473.104.peg.1754   0.215  28  0.386  28  0.891  11  0.780   0.571 Y  0.570      SignalP-noTM
fig|2005473.104.peg.1754   0.261  33  0.380  33  0.852  15  0.671   0.494 Y  0.450      SignalP-TM
fig|2005473.104.peg.1784   0.235  24  0.444  24  0.946  13  0.866   0.643 Y  0.570      SignalP-noTM
fig|2005473.104.peg.1784   0.239  26  0.424  26  0.844  17  0.755   0.553 Y  0.450      SignalP-TM
fig|2005473.104.peg.1786   0.268  25  0.489  25  0.948  17  0.868   0.637 Y  0.450      SignalP-TM
fig|2005473.104.peg.1786   0.742  23  0.820  23  0.947  21  0.911   0.862 Y  0.570      SignalP-noTM
fig|2005473.104.peg.1787   0.190  19  0.368  19  0.868   3  0.749   0.516 Y  0.450      SignalP-TM
fig|2005473.104.peg.1787   0.566  19  0.715  19  0.926  16  0.902   0.803 Y  0.570      SignalP-noTM
fig|2005473.104.peg.1788   0.263  44  0.476  44  0.921  23  0.702   0.582 Y  0.570      SignalP-noTM
fig|2005473.104.peg.1788   0.305  51  0.441  51  0.833  40  0.605   0.505 Y  0.450      SignalP-TM
fig|2005473.104.peg.1789   0.233  26  0.410  26  0.953  15  0.818   0.602 Y  0.570      SignalP-noTM
fig|2005473.104.peg.1789   0.323  26  0.487  26  0.906   4  0.798   0.608 Y  0.450      SignalP-TM
fig|2005473.104.peg.1791   0.368  27  0.464  27  0.942   6  0.760   0.603 Y  0.570      SignalP-noTM
fig|2005473.104.peg.1791   0.681  27  0.718  27  0.943   8  0.835   0.763 Y  0.450      SignalP-TM
fig|2005473.104.peg.1805   0.339  21  0.498  21  0.833  19  0.731   0.589 Y  0.450      SignalP-TM
fig|2005473.104.peg.1812   0.543  26  0.623  26  0.867  14  0.729   0.664 Y  0.450      SignalP-TM
fig|2005473.104.peg.1812   0.563  26  0.545  26  0.721  16  0.533   0.540 Y  0.510      SignalP-TM
fig|2005473.104.peg.1813   0.366  39  0.497  37  0.849  28  0.665   0.562 Y  0.450      SignalP-TM
fig|2005473.104.peg.1814   0.402  22  0.608  22  0.944  14  0.924   0.732 Y  0.450      SignalP-TM
fig|2005473.104.peg.1814   0.740  22  0.834  22  0.957  14  0.936   0.882 Y  0.570      SignalP-noTM
fig|2005473.104.peg.1815   0.228  33  0.386  33  0.773  20  0.592   0.466 Y  0.450      SignalP-TM
fig|2005473.104.peg.1815   0.785  36  0.813  36  0.979  23  0.822   0.817 Y  0.570      SignalP-noTM
fig|2005473.104.peg.1821   0.187  18  0.403  18  0.885  11  0.864   0.582 Y  0.450      SignalP-TM
fig|2005473.104.peg.1821   0.309  18  0.513  18  0.908  12  0.849   0.671 Y  0.570      SignalP-noTM
fig|2005473.104.peg.1822   0.299  23  0.475  23  0.898   5  0.798   0.627 Y  0.570      SignalP-noTM
fig|2005473.104.peg.1823   0.448  43  0.565  36  0.971  28  0.783   0.667 Y  0.570      SignalP-noTM
fig|2005473.104.peg.1823   0.448  43  0.566  43  0.933  26  0.606   0.582 Y  0.450      SignalP-TM
fig|2005473.104.peg.1824   0.211  26  0.409  26  0.919  18  0.784   0.555 Y  0.450      SignalP-TM
fig|2005473.104.peg.1824   0.448  26  0.612  26  0.949  18  0.883   0.739 Y  0.570      SignalP-noTM
fig|2005473.104.peg.1827   0.250  23  0.446  23  0.911  16  0.784   0.578 Y  0.450      SignalP-TM
fig|2005473.104.peg.1829   0.198  29  0.378  29  0.838  13  0.721   0.512 Y  0.450      SignalP-TM
fig|2005473.104.peg.1831   0.576  31  0.601  31  0.809  24  0.606   0.603 Y  0.450      SignalP-TM
fig|2005473.104.peg.1840   0.139  28  0.270  12  0.858   3  0.737   0.452 Y  0.450      SignalP-TM
fig|2005473.104.peg.1840   0.260  20  0.463  20  0.939   1  0.851   0.646 Y  0.570      SignalP-noTM
fig|2005473.104.peg.1842   0.501  21  0.652  21  0.895   5  0.848   0.728 Y  0.450      SignalP-TM
fig|2005473.104.peg.1842   0.889  21  0.929  21  0.982   9  0.967   0.947 Y  0.570      SignalP-noTM
fig|2005473.104.peg.1849   0.417  32  0.363  18  0.904   4  0.825   0.580 Y  0.570      SignalP-noTM
fig|2005473.104.peg.1849   0.599  32  0.613  32  0.960  16  0.776   0.676 Y  0.450      SignalP-TM
fig|2005473.104.peg.185    0.144  26  0.349  18  0.954  15  0.905   0.610 Y  0.570      SignalP-noTM
fig|2005473.104.peg.185    0.205  23  0.406  23  0.919  16  0.743   0.538 Y  0.450      SignalP-TM
fig|2005473.104.peg.1855   0.192  25  0.407  25  0.912  23  0.816   0.599 Y  0.570      SignalP-noTM
fig|2005473.104.peg.186    0.284  29  0.417  29  0.845  15  0.696   0.526 Y  0.450      SignalP-TM
fig|2005473.104.peg.1870   0.242  21  0.433  21  0.882  14  0.767   0.590 Y  0.570      SignalP-noTM
fig|2005473.104.peg.1879   0.225  36  0.348  36  0.874  22  0.663   0.471 Y  0.450      SignalP-TM
fig|2005473.104.peg.1882   0.178  21  0.345  21  0.848  17  0.620   0.452 Y  0.450      SignalP-TM
fig|2005473.104.peg.1895   0.261  23  0.381  23  0.811   2  0.617   0.473 Y  0.450      SignalP-TM
fig|2005473.104.peg.1895   0.511  21  0.660  21  0.919   1  0.868   0.758 Y  0.570      SignalP-noTM
fig|2005473.104.peg.1896   0.242  21  0.403  21  0.795   4  0.708   0.522 Y  0.450      SignalP-TM
fig|2005473.104.peg.1896   0.693  21  0.776  21  0.924   1  0.888   0.829 Y  0.570      SignalP-noTM
fig|2005473.104.peg.1904   0.230  25  0.462  19  0.967  11  0.958   0.695 Y  0.570      SignalP-noTM
fig|2005473.104.peg.1904   0.571  31  0.651  31  0.967   9  0.854   0.730 Y  0.450      SignalP-TM
fig|2005473.104.peg.1907   0.195  20  0.376  20  0.775  16  0.683   0.496 Y  0.450      SignalP-TM
fig|2005473.104.peg.1909   0.546  22  0.477  22  0.611  20  0.422   0.456 Y  0.450      SignalP-TM
fig|2005473.104.peg.1911   0.420  30  0.545  30  0.913  14  0.767   0.632 Y  0.450      SignalP-TM
fig|2005473.104.peg.1911   0.748  24  0.835  24  0.970  10  0.933   0.881 Y  0.570      SignalP-noTM
fig|2005473.104.peg.1921   0.666  25  0.745  25  0.913   8  0.832   0.779 Y  0.450      SignalP-TM
fig|2005473.104.peg.1921   0.743  25  0.809  25  0.962  10  0.905   0.854 Y  0.570      SignalP-noTM
fig|2005473.104.peg.1923   0.220  25  0.377  25  0.839   9  0.677   0.494 Y  0.450      SignalP-TM
fig|2005473.104.peg.1923   0.284  25  0.460  25  0.900   4  0.789   0.615 Y  0.570      SignalP-noTM
fig|2005473.104.peg.1929   0.182  24  0.381  24  0.882  14  0.815   0.550 Y  0.450      SignalP-TM
fig|2005473.104.peg.1936   0.246  36  0.422  36  0.821  25  0.611   0.496 Y  0.450      SignalP-TM
fig|2005473.104.peg.1938   0.136  28  0.314  22  0.912   1  0.834   0.517 Y  0.450      SignalP-TM
fig|2005473.104.peg.1938   0.462  22  0.539  22  0.787   2  0.669   0.587 Y  0.510      SignalP-TM
fig|2005473.104.peg.194    0.576  27  0.691  27  0.964  21  0.883   0.781 Y  0.570      SignalP-noTM
fig|2005473.104.peg.194    0.586  27  0.601  27  0.759   9  0.622   0.609 Y  0.450      SignalP-TM
fig|2005473.104.peg.1944   0.210  16  0.432  16  0.933   6  0.886   0.609 Y  0.450      SignalP-TM
fig|2005473.104.peg.1944   0.325  16  0.546  16  0.939  15  0.917   0.720 Y  0.570      SignalP-noTM
fig|2005473.104.peg.1953   0.278  30  0.468  30  0.876  14  0.744   0.576 Y  0.450      SignalP-TM
fig|2005473.104.peg.1953   0.725  30  0.808  30  0.954  22  0.873   0.838 Y  0.570      SignalP-noTM
fig|2005473.104.peg.1967   0.231  21  0.405  21  0.823  11  0.717   0.527 Y  0.450      SignalP-TM
fig|2005473.104.peg.1967   0.690  21  0.751  21  0.906  18  0.825   0.786 Y  0.570      SignalP-noTM
fig|2005473.104.peg.1982   0.338  20  0.506  20  0.868  19  0.760   0.605 Y  0.450      SignalP-TM
fig|2005473.104.peg.1982   0.802  20  0.839  20  0.931  10  0.876   0.856 Y  0.570      SignalP-noTM
fig|2005473.104.peg.1985   0.426  22  0.604  22  0.923  17  0.844   0.717 Y  0.570      SignalP-noTM
fig|2005473.104.peg.1986   0.381  21  0.562  21  0.927   1  0.850   0.697 Y  0.570      SignalP-noTM
fig|2005473.104.peg.1986   0.682  28  0.590  28  0.858   6  0.664   0.619 Y  0.450      SignalP-TM
fig|2005473.104.peg.1987   0.252  24  0.449  24  0.900  21  0.829   0.628 Y  0.570      SignalP-noTM
fig|2005473.104.peg.1987   0.253  24  0.447  24  0.864  18  0.772   0.574 Y  0.450      SignalP-TM
fig|2005473.104.peg.1988   0.190  31  0.326  31  0.855   9  0.697   0.471 Y  0.450      SignalP-TM
fig|2005473.104.peg.1988   0.257  31  0.474  31  0.972  15  0.909   0.679 Y  0.570      SignalP-noTM
fig|2005473.104.peg.1990   0.221  22  0.417  22  0.924  20  0.761   0.579 Y  0.570      SignalP-noTM
fig|2005473.104.peg.1990   0.381  27  0.515  27  0.894  18  0.698   0.587 Y  0.450      SignalP-TM
fig|2005473.104.peg.1991   0.318  21  0.530  21  0.927  11  0.879   0.694 Y  0.570      SignalP-noTM
fig|2005473.104.peg.1992   0.302  25  0.501  25  0.947  21  0.765   0.604 Y  0.450      SignalP-TM
fig|2005473.104.peg.1992   0.659  23  0.711  23  0.880  20  0.764   0.736 Y  0.570      SignalP-noTM
fig|2005473.104.peg.1995   0.299  19  0.526  19  0.967  17  0.923   0.713 Y  0.570      SignalP-noTM
fig|2005473.104.peg.1995   0.430  28  0.550  28  0.914  17  0.773   0.637 Y  0.450      SignalP-TM
fig|2005473.104.peg.1996   0.320  28  0.517  28  0.953   9  0.881   0.688 Y  0.570      SignalP-noTM
fig|2005473.104.peg.1996   0.324  30  0.492  30  0.930  18  0.813   0.618 Y  0.450      SignalP-TM
fig|2005473.104.peg.2      0.196  19  0.369  19  0.780   8  0.706   0.501 Y  0.450      SignalP-TM
fig|2005473.104.peg.2      0.715  19  0.754  19  0.892  18  0.804   0.777 Y  0.570      SignalP-noTM
fig|2005473.104.peg.20     0.308  23  0.418  23  0.678  18  0.599   0.489 Y  0.450      SignalP-TM
fig|2005473.104.peg.200    0.141  29  0.311  17  0.929   1  0.891   0.584 Y  0.570      SignalP-noTM
fig|2005473.104.peg.200    0.189  30  0.321  30  0.879   2  0.661   0.454 Y  0.450      SignalP-TM
fig|2005473.104.peg.2027   0.530  22  0.607  22  0.855   5  0.737   0.658 Y  0.450      SignalP-TM
fig|2005473.104.peg.2027   0.775  22  0.758  22  0.911  11  0.793   0.774 Y  0.570      SignalP-noTM
fig|2005473.104.peg.2034   0.400  21  0.539  21  0.899  18  0.751   0.622 Y  0.450      SignalP-TM
fig|2005473.104.peg.2034   0.862  21  0.859  21  0.938  17  0.863   0.860 Y  0.570      SignalP-noTM
fig|2005473.104.peg.2035   0.151  24  0.336  24  0.853  18  0.676   0.469 Y  0.450      SignalP-TM
fig|2005473.104.peg.2036   0.400  21  0.526  21  0.764   1  0.700   0.608 Y  0.570      SignalP-noTM
fig|2005473.104.peg.2037   0.470  22  0.661  22  0.971  19  0.916   0.781 Y  0.570      SignalP-noTM
fig|2005473.104.peg.2039   0.522  24  0.578  24  0.863  12  0.714   0.642 Y  0.570      SignalP-noTM
fig|2005473.104.peg.2039   0.594  24  0.676  24  0.905  18  0.783   0.718 Y  0.450      SignalP-TM
fig|2005473.104.peg.204    0.368  19  0.582  19  0.944   7  0.921   0.742 Y  0.570      SignalP-noTM
fig|2005473.104.peg.204    0.427  32  0.438  32  0.933   8  0.704   0.542 Y  0.450      SignalP-TM
fig|2005473.104.peg.2041   0.178  28  0.324  28  0.877  11  0.701   0.471 Y  0.450      SignalP-TM
fig|2005473.104.peg.2041   0.322  21  0.516  21  0.905   5  0.849   0.673 Y  0.570      SignalP-noTM
fig|2005473.104.peg.2046   0.208  27  0.283  12  0.855   6  0.808   0.488 Y  0.450      SignalP-TM
fig|2005473.104.peg.2048   0.264  36  0.371  27  0.881  24  0.582   0.453 Y  0.450      SignalP-TM
fig|2005473.104.peg.2065   0.445  20  0.608  20  0.947  18  0.825   0.710 Y  0.570      SignalP-noTM
fig|2005473.104.peg.2093   0.156  26  0.345  22  0.900   7  0.839   0.577 Y  0.570      SignalP-noTM
fig|2005473.104.peg.2093   0.174  27  0.279  13  0.862   8  0.786   0.476 Y  0.450      SignalP-TM
fig|2005473.104.peg.2094   0.434  23  0.580  23  0.894  16  0.771   0.670 Y  0.570      SignalP-noTM
fig|2005473.104.peg.2098   0.257  20  0.397  20  0.670  18  0.605   0.478 Y  0.450      SignalP-TM
fig|2005473.104.peg.2099   0.216  20  0.391  20  0.785   3  0.718   0.518 Y  0.450      SignalP-TM
fig|2005473.104.peg.2099   0.545  20  0.608  20  0.803   2  0.694   0.648 Y  0.570      SignalP-noTM
fig|2005473.104.peg.2109   0.258  24  0.457  24  0.899  15  0.800   0.591 Y  0.450      SignalP-TM
fig|2005473.104.peg.2109   0.768  24  0.823  24  0.970  13  0.888   0.853 Y  0.570      SignalP-noTM
fig|2005473.104.peg.2111   0.370  22  0.511  22  0.849   6  0.745   0.602 Y  0.450      SignalP-TM
fig|2005473.104.peg.2111   0.836  22  0.886  22  0.975  18  0.941   0.912 Y  0.570      SignalP-noTM
fig|2005473.104.peg.2112   0.302  22  0.489  22  0.882   4  0.810   0.640 Y  0.570      SignalP-noTM
fig|2005473.104.peg.2113   0.444  29  0.580  29  0.875  25  0.721   0.635 Y  0.450      SignalP-TM
fig|2005473.104.peg.2113   0.683  26  0.748  26  0.941  25  0.735   0.741 Y  0.570      SignalP-noTM
fig|2005473.104.peg.2117   0.152  66  0.296  27  0.896  11  0.773   0.482 Y  0.450      SignalP-TM
fig|2005473.104.peg.2119   0.222  32  0.447  22  0.951  16  0.868   0.611 Y  0.450      SignalP-TM
fig|2005473.104.peg.2119   0.275  22  0.507  22  0.961  11  0.932   0.707 Y  0.570      SignalP-noTM
fig|2005473.104.peg.2133   0.232  28  0.410  28  0.927   4  0.822   0.570 Y  0.450      SignalP-TM
fig|2005473.104.peg.2133   0.321  19  0.533  19  0.924   3  0.892   0.702 Y  0.570      SignalP-noTM
fig|2005473.104.peg.2135   0.188  21  0.391  21  0.956   1  0.848   0.606 Y  0.570      SignalP-noTM
fig|2005473.104.peg.2135   0.236  32  0.303  24  0.834  18  0.708   0.461 Y  0.450      SignalP-TM
fig|2005473.104.peg.2136   0.150  23  0.371  23  0.949  19  0.923   0.630 Y  0.570      SignalP-noTM
fig|2005473.104.peg.2136   0.185  26  0.343  26  0.877   7  0.723   0.492 Y  0.450      SignalP-TM
fig|2005473.104.peg.2138   0.719  26  0.746  26  0.966  17  0.826   0.784 Y  0.570      SignalP-noTM
fig|2005473.104.peg.2139   0.398  26  0.603  26  0.989  17  0.932   0.758 Y  0.570      SignalP-noTM
fig|2005473.104.peg.2139   0.445  26  0.639  26  0.976  17  0.929   0.752 Y  0.450      SignalP-TM
fig|2005473.104.peg.217    0.212  33  0.391  33  0.976  16  0.856   0.573 Y  0.450      SignalP-TM
fig|2005473.104.peg.217    0.237  19  0.477  19  0.979  18  0.956   0.702 Y  0.570      SignalP-noTM
fig|2005473.104.peg.2180   0.298  33  0.427  33  0.813  15  0.605   0.496 Y  0.450      SignalP-TM
fig|2005473.104.peg.2180   0.353  33  0.534  33  0.940  17  0.780   0.650 Y  0.570      SignalP-noTM
fig|2005473.104.peg.2194   0.400  41  0.539  41  0.916  21  0.823   0.650 Y  0.450      SignalP-TM
fig|2005473.104.peg.2194   0.435  41  0.541  41  0.940  19  0.765   0.646 Y  0.570      SignalP-noTM
fig|2005473.104.peg.220    0.170  28  0.334  28  0.878  19  0.726   0.487 Y  0.450      SignalP-TM
fig|2005473.104.peg.220    0.225  22  0.424  22  0.948  19  0.819   0.609 Y  0.570      SignalP-noTM
fig|2005473.104.peg.221    0.221  22  0.414  22  0.920  14  0.823   0.606 Y  0.570      SignalP-noTM
fig|2005473.104.peg.221    0.437  32  0.491  32  0.914  14  0.714   0.578 Y  0.450      SignalP-TM
fig|2005473.104.peg.2219   0.227  41  0.346  25  0.813   1  0.639   0.460 Y  0.450      SignalP-TM
fig|2005473.104.peg.2219   0.444  25  0.618  25  0.922  20  0.861   0.732 Y  0.570      SignalP-noTM
fig|2005473.104.peg.224    0.196  20  0.404  20  0.891   8  0.827   0.569 Y  0.450      SignalP-TM
fig|2005473.104.peg.224    0.570  20  0.722  20  0.953  13  0.915   0.813 Y  0.570      SignalP-noTM
fig|2005473.104.peg.225    0.149  26  0.268  11  0.857   3  0.753   0.457 Y  0.450      SignalP-TM
fig|2005473.104.peg.226    0.572  20  0.708  20  0.924  16  0.878   0.774 Y  0.450      SignalP-TM
fig|2005473.104.peg.226    0.686  20  0.782  20  0.934  10  0.894   0.835 Y  0.570      SignalP-noTM
fig|2005473.104.peg.2263   0.271  26  0.405  26  0.726  18  0.579   0.473 Y  0.450      SignalP-TM
fig|2005473.104.peg.2268   0.296  24  0.479  21  0.903  14  0.814   0.610 Y  0.450      SignalP-TM
fig|2005473.104.peg.2268   0.337  21  0.545  21  0.946  11  0.878   0.702 Y  0.570      SignalP-noTM
fig|2005473.104.peg.227    0.268  28  0.440  22  0.911  17  0.826   0.590 Y  0.450      SignalP-TM
fig|2005473.104.peg.227    0.770  22  0.801  22  0.908   2  0.849   0.824 Y  0.570      SignalP-noTM
fig|2005473.104.peg.2292   0.148  23  0.364  23  0.944  19  0.904   0.618 Y  0.570      SignalP-noTM
fig|2005473.104.peg.2292   0.189  27  0.392  27  0.962  17  0.842   0.567 Y  0.450      SignalP-TM
fig|2005473.104.peg.2296   0.673  24  0.676  24  0.821  17  0.636   0.657 Y  0.570      SignalP-noTM
fig|2005473.104.peg.2296   0.716  24  0.665  24  0.796  18  0.558   0.623 Y  0.450      SignalP-TM
fig|2005473.104.peg.2301   0.254  35  0.408  20  0.947  16  0.904   0.602 Y  0.450      SignalP-TM
fig|2005473.104.peg.2301   0.394  20  0.614  20  0.983  15  0.953   0.774 Y  0.570      SignalP-noTM
fig|2005473.104.peg.2303   0.264  22  0.421  22  0.766   3  0.675   0.515 Y  0.510      SignalP-TM
fig|2005473.104.peg.2303   0.364  35  0.389  35  0.889  10  0.668   0.498 Y  0.450      SignalP-TM
fig|2005473.104.peg.2313   0.281  18  0.456  18  0.817   1  0.748   0.593 Y  0.570      SignalP-noTM
fig|2005473.104.peg.2316   0.286  21  0.485  21  0.910   1  0.836   0.650 Y  0.570      SignalP-noTM
fig|2005473.104.peg.2319   0.428  19  0.575  19  0.854  18  0.757   0.661 Y  0.570      SignalP-noTM
fig|2005473.104.peg.2322   0.437  26  0.486  26  0.752  23  0.476   0.482 Y  0.450      SignalP-TM
fig|2005473.104.peg.2322   0.554  26  0.630  26  0.881  21  0.608   0.620 Y  0.570      SignalP-noTM
fig|2005473.104.peg.2370   0.317  24  0.500  24  0.930  20  0.774   0.629 Y  0.570      SignalP-noTM
fig|2005473.104.peg.24     0.166  21  0.389  21  0.946   8  0.920   0.638 Y  0.570      SignalP-noTM
fig|2005473.104.peg.24     0.167  31  0.315  17  0.917  11  0.888   0.538 Y  0.450      SignalP-TM
fig|2005473.104.peg.25     0.454  23  0.633  23  0.935  19  0.865   0.742 Y  0.570      SignalP-noTM
fig|2005473.104.peg.252    0.382  22  0.529  22  0.872  18  0.675   0.586 Y  0.450      SignalP-TM
fig|2005473.104.peg.252    0.755  22  0.789  22  0.895  18  0.762   0.776 Y  0.570      SignalP-noTM
fig|2005473.104.peg.26     0.228  25  0.433  25  0.902   9  0.828   0.587 Y  0.450      SignalP-TM
fig|2005473.104.peg.26     0.414  21  0.581  21  0.895   9  0.827   0.697 Y  0.570      SignalP-noTM
fig|2005473.104.peg.265    0.621  25  0.665  25  0.939   8  0.804   0.719 Y  0.450      SignalP-TM
fig|2005473.104.peg.265    0.767  25  0.840  25  0.990  17  0.942   0.888 Y  0.570      SignalP-noTM
fig|2005473.104.peg.269    0.375  23  0.524  23  0.791  18  0.716   0.599 Y  0.450      SignalP-TM
fig|2005473.104.peg.271    0.210  27  0.399  27  0.948  13  0.844   0.608 Y  0.570      SignalP-noTM
fig|2005473.104.peg.271    0.250  27  0.444  27  0.948  12  0.844   0.600 Y  0.450      SignalP-TM
fig|2005473.104.peg.272    0.172  20  0.362  20  0.959   3  0.817   0.540 Y  0.450      SignalP-TM
fig|2005473.104.peg.272    0.563  20  0.693  20  0.916   2  0.869   0.776 Y  0.570      SignalP-noTM
fig|2005473.104.peg.273    0.372  25  0.554  25  0.957  10  0.838   0.665 Y  0.450      SignalP-TM
fig|2005473.104.peg.273    0.636  25  0.782  25  0.993  17  0.957   0.864 Y  0.570      SignalP-noTM
fig|2005473.104.peg.274    0.810  19  0.793  19  0.891  15  0.797   0.795 Y  0.570      SignalP-noTM
fig|2005473.104.peg.275    0.245  46  0.416  16  0.941   4  0.932   0.658 Y  0.570      SignalP-noTM
fig|2005473.104.peg.275    0.307  46  0.399  25  0.902   4  0.764   0.541 Y  0.450      SignalP-TM
fig|2005473.104.peg.276    0.511  26  0.555  26  0.870  10  0.618   0.579 Y  0.450      SignalP-TM
fig|2005473.104.peg.276    0.576  26  0.545  26  0.705  10  0.545   0.545 Y  0.510      SignalP-TM
fig|2005473.104.peg.290    0.304  20  0.433  20  0.812   2  0.654   0.519 Y  0.450      SignalP-TM
fig|2005473.104.peg.290    0.388  20  0.577  20  0.917  17  0.861   0.711 Y  0.570      SignalP-noTM
fig|2005473.104.peg.296    0.320  24  0.514  24  0.952  14  0.842   0.668 Y  0.570      SignalP-noTM
fig|2005473.104.peg.296    0.355  24  0.480  24  0.788  19  0.587   0.522 Y  0.450      SignalP-TM
fig|2005473.104.peg.3      0.616  19  0.744  19  0.944  10  0.898   0.817 Y  0.570      SignalP-noTM
fig|2005473.104.peg.302    0.675  22  0.773  22  0.939  19  0.883   0.825 Y  0.570      SignalP-noTM
fig|2005473.104.peg.303    0.187  23  0.363  23  0.833  18  0.642   0.472 Y  0.450      SignalP-TM
fig|2005473.104.peg.303    0.372  23  0.565  23  0.934  18  0.838   0.693 Y  0.570      SignalP-noTM
fig|2005473.104.peg.311    0.660  20  0.766  20  0.954   9  0.901   0.830 Y  0.570      SignalP-noTM
fig|2005473.104.peg.313    0.151  46  0.332  24  0.921  11  0.807   0.517 Y  0.450      SignalP-TM
fig|2005473.104.peg.313    0.307  24  0.478  24  0.815  19  0.702   0.561 Y  0.510      SignalP-TM
fig|2005473.104.peg.315    0.215  27  0.396  19  0.937  13  0.880   0.623 Y  0.570      SignalP-noTM
fig|2005473.104.peg.316    0.273  26  0.461  26  0.877   8  0.804   0.595 Y  0.450      SignalP-TM
fig|2005473.104.peg.316    0.582  24  0.732  24  0.965  18  0.915   0.818 Y  0.570      SignalP-noTM
fig|2005473.104.peg.321    0.249  21  0.473  21  0.930  18  0.901   0.674 Y  0.570      SignalP-noTM
fig|2005473.104.peg.321    0.269  29  0.435  29  0.889  17  0.741   0.554 Y  0.450      SignalP-TM
fig|2005473.104.peg.322    0.277  23  0.496  23  0.912   8  0.879   0.646 Y  0.450      SignalP-TM
fig|2005473.104.peg.322    0.460  23  0.655  23  0.970  18  0.940   0.788 Y  0.570      SignalP-noTM
fig|2005473.104.peg.336    0.572  33  0.619  33  0.873  15  0.717   0.657 Y  0.450      SignalP-TM
fig|2005473.104.peg.346    0.425  46  0.513  21  0.911   6  0.855   0.646 Y  0.450      SignalP-TM
fig|2005473.104.peg.346    0.467  21  0.658  21  0.963  12  0.925   0.784 Y  0.570      SignalP-noTM
fig|2005473.104.peg.347    0.209  22  0.404  22  0.918   3  0.816   0.598 Y  0.570      SignalP-noTM
fig|2005473.104.peg.347    0.228  26  0.450  26  0.924  19  0.880   0.618 Y  0.450      SignalP-TM
fig|2005473.104.peg.35     0.333  21  0.512  21  0.931  12  0.807   0.650 Y  0.570      SignalP-noTM
fig|2005473.104.peg.35     0.354  21  0.542  21  0.876   6  0.836   0.657 Y  0.450      SignalP-TM
fig|2005473.104.peg.357    0.280  20  0.457  20  0.871  17  0.738   0.589 Y  0.570      SignalP-noTM
fig|2005473.104.peg.357    0.471  20  0.518  20  0.835  17  0.587   0.545 Y  0.450      SignalP-TM
fig|2005473.104.peg.372    0.210  24  0.372  24  0.812  12  0.683   0.494 Y  0.450      SignalP-TM
fig|2005473.104.peg.373    0.327  22  0.551  22  0.965  20  0.928   0.728 Y  0.570      SignalP-noTM
fig|2005473.104.peg.373    0.471  29  0.446  29  0.805   1  0.579   0.498 Y  0.450      SignalP-TM
fig|2005473.104.peg.38     0.292  23  0.493  23  0.926   9  0.852   0.633 Y  0.450      SignalP-TM
fig|2005473.104.peg.38     0.608  23  0.741  23  0.956  21  0.912   0.821 Y  0.570      SignalP-noTM
fig|2005473.104.peg.382    0.144  22  0.307  22  0.866   1  0.681   0.453 Y  0.450      SignalP-TM
fig|2005473.104.peg.386    0.163  25  0.349  25  0.945   6  0.837   0.579 Y  0.570      SignalP-noTM
fig|2005473.104.peg.386    0.224  56  0.384  31  0.948  16  0.847   0.565 Y  0.450      SignalP-TM
fig|2005473.104.peg.388    0.312  26  0.519  26  0.961   9  0.889   0.663 Y  0.450      SignalP-TM
fig|2005473.104.peg.388    0.555  26  0.692  26  0.989  11  0.919   0.799 Y  0.570      SignalP-noTM
fig|2005473.104.peg.390    0.624  25  0.629  25  0.826  21  0.477   0.573 Y  0.510      SignalP-TM
fig|2005473.104.peg.40     0.181  21  0.394  21  0.915   1  0.866   0.616 Y  0.570      SignalP-noTM
fig|2005473.104.peg.408    0.588  23  0.704  23  0.941  18  0.846   0.759 Y  0.450      SignalP-TM
fig|2005473.104.peg.408    0.752  23  0.828  23  0.965  18  0.926   0.874 Y  0.570      SignalP-noTM
fig|2005473.104.peg.41     0.148  31  0.306  28  0.871   2  0.734   0.473 Y  0.450      SignalP-TM
fig|2005473.104.peg.423    0.384  23  0.531  23  0.820  20  0.648   0.577 Y  0.450      SignalP-TM
fig|2005473.104.peg.424    0.187  25  0.396  21  0.975  12  0.929   0.593 Y  0.510      SignalP-TM
fig|2005473.104.peg.424    0.229  41  0.379  26  0.968  10  0.860   0.567 Y  0.450      SignalP-TM
fig|2005473.104.peg.426    0.628  23  0.695  23  0.856  19  0.766   0.728 Y  0.570      SignalP-noTM
fig|2005473.104.peg.426    0.816  23  0.820  23  0.902  19  0.759   0.796 Y  0.450      SignalP-TM
fig|2005473.104.peg.43     0.483  28  0.502  28  0.741  25  0.470   0.489 Y  0.450      SignalP-TM
fig|2005473.104.peg.433    0.233  22  0.421  22  0.864  17  0.697   0.529 Y  0.450      SignalP-TM
fig|2005473.104.peg.433    0.376  25  0.555  25  0.966  17  0.864   0.700 Y  0.570      SignalP-noTM
fig|2005473.104.peg.436    0.135  26  0.290  21  0.806   7  0.706   0.452 Y  0.450      SignalP-TM
fig|2005473.104.peg.439    0.195  25  0.346  25  0.789   5  0.662   0.469 Y  0.450      SignalP-TM
fig|2005473.104.peg.458    0.248  30  0.399  22  0.817  19  0.577   0.468 Y  0.450      SignalP-TM
fig|2005473.104.peg.458    0.548  22  0.625  22  0.855  19  0.675   0.649 Y  0.570      SignalP-noTM
fig|2005473.104.peg.461    0.158  22  0.377  22  0.936   4  0.908   0.627 Y  0.570      SignalP-noTM
fig|2005473.104.peg.461    0.333  24  0.556  24  0.969  20  0.927   0.701 Y  0.450      SignalP-TM
fig|2005473.104.peg.462    0.270  32  0.419  27  0.860  21  0.725   0.538 Y  0.450      SignalP-TM
fig|2005473.104.peg.463    0.277  27  0.457  27  0.848  24  0.702   0.553 Y  0.450      SignalP-TM
fig|2005473.104.peg.463    0.744  27  0.828  27  0.983  11  0.940   0.880 Y  0.570      SignalP-noTM
fig|2005473.104.peg.477    0.481  26  0.656  26  0.970  14  0.913   0.777 Y  0.570      SignalP-noTM
fig|2005473.104.peg.477    0.518  26  0.687  26  0.956  16  0.904   0.771 Y  0.450      SignalP-TM
fig|2005473.104.peg.490    0.263  30  0.419  26  0.930  12  0.788   0.563 Y  0.450      SignalP-TM
fig|2005473.104.peg.490    0.280  26  0.482  26  0.954  14  0.887   0.672 Y  0.570      SignalP-noTM
fig|2005473.104.peg.494    0.212  21  0.448  21  0.969  17  0.952   0.685 Y  0.570      SignalP-noTM
fig|2005473.104.peg.494    0.335  27  0.544  27  0.962  12  0.881   0.676 Y  0.450      SignalP-TM
fig|2005473.104.peg.5      0.631  22  0.729  22  0.918  18  0.826   0.774 Y  0.570      SignalP-noTM
fig|2005473.104.peg.5      0.698  22  0.776  22  0.933  19  0.841   0.802 Y  0.450      SignalP-TM
fig|2005473.104.peg.507    0.186  20  0.402  20  0.914  16  0.857   0.580 Y  0.450      SignalP-TM
fig|2005473.104.peg.507    0.567  20  0.716  20  0.951  13  0.895   0.800 Y  0.570      SignalP-noTM
fig|2005473.104.peg.508    0.188  21  0.416  18  0.947  15  0.916   0.611 Y  0.450      SignalP-TM
fig|2005473.104.peg.508    0.619  23  0.740  23  0.971  15  0.909   0.820 Y  0.570      SignalP-noTM
fig|2005473.104.peg.527    0.154  21  0.362  21  0.900  14  0.847   0.551 Y  0.450      SignalP-TM
fig|2005473.104.peg.527    0.597  21  0.738  21  0.960  14  0.905   0.816 Y  0.570      SignalP-noTM
fig|2005473.104.peg.544    0.245  23  0.472  23  0.973  15  0.847   0.619 Y  0.450      SignalP-TM
fig|2005473.104.peg.546    0.639  21  0.775  21  0.969  15  0.928   0.847 Y  0.570      SignalP-noTM
fig|2005473.104.peg.566    0.208  28  0.354  28  0.746   7  0.648   0.469 Y  0.450      SignalP-TM
fig|2005473.104.peg.568    0.535  23  0.642  23  0.860   9  0.787   0.698 Y  0.450      SignalP-TM
fig|2005473.104.peg.568    0.714  21  0.827  21  0.979  13  0.946   0.883 Y  0.570      SignalP-noTM
fig|2005473.104.peg.573    0.652  24  0.766  24  0.952  15  0.887   0.823 Y  0.570      SignalP-noTM
fig|2005473.104.peg.573    0.732  32  0.741  32  0.934  17  0.798   0.763 Y  0.450      SignalP-TM
fig|2005473.104.peg.580    0.740  24  0.775  24  0.929  19  0.834   0.803 Y  0.570      SignalP-noTM
fig|2005473.104.peg.580    0.755  24  0.775  24  0.907  12  0.797   0.784 Y  0.450      SignalP-TM
fig|2005473.104.peg.598    0.160  27  0.330  27  0.837  10  0.688   0.470 Y  0.450      SignalP-TM
fig|2005473.104.peg.598    0.262  22  0.489  22  0.962  15  0.903   0.683 Y  0.570      SignalP-noTM
fig|2005473.104.peg.6      0.495  25  0.612  25  0.868  20  0.760   0.669 Y  0.450      SignalP-TM
fig|2005473.104.peg.6      0.812  25  0.868  25  0.965  20  0.921   0.893 Y  0.570      SignalP-noTM
fig|2005473.104.peg.604    0.209  26  0.411  26  0.887  21  0.785   0.557 Y  0.450      SignalP-TM
fig|2005473.104.peg.604    0.283  24  0.501  24  0.936  18  0.887   0.682 Y  0.570      SignalP-noTM
fig|2005473.104.peg.616    0.350  24  0.536  24  0.929  11  0.861   0.689 Y  0.570      SignalP-noTM
fig|2005473.104.peg.616    0.351  26  0.520  26  0.926   7  0.819   0.637 Y  0.450      SignalP-TM
fig|2005473.104.peg.617    0.241  20  0.381  20  0.899   2  0.689   0.501 Y  0.450      SignalP-TM
fig|2005473.104.peg.617    0.810  20  0.826  20  0.930   2  0.858   0.841 Y  0.570      SignalP-noTM
fig|2005473.104.peg.620    0.298  24  0.418  24  0.715  16  0.606   0.491 Y  0.450      SignalP-TM
fig|2005473.104.peg.621    0.250  24  0.409  24  0.784  13  0.689   0.518 Y  0.450      SignalP-TM
fig|2005473.104.peg.621    0.657  24  0.742  24  0.944  20  0.857   0.796 Y  0.570      SignalP-noTM
fig|2005473.104.peg.647    0.263  33  0.423  33  0.756  26  0.528   0.464 Y  0.450      SignalP-TM
fig|2005473.104.peg.67     0.221  24  0.457  24  0.990  14  0.948   0.688 Y  0.570      SignalP-noTM
fig|2005473.104.peg.67     0.340  31  0.485  31  0.952  12  0.821   0.616 Y  0.450      SignalP-TM
fig|2005473.104.peg.683    0.391  29  0.537  29  0.863  12  0.727   0.611 Y  0.450      SignalP-TM
fig|2005473.104.peg.683    0.714  29  0.821  29  0.973  22  0.920   0.868 Y  0.570      SignalP-noTM
fig|2005473.104.peg.691    0.191  30  0.390  22  0.962  17  0.925   0.599 Y  0.450      SignalP-TM
fig|2005473.104.peg.691    0.409  22  0.611  22  0.955  17  0.924   0.758 Y  0.570      SignalP-noTM
fig|2005473.104.peg.692    0.360  25  0.551  25  0.883  19  0.773   0.637 Y  0.450      SignalP-TM
fig|2005473.104.peg.692    0.510  25  0.572  25  0.827  18  0.580   0.575 Y  0.510      SignalP-TM
fig|2005473.104.peg.71     0.370  26  0.575  26  0.929  17  0.833   0.676 Y  0.450      SignalP-TM
fig|2005473.104.peg.71     0.397  26  0.610  26  0.968  15  0.928   0.759 Y  0.570      SignalP-noTM
fig|2005473.104.peg.710    0.325  24  0.551  24  0.993  12  0.940   0.734 Y  0.570      SignalP-noTM
fig|2005473.104.peg.710    0.353  62  0.470  24  0.929  12  0.850   0.618 Y  0.450      SignalP-TM
fig|2005473.104.peg.72     0.146  20  0.353  20  0.932   6  0.870   0.555 Y  0.450      SignalP-TM
fig|2005473.104.peg.72     0.557  20  0.715  20  0.955  16  0.923   0.813 Y  0.570      SignalP-noTM
fig|2005473.104.peg.723    0.208  27  0.414  27  0.930  18  0.846   0.583 Y  0.450      SignalP-TM
fig|2005473.104.peg.723    0.535  25  0.701  25  0.958  13  0.928   0.808 Y  0.570      SignalP-noTM
fig|2005473.104.peg.729    0.257  25  0.465  25  0.899   9  0.839   0.611 Y  0.450      SignalP-TM
fig|2005473.104.peg.729    0.418  25  0.601  25  0.954  20  0.894   0.739 Y  0.570      SignalP-noTM
fig|2005473.104.peg.753    0.345  25  0.543  25  0.942  10  0.866   0.669 Y  0.450      SignalP-TM
fig|2005473.104.peg.753    0.627  25  0.740  25  0.966  19  0.894   0.812 Y  0.570      SignalP-noTM
fig|2005473.104.peg.756    0.156  26  0.359  25  0.974   9  0.907   0.573 Y  0.450      SignalP-TM
fig|2005473.104.peg.756    0.458  19  0.673  19  0.996  12  0.977   0.816 Y  0.570      SignalP-noTM
fig|2005473.104.peg.757    0.219  21  0.421  21  0.927   6  0.842   0.619 Y  0.570      SignalP-noTM
fig|2005473.104.peg.757    0.226  63  0.407  27  0.941  10  0.836   0.575 Y  0.450      SignalP-TM
fig|2005473.104.peg.759    0.430  25  0.618  25  0.949  16  0.902   0.729 Y  0.450      SignalP-TM
fig|2005473.104.peg.759    0.644  25  0.732  25  0.949   3  0.882   0.802 Y  0.570      SignalP-noTM
fig|2005473.104.peg.760    0.190  20  0.389  20  0.931   1  0.821   0.592 Y  0.570      SignalP-noTM
fig|2005473.104.peg.760    0.341  23  0.488  23  0.849   3  0.748   0.589 Y  0.450      SignalP-TM
fig|2005473.104.peg.770    0.169  59  0.373  21  0.912   1  0.851   0.598 Y  0.570      SignalP-noTM
fig|2005473.104.peg.770    0.202  59  0.343  23  0.828   1  0.678   0.474 Y  0.450      SignalP-TM
fig|2005473.104.peg.772    0.499  21  0.584  21  0.893   1  0.697   0.637 Y  0.570      SignalP-noTM
fig|2005473.104.peg.78     0.235  21  0.440  21  0.949   4  0.865   0.640 Y  0.570      SignalP-noTM
fig|2005473.104.peg.78     0.329  21  0.528  21  0.913   6  0.860   0.657 Y  0.450      SignalP-TM
fig|2005473.104.peg.792    0.292  24  0.471  24  0.893  10  0.791   0.596 Y  0.450      SignalP-TM
fig|2005473.104.peg.792    0.485  24  0.609  24  0.968  16  0.822   0.709 Y  0.570      SignalP-noTM
fig|2005473.104.peg.793    0.362  19  0.420  19  0.632   1  0.516   0.458 Y  0.450      SignalP-TM
fig|2005473.104.peg.794    0.221  25  0.432  25  0.971  10  0.858   0.598 Y  0.450      SignalP-TM
fig|2005473.104.peg.812    0.216  23  0.409  23  0.836   9  0.740   0.538 Y  0.450      SignalP-TM
fig|2005473.104.peg.812    0.634  23  0.708  23  0.919  20  0.784   0.744 Y  0.570      SignalP-noTM
fig|2005473.104.peg.813    0.203  27  0.330  27  0.835   6  0.658   0.458 Y  0.450      SignalP-TM
fig|2005473.104.peg.822    0.501  26  0.673  26  0.964  11  0.907   0.764 Y  0.450      SignalP-TM
fig|2005473.104.peg.822    0.671  26  0.808  26  0.994  17  0.967   0.883 Y  0.570      SignalP-noTM
fig|2005473.104.peg.838    0.176  20  0.393  20  0.929  17  0.881   0.622 Y  0.570      SignalP-noTM
fig|2005473.104.peg.839    0.185  24  0.375  24  0.906   7  0.807   0.544 Y  0.450      SignalP-TM
fig|2005473.104.peg.839    0.453  19  0.650  19  0.951  20  0.930   0.781 Y  0.570      SignalP-noTM
fig|2005473.104.peg.840    0.134  27  0.295  27  0.852   3  0.727   0.463 Y  0.450      SignalP-TM
fig|2005473.104.peg.841    0.230  27  0.423  27  0.919  15  0.812   0.575 Y  0.450      SignalP-TM
fig|2005473.104.peg.841    0.612  20  0.761  20  0.963  18  0.935   0.843 Y  0.570      SignalP-noTM
fig|2005473.104.peg.845    0.304  28  0.484  28  0.981  10  0.874   0.667 Y  0.570      SignalP-noTM
fig|2005473.104.peg.845    0.457  28  0.613  28  0.962  13  0.851   0.706 Y  0.450      SignalP-TM
fig|2005473.104.peg.85     0.419  30  0.538  30  0.902  16  0.752   0.622 Y  0.450      SignalP-TM
fig|2005473.104.peg.85     0.544  23  0.704  23  0.970  19  0.900   0.796 Y  0.570      SignalP-noTM
fig|2005473.104.peg.862    0.238  19  0.432  19  0.863   1  0.797   0.603 Y  0.570      SignalP-noTM
fig|2005473.104.peg.886    0.447  28  0.547  28  0.777  19  0.602   0.569 Y  0.450      SignalP-TM
fig|2005473.104.peg.886    0.555  28  0.612  28  0.889  19  0.678   0.643 Y  0.570      SignalP-noTM
fig|2005473.104.peg.89     0.336  21  0.485  21  0.914   1  0.768   0.595 Y  0.450      SignalP-TM
fig|2005473.104.peg.89     0.571  21  0.699  21  0.927   1  0.874   0.782 Y  0.570      SignalP-noTM
fig|2005473.104.peg.890    0.330  26  0.488  26  0.896   9  0.784   0.603 Y  0.450      SignalP-TM
fig|2005473.104.peg.890    0.348  23  0.544  23  0.949  13  0.887   0.705 Y  0.570      SignalP-noTM
fig|2005473.104.peg.891    0.304  19  0.524  19  0.943   9  0.907   0.704 Y  0.570      SignalP-noTM
fig|2005473.104.peg.891    0.376  27  0.534  27  0.939   5  0.830   0.649 Y  0.450      SignalP-TM
fig|2005473.104.peg.899    0.461  23  0.507  23  0.862   5  0.659   0.566 Y  0.450      SignalP-TM
fig|2005473.104.peg.899    0.759  23  0.811  23  0.939  16  0.871   0.839 Y  0.570      SignalP-noTM
fig|2005473.104.peg.90     0.294  29  0.492  29  0.933  17  0.796   0.610 Y  0.450      SignalP-TM
fig|2005473.104.peg.90     0.617  29  0.751  29  0.992  11  0.937   0.838 Y  0.570      SignalP-noTM
fig|2005473.104.peg.903    0.444  38  0.622  38  0.940  32  0.582   0.603 Y  0.570      SignalP-noTM
fig|2005473.104.peg.904    0.171  13  0.340  13  0.751  12  0.676   0.471 Y  0.450      SignalP-TM
fig|2005473.104.peg.904    0.269  13  0.448  13  0.820   6  0.747   0.589 Y  0.570      SignalP-noTM
fig|2005473.104.peg.906    0.168  30  0.309  22  0.863   6  0.775   0.491 Y  0.450      SignalP-TM
fig|2005473.104.peg.906    0.312  24  0.478  24  0.898   5  0.792   0.626 Y  0.570      SignalP-noTM
fig|2005473.104.peg.907    0.393  20  0.520  20  0.898   2  0.748   0.609 Y  0.450      SignalP-TM
fig|2005473.104.peg.907    0.600  20  0.734  20  0.928  12  0.902   0.813 Y  0.570      SignalP-noTM
fig|2005473.104.peg.908    0.186  25  0.378  25  0.915  10  0.809   0.546 Y  0.450      SignalP-TM
fig|2005473.104.peg.908    0.538  20  0.711  20  0.978  18  0.922   0.810 Y  0.570      SignalP-noTM
fig|2005473.104.peg.909    0.214  24  0.393  20  0.877  12  0.814   0.591 Y  0.570      SignalP-noTM
fig|2005473.104.peg.909    0.218  26  0.393  26  0.866  18  0.727   0.523 Y  0.450      SignalP-TM
fig|2005473.104.peg.914    0.232  29  0.390  20  0.898   4  0.757   0.533 Y  0.450      SignalP-TM
fig|2005473.104.peg.914    0.613  20  0.738  20  0.936  11  0.890   0.809 Y  0.570      SignalP-noTM
fig|2005473.104.peg.917    0.294  21  0.446  21  0.828  18  0.711   0.550 Y  0.450      SignalP-TM
fig|2005473.104.peg.917    0.734  21  0.771  21  0.906   6  0.838   0.802 Y  0.570      SignalP-noTM
fig|2005473.104.peg.918    0.437  27  0.528  27  0.812  17  0.665   0.582 Y  0.450      SignalP-TM
fig|2005473.104.peg.919    0.261  28  0.437  28  0.909  19  0.757   0.562 Y  0.450      SignalP-TM
fig|2005473.104.peg.919    0.564  21  0.696  21  0.931   7  0.883   0.784 Y  0.570      SignalP-noTM
fig|2005473.104.peg.920    0.214  26  0.351  24  0.871  19  0.702   0.488 Y  0.450      SignalP-TM
fig|2005473.104.peg.920    0.346  24  0.500  24  0.877   3  0.782   0.632 Y  0.570      SignalP-noTM
fig|2005473.104.peg.923    0.162  23  0.326  20  0.760   3  0.694   0.469 Y  0.450      SignalP-TM
fig|2005473.104.peg.923    0.507  21  0.638  21  0.892   1  0.819   0.723 Y  0.570      SignalP-noTM
fig|2005473.104.peg.925    0.395  27  0.574  27  0.953  13  0.875   0.692 Y  0.450      SignalP-TM
fig|2005473.104.peg.926    0.161  20  0.362  20  0.914   3  0.842   0.549 Y  0.450      SignalP-TM
fig|2005473.104.peg.926    0.565  20  0.682  20  0.909   2  0.839   0.756 Y  0.570      SignalP-noTM
fig|2005473.104.peg.927    0.180  23  0.388  23  0.911  14  0.847   0.567 Y  0.450      SignalP-TM
fig|2005473.104.peg.927    0.323  23  0.542  23  0.979  13  0.910   0.715 Y  0.570      SignalP-noTM
fig|2005473.104.peg.93     0.271  39  0.404  39  0.839   9  0.633   0.493 Y  0.450      SignalP-TM
fig|2005473.104.peg.93     0.450  21  0.656  21  0.987  17  0.911   0.776 Y  0.570      SignalP-noTM
fig|2005473.104.peg.941    0.447  35  0.433  28  0.835  10  0.697   0.536 Y  0.450      SignalP-TM
fig|2005473.104.peg.95     0.578  28  0.675  28  0.930  16  0.815   0.741 Y  0.570      SignalP-noTM
fig|2005473.104.peg.950    0.313  27  0.540  27  0.972  15  0.916   0.716 Y  0.570      SignalP-noTM
fig|2005473.104.peg.951    0.279  29  0.448  29  0.879  23  0.751   0.566 Y  0.450      SignalP-TM
fig|2005473.104.peg.951    0.630  29  0.744  29  0.938  15  0.859   0.798 Y  0.570      SignalP-noTM
fig|2005473.104.peg.978    0.326  29  0.476  29  0.937  13  0.792   0.599 Y  0.450      SignalP-TM
fig|2005473.104.peg.979    0.249  26  0.411  21  0.856  17  0.788   0.558 Y  0.450      SignalP-TM
fig|2005473.104.peg.979    0.558  19  0.716  19  0.967   8  0.921   0.812 Y  0.570      SignalP-noTM
fig|2005473.104.peg.98     0.142  28  0.338  20  0.926  16  0.846   0.536 Y  0.450      SignalP-TM
fig|2005473.104.peg.98     0.222  17  0.459  17  0.964  16  0.943   0.686 Y  0.570      SignalP-noTM
fig|2005473.104.peg.980    0.399  26  0.568  26  0.958   5  0.863   0.683 Y  0.450      SignalP-TM
fig|2005473.104.peg.980    0.544  20  0.719  20  0.975  15  0.950   0.828 Y  0.570      SignalP-noTM
fig|2005473.104.peg.989    0.173  29  0.374  29  0.929  10  0.802   0.575 Y  0.570      SignalP-noTM
fig|2005473.104.peg.996    0.171  21  0.391  21  0.954  17  0.899   0.630 Y  0.570      SignalP-noTM
fig|2005473.104.peg.996    0.176  57  0.359  25  0.939  17  0.876   0.561 Y  0.450      SignalP-TM
fig|2005473.104.peg.999    0.244  35  0.279  11  0.817   9  0.791   0.479 Y  0.450      SignalP-TM
