fig|2518495.5.peg.1000     0.272  28  0.398  28  0.763  12  0.615   0.483 Y  0.450      SignalP-TM
fig|2518495.5.peg.1006     0.275  21  0.414  21  0.713   2  0.642   0.503 Y  0.450      SignalP-TM
fig|2518495.5.peg.1006     0.361  21  0.496  21  0.772  14  0.694   0.589 Y  0.570      SignalP-noTM
fig|2518495.5.peg.1027     0.675  29  0.743  29  0.908  14  0.805   0.767 Y  0.450      SignalP-TM
fig|2518495.5.peg.1027     0.805  29  0.852  29  0.972  13  0.922   0.885 Y  0.570      SignalP-noTM
fig|2518495.5.peg.1030     0.184  27  0.308  19  0.904   4  0.812   0.504 Y  0.450      SignalP-TM
fig|2518495.5.peg.1034     0.166  25  0.387  23  0.976  16  0.924   0.596 Y  0.450      SignalP-TM
fig|2518495.5.peg.1034     0.226  18  0.463  18  0.972   7  0.944   0.689 Y  0.570      SignalP-noTM
fig|2518495.5.peg.1035     0.523  27  0.611  27  0.841   3  0.754   0.667 Y  0.450      SignalP-TM
fig|2518495.5.peg.1035     0.604  27  0.691  27  0.914  11  0.824   0.753 Y  0.570      SignalP-noTM
fig|2518495.5.peg.105      0.180  34  0.366  23  0.897  13  0.693   0.494 Y  0.450      SignalP-TM
fig|2518495.5.peg.1050     0.206  21  0.415  21  0.914  18  0.836   0.579 Y  0.450      SignalP-TM
fig|2518495.5.peg.1050     0.388  21  0.578  21  0.910  11  0.867   0.714 Y  0.570      SignalP-noTM
fig|2518495.5.peg.1053     0.146  26  0.315  23  0.845   4  0.736   0.480 Y  0.450      SignalP-TM
fig|2518495.5.peg.1056     0.372  21  0.578  21  0.936   6  0.904   0.705 Y  0.450      SignalP-TM
fig|2518495.5.peg.1056     0.465  21  0.667  21  0.981  17  0.953   0.801 Y  0.570      SignalP-noTM
fig|2518495.5.peg.106      0.193  21  0.392  21  0.844  14  0.758   0.535 Y  0.450      SignalP-TM
fig|2518495.5.peg.106      0.531  21  0.597  21  0.765  11  0.660   0.627 Y  0.570      SignalP-noTM
fig|2518495.5.peg.1062     0.430  25  0.616  25  0.936  21  0.866   0.733 Y  0.570      SignalP-noTM
fig|2518495.5.peg.1062     0.723  30  0.734  30  0.864  21  0.700   0.721 Y  0.450      SignalP-TM
fig|2518495.5.peg.1063     0.310  22  0.484  22  0.825  12  0.753   0.589 Y  0.450      SignalP-TM
fig|2518495.5.peg.1063     0.703  22  0.741  22  0.924  20  0.807   0.772 Y  0.570      SignalP-noTM
fig|2518495.5.peg.1070     0.423  23  0.614  23  0.953  11  0.868   0.733 Y  0.570      SignalP-noTM
fig|2518495.5.peg.108      0.624  43  0.542  43  0.592  39  0.337   0.462 Y  0.450      SignalP-TM
fig|2518495.5.peg.1092     0.586  25  0.692  25  0.950  12  0.855   0.755 Y  0.450      SignalP-TM
fig|2518495.5.peg.1092     0.668  25  0.749  25  0.972  18  0.887   0.814 Y  0.570      SignalP-noTM
fig|2518495.5.peg.1103     0.315  29  0.485  29  0.890   7  0.800   0.608 Y  0.450      SignalP-TM
fig|2518495.5.peg.1103     0.388  31  0.448  31  0.941  19  0.722   0.576 Y  0.570      SignalP-noTM
fig|2518495.5.peg.1107     0.188  32  0.314  23  0.797  14  0.710   0.469 Y  0.450      SignalP-TM
fig|2518495.5.peg.1113     0.396  22  0.594  22  0.957  17  0.898   0.737 Y  0.570      SignalP-noTM
fig|2518495.5.peg.1113     0.461  22  0.614  22  0.910  17  0.780   0.679 Y  0.450      SignalP-TM
fig|2518495.5.peg.1117     0.145  24  0.352  24  0.924  19  0.868   0.594 Y  0.570      SignalP-noTM
fig|2518495.5.peg.1117     0.151  27  0.315  27  0.801  13  0.680   0.457 Y  0.450      SignalP-TM
fig|2518495.5.peg.1118     0.460  23  0.602  23  0.881  21  0.784   0.673 Y  0.450      SignalP-TM
fig|2518495.5.peg.1118     0.505  23  0.621  23  0.865   5  0.786   0.698 Y  0.570      SignalP-noTM
fig|2518495.5.peg.1121     0.523  22  0.696  22  0.963   7  0.921   0.784 Y  0.450      SignalP-TM
fig|2518495.5.peg.1121     0.827  22  0.899  22  0.987  18  0.971   0.933 Y  0.570      SignalP-noTM
fig|2518495.5.peg.1126     0.459  34  0.580  34  0.877  22  0.615   0.594 Y  0.450      SignalP-TM
fig|2518495.5.peg.1128     0.608  22  0.701  22  0.874  15  0.791   0.736 Y  0.450      SignalP-TM
fig|2518495.5.peg.1128     0.809  22  0.870  22  0.969  12  0.930   0.898 Y  0.570      SignalP-noTM
fig|2518495.5.peg.1130     0.221  26  0.391  26  0.857   1  0.734   0.525 Y  0.450      SignalP-TM
fig|2518495.5.peg.1130     0.388  24  0.546  24  0.933   3  0.833   0.681 Y  0.570      SignalP-noTM
fig|2518495.5.peg.1141     0.407  24  0.498  24  0.837   1  0.666   0.563 Y  0.450      SignalP-TM
fig|2518495.5.peg.1141     0.489  24  0.538  20  0.898   1  0.795   0.659 Y  0.570      SignalP-noTM
fig|2518495.5.peg.1149     0.498  24  0.586  24  0.847  11  0.716   0.637 Y  0.450      SignalP-TM
fig|2518495.5.peg.1149     0.733  24  0.786  24  0.942  16  0.853   0.817 Y  0.570      SignalP-noTM
fig|2518495.5.peg.1152     0.374  20  0.586  20  0.951  11  0.912   0.713 Y  0.450      SignalP-TM
fig|2518495.5.peg.1152     0.644  20  0.745  20  0.924   9  0.863   0.800 Y  0.570      SignalP-noTM
fig|2518495.5.peg.1153     0.364  22  0.538  22  0.840  12  0.782   0.633 Y  0.450      SignalP-TM
fig|2518495.5.peg.1153     0.535  22  0.712  22  0.975  14  0.948   0.823 Y  0.570      SignalP-noTM
fig|2518495.5.peg.1154     0.203  33  0.378  22  0.883  18  0.750   0.523 Y  0.450      SignalP-TM
fig|2518495.5.peg.1154     0.390  22  0.553  22  0.925  17  0.774   0.657 Y  0.570      SignalP-noTM
fig|2518495.5.peg.1158     0.302  28  0.455  28  0.893  10  0.760   0.574 Y  0.450      SignalP-TM
fig|2518495.5.peg.1158     0.628  21  0.761  21  0.943  18  0.924   0.838 Y  0.570      SignalP-noTM
fig|2518495.5.peg.1159     0.228  29  0.375  29  0.906  12  0.743   0.519 Y  0.450      SignalP-TM
fig|2518495.5.peg.1162     0.217  24  0.424  24  0.914   3  0.846   0.588 Y  0.450      SignalP-TM
fig|2518495.5.peg.1162     0.406  24  0.570  24  0.922  20  0.813   0.684 Y  0.570      SignalP-noTM
fig|2518495.5.peg.1191     0.200  26  0.415  26  0.945   9  0.879   0.596 Y  0.450      SignalP-TM
fig|2518495.5.peg.1191     0.243  26  0.435  26  0.966  17  0.850   0.630 Y  0.570      SignalP-noTM
fig|2518495.5.peg.1192     0.155  32  0.331  25  0.924  10  0.795   0.512 Y  0.450      SignalP-TM
fig|2518495.5.peg.1192     0.168  26  0.349  22  0.942   6  0.896   0.606 Y  0.570      SignalP-noTM
fig|2518495.5.peg.1194     0.132  23  0.306  19  0.855   6  0.756   0.481 Y  0.450      SignalP-TM
fig|2518495.5.peg.1194     0.570  19  0.686  19  0.907  15  0.840   0.758 Y  0.570      SignalP-noTM
fig|2518495.5.peg.1200     0.200  26  0.337  26  0.838   5  0.680   0.471 Y  0.450      SignalP-TM
fig|2518495.5.peg.1200     0.695  21  0.793  21  0.949  17  0.904   0.845 Y  0.570      SignalP-noTM
fig|2518495.5.peg.1203     0.152  25  0.307  22  0.844  18  0.679   0.452 Y  0.450      SignalP-TM
fig|2518495.5.peg.1203     0.658  20  0.740  20  0.898  18  0.825   0.780 Y  0.570      SignalP-noTM
fig|2518495.5.peg.1225     0.178  24  0.350  24  0.870  14  0.704   0.488 Y  0.450      SignalP-TM
fig|2518495.5.peg.1229     0.528  22  0.486  22  0.753  20  0.437   0.467 Y  0.450      SignalP-TM
fig|2518495.5.peg.1229     0.751  22  0.697  22  0.832  19  0.650   0.675 Y  0.570      SignalP-noTM
fig|2518495.5.peg.123      0.735  20  0.761  20  0.884  17  0.783   0.771 Y  0.570      SignalP-noTM
fig|2518495.5.peg.1237     0.210  27  0.437  27  0.957  14  0.912   0.622 Y  0.450      SignalP-TM
fig|2518495.5.peg.1237     0.704  26  0.829  26  0.993  13  0.970   0.896 Y  0.570      SignalP-noTM
fig|2518495.5.peg.1243     0.565  25  0.677  25  0.940   8  0.850   0.744 Y  0.450      SignalP-TM
fig|2518495.5.peg.1243     0.816  25  0.855  25  0.981  16  0.925   0.888 Y  0.570      SignalP-noTM
fig|2518495.5.peg.1269     0.200  33  0.332  23  0.920  10  0.858   0.579 Y  0.570      SignalP-noTM
fig|2518495.5.peg.1269     0.442  33  0.573  33  0.944  22  0.765   0.648 Y  0.450      SignalP-TM
fig|2518495.5.peg.1271     0.286  20  0.462  20  0.899  17  0.750   0.574 Y  0.450      SignalP-TM
fig|2518495.5.peg.1271     0.583  20  0.664  20  0.884  18  0.766   0.712 Y  0.570      SignalP-noTM
fig|2518495.5.peg.1272     0.374  26  0.580  26  0.919   7  0.890   0.701 Y  0.450      SignalP-TM
fig|2518495.5.peg.1272     0.782  26  0.836  26  0.982   9  0.918   0.875 Y  0.570      SignalP-noTM
fig|2518495.5.peg.1290     0.253  25  0.428  25  0.915  18  0.690   0.530 Y  0.450      SignalP-TM
fig|2518495.5.peg.1290     0.486  25  0.610  25  0.947  18  0.826   0.712 Y  0.570      SignalP-noTM
fig|2518495.5.peg.13       0.294  26  0.510  26  0.941  10  0.891   0.659 Y  0.450      SignalP-TM
fig|2518495.5.peg.13       0.510  26  0.691  26  0.962  12  0.931   0.803 Y  0.570      SignalP-noTM
fig|2518495.5.peg.130      0.305  25  0.513  25  0.925  22  0.843   0.642 Y  0.450      SignalP-TM
fig|2518495.5.peg.130      0.519  24  0.706  24  0.975  12  0.958   0.825 Y  0.570      SignalP-noTM
fig|2518495.5.peg.1332     0.603  29  0.710  29  0.938  11  0.828   0.756 Y  0.450      SignalP-TM
fig|2518495.5.peg.1332     0.879  29  0.925  29  0.994  18  0.958   0.941 Y  0.570      SignalP-noTM
fig|2518495.5.peg.1333     0.184  21  0.386  21  0.905  17  0.764   0.533 Y  0.450      SignalP-TM
fig|2518495.5.peg.1333     0.778  21  0.847  21  0.962  20  0.907   0.875 Y  0.570      SignalP-noTM
fig|2518495.5.peg.1334     0.183  23  0.337  23  0.891   2  0.704   0.480 Y  0.450      SignalP-TM
fig|2518495.5.peg.1334     0.251  22  0.453  22  0.941   6  0.865   0.647 Y  0.570      SignalP-noTM
fig|2518495.5.peg.1336     0.154  25  0.318  25  0.822   3  0.698   0.467 Y  0.450      SignalP-TM
fig|2518495.5.peg.1337     0.523  26  0.609  26  0.957  11  0.826   0.711 Y  0.570      SignalP-noTM
fig|2518495.5.peg.1337     0.655  26  0.756  26  0.936  19  0.869   0.800 Y  0.450      SignalP-TM
fig|2518495.5.peg.1340     0.330  36  0.501  30  0.894  15  0.788   0.613 Y  0.450      SignalP-TM
fig|2518495.5.peg.1340     0.532  28  0.663  28  0.927  13  0.841   0.747 Y  0.570      SignalP-noTM
fig|2518495.5.peg.1341     0.225  21  0.387  21  0.822   3  0.704   0.511 Y  0.450      SignalP-TM
fig|2518495.5.peg.1341     0.536  21  0.643  21  0.864   1  0.781   0.708 Y  0.570      SignalP-noTM
fig|2518495.5.peg.1348     0.182  30  0.330  22  0.815   5  0.700   0.474 Y  0.450      SignalP-TM
fig|2518495.5.peg.1350     0.130  23  0.292  23  0.862   5  0.726   0.461 Y  0.450      SignalP-TM
fig|2518495.5.peg.1350     0.198  23  0.400  20  0.915   2  0.870   0.621 Y  0.570      SignalP-noTM
fig|2518495.5.peg.1377     0.178  32  0.354  22  0.895  17  0.700   0.489 Y  0.450      SignalP-TM
fig|2518495.5.peg.1377     0.420  29  0.598  29  0.979  17  0.886   0.733 Y  0.570      SignalP-noTM
fig|2518495.5.peg.1379     0.322  25  0.429  25  0.768   9  0.631   0.508 Y  0.450      SignalP-TM
fig|2518495.5.peg.1379     0.351  26  0.444  26  0.922   2  0.727   0.577 Y  0.570      SignalP-noTM
fig|2518495.5.peg.1391     0.327  27  0.465  27  0.860  17  0.744   0.574 Y  0.450      SignalP-TM
fig|2518495.5.peg.1391     0.484  20  0.672  20  0.961  19  0.928   0.792 Y  0.570      SignalP-noTM
fig|2518495.5.peg.1394     0.200  32  0.374  22  0.932   1  0.858   0.602 Y  0.570      SignalP-noTM
fig|2518495.5.peg.1394     0.230  32  0.277  11  0.821   6  0.786   0.475 Y  0.450      SignalP-TM
fig|2518495.5.peg.1395     0.252  27  0.398  27  0.759   7  0.663   0.501 Y  0.450      SignalP-TM
fig|2518495.5.peg.1403     0.234  24  0.460  21  0.938  19  0.895   0.664 Y  0.570      SignalP-noTM
fig|2518495.5.peg.1403     0.315  27  0.451  27  0.886  19  0.690   0.544 Y  0.450      SignalP-TM
fig|2518495.5.peg.1405     0.219  23  0.406  23  0.944   6  0.827   0.604 Y  0.570      SignalP-noTM
fig|2518495.5.peg.1405     0.323  25  0.429  25  0.821   1  0.653   0.516 Y  0.450      SignalP-TM
fig|2518495.5.peg.1407     0.144  30  0.299  26  0.873   4  0.730   0.467 Y  0.450      SignalP-TM
fig|2518495.5.peg.1407     0.253  21  0.473  21  0.936   1  0.894   0.671 Y  0.570      SignalP-noTM
fig|2518495.5.peg.1409     0.293  20  0.530  20  0.971  17  0.955   0.696 Y  0.450      SignalP-TM
fig|2518495.5.peg.1409     0.825  20  0.901  20  0.991  10  0.974   0.935 Y  0.570      SignalP-noTM
fig|2518495.5.peg.1411     0.433  21  0.577  21  0.937   5  0.820   0.672 Y  0.450      SignalP-TM
fig|2518495.5.peg.1411     0.780  21  0.851  21  0.956  17  0.926   0.886 Y  0.570      SignalP-noTM
fig|2518495.5.peg.1418     0.365  22  0.459  22  0.686  19  0.597   0.513 Y  0.450      SignalP-TM
fig|2518495.5.peg.1418     0.471  22  0.639  22  0.931  19  0.876   0.750 Y  0.570      SignalP-noTM
fig|2518495.5.peg.1426     0.233  27  0.390  23  0.905  13  0.754   0.532 Y  0.450      SignalP-TM
fig|2518495.5.peg.144      0.438  25  0.541  25  0.898   7  0.752   0.623 Y  0.450      SignalP-TM
fig|2518495.5.peg.144      0.883  23  0.912  23  0.979   9  0.950   0.930 Y  0.570      SignalP-noTM
fig|2518495.5.peg.1445     0.155  24  0.281  14  0.850   8  0.787   0.479 Y  0.450      SignalP-TM
fig|2518495.5.peg.1449     0.218  28  0.430  19  0.971  12  0.954   0.676 Y  0.570      SignalP-noTM
fig|2518495.5.peg.1449     0.452  29  0.612  29  0.971  12  0.887   0.719 Y  0.450      SignalP-TM
fig|2518495.5.peg.1453     0.420  23  0.550  23  0.864  17  0.722   0.617 Y  0.450      SignalP-TM
fig|2518495.5.peg.1453     0.450  16  0.592  16  0.862  12  0.779   0.680 Y  0.570      SignalP-noTM
fig|2518495.5.peg.1454     0.668  22  0.700  22  0.871  18  0.739   0.715 Y  0.450      SignalP-TM
fig|2518495.5.peg.1454     0.848  22  0.721  22  0.807  18  0.607   0.668 Y  0.570      SignalP-noTM
fig|2518495.5.peg.1460     0.329  23  0.462  23  0.752  19  0.634   0.529 Y  0.450      SignalP-TM
fig|2518495.5.peg.1460     0.492  21  0.609  21  0.865  19  0.730   0.666 Y  0.570      SignalP-noTM
fig|2518495.5.peg.1461     0.128  41  0.274  11  0.821   1  0.749   0.459 Y  0.450      SignalP-TM
fig|2518495.5.peg.1461     0.171  33  0.393  33  0.941  19  0.810   0.589 Y  0.570      SignalP-noTM
fig|2518495.5.peg.1468     0.424  20  0.619  20  0.943  17  0.877   0.720 Y  0.450      SignalP-TM
fig|2518495.5.peg.1468     0.747  20  0.836  20  0.966  17  0.921   0.876 Y  0.570      SignalP-noTM
fig|2518495.5.peg.1470     0.498  25  0.658  25  0.925  14  0.833   0.727 Y  0.450      SignalP-TM
fig|2518495.5.peg.1470     0.542  25  0.695  25  0.977  21  0.903   0.793 Y  0.570      SignalP-noTM
fig|2518495.5.peg.1471     0.190  23  0.353  23  0.792  16  0.654   0.470 Y  0.450      SignalP-TM
fig|2518495.5.peg.1471     0.350  23  0.511  23  0.921  16  0.784   0.639 Y  0.570      SignalP-noTM
fig|2518495.5.peg.1472     0.202  32  0.370  19  0.797   1  0.705   0.501 Y  0.450      SignalP-TM
fig|2518495.5.peg.1472     0.302  19  0.500  19  0.891  11  0.824   0.652 Y  0.570      SignalP-noTM
fig|2518495.5.peg.1473     0.202  27  0.411  27  0.905  18  0.784   0.556 Y  0.450      SignalP-TM
fig|2518495.5.peg.1473     0.309  27  0.490  27  0.921  10  0.826   0.648 Y  0.570      SignalP-noTM
fig|2518495.5.peg.1474     0.269  22  0.453  22  0.899   1  0.787   0.610 Y  0.570      SignalP-noTM
fig|2518495.5.peg.1477     0.617  24  0.537  24  0.563  17  0.448   0.502 Y  0.450      SignalP-TM
fig|2518495.5.peg.1477     0.756  24  0.692  24  0.806   3  0.665   0.679 Y  0.570      SignalP-noTM
fig|2518495.5.peg.1478     0.163  24  0.359  24  0.914   8  0.809   0.535 Y  0.450      SignalP-TM
fig|2518495.5.peg.1478     0.249  24  0.474  24  0.951   6  0.916   0.682 Y  0.570      SignalP-noTM
fig|2518495.5.peg.1479     0.683  28  0.719  28  0.912  21  0.745   0.729 Y  0.450      SignalP-TM
fig|2518495.5.peg.1479     0.819  26  0.871  26  0.957  21  0.900   0.884 Y  0.570      SignalP-noTM
fig|2518495.5.peg.1481     0.285  27  0.418  27  0.746  12  0.621   0.497 Y  0.450      SignalP-TM
fig|2518495.5.peg.1481     0.344  27  0.488  27  0.913  20  0.779   0.624 Y  0.570      SignalP-noTM
fig|2518495.5.peg.1483     0.598  22  0.727  22  0.920  20  0.875   0.797 Y  0.570      SignalP-noTM
fig|2518495.5.peg.149      0.542  26  0.657  26  0.944  25  0.664   0.660 Y  0.450      SignalP-TM
fig|2518495.5.peg.149      0.692  31  0.787  31  0.977  22  0.822   0.803 Y  0.570      SignalP-noTM
fig|2518495.5.peg.1495     0.248  21  0.462  21  0.887  15  0.840   0.609 Y  0.450      SignalP-TM
fig|2518495.5.peg.1496     0.206  26  0.381  26  0.907   5  0.773   0.534 Y  0.450      SignalP-TM
fig|2518495.5.peg.1496     0.368  21  0.551  21  0.928  10  0.849   0.691 Y  0.570      SignalP-noTM
fig|2518495.5.peg.15       0.653  26  0.586  26  0.673  12  0.537   0.567 Y  0.450      SignalP-TM
fig|2518495.5.peg.1500     0.609  25  0.751  25  0.964   6  0.936   0.823 Y  0.450      SignalP-TM
fig|2518495.5.peg.1500     0.741  25  0.808  25  0.976  17  0.917   0.859 Y  0.570      SignalP-noTM
fig|2518495.5.peg.1508     0.207  19  0.408  19  0.922   2  0.832   0.608 Y  0.570      SignalP-noTM
fig|2518495.5.peg.1508     0.378  59  0.407  24  0.844   1  0.715   0.527 Y  0.450      SignalP-TM
fig|2518495.5.peg.1518     0.211  21  0.434  21  0.916  14  0.891   0.612 Y  0.450      SignalP-TM
fig|2518495.5.peg.1518     0.600  21  0.743  21  0.966  17  0.924   0.828 Y  0.570      SignalP-noTM
fig|2518495.5.peg.1519     0.343  21  0.485  21  0.817   3  0.709   0.572 Y  0.450      SignalP-TM
fig|2518495.5.peg.1519     0.683  21  0.773  21  0.923  13  0.870   0.819 Y  0.570      SignalP-noTM
fig|2518495.5.peg.152      0.302  23  0.518  23  0.948  14  0.906   0.669 Y  0.450      SignalP-TM
fig|2518495.5.peg.152      0.719  21  0.824  21  0.975  11  0.941   0.879 Y  0.570      SignalP-noTM
fig|2518495.5.peg.1521     0.330  35  0.498  35  0.849  27  0.463   0.484 Y  0.450      SignalP-TM
fig|2518495.5.peg.1521     0.667  35  0.796  35  0.969  31  0.782   0.790 Y  0.570      SignalP-noTM
fig|2518495.5.peg.1530     0.195  30  0.336  26  0.820  18  0.727   0.489 Y  0.450      SignalP-TM
fig|2518495.5.peg.1538     0.323  20  0.555  20  0.989  10  0.953   0.742 Y  0.570      SignalP-noTM
fig|2518495.5.peg.1538     0.591  32  0.637  32  0.955  15  0.822   0.709 Y  0.450      SignalP-TM
fig|2518495.5.peg.1540     0.523  40  0.589  40  0.867  33  0.560   0.578 Y  0.450      SignalP-TM
fig|2518495.5.peg.1540     0.540  40  0.586  40  0.921  33  0.579   0.583 Y  0.570      SignalP-noTM
fig|2518495.5.peg.1551     0.578  23  0.582  23  0.813   3  0.665   0.615 Y  0.450      SignalP-TM
fig|2518495.5.peg.1551     0.849  23  0.880  23  0.961  18  0.903   0.891 Y  0.570      SignalP-noTM
fig|2518495.5.peg.1563     0.137  29  0.342  20  0.920  16  0.872   0.591 Y  0.570      SignalP-noTM
fig|2518495.5.peg.1563     0.200  28  0.369  28  0.915  13  0.773   0.527 Y  0.450      SignalP-TM
fig|2518495.5.peg.1565     0.167  28  0.286  12  0.877   4  0.813   0.492 Y  0.450      SignalP-TM
fig|2518495.5.peg.1565     0.232  21  0.406  21  0.920   4  0.785   0.584 Y  0.570      SignalP-noTM
fig|2518495.5.peg.157      0.404  33  0.452  33  0.931  11  0.707   0.552 Y  0.450      SignalP-TM
fig|2518495.5.peg.1574     0.310  22  0.505  22  0.913   4  0.846   0.665 Y  0.570      SignalP-noTM
fig|2518495.5.peg.1574     0.345  31  0.417  31  0.810  20  0.563   0.474 Y  0.450      SignalP-TM
fig|2518495.5.peg.158      0.193  29  0.362  28  0.848  13  0.665   0.480 Y  0.450      SignalP-TM
fig|2518495.5.peg.1586     0.256  27  0.396  27  0.916  16  0.612   0.480 Y  0.450      SignalP-TM
fig|2518495.5.peg.1587     0.230  45  0.362  45  0.914  29  0.685   0.488 Y  0.450      SignalP-TM
fig|2518495.5.peg.1587     0.482  45  0.568  45  0.991  24  0.770   0.663 Y  0.570      SignalP-noTM
fig|2518495.5.peg.1591     0.211  26  0.358  21  0.806   6  0.693   0.489 Y  0.450      SignalP-TM
fig|2518495.5.peg.1592     0.243  28  0.377  28  0.886   2  0.701   0.503 Y  0.450      SignalP-TM
fig|2518495.5.peg.1592     0.572  20  0.711  20  0.930   6  0.892   0.796 Y  0.570      SignalP-noTM
fig|2518495.5.peg.16       0.664  25  0.780  25  0.980  18  0.937   0.854 Y  0.570      SignalP-noTM
fig|2518495.5.peg.16       0.812  25  0.834  25  0.954  10  0.876   0.851 Y  0.450      SignalP-TM
fig|2518495.5.peg.1600     0.255  32  0.368  32  0.794  21  0.603   0.460 Y  0.450      SignalP-TM
fig|2518495.5.peg.1600     0.275  22  0.445  22  0.878   3  0.754   0.590 Y  0.570      SignalP-noTM
fig|2518495.5.peg.1606     0.143  32  0.290  11  0.921   5  0.868   0.516 Y  0.450      SignalP-TM
fig|2518495.5.peg.1606     0.177  23  0.370  23  0.923   4  0.824   0.583 Y  0.570      SignalP-noTM
fig|2518495.5.peg.1609     0.391  27  0.503  27  0.793  10  0.660   0.564 Y  0.450      SignalP-TM
fig|2518495.5.peg.1609     0.570  27  0.694  27  0.906   6  0.851   0.768 Y  0.570      SignalP-noTM
fig|2518495.5.peg.1610     0.127  35  0.313  25  0.947  13  0.869   0.530 Y  0.450      SignalP-TM
fig|2518495.5.peg.1610     0.257  25  0.499  25  0.976  16  0.959   0.715 Y  0.570      SignalP-noTM
fig|2518495.5.peg.1611     0.264  24  0.455  24  0.917  14  0.817   0.625 Y  0.570      SignalP-noTM
fig|2518495.5.peg.1611     0.533  24  0.623  24  0.798  20  0.700   0.653 Y  0.450      SignalP-TM
fig|2518495.5.peg.1632     0.261  20  0.471  20  0.896   3  0.857   0.622 Y  0.450      SignalP-TM
fig|2518495.5.peg.1632     0.487  20  0.617  20  0.898  12  0.797   0.701 Y  0.570      SignalP-noTM
fig|2518495.5.peg.1633     0.174  33  0.359  33  0.926  19  0.778   0.522 Y  0.450      SignalP-TM
fig|2518495.5.peg.1633     0.454  31  0.659  31  0.972  21  0.901   0.773 Y  0.570      SignalP-noTM
fig|2518495.5.peg.1635     0.647  22  0.631  22  0.723  18  0.615   0.625 Y  0.450      SignalP-TM
fig|2518495.5.peg.1635     0.884  22  0.819  22  0.856  19  0.749   0.786 Y  0.570      SignalP-noTM
fig|2518495.5.peg.1636     0.350  20  0.519  20  0.887  17  0.790   0.624 Y  0.450      SignalP-TM
fig|2518495.5.peg.1636     0.703  20  0.793  20  0.934  11  0.884   0.835 Y  0.570      SignalP-noTM
fig|2518495.5.peg.164      0.219  27  0.411  21  0.921  17  0.880   0.631 Y  0.570      SignalP-noTM
fig|2518495.5.peg.164      0.296  27  0.504  27  0.955  17  0.874   0.648 Y  0.450      SignalP-TM
fig|2518495.5.peg.1641     0.636  22  0.758  22  0.953  16  0.883   0.807 Y  0.450      SignalP-TM
fig|2518495.5.peg.1641     0.795  22  0.874  22  0.977  16  0.947   0.908 Y  0.570      SignalP-noTM
fig|2518495.5.peg.1652     0.208  29  0.392  29  0.898  20  0.774   0.541 Y  0.450      SignalP-TM
fig|2518495.5.peg.1654     0.211  26  0.423  23  0.953   9  0.910   0.613 Y  0.450      SignalP-TM
fig|2518495.5.peg.1654     0.402  23  0.618  23  0.973  11  0.926   0.763 Y  0.570      SignalP-noTM
fig|2518495.5.peg.1656     0.144  34  0.308  21  0.825  17  0.718   0.468 Y  0.450      SignalP-TM
fig|2518495.5.peg.1656     0.669  21  0.743  21  0.905  20  0.841   0.789 Y  0.570      SignalP-noTM
fig|2518495.5.peg.1658     0.159  21  0.304  21  0.893   5  0.681   0.451 Y  0.450      SignalP-TM
fig|2518495.5.peg.1658     0.378  21  0.512  21  0.910   3  0.759   0.603 Y  0.510      SignalP-TM
fig|2518495.5.peg.1659     0.193  22  0.381  22  0.916  19  0.786   0.571 Y  0.570      SignalP-noTM
fig|2518495.5.peg.1659     0.222  24  0.371  24  0.861   4  0.696   0.498 Y  0.450      SignalP-TM
fig|2518495.5.peg.1661     0.310  20  0.464  20  0.836   1  0.722   0.565 Y  0.450      SignalP-TM
fig|2518495.5.peg.1661     0.798  20  0.813  20  0.889  17  0.833   0.822 Y  0.570      SignalP-noTM
fig|2518495.5.peg.1662     0.170  29  0.283  13  0.875   7  0.772   0.474 Y  0.450      SignalP-TM
fig|2518495.5.peg.1664     0.258  27  0.410  27  0.860   3  0.711   0.528 Y  0.450      SignalP-TM
fig|2518495.5.peg.1664     0.351  27  0.544  27  0.961  23  0.856   0.691 Y  0.570      SignalP-noTM
fig|2518495.5.peg.1665     0.208  24  0.380  24  0.942   6  0.779   0.536 Y  0.450      SignalP-TM
fig|2518495.5.peg.1665     0.387  24  0.559  24  0.951  10  0.863   0.702 Y  0.570      SignalP-noTM
fig|2518495.5.peg.1666     0.635  20  0.731  20  0.913  17  0.831   0.770 Y  0.450      SignalP-TM
fig|2518495.5.peg.1666     0.692  20  0.794  20  0.962  17  0.903   0.845 Y  0.570      SignalP-noTM
fig|2518495.5.peg.1667     0.292  19  0.482  19  0.857  10  0.799   0.631 Y  0.570      SignalP-noTM
fig|2518495.5.peg.1669     0.192  23  0.387  23  0.894  18  0.788   0.544 Y  0.450      SignalP-TM
fig|2518495.5.peg.1670     0.263  36  0.413  36  0.864  23  0.646   0.504 Y  0.450      SignalP-TM
fig|2518495.5.peg.1670     0.306  36  0.465  36  0.920  18  0.701   0.576 Y  0.570      SignalP-noTM
fig|2518495.5.peg.1671     0.264  21  0.407  21  0.781  19  0.639   0.497 Y  0.450      SignalP-TM
fig|2518495.5.peg.1671     0.647  21  0.735  21  0.874   1  0.835   0.782 Y  0.570      SignalP-noTM
fig|2518495.5.peg.1672     0.253  21  0.429  21  0.816   5  0.746   0.552 Y  0.450      SignalP-TM
fig|2518495.5.peg.1672     0.586  21  0.532  21  0.618   2  0.511   0.524 Y  0.510      SignalP-TM
fig|2518495.5.peg.1673     0.397  25  0.547  25  0.842  19  0.735   0.635 Y  0.570      SignalP-noTM
fig|2518495.5.peg.1673     0.402  24  0.520  24  0.811  18  0.562   0.536 Y  0.450      SignalP-TM
fig|2518495.5.peg.1674     0.128  22  0.299  22  0.930   4  0.770   0.482 Y  0.450      SignalP-TM
fig|2518495.5.peg.1674     0.589  22  0.672  22  0.932   1  0.802   0.733 Y  0.570      SignalP-noTM
fig|2518495.5.peg.1676     0.461  20  0.456  20  0.681   3  0.512   0.477 Y  0.450      SignalP-TM
fig|2518495.5.peg.1676     0.835  20  0.818  20  0.844  19  0.797   0.808 Y  0.570      SignalP-noTM
fig|2518495.5.peg.168      0.333  31  0.418  31  0.886  11  0.683   0.521 Y  0.450      SignalP-TM
fig|2518495.5.peg.168      0.354  24  0.546  24  0.923   3  0.855   0.691 Y  0.570      SignalP-noTM
fig|2518495.5.peg.1680     0.274  25  0.438  25  0.824   2  0.718   0.548 Y  0.450      SignalP-TM
fig|2518495.5.peg.1680     0.440  23  0.586  23  0.932  16  0.796   0.685 Y  0.570      SignalP-noTM
fig|2518495.5.peg.1687     0.159  23  0.356  23  0.880  13  0.774   0.519 Y  0.450      SignalP-TM
fig|2518495.5.peg.1687     0.199  18  0.396  18  0.905   4  0.818   0.594 Y  0.570      SignalP-noTM
fig|2518495.5.peg.17       0.254  24  0.467  24  0.943  15  0.875   0.659 Y  0.570      SignalP-noTM
fig|2518495.5.peg.17       0.266  27  0.427  27  0.819  12  0.730   0.545 Y  0.450      SignalP-TM
fig|2518495.5.peg.1707     0.237  22  0.443  22  0.918   2  0.848   0.601 Y  0.450      SignalP-TM
fig|2518495.5.peg.1707     0.774  20  0.855  20  0.958  16  0.928   0.889 Y  0.570      SignalP-noTM
fig|2518495.5.peg.1719     0.566  23  0.560  23  0.640  18  0.563   0.561 Y  0.450      SignalP-TM
fig|2518495.5.peg.1722     0.353  20  0.461  20  0.804   2  0.658   0.538 Y  0.450      SignalP-TM
fig|2518495.5.peg.1722     0.405  20  0.553  20  0.898   1  0.786   0.663 Y  0.570      SignalP-noTM
fig|2518495.5.peg.1726     0.590  29  0.567  29  0.760  21  0.551   0.561 Y  0.450      SignalP-TM
fig|2518495.5.peg.173      0.395  23  0.602  23  0.965   5  0.931   0.730 Y  0.450      SignalP-TM
fig|2518495.5.peg.173      0.667  23  0.794  23  0.987  11  0.948   0.867 Y  0.570      SignalP-noTM
fig|2518495.5.peg.1732     0.332  30  0.379  30  0.861  11  0.611   0.470 Y  0.450      SignalP-TM
fig|2518495.5.peg.1732     0.515  30  0.657  25  0.967  20  0.899   0.771 Y  0.570      SignalP-noTM
fig|2518495.5.peg.1740     0.265  29  0.395  29  0.800  20  0.650   0.494 Y  0.450      SignalP-TM
fig|2518495.5.peg.1743     0.530  20  0.612  20  0.811  17  0.695   0.651 Y  0.570      SignalP-noTM
fig|2518495.5.peg.1743     0.542  20  0.638  20  0.829  17  0.743   0.679 Y  0.450      SignalP-TM
fig|2518495.5.peg.1750     0.559  19  0.648  19  0.826  15  0.733   0.688 Y  0.570      SignalP-noTM
fig|2518495.5.peg.1753     0.372  24  0.529  24  0.867  20  0.708   0.613 Y  0.570      SignalP-noTM
fig|2518495.5.peg.1753     0.426  24  0.589  24  0.845  20  0.742   0.649 Y  0.450      SignalP-TM
fig|2518495.5.peg.1761     0.183  23  0.361  23  0.833   2  0.748   0.512 Y  0.450      SignalP-TM
fig|2518495.5.peg.1761     0.329  21  0.522  21  0.924  10  0.846   0.674 Y  0.570      SignalP-noTM
fig|2518495.5.peg.1762     0.186  38  0.348  32  0.884  11  0.732   0.498 Y  0.450      SignalP-TM
fig|2518495.5.peg.1763     0.301  34  0.431  34  0.750  25  0.513   0.463 Y  0.450      SignalP-TM
fig|2518495.5.peg.1777     0.460  24  0.583  24  0.853  20  0.741   0.645 Y  0.450      SignalP-TM
fig|2518495.5.peg.1777     0.599  24  0.713  24  0.955  13  0.876   0.790 Y  0.570      SignalP-noTM
fig|2518495.5.peg.178      0.194  27  0.362  27  0.835  19  0.652   0.475 Y  0.450      SignalP-TM
fig|2518495.5.peg.1791     0.440  52  0.380  22  0.819  12  0.727   0.515 Y  0.450      SignalP-TM
fig|2518495.5.peg.1791     0.578  22  0.735  22  0.961  14  0.933   0.828 Y  0.570      SignalP-noTM
fig|2518495.5.peg.1792     0.154  23  0.327  23  0.916   6  0.768   0.499 Y  0.450      SignalP-TM
fig|2518495.5.peg.1792     0.413  20  0.622  20  0.961  10  0.933   0.768 Y  0.570      SignalP-noTM
fig|2518495.5.peg.1794     0.195  20  0.415  20  0.944   4  0.897   0.603 Y  0.450      SignalP-TM
fig|2518495.5.peg.1794     0.683  20  0.803  20  0.968   8  0.937   0.866 Y  0.570      SignalP-noTM
fig|2518495.5.peg.1795     0.403  20  0.550  20  0.912   4  0.793   0.645 Y  0.450      SignalP-TM
fig|2518495.5.peg.1795     0.814  20  0.871  20  0.950  10  0.927   0.897 Y  0.570      SignalP-noTM
fig|2518495.5.peg.1798     0.440  23  0.541  23  0.858   2  0.715   0.623 Y  0.570      SignalP-noTM
fig|2518495.5.peg.1799     0.423  22  0.572  22  0.854  12  0.774   0.651 Y  0.450      SignalP-TM
fig|2518495.5.peg.18       0.588  21  0.624  21  0.818   4  0.690   0.650 Y  0.450      SignalP-TM
fig|2518495.5.peg.18       0.625  21  0.645  21  0.886   1  0.712   0.677 Y  0.570      SignalP-noTM
fig|2518495.5.peg.1800     0.579  20  0.730  20  0.950  17  0.912   0.801 Y  0.450      SignalP-TM
fig|2518495.5.peg.1800     0.634  20  0.771  20  0.982  17  0.932   0.847 Y  0.570      SignalP-noTM
fig|2518495.5.peg.1801     0.378  24  0.576  24  0.940  15  0.830   0.675 Y  0.450      SignalP-TM
fig|2518495.5.peg.1801     0.484  22  0.669  22  0.955  14  0.925   0.789 Y  0.570      SignalP-noTM
fig|2518495.5.peg.1802     0.236  18  0.373  18  0.719  17  0.599   0.461 Y  0.450      SignalP-TM
fig|2518495.5.peg.1802     0.329  19  0.530  18  0.916  17  0.867   0.688 Y  0.570      SignalP-noTM
fig|2518495.5.peg.181      0.198  29  0.340  29  0.868   9  0.681   0.473 Y  0.450      SignalP-TM
fig|2518495.5.peg.1813     0.449  31  0.495  31  0.651  23  0.423   0.467 Y  0.450      SignalP-TM
fig|2518495.5.peg.182      0.293  29  0.387  29  0.806  16  0.620   0.478 Y  0.450      SignalP-TM
fig|2518495.5.peg.183      0.285  19  0.507  19  0.931   8  0.899   0.660 Y  0.450      SignalP-TM
fig|2518495.5.peg.183      0.394  19  0.595  19  0.924   9  0.899   0.738 Y  0.570      SignalP-noTM
fig|2518495.5.peg.1840     0.243  35  0.422  35  0.833  26  0.577   0.482 Y  0.450      SignalP-TM
fig|2518495.5.peg.185      0.147  32  0.303  23  0.866   6  0.738   0.473 Y  0.450      SignalP-TM
fig|2518495.5.peg.185      0.407  23  0.602  23  0.942  18  0.901   0.742 Y  0.570      SignalP-noTM
fig|2518495.5.peg.189      0.186  29  0.384  21  0.911   4  0.853   0.567 Y  0.450      SignalP-TM
fig|2518495.5.peg.189      0.375  21  0.583  21  0.947   1  0.915   0.739 Y  0.570      SignalP-noTM
fig|2518495.5.peg.1901     0.496  18  0.644  18  0.935  17  0.843   0.738 Y  0.570      SignalP-noTM
fig|2518495.5.peg.191      0.262  19  0.481  19  0.925  15  0.868   0.632 Y  0.450      SignalP-TM
fig|2518495.5.peg.191      0.635  19  0.725  19  0.906  15  0.831   0.775 Y  0.570      SignalP-noTM
fig|2518495.5.peg.1913     0.557  35  0.528  24  0.877  20  0.741   0.611 Y  0.450      SignalP-TM
fig|2518495.5.peg.1913     0.780  24  0.834  24  0.940  17  0.859   0.846 Y  0.570      SignalP-noTM
fig|2518495.5.peg.1925     0.149  22  0.314  22  0.793   3  0.695   0.463 Y  0.450      SignalP-TM
fig|2518495.5.peg.1925     0.258  24  0.448  24  0.951   1  0.830   0.628 Y  0.570      SignalP-noTM
fig|2518495.5.peg.1933     0.695  26  0.570  26  0.681  25  0.408   0.507 Y  0.450      SignalP-TM
fig|2518495.5.peg.1937     0.228  22  0.424  22  0.895  17  0.770   0.559 Y  0.450      SignalP-TM
fig|2518495.5.peg.1937     0.266  20  0.471  20  0.900  16  0.838   0.643 Y  0.570      SignalP-noTM
fig|2518495.5.peg.1939     0.237  22  0.404  22  0.804  16  0.675   0.510 Y  0.450      SignalP-TM
fig|2518495.5.peg.1939     0.353  22  0.485  22  0.866  16  0.668   0.571 Y  0.570      SignalP-noTM
fig|2518495.5.peg.1940     0.392  21  0.617  21  0.981  17  0.960   0.778 Y  0.570      SignalP-noTM
fig|2518495.5.peg.1940     0.603  25  0.732  25  0.963  11  0.914   0.803 Y  0.450      SignalP-TM
fig|2518495.5.peg.1942     0.354  28  0.443  28  0.732  24  0.598   0.503 Y  0.450      SignalP-TM
fig|2518495.5.peg.1943     0.236  22  0.422  22  0.893  18  0.769   0.557 Y  0.450      SignalP-TM
fig|2518495.5.peg.1943     0.326  19  0.532  19  0.929  10  0.870   0.691 Y  0.570      SignalP-noTM
fig|2518495.5.peg.1945     0.416  30  0.598  21  0.957   3  0.893   0.713 Y  0.450      SignalP-TM
fig|2518495.5.peg.1945     0.639  21  0.778  21  0.974  11  0.947   0.857 Y  0.570      SignalP-noTM
fig|2518495.5.peg.1946     0.177  24  0.368  24  0.868   2  0.791   0.533 Y  0.450      SignalP-TM
fig|2518495.5.peg.1946     0.453  19  0.611  19  0.932  17  0.815   0.707 Y  0.570      SignalP-noTM
fig|2518495.5.peg.1947     0.328  29  0.469  29  0.902  14  0.751   0.579 Y  0.450      SignalP-TM
fig|2518495.5.peg.1947     0.377  22  0.601  22  0.976  11  0.951   0.765 Y  0.570      SignalP-noTM
fig|2518495.5.peg.1957     0.596  26  0.673  26  0.877   9  0.802   0.724 Y  0.450      SignalP-TM
fig|2518495.5.peg.1957     0.697  26  0.577  26  0.674   1  0.513   0.554 Y  0.510      SignalP-TM
fig|2518495.5.peg.196      0.320  33  0.381  33  0.817  14  0.608   0.470 Y  0.450      SignalP-TM
fig|2518495.5.peg.1960     0.254  24  0.472  24  0.914  22  0.860   0.623 Y  0.450      SignalP-TM
fig|2518495.5.peg.1960     0.458  24  0.633  24  0.930  17  0.879   0.749 Y  0.570      SignalP-noTM
fig|2518495.5.peg.1961     0.281  24  0.391  24  0.714  19  0.584   0.467 Y  0.450      SignalP-TM
fig|2518495.5.peg.1961     0.751  24  0.792  24  0.972  19  0.856   0.822 Y  0.570      SignalP-noTM
fig|2518495.5.peg.1971     0.365  20  0.594  20  0.978  19  0.961   0.766 Y  0.570      SignalP-noTM
fig|2518495.5.peg.1971     0.454  40  0.493  40  0.966  17  0.781   0.605 Y  0.450      SignalP-TM
fig|2518495.5.peg.1974     0.178  23  0.373  23  0.847  14  0.789   0.535 Y  0.450      SignalP-TM
fig|2518495.5.peg.1974     0.257  21  0.485  21  0.948  14  0.917   0.688 Y  0.570      SignalP-noTM
fig|2518495.5.peg.1978     0.167  26  0.300  20  0.862   1  0.690   0.452 Y  0.450      SignalP-TM
fig|2518495.5.peg.1978     0.611  20  0.729  20  0.955  18  0.863   0.792 Y  0.570      SignalP-noTM
fig|2518495.5.peg.1981     0.336  24  0.498  24  0.945  18  0.767   0.603 Y  0.450      SignalP-TM
fig|2518495.5.peg.1981     0.375  19  0.562  19  0.914  17  0.837   0.692 Y  0.570      SignalP-noTM
fig|2518495.5.peg.1985     0.134  26  0.280  13  0.835   1  0.783   0.476 Y  0.450      SignalP-TM
fig|2518495.5.peg.1986     0.388  21  0.537  21  0.908  19  0.754   0.622 Y  0.450      SignalP-TM
fig|2518495.5.peg.1986     0.698  21  0.780  21  0.948   1  0.883   0.828 Y  0.570      SignalP-noTM
fig|2518495.5.peg.1987     0.232  29  0.389  29  0.835  10  0.726   0.520 Y  0.450      SignalP-TM
fig|2518495.5.peg.2        0.255  23  0.400  23  0.797   1  0.670   0.505 Y  0.450      SignalP-TM
fig|2518495.5.peg.2        0.442  21  0.616  21  0.915  19  0.856   0.729 Y  0.570      SignalP-noTM
fig|2518495.5.peg.203      0.315  31  0.497  31  0.923  14  0.836   0.629 Y  0.450      SignalP-TM
fig|2518495.5.peg.2032     0.335  29  0.484  29  0.943  16  0.808   0.610 Y  0.450      SignalP-TM
fig|2518495.5.peg.2036     0.314  20  0.427  20  0.776  18  0.612   0.499 Y  0.450      SignalP-TM
fig|2518495.5.peg.2036     0.754  20  0.772  20  0.888  19  0.788   0.780 Y  0.570      SignalP-noTM
fig|2518495.5.peg.2048     0.370  20  0.530  20  0.864   8  0.780   0.628 Y  0.450      SignalP-TM
fig|2518495.5.peg.2049     0.223  22  0.408  22  0.863   6  0.775   0.551 Y  0.450      SignalP-TM
fig|2518495.5.peg.2049     0.781  22  0.859  22  0.967  20  0.935   0.895 Y  0.570      SignalP-noTM
fig|2518495.5.peg.2050     0.285  25  0.508  25  0.960  13  0.913   0.665 Y  0.450      SignalP-TM
fig|2518495.5.peg.2050     0.591  25  0.727  25  0.983  10  0.929   0.822 Y  0.570      SignalP-noTM
fig|2518495.5.peg.2055     0.577  22  0.621  22  0.790  18  0.643   0.629 Y  0.450      SignalP-TM
fig|2518495.5.peg.2055     0.714  22  0.694  22  0.847   1  0.672   0.684 Y  0.570      SignalP-noTM
fig|2518495.5.peg.2056     0.301  29  0.455  20  0.873   3  0.817   0.596 Y  0.450      SignalP-TM
fig|2518495.5.peg.2056     0.691  20  0.769  20  0.908  16  0.843   0.804 Y  0.570      SignalP-noTM
fig|2518495.5.peg.2064     0.154  26  0.342  19  0.938  17  0.913   0.610 Y  0.570      SignalP-noTM
fig|2518495.5.peg.2073     0.246  18  0.439  18  0.831  15  0.741   0.557 Y  0.450      SignalP-TM
fig|2518495.5.peg.2073     0.461  18  0.607  18  0.921  15  0.779   0.688 Y  0.570      SignalP-noTM
fig|2518495.5.peg.2078     0.391  27  0.530  25  0.939  24  0.721   0.620 Y  0.570      SignalP-noTM
fig|2518495.5.peg.208      0.396  25  0.499  25  0.775  21  0.624   0.548 Y  0.450      SignalP-TM
fig|2518495.5.peg.2084     0.194  26  0.388  26  0.885   1  0.803   0.550 Y  0.450      SignalP-TM
fig|2518495.5.peg.2084     0.212  26  0.431  26  0.964  17  0.891   0.647 Y  0.570      SignalP-noTM
fig|2518495.5.peg.2094     0.199  26  0.360  26  0.901   2  0.731   0.505 Y  0.450      SignalP-TM
fig|2518495.5.peg.2094     0.451  20  0.629  20  0.913  16  0.867   0.741 Y  0.570      SignalP-noTM
fig|2518495.5.peg.2095     0.153  24  0.335  24  0.880  19  0.721   0.485 Y  0.450      SignalP-TM
fig|2518495.5.peg.2095     0.358  20  0.572  20  0.951  11  0.910   0.731 Y  0.570      SignalP-noTM
fig|2518495.5.peg.2096     0.538  19  0.510  19  0.683   2  0.509   0.510 Y  0.450      SignalP-TM
fig|2518495.5.peg.2096     0.782  19  0.813  19  0.917  11  0.845   0.828 Y  0.570      SignalP-noTM
fig|2518495.5.peg.2097     0.642  22  0.503  22  0.548  20  0.377   0.454 Y  0.450      SignalP-TM
fig|2518495.5.peg.2098     0.166  22  0.369  22  0.920   1  0.840   0.590 Y  0.570      SignalP-noTM
fig|2518495.5.peg.2098     0.186  22  0.354  22  0.850   1  0.712   0.493 Y  0.450      SignalP-TM
fig|2518495.5.peg.2099     0.237  28  0.450  28  0.884  18  0.767   0.599 Y  0.570      SignalP-noTM
fig|2518495.5.peg.2099     0.369  37  0.392  37  0.892  24  0.577   0.464 Y  0.450      SignalP-TM
fig|2518495.5.peg.2105     0.417  23  0.486  23  0.744  17  0.562   0.516 Y  0.450      SignalP-TM
fig|2518495.5.peg.2105     0.745  21  0.679  21  0.789  20  0.612   0.648 Y  0.570      SignalP-noTM
fig|2518495.5.peg.2107     0.272  32  0.398  30  0.881   5  0.713   0.521 Y  0.450      SignalP-TM
fig|2518495.5.peg.2107     0.486  22  0.680  22  0.972  17  0.947   0.805 Y  0.570      SignalP-noTM
fig|2518495.5.peg.2123     0.225  21  0.393  21  0.759  17  0.671   0.501 Y  0.450      SignalP-TM
fig|2518495.5.peg.2123     0.722  21  0.811  21  0.952  17  0.915   0.860 Y  0.570      SignalP-noTM
fig|2518495.5.peg.2124     0.356  22  0.443  22  0.661  15  0.576   0.495 Y  0.450      SignalP-TM
fig|2518495.5.peg.2128     0.277  31  0.438  23  0.929  14  0.876   0.609 Y  0.450      SignalP-TM
fig|2518495.5.peg.2128     0.346  23  0.557  23  0.951  18  0.902   0.719 Y  0.570      SignalP-noTM
fig|2518495.5.peg.2131     0.453  32  0.593  32  0.945  17  0.826   0.683 Y  0.450      SignalP-TM
fig|2518495.5.peg.2133     0.636  22  0.722  22  0.903  20  0.810   0.756 Y  0.450      SignalP-TM
fig|2518495.5.peg.2133     0.769  22  0.772  22  0.886  20  0.771   0.771 Y  0.570      SignalP-noTM
fig|2518495.5.peg.2136     0.168  26  0.367  26  0.950  17  0.837   0.588 Y  0.570      SignalP-noTM
fig|2518495.5.peg.2136     0.302  34  0.387  25  0.836  17  0.749   0.528 Y  0.450      SignalP-TM
fig|2518495.5.peg.2138     0.189  23  0.364  23  0.783  12  0.629   0.468 Y  0.450      SignalP-TM
fig|2518495.5.peg.2147     0.407  29  0.521  29  0.831  12  0.688   0.586 Y  0.450      SignalP-TM
fig|2518495.5.peg.2159     0.399  20  0.609  20  0.973  13  0.930   0.760 Y  0.570      SignalP-noTM
fig|2518495.5.peg.2159     0.503  34  0.596  34  0.976  14  0.851   0.695 Y  0.450      SignalP-TM
fig|2518495.5.peg.2166     0.452  23  0.569  23  0.765  16  0.648   0.600 Y  0.450      SignalP-TM
fig|2518495.5.peg.2166     0.752  23  0.750  23  0.848  16  0.749   0.750 Y  0.570      SignalP-noTM
fig|2518495.5.peg.2169     0.211  29  0.381  29  0.845  19  0.653   0.487 Y  0.450      SignalP-TM
fig|2518495.5.peg.2169     0.770  22  0.780  22  0.924  18  0.787   0.783 Y  0.570      SignalP-noTM
fig|2518495.5.peg.2174     0.247  22  0.447  22  0.893   8  0.827   0.595 Y  0.450      SignalP-TM
fig|2518495.5.peg.2174     0.343  22  0.534  22  0.932  11  0.863   0.689 Y  0.570      SignalP-noTM
fig|2518495.5.peg.218      0.364  25  0.575  25  0.973   8  0.921   0.710 Y  0.450      SignalP-TM
fig|2518495.5.peg.218      0.620  25  0.719  25  0.953  11  0.885   0.797 Y  0.570      SignalP-noTM
fig|2518495.5.peg.2198     0.149  35  0.352  24  0.939   8  0.880   0.558 Y  0.450      SignalP-TM
fig|2518495.5.peg.2198     0.162  24  0.384  24  0.979  12  0.933   0.642 Y  0.570      SignalP-noTM
fig|2518495.5.peg.221      0.187  25  0.394  21  0.941   8  0.919   0.641 Y  0.570      SignalP-noTM
fig|2518495.5.peg.221      0.243  32  0.392  26  0.905   5  0.776   0.542 Y  0.450      SignalP-TM
fig|2518495.5.peg.2210     0.228  25  0.441  25  0.948   7  0.890   0.616 Y  0.450      SignalP-TM
fig|2518495.5.peg.2210     0.471  22  0.639  22  0.937  17  0.888   0.756 Y  0.570      SignalP-noTM
fig|2518495.5.peg.2215     0.182  24  0.376  24  0.900   2  0.809   0.545 Y  0.450      SignalP-TM
fig|2518495.5.peg.2215     0.195  26  0.388  24  0.915  13  0.827   0.595 Y  0.570      SignalP-noTM
fig|2518495.5.peg.2219     0.282  21  0.424  21  0.703  19  0.569   0.481 Y  0.450      SignalP-TM
fig|2518495.5.peg.222      0.135  27  0.307  21  0.909   8  0.840   0.515 Y  0.450      SignalP-TM
fig|2518495.5.peg.222      0.254  22  0.469  22  0.941  17  0.880   0.662 Y  0.570      SignalP-noTM
fig|2518495.5.peg.2226     0.338  21  0.519  21  0.897   7  0.817   0.635 Y  0.450      SignalP-TM
fig|2518495.5.peg.2226     0.830  21  0.871  21  0.938  17  0.907   0.888 Y  0.570      SignalP-noTM
fig|2518495.5.peg.2230     0.256  22  0.432  22  0.812  10  0.722   0.545 Y  0.450      SignalP-TM
fig|2518495.5.peg.2230     0.544  22  0.683  22  0.909   6  0.864   0.768 Y  0.570      SignalP-noTM
fig|2518495.5.peg.2231     0.398  25  0.525  25  0.838  17  0.642   0.571 Y  0.450      SignalP-TM
fig|2518495.5.peg.2235     0.483  26  0.615  26  0.928  11  0.833   0.700 Y  0.450      SignalP-TM
fig|2518495.5.peg.2235     0.836  26  0.901  26  0.983  20  0.967   0.932 Y  0.570      SignalP-noTM
fig|2518495.5.peg.2247     0.256  22  0.484  22  0.947  15  0.904   0.648 Y  0.450      SignalP-TM
fig|2518495.5.peg.2247     0.732  22  0.805  22  0.952   8  0.898   0.849 Y  0.570      SignalP-noTM
fig|2518495.5.peg.2249     0.429  29  0.622  29  0.968  16  0.917   0.737 Y  0.450      SignalP-TM
fig|2518495.5.peg.2249     0.496  23  0.682  23  0.980  11  0.942   0.804 Y  0.570      SignalP-noTM
fig|2518495.5.peg.225      0.293  30  0.498  30  0.949  13  0.879   0.677 Y  0.570      SignalP-noTM
fig|2518495.5.peg.2253     0.626  26  0.705  26  0.954  19  0.830   0.764 Y  0.570      SignalP-noTM
fig|2518495.5.peg.2253     0.657  26  0.691  26  0.870  11  0.746   0.712 Y  0.450      SignalP-TM
fig|2518495.5.peg.2256     0.287  27  0.408  27  0.909   4  0.707   0.525 Y  0.450      SignalP-TM
fig|2518495.5.peg.2256     0.583  21  0.729  21  0.938  10  0.917   0.818 Y  0.570      SignalP-noTM
fig|2518495.5.peg.2260     0.270  23  0.413  23  0.790   9  0.686   0.519 Y  0.450      SignalP-TM
fig|2518495.5.peg.2260     0.462  23  0.587  23  0.895  11  0.796   0.685 Y  0.570      SignalP-noTM
fig|2518495.5.peg.2279     0.511  23  0.682  23  0.962  19  0.875   0.758 Y  0.450      SignalP-TM
fig|2518495.5.peg.2279     0.615  23  0.747  23  0.964  19  0.912   0.824 Y  0.570      SignalP-noTM
fig|2518495.5.peg.2285     0.336  21  0.491  21  0.861   1  0.727   0.602 Y  0.570      SignalP-noTM
fig|2518495.5.peg.2294     0.398  25  0.553  25  0.962   6  0.844   0.666 Y  0.450      SignalP-TM
fig|2518495.5.peg.2294     0.590  25  0.704  25  0.973  10  0.893   0.793 Y  0.570      SignalP-noTM
fig|2518495.5.peg.2298     0.348  22  0.486  22  0.844  18  0.713   0.575 Y  0.450      SignalP-TM
fig|2518495.5.peg.2298     0.583  20  0.632  20  0.828   9  0.688   0.658 Y  0.570      SignalP-noTM
fig|2518495.5.peg.230      0.135  25  0.298  20  0.844  12  0.774   0.484 Y  0.450      SignalP-TM
fig|2518495.5.peg.230      0.552  20  0.721  20  0.967  17  0.923   0.816 Y  0.570      SignalP-noTM
fig|2518495.5.peg.2305     0.349  35  0.535  35  0.966  18  0.867   0.691 Y  0.570      SignalP-noTM
fig|2518495.5.peg.2305     0.470  35  0.629  35  0.943  17  0.871   0.723 Y  0.450      SignalP-TM
fig|2518495.5.peg.2309     0.175  24  0.364  24  0.874  19  0.715   0.501 Y  0.450      SignalP-TM
fig|2518495.5.peg.231      0.135  42  0.323  21  0.917   9  0.840   0.525 Y  0.450      SignalP-TM
fig|2518495.5.peg.231      0.505  25  0.642  25  0.980  11  0.885   0.756 Y  0.570      SignalP-noTM
fig|2518495.5.peg.2314     0.308  29  0.395  29  0.809  16  0.546   0.454 Y  0.450      SignalP-TM
fig|2518495.5.peg.232      0.534  24  0.716  24  0.982  12  0.956   0.829 Y  0.570      SignalP-noTM
fig|2518495.5.peg.232      0.699  26  0.746  26  0.934  12  0.819   0.775 Y  0.450      SignalP-TM
fig|2518495.5.peg.2323     0.734  22  0.808  22  0.959   5  0.910   0.847 Y  0.450      SignalP-TM
fig|2518495.5.peg.2323     0.789  22  0.850  22  0.970   8  0.931   0.888 Y  0.570      SignalP-noTM
fig|2518495.5.peg.2324     0.201  21  0.402  21  0.899   1  0.804   0.591 Y  0.570      SignalP-noTM
fig|2518495.5.peg.2325     0.311  18  0.489  18  0.868   1  0.790   0.630 Y  0.570      SignalP-noTM
fig|2518495.5.peg.2326     0.623  39  0.732  39  0.949  35  0.696   0.715 Y  0.570      SignalP-noTM
fig|2518495.5.peg.2330     0.549  22  0.692  22  0.946  18  0.853   0.768 Y  0.570      SignalP-noTM
fig|2518495.5.peg.2330     0.571  25  0.723  25  0.956  17  0.861   0.777 Y  0.450      SignalP-TM
fig|2518495.5.peg.2331     0.147  28  0.326  20  0.875  18  0.795   0.509 Y  0.450      SignalP-TM
fig|2518495.5.peg.2331     0.200  20  0.410  20  0.930  17  0.860   0.621 Y  0.570      SignalP-noTM
fig|2518495.5.peg.234      0.726  24  0.764  24  0.898  17  0.812   0.783 Y  0.450      SignalP-TM
fig|2518495.5.peg.234      0.754  24  0.742  24  0.905  12  0.796   0.768 Y  0.570      SignalP-noTM
fig|2518495.5.peg.235      0.250  25  0.445  25  0.930   3  0.828   0.625 Y  0.570      SignalP-noTM
fig|2518495.5.peg.235      0.332  31  0.432  31  0.790  19  0.597   0.497 Y  0.450      SignalP-TM
fig|2518495.5.peg.2389     0.453  24  0.579  24  0.892   6  0.797   0.682 Y  0.570      SignalP-noTM
fig|2518495.5.peg.2389     0.533  24  0.486  24  0.686   1  0.523   0.500 Y  0.450      SignalP-TM
fig|2518495.5.peg.2391     0.206  25  0.378  25  0.814  15  0.677   0.495 Y  0.450      SignalP-TM
fig|2518495.5.peg.2400     0.230  29  0.443  29  0.913  21  0.773   0.572 Y  0.450      SignalP-TM
fig|2518495.5.peg.2407     0.239  38  0.413  22  0.914  19  0.860   0.587 Y  0.450      SignalP-TM
fig|2518495.5.peg.2409     0.254  22  0.454  22  0.903  19  0.804   0.619 Y  0.570      SignalP-noTM
fig|2518495.5.peg.2409     0.289  30  0.325  23  0.793   3  0.655   0.453 Y  0.450      SignalP-TM
fig|2518495.5.peg.2410     0.137  28  0.289  21  0.833  13  0.725   0.459 Y  0.450      SignalP-TM
fig|2518495.5.peg.2410     0.228  18  0.430  18  0.895  17  0.834   0.620 Y  0.570      SignalP-noTM
fig|2518495.5.peg.2411     0.588  39  0.606  39  0.841  36  0.360   0.515 Y  0.510      SignalP-TM
fig|2518495.5.peg.2421     0.533  23  0.714  23  0.986  12  0.955   0.827 Y  0.570      SignalP-noTM
fig|2518495.5.peg.2421     0.550  23  0.701  23  0.922  21  0.886   0.773 Y  0.450      SignalP-TM
fig|2518495.5.peg.2430     0.529  43  0.585  43  0.799  31  0.543   0.568 Y  0.450      SignalP-TM
fig|2518495.5.peg.2434     0.208  27  0.283  12  0.855   6  0.808   0.488 Y  0.450      SignalP-TM
fig|2518495.5.peg.245      0.251  23  0.389  23  0.759   6  0.607   0.474 Y  0.450      SignalP-TM
fig|2518495.5.peg.245      0.712  23  0.562  23  0.596  22  0.444   0.518 Y  0.510      SignalP-TM
fig|2518495.5.peg.2458     0.525  25  0.597  25  0.827   8  0.705   0.639 Y  0.450      SignalP-TM
fig|2518495.5.peg.2458     0.861  25  0.857  25  0.951  18  0.868   0.862 Y  0.570      SignalP-noTM
fig|2518495.5.peg.2463     0.731  23  0.832  23  0.969  15  0.914   0.864 Y  0.450      SignalP-TM
fig|2518495.5.peg.2463     0.840  23  0.877  23  0.957  14  0.910   0.892 Y  0.570      SignalP-noTM
fig|2518495.5.peg.2464     0.450  22  0.575  22  0.828  16  0.722   0.633 Y  0.450      SignalP-TM
fig|2518495.5.peg.2464     0.738  22  0.819  22  0.948  12  0.897   0.856 Y  0.570      SignalP-noTM
fig|2518495.5.peg.2468     0.245  24  0.398  24  0.960   6  0.772   0.544 Y  0.450      SignalP-TM
fig|2518495.5.peg.2468     0.434  24  0.594  24  0.987  13  0.884   0.730 Y  0.570      SignalP-noTM
fig|2518495.5.peg.2529     0.229  26  0.374  26  0.832  17  0.649   0.481 Y  0.450      SignalP-TM
fig|2518495.5.peg.2536     0.217  28  0.346  21  0.801   2  0.663   0.470 Y  0.450      SignalP-TM
fig|2518495.5.peg.2536     0.658  21  0.769  21  0.929  11  0.897   0.829 Y  0.570      SignalP-noTM
fig|2518495.5.peg.2542     0.186  30  0.389  30  0.971  12  0.882   0.581 Y  0.450      SignalP-TM
fig|2518495.5.peg.2542     0.765  30  0.830  30  0.976  15  0.928   0.876 Y  0.570      SignalP-noTM
fig|2518495.5.peg.255      0.118  30  0.272  13  0.856  10  0.756   0.461 Y  0.450      SignalP-TM
fig|2518495.5.peg.2563     0.367  21  0.584  21  0.966   6  0.938   0.722 Y  0.450      SignalP-TM
fig|2518495.5.peg.2563     0.411  21  0.611  21  0.971  12  0.922   0.757 Y  0.570      SignalP-noTM
fig|2518495.5.peg.2564     0.143  39  0.322  33  0.935  19  0.788   0.504 Y  0.450      SignalP-TM
fig|2518495.5.peg.2564     0.232  32  0.467  32  0.970  21  0.899   0.670 Y  0.570      SignalP-noTM
fig|2518495.5.peg.2566     0.349  22  0.460  22  0.805   5  0.663   0.539 Y  0.450      SignalP-TM
fig|2518495.5.peg.2566     0.623  22  0.671  22  0.902   1  0.762   0.714 Y  0.570      SignalP-noTM
fig|2518495.5.peg.2567     0.644  20  0.716  20  0.904  17  0.799   0.748 Y  0.450      SignalP-TM
fig|2518495.5.peg.2567     0.781  20  0.828  20  0.922  16  0.863   0.845 Y  0.570      SignalP-noTM
fig|2518495.5.peg.2572     0.601  22  0.744  22  0.948   9  0.913   0.810 Y  0.450      SignalP-TM
fig|2518495.5.peg.2572     0.709  22  0.831  22  0.987  14  0.960   0.892 Y  0.570      SignalP-noTM
fig|2518495.5.peg.2576     0.206  26  0.406  26  0.907   8  0.807   0.563 Y  0.450      SignalP-TM
fig|2518495.5.peg.2576     0.707  26  0.785  26  0.933  16  0.853   0.810 Y  0.510      SignalP-TM
fig|2518495.5.peg.2584     0.429  22  0.588  22  0.895  18  0.807   0.691 Y  0.570      SignalP-noTM
fig|2518495.5.peg.2584     0.432  24  0.493  24  0.799  20  0.589   0.530 Y  0.450      SignalP-TM
fig|2518495.5.peg.2588     0.214  22  0.437  22  0.945  16  0.893   0.615 Y  0.450      SignalP-TM
fig|2518495.5.peg.2588     0.732  20  0.840  20  0.978  18  0.953   0.893 Y  0.570      SignalP-noTM
fig|2518495.5.peg.2597     0.702  20  0.641  20  0.735  18  0.607   0.629 Y  0.510      SignalP-TM
fig|2518495.5.peg.2599     0.189  37  0.373  24  0.883  14  0.835   0.553 Y  0.450      SignalP-TM
fig|2518495.5.peg.2611     0.252  21  0.454  21  0.907   4  0.841   0.605 Y  0.450      SignalP-TM
fig|2518495.5.peg.2611     0.610  21  0.766  21  0.982  19  0.953   0.854 Y  0.570      SignalP-noTM
fig|2518495.5.peg.2612     0.197  23  0.338  23  0.868   7  0.677   0.470 Y  0.450      SignalP-TM
fig|2518495.5.peg.2612     0.300  27  0.462  23  0.938   6  0.879   0.658 Y  0.570      SignalP-noTM
fig|2518495.5.peg.2613     0.277  20  0.477  20  0.906  18  0.815   0.636 Y  0.570      SignalP-noTM
fig|2518495.5.peg.2623     0.521  24  0.505  24  0.649  18  0.450   0.483 Y  0.450      SignalP-TM
fig|2518495.5.peg.2682     0.460  22  0.639  22  0.926  14  0.887   0.756 Y  0.570      SignalP-noTM
fig|2518495.5.peg.2682     0.614  27  0.658  27  0.883  20  0.735   0.688 Y  0.450      SignalP-TM
fig|2518495.5.peg.2683     0.273  29  0.385  26  0.686  13  0.584   0.462 Y  0.450      SignalP-TM
fig|2518495.5.peg.2686     0.184  32  0.335  25  0.844  12  0.686   0.472 Y  0.450      SignalP-TM
fig|2518495.5.peg.2686     0.715  25  0.673  25  0.769   4  0.648   0.664 Y  0.510      SignalP-TM
fig|2518495.5.peg.269      0.145  24  0.296  13  0.926   5  0.864   0.518 Y  0.450      SignalP-TM
fig|2518495.5.peg.269      0.267  21  0.488  21  0.945   1  0.900   0.682 Y  0.570      SignalP-noTM
fig|2518495.5.peg.2703     0.203  21  0.422  21  0.922  19  0.878   0.636 Y  0.570      SignalP-noTM
fig|2518495.5.peg.2703     0.247  32  0.348  21  0.867  18  0.789   0.520 Y  0.450      SignalP-TM
fig|2518495.5.peg.2704     0.226  21  0.439  21  0.883   9  0.846   0.598 Y  0.450      SignalP-TM
fig|2518495.5.peg.2704     0.678  21  0.809  21  0.974  11  0.958   0.879 Y  0.570      SignalP-noTM
fig|2518495.5.peg.2711     0.220  29  0.404  29  0.926  19  0.816   0.598 Y  0.570      SignalP-noTM
fig|2518495.5.peg.2721     0.399  22  0.590  22  0.945  20  0.868   0.721 Y  0.570      SignalP-noTM
fig|2518495.5.peg.2722     0.263  27  0.441  27  0.879  16  0.733   0.555 Y  0.450      SignalP-TM
fig|2518495.5.peg.2722     0.387  27  0.591  27  0.978  13  0.921   0.746 Y  0.570      SignalP-noTM
fig|2518495.5.peg.2728     0.153  21  0.327  21  0.786  10  0.696   0.471 Y  0.450      SignalP-TM
fig|2518495.5.peg.2728     0.285  22  0.468  22  0.881  14  0.768   0.609 Y  0.570      SignalP-noTM
fig|2518495.5.peg.2731     0.397  24  0.486  24  0.756  21  0.547   0.510 Y  0.450      SignalP-TM
fig|2518495.5.peg.2731     0.741  24  0.712  24  0.829  20  0.673   0.694 Y  0.570      SignalP-noTM
fig|2518495.5.peg.2743     0.221  19  0.417  19  0.922   2  0.818   0.605 Y  0.570      SignalP-noTM
fig|2518495.5.peg.2745     0.409  21  0.555  21  0.855   4  0.774   0.640 Y  0.450      SignalP-TM
fig|2518495.5.peg.2745     0.846  21  0.897  21  0.975  10  0.941   0.917 Y  0.570      SignalP-noTM
fig|2518495.5.peg.2746     0.190  60  0.352  21  0.874   3  0.739   0.503 Y  0.450      SignalP-TM
fig|2518495.5.peg.2746     0.404  21  0.551  21  0.903  17  0.786   0.661 Y  0.570      SignalP-noTM
fig|2518495.5.peg.2749     0.381  29  0.511  29  0.816  26  0.546   0.525 Y  0.450      SignalP-TM
fig|2518495.5.peg.2749     0.574  36  0.652  36  0.924  16  0.701   0.675 Y  0.570      SignalP-noTM
fig|2518495.5.peg.2750     0.483  24  0.614  24  0.932   9  0.816   0.693 Y  0.450      SignalP-TM
fig|2518495.5.peg.2750     0.578  24  0.707  24  0.954   8  0.899   0.797 Y  0.570      SignalP-noTM
fig|2518495.5.peg.2761     0.723  41  0.649  41  0.753  36  0.506   0.593 Y  0.450      SignalP-TM
fig|2518495.5.peg.2762     0.244  33  0.359  33  0.810   1  0.615   0.459 Y  0.450      SignalP-TM
fig|2518495.5.peg.2763     0.226  26  0.414  26  0.878  10  0.794   0.562 Y  0.450      SignalP-TM
fig|2518495.5.peg.2763     0.290  26  0.438  26  0.931   1  0.750   0.585 Y  0.570      SignalP-noTM
fig|2518495.5.peg.2764     0.336  27  0.454  27  0.890   3  0.714   0.556 Y  0.450      SignalP-TM
fig|2518495.5.peg.2764     0.752  20  0.843  20  0.961  12  0.938   0.888 Y  0.570      SignalP-noTM
fig|2518495.5.peg.2769     0.341  22  0.562  22  0.968  17  0.923   0.731 Y  0.570      SignalP-noTM
fig|2518495.5.peg.2769     0.421  30  0.409  30  0.831  18  0.582   0.477 Y  0.450      SignalP-TM
fig|2518495.5.peg.2773     0.183  31  0.345  31  0.840  20  0.694   0.481 Y  0.450      SignalP-TM
fig|2518495.5.peg.2774     0.615  33  0.663  33  0.880  20  0.743   0.694 Y  0.450      SignalP-TM
fig|2518495.5.peg.2776     0.229  21  0.458  21  0.935  17  0.917   0.674 Y  0.570      SignalP-noTM
fig|2518495.5.peg.2776     0.285  32  0.393  32  0.875   8  0.707   0.516 Y  0.450      SignalP-TM
fig|2518495.5.peg.2778     0.196  21  0.397  21  0.918  13  0.806   0.589 Y  0.570      SignalP-noTM
fig|2518495.5.peg.2778     0.282  30  0.422  28  0.881  17  0.632   0.504 Y  0.450      SignalP-TM
fig|2518495.5.peg.2781     0.471  20  0.617  20  0.904  16  0.820   0.712 Y  0.570      SignalP-noTM
fig|2518495.5.peg.2785     0.174  26  0.338  26  0.881  10  0.703   0.480 Y  0.450      SignalP-TM
fig|2518495.5.peg.2785     0.229  20  0.453  20  0.957  17  0.881   0.654 Y  0.570      SignalP-noTM
fig|2518495.5.peg.2789     0.563  24  0.612  24  0.836   7  0.690   0.643 Y  0.450      SignalP-TM
fig|2518495.5.peg.2789     0.607  22  0.740  22  0.947  15  0.905   0.817 Y  0.570      SignalP-noTM
fig|2518495.5.peg.279      0.295  22  0.435  22  0.716  18  0.599   0.499 Y  0.450      SignalP-TM
fig|2518495.5.peg.279      0.440  22  0.639  22  0.947  17  0.903   0.763 Y  0.570      SignalP-noTM
fig|2518495.5.peg.2791     0.276  23  0.469  23  0.913  13  0.809   0.629 Y  0.570      SignalP-noTM
fig|2518495.5.peg.2791     0.299  23  0.410  23  0.742  15  0.562   0.469 Y  0.450      SignalP-TM
fig|2518495.5.peg.2792     0.221  26  0.439  26  0.967  16  0.907   0.621 Y  0.450      SignalP-TM
fig|2518495.5.peg.2792     0.248  26  0.476  21  0.973  10  0.953   0.700 Y  0.570      SignalP-noTM
fig|2518495.5.peg.2793     0.598  22  0.655  22  0.808  10  0.695   0.670 Y  0.450      SignalP-TM
fig|2518495.5.peg.2837     0.498  24  0.611  24  0.850  10  0.777   0.676 Y  0.450      SignalP-TM
fig|2518495.5.peg.2837     0.896  24  0.852  24  0.898   3  0.823   0.838 Y  0.570      SignalP-noTM
fig|2518495.5.peg.2841     0.171  16  0.357  16  0.811  15  0.738   0.506 Y  0.450      SignalP-TM
fig|2518495.5.peg.2841     0.222  16  0.427  16  0.957  12  0.810   0.607 Y  0.570      SignalP-noTM
fig|2518495.5.peg.2842     0.250  26  0.450  26  0.945  16  0.858   0.609 Y  0.450      SignalP-TM
fig|2518495.5.peg.2842     0.619  26  0.673  20  0.971  11  0.944   0.800 Y  0.570      SignalP-noTM
fig|2518495.5.peg.2859     0.218  21  0.361  21  0.877   4  0.685   0.487 Y  0.450      SignalP-TM
fig|2518495.5.peg.2859     0.628  21  0.696  21  0.892   1  0.812   0.750 Y  0.570      SignalP-noTM
fig|2518495.5.peg.2860     0.464  22  0.634  22  0.927  16  0.868   0.744 Y  0.570      SignalP-noTM
fig|2518495.5.peg.2869     0.417  19  0.556  19  0.775  18  0.713   0.617 Y  0.450      SignalP-TM
fig|2518495.5.peg.2869     0.645  19  0.732  19  0.902  15  0.815   0.771 Y  0.570      SignalP-noTM
fig|2518495.5.peg.2870     0.262  20  0.441  20  0.878   3  0.776   0.572 Y  0.450      SignalP-TM
fig|2518495.5.peg.2870     0.531  22  0.697  22  0.968  15  0.913   0.798 Y  0.570      SignalP-noTM
fig|2518495.5.peg.2890     0.474  28  0.489  21  0.764  17  0.695   0.569 Y  0.450      SignalP-TM
fig|2518495.5.peg.2890     0.845  21  0.865  21  0.955  17  0.891   0.878 Y  0.570      SignalP-noTM
fig|2518495.5.peg.2891     0.248  22  0.401  21  0.866   4  0.718   0.525 Y  0.450      SignalP-TM
fig|2518495.5.peg.2891     0.511  21  0.651  21  0.934   4  0.863   0.750 Y  0.570      SignalP-noTM
fig|2518495.5.peg.2897     0.410  20  0.532  20  0.852   3  0.733   0.610 Y  0.450      SignalP-TM
fig|2518495.5.peg.2897     0.633  20  0.723  20  0.923  13  0.825   0.771 Y  0.570      SignalP-noTM
fig|2518495.5.peg.2919     0.235  22  0.377  22  0.685  21  0.568   0.451 Y  0.450      SignalP-TM
fig|2518495.5.peg.2919     0.304  22  0.476  22  0.858  14  0.695   0.579 Y  0.570      SignalP-noTM
fig|2518495.5.peg.2921     0.283  25  0.426  22  0.860   3  0.723   0.542 Y  0.450      SignalP-TM
fig|2518495.5.peg.2931     0.226  64  0.359  21  0.921   3  0.832   0.543 Y  0.450      SignalP-TM
fig|2518495.5.peg.2931     0.410  20  0.619  20  0.968  16  0.926   0.763 Y  0.570      SignalP-noTM
fig|2518495.5.peg.2932     0.346  24  0.473  24  0.859  15  0.691   0.576 Y  0.570      SignalP-noTM
fig|2518495.5.peg.2948     0.264  41  0.430  41  0.863  40  0.709   0.539 Y  0.450      SignalP-TM
fig|2518495.5.peg.2948     0.322  41  0.489  41  0.908  19  0.728   0.602 Y  0.570      SignalP-noTM
fig|2518495.5.peg.2959     0.213  25  0.382  25  0.767  22  0.618   0.474 Y  0.450      SignalP-TM
fig|2518495.5.peg.2959     0.401  25  0.576  25  0.909  13  0.808   0.685 Y  0.570      SignalP-noTM
fig|2518495.5.peg.2962     0.511  32  0.489  32  0.694  17  0.535   0.507 Y  0.450      SignalP-TM
fig|2518495.5.peg.2974     0.362  22  0.534  22  0.928   6  0.830   0.649 Y  0.450      SignalP-TM
fig|2518495.5.peg.2974     0.672  22  0.783  22  0.956   9  0.922   0.848 Y  0.570      SignalP-noTM
fig|2518495.5.peg.2980     0.240  21  0.465  21  0.939  12  0.909   0.674 Y  0.570      SignalP-noTM
fig|2518495.5.peg.2980     0.305  32  0.402  32  0.881   8  0.707   0.521 Y  0.450      SignalP-TM
fig|2518495.5.peg.2981     0.451  33  0.576  33  0.925  18  0.792   0.660 Y  0.450      SignalP-TM
fig|2518495.5.peg.2982     0.353  22  0.449  22  0.709  15  0.581   0.500 Y  0.450      SignalP-TM
fig|2518495.5.peg.2982     0.542  22  0.604  22  0.844  16  0.708   0.653 Y  0.570      SignalP-noTM
fig|2518495.5.peg.2983     0.166  22  0.327  22  0.773   5  0.668   0.460 Y  0.450      SignalP-TM
fig|2518495.5.peg.2983     0.408  23  0.593  23  0.945  19  0.864   0.721 Y  0.570      SignalP-noTM
fig|2518495.5.peg.2984     0.158  56  0.348  21  0.927   3  0.836   0.577 Y  0.570      SignalP-noTM
fig|2518495.5.peg.2985     0.373  24  0.497  24  0.826  22  0.702   0.577 Y  0.450      SignalP-TM
fig|2518495.5.peg.2985     0.875  24  0.908  24  0.964  13  0.935   0.920 Y  0.570      SignalP-noTM
fig|2518495.5.peg.2986     0.209  26  0.381  26  0.846   9  0.713   0.511 Y  0.450      SignalP-TM
fig|2518495.5.peg.2986     0.307  28  0.463  28  0.913   8  0.770   0.607 Y  0.570      SignalP-noTM
fig|2518495.5.peg.2987     0.494  22  0.588  22  0.863   4  0.756   0.654 Y  0.450      SignalP-TM
fig|2518495.5.peg.2987     0.836  22  0.825  22  0.931   1  0.834   0.829 Y  0.570      SignalP-noTM
fig|2518495.5.peg.2991     0.249  22  0.398  22  0.776  17  0.606   0.479 Y  0.450      SignalP-TM
fig|2518495.5.peg.3018     0.297  23  0.452  23  0.750  19  0.634   0.523 Y  0.450      SignalP-TM
fig|2518495.5.peg.3019     0.606  37  0.595  37  0.797  33  0.406   0.525 Y  0.510      SignalP-TM
fig|2518495.5.peg.3020     0.255  21  0.447  21  0.911  18  0.799   0.613 Y  0.570      SignalP-noTM
fig|2518495.5.peg.3020     0.270  24  0.392  24  0.721   3  0.602   0.473 Y  0.450      SignalP-TM
fig|2518495.5.peg.3032     0.359  22  0.546  22  0.905  16  0.807   0.648 Y  0.450      SignalP-TM
fig|2518495.5.peg.3032     0.731  22  0.797  22  0.906  14  0.843   0.819 Y  0.570      SignalP-noTM
fig|2518495.5.peg.3084     0.436  25  0.516  20  0.733  19  0.644   0.566 Y  0.450      SignalP-TM
fig|2518495.5.peg.3084     0.865  20  0.873  20  0.912  16  0.870   0.872 Y  0.570      SignalP-noTM
fig|2518495.5.peg.3127     0.300  22  0.522  22  0.955   5  0.920   0.677 Y  0.450      SignalP-TM
fig|2518495.5.peg.3127     0.732  22  0.832  22  0.963  13  0.942   0.884 Y  0.570      SignalP-noTM
fig|2518495.5.peg.3132     0.479  20  0.562  20  0.851   2  0.709   0.619 Y  0.450      SignalP-TM
fig|2518495.5.peg.3132     0.804  20  0.834  20  0.908   2  0.873   0.852 Y  0.570      SignalP-noTM
fig|2518495.5.peg.3133     0.505  24  0.489  24  0.705   3  0.523   0.503 Y  0.450      SignalP-TM
fig|2518495.5.peg.3133     0.710  24  0.741  24  0.909   1  0.816   0.776 Y  0.570      SignalP-noTM
fig|2518495.5.peg.3178     0.356  20  0.504  20  0.823  18  0.712   0.602 Y  0.570      SignalP-noTM
fig|2518495.5.peg.32       0.325  20  0.419  20  0.726  17  0.553   0.471 Y  0.450      SignalP-TM
fig|2518495.5.peg.3208     0.227  30  0.350  30  0.787   3  0.640   0.463 Y  0.450      SignalP-TM
fig|2518495.5.peg.3216     0.244  26  0.435  26  0.954   7  0.846   0.596 Y  0.450      SignalP-TM
fig|2518495.5.peg.3216     0.359  21  0.578  21  0.957   5  0.935   0.746 Y  0.570      SignalP-noTM
fig|2518495.5.peg.3236     0.237  21  0.389  21  0.839   1  0.690   0.506 Y  0.450      SignalP-TM
fig|2518495.5.peg.3236     0.767  21  0.790  21  0.894   2  0.832   0.806 Y  0.510      SignalP-TM
fig|2518495.5.peg.3244     0.389  20  0.507  20  0.765  18  0.668   0.583 Y  0.570      SignalP-noTM
fig|2518495.5.peg.3265     0.196  23  0.401  23  0.936  16  0.853   0.577 Y  0.450      SignalP-TM
fig|2518495.5.peg.3265     0.454  20  0.649  20  0.957  16  0.926   0.779 Y  0.570      SignalP-noTM
fig|2518495.5.peg.331      0.241  20  0.477  20  0.971   7  0.944   0.659 Y  0.450      SignalP-TM
fig|2518495.5.peg.331      0.587  20  0.746  20  0.963   6  0.950   0.842 Y  0.570      SignalP-noTM
fig|2518495.5.peg.3315     0.286  22  0.408  22  0.677  19  0.558   0.466 Y  0.450      SignalP-TM
fig|2518495.5.peg.3318     0.158  26  0.338  26  0.895  10  0.759   0.502 Y  0.450      SignalP-TM
fig|2518495.5.peg.3318     0.371  24  0.584  24  0.943   9  0.923   0.743 Y  0.570      SignalP-noTM
fig|2518495.5.peg.3319     0.139  34  0.322  19  0.904  10  0.834   0.521 Y  0.450      SignalP-TM
fig|2518495.5.peg.3319     0.283  19  0.508  19  0.933   7  0.914   0.699 Y  0.570      SignalP-noTM
fig|2518495.5.peg.332      0.194  23  0.352  21  0.828  18  0.694   0.485 Y  0.450      SignalP-TM
fig|2518495.5.peg.332      0.374  23  0.549  23  0.919  19  0.824   0.678 Y  0.570      SignalP-noTM
fig|2518495.5.peg.34       0.165  66  0.274  12  0.856   4  0.752   0.461 Y  0.450      SignalP-TM
fig|2518495.5.peg.34       0.556  21  0.504  21  0.856   3  0.581   0.533 Y  0.510      SignalP-TM
fig|2518495.5.peg.350      0.653  20  0.725  20  0.894  15  0.802   0.762 Y  0.570      SignalP-noTM
fig|2518495.5.peg.351      0.475  21  0.555  21  0.827   3  0.697   0.610 Y  0.450      SignalP-TM
fig|2518495.5.peg.351      0.763  21  0.826  21  0.934  18  0.885   0.854 Y  0.570      SignalP-noTM
fig|2518495.5.peg.356      0.518  29  0.494  29  0.783   2  0.571   0.524 Y  0.450      SignalP-TM
fig|2518495.5.peg.357      0.267  27  0.456  27  0.930  14  0.809   0.622 Y  0.570      SignalP-noTM
fig|2518495.5.peg.358      0.159  29  0.334  22  0.934   5  0.866   0.541 Y  0.450      SignalP-TM
fig|2518495.5.peg.358      0.271  22  0.489  22  0.944   3  0.902   0.683 Y  0.570      SignalP-noTM
fig|2518495.5.peg.359      0.272  23  0.500  23  0.964  14  0.908   0.659 Y  0.450      SignalP-TM
fig|2518495.5.peg.359      0.393  29  0.567  23  0.989  13  0.950   0.747 Y  0.570      SignalP-noTM
fig|2518495.5.peg.360      0.286  23  0.480  23  0.845  11  0.776   0.596 Y  0.450      SignalP-TM
fig|2518495.5.peg.360      0.519  23  0.679  23  0.919  18  0.857   0.763 Y  0.570      SignalP-noTM
fig|2518495.5.peg.361      0.355  31  0.517  19  0.903  15  0.807   0.630 Y  0.450      SignalP-TM
fig|2518495.5.peg.361      0.710  19  0.793  19  0.949   9  0.896   0.841 Y  0.570      SignalP-noTM
fig|2518495.5.peg.40       0.248  21  0.412  21  0.895   1  0.740   0.540 Y  0.450      SignalP-TM
fig|2518495.5.peg.40       0.723  21  0.786  21  0.926   1  0.848   0.815 Y  0.570      SignalP-noTM
fig|2518495.5.peg.410      0.477  20  0.586  20  0.858   3  0.750   0.663 Y  0.570      SignalP-noTM
fig|2518495.5.peg.411      0.387  26  0.524  26  0.916   6  0.768   0.619 Y  0.450      SignalP-TM
fig|2518495.5.peg.411      0.574  23  0.722  23  0.953   9  0.922   0.816 Y  0.570      SignalP-noTM
fig|2518495.5.peg.412      0.151  29  0.297  26  0.865   9  0.730   0.466 Y  0.450      SignalP-TM
fig|2518495.5.peg.412      0.208  26  0.384  26  0.925  10  0.815   0.587 Y  0.570      SignalP-noTM
fig|2518495.5.peg.421      0.318  19  0.522  19  0.915  10  0.846   0.674 Y  0.570      SignalP-noTM
fig|2518495.5.peg.429      0.612  21  0.664  21  0.895   1  0.764   0.711 Y  0.570      SignalP-noTM
fig|2518495.5.peg.43       0.521  28  0.580  28  0.800   8  0.687   0.622 Y  0.450      SignalP-TM
fig|2518495.5.peg.43       0.700  28  0.689  28  0.890   5  0.729   0.708 Y  0.570      SignalP-noTM
fig|2518495.5.peg.452      0.168  21  0.360  21  0.857  12  0.768   0.519 Y  0.450      SignalP-TM
fig|2518495.5.peg.454      0.479  28  0.487  28  0.720  25  0.441   0.469 Y  0.450      SignalP-TM
fig|2518495.5.peg.478      0.399  26  0.552  26  0.859  25  0.623   0.580 Y  0.450      SignalP-TM
fig|2518495.5.peg.478      0.399  26  0.606  26  0.956  17  0.886   0.738 Y  0.570      SignalP-noTM
fig|2518495.5.peg.486      0.284  21  0.473  21  0.849   9  0.791   0.597 Y  0.450      SignalP-TM
fig|2518495.5.peg.486      0.730  21  0.795  21  0.927  18  0.871   0.831 Y  0.570      SignalP-noTM
fig|2518495.5.peg.501      0.161  18  0.371  18  0.899  10  0.850   0.558 Y  0.450      SignalP-TM
fig|2518495.5.peg.501      0.335  24  0.489  24  0.909   2  0.785   0.628 Y  0.570      SignalP-noTM
fig|2518495.5.peg.511      0.426  45  0.414  22  0.789  20  0.620   0.494 Y  0.450      SignalP-TM
fig|2518495.5.peg.511      0.626  22  0.725  22  0.904  20  0.833   0.776 Y  0.570      SignalP-noTM
fig|2518495.5.peg.522      0.153  28  0.319  28  0.923  13  0.754   0.489 Y  0.450      SignalP-TM
fig|2518495.5.peg.522      0.173  27  0.356  27  0.957   6  0.841   0.584 Y  0.570      SignalP-noTM
fig|2518495.5.peg.523      0.350  27  0.499  27  0.878  23  0.618   0.545 Y  0.450      SignalP-TM
fig|2518495.5.peg.550      0.249  29  0.400  29  0.909   9  0.760   0.540 Y  0.450      SignalP-TM
fig|2518495.5.peg.550      0.349  19  0.556  19  0.952  17  0.886   0.711 Y  0.570      SignalP-noTM
fig|2518495.5.peg.551      0.135  27  0.335  21  0.923   7  0.870   0.586 Y  0.570      SignalP-noTM
fig|2518495.5.peg.552      0.347  25  0.486  25  0.918   2  0.757   0.592 Y  0.450      SignalP-TM
fig|2518495.5.peg.552      0.533  18  0.664  18  0.929   2  0.852   0.752 Y  0.570      SignalP-noTM
fig|2518495.5.peg.554      0.235  24  0.427  24  0.870   7  0.767   0.560 Y  0.450      SignalP-TM
fig|2518495.5.peg.554      0.576  24  0.708  24  0.955  22  0.863   0.781 Y  0.570      SignalP-noTM
fig|2518495.5.peg.555      0.212  24  0.409  24  0.896  10  0.806   0.564 Y  0.450      SignalP-TM
fig|2518495.5.peg.555      0.213  36  0.360  21  0.894  17  0.828   0.580 Y  0.570      SignalP-noTM
fig|2518495.5.peg.573      0.682  21  0.716  21  0.857  16  0.770   0.737 Y  0.450      SignalP-TM
fig|2518495.5.peg.573      0.764  21  0.812  21  0.916  11  0.869   0.839 Y  0.570      SignalP-noTM
fig|2518495.5.peg.576      0.289  35  0.410  35  0.756  17  0.585   0.478 Y  0.450      SignalP-TM
fig|2518495.5.peg.576      0.801  35  0.734  35  0.974  17  0.785   0.758 Y  0.570      SignalP-noTM
fig|2518495.5.peg.579      0.348  21  0.524  21  0.876   1  0.803   0.655 Y  0.570      SignalP-noTM
fig|2518495.5.peg.579      0.417  21  0.580  21  0.902  13  0.781   0.659 Y  0.450      SignalP-TM
fig|2518495.5.peg.580      0.276  26  0.416  26  0.837  16  0.594   0.485 Y  0.450      SignalP-TM
fig|2518495.5.peg.585      0.550  21  0.513  21  0.728   4  0.532   0.520 Y  0.450      SignalP-TM
fig|2518495.5.peg.585      0.564  21  0.606  21  0.846   1  0.670   0.636 Y  0.570      SignalP-noTM
fig|2518495.5.peg.587      0.380  25  0.510  25  0.893   3  0.760   0.608 Y  0.450      SignalP-TM
fig|2518495.5.peg.587      0.532  21  0.661  21  0.916   1  0.844   0.747 Y  0.570      SignalP-noTM
fig|2518495.5.peg.589      0.165  22  0.371  22  0.953  10  0.870   0.606 Y  0.570      SignalP-noTM
fig|2518495.5.peg.59       0.402  27  0.517  27  0.896   7  0.748   0.607 Y  0.450      SignalP-TM
fig|2518495.5.peg.59       0.629  24  0.762  24  0.960  20  0.928   0.840 Y  0.570      SignalP-noTM
fig|2518495.5.peg.590      0.260  27  0.394  22  0.800  20  0.693   0.511 Y  0.450      SignalP-TM
fig|2518495.5.peg.590      0.822  22  0.862  22  0.964  18  0.907   0.883 Y  0.570      SignalP-noTM
fig|2518495.5.peg.593      0.545  29  0.511  29  0.661  27  0.404   0.469 Y  0.450      SignalP-TM
fig|2518495.5.peg.6        0.217  30  0.403  28  0.885  12  0.830   0.569 Y  0.450      SignalP-TM
fig|2518495.5.peg.6        0.491  28  0.552  28  0.926   3  0.763   0.651 Y  0.570      SignalP-noTM
fig|2518495.5.peg.605      0.196  22  0.364  22  0.903   4  0.755   0.516 Y  0.450      SignalP-TM
fig|2518495.5.peg.605      0.376  20  0.603  20  0.973  11  0.955   0.769 Y  0.570      SignalP-noTM
fig|2518495.5.peg.608      0.152  24  0.320  22  0.891   1  0.753   0.489 Y  0.450      SignalP-TM
fig|2518495.5.peg.612      0.227  23  0.411  23  0.797  12  0.642   0.501 Y  0.450      SignalP-TM
fig|2518495.5.peg.612      0.408  25  0.609  25  0.965  19  0.826   0.711 Y  0.570      SignalP-noTM
fig|2518495.5.peg.622      0.158  23  0.375  23  0.959   7  0.916   0.629 Y  0.570      SignalP-noTM
fig|2518495.5.peg.622      0.164  28  0.350  26  0.910  10  0.819   0.533 Y  0.450      SignalP-TM
fig|2518495.5.peg.623      0.684  25  0.726  25  0.877  10  0.747   0.734 Y  0.450      SignalP-TM
fig|2518495.5.peg.623      0.800  25  0.839  25  0.961  22  0.887   0.861 Y  0.570      SignalP-noTM
fig|2518495.5.peg.625      0.511  21  0.585  21  0.775  17  0.665   0.623 Y  0.570      SignalP-noTM
fig|2518495.5.peg.626      0.269  25  0.409  25  0.760  12  0.650   0.503 Y  0.450      SignalP-TM
fig|2518495.5.peg.626      0.393  24  0.500  24  0.809   2  0.690   0.589 Y  0.570      SignalP-noTM
fig|2518495.5.peg.627      0.473  23  0.540  23  0.870   4  0.709   0.606 Y  0.450      SignalP-TM
fig|2518495.5.peg.627      0.648  21  0.597  21  0.738   4  0.599   0.598 Y  0.510      SignalP-TM
fig|2518495.5.peg.628      0.177  28  0.348  21  0.937   3  0.773   0.514 Y  0.450      SignalP-TM
fig|2518495.5.peg.628      0.656  21  0.769  21  0.954  17  0.907   0.834 Y  0.570      SignalP-noTM
fig|2518495.5.peg.629      0.128  20  0.292  20  0.865   5  0.714   0.456 Y  0.450      SignalP-TM
fig|2518495.5.peg.629      0.174  20  0.383  20  0.939   3  0.868   0.611 Y  0.570      SignalP-noTM
fig|2518495.5.peg.630      0.462  38  0.372  22  0.919  12  0.810   0.543 Y  0.450      SignalP-TM
fig|2518495.5.peg.630      0.837  22  0.850  22  0.935  18  0.861   0.855 Y  0.570      SignalP-noTM
fig|2518495.5.peg.632      0.343  28  0.450  28  0.827  26  0.592   0.505 Y  0.450      SignalP-TM
fig|2518495.5.peg.634      0.516  25  0.643  25  0.918  21  0.787   0.711 Y  0.570      SignalP-noTM
fig|2518495.5.peg.635      0.362  24  0.424  24  0.709   1  0.542   0.470 Y  0.450      SignalP-TM
fig|2518495.5.peg.640      0.298  22  0.418  22  0.688   2  0.607   0.492 Y  0.450      SignalP-TM
fig|2518495.5.peg.641      0.406  29  0.463  29  0.864   9  0.679   0.548 Y  0.450      SignalP-TM
fig|2518495.5.peg.641      0.538  22  0.700  22  0.975  18  0.907   0.797 Y  0.570      SignalP-noTM
fig|2518495.5.peg.643      0.226  22  0.434  22  0.910  13  0.848   0.629 Y  0.570      SignalP-noTM
fig|2518495.5.peg.643      0.312  28  0.499  28  0.928  13  0.823   0.625 Y  0.450      SignalP-TM
fig|2518495.5.peg.649      0.172  58  0.346  23  0.901   5  0.773   0.512 Y  0.450      SignalP-TM
fig|2518495.5.peg.649      0.267  23  0.451  23  0.931   7  0.825   0.627 Y  0.570      SignalP-noTM
fig|2518495.5.peg.662      0.592  29  0.687  29  0.916  14  0.770   0.719 Y  0.450      SignalP-TM
fig|2518495.5.peg.662      0.848  29  0.847  29  0.976  21  0.882   0.863 Y  0.570      SignalP-noTM
fig|2518495.5.peg.663      0.211  29  0.414  29  0.934  13  0.816   0.603 Y  0.570      SignalP-noTM
fig|2518495.5.peg.663      0.239  35  0.416  35  0.932  12  0.767   0.553 Y  0.450      SignalP-TM
fig|2518495.5.peg.664      0.230  22  0.406  22  0.813  21  0.639   0.497 Y  0.450      SignalP-TM
fig|2518495.5.peg.667      0.353  23  0.518  23  0.828  11  0.726   0.599 Y  0.450      SignalP-TM
fig|2518495.5.peg.667      0.547  23  0.703  23  0.962  15  0.902   0.797 Y  0.570      SignalP-noTM
fig|2518495.5.peg.668      0.321  23  0.533  23  0.935  21  0.873   0.666 Y  0.450      SignalP-TM
fig|2518495.5.peg.668      0.602  22  0.746  22  0.964  21  0.923   0.829 Y  0.570      SignalP-noTM
fig|2518495.5.peg.67       0.216  28  0.411  23  0.952   3  0.859   0.586 Y  0.450      SignalP-TM
fig|2518495.5.peg.67       0.599  21  0.758  21  0.980  10  0.958   0.852 Y  0.570      SignalP-noTM
fig|2518495.5.peg.670      0.460  21  0.521  21  0.769   7  0.629   0.563 Y  0.450      SignalP-TM
fig|2518495.5.peg.670      0.746  21  0.830  21  0.965  18  0.919   0.872 Y  0.570      SignalP-noTM
fig|2518495.5.peg.671      0.517  35  0.641  35  0.882  27  0.765   0.689 Y  0.450      SignalP-TM
fig|2518495.5.peg.673      0.148  23  0.329  23  0.883   3  0.784   0.507 Y  0.450      SignalP-TM
fig|2518495.5.peg.673      0.171  19  0.378  19  0.898  12  0.842   0.596 Y  0.570      SignalP-noTM
fig|2518495.5.peg.674      0.346  25  0.480  25  0.848  19  0.684   0.559 Y  0.450      SignalP-TM
fig|2518495.5.peg.674      0.856  20  0.857  20  0.910  18  0.868   0.862 Y  0.570      SignalP-noTM
fig|2518495.5.peg.677      0.285  64  0.425  22  0.926   7  0.860   0.594 Y  0.450      SignalP-TM
fig|2518495.5.peg.677      0.495  22  0.688  21  0.975  10  0.958   0.815 Y  0.570      SignalP-noTM
fig|2518495.5.peg.679      0.218  25  0.422  25  0.896   3  0.837   0.617 Y  0.570      SignalP-noTM
fig|2518495.5.peg.68       0.340  22  0.475  22  0.865   8  0.719   0.570 Y  0.450      SignalP-TM
fig|2518495.5.peg.68       0.368  22  0.542  22  0.937   1  0.825   0.675 Y  0.570      SignalP-noTM
fig|2518495.5.peg.688      0.204  19  0.371  19  0.741   8  0.682   0.493 Y  0.450      SignalP-TM
fig|2518495.5.peg.688      0.566  19  0.669  19  0.865  18  0.779   0.721 Y  0.570      SignalP-noTM
fig|2518495.5.peg.69       0.295  26  0.449  26  0.855  24  0.652   0.528 Y  0.450      SignalP-TM
fig|2518495.5.peg.69       0.387  26  0.545  26  0.936  12  0.829   0.678 Y  0.570      SignalP-noTM
fig|2518495.5.peg.697      0.626  25  0.626  25  0.801   9  0.660   0.639 Y  0.450      SignalP-TM
fig|2518495.5.peg.697      0.776  25  0.791  25  0.923  15  0.843   0.815 Y  0.570      SignalP-noTM
fig|2518495.5.peg.698      0.288  20  0.474  20  0.897  16  0.780   0.618 Y  0.570      SignalP-noTM
fig|2518495.5.peg.699      0.167  32  0.324  25  0.872  15  0.712   0.475 Y  0.450      SignalP-TM
fig|2518495.5.peg.699      0.183  32  0.348  19  0.909  15  0.826   0.573 Y  0.570      SignalP-noTM
fig|2518495.5.peg.701      0.592  26  0.628  26  0.762  23  0.598   0.616 Y  0.450      SignalP-TM
fig|2518495.5.peg.701      0.689  26  0.657  26  0.745  21  0.527   0.609 Y  0.510      SignalP-TM
fig|2518495.5.peg.702      0.445  24  0.567  24  0.848  17  0.700   0.619 Y  0.450      SignalP-TM
fig|2518495.5.peg.702      0.477  24  0.596  24  0.885  15  0.781   0.683 Y  0.570      SignalP-noTM
fig|2518495.5.peg.705      0.451  20  0.466  20  0.770  18  0.433   0.453 Y  0.450      SignalP-TM
fig|2518495.5.peg.706      0.152  29  0.310  20  0.874   5  0.774   0.491 Y  0.450      SignalP-TM
fig|2518495.5.peg.706      0.270  19  0.497  19  0.959  17  0.913   0.692 Y  0.570      SignalP-noTM
fig|2518495.5.peg.707      0.322  24  0.457  24  0.781  17  0.619   0.520 Y  0.450      SignalP-TM
fig|2518495.5.peg.707      0.406  24  0.563  24  0.895   3  0.784   0.666 Y  0.570      SignalP-noTM
fig|2518495.5.peg.708      0.366  25  0.554  25  0.899  13  0.795   0.648 Y  0.450      SignalP-TM
fig|2518495.5.peg.708      0.531  23  0.676  23  0.931  12  0.850   0.758 Y  0.570      SignalP-noTM
fig|2518495.5.peg.712      0.173  22  0.325  22  0.868   1  0.693   0.469 Y  0.450      SignalP-TM
fig|2518495.5.peg.712      0.357  22  0.545  22  0.931   8  0.862   0.694 Y  0.570      SignalP-noTM
fig|2518495.5.peg.715      0.182  24  0.382  24  0.931  17  0.823   0.554 Y  0.450      SignalP-TM
fig|2518495.5.peg.715      0.206  26  0.390  22  0.901   2  0.803   0.584 Y  0.570      SignalP-noTM
fig|2518495.5.peg.716      0.238  20  0.418  20  0.826   8  0.728   0.539 Y  0.450      SignalP-TM
fig|2518495.5.peg.716      0.277  20  0.444  20  0.789  13  0.707   0.541 Y  0.510      SignalP-TM
fig|2518495.5.peg.717      0.332  29  0.404  29  0.736  18  0.553   0.462 Y  0.450      SignalP-TM
fig|2518495.5.peg.717      0.373  20  0.524  20  0.889  17  0.742   0.626 Y  0.570      SignalP-noTM
fig|2518495.5.peg.718      0.220  25  0.431  25  0.933  17  0.859   0.598 Y  0.450      SignalP-TM
fig|2518495.5.peg.718      0.344  20  0.574  20  0.976  16  0.944   0.748 Y  0.570      SignalP-noTM
fig|2518495.5.peg.720      0.242  20  0.446  20  0.921   4  0.849   0.603 Y  0.450      SignalP-TM
fig|2518495.5.peg.720      0.851  20  0.899  20  0.976  19  0.942   0.919 Y  0.570      SignalP-noTM
fig|2518495.5.peg.721      0.548  21  0.666  21  0.899  17  0.812   0.735 Y  0.570      SignalP-noTM
fig|2518495.5.peg.721      0.622  27  0.667  27  0.894  17  0.753   0.701 Y  0.450      SignalP-TM
fig|2518495.5.peg.723      0.431  28  0.509  28  0.913   8  0.724   0.610 Y  0.570      SignalP-noTM
fig|2518495.5.peg.723      0.585  28  0.639  28  0.841  20  0.645   0.641 Y  0.450      SignalP-TM
fig|2518495.5.peg.725      0.428  20  0.589  20  0.889   8  0.830   0.683 Y  0.450      SignalP-TM
fig|2518495.5.peg.725      0.729  20  0.841  20  0.983  10  0.961   0.897 Y  0.570      SignalP-noTM
fig|2518495.5.peg.726      0.337  27  0.459  27  0.850  11  0.697   0.552 Y  0.450      SignalP-TM
fig|2518495.5.peg.739      0.276  27  0.432  27  0.816   9  0.694   0.534 Y  0.450      SignalP-TM
fig|2518495.5.peg.739      0.580  21  0.737  21  0.961  11  0.918   0.822 Y  0.570      SignalP-noTM
fig|2518495.5.peg.746      0.232  27  0.396  27  0.812  22  0.638   0.490 Y  0.450      SignalP-TM
fig|2518495.5.peg.757      0.265  23  0.474  23  0.946  10  0.878   0.631 Y  0.450      SignalP-TM
fig|2518495.5.peg.757      0.460  23  0.653  23  0.982  10  0.942   0.789 Y  0.570      SignalP-noTM
fig|2518495.5.peg.758      0.221  54  0.329  44  0.884  11  0.750   0.493 Y  0.450      SignalP-TM
fig|2518495.5.peg.772      0.227  20  0.451  20  0.945   5  0.911   0.630 Y  0.450      SignalP-TM
fig|2518495.5.peg.772      0.443  22  0.634  22  0.944   2  0.919   0.768 Y  0.570      SignalP-noTM
fig|2518495.5.peg.775      0.244  26  0.402  26  0.841   7  0.703   0.519 Y  0.450      SignalP-TM
fig|2518495.5.peg.777      0.269  21  0.510  21  0.986  17  0.950   0.717 Y  0.570      SignalP-noTM
fig|2518495.5.peg.777      0.278  31  0.454  31  0.963  16  0.823   0.598 Y  0.450      SignalP-TM
fig|2518495.5.peg.778      0.209  25  0.402  25  0.933   7  0.827   0.568 Y  0.450      SignalP-TM
fig|2518495.5.peg.793      0.186  29  0.348  24  0.782  17  0.674   0.475 Y  0.450      SignalP-TM
fig|2518495.5.peg.793      0.401  22  0.597  22  0.934  20  0.884   0.732 Y  0.570      SignalP-noTM
fig|2518495.5.peg.795      0.507  24  0.597  24  0.856  20  0.738   0.663 Y  0.570      SignalP-noTM
fig|2518495.5.peg.796      0.208  25  0.438  25  0.949  11  0.910   0.622 Y  0.450      SignalP-TM
fig|2518495.5.peg.796      0.376  26  0.594  26  0.975  17  0.943   0.758 Y  0.570      SignalP-noTM
fig|2518495.5.peg.812      0.331  25  0.504  25  0.840  24  0.726   0.591 Y  0.450      SignalP-TM
fig|2518495.5.peg.812      0.600  25  0.632  25  0.758  22  0.541   0.598 Y  0.510      SignalP-TM
fig|2518495.5.peg.814      0.402  27  0.560  22  0.945  18  0.901   0.693 Y  0.450      SignalP-TM
fig|2518495.5.peg.814      0.773  20  0.866  20  0.983  10  0.963   0.911 Y  0.570      SignalP-noTM
fig|2518495.5.peg.816      0.184  28  0.379  23  0.926   2  0.834   0.556 Y  0.450      SignalP-TM
fig|2518495.5.peg.816      0.256  22  0.467  22  0.948   2  0.879   0.661 Y  0.570      SignalP-noTM
fig|2518495.5.peg.827      0.143  25  0.346  22  0.938   4  0.904   0.608 Y  0.570      SignalP-noTM
fig|2518495.5.peg.827      0.207  64  0.355  29  0.931   6  0.791   0.525 Y  0.450      SignalP-TM
fig|2518495.5.peg.828      0.402  27  0.560  22  0.945  18  0.901   0.693 Y  0.450      SignalP-TM
fig|2518495.5.peg.828      0.773  20  0.866  20  0.983  10  0.963   0.911 Y  0.570      SignalP-noTM
fig|2518495.5.peg.839      0.353  39  0.471  39  0.837  29  0.499   0.482 Y  0.450      SignalP-TM
fig|2518495.5.peg.840      0.293  31  0.355  21  0.895   3  0.852   0.549 Y  0.450      SignalP-TM
fig|2518495.5.peg.840      0.411  21  0.599  21  0.956  10  0.892   0.737 Y  0.570      SignalP-noTM
fig|2518495.5.peg.842      0.365  30  0.514  30  0.847  26  0.681   0.579 Y  0.450      SignalP-TM
fig|2518495.5.peg.844      0.312  24  0.526  24  0.919  15  0.821   0.641 Y  0.450      SignalP-TM
fig|2518495.5.peg.844      0.442  24  0.640  24  0.959  17  0.918   0.771 Y  0.570      SignalP-noTM
fig|2518495.5.peg.869      0.227  21  0.384  21  0.892   7  0.723   0.516 Y  0.450      SignalP-TM
fig|2518495.5.peg.869      0.512  21  0.687  21  0.961  18  0.923   0.798 Y  0.570      SignalP-noTM
fig|2518495.5.peg.870      0.207  22  0.382  22  0.825  17  0.684   0.500 Y  0.450      SignalP-TM
fig|2518495.5.peg.870      0.600  22  0.680  22  0.870  18  0.777   0.725 Y  0.570      SignalP-noTM
fig|2518495.5.peg.885      0.313  24  0.405  24  0.639  21  0.527   0.452 Y  0.450      SignalP-TM
fig|2518495.5.peg.886      0.593  23  0.551  23  0.619  20  0.441   0.510 Y  0.510      SignalP-TM
fig|2518495.5.peg.887      0.143  23  0.332  23  0.847  17  0.750   0.495 Y  0.450      SignalP-TM
fig|2518495.5.peg.887      0.251  21  0.463  21  0.924  18  0.853   0.647 Y  0.570      SignalP-noTM
fig|2518495.5.peg.888      0.174  21  0.383  21  0.912   4  0.859   0.607 Y  0.570      SignalP-noTM
fig|2518495.5.peg.888      0.230  25  0.414  25  0.854  17  0.750   0.545 Y  0.450      SignalP-TM
fig|2518495.5.peg.889      0.461  25  0.570  25  0.813  23  0.680   0.613 Y  0.450      SignalP-TM
fig|2518495.5.peg.889      0.862  25  0.840  25  0.904  23  0.827   0.834 Y  0.570      SignalP-noTM
fig|2518495.5.peg.891      0.460  27  0.553  27  0.951  16  0.789   0.664 Y  0.570      SignalP-noTM
fig|2518495.5.peg.891      0.478  27  0.535  27  0.863  11  0.696   0.598 Y  0.450      SignalP-TM
fig|2518495.5.peg.900      0.146  25  0.344  25  0.949  17  0.867   0.590 Y  0.570      SignalP-noTM
fig|2518495.5.peg.900      0.232  28  0.381  28  0.778  15  0.663   0.491 Y  0.450      SignalP-TM
fig|2518495.5.peg.901      0.453  21  0.466  21  0.823   2  0.582   0.511 Y  0.450      SignalP-TM
fig|2518495.5.peg.901      0.807  21  0.768  21  0.869   5  0.775   0.772 Y  0.570      SignalP-noTM
fig|2518495.5.peg.908      0.166  29  0.344  26  0.934  18  0.842   0.538 Y  0.450      SignalP-TM
fig|2518495.5.peg.908      0.190  29  0.381  29  0.948  13  0.848   0.600 Y  0.570      SignalP-noTM
fig|2518495.5.peg.912      0.180  25  0.370  25  0.842   4  0.781   0.531 Y  0.450      SignalP-TM
fig|2518495.5.peg.912      0.242  23  0.439  23  0.917   1  0.819   0.617 Y  0.570      SignalP-noTM
fig|2518495.5.peg.913      0.162  30  0.311  21  0.870   2  0.706   0.465 Y  0.450      SignalP-TM
fig|2518495.5.peg.913      0.578  21  0.680  21  0.932   1  0.828   0.750 Y  0.570      SignalP-noTM
fig|2518495.5.peg.914      0.484  32  0.637  32  0.905  15  0.809   0.704 Y  0.450      SignalP-TM
fig|2518495.5.peg.914      0.586  32  0.622  32  0.923  15  0.762   0.687 Y  0.570      SignalP-noTM
fig|2518495.5.peg.918      0.357  20  0.473  20  0.782  19  0.645   0.540 Y  0.450      SignalP-TM
fig|2518495.5.peg.918      0.535  20  0.700  20  0.938  15  0.900   0.794 Y  0.570      SignalP-noTM
fig|2518495.5.peg.925      0.164  24  0.355  24  0.883  17  0.760   0.513 Y  0.450      SignalP-TM
fig|2518495.5.peg.925      0.266  21  0.451  21  0.900  19  0.773   0.603 Y  0.570      SignalP-noTM
fig|2518495.5.peg.927      0.291  39  0.441  39  0.836  34  0.535   0.477 Y  0.450      SignalP-TM
fig|2518495.5.peg.929      0.246  22  0.396  22  0.822  18  0.674   0.504 Y  0.450      SignalP-TM
fig|2518495.5.peg.929      0.297  22  0.470  22  0.908   1  0.803   0.626 Y  0.570      SignalP-noTM
fig|2518495.5.peg.932      0.258  21  0.422  21  0.795   1  0.713   0.535 Y  0.450      SignalP-TM
fig|2518495.5.peg.932      0.464  21  0.551  21  0.838  12  0.665   0.605 Y  0.570      SignalP-noTM
fig|2518495.5.peg.936      0.315  36  0.367  36  0.965  14  0.715   0.502 Y  0.450      SignalP-TM
fig|2518495.5.peg.936      0.386  20  0.609  20  0.972  11  0.956   0.772 Y  0.570      SignalP-noTM
fig|2518495.5.peg.942      0.367  40  0.484  40  0.922  27  0.650   0.549 Y  0.450      SignalP-TM
fig|2518495.5.peg.946      0.131  23  0.309  23  0.780  14  0.700   0.461 Y  0.450      SignalP-TM
fig|2518495.5.peg.947      0.418  23  0.627  23  0.974  18  0.929   0.769 Y  0.570      SignalP-noTM
fig|2518495.5.peg.947      0.422  23  0.596  23  0.934  18  0.819   0.683 Y  0.450      SignalP-TM
fig|2518495.5.peg.956      0.168  30  0.337  21  0.920  16  0.838   0.533 Y  0.450      SignalP-TM
fig|2518495.5.peg.956      0.252  19  0.478  19  0.932   7  0.906   0.679 Y  0.570      SignalP-noTM
fig|2518495.5.peg.957      0.130  28  0.323  20  0.900   7  0.824   0.519 Y  0.450      SignalP-TM
fig|2518495.5.peg.957      0.232  19  0.441  19  0.917   9  0.844   0.630 Y  0.570      SignalP-noTM
fig|2518495.5.peg.972      0.374  28  0.513  28  0.873  17  0.625   0.557 Y  0.450      SignalP-TM
fig|2518495.5.peg.972      0.688  31  0.783  31  0.975  19  0.877   0.827 Y  0.570      SignalP-noTM
fig|2518495.5.peg.973      0.246  30  0.441  30  0.961  17  0.860   0.638 Y  0.570      SignalP-noTM
fig|2518495.5.peg.973      0.297  30  0.499  30  0.976  13  0.873   0.645 Y  0.450      SignalP-TM
fig|2518495.5.peg.974      0.366  28  0.446  28  0.776  10  0.588   0.502 Y  0.450      SignalP-TM
fig|2518495.5.peg.978      0.163  28  0.370  28  0.963  16  0.883   0.611 Y  0.570      SignalP-noTM
fig|2518495.5.peg.978      0.306  28  0.533  28  0.972  16  0.871   0.665 Y  0.450      SignalP-TM
fig|2518495.5.peg.99       0.259  21  0.459  21  0.893  19  0.824   0.601 Y  0.450      SignalP-TM
fig|2518495.5.peg.99       0.839  21  0.875  21  0.957  19  0.907   0.890 Y  0.570      SignalP-noTM
fig|2518495.5.peg.991      0.421  25  0.479  25  0.747   2  0.607   0.529 Y  0.450      SignalP-TM
fig|2518495.5.peg.991      0.803  25  0.848  25  0.974  10  0.921   0.882 Y  0.570      SignalP-noTM
fig|2518495.5.peg.992      0.294  24  0.452  24  0.848  21  0.689   0.544 Y  0.450      SignalP-TM
fig|2518495.5.peg.992      0.470  24  0.571  24  0.823   6  0.737   0.649 Y  0.570      SignalP-noTM
fig|2518495.5.peg.994      0.411  21  0.603  21  0.931  18  0.893   0.716 Y  0.450      SignalP-TM
fig|2518495.5.peg.994      0.837  21  0.872  21  0.950  17  0.910   0.890 Y  0.570      SignalP-noTM
fig|2518495.5.peg.995      0.156  21  0.348  21  0.934   6  0.824   0.534 Y  0.450      SignalP-TM
fig|2518495.5.peg.995      0.251  21  0.491  21  0.984  12  0.958   0.711 Y  0.570      SignalP-noTM
