WP_012419072.1             0.288  20  0.455  20  0.903  19  0.708   0.554 Y  0.450      SignalP-TM
WP_012419072.1             0.378  20  0.542  20  0.860  19  0.772   0.650 Y  0.570      SignalP-noTM
WP_012419078.1             0.655  30  0.680  30  0.872  10  0.757   0.710 Y  0.450      SignalP-TM
WP_012419078.1             0.709  30  0.676  30  0.915  22  0.766   0.718 Y  0.570      SignalP-noTM
WP_012419079.1             0.389  30  0.513  30  0.813  20  0.668   0.573 Y  0.450      SignalP-TM
WP_012419079.1             0.504  30  0.634  30  0.920  22  0.787   0.706 Y  0.570      SignalP-noTM
WP_012419081.1             0.155  25  0.363  25  0.900  17  0.852   0.593 Y  0.570      SignalP-noTM
WP_012419081.1             0.198  36  0.297  24  0.870   9  0.782   0.486 Y  0.450      SignalP-TM
WP_012419084.1             0.164  20  0.389  20  0.946   9  0.912   0.593 Y  0.450      SignalP-TM
WP_012419084.1             0.787  20  0.869  20  0.978  10  0.948   0.906 Y  0.570      SignalP-noTM
WP_012419088.1             0.338  25  0.508  25  0.907  23  0.746   0.601 Y  0.450      SignalP-TM
WP_012419088.1             0.851  25  0.839  25  0.919  22  0.832   0.836 Y  0.570      SignalP-noTM
WP_012419113.1             0.312  24  0.519  24  0.907  12  0.786   0.623 Y  0.450      SignalP-TM
WP_012419113.1             0.718  24  0.821  24  0.964  13  0.905   0.860 Y  0.570      SignalP-noTM
WP_012419121.1             0.359  22  0.409  22  0.672   1  0.528   0.455 Y  0.450      SignalP-TM
WP_012419121.1             0.834  22  0.746  22  0.891   1  0.701   0.725 Y  0.570      SignalP-noTM
WP_012419126.1             0.241  25  0.455  17  0.955  15  0.941   0.644 Y  0.450      SignalP-TM
WP_012419126.1             0.638  17  0.768  17  0.956  13  0.916   0.838 Y  0.570      SignalP-noTM
WP_012419134.1             0.160  19  0.361  19  0.877   2  0.832   0.583 Y  0.570      SignalP-noTM
WP_012419141.1             0.161  31  0.371  21  0.943   3  0.897   0.618 Y  0.570      SignalP-noTM
WP_012419141.1             0.166  30  0.311  21  0.939  11  0.833   0.515 Y  0.450      SignalP-TM
WP_012419143.1             0.438  19  0.646  19  0.960  11  0.943   0.785 Y  0.570      SignalP-noTM
WP_012419143.1             0.470  26  0.553  26  0.857  17  0.725   0.620 Y  0.450      SignalP-TM
WP_012419165.1             0.141  27  0.301  27  0.810  12  0.694   0.454 Y  0.450      SignalP-TM
WP_012419179.1             0.156  29  0.342  24  0.927  13  0.879   0.551 Y  0.450      SignalP-TM
WP_012419181.1             0.164  32  0.325  17  0.963  15  0.911   0.553 Y  0.450      SignalP-TM
WP_012419181.1             0.250  21  0.486  21  0.976  13  0.948   0.703 Y  0.570      SignalP-noTM
WP_012419183.1             0.296  32  0.416  21  0.894  16  0.782   0.559 Y  0.450      SignalP-TM
WP_012419183.1             0.388  21  0.589  21  0.962  13  0.907   0.739 Y  0.570      SignalP-noTM
WP_012419184.1             0.549  28  0.577  28  0.844  21  0.654   0.613 Y  0.570      SignalP-noTM
WP_012419206.1             0.763  20  0.765  20  0.897  19  0.781   0.772 Y  0.570      SignalP-noTM
WP_012419234.1             0.304  18  0.513  18  0.942   8  0.856   0.674 Y  0.570      SignalP-noTM
WP_012419245.1             0.330  34  0.479  34  0.923  17  0.774   0.594 Y  0.450      SignalP-TM
WP_012419245.1             0.395  25  0.603  25  0.986  15  0.907   0.746 Y  0.570      SignalP-noTM
WP_012419247.1             0.178  23  0.405  23  0.954  16  0.893   0.595 Y  0.450      SignalP-TM
WP_012419247.1             0.724  23  0.830  23  0.982  16  0.945   0.884 Y  0.570      SignalP-noTM
WP_012419250.1             0.202  21  0.375  21  0.852   3  0.726   0.512 Y  0.450      SignalP-TM
WP_012419250.1             0.361  21  0.535  21  0.905   1  0.783   0.652 Y  0.570      SignalP-noTM
WP_012419274.1             0.337  25  0.521  25  0.924  21  0.847   0.674 Y  0.570      SignalP-noTM
WP_012419274.1             0.377  25  0.577  25  0.938  21  0.885   0.697 Y  0.450      SignalP-TM
WP_012419284.1             0.440  28  0.545  28  0.935   1  0.793   0.662 Y  0.570      SignalP-noTM
WP_012419285.1             0.272  18  0.457  18  0.922   9  0.795   0.616 Y  0.570      SignalP-noTM
WP_012419306.1             0.159  22  0.329  22  0.775  19  0.685   0.468 Y  0.450      SignalP-TM
WP_012419306.1             0.629  22  0.725  22  0.926  19  0.849   0.783 Y  0.570      SignalP-noTM
WP_012419318.1             0.396  20  0.582  20  0.917  16  0.850   0.708 Y  0.570      SignalP-noTM
WP_012419318.1             0.501  26  0.665  26  0.929  18  0.848   0.737 Y  0.450      SignalP-TM
WP_012419324.1             0.117  45  0.276  11  0.829   3  0.769   0.468 Y  0.450      SignalP-TM
WP_012419331.1             0.250  25  0.455  19  0.969   7  0.884   0.656 Y  0.570      SignalP-noTM
WP_012419331.1             0.322  25  0.427  25  0.824  18  0.614   0.500 Y  0.450      SignalP-TM
WP_012419341.1             0.164  29  0.345  20  0.910  18  0.870   0.592 Y  0.570      SignalP-noTM
WP_012419341.1             0.316  29  0.485  29  0.943  14  0.801   0.608 Y  0.450      SignalP-TM
WP_012419347.1             0.176  28  0.375  28  0.958  12  0.826   0.551 Y  0.450      SignalP-TM
WP_012419347.1             0.276  23  0.511  23  0.973  21  0.924   0.705 Y  0.570      SignalP-noTM
WP_012419353.1             0.157  32  0.279  12  0.866   8  0.760   0.466 Y  0.450      SignalP-TM
WP_012419373.1             0.288  32  0.438  32  0.950  14  0.803   0.581 Y  0.450      SignalP-TM
WP_012419373.1             0.367  21  0.596  21  0.981  19  0.952   0.763 Y  0.570      SignalP-noTM
WP_012419395.1             0.213  28  0.373  28  0.832   9  0.713   0.506 Y  0.450      SignalP-TM
WP_012419398.1             0.701  23  0.763  23  0.915  18  0.806   0.780 Y  0.450      SignalP-TM
WP_012419398.1             0.880  23  0.903  23  0.944  18  0.926   0.914 Y  0.570      SignalP-noTM
WP_012419409.1             0.238  25  0.449  25  0.944   7  0.888   0.655 Y  0.570      SignalP-noTM
WP_012419409.1             0.312  32  0.463  32  0.940   5  0.802   0.595 Y  0.450      SignalP-TM
WP_012419414.1             0.165  35  0.357  19  0.964  15  0.936   0.629 Y  0.570      SignalP-noTM
WP_012419414.1             0.224  34  0.363  34  0.944  10  0.774   0.523 Y  0.450      SignalP-TM
WP_012419418.1             0.204  27  0.407  27  0.941  18  0.810   0.564 Y  0.450      SignalP-TM
WP_012419418.1             0.483  27  0.691  27  0.994  21  0.947   0.811 Y  0.570      SignalP-noTM
WP_012419423.1             0.178  20  0.372  20  0.894   9  0.804   0.575 Y  0.570      SignalP-noTM
WP_012419423.1             0.182  20  0.331  20  0.826   2  0.658   0.459 Y  0.450      SignalP-TM
WP_012419462.1             0.158  25  0.357  22  0.973   2  0.890   0.608 Y  0.570      SignalP-noTM
WP_012419462.1             0.169  29  0.329  25  0.893  14  0.808   0.516 Y  0.450      SignalP-TM
WP_012419464.1             0.356  29  0.416  29  0.773   6  0.592   0.484 Y  0.450      SignalP-TM
WP_012419471.1             0.843  25  0.778  19  0.927  17  0.858   0.816 Y  0.570      SignalP-noTM
WP_012419471.1             0.845  25  0.762  25  0.841  18  0.726   0.748 Y  0.450      SignalP-TM
WP_012419481.1             0.311  21  0.541  21  0.955  17  0.915   0.687 Y  0.450      SignalP-TM
WP_012419481.1             0.711  21  0.824  21  0.976  17  0.944   0.881 Y  0.570      SignalP-noTM
WP_012419487.1             0.167  24  0.337  24  0.784  17  0.633   0.452 Y  0.450      SignalP-TM
WP_012419487.1             0.345  24  0.468  24  0.755   6  0.610   0.520 Y  0.510      SignalP-TM
WP_012419488.1             0.236  23  0.448  23  0.914  16  0.802   0.586 Y  0.450      SignalP-TM
WP_012419488.1             0.674  23  0.780  23  0.981  19  0.907   0.840 Y  0.570      SignalP-noTM
WP_012419497.1             0.441  22  0.588  22  0.902   1  0.802   0.689 Y  0.570      SignalP-noTM
WP_012419497.1             0.470  24  0.525  24  0.885   3  0.686   0.588 Y  0.450      SignalP-TM
WP_012419504.1             0.190  21  0.413  20  0.948  18  0.913   0.648 Y  0.570      SignalP-noTM
WP_012419504.1             0.326  25  0.553  25  0.962  11  0.933   0.701 Y  0.450      SignalP-TM
WP_012419507.1             0.308  23  0.484  21  0.935  16  0.829   0.646 Y  0.570      SignalP-noTM
WP_012419508.1             0.281  23  0.495  23  0.963  10  0.895   0.683 Y  0.570      SignalP-noTM
WP_012419508.1             0.544  28  0.652  28  0.932  17  0.800   0.710 Y  0.450      SignalP-TM
WP_012419519.1             0.734  34  0.816  34  0.965  18  0.901   0.849 Y  0.450      SignalP-TM
WP_012419519.1             0.810  34  0.859  34  0.980  18  0.910   0.883 Y  0.570      SignalP-noTM
WP_012419526.1             0.299  34  0.440  25  0.773  18  0.685   0.536 Y  0.450      SignalP-TM
WP_012419526.1             0.616  25  0.731  25  0.919  18  0.878   0.800 Y  0.570      SignalP-noTM
WP_012419544.1             0.510  24  0.596  24  0.778  20  0.662   0.621 Y  0.450      SignalP-TM
WP_012419544.1             0.566  24  0.687  24  0.892  20  0.849   0.763 Y  0.570      SignalP-noTM
WP_012419565.1             0.550  26  0.586  26  0.682  23  0.569   0.579 Y  0.450      SignalP-TM
WP_012419565.1             0.704  26  0.669  26  0.741  14  0.603   0.645 Y  0.510      SignalP-TM
WP_012419566.1             0.215  30  0.358  23  0.862  19  0.726   0.502 Y  0.450      SignalP-TM
WP_012419566.1             0.443  23  0.560  23  0.929   2  0.776   0.662 Y  0.570      SignalP-noTM
WP_012419567.1             0.231  24  0.419  24  0.931   7  0.824   0.577 Y  0.450      SignalP-TM
WP_012419567.1             0.405  21  0.622  21  0.972  10  0.948   0.775 Y  0.570      SignalP-noTM
WP_012419568.1             0.298  31  0.386  31  0.921  15  0.690   0.504 Y  0.450      SignalP-TM
WP_012419568.1             0.718  20  0.824  20  0.960  19  0.941   0.879 Y  0.570      SignalP-noTM
WP_012419570.1             0.156  22  0.322  22  0.779  19  0.673   0.459 Y  0.450      SignalP-TM
WP_012419570.1             0.241  24  0.414  24  0.968  10  0.806   0.598 Y  0.570      SignalP-noTM
WP_012419573.1             0.619  23  0.749  23  0.947   7  0.910   0.812 Y  0.450      SignalP-TM
WP_012419573.1             0.702  23  0.792  23  0.967  10  0.916   0.850 Y  0.570      SignalP-noTM
WP_012419577.1             0.463  20  0.594  20  0.834   4  0.776   0.679 Y  0.570      SignalP-noTM
WP_012419577.1             0.463  34  0.382  20  0.790  18  0.616   0.473 Y  0.450      SignalP-TM
WP_012419578.1             0.150  27  0.342  20  0.955  11  0.887   0.598 Y  0.570      SignalP-noTM
WP_012419578.1             0.259  34  0.385  27  0.897   1  0.789   0.542 Y  0.450      SignalP-TM
WP_012419592.1             0.574  23  0.716  23  0.943  11  0.900   0.802 Y  0.570      SignalP-noTM
WP_012419592.1             0.576  32  0.498  32  0.810  17  0.608   0.541 Y  0.450      SignalP-TM
WP_012419597.1             0.350  29  0.467  29  0.886   6  0.724   0.588 Y  0.570      SignalP-noTM
WP_012419597.1             0.457  29  0.511  29  0.689  15  0.558   0.529 Y  0.450      SignalP-TM
WP_012419601.1             0.467  29  0.633  29  0.934  18  0.847   0.717 Y  0.450      SignalP-TM
WP_012419601.1             0.788  29  0.833  29  0.943  17  0.833   0.833 Y  0.510      SignalP-TM
WP_012419603.1             0.274  27  0.471  27  0.971  12  0.859   0.622 Y  0.450      SignalP-TM
WP_012419603.1             0.304  26  0.493  26  0.968   9  0.873   0.672 Y  0.570      SignalP-noTM
WP_012419631.1             0.196  24  0.370  24  0.932   1  0.802   0.573 Y  0.570      SignalP-noTM
WP_012419631.1             0.278  32  0.346  32  0.892   3  0.636   0.459 Y  0.450      SignalP-TM
WP_012419632.1             0.182  32  0.298  20  0.820   8  0.759   0.478 Y  0.450      SignalP-TM
WP_012419634.1             0.491  28  0.627  28  0.945  17  0.852   0.715 Y  0.450      SignalP-TM
WP_012419636.1             0.235  39  0.387  24  0.924   5  0.794   0.546 Y  0.450      SignalP-TM
WP_012419636.1             0.373  24  0.581  24  0.948  17  0.914   0.737 Y  0.570      SignalP-noTM
WP_012419640.1             0.244  30  0.340  30  0.857   3  0.660   0.465 Y  0.450      SignalP-TM
WP_012419651.1             0.219  33  0.402  23  0.934  15  0.832   0.570 Y  0.450      SignalP-TM
WP_012419651.1             0.526  23  0.704  23  0.974  17  0.936   0.813 Y  0.570      SignalP-noTM
WP_012419666.1             0.491  21  0.678  21  0.965  16  0.922   0.773 Y  0.450      SignalP-TM
WP_012419666.1             0.801  21  0.880  21  0.984  17  0.950   0.913 Y  0.570      SignalP-noTM
WP_012419674.1             0.331  23  0.534  23  0.953  16  0.835   0.675 Y  0.570      SignalP-noTM
WP_012419674.1             0.425  23  0.590  23  0.868  17  0.744   0.650 Y  0.450      SignalP-TM
WP_012419675.1             0.356  22  0.530  22  0.866  15  0.756   0.618 Y  0.450      SignalP-TM
WP_012419675.1             0.827  22  0.860  22  0.948  18  0.885   0.872 Y  0.570      SignalP-noTM
WP_012419679.1             0.214  21  0.417  21  0.948   6  0.848   0.585 Y  0.450      SignalP-TM
WP_012419679.1             0.546  21  0.711  21  0.955   8  0.931   0.814 Y  0.570      SignalP-noTM
WP_012419693.1             0.192  30  0.314  20  0.924  10  0.860   0.527 Y  0.450      SignalP-TM
WP_012419693.1             0.353  23  0.493  23  0.801   3  0.714   0.575 Y  0.510      SignalP-TM
WP_012419698.1             0.280  19  0.465  19  0.894   2  0.788   0.591 Y  0.450      SignalP-TM
WP_012419698.1             0.588  19  0.743  19  0.964  18  0.930   0.831 Y  0.570      SignalP-noTM
WP_012419710.1             0.592  33  0.678  33  0.889  28  0.703   0.688 Y  0.450      SignalP-TM
WP_012419710.1             0.852  33  0.634  33  0.731  28  0.353   0.530 Y  0.510      SignalP-TM
WP_012419716.1             0.633  29  0.526  29  0.587  16  0.453   0.498 Y  0.450      SignalP-TM
WP_012419722.1             0.190  24  0.360  24  0.774   2  0.681   0.485 Y  0.450      SignalP-TM
WP_012419729.1             0.499  22  0.569  22  0.899  11  0.657   0.610 Y  0.570      SignalP-noTM
WP_012419729.1             0.613  22  0.586  22  0.683  19  0.571   0.580 Y  0.450      SignalP-TM
WP_012419730.1             0.218  23  0.415  23  0.902   7  0.823   0.574 Y  0.450      SignalP-TM
WP_012419730.1             0.330  23  0.510  23  0.926   7  0.844   0.667 Y  0.570      SignalP-noTM
WP_012419740.1             0.457  20  0.649  20  0.962   4  0.929   0.758 Y  0.450      SignalP-TM
WP_012419740.1             0.723  20  0.836  20  0.985  12  0.950   0.889 Y  0.570      SignalP-noTM
WP_012419742.1             0.200  23  0.405  23  0.935  11  0.817   0.566 Y  0.450      SignalP-TM
WP_012419742.1             0.281  24  0.495  24  0.960  11  0.898   0.684 Y  0.570      SignalP-noTM
WP_012419746.1             0.325  24  0.456  24  0.820   6  0.683   0.545 Y  0.450      SignalP-TM
WP_012419746.1             0.340  24  0.542  24  0.943  13  0.880   0.701 Y  0.570      SignalP-noTM
WP_012419747.1             0.481  19  0.637  19  0.895   6  0.857   0.740 Y  0.570      SignalP-noTM
WP_012419747.1             0.664  26  0.661  26  0.892   7  0.736   0.690 Y  0.450      SignalP-TM
WP_012419748.1             0.190  23  0.360  23  0.856  19  0.697   0.491 Y  0.450      SignalP-TM
WP_012419748.1             0.227  20  0.411  20  0.887  19  0.760   0.575 Y  0.570      SignalP-noTM
WP_012419750.1             0.253  22  0.475  22  0.914  19  0.852   0.622 Y  0.450      SignalP-TM
WP_012419750.1             0.338  22  0.562  22  0.971  19  0.937   0.738 Y  0.570      SignalP-noTM
WP_012419752.1             0.239  26  0.435  26  0.928  16  0.810   0.611 Y  0.570      SignalP-noTM
WP_012419752.1             0.310  36  0.419  26  0.805   5  0.673   0.518 Y  0.450      SignalP-TM
WP_012419784.1             0.166  26  0.337  26  0.791  12  0.702   0.479 Y  0.450      SignalP-TM
WP_012419784.1             0.530  26  0.561  26  0.651  19  0.507   0.541 Y  0.510      SignalP-TM
WP_012419821.1             0.521  25  0.668  25  0.948   9  0.879   0.768 Y  0.570      SignalP-noTM
WP_012419842.1             0.328  23  0.483  23  0.815  19  0.700   0.568 Y  0.450      SignalP-TM
WP_012419842.1             0.593  23  0.624  23  0.803   9  0.706   0.662 Y  0.570      SignalP-noTM
WP_012419843.1             0.444  21  0.566  21  0.847  18  0.705   0.620 Y  0.450      SignalP-TM
WP_012419843.1             0.565  21  0.699  21  0.915  10  0.859   0.774 Y  0.570      SignalP-noTM
WP_012419868.1             0.320  29  0.442  29  0.926  16  0.737   0.557 Y  0.450      SignalP-TM
WP_012419868.1             0.581  29  0.571  24  0.936  13  0.842   0.699 Y  0.570      SignalP-noTM
WP_012419871.1             0.209  28  0.414  21  0.930  18  0.861   0.588 Y  0.450      SignalP-TM
WP_012419871.1             0.487  21  0.667  21  0.956  17  0.919   0.786 Y  0.570      SignalP-noTM
WP_012419872.1             0.186  25  0.407  25  0.944  16  0.886   0.594 Y  0.450      SignalP-TM
WP_012419872.1             0.271  22  0.507  22  0.958  19  0.939   0.710 Y  0.570      SignalP-noTM
WP_012419873.1             0.423  25  0.521  25  0.860  11  0.736   0.622 Y  0.570      SignalP-noTM
WP_012419873.1             0.541  25  0.580  25  0.739   7  0.608   0.591 Y  0.450      SignalP-TM
WP_012419877.1             0.568  27  0.630  27  0.806  18  0.668   0.645 Y  0.450      SignalP-TM
WP_012419877.1             0.659  27  0.686  27  0.899   7  0.779   0.730 Y  0.570      SignalP-noTM
WP_012419894.1             0.256  39  0.410  25  0.787  14  0.670   0.511 Y  0.450      SignalP-TM
WP_012419894.1             0.673  25  0.700  25  0.903  21  0.749   0.723 Y  0.570      SignalP-noTM
WP_012419899.1             0.268  24  0.470  22  0.927  17  0.884   0.665 Y  0.570      SignalP-noTM
WP_012419899.1             0.284  22  0.508  22  0.950  14  0.914   0.666 Y  0.450      SignalP-TM
WP_012419900.1             0.289  27  0.418  27  0.903   4  0.714   0.533 Y  0.450      SignalP-TM
WP_012419916.1             0.365  29  0.475  29  0.875  15  0.706   0.565 Y  0.450      SignalP-TM
WP_012419916.1             0.481  29  0.491  29  0.903  19  0.706   0.592 Y  0.570      SignalP-noTM
WP_012419918.1             0.254  22  0.368  22  0.861   7  0.644   0.476 Y  0.450      SignalP-TM
WP_012419918.1             0.582  22  0.724  22  0.936  19  0.904   0.809 Y  0.570      SignalP-noTM
WP_012419923.1             0.731  23  0.648  23  0.846  21  0.637   0.643 Y  0.570      SignalP-noTM
WP_012419930.1             0.340  22  0.554  22  0.939  19  0.885   0.683 Y  0.450      SignalP-TM
WP_012419930.1             0.602  22  0.742  22  0.987  10  0.927   0.829 Y  0.570      SignalP-noTM
WP_012419937.1             0.421  28  0.504  28  0.800  11  0.668   0.568 Y  0.450      SignalP-TM
WP_012419939.1             0.448  27  0.660  27  0.981  16  0.957   0.799 Y  0.570      SignalP-noTM
WP_012419939.1             0.461  30  0.626  30  0.941  26  0.842   0.710 Y  0.450      SignalP-TM
WP_012419941.1             0.176  32  0.335  22  0.863   3  0.802   0.517 Y  0.450      SignalP-TM
WP_012419941.1             0.678  22  0.754  22  0.950  20  0.839   0.794 Y  0.570      SignalP-noTM
WP_012419943.1             0.245  22  0.417  22  0.806  21  0.718   0.534 Y  0.450      SignalP-TM
WP_012419943.1             0.736  22  0.769  22  0.879  18  0.819   0.792 Y  0.570      SignalP-noTM
WP_012419945.1             0.221  31  0.371  31  0.961  15  0.785   0.532 Y  0.450      SignalP-TM
WP_012419945.1             0.280  20  0.511  20  0.960   4  0.936   0.711 Y  0.570      SignalP-noTM
WP_012419947.1             0.359  20  0.425  20  0.718   1  0.541   0.470 Y  0.450      SignalP-TM
WP_012419947.1             0.390  20  0.539  20  0.863   1  0.775   0.650 Y  0.570      SignalP-noTM
WP_012419948.1             0.236  24  0.434  24  0.868  10  0.769   0.565 Y  0.450      SignalP-TM
WP_012419948.1             0.315  24  0.490  24  0.895   4  0.811   0.640 Y  0.570      SignalP-noTM
WP_012419952.1             0.262  49  0.393  19  0.907   2  0.844   0.605 Y  0.570      SignalP-noTM
WP_012419955.1             0.304  27  0.395  27  0.660  22  0.550   0.456 Y  0.450      SignalP-TM
WP_012419967.1             0.217  32  0.332  32  0.891  11  0.689   0.471 Y  0.450      SignalP-TM
WP_012419969.1             0.560  21  0.638  21  0.881  19  0.723   0.678 Y  0.570      SignalP-noTM
WP_012419976.1             0.173  64  0.278  18  0.834   9  0.736   0.456 Y  0.450      SignalP-TM
WP_012419996.1             0.422  23  0.629  23  0.974  16  0.932   0.747 Y  0.450      SignalP-TM
WP_012419996.1             0.776  23  0.870  23  0.990  11  0.972   0.918 Y  0.570      SignalP-noTM
WP_012419999.1             0.378  56  0.499  21  0.947  14  0.914   0.661 Y  0.450      SignalP-TM
WP_012419999.1             0.557  21  0.739  21  0.989  11  0.967   0.846 Y  0.570      SignalP-noTM
WP_012420000.1             0.234  23  0.365  23  0.842   7  0.666   0.482 Y  0.450      SignalP-TM
WP_012420000.1             0.650  24  0.740  24  0.951   3  0.881   0.806 Y  0.570      SignalP-noTM
WP_012420011.1             0.208  40  0.341  24  0.946   4  0.876   0.550 Y  0.450      SignalP-TM
WP_012420017.1             0.468  31  0.539  22  0.909  18  0.798   0.640 Y  0.450      SignalP-TM
WP_012420017.1             0.547  22  0.713  22  0.957  18  0.927   0.813 Y  0.570      SignalP-noTM
WP_012420034.1             0.244  21  0.461  21  0.947   5  0.884   0.626 Y  0.450      SignalP-TM
WP_012420034.1             0.779  21  0.858  21  0.965  11  0.941   0.897 Y  0.570      SignalP-noTM
WP_012420035.1             0.323  21  0.500  21  0.875   7  0.789   0.613 Y  0.450      SignalP-TM
WP_012420035.1             0.346  21  0.547  21  0.945  17  0.869   0.698 Y  0.570      SignalP-noTM
WP_012420038.1             0.515  21  0.701  21  0.977  10  0.947   0.817 Y  0.570      SignalP-noTM
WP_012420038.1             0.594  35  0.607  35  0.911  15  0.764   0.669 Y  0.450      SignalP-TM
WP_012420040.1             0.209  28  0.399  28  0.919   3  0.828   0.600 Y  0.570      SignalP-noTM
WP_012420040.1             0.215  28  0.348  28  0.802  10  0.634   0.459 Y  0.450      SignalP-TM
WP_012420041.1             0.287  23  0.451  23  0.811  22  0.729   0.559 Y  0.450      SignalP-TM
WP_012420049.1             0.650  31  0.710  31  0.886  25  0.555   0.650 Y  0.450      SignalP-TM
WP_012420049.1             0.851  31  0.840  31  0.917  27  0.684   0.767 Y  0.570      SignalP-noTM
WP_012420056.1             0.254  23  0.436  23  0.884   2  0.784   0.600 Y  0.570      SignalP-noTM
WP_012420056.1             0.336  28  0.390  28  0.883   6  0.634   0.485 Y  0.450      SignalP-TM
WP_012420060.1             0.308  26  0.408  26  0.840  17  0.607   0.486 Y  0.450      SignalP-TM
WP_012420060.1             0.412  19  0.625  19  0.960  11  0.935   0.771 Y  0.570      SignalP-noTM
WP_012420064.1             0.230  56  0.347  20  0.839   2  0.754   0.506 Y  0.450      SignalP-TM
WP_012420064.1             0.615  20  0.645  20  0.817   1  0.718   0.680 Y  0.570      SignalP-noTM
WP_012420069.1             0.663  20  0.742  20  0.906  18  0.832   0.777 Y  0.450      SignalP-TM
WP_012420069.1             0.801  20  0.855  20  0.969  19  0.901   0.877 Y  0.570      SignalP-noTM
WP_012420073.1             0.379  18  0.578  18  0.943  16  0.876   0.718 Y  0.570      SignalP-noTM
WP_012420075.1             0.206  28  0.350  18  0.940   2  0.891   0.604 Y  0.570      SignalP-noTM
WP_012420075.1             0.326  65  0.436  28  0.969   7  0.830   0.590 Y  0.450      SignalP-TM
WP_012420080.1             0.469  34  0.590  34  0.952  14  0.842   0.688 Y  0.450      SignalP-TM
WP_012420080.1             0.572  24  0.725  24  0.964  14  0.920   0.817 Y  0.570      SignalP-noTM
WP_012420094.1             0.698  22  0.698  22  0.903   1  0.751   0.723 Y  0.570      SignalP-noTM
WP_012420102.1             0.207  32  0.359  25  0.768  22  0.640   0.469 Y  0.450      SignalP-TM
WP_012420102.1             0.288  24  0.469  24  0.846   1  0.764   0.608 Y  0.570      SignalP-noTM
WP_012420115.1             0.166  27  0.360  23  0.921  16  0.849   0.551 Y  0.450      SignalP-TM
WP_012420115.1             0.432  23  0.625  23  0.932  15  0.903   0.756 Y  0.570      SignalP-noTM
WP_012420119.1             0.472  40  0.499  40  0.974  21  0.726   0.605 Y  0.570      SignalP-noTM
WP_012420119.1             0.632  40  0.605  40  0.824  20  0.651   0.623 Y  0.450      SignalP-TM
WP_012420132.1             0.413  43  0.458  43  0.899  19  0.664   0.538 Y  0.450      SignalP-TM
WP_012420139.1             0.246  34  0.423  29  0.903  26  0.663   0.517 Y  0.450      SignalP-TM
WP_012420139.1             0.823  29  0.805  29  0.947  26  0.746   0.777 Y  0.570      SignalP-noTM
WP_012420143.1             0.470  24  0.659  24  0.972   9  0.933   0.788 Y  0.570      SignalP-noTM
WP_012420143.1             0.610  24  0.723  24  0.939  11  0.850   0.773 Y  0.450      SignalP-TM
WP_012420155.1             0.218  27  0.415  27  0.922   9  0.834   0.578 Y  0.450      SignalP-TM
WP_012420155.1             0.534  27  0.697  27  0.954  26  0.901   0.793 Y  0.570      SignalP-noTM
WP_012420160.1             0.280  25  0.443  25  0.881  16  0.753   0.564 Y  0.450      SignalP-TM
WP_012420160.1             0.647  25  0.705  25  0.963  10  0.851   0.773 Y  0.570      SignalP-noTM
WP_012420195.1             0.208  24  0.380  24  0.841   9  0.700   0.505 Y  0.450      SignalP-TM
WP_012420195.1             0.436  24  0.540  24  0.839   9  0.719   0.625 Y  0.570      SignalP-noTM
WP_012420209.1             0.295  33  0.470  28  0.892  16  0.807   0.601 Y  0.450      SignalP-TM
WP_012420209.1             0.684  28  0.783  28  0.993  18  0.925   0.850 Y  0.570      SignalP-noTM
WP_012420227.1             0.243  22  0.449  22  0.940  12  0.860   0.642 Y  0.570      SignalP-noTM
WP_012420227.1             0.250  33  0.342  22  0.840   4  0.718   0.489 Y  0.450      SignalP-TM
WP_012420236.1             0.552  20  0.620  20  0.866   1  0.730   0.672 Y  0.570      SignalP-noTM
WP_012420241.1             0.290  26  0.421  26  0.716  13  0.613   0.496 Y  0.450      SignalP-TM
WP_012420242.1             0.220  25  0.416  20  0.965  11  0.924   0.655 Y  0.570      SignalP-noTM
WP_012420242.1             0.382  27  0.480  27  0.904  13  0.739   0.581 Y  0.450      SignalP-TM
WP_012420249.1             0.420  56  0.550  26  0.907  13  0.787   0.642 Y  0.450      SignalP-TM
WP_012420249.1             0.795  26  0.847  26  0.952  22  0.894   0.869 Y  0.570      SignalP-noTM
WP_012420251.1             0.138  31  0.355  21  0.968  16  0.900   0.568 Y  0.450      SignalP-TM
WP_012420251.1             0.298  21  0.531  21  0.980  19  0.944   0.725 Y  0.570      SignalP-noTM
WP_012420253.1             0.215  25  0.379  25  0.784  23  0.632   0.478 Y  0.450      SignalP-TM
WP_012420253.1             0.760  22  0.796  22  0.944  21  0.831   0.812 Y  0.570      SignalP-noTM
WP_012420256.1             0.314  31  0.490  31  0.896  10  0.787   0.630 Y  0.570      SignalP-noTM
WP_012420257.1             0.228  67  0.284  14  0.870   3  0.766   0.472 Y  0.450      SignalP-TM
WP_012420257.1             0.364  67  0.418  21  0.921   4  0.779   0.588 Y  0.570      SignalP-noTM
WP_012420310.1             0.581  25  0.585  25  0.717  16  0.590   0.587 Y  0.450      SignalP-TM
WP_012420316.1             0.427  26  0.540  26  0.811  22  0.693   0.600 Y  0.450      SignalP-TM
WP_012420316.1             0.567  26  0.635  26  0.937  16  0.799   0.712 Y  0.570      SignalP-noTM
WP_012420322.1             0.390  23  0.564  23  0.906   5  0.837   0.670 Y  0.450      SignalP-TM
WP_012420322.1             0.652  23  0.760  23  0.941  10  0.904   0.828 Y  0.570      SignalP-noTM
WP_012420323.1             0.517  30  0.570  30  0.922   2  0.705   0.623 Y  0.450      SignalP-TM
WP_012420323.1             0.568  30  0.661  30  0.891   2  0.786   0.719 Y  0.570      SignalP-noTM
WP_012420330.1             0.239  25  0.469  25  0.955   3  0.930   0.686 Y  0.570      SignalP-noTM
WP_012420330.1             0.394  30  0.575  30  0.921  15  0.860   0.686 Y  0.450      SignalP-TM
WP_012420332.1             0.631  28  0.587  28  0.726  26  0.450   0.533 Y  0.450      SignalP-TM
WP_012420345.1             0.264  27  0.449  27  0.954   8  0.834   0.599 Y  0.450      SignalP-TM
WP_012420345.1             0.347  22  0.569  22  0.970  10  0.933   0.740 Y  0.570      SignalP-noTM
WP_012420349.1             0.231  26  0.413  26  0.957  11  0.835   0.611 Y  0.570      SignalP-noTM
WP_012420349.1             0.243  26  0.432  26  0.918  14  0.810   0.579 Y  0.450      SignalP-TM
WP_012420350.1             0.300  23  0.481  23  0.901  19  0.728   0.577 Y  0.450      SignalP-TM
WP_012420350.1             0.696  21  0.791  21  0.925  17  0.887   0.836 Y  0.570      SignalP-noTM
WP_012420372.1             0.251  18  0.391  18  0.774   1  0.630   0.484 Y  0.450      SignalP-TM
WP_012420372.1             0.457  18  0.617  18  0.888  14  0.832   0.718 Y  0.570      SignalP-noTM
WP_012420382.1             0.333  30  0.493  30  0.957  12  0.807   0.616 Y  0.450      SignalP-TM
WP_012420382.1             0.540  22  0.711  22  0.962  14  0.912   0.806 Y  0.570      SignalP-noTM
WP_012420424.1             0.346  21  0.518  21  0.866   6  0.790   0.624 Y  0.450      SignalP-TM
WP_012420424.1             0.840  21  0.883  21  0.944  17  0.926   0.903 Y  0.570      SignalP-noTM
WP_012420430.1             0.244  33  0.362  33  0.868   9  0.658   0.477 Y  0.450      SignalP-TM
WP_012420430.1             0.250  23  0.453  23  0.934   7  0.852   0.641 Y  0.570      SignalP-noTM
WP_012420447.1             0.255  23  0.469  23  0.909  16  0.850   0.618 Y  0.450      SignalP-TM
WP_012420447.1             0.806  23  0.851  23  0.946  11  0.898   0.873 Y  0.570      SignalP-noTM
WP_012420450.1             0.242  22  0.365  22  0.783   2  0.607   0.459 Y  0.450      SignalP-TM
WP_012420450.1             0.540  20  0.672  20  0.906  11  0.850   0.755 Y  0.570      SignalP-noTM
WP_012420452.1             0.239  22  0.454  22  0.914  18  0.844   0.606 Y  0.450      SignalP-TM
WP_012420452.1             0.457  22  0.643  22  0.958  17  0.904   0.765 Y  0.570      SignalP-noTM
WP_012420458.1             0.233  29  0.402  24  0.889   7  0.797   0.556 Y  0.450      SignalP-TM
WP_012420463.1             0.526  20  0.677  20  0.942  16  0.878   0.771 Y  0.570      SignalP-noTM
WP_012420471.1             0.611  22  0.720  22  0.952  18  0.875   0.781 Y  0.450      SignalP-TM
WP_012420471.1             0.707  22  0.764  22  0.933  10  0.867   0.812 Y  0.570      SignalP-noTM
WP_012420476.1             0.186  23  0.408  23  0.954   9  0.899   0.639 Y  0.570      SignalP-noTM
WP_012420476.1             0.258  28  0.429  28  0.831  21  0.639   0.511 Y  0.450      SignalP-TM
WP_012420488.1             0.486  22  0.649  22  0.920  20  0.877   0.738 Y  0.450      SignalP-TM
WP_012420488.1             0.850  22  0.885  22  0.960  10  0.923   0.903 Y  0.570      SignalP-noTM
WP_012420500.1             0.432  22  0.529  22  0.832  20  0.675   0.586 Y  0.450      SignalP-TM
WP_012420500.1             0.793  22  0.782  22  0.924  20  0.783   0.782 Y  0.570      SignalP-noTM
WP_012420510.1             0.177  19  0.340  19  0.871  16  0.652   0.462 Y  0.450      SignalP-TM
WP_012420517.1             0.254  22  0.440  22  0.869  18  0.793   0.577 Y  0.450      SignalP-TM
WP_012420517.1             0.646  22  0.727  22  0.920   2  0.850   0.785 Y  0.570      SignalP-noTM
WP_012420521.1             0.413  31  0.409  20  0.742  16  0.658   0.506 Y  0.450      SignalP-TM
WP_012420521.1             0.484  20  0.653  20  0.913  16  0.875   0.757 Y  0.570      SignalP-noTM
WP_012420523.1             0.182  32  0.351  32  0.963  12  0.821   0.534 Y  0.450      SignalP-TM
WP_012420536.1             0.264  24  0.480  24  0.915  16  0.840   0.620 Y  0.450      SignalP-TM
WP_012420536.1             0.587  24  0.751  24  0.990  12  0.954   0.846 Y  0.570      SignalP-noTM
WP_012420537.1             0.200  22  0.406  22  0.918   1  0.841   0.610 Y  0.570      SignalP-noTM
WP_012420537.1             0.404  27  0.554  27  0.922   2  0.805   0.652 Y  0.450      SignalP-TM
WP_012420566.1             0.261  25  0.376  25  0.721   2  0.568   0.451 Y  0.450      SignalP-TM
WP_012420573.1             0.638  43  0.616  43  0.890   9  0.674   0.639 Y  0.450      SignalP-TM
WP_012420573.1             0.723  43  0.554  43  0.875   1  0.556   0.555 Y  0.510      SignalP-TM
WP_012420580.1             0.525  26  0.677  26  0.927  20  0.844   0.742 Y  0.450      SignalP-TM
WP_012420580.1             0.782  26  0.847  26  0.986  12  0.942   0.892 Y  0.570      SignalP-noTM
WP_012420582.1             0.334  29  0.540  29  0.951  16  0.855   0.663 Y  0.450      SignalP-TM
WP_012420582.1             0.613  21  0.769  21  0.981  13  0.947   0.853 Y  0.570      SignalP-noTM
WP_012420583.1             0.299  23  0.470  23  0.856  17  0.668   0.547 Y  0.450      SignalP-TM
WP_012420583.1             0.345  19  0.490  19  0.855  17  0.676   0.577 Y  0.570      SignalP-noTM
WP_012420596.1             0.247  21  0.461  21  0.946   6  0.884   0.626 Y  0.450      SignalP-TM
WP_012420596.1             0.261  18  0.493  18  0.964  17  0.933   0.700 Y  0.570      SignalP-noTM
WP_012420601.1             0.814  26  0.773  26  0.948  11  0.825   0.798 Y  0.570      SignalP-noTM
WP_012420601.1             0.865  26  0.867  26  0.950  15  0.861   0.865 Y  0.450      SignalP-TM
WP_012420604.1             0.346  26  0.439  26  0.817   1  0.598   0.501 Y  0.450      SignalP-TM
WP_012420605.1             0.528  28  0.570  28  0.845  11  0.698   0.620 Y  0.450      SignalP-TM
WP_012420614.1             0.611  47  0.613  47  0.715  45  0.377   0.521 Y  0.450      SignalP-TM
WP_012420624.1             0.447  26  0.488  26  0.710  21  0.548   0.511 Y  0.450      SignalP-TM
WP_012420628.1             0.186  24  0.373  24  0.885   5  0.782   0.532 Y  0.450      SignalP-TM
WP_012420628.1             0.275  24  0.478  24  0.920  14  0.862   0.659 Y  0.570      SignalP-noTM
WP_012420638.1             0.410  23  0.546  23  0.846  21  0.755   0.628 Y  0.450      SignalP-TM
WP_012420638.1             0.719  23  0.742  23  0.916   3  0.811   0.774 Y  0.570      SignalP-noTM
WP_012420651.1             0.406  21  0.533  21  0.797  17  0.676   0.588 Y  0.450      SignalP-TM
WP_012420651.1             0.526  21  0.657  21  0.882   1  0.819   0.733 Y  0.570      SignalP-noTM
WP_012420652.1             0.321  38  0.508  33  0.992  14  0.920   0.702 Y  0.570      SignalP-noTM
WP_012420652.1             0.459  38  0.565  38  0.963  20  0.844   0.674 Y  0.450      SignalP-TM
WP_012420655.1             0.234  23  0.434  23  0.909   8  0.834   0.590 Y  0.450      SignalP-TM
WP_012420655.1             0.268  23  0.438  23  0.938   1  0.798   0.607 Y  0.570      SignalP-noTM
WP_012420657.1             0.491  26  0.576  26  0.930   2  0.779   0.655 Y  0.450      SignalP-TM
WP_012420659.1             0.464  25  0.526  24  0.856   9  0.712   0.598 Y  0.450      SignalP-TM
WP_012420659.1             0.636  25  0.731  25  0.970   8  0.892   0.807 Y  0.570      SignalP-noTM
WP_012420664.1             0.170  21  0.372  21  0.862  18  0.794   0.536 Y  0.450      SignalP-TM
WP_012420670.1             0.394  21  0.493  21  0.754   4  0.641   0.551 Y  0.450      SignalP-TM
WP_012420682.1             0.181  38  0.341  38  0.763   1  0.647   0.461 Y  0.450      SignalP-TM
WP_012420685.1             0.156  32  0.342  26  0.868  19  0.689   0.478 Y  0.450      SignalP-TM
WP_012420685.1             0.275  26  0.453  26  0.935  15  0.822   0.626 Y  0.570      SignalP-noTM
WP_012420697.1             0.738  22  0.737  22  0.854  18  0.738   0.737 Y  0.450      SignalP-TM
WP_012420697.1             0.803  22  0.796  22  0.961  19  0.796   0.796 Y  0.570      SignalP-noTM
WP_012420699.1             0.131  23  0.330  18  0.924   9  0.871   0.541 Y  0.450      SignalP-TM
WP_012420699.1             0.213  23  0.431  18  0.936   1  0.893   0.648 Y  0.570      SignalP-noTM
WP_012420700.1             0.320  21  0.534  21  0.942  16  0.892   0.673 Y  0.450      SignalP-TM
WP_012420700.1             0.386  21  0.602  21  0.971  11  0.937   0.759 Y  0.570      SignalP-noTM
WP_012420702.1             0.266  25  0.373  25  0.831   8  0.612   0.466 Y  0.450      SignalP-TM
WP_012420702.1             0.558  25  0.601  25  0.896   4  0.728   0.661 Y  0.570      SignalP-noTM
WP_012420705.1             0.507  33  0.549  33  0.858  12  0.675   0.598 Y  0.450      SignalP-TM
WP_012420705.1             0.763  33  0.698  33  0.944  18  0.803   0.747 Y  0.570      SignalP-noTM
WP_012420719.1             0.145  31  0.355  18  0.932  15  0.876   0.558 Y  0.450      SignalP-TM
WP_012420719.1             0.266  18  0.494  18  0.942  10  0.912   0.691 Y  0.570      SignalP-noTM
WP_012420755.1             0.315  27  0.475  27  0.878   9  0.782   0.595 Y  0.450      SignalP-TM
WP_012420755.1             0.626  27  0.726  27  0.975  11  0.899   0.807 Y  0.570      SignalP-noTM
WP_012420756.1             0.508  28  0.661  28  0.982   9  0.916   0.760 Y  0.450      SignalP-TM
WP_012420756.1             0.730  28  0.757  28  0.984  10  0.882   0.815 Y  0.570      SignalP-noTM
WP_012420775.1             0.221  21  0.342  21  0.896   1  0.632   0.455 Y  0.450      SignalP-TM
WP_012420775.1             0.687  21  0.771  21  0.947   6  0.893   0.829 Y  0.570      SignalP-noTM
WP_012420787.1             0.462  24  0.654  24  0.961  17  0.840   0.726 Y  0.450      SignalP-TM
WP_012420787.1             0.739  24  0.823  24  0.963  14  0.917   0.867 Y  0.570      SignalP-noTM
WP_012420799.1             0.271  21  0.464  21  0.879   2  0.822   0.632 Y  0.570      SignalP-noTM
WP_012420799.1             0.290  27  0.426  21  0.833  20  0.702   0.533 Y  0.450      SignalP-TM
WP_012420808.1             0.203  21  0.418  21  0.904   9  0.860   0.590 Y  0.450      SignalP-TM
WP_012420808.1             0.600  21  0.763  21  0.984  18  0.958   0.854 Y  0.570      SignalP-noTM
WP_012420821.1             0.395  20  0.455  20  0.803   3  0.587   0.506 Y  0.450      SignalP-TM
WP_012420821.1             0.822  20  0.866  20  0.933  12  0.903   0.883 Y  0.570      SignalP-noTM
WP_012420822.1             0.220  23  0.400  23  0.816  12  0.737   0.531 Y  0.450      SignalP-TM
WP_012420822.1             0.711  23  0.756  23  0.911  13  0.836   0.793 Y  0.570      SignalP-noTM
WP_012420823.1             0.370  29  0.533  29  0.858  23  0.745   0.615 Y  0.450      SignalP-TM
WP_012420823.1             0.513  27  0.632  27  0.910  20  0.787   0.705 Y  0.570      SignalP-noTM
WP_012420831.1             0.331  30  0.468  30  0.835   7  0.726   0.590 Y  0.570      SignalP-noTM
WP_012420833.1             0.281  26  0.498  26  0.956  15  0.851   0.636 Y  0.450      SignalP-TM
WP_012420833.1             0.697  26  0.768  26  0.954  19  0.892   0.827 Y  0.570      SignalP-noTM
WP_012420846.1             0.149  31  0.308  31  0.885  10  0.738   0.476 Y  0.450      SignalP-TM
WP_012420846.1             0.324  36  0.392  18  0.960  14  0.911   0.636 Y  0.570      SignalP-noTM
WP_012420856.1             0.357  26  0.462  26  0.859  17  0.685   0.549 Y  0.450      SignalP-TM
WP_012420856.1             0.647  19  0.788  19  0.969  11  0.949   0.864 Y  0.570      SignalP-noTM
WP_012420866.1             0.194  21  0.359  21  0.839  19  0.638   0.468 Y  0.450      SignalP-TM
WP_012420866.1             0.691  21  0.762  21  0.919  17  0.814   0.787 Y  0.570      SignalP-noTM
WP_012420872.1             0.268  34  0.408  23  0.884  12  0.802   0.562 Y  0.450      SignalP-TM
WP_012420872.1             0.329  23  0.532  23  0.923   6  0.878   0.695 Y  0.570      SignalP-noTM
WP_012420889.1             0.236  27  0.447  21  0.944  17  0.870   0.612 Y  0.450      SignalP-TM
WP_012420889.1             0.465  21  0.668  21  0.978  12  0.953   0.802 Y  0.570      SignalP-noTM
WP_012420915.1             0.427  30  0.610  30  0.918  23  0.765   0.670 Y  0.450      SignalP-TM
WP_012420915.1             0.676  30  0.783  30  0.959  23  0.867   0.823 Y  0.570      SignalP-noTM
WP_012420932.1             0.174  23  0.371  23  0.969   9  0.859   0.562 Y  0.450      SignalP-TM
WP_012420932.1             0.374  23  0.578  23  0.970  10  0.919   0.738 Y  0.570      SignalP-noTM
WP_012420935.1             0.558  28  0.628  28  0.858  23  0.653   0.639 Y  0.570      SignalP-noTM
WP_012420936.1             0.453  32  0.645  32  0.981  15  0.938   0.759 Y  0.450      SignalP-TM
WP_012420936.1             0.540  32  0.675  27  0.995  15  0.943   0.801 Y  0.570      SignalP-noTM
WP_012420938.1             0.321  22  0.474  22  0.872  19  0.697   0.579 Y  0.570      SignalP-noTM
WP_012420947.1             0.818  20  0.736  20  0.854   1  0.661   0.701 Y  0.570      SignalP-noTM
WP_012420951.1             0.254  24  0.437  24  0.904   5  0.801   0.579 Y  0.450      SignalP-TM
WP_012420951.1             0.533  24  0.643  24  0.933   1  0.822   0.727 Y  0.570      SignalP-noTM
WP_012420953.1             0.189  61  0.268  12  0.852   6  0.752   0.457 Y  0.450      SignalP-TM
WP_012420955.1             0.428  23  0.572  23  0.871  20  0.736   0.636 Y  0.450      SignalP-TM
WP_012420955.1             0.511  21  0.696  21  0.975  20  0.938   0.810 Y  0.570      SignalP-noTM
WP_012420961.1             0.357  28  0.526  28  0.961  13  0.846   0.677 Y  0.570      SignalP-noTM
WP_012420961.1             0.782  31  0.803  31  0.948  22  0.826   0.812 Y  0.450      SignalP-TM
WP_012420970.1             0.542  25  0.666  25  0.881  23  0.814   0.735 Y  0.570      SignalP-noTM
WP_012420972.1             0.212  26  0.378  26  0.869   3  0.716   0.510 Y  0.450      SignalP-TM
WP_012420986.1             0.618  24  0.690  24  0.894  18  0.766   0.720 Y  0.450      SignalP-TM
WP_012420986.1             0.815  19  0.840  19  0.901   8  0.861   0.848 Y  0.510      SignalP-TM
WP_012420987.1             0.307  23  0.422  23  0.672  19  0.583   0.485 Y  0.450      SignalP-TM
WP_012421003.1             0.729  21  0.801  21  0.953  19  0.882   0.839 Y  0.570      SignalP-noTM
WP_012421005.1             0.332  22  0.516  22  0.887  16  0.787   0.622 Y  0.450      SignalP-TM
WP_012421005.1             0.506  22  0.691  22  0.962  15  0.922   0.800 Y  0.570      SignalP-noTM
WP_012421007.1             0.555  21  0.726  21  0.971  14  0.950   0.813 Y  0.450      SignalP-TM
WP_012421007.1             0.740  21  0.855  21  0.993  13  0.976   0.912 Y  0.570      SignalP-noTM
WP_012421012.1             0.375  24  0.591  24  0.974  17  0.924   0.747 Y  0.570      SignalP-noTM
WP_012421012.1             0.579  26  0.716  26  0.952   8  0.895   0.786 Y  0.450      SignalP-TM
WP_012421013.1             0.252  22  0.431  22  0.877   6  0.771   0.564 Y  0.450      SignalP-TM
WP_012421013.1             0.290  22  0.516  22  0.947  16  0.916   0.704 Y  0.570      SignalP-noTM
WP_012421014.1             0.254  26  0.394  26  0.871   8  0.701   0.514 Y  0.450      SignalP-TM
WP_012421014.1             0.328  26  0.480  26  0.930  10  0.803   0.632 Y  0.570      SignalP-noTM
WP_012421022.1             0.232  30  0.330  30  0.830   6  0.644   0.453 Y  0.450      SignalP-TM
WP_012421042.1             0.435  24  0.444  24  0.698  19  0.480   0.458 Y  0.450      SignalP-TM
WP_012421047.1             0.194  24  0.430  24  0.980  13  0.942   0.629 Y  0.450      SignalP-TM
WP_012421047.1             0.443  22  0.644  22  0.967  15  0.938   0.782 Y  0.570      SignalP-noTM
WP_012421053.1             0.449  40  0.418  40  0.815   4  0.562   0.474 Y  0.450      SignalP-TM
WP_012421053.1             0.483  33  0.521  33  0.890  11  0.720   0.615 Y  0.570      SignalP-noTM
WP_012421065.1             0.213  22  0.398  22  0.902   7  0.793   0.584 Y  0.570      SignalP-noTM
WP_012421065.1             0.213  33  0.352  33  0.819  21  0.635   0.462 Y  0.450      SignalP-TM
WP_012421067.1             0.173  19  0.384  19  0.945  18  0.861   0.608 Y  0.570      SignalP-noTM
WP_012421067.1             0.211  19  0.371  19  0.706  14  0.649   0.480 Y  0.450      SignalP-TM
WP_012421068.1             0.169  29  0.348  24  0.816   1  0.781   0.517 Y  0.450      SignalP-TM
WP_012421068.1             0.439  22  0.640  21  0.963  11  0.941   0.782 Y  0.570      SignalP-noTM
WP_012421081.1             0.575  25  0.712  25  0.916  19  0.841   0.763 Y  0.450      SignalP-TM
WP_012421081.1             0.757  25  0.772  25  0.899  10  0.825   0.797 Y  0.570      SignalP-noTM
WP_012421100.1             0.173  30  0.347  30  0.926  14  0.756   0.507 Y  0.450      SignalP-TM
WP_012421100.1             0.200  30  0.372  21  0.931  18  0.866   0.604 Y  0.570      SignalP-noTM
WP_012421122.1             0.220  23  0.383  23  0.797   6  0.678   0.498 Y  0.450      SignalP-TM
WP_012421122.1             0.587  23  0.696  23  0.913  10  0.840   0.764 Y  0.570      SignalP-noTM
WP_012421150.1             0.369  24  0.576  24  0.956  10  0.888   0.723 Y  0.570      SignalP-noTM
WP_012421150.1             0.463  32  0.607  32  0.943  11  0.856   0.704 Y  0.450      SignalP-TM
WP_012421158.1             0.182  31  0.363  19  0.808  15  0.723   0.503 Y  0.450      SignalP-TM
WP_012421158.1             0.232  19  0.419  19  0.896   1  0.772   0.585 Y  0.570      SignalP-noTM
WP_012421159.1             0.267  39  0.423  23  0.848   2  0.743   0.548 Y  0.450      SignalP-TM
WP_012421159.1             0.510  20  0.643  20  0.879  12  0.815   0.724 Y  0.570      SignalP-noTM
WP_012421169.1             0.155  27  0.364  27  0.959  14  0.895   0.571 Y  0.450      SignalP-TM
WP_012421169.1             0.231  23  0.473  23  0.984  12  0.963   0.704 Y  0.570      SignalP-noTM
WP_012421180.1             0.346  23  0.451  23  0.736  18  0.592   0.506 Y  0.450      SignalP-TM
WP_012421184.1             0.521  19  0.619  19  0.841  12  0.691   0.653 Y  0.570      SignalP-noTM
WP_012421185.1             0.421  27  0.569  27  0.924  12  0.807   0.662 Y  0.450      SignalP-TM
WP_012421185.1             0.523  27  0.638  27  0.959  12  0.861   0.743 Y  0.570      SignalP-noTM
WP_012421189.1             0.297  21  0.491  21  0.897  20  0.829   0.650 Y  0.570      SignalP-noTM
WP_012421189.1             0.349  22  0.481  22  0.880  20  0.663   0.552 Y  0.450      SignalP-TM
WP_012421194.1             0.455  25  0.600  25  0.938   8  0.840   0.713 Y  0.570      SignalP-noTM
WP_012421194.1             0.522  23  0.662  23  0.891  19  0.773   0.705 Y  0.450      SignalP-TM
WP_022196920.1             0.221  29  0.353  29  0.844  18  0.673   0.478 Y  0.450      SignalP-TM
WP_022197508.1             0.296  29  0.369  19  0.742  17  0.684   0.492 Y  0.450      SignalP-TM
WP_022197508.1             0.420  19  0.608  19  0.917  11  0.870   0.731 Y  0.570      SignalP-noTM
WP_022198170.1             0.167  31  0.366  23  0.984  12  0.940   0.635 Y  0.570      SignalP-noTM
WP_022198170.1             0.318  30  0.516  30  0.967  12  0.894   0.664 Y  0.450      SignalP-TM
WP_022396399.1             0.225  24  0.440  24  0.931  16  0.858   0.603 Y  0.450      SignalP-TM
WP_022396399.1             0.261  19  0.499  19  0.975  10  0.953   0.712 Y  0.570      SignalP-noTM
WP_031930046.1             0.265  35  0.403  35  0.827  24  0.669   0.507 Y  0.450      SignalP-TM
WP_031930046.1             0.309  29  0.488  29  0.902   8  0.829   0.648 Y  0.570      SignalP-noTM
WP_031930870.1             0.255  21  0.403  21  0.793  17  0.616   0.486 Y  0.450      SignalP-TM
WP_031930870.1             0.341  21  0.523  21  0.884  17  0.803   0.654 Y  0.570      SignalP-noTM
WP_031931275.1             0.142  52  0.335  19  0.920  10  0.881   0.592 Y  0.570      SignalP-noTM
WP_042447390.1             0.280  20  0.496  20  0.959  19  0.876   0.644 Y  0.450      SignalP-TM
WP_042447390.1             0.617  20  0.735  20  0.915  19  0.869   0.798 Y  0.570      SignalP-noTM
WP_042447511.1             0.218  24  0.417  24  0.890   2  0.817   0.573 Y  0.450      SignalP-TM
WP_042447523.1             0.236  26  0.425  26  0.931  19  0.803   0.603 Y  0.570      SignalP-noTM
WP_042447543.1             0.171  20  0.376  20  0.901  12  0.822   0.586 Y  0.570      SignalP-noTM
WP_042447543.1             0.180  26  0.363  20  0.919  11  0.787   0.528 Y  0.450      SignalP-TM
WP_042447602.1             0.122  18  0.307  18  0.910   2  0.798   0.499 Y  0.450      SignalP-TM
WP_042447604.1             0.416  23  0.581  23  0.917   3  0.831   0.699 Y  0.570      SignalP-noTM
WP_042447604.1             0.528  23  0.656  23  0.886   8  0.793   0.710 Y  0.450      SignalP-TM
WP_042447611.1             0.325  29  0.483  29  0.890  11  0.790   0.603 Y  0.450      SignalP-TM
WP_042447611.1             0.880  29  0.894  29  0.945  26  0.909   0.901 Y  0.570      SignalP-noTM
WP_042447674.1             0.393  23  0.536  23  0.914   4  0.794   0.636 Y  0.450      SignalP-TM
WP_042447674.1             0.528  23  0.615  23  0.930   3  0.789   0.697 Y  0.570      SignalP-noTM
WP_042447749.1             0.255  19  0.393  19  0.713   2  0.623   0.483 Y  0.450      SignalP-TM
WP_042447749.1             0.725  19  0.744  19  0.821   9  0.753   0.748 Y  0.570      SignalP-noTM
WP_042447829.1             0.163  33  0.335  20  0.787  16  0.701   0.478 Y  0.450      SignalP-TM
WP_042448074.1             0.386  21  0.540  21  0.837  19  0.761   0.626 Y  0.450      SignalP-TM
WP_042448074.1             0.767  21  0.793  21  0.925   7  0.843   0.817 Y  0.570      SignalP-noTM
WP_042448087.1             0.386  24  0.525  24  0.821   2  0.734   0.606 Y  0.450      SignalP-TM
WP_042448087.1             0.699  24  0.734  24  0.909   1  0.814   0.772 Y  0.570      SignalP-noTM
WP_042448103.1             0.304  32  0.470  32  0.831  26  0.657   0.543 Y  0.450      SignalP-TM
WP_042448103.1             0.686  33  0.653  33  0.888  23  0.712   0.681 Y  0.570      SignalP-noTM
WP_042448197.1             0.518  29  0.689  29  0.992  15  0.932   0.803 Y  0.570      SignalP-noTM
WP_042448197.1             0.656  29  0.738  29  0.959  16  0.844   0.779 Y  0.450      SignalP-TM
WP_042448209.1             0.218  25  0.379  25  0.874   9  0.690   0.500 Y  0.450      SignalP-TM
WP_042448209.1             0.506  28  0.547  28  0.876  23  0.682   0.611 Y  0.570      SignalP-noTM
WP_042448302.1             0.430  23  0.497  23  0.771  19  0.549   0.517 Y  0.450      SignalP-TM
WP_042448368.1             0.547  21  0.604  21  0.868  19  0.627   0.613 Y  0.450      SignalP-TM
WP_042448368.1             0.703  21  0.748  21  0.846   9  0.793   0.769 Y  0.570      SignalP-noTM
WP_042448446.1             0.549  26  0.660  26  0.970   9  0.856   0.737 Y  0.450      SignalP-TM
WP_042448446.1             0.819  26  0.872  26  0.992  13  0.949   0.908 Y  0.570      SignalP-noTM
WP_042448462.1             0.245  34  0.377  21  0.957   9  0.932   0.594 Y  0.450      SignalP-TM
WP_042448462.1             0.370  34  0.553  21  0.962  12  0.936   0.733 Y  0.570      SignalP-noTM
WP_042448567.1             0.607  20  0.575  20  0.696   2  0.572   0.574 Y  0.450      SignalP-TM
WP_051729401.1             0.207  24  0.365  19  0.873   1  0.811   0.575 Y  0.570      SignalP-noTM
WP_051729401.1             0.244  23  0.433  23  0.862  18  0.771   0.565 Y  0.450      SignalP-TM
WP_052294429.1             0.331  23  0.481  23  0.808   8  0.693   0.564 Y  0.450      SignalP-TM
WP_052294429.1             0.567  23  0.724  23  0.979   9  0.929   0.820 Y  0.570      SignalP-noTM
WP_052294477.1             0.159  34  0.372  24  0.954  14  0.900   0.578 Y  0.450      SignalP-TM
WP_052294477.1             0.493  24  0.686  24  0.980  13  0.955   0.812 Y  0.570      SignalP-noTM
WP_052294486.1             0.156  29  0.365  24  0.947   6  0.891   0.612 Y  0.570      SignalP-noTM
WP_052294486.1             0.199  33  0.355  33  0.934  11  0.794   0.526 Y  0.450      SignalP-TM
WP_081429103.1             0.465  26  0.662  26  0.975   8  0.937   0.769 Y  0.450      SignalP-TM
WP_081429103.1             0.799  26  0.878  26  0.985  13  0.963   0.918 Y  0.570      SignalP-noTM
WP_081429154.1             0.220  33  0.400  21  0.914   8  0.854   0.577 Y  0.450      SignalP-TM
WP_081429154.1             0.372  21  0.596  21  0.974  11  0.947   0.761 Y  0.570      SignalP-noTM
WP_081429203.1             0.606  20  0.594  20  0.745  17  0.548   0.576 Y  0.450      SignalP-TM
WP_081429203.1             0.774  20  0.722  20  0.779  13  0.660   0.693 Y  0.570      SignalP-noTM
WP_081429207.1             0.150  27  0.272  13  0.809   7  0.729   0.450 Y  0.450      SignalP-TM
WP_087393489.1             0.189  27  0.396  18  0.990  12  0.945   0.654 Y  0.570      SignalP-noTM
WP_087393489.1             0.418  32  0.513  32  0.948  16  0.792   0.622 Y  0.450      SignalP-TM
WP_094137846.1             0.246  19  0.431  19  0.832  12  0.751   0.582 Y  0.570      SignalP-noTM
WP_094137876.1             0.228  38  0.320  24  0.902   9  0.800   0.507 Y  0.450      SignalP-TM
WP_094137876.1             0.318  22  0.480  22  0.831   8  0.746   0.578 Y  0.510      SignalP-TM
WP_094137925.1             0.274  21  0.425  21  0.784  16  0.601   0.494 Y  0.450      SignalP-TM
WP_094137925.1             0.417  19  0.586  19  0.903  13  0.792   0.683 Y  0.570      SignalP-noTM
WP_094137940.1             0.432  35  0.533  35  0.859  24  0.580   0.551 Y  0.450      SignalP-TM
WP_099421499.1             0.248  33  0.418  33  0.883  27  0.676   0.519 Y  0.450      SignalP-TM
WP_102740272.1             0.221  20  0.409  20  0.847   5  0.779   0.553 Y  0.450      SignalP-TM
WP_102740272.1             0.454  20  0.610  20  0.928  10  0.830   0.714 Y  0.570      SignalP-noTM
WP_123038951.1             0.451  32  0.638  32  0.931  24  0.863   0.726 Y  0.450      SignalP-TM
WP_123038951.1             0.539  32  0.649  32  0.964  15  0.835   0.737 Y  0.570      SignalP-noTM
WP_128153396.1             0.275  22  0.432  22  0.839  18  0.691   0.533 Y  0.450      SignalP-TM
WP_128153396.1             0.571  20  0.670  20  0.892   1  0.792   0.727 Y  0.570      SignalP-noTM
WP_128223077.1             0.244  30  0.370  30  0.736  15  0.601   0.460 Y  0.450      SignalP-TM
WP_128252097.1             0.217  27  0.390  21  0.963  12  0.906   0.632 Y  0.570      SignalP-noTM
WP_128252097.1             0.298  27  0.486  27  0.946   7  0.840   0.624 Y  0.450      SignalP-TM
WP_131072198.1             0.684  20  0.755  20  0.937   5  0.862   0.797 Y  0.450      SignalP-TM
WP_131072198.1             0.775  20  0.861  20  0.975  10  0.950   0.903 Y  0.570      SignalP-noTM
WP_143245845.1             0.181  25  0.360  22  0.927   3  0.836   0.584 Y  0.570      SignalP-noTM
WP_143245853.1             0.252  29  0.423  29  0.901   9  0.804   0.602 Y  0.570      SignalP-noTM
WP_143245853.1             0.265  29  0.433  29  0.870  14  0.733   0.550 Y  0.450      SignalP-TM
WP_143245855.1             0.462  30  0.510  30  0.813  20  0.623   0.554 Y  0.450      SignalP-TM
WP_143245862.1             0.645  43  0.610  43  0.688  31  0.352   0.510 Y  0.450      SignalP-TM
WP_143245872.1             0.276  26  0.417  26  0.809  12  0.646   0.506 Y  0.450      SignalP-TM
WP_143245872.1             0.630  26  0.721  26  0.957  24  0.838   0.776 Y  0.570      SignalP-noTM
WP_143245882.1             0.193  27  0.395  12  0.942   1  0.899   0.632 Y  0.570      SignalP-noTM
WP_143245882.1             0.542  32  0.603  32  0.902  17  0.768   0.668 Y  0.450      SignalP-TM
WP_143245894.1             0.587  23  0.627  23  0.829   2  0.695   0.659 Y  0.570      SignalP-noTM
WP_143245906.1             0.449  22  0.631  22  0.931  10  0.886   0.751 Y  0.570      SignalP-noTM
WP_143245906.1             0.712  24  0.753  24  0.938   8  0.837   0.786 Y  0.450      SignalP-TM
WP_143246117.1             0.147  27  0.315  27  0.784  15  0.680   0.458 Y  0.450      SignalP-TM
WP_143246147.1             0.197  29  0.392  29  0.888  12  0.778   0.543 Y  0.450      SignalP-TM
WP_143246147.1             0.537  29  0.671  29  0.984  15  0.887   0.773 Y  0.570      SignalP-noTM
WP_157738210.1             0.149  23  0.345  23  0.843  14  0.751   0.504 Y  0.450      SignalP-TM
WP_157738220.1             0.142  24  0.317  24  0.890  10  0.756   0.488 Y  0.450      SignalP-TM
WP_157738248.1             0.186  23  0.415  23  0.964  18  0.901   0.605 Y  0.450      SignalP-TM
WP_157738248.1             0.476  21  0.685  21  0.995  11  0.976   0.822 Y  0.570      SignalP-noTM
WP_157738252.1             0.168  31  0.331  31  0.819  23  0.661   0.460 Y  0.450      SignalP-TM
WP_157738252.1             0.300  31  0.439  31  0.913  13  0.744   0.582 Y  0.570      SignalP-noTM
WP_157738263.1             0.273  31  0.453  31  0.928  15  0.800   0.616 Y  0.570      SignalP-noTM
WP_157738274.1             0.271  24  0.390  24  0.818   2  0.636   0.486 Y  0.450      SignalP-TM
WP_157738274.1             0.471  23  0.591  23  0.904   3  0.801   0.690 Y  0.570      SignalP-noTM
WP_157738287.1             0.320  28  0.515  28  0.901  20  0.843   0.669 Y  0.570      SignalP-noTM
WP_157738287.1             0.353  33  0.483  33  0.850  24  0.667   0.554 Y  0.450      SignalP-TM
WP_157738291.1             0.504  24  0.643  24  0.937  10  0.789   0.700 Y  0.450      SignalP-TM
WP_157738291.1             0.523  24  0.681  24  0.931  14  0.880   0.774 Y  0.570      SignalP-noTM
WP_157738292.1             0.205  23  0.428  23  0.957   8  0.909   0.616 Y  0.450      SignalP-TM
WP_157738292.1             0.615  23  0.767  23  0.995  10  0.960   0.858 Y  0.570      SignalP-noTM
WP_157738296.1             0.342  38  0.516  38  0.920  25  0.662   0.584 Y  0.570      SignalP-noTM
WP_161994233.1             0.329  24  0.525  24  0.903  12  0.831   0.644 Y  0.450      SignalP-TM
WP_161994233.1             0.701  24  0.803  24  0.961   7  0.930   0.863 Y  0.570      SignalP-noTM
WP_162610392.1             0.380  33  0.468  26  0.883  12  0.739   0.574 Y  0.450      SignalP-TM
WP_162610392.1             0.520  23  0.675  23  0.964  10  0.885   0.773 Y  0.570      SignalP-noTM
WP_162610410.1             0.144  32  0.315  21  0.844  16  0.745   0.483 Y  0.450      SignalP-TM
WP_162610410.1             0.296  21  0.506  21  0.960   9  0.888   0.686 Y  0.570      SignalP-noTM
WP_162610419.1             0.240  21  0.402  21  0.895   4  0.741   0.534 Y  0.450      SignalP-TM
WP_162610419.1             0.380  21  0.529  21  0.902   1  0.785   0.649 Y  0.570      SignalP-noTM
WP_165476995.1             0.240  24  0.420  24  0.866  17  0.750   0.575 Y  0.570      SignalP-noTM
WP_165476995.1             0.554  25  0.632  25  0.865   9  0.751   0.678 Y  0.450      SignalP-TM
WP_167525129.1             0.224  22  0.373  22  0.774  10  0.653   0.482 Y  0.450      SignalP-TM
WP_167525129.1             0.684  24  0.781  22  0.976  19  0.917   0.845 Y  0.570      SignalP-noTM
WP_167525132.1             0.312  15  0.493  15  0.896   9  0.772   0.624 Y  0.570      SignalP-noTM
WP_167525133.1             0.439  32  0.544  32  0.811  28  0.642   0.582 Y  0.450      SignalP-TM
WP_167525133.1             0.504  32  0.598  32  0.829  26  0.641   0.619 Y  0.570      SignalP-noTM
WP_167525135.1             0.251  25  0.434  25  0.954   8  0.840   0.625 Y  0.570      SignalP-noTM
WP_167525135.1             0.272  24  0.483  24  0.955  14  0.875   0.636 Y  0.450      SignalP-TM
WP_167525143.1             0.360  30  0.554  30  0.950  16  0.890   0.685 Y  0.450      SignalP-TM
WP_167525143.1             0.455  30  0.643  30  0.985  17  0.931   0.778 Y  0.570      SignalP-noTM
WP_187308790.1             0.121  27  0.287  23  0.867  11  0.758   0.470 Y  0.450      SignalP-TM
WP_204223454.1             0.278  24  0.483  24  0.916  19  0.823   0.643 Y  0.570      SignalP-noTM
WP_204223460.1             0.383  25  0.471  25  0.875  10  0.660   0.545 Y  0.450      SignalP-TM
WP_204223460.1             0.639  25  0.702  25  0.930   3  0.830   0.763 Y  0.570      SignalP-noTM
WP_233420549.1             0.346  24  0.553  24  0.957   8  0.889   0.684 Y  0.450      SignalP-TM
WP_233420549.1             0.493  22  0.687  22  0.988   9  0.955   0.813 Y  0.570      SignalP-noTM
WP_233420575.1             0.289  25  0.489  25  0.911  10  0.843   0.627 Y  0.450      SignalP-TM
WP_233420575.1             0.777  25  0.825  25  0.952   8  0.892   0.857 Y  0.570      SignalP-noTM
