fig|2005473.90.peg.1       0.328  24  0.490  24  0.867  10  0.756   0.594 Y  0.450      SignalP-TM
fig|2005473.90.peg.1       0.520  22  0.663  22  0.920  16  0.827   0.740 Y  0.570      SignalP-noTM
fig|2005473.90.peg.100     0.555  27  0.566  27  0.790  20  0.629   0.595 Y  0.570      SignalP-noTM
fig|2005473.90.peg.100     0.589  27  0.601  27  0.758  18  0.616   0.607 Y  0.450      SignalP-TM
fig|2005473.90.peg.1000    0.370  42  0.557  26  0.946  17  0.854   0.673 Y  0.450      SignalP-TM
fig|2005473.90.peg.1000    0.565  26  0.650  26  0.935  10  0.823   0.731 Y  0.570      SignalP-noTM
fig|2005473.90.peg.1001    0.168  29  0.355  29  0.895  12  0.733   0.502 Y  0.450      SignalP-TM
fig|2005473.90.peg.1002    0.453  30  0.587  30  0.874  17  0.715   0.637 Y  0.450      SignalP-TM
fig|2005473.90.peg.1002    0.460  30  0.612  30  0.942  19  0.869   0.733 Y  0.570      SignalP-noTM
fig|2005473.90.peg.1006    0.294  62  0.508  21  0.954   1  0.908   0.696 Y  0.570      SignalP-noTM
fig|2005473.90.peg.1006    0.330  48  0.406  21  0.941  16  0.872   0.588 Y  0.450      SignalP-TM
fig|2005473.90.peg.1009    0.416  22  0.570  22  0.858  18  0.777   0.651 Y  0.450      SignalP-TM
fig|2005473.90.peg.1009    0.719  22  0.809  22  0.960  10  0.920   0.861 Y  0.570      SignalP-noTM
fig|2005473.90.peg.1017    0.193  24  0.381  22  0.936   6  0.845   0.562 Y  0.450      SignalP-TM
fig|2005473.90.peg.1017    0.538  24  0.684  24  0.942   5  0.899   0.785 Y  0.570      SignalP-noTM
fig|2005473.90.peg.1018    0.204  24  0.375  24  0.844  11  0.744   0.519 Y  0.450      SignalP-TM
fig|2005473.90.peg.1022    0.199  38  0.371  27  0.978  19  0.864   0.603 Y  0.570      SignalP-noTM
fig|2005473.90.peg.1022    0.224  44  0.427  27  0.927  22  0.753   0.554 Y  0.450      SignalP-TM
fig|2005473.90.peg.1023    0.146  23  0.344  23  0.880   6  0.831   0.573 Y  0.570      SignalP-noTM
fig|2005473.90.peg.1023    0.242  28  0.381  28  0.798   8  0.671   0.494 Y  0.450      SignalP-TM
fig|2005473.90.peg.1024    0.238  28  0.413  28  0.903  21  0.758   0.575 Y  0.570      SignalP-noTM
fig|2005473.90.peg.1043    0.363  29  0.551  29  0.928  22  0.825   0.680 Y  0.570      SignalP-noTM
fig|2005473.90.peg.1049    0.457  23  0.645  23  0.954  16  0.901   0.745 Y  0.450      SignalP-TM
fig|2005473.90.peg.1049    0.736  23  0.838  23  0.983  19  0.952   0.892 Y  0.570      SignalP-noTM
fig|2005473.90.peg.105     0.194  22  0.339  22  0.830   2  0.644   0.458 Y  0.450      SignalP-TM
fig|2005473.90.peg.105     0.519  22  0.651  22  0.945  13  0.855   0.747 Y  0.570      SignalP-noTM
fig|2005473.90.peg.1050    0.327  22  0.475  22  0.755   7  0.676   0.553 Y  0.450      SignalP-TM
fig|2005473.90.peg.1050    0.513  22  0.706  22  0.983  19  0.936   0.814 Y  0.570      SignalP-noTM
fig|2005473.90.peg.1051    0.158  22  0.350  22  0.888  16  0.796   0.524 Y  0.450      SignalP-TM
fig|2005473.90.peg.1051    0.463  22  0.586  22  0.892   2  0.794   0.684 Y  0.570      SignalP-noTM
fig|2005473.90.peg.1052    0.233  25  0.402  25  0.934  10  0.790   0.584 Y  0.570      SignalP-noTM
fig|2005473.90.peg.1053    0.248  28  0.413  28  0.739  22  0.663   0.511 Y  0.450      SignalP-TM
fig|2005473.90.peg.1053    0.327  28  0.525  28  0.941   7  0.871   0.687 Y  0.570      SignalP-noTM
fig|2005473.90.peg.1056    0.330  23  0.493  23  0.914   8  0.787   0.607 Y  0.450      SignalP-TM
fig|2005473.90.peg.1056    0.669  23  0.784  23  0.966  10  0.928   0.852 Y  0.570      SignalP-noTM
fig|2005473.90.peg.106     0.212  27  0.390  27  0.914  11  0.796   0.549 Y  0.450      SignalP-TM
fig|2005473.90.peg.106     0.712  21  0.813  21  0.953  17  0.921   0.864 Y  0.570      SignalP-noTM
fig|2005473.90.peg.1068    0.531  20  0.670  20  0.922  18  0.852   0.756 Y  0.570      SignalP-noTM
fig|2005473.90.peg.1069    0.230  20  0.453  20  0.919  12  0.886   0.622 Y  0.450      SignalP-TM
fig|2005473.90.peg.1069    0.582  20  0.708  20  0.946   2  0.878   0.788 Y  0.570      SignalP-noTM
fig|2005473.90.peg.1073    0.214  27  0.395  21  0.865   8  0.821   0.561 Y  0.450      SignalP-TM
fig|2005473.90.peg.1073    0.353  21  0.580  21  0.971  10  0.937   0.748 Y  0.570      SignalP-noTM
fig|2005473.90.peg.1074    0.270  22  0.420  22  0.857  18  0.593   0.488 Y  0.450      SignalP-TM
fig|2005473.90.peg.1075    0.301  27  0.511  27  0.966  17  0.911   0.699 Y  0.570      SignalP-noTM
fig|2005473.90.peg.1075    0.508  32  0.532  32  0.823  16  0.647   0.577 Y  0.450      SignalP-TM
fig|2005473.90.peg.1076    0.124  28  0.274  18  0.817   5  0.735   0.454 Y  0.450      SignalP-TM
fig|2005473.90.peg.1076    0.160  19  0.364  19  0.944   2  0.857   0.596 Y  0.570      SignalP-noTM
fig|2005473.90.peg.1077    0.259  29  0.359  29  0.875  17  0.658   0.476 Y  0.450      SignalP-TM
fig|2005473.90.peg.1077    0.279  21  0.485  21  0.938   1  0.865   0.664 Y  0.570      SignalP-noTM
fig|2005473.90.peg.1079    0.319  22  0.453  22  0.821   5  0.678   0.541 Y  0.450      SignalP-TM
fig|2005473.90.peg.1079    0.508  22  0.664  22  0.951  15  0.881   0.766 Y  0.570      SignalP-noTM
fig|2005473.90.peg.108     0.280  23  0.464  23  0.885   3  0.807   0.626 Y  0.570      SignalP-noTM
fig|2005473.90.peg.108     0.440  24  0.552  24  0.833  15  0.722   0.618 Y  0.450      SignalP-TM
fig|2005473.90.peg.1080    0.299  21  0.467  21  0.839  12  0.758   0.580 Y  0.450      SignalP-TM
fig|2005473.90.peg.1080    0.412  21  0.577  21  0.922  10  0.808   0.686 Y  0.570      SignalP-noTM
fig|2005473.90.peg.1081    0.357  21  0.495  21  0.837   3  0.731   0.587 Y  0.450      SignalP-TM
fig|2005473.90.peg.1081    0.404  20  0.589  20  0.921  10  0.833   0.704 Y  0.570      SignalP-noTM
fig|2005473.90.peg.1082    0.193  20  0.388  20  0.873  18  0.780   0.541 Y  0.450      SignalP-TM
fig|2005473.90.peg.1082    0.555  20  0.716  20  0.962   8  0.923   0.813 Y  0.570      SignalP-noTM
fig|2005473.90.peg.1083    0.362  25  0.516  25  0.964   8  0.833   0.665 Y  0.570      SignalP-noTM
fig|2005473.90.peg.1083    0.474  25  0.561  25  0.885   6  0.726   0.625 Y  0.450      SignalP-TM
fig|2005473.90.peg.1085    0.163  26  0.349  26  0.894   7  0.795   0.523 Y  0.450      SignalP-TM
fig|2005473.90.peg.1085    0.186  26  0.370  26  0.948   5  0.828   0.585 Y  0.570      SignalP-noTM
fig|2005473.90.peg.1098    0.477  23  0.485  23  0.606  10  0.475   0.481 Y  0.450      SignalP-TM
fig|2005473.90.peg.1100    0.475  26  0.619  26  0.943   9  0.852   0.710 Y  0.450      SignalP-TM
fig|2005473.90.peg.1100    0.574  26  0.666  26  0.975  17  0.865   0.759 Y  0.570      SignalP-noTM
fig|2005473.90.peg.1110    0.139  23  0.302  17  0.874   2  0.756   0.479 Y  0.450      SignalP-TM
fig|2005473.90.peg.1110    0.288  19  0.468  19  0.894  10  0.770   0.610 Y  0.570      SignalP-noTM
fig|2005473.90.peg.1113    0.534  20  0.677  20  0.932   1  0.872   0.753 Y  0.450      SignalP-TM
fig|2005473.90.peg.1113    0.848  20  0.891  20  0.963  12  0.931   0.910 Y  0.570      SignalP-noTM
fig|2005473.90.peg.1131    0.145  27  0.338  26  0.872  14  0.799   0.518 Y  0.450      SignalP-TM
fig|2005473.90.peg.1131    0.354  22  0.579  22  0.981  11  0.948   0.752 Y  0.570      SignalP-noTM
fig|2005473.90.peg.1132    0.236  22  0.440  22  0.928   1  0.835   0.626 Y  0.570      SignalP-noTM
fig|2005473.90.peg.1137    0.148  35  0.328  22  0.852   2  0.777   0.503 Y  0.450      SignalP-TM
fig|2005473.90.peg.1137    0.224  21  0.451  21  0.937   1  0.908   0.666 Y  0.570      SignalP-noTM
fig|2005473.90.peg.1148    0.247  23  0.442  23  0.901  15  0.816   0.618 Y  0.570      SignalP-noTM
fig|2005473.90.peg.115     0.238  21  0.459  21  0.911   9  0.850   0.612 Y  0.450      SignalP-TM
fig|2005473.90.peg.115     0.240  27  0.424  27  0.943  10  0.842   0.621 Y  0.570      SignalP-noTM
fig|2005473.90.peg.1153    0.168  31  0.307  27  0.894   8  0.690   0.456 Y  0.450      SignalP-TM
fig|2005473.90.peg.1153    0.347  27  0.524  27  0.894   8  0.820   0.663 Y  0.570      SignalP-noTM
fig|2005473.90.peg.1156    0.441  20  0.588  20  0.900  17  0.782   0.664 Y  0.450      SignalP-TM
fig|2005473.90.peg.1156    0.671  20  0.739  20  0.892  16  0.830   0.782 Y  0.570      SignalP-noTM
fig|2005473.90.peg.1159    0.460  26  0.629  20  0.969  12  0.944   0.777 Y  0.570      SignalP-noTM
fig|2005473.90.peg.1159    0.563  26  0.698  26  0.964  10  0.901   0.777 Y  0.450      SignalP-TM
fig|2005473.90.peg.116     0.427  21  0.600  21  0.929   9  0.863   0.703 Y  0.450      SignalP-TM
fig|2005473.90.peg.116     0.785  21  0.871  21  0.984  17  0.959   0.912 Y  0.570      SignalP-noTM
fig|2005473.90.peg.1163    0.180  31  0.321  30  0.807  20  0.671   0.458 Y  0.450      SignalP-TM
fig|2005473.90.peg.1167    0.346  18  0.520  18  0.917   2  0.813   0.658 Y  0.570      SignalP-noTM
fig|2005473.90.peg.1167    0.391  18  0.576  18  0.926  17  0.857   0.685 Y  0.450      SignalP-TM
fig|2005473.90.peg.117     0.767  23  0.796  23  0.916   6  0.852   0.817 Y  0.450      SignalP-TM
fig|2005473.90.peg.117     0.880  23  0.888  23  0.960   8  0.916   0.902 Y  0.570      SignalP-noTM
fig|2005473.90.peg.1173    0.434  20  0.575  20  0.859   7  0.787   0.674 Y  0.570      SignalP-noTM
fig|2005473.90.peg.1184    0.280  20  0.514  20  0.975   9  0.953   0.720 Y  0.570      SignalP-noTM
fig|2005473.90.peg.1184    0.344  25  0.522  25  0.934   8  0.840   0.646 Y  0.450      SignalP-TM
fig|2005473.90.peg.120     0.388  24  0.605  24  0.970  17  0.914   0.725 Y  0.450      SignalP-TM
fig|2005473.90.peg.120     0.822  24  0.898  24  0.988  12  0.969   0.931 Y  0.570      SignalP-noTM
fig|2005473.90.peg.1203    0.520  24  0.591  24  0.898   5  0.757   0.656 Y  0.450      SignalP-TM
fig|2005473.90.peg.1203    0.580  24  0.664  24  0.961  10  0.845   0.749 Y  0.570      SignalP-noTM
fig|2005473.90.peg.1204    0.451  32  0.572  32  0.966   9  0.834   0.674 Y  0.450      SignalP-TM
fig|2005473.90.peg.1204    0.837  26  0.900  26  0.980  13  0.961   0.929 Y  0.570      SignalP-noTM
fig|2005473.90.peg.1205    0.253  21  0.454  21  0.908  18  0.833   0.602 Y  0.450      SignalP-TM
fig|2005473.90.peg.1205    0.687  21  0.811  21  0.974  12  0.957   0.880 Y  0.570      SignalP-noTM
fig|2005473.90.peg.1206    0.380  21  0.492  21  0.821  17  0.695   0.587 Y  0.570      SignalP-noTM
fig|2005473.90.peg.1215    0.297  35  0.403  28  0.940  15  0.801   0.558 Y  0.450      SignalP-TM
fig|2005473.90.peg.1215    0.424  28  0.515  28  0.891  10  0.751   0.626 Y  0.570      SignalP-noTM
fig|2005473.90.peg.1217    0.430  34  0.543  34  0.944  19  0.809   0.647 Y  0.450      SignalP-TM
fig|2005473.90.peg.1217    0.585  34  0.670  22  0.980   8  0.951   0.802 Y  0.570      SignalP-noTM
fig|2005473.90.peg.1220    0.260  19  0.392  19  0.757  16  0.606   0.476 Y  0.450      SignalP-TM
fig|2005473.90.peg.1221    0.241  20  0.464  20  0.953   2  0.907   0.637 Y  0.450      SignalP-TM
fig|2005473.90.peg.1221    0.601  20  0.745  20  0.962  11  0.921   0.828 Y  0.570      SignalP-noTM
fig|2005473.90.peg.1222    0.501  21  0.644  21  0.905   4  0.850   0.724 Y  0.450      SignalP-TM
fig|2005473.90.peg.1222    0.859  21  0.892  21  0.949   8  0.933   0.911 Y  0.570      SignalP-noTM
fig|2005473.90.peg.1223    0.379  20  0.499  20  0.777  19  0.617   0.545 Y  0.450      SignalP-TM
fig|2005473.90.peg.1224    0.416  25  0.619  25  0.967  16  0.889   0.724 Y  0.450      SignalP-TM
fig|2005473.90.peg.1224    0.570  25  0.711  25  0.973  21  0.903   0.801 Y  0.570      SignalP-noTM
fig|2005473.90.peg.1231    0.205  20  0.416  20  0.924   1  0.867   0.592 Y  0.450      SignalP-TM
fig|2005473.90.peg.1231    0.422  20  0.612  20  0.936  10  0.893   0.744 Y  0.570      SignalP-noTM
fig|2005473.90.peg.1244    0.315  29  0.525  29  0.922  12  0.838   0.647 Y  0.450      SignalP-TM
fig|2005473.90.peg.1244    0.891  29  0.936  29  0.990  26  0.953   0.944 Y  0.570      SignalP-noTM
fig|2005473.90.peg.1245    0.185  24  0.387  24  0.918  23  0.816   0.589 Y  0.570      SignalP-noTM
fig|2005473.90.peg.1246    0.307  29  0.454  29  0.956   2  0.807   0.592 Y  0.450      SignalP-TM
fig|2005473.90.peg.1246    0.343  22  0.555  22  0.955   6  0.916   0.725 Y  0.570      SignalP-noTM
fig|2005473.90.peg.1247    0.244  27  0.381  19  0.939   2  0.916   0.632 Y  0.570      SignalP-noTM
fig|2005473.90.peg.125     0.279  27  0.390  27  0.802  17  0.552   0.453 Y  0.450      SignalP-TM
fig|2005473.90.peg.126     0.560  24  0.668  24  0.884  20  0.774   0.709 Y  0.450      SignalP-TM
fig|2005473.90.peg.126     0.781  24  0.849  24  0.961  21  0.925   0.885 Y  0.570      SignalP-noTM
fig|2005473.90.peg.1264    0.292  52  0.397  23  0.850   7  0.733   0.528 Y  0.450      SignalP-TM
fig|2005473.90.peg.1268    0.519  24  0.639  24  0.858  12  0.761   0.687 Y  0.450      SignalP-TM
fig|2005473.90.peg.1268    0.615  24  0.768  24  0.984  16  0.949   0.853 Y  0.570      SignalP-noTM
fig|2005473.90.peg.127     0.570  29  0.541  20  0.797  18  0.642   0.580 Y  0.450      SignalP-TM
fig|2005473.90.peg.1286    0.251  21  0.455  21  0.918   7  0.845   0.639 Y  0.570      SignalP-noTM
fig|2005473.90.peg.1287    0.630  26  0.761  26  0.947  19  0.901   0.815 Y  0.450      SignalP-TM
fig|2005473.90.peg.1287    0.685  26  0.771  26  0.954  18  0.894   0.829 Y  0.570      SignalP-noTM
fig|2005473.90.peg.1288    0.154  22  0.352  22  0.892  18  0.811   0.531 Y  0.450      SignalP-TM
fig|2005473.90.peg.1288    0.730  20  0.797  20  0.920  18  0.883   0.838 Y  0.570      SignalP-noTM
fig|2005473.90.peg.1299    0.173  28  0.350  21  0.805   2  0.740   0.502 Y  0.450      SignalP-TM
fig|2005473.90.peg.1299    0.372  21  0.573  21  0.954   6  0.901   0.727 Y  0.570      SignalP-noTM
fig|2005473.90.peg.1300    0.390  23  0.595  23  0.948  20  0.882   0.707 Y  0.450      SignalP-TM
fig|2005473.90.peg.1300    0.655  21  0.769  21  0.953  18  0.897   0.829 Y  0.570      SignalP-noTM
fig|2005473.90.peg.1301    0.160  27  0.299  27  0.878   7  0.688   0.451 Y  0.450      SignalP-TM
fig|2005473.90.peg.1301    0.178  21  0.387  21  0.915   4  0.864   0.611 Y  0.570      SignalP-noTM
fig|2005473.90.peg.1302    0.189  22  0.376  22  0.863  18  0.751   0.522 Y  0.450      SignalP-TM
fig|2005473.90.peg.1302    0.688  20  0.799  20  0.947  17  0.912   0.852 Y  0.570      SignalP-noTM
fig|2005473.90.peg.1303    0.270  24  0.390  24  0.766   6  0.621   0.480 Y  0.450      SignalP-TM
fig|2005473.90.peg.131     0.242  21  0.403  21  0.827   4  0.707   0.522 Y  0.450      SignalP-TM
fig|2005473.90.peg.131     0.437  21  0.606  21  0.934  14  0.863   0.727 Y  0.570      SignalP-noTM
fig|2005473.90.peg.1311    0.259  39  0.428  33  0.922  17  0.805   0.575 Y  0.450      SignalP-TM
fig|2005473.90.peg.1311    0.295  20  0.512  20  0.945  17  0.892   0.691 Y  0.570      SignalP-noTM
fig|2005473.90.peg.1314    0.136  26  0.335  20  0.901  11  0.844   0.574 Y  0.570      SignalP-noTM
fig|2005473.90.peg.1314    0.176  19  0.366  19  0.873  17  0.757   0.519 Y  0.450      SignalP-TM
fig|2005473.90.peg.136     0.516  22  0.682  22  0.954   6  0.906   0.770 Y  0.450      SignalP-TM
fig|2005473.90.peg.136     0.723  22  0.800  22  0.966  18  0.892   0.843 Y  0.570      SignalP-noTM
fig|2005473.90.peg.1360    0.232  21  0.418  21  0.848  16  0.754   0.549 Y  0.450      SignalP-TM
fig|2005473.90.peg.1360    0.837  21  0.874  21  0.962  17  0.908   0.890 Y  0.570      SignalP-noTM
fig|2005473.90.peg.1377    0.185  26  0.335  20  0.829  15  0.652   0.459 Y  0.450      SignalP-TM
fig|2005473.90.peg.1382    0.447  30  0.507  30  0.750  17  0.642   0.560 Y  0.450      SignalP-TM
fig|2005473.90.peg.1382    0.648  30  0.730  30  0.969  17  0.884   0.802 Y  0.570      SignalP-noTM
fig|2005473.90.peg.1391    0.188  25  0.406  22  0.963   7  0.921   0.648 Y  0.570      SignalP-noTM
fig|2005473.90.peg.1392    0.223  24  0.448  24  0.965   7  0.921   0.670 Y  0.570      SignalP-noTM
fig|2005473.90.peg.1394    0.246  19  0.446  19  0.922  14  0.804   0.614 Y  0.570      SignalP-noTM
fig|2005473.90.peg.1394    0.250  24  0.385  24  0.778   9  0.651   0.489 Y  0.450      SignalP-TM
fig|2005473.90.peg.1397    0.202  28  0.430  19  0.973  13  0.947   0.673 Y  0.570      SignalP-noTM
fig|2005473.90.peg.1397    0.290  28  0.482  28  0.968  13  0.857   0.628 Y  0.450      SignalP-TM
fig|2005473.90.peg.1404    0.171  20  0.398  20  0.954  10  0.922   0.603 Y  0.450      SignalP-TM
fig|2005473.90.peg.1404    0.510  20  0.703  20  0.979  18  0.957   0.822 Y  0.570      SignalP-noTM
fig|2005473.90.peg.1405    0.135  39  0.292  15  0.881   6  0.773   0.479 Y  0.450      SignalP-TM
fig|2005473.90.peg.1405    0.532  20  0.681  20  0.963   8  0.892   0.780 Y  0.570      SignalP-noTM
fig|2005473.90.peg.1406    0.268  24  0.424  24  0.772  20  0.652   0.513 Y  0.450      SignalP-TM
fig|2005473.90.peg.1407    0.133  29  0.292  13  0.881   7  0.821   0.498 Y  0.450      SignalP-TM
fig|2005473.90.peg.1411    0.273  21  0.458  21  0.900  20  0.764   0.602 Y  0.570      SignalP-noTM
fig|2005473.90.peg.1414    0.640  21  0.707  21  0.864  11  0.782   0.742 Y  0.570      SignalP-noTM
fig|2005473.90.peg.1439    0.332  31  0.462  31  0.770  24  0.513   0.482 Y  0.450      SignalP-TM
fig|2005473.90.peg.145     0.347  22  0.533  22  0.928  19  0.820   0.668 Y  0.570      SignalP-noTM
fig|2005473.90.peg.1451    0.626  24  0.665  24  0.903  20  0.782   0.720 Y  0.570      SignalP-noTM
fig|2005473.90.peg.1451    0.672  24  0.678  24  0.822  21  0.689   0.682 Y  0.450      SignalP-TM
fig|2005473.90.peg.1453    0.165  24  0.369  21  0.906   4  0.847   0.555 Y  0.450      SignalP-TM
fig|2005473.90.peg.1453    0.658  21  0.779  21  0.962  14  0.930   0.850 Y  0.570      SignalP-noTM
fig|2005473.90.peg.1458    0.748  20  0.806  20  0.939  17  0.863   0.833 Y  0.570      SignalP-noTM
fig|2005473.90.peg.1459    0.341  22  0.553  22  0.945  18  0.896   0.687 Y  0.450      SignalP-TM
fig|2005473.90.peg.1459    0.809  22  0.875  22  0.974  11  0.943   0.907 Y  0.570      SignalP-noTM
fig|2005473.90.peg.1462    0.344  23  0.549  23  0.938  12  0.892   0.711 Y  0.570      SignalP-noTM
fig|2005473.90.peg.1462    0.392  26  0.543  26  0.920   8  0.800   0.643 Y  0.450      SignalP-TM
fig|2005473.90.peg.147     0.280  18  0.430  18  0.765  17  0.673   0.525 Y  0.450      SignalP-TM
fig|2005473.90.peg.147     0.661  18  0.741  18  0.890  14  0.834   0.784 Y  0.570      SignalP-noTM
fig|2005473.90.peg.1473    0.458  22  0.619  22  0.898  19  0.845   0.707 Y  0.450      SignalP-TM
fig|2005473.90.peg.1473    0.802  22  0.857  22  0.950  12  0.905   0.880 Y  0.570      SignalP-noTM
fig|2005473.90.peg.1478    0.225  23  0.401  23  0.897   8  0.751   0.538 Y  0.450      SignalP-TM
fig|2005473.90.peg.1478    0.279  23  0.473  23  0.950  16  0.843   0.647 Y  0.570      SignalP-noTM
fig|2005473.90.peg.1481    0.148  31  0.316  19  0.916  18  0.816   0.511 Y  0.450      SignalP-TM
fig|2005473.90.peg.1481    0.599  20  0.734  20  0.937  18  0.896   0.810 Y  0.570      SignalP-noTM
fig|2005473.90.peg.1482    0.178  19  0.390  19  0.917   3  0.866   0.613 Y  0.570      SignalP-noTM
fig|2005473.90.peg.1482    0.258  28  0.435  28  0.927  18  0.795   0.575 Y  0.450      SignalP-TM
fig|2005473.90.peg.1492    0.180  31  0.330  24  0.888  11  0.806   0.516 Y  0.450      SignalP-TM
fig|2005473.90.peg.1492    0.222  25  0.446  22  0.966   4  0.946   0.681 Y  0.570      SignalP-noTM
fig|2005473.90.peg.1493    0.413  29  0.504  29  0.864  12  0.668   0.568 Y  0.450      SignalP-TM
fig|2005473.90.peg.1493    0.650  29  0.680  29  0.975  12  0.840   0.756 Y  0.570      SignalP-noTM
fig|2005473.90.peg.1495    0.421  25  0.513  25  0.835  17  0.684   0.580 Y  0.450      SignalP-TM
fig|2005473.90.peg.1495    0.735  20  0.833  20  0.965  18  0.927   0.877 Y  0.570      SignalP-noTM
fig|2005473.90.peg.1496    0.129  21  0.307  18  0.835   9  0.756   0.482 Y  0.450      SignalP-TM
fig|2005473.90.peg.1496    0.441  21  0.641  21  0.963  17  0.921   0.773 Y  0.570      SignalP-noTM
fig|2005473.90.peg.1497    0.422  35  0.381  19  0.932  16  0.866   0.570 Y  0.450      SignalP-TM
fig|2005473.90.peg.1497    0.775  19  0.863  19  0.972  16  0.949   0.904 Y  0.570      SignalP-noTM
fig|2005473.90.peg.150     0.732  19  0.751  19  0.874  17  0.735   0.743 Y  0.570      SignalP-noTM
fig|2005473.90.peg.1506    0.122  45  0.271  11  0.852   3  0.737   0.453 Y  0.450      SignalP-TM
fig|2005473.90.peg.1512    0.146  28  0.300  12  0.921   4  0.890   0.530 Y  0.450      SignalP-TM
fig|2005473.90.peg.1512    0.289  23  0.481  23  0.922   8  0.845   0.652 Y  0.570      SignalP-noTM
fig|2005473.90.peg.1513    0.383  19  0.561  19  0.913  18  0.838   0.691 Y  0.570      SignalP-noTM
fig|2005473.90.peg.1519    0.249  26  0.413  26  0.949  11  0.811   0.600 Y  0.570      SignalP-noTM
fig|2005473.90.peg.1519    0.456  26  0.643  26  0.961  12  0.910   0.747 Y  0.450      SignalP-TM
fig|2005473.90.peg.1523    0.345  23  0.528  21  0.946  13  0.869   0.688 Y  0.570      SignalP-noTM
fig|2005473.90.peg.1523    0.615  31  0.637  31  0.873   8  0.731   0.674 Y  0.450      SignalP-TM
fig|2005473.90.peg.1525    0.383  22  0.562  22  0.887  19  0.829   0.666 Y  0.450      SignalP-TM
fig|2005473.90.peg.1525    0.756  22  0.815  22  0.930   1  0.889   0.850 Y  0.570      SignalP-noTM
fig|2005473.90.peg.1527    0.160  46  0.292  19  0.890  14  0.816   0.497 Y  0.450      SignalP-TM
fig|2005473.90.peg.1528    0.154  27  0.368  27  0.940  12  0.870   0.604 Y  0.570      SignalP-noTM
fig|2005473.90.peg.1528    0.201  29  0.406  29  0.863  24  0.755   0.542 Y  0.450      SignalP-TM
fig|2005473.90.peg.1529    0.296  32  0.414  29  0.902   7  0.723   0.535 Y  0.450      SignalP-TM
fig|2005473.90.peg.1529    0.746  22  0.786  22  0.938  12  0.865   0.823 Y  0.570      SignalP-noTM
fig|2005473.90.peg.1530    0.164  21  0.347  21  0.879   3  0.761   0.509 Y  0.450      SignalP-TM
fig|2005473.90.peg.1530    0.381  21  0.561  21  0.936  17  0.824   0.685 Y  0.570      SignalP-noTM
fig|2005473.90.peg.1531    0.168  24  0.331  24  0.838  19  0.649   0.455 Y  0.450      SignalP-TM
fig|2005473.90.peg.1531    0.209  24  0.397  21  0.907  17  0.852   0.611 Y  0.570      SignalP-noTM
fig|2005473.90.peg.1532    0.550  32  0.563  32  0.927   3  0.749   0.636 Y  0.450      SignalP-TM
fig|2005473.90.peg.1532    0.655  20  0.782  20  0.957  10  0.930   0.851 Y  0.570      SignalP-noTM
fig|2005473.90.peg.1533    0.254  32  0.410  20  0.925   3  0.896   0.599 Y  0.450      SignalP-TM
fig|2005473.90.peg.1533    0.716  20  0.829  20  0.979  10  0.951   0.887 Y  0.570      SignalP-noTM
fig|2005473.90.peg.1535    0.205  23  0.405  23  0.936   7  0.854   0.616 Y  0.570      SignalP-noTM
fig|2005473.90.peg.1535    0.240  34  0.319  23  0.944   4  0.775   0.497 Y  0.450      SignalP-TM
fig|2005473.90.peg.1539    0.394  21  0.509  21  0.795  18  0.545   0.523 Y  0.450      SignalP-TM
fig|2005473.90.peg.1552    0.294  22  0.503  22  0.921  19  0.868   0.674 Y  0.570      SignalP-noTM
fig|2005473.90.peg.1552    0.297  24  0.430  24  0.711  17  0.616   0.502 Y  0.450      SignalP-TM
fig|2005473.90.peg.1559    0.292  21  0.455  21  0.880   6  0.763   0.575 Y  0.450      SignalP-TM
fig|2005473.90.peg.1559    0.537  21  0.638  21  0.911   1  0.799   0.714 Y  0.570      SignalP-noTM
fig|2005473.90.peg.1561    0.537  24  0.516  24  0.679  19  0.504   0.512 Y  0.510      SignalP-TM
fig|2005473.90.peg.1561    0.663  24  0.685  24  0.812  21  0.706   0.693 Y  0.450      SignalP-TM
fig|2005473.90.peg.1563    0.517  22  0.572  22  0.819  18  0.674   0.612 Y  0.450      SignalP-TM
fig|2005473.90.peg.1563    0.683  22  0.765  22  0.907   7  0.869   0.814 Y  0.570      SignalP-noTM
fig|2005473.90.peg.1574    0.689  29  0.727  29  0.885  20  0.613   0.682 Y  0.450      SignalP-TM
fig|2005473.90.peg.1574    0.842  29  0.870  29  0.959  17  0.902   0.885 Y  0.570      SignalP-noTM
fig|2005473.90.peg.1575    0.324  22  0.478  22  0.884  19  0.735   0.578 Y  0.450      SignalP-TM
fig|2005473.90.peg.1575    0.373  21  0.585  21  0.957  19  0.911   0.738 Y  0.570      SignalP-noTM
fig|2005473.90.peg.1576    0.248  20  0.465  20  0.942   3  0.889   0.630 Y  0.450      SignalP-TM
fig|2005473.90.peg.1576    0.365  20  0.545  20  0.902   1  0.825   0.676 Y  0.570      SignalP-noTM
fig|2005473.90.peg.1580    0.155  22  0.353  22  0.897   7  0.821   0.536 Y  0.450      SignalP-TM
fig|2005473.90.peg.1580    0.591  22  0.732  22  0.961  20  0.905   0.814 Y  0.570      SignalP-noTM
fig|2005473.90.peg.1583    0.310  33  0.444  24  0.953  16  0.896   0.620 Y  0.450      SignalP-TM
fig|2005473.90.peg.1583    0.339  22  0.574  22  0.979  15  0.957   0.754 Y  0.570      SignalP-noTM
fig|2005473.90.peg.159     0.554  42  0.512  42  0.818  27  0.502   0.508 Y  0.450      SignalP-TM
fig|2005473.90.peg.1595    0.422  29  0.632  29  0.980  19  0.946   0.780 Y  0.570      SignalP-noTM
fig|2005473.90.peg.1595    0.726  35  0.772  35  0.941  20  0.859   0.806 Y  0.450      SignalP-TM
fig|2005473.90.peg.1597    0.258  30  0.474  30  0.971  15  0.895   0.638 Y  0.450      SignalP-TM
fig|2005473.90.peg.1597    0.474  30  0.569  30  0.955  16  0.822   0.688 Y  0.570      SignalP-noTM
fig|2005473.90.peg.1599    0.215  30  0.349  30  0.861  19  0.627   0.457 Y  0.450      SignalP-TM
fig|2005473.90.peg.1599    0.258  21  0.457  21  0.896  19  0.808   0.622 Y  0.570      SignalP-noTM
fig|2005473.90.peg.1603    0.203  53  0.322  27  0.826   3  0.718   0.477 Y  0.450      SignalP-TM
fig|2005473.90.peg.1603    0.388  20  0.593  20  0.952  11  0.891   0.733 Y  0.570      SignalP-noTM
fig|2005473.90.peg.1605    0.342  33  0.402  25  0.748  21  0.558   0.463 Y  0.450      SignalP-TM
fig|2005473.90.peg.1605    0.445  25  0.615  25  0.922  21  0.850   0.726 Y  0.570      SignalP-noTM
fig|2005473.90.peg.1607    0.206  43  0.410  29  0.946  11  0.884   0.595 Y  0.450      SignalP-TM
fig|2005473.90.peg.1607    0.584  29  0.685  29  0.894  17  0.777   0.719 Y  0.510      SignalP-TM
fig|2005473.90.peg.1608    0.419  23  0.609  23  0.922  18  0.837   0.698 Y  0.450      SignalP-TM
fig|2005473.90.peg.1608    0.551  25  0.715  25  0.973  21  0.928   0.815 Y  0.570      SignalP-noTM
fig|2005473.90.peg.1610    0.265  29  0.495  29  0.970  17  0.891   0.681 Y  0.570      SignalP-noTM
fig|2005473.90.peg.1616    0.184  30  0.350  30  0.925  13  0.760   0.510 Y  0.450      SignalP-TM
fig|2005473.90.peg.1616    0.240  26  0.441  26  0.957  14  0.863   0.639 Y  0.570      SignalP-noTM
fig|2005473.90.peg.1629    0.337  24  0.531  24  0.951   5  0.883   0.696 Y  0.570      SignalP-noTM
fig|2005473.90.peg.1629    0.441  24  0.602  24  0.921  14  0.815   0.685 Y  0.450      SignalP-TM
fig|2005473.90.peg.1630    0.459  22  0.627  22  0.939   3  0.882   0.727 Y  0.450      SignalP-TM
fig|2005473.90.peg.1630    0.641  22  0.737  22  0.951  10  0.879   0.804 Y  0.570      SignalP-noTM
fig|2005473.90.peg.1631    0.144  28  0.281  11  0.836   2  0.789   0.479 Y  0.450      SignalP-TM
fig|2005473.90.peg.1632    0.196  19  0.410  19  0.932   5  0.875   0.591 Y  0.450      SignalP-TM
fig|2005473.90.peg.1632    0.438  19  0.633  19  0.949  10  0.914   0.765 Y  0.570      SignalP-noTM
fig|2005473.90.peg.1633    0.188  18  0.416  18  0.945  15  0.913   0.650 Y  0.570      SignalP-noTM
fig|2005473.90.peg.1633    0.229  24  0.412  24  0.916  17  0.749   0.544 Y  0.450      SignalP-TM
fig|2005473.90.peg.1649    0.246  20  0.478  20  0.968  19  0.919   0.650 Y  0.450      SignalP-TM
fig|2005473.90.peg.1649    0.569  20  0.719  20  0.945  13  0.896   0.802 Y  0.570      SignalP-noTM
fig|2005473.90.peg.1660    0.171  25  0.361  25  0.822  21  0.743   0.510 Y  0.450      SignalP-TM
fig|2005473.90.peg.1660    0.216  22  0.411  22  0.935  16  0.819   0.603 Y  0.570      SignalP-noTM
fig|2005473.90.peg.167     0.345  24  0.483  24  0.758  18  0.635   0.542 Y  0.450      SignalP-TM
fig|2005473.90.peg.167     0.526  24  0.648  24  0.890  17  0.823   0.730 Y  0.570      SignalP-noTM
fig|2005473.90.peg.1674    0.415  25  0.580  25  0.953  15  0.862   0.713 Y  0.570      SignalP-noTM
fig|2005473.90.peg.1674    0.548  25  0.712  25  0.964  15  0.923   0.794 Y  0.450      SignalP-TM
fig|2005473.90.peg.1677    0.544  27  0.657  27  0.930  12  0.825   0.723 Y  0.450      SignalP-TM
fig|2005473.90.peg.1677    0.605  27  0.694  27  0.957  10  0.867   0.775 Y  0.570      SignalP-noTM
fig|2005473.90.peg.168     0.350  26  0.512  26  0.866   1  0.760   0.609 Y  0.450      SignalP-TM
fig|2005473.90.peg.168     0.450  24  0.537  24  0.824  18  0.685   0.607 Y  0.570      SignalP-noTM
fig|2005473.90.peg.1687    0.215  21  0.412  21  0.894  19  0.774   0.553 Y  0.450      SignalP-TM
fig|2005473.90.peg.1687    0.483  21  0.642  21  0.936  19  0.843   0.737 Y  0.570      SignalP-noTM
fig|2005473.90.peg.1688    0.665  23  0.732  23  0.910  21  0.820   0.773 Y  0.570      SignalP-noTM
fig|2005473.90.peg.1693    0.672  23  0.752  23  0.945  19  0.770   0.759 Y  0.450      SignalP-TM
fig|2005473.90.peg.1693    0.885  23  0.901  23  0.955  17  0.900   0.901 Y  0.570      SignalP-noTM
fig|2005473.90.peg.1695    0.304  22  0.529  22  0.952  18  0.898   0.673 Y  0.450      SignalP-TM
fig|2005473.90.peg.1695    0.378  22  0.605  22  0.978  11  0.954   0.769 Y  0.570      SignalP-noTM
fig|2005473.90.peg.1696    0.163  22  0.365  22  0.909   8  0.837   0.549 Y  0.450      SignalP-TM
fig|2005473.90.peg.1696    0.187  22  0.416  22  0.946  20  0.926   0.655 Y  0.570      SignalP-noTM
fig|2005473.90.peg.1697    0.240  23  0.462  23  0.949  20  0.875   0.623 Y  0.450      SignalP-TM
fig|2005473.90.peg.1697    0.781  23  0.830  23  0.947  20  0.876   0.852 Y  0.570      SignalP-noTM
fig|2005473.90.peg.1698    0.704  30  0.783  30  0.970  16  0.898   0.828 Y  0.450      SignalP-TM
fig|2005473.90.peg.1698    0.754  30  0.840  30  0.989  18  0.929   0.882 Y  0.570      SignalP-noTM
fig|2005473.90.peg.1699    0.183  32  0.331  29  0.814  22  0.684   0.469 Y  0.450      SignalP-TM
fig|2005473.90.peg.1699    0.372  27  0.552  27  0.939   3  0.856   0.695 Y  0.570      SignalP-noTM
fig|2005473.90.peg.1700    0.749  35  0.687  35  0.876  31  0.490   0.610 Y  0.450      SignalP-TM
fig|2005473.90.peg.1700    0.844  35  0.887  35  0.961  31  0.835   0.862 Y  0.570      SignalP-noTM
fig|2005473.90.peg.1701    0.217  25  0.403  25  0.872  11  0.722   0.527 Y  0.450      SignalP-TM
fig|2005473.90.peg.1701    0.632  25  0.727  25  0.940  10  0.825   0.773 Y  0.570      SignalP-noTM
fig|2005473.90.peg.1702    0.345  30  0.519  30  0.922  28  0.710   0.609 Y  0.570      SignalP-noTM
fig|2005473.90.peg.1704    0.195  25  0.406  22  0.944   8  0.907   0.641 Y  0.570      SignalP-noTM
fig|2005473.90.peg.1704    0.210  64  0.298  22  0.890   7  0.766   0.480 Y  0.450      SignalP-TM
fig|2005473.90.peg.1709    0.185  22  0.406  22  0.926  17  0.869   0.586 Y  0.450      SignalP-TM
fig|2005473.90.peg.1709    0.407  22  0.594  22  0.927  18  0.867   0.722 Y  0.570      SignalP-noTM
fig|2005473.90.peg.1712    0.253  30  0.371  30  0.853  12  0.661   0.484 Y  0.450      SignalP-TM
fig|2005473.90.peg.1712    0.499  23  0.636  23  0.882  21  0.809   0.717 Y  0.570      SignalP-noTM
fig|2005473.90.peg.1725    0.476  29  0.539  29  0.791  11  0.672   0.591 Y  0.450      SignalP-TM
fig|2005473.90.peg.1731    0.236  20  0.459  20  0.937   8  0.905   0.633 Y  0.450      SignalP-TM
fig|2005473.90.peg.1731    0.526  20  0.663  20  0.918   1  0.843   0.748 Y  0.570      SignalP-noTM
fig|2005473.90.peg.1732    0.308  21  0.530  21  0.961  16  0.909   0.708 Y  0.570      SignalP-noTM
fig|2005473.90.peg.1732    0.315  21  0.482  21  0.860   4  0.754   0.588 Y  0.450      SignalP-TM
fig|2005473.90.peg.1734    0.144  30  0.307  20  0.829   4  0.716   0.467 Y  0.450      SignalP-TM
fig|2005473.90.peg.1735    0.486  35  0.608  35  0.883  28  0.689   0.640 Y  0.450      SignalP-TM
fig|2005473.90.peg.1735    0.621  35  0.651  35  0.872  28  0.624   0.638 Y  0.570      SignalP-noTM
fig|2005473.90.peg.1736    0.240  23  0.430  23  0.892  21  0.793   0.600 Y  0.570      SignalP-noTM
fig|2005473.90.peg.1737    0.213  29  0.359  17  0.911   2  0.861   0.595 Y  0.570      SignalP-noTM
fig|2005473.90.peg.1737    0.704  29  0.572  29  0.682   2  0.512   0.548 Y  0.450      SignalP-TM
fig|2005473.90.peg.1738    0.328  28  0.436  28  0.784   8  0.616   0.506 Y  0.450      SignalP-TM
fig|2005473.90.peg.1738    0.352  26  0.552  26  0.937  22  0.877   0.705 Y  0.570      SignalP-noTM
fig|2005473.90.peg.1739    0.491  28  0.569  28  0.865  17  0.706   0.623 Y  0.450      SignalP-TM
fig|2005473.90.peg.1739    0.582  19  0.741  19  0.962  10  0.943   0.836 Y  0.570      SignalP-noTM
fig|2005473.90.peg.1740    0.688  20  0.702  20  0.867  18  0.736   0.718 Y  0.570      SignalP-noTM
fig|2005473.90.peg.1741    0.179  26  0.363  26  0.933   7  0.811   0.537 Y  0.450      SignalP-TM
fig|2005473.90.peg.1741    0.713  20  0.836  20  0.987  11  0.968   0.898 Y  0.570      SignalP-noTM
fig|2005473.90.peg.1762    0.175  26  0.375  24  0.940   6  0.833   0.590 Y  0.570      SignalP-noTM
fig|2005473.90.peg.1762    0.496  35  0.612  35  0.855  16  0.765   0.671 Y  0.450      SignalP-TM
fig|2005473.90.peg.1813    0.537  23  0.685  23  0.970   8  0.907   0.790 Y  0.570      SignalP-noTM
fig|2005473.90.peg.1821    0.195  20  0.406  20  0.898  13  0.860   0.619 Y  0.570      SignalP-noTM
fig|2005473.90.peg.1825    0.224  21  0.416  21  0.887  17  0.794   0.563 Y  0.450      SignalP-TM
fig|2005473.90.peg.1825    0.304  21  0.523  21  0.955  17  0.914   0.707 Y  0.570      SignalP-noTM
fig|2005473.90.peg.1829    0.181  29  0.331  29  0.917  16  0.718   0.482 Y  0.450      SignalP-TM
fig|2005473.90.peg.1831    0.329  25  0.541  25  0.960  11  0.872   0.670 Y  0.450      SignalP-TM
fig|2005473.90.peg.1831    0.539  25  0.664  25  0.956  20  0.852   0.752 Y  0.570      SignalP-noTM
fig|2005473.90.peg.1866    0.223  25  0.417  25  0.938  12  0.852   0.622 Y  0.570      SignalP-noTM
fig|2005473.90.peg.1866    0.234  34  0.397  25  0.948  10  0.888   0.588 Y  0.450      SignalP-TM
fig|2005473.90.peg.1867    0.166  26  0.327  26  0.929  10  0.752   0.493 Y  0.450      SignalP-TM
fig|2005473.90.peg.1870    0.190  27  0.344  27  0.761  10  0.669   0.471 Y  0.450      SignalP-TM
fig|2005473.90.peg.1870    0.235  25  0.446  25  0.937  20  0.873   0.646 Y  0.570      SignalP-noTM
fig|2005473.90.peg.1878    0.435  31  0.542  31  0.856  25  0.696   0.602 Y  0.450      SignalP-TM
fig|2005473.90.peg.1878    0.595  31  0.642  31  0.924   8  0.772   0.703 Y  0.570      SignalP-noTM
fig|2005473.90.peg.1880    0.299  29  0.480  29  0.965  11  0.873   0.665 Y  0.570      SignalP-noTM
fig|2005473.90.peg.1880    0.428  31  0.590  31  0.966  16  0.885   0.705 Y  0.450      SignalP-TM
fig|2005473.90.peg.1882    0.438  26  0.642  26  0.957  16  0.926   0.752 Y  0.450      SignalP-TM
fig|2005473.90.peg.1882    0.520  26  0.664  26  0.920   6  0.870   0.761 Y  0.570      SignalP-noTM
fig|2005473.90.peg.1888    0.243  23  0.446  23  0.897  18  0.840   0.600 Y  0.450      SignalP-TM
fig|2005473.90.peg.1888    0.367  23  0.578  23  0.967  15  0.924   0.741 Y  0.570      SignalP-noTM
fig|2005473.90.peg.1897    0.204  35  0.399  18  0.884  17  0.821   0.564 Y  0.450      SignalP-TM
fig|2005473.90.peg.1897    0.346  18  0.552  18  0.945  16  0.887   0.709 Y  0.570      SignalP-noTM
fig|2005473.90.peg.190     0.201  31  0.395  27  0.917  16  0.787   0.548 Y  0.450      SignalP-TM
fig|2005473.90.peg.190     0.308  26  0.482  26  0.936  20  0.794   0.629 Y  0.570      SignalP-noTM
fig|2005473.90.peg.1900    0.347  21  0.489  21  0.846  19  0.694   0.569 Y  0.450      SignalP-TM
fig|2005473.90.peg.1900    0.741  21  0.762  21  0.879  12  0.788   0.774 Y  0.570      SignalP-noTM
fig|2005473.90.peg.1905    0.177  30  0.327  22  0.825  17  0.713   0.478 Y  0.450      SignalP-TM
fig|2005473.90.peg.1905    0.575  22  0.736  22  0.978  18  0.929   0.827 Y  0.570      SignalP-noTM
fig|2005473.90.peg.1919    0.153  31  0.309  21  0.814  20  0.710   0.465 Y  0.450      SignalP-TM
fig|2005473.90.peg.1919    0.159  19  0.364  19  0.915   6  0.856   0.595 Y  0.570      SignalP-noTM
fig|2005473.90.peg.1921    0.341  17  0.500  17  0.813  11  0.729   0.607 Y  0.570      SignalP-noTM
fig|2005473.90.peg.1923    0.336  18  0.554  18  0.963  16  0.914   0.723 Y  0.570      SignalP-noTM
fig|2005473.90.peg.1926    0.269  21  0.415  21  0.745  14  0.632   0.500 Y  0.450      SignalP-TM
fig|2005473.90.peg.1943    0.583  24  0.566  24  0.685  20  0.574   0.569 Y  0.450      SignalP-TM
fig|2005473.90.peg.1943    0.821  24  0.779  24  0.884  20  0.766   0.773 Y  0.570      SignalP-noTM
fig|2005473.90.peg.1949    0.615  25  0.709  25  0.925  16  0.857   0.779 Y  0.570      SignalP-noTM
fig|2005473.90.peg.1949    0.616  25  0.707  25  0.868   6  0.804   0.745 Y  0.450      SignalP-TM
fig|2005473.90.peg.1951    0.287  25  0.462  25  0.901  17  0.738   0.569 Y  0.450      SignalP-TM
fig|2005473.90.peg.1951    0.451  19  0.620  19  0.949  16  0.822   0.715 Y  0.570      SignalP-noTM
fig|2005473.90.peg.1953    0.539  21  0.651  21  0.925   5  0.827   0.720 Y  0.450      SignalP-TM
fig|2005473.90.peg.1953    0.783  21  0.861  21  0.974  17  0.944   0.900 Y  0.570      SignalP-noTM
fig|2005473.90.peg.1972    0.170  23  0.372  23  0.933  16  0.807   0.542 Y  0.450      SignalP-TM
fig|2005473.90.peg.1972    0.285  22  0.504  22  0.941  12  0.897   0.689 Y  0.570      SignalP-noTM
fig|2005473.90.peg.2       0.433  21  0.484  21  0.768  19  0.551   0.510 Y  0.450      SignalP-TM
fig|2005473.90.peg.2036    0.279  22  0.446  22  0.855   1  0.726   0.578 Y  0.570      SignalP-noTM
fig|2005473.90.peg.2036    0.477  33  0.479  24  0.852  18  0.767   0.592 Y  0.450      SignalP-TM
fig|2005473.90.peg.2043    0.504  25  0.621  25  0.878   6  0.794   0.702 Y  0.570      SignalP-noTM
fig|2005473.90.peg.2043    0.507  25  0.575  25  0.804   7  0.688   0.619 Y  0.450      SignalP-TM
fig|2005473.90.peg.2058    0.371  22  0.554  22  0.868   7  0.825   0.660 Y  0.450      SignalP-TM
fig|2005473.90.peg.2058    0.602  22  0.718  22  0.885  18  0.829   0.759 Y  0.510      SignalP-TM
fig|2005473.90.peg.206     0.490  28  0.558  28  0.920  16  0.704   0.627 Y  0.570      SignalP-noTM
fig|2005473.90.peg.206     0.566  28  0.613  28  0.853  15  0.715   0.653 Y  0.450      SignalP-TM
fig|2005473.90.peg.2062    0.572  29  0.598  29  0.789  14  0.686   0.632 Y  0.450      SignalP-TM
fig|2005473.90.peg.2062    0.808  29  0.851  29  0.979  19  0.927   0.887 Y  0.570      SignalP-noTM
fig|2005473.90.peg.2067    0.711  23  0.813  23  0.965  16  0.888   0.842 Y  0.450      SignalP-TM
fig|2005473.90.peg.2067    0.862  23  0.871  23  0.917   7  0.887   0.878 Y  0.570      SignalP-noTM
fig|2005473.90.peg.2068    0.447  18  0.557  18  0.826  15  0.660   0.597 Y  0.450      SignalP-TM
fig|2005473.90.peg.2068    0.831  18  0.851  18  0.911   8  0.861   0.856 Y  0.570      SignalP-noTM
fig|2005473.90.peg.207     0.238  21  0.464  21  0.950  19  0.895   0.632 Y  0.450      SignalP-TM
fig|2005473.90.peg.207     0.371  21  0.592  21  0.961  19  0.932   0.752 Y  0.570      SignalP-noTM
fig|2005473.90.peg.2072    0.697  23  0.661  23  0.927   6  0.734   0.689 Y  0.450      SignalP-TM
fig|2005473.90.peg.2072    0.809  23  0.854  23  0.977  15  0.920   0.885 Y  0.570      SignalP-noTM
fig|2005473.90.peg.2082    0.243  25  0.419  25  0.943  16  0.816   0.605 Y  0.570      SignalP-noTM
fig|2005473.90.peg.2082    0.373  27  0.548  27  0.934  10  0.845   0.664 Y  0.450      SignalP-TM
fig|2005473.90.peg.2094    0.624  21  0.694  21  0.907  18  0.782   0.728 Y  0.450      SignalP-TM
fig|2005473.90.peg.2094    0.848  21  0.810  21  0.845   1  0.779   0.796 Y  0.570      SignalP-noTM
fig|2005473.90.peg.2095    0.184  20  0.353  20  0.792  12  0.694   0.486 Y  0.450      SignalP-TM
fig|2005473.90.peg.210     0.645  22  0.646  22  0.827   5  0.685   0.662 Y  0.450      SignalP-TM
fig|2005473.90.peg.210     0.786  22  0.769  22  0.919  18  0.757   0.763 Y  0.570      SignalP-noTM
fig|2005473.90.peg.2107    0.239  21  0.422  21  0.873   2  0.740   0.571 Y  0.570      SignalP-noTM
fig|2005473.90.peg.2107    0.310  23  0.499  23  0.903  18  0.759   0.600 Y  0.450      SignalP-TM
fig|2005473.90.peg.2116    0.224  25  0.371  25  0.738   6  0.643   0.477 Y  0.450      SignalP-TM
fig|2005473.90.peg.2121    0.300  23  0.436  23  0.832   6  0.695   0.537 Y  0.450      SignalP-TM
fig|2005473.90.peg.2121    0.680  20  0.801  20  0.964  18  0.935   0.864 Y  0.570      SignalP-noTM
fig|2005473.90.peg.2132    0.223  25  0.432  25  0.954  17  0.852   0.596 Y  0.450      SignalP-TM
fig|2005473.90.peg.2132    0.535  19  0.716  19  0.977  16  0.953   0.828 Y  0.570      SignalP-noTM
fig|2005473.90.peg.2139    0.408  29  0.539  29  0.939  21  0.717   0.609 Y  0.450      SignalP-TM
fig|2005473.90.peg.2139    0.645  23  0.737  23  0.969  21  0.837   0.784 Y  0.570      SignalP-noTM
fig|2005473.90.peg.2142    0.367  33  0.516  21  0.951   1  0.885   0.689 Y  0.570      SignalP-noTM
fig|2005473.90.peg.2142    0.519  33  0.515  33  0.913  17  0.692   0.584 Y  0.450      SignalP-TM
fig|2005473.90.peg.2143    0.191  29  0.328  29  0.873  12  0.706   0.475 Y  0.450      SignalP-TM
fig|2005473.90.peg.2144    0.319  28  0.461  21  0.898   8  0.849   0.612 Y  0.450      SignalP-TM
fig|2005473.90.peg.2144    0.558  21  0.700  21  0.955  10  0.889   0.789 Y  0.570      SignalP-noTM
fig|2005473.90.peg.2152    0.262  20  0.474  20  0.917  11  0.847   0.649 Y  0.570      SignalP-noTM
fig|2005473.90.peg.2152    0.292  21  0.461  21  0.879   1  0.776   0.584 Y  0.450      SignalP-TM
fig|2005473.90.peg.2154    0.613  21  0.682  21  0.844   8  0.766   0.715 Y  0.450      SignalP-TM
fig|2005473.90.peg.2154    0.868  21  0.901  21  0.974  18  0.909   0.905 Y  0.570      SignalP-noTM
fig|2005473.90.peg.2160    0.355  24  0.550  24  0.928  17  0.854   0.668 Y  0.450      SignalP-TM
fig|2005473.90.peg.2160    0.447  24  0.609  24  0.955  18  0.876   0.734 Y  0.570      SignalP-noTM
fig|2005473.90.peg.219     0.224  58  0.366  25  0.783  14  0.653   0.478 Y  0.450      SignalP-TM
fig|2005473.90.peg.2198    0.262  22  0.396  22  0.752   8  0.635   0.489 Y  0.450      SignalP-TM
fig|2005473.90.peg.2198    0.861  22  0.867  22  0.904  18  0.872   0.869 Y  0.570      SignalP-noTM
fig|2005473.90.peg.2202    0.199  21  0.364  21  0.879   6  0.718   0.502 Y  0.450      SignalP-TM
fig|2005473.90.peg.2202    0.629  21  0.757  21  0.951   7  0.918   0.832 Y  0.570      SignalP-noTM
fig|2005473.90.peg.2206    0.163  29  0.329  23  0.869  19  0.765   0.499 Y  0.450      SignalP-TM
fig|2005473.90.peg.2206    0.313  22  0.536  22  0.950  20  0.920   0.716 Y  0.570      SignalP-noTM
fig|2005473.90.peg.2207    0.179  25  0.338  25  0.826  18  0.674   0.469 Y  0.450      SignalP-TM
fig|2005473.90.peg.2208    0.225  26  0.413  26  0.868   7  0.765   0.550 Y  0.450      SignalP-TM
fig|2005473.90.peg.2208    0.302  26  0.497  26  0.919  14  0.839   0.658 Y  0.570      SignalP-noTM
fig|2005473.90.peg.2209    0.337  21  0.525  21  0.924   3  0.841   0.648 Y  0.450      SignalP-TM
fig|2005473.90.peg.2209    0.847  21  0.910  21  0.989  11  0.969   0.938 Y  0.570      SignalP-noTM
fig|2005473.90.peg.2214    0.480  28  0.484  28  0.715  25  0.432   0.464 Y  0.450      SignalP-TM
fig|2005473.90.peg.2218    0.284  19  0.477  19  0.920  15  0.807   0.632 Y  0.570      SignalP-noTM
fig|2005473.90.peg.2219    0.315  18  0.517  18  0.944   1  0.861   0.679 Y  0.570      SignalP-noTM
fig|2005473.90.peg.2219    0.338  27  0.476  27  0.890  12  0.753   0.584 Y  0.450      SignalP-TM
fig|2005473.90.peg.2220    0.316  17  0.464  17  0.863  13  0.690   0.570 Y  0.570      SignalP-noTM
fig|2005473.90.peg.2221    0.245  20  0.439  20  0.865  16  0.780   0.572 Y  0.450      SignalP-TM
fig|2005473.90.peg.2221    0.695  20  0.780  20  0.899   7  0.876   0.825 Y  0.570      SignalP-noTM
fig|2005473.90.peg.2224    0.311  23  0.523  23  0.931  17  0.850   0.677 Y  0.570      SignalP-noTM
fig|2005473.90.peg.2225    0.230  24  0.367  24  0.807   7  0.632   0.470 Y  0.450      SignalP-TM
fig|2005473.90.peg.2225    0.613  24  0.699  24  0.909  20  0.800   0.746 Y  0.570      SignalP-noTM
fig|2005473.90.peg.2226    0.185  22  0.405  22  0.939  15  0.893   0.634 Y  0.570      SignalP-noTM
fig|2005473.90.peg.2226    0.191  23  0.375  23  0.820  20  0.743   0.518 Y  0.450      SignalP-TM
fig|2005473.90.peg.2228    0.211  21  0.351  21  0.819   4  0.643   0.465 Y  0.450      SignalP-TM
fig|2005473.90.peg.2228    0.395  21  0.532  21  0.896   1  0.766   0.642 Y  0.570      SignalP-noTM
fig|2005473.90.peg.2231    0.139  27  0.311  26  0.881   7  0.776   0.492 Y  0.450      SignalP-TM
fig|2005473.90.peg.2232    0.198  31  0.375  21  0.898  19  0.864   0.566 Y  0.450      SignalP-TM
fig|2005473.90.peg.2232    0.215  22  0.427  22  0.937  20  0.859   0.630 Y  0.570      SignalP-noTM
fig|2005473.90.peg.2233    0.517  25  0.571  25  0.755  17  0.652   0.609 Y  0.570      SignalP-noTM
fig|2005473.90.peg.2234    0.163  25  0.313  25  0.844   8  0.670   0.452 Y  0.450      SignalP-TM
fig|2005473.90.peg.2234    0.224  25  0.409  25  0.913   4  0.811   0.598 Y  0.570      SignalP-noTM
fig|2005473.90.peg.2235    0.275  27  0.424  27  0.790  20  0.651   0.513 Y  0.450      SignalP-TM
fig|2005473.90.peg.2235    0.739  27  0.793  27  0.958  21  0.861   0.825 Y  0.570      SignalP-noTM
fig|2005473.90.peg.2236    0.276  28  0.440  22  0.978  10  0.946   0.678 Y  0.570      SignalP-noTM
fig|2005473.90.peg.2236    0.361  22  0.572  22  0.952  19  0.878   0.691 Y  0.450      SignalP-TM
fig|2005473.90.peg.2238    0.303  22  0.498  22  0.899   8  0.833   0.629 Y  0.450      SignalP-TM
fig|2005473.90.peg.2238    0.523  22  0.697  22  0.955  13  0.930   0.807 Y  0.570      SignalP-noTM
fig|2005473.90.peg.2239    0.185  22  0.391  22  0.901   7  0.841   0.567 Y  0.450      SignalP-TM
fig|2005473.90.peg.2239    0.536  22  0.708  22  0.967  10  0.932   0.813 Y  0.570      SignalP-noTM
fig|2005473.90.peg.2244    0.237  22  0.427  22  0.865   3  0.793   0.569 Y  0.450      SignalP-TM
fig|2005473.90.peg.2244    0.700  22  0.785  22  0.957  13  0.901   0.840 Y  0.570      SignalP-noTM
fig|2005473.90.peg.2245    0.505  35  0.663  31  0.963  19  0.829   0.724 Y  0.510      SignalP-TM
fig|2005473.90.peg.2245    0.632  35  0.721  35  0.963  16  0.884   0.784 Y  0.450      SignalP-TM
fig|2005473.90.peg.2246    0.471  20  0.574  20  0.877  17  0.710   0.638 Y  0.570      SignalP-noTM
fig|2005473.90.peg.2247    0.177  20  0.331  20  0.825   1  0.675   0.465 Y  0.450      SignalP-TM
fig|2005473.90.peg.2247    0.499  20  0.662  20  0.920  10  0.882   0.766 Y  0.570      SignalP-noTM
fig|2005473.90.peg.2250    0.167  20  0.381  20  0.932   6  0.883   0.617 Y  0.570      SignalP-noTM
fig|2005473.90.peg.2250    0.305  27  0.459  27  0.850  16  0.715   0.559 Y  0.450      SignalP-TM
fig|2005473.90.peg.2267    0.263  30  0.436  30  0.884  14  0.759   0.562 Y  0.450      SignalP-TM
fig|2005473.90.peg.2267    0.303  30  0.513  30  0.986  16  0.913   0.701 Y  0.570      SignalP-noTM
fig|2005473.90.peg.2269    0.245  54  0.341  28  0.905  10  0.671   0.469 Y  0.450      SignalP-TM
fig|2005473.90.peg.227     0.262  21  0.398  21  0.825   2  0.660   0.500 Y  0.450      SignalP-TM
fig|2005473.90.peg.227     0.412  21  0.512  21  0.842  18  0.648   0.576 Y  0.570      SignalP-noTM
fig|2005473.90.peg.2271    0.388  27  0.500  27  0.770  10  0.668   0.565 Y  0.450      SignalP-TM
fig|2005473.90.peg.2277    0.147  35  0.316  27  0.795  20  0.694   0.464 Y  0.450      SignalP-TM
fig|2005473.90.peg.2278    0.175  23  0.387  23  0.929  18  0.834   0.561 Y  0.450      SignalP-TM
fig|2005473.90.peg.2278    0.558  21  0.710  21  0.976  19  0.886   0.792 Y  0.570      SignalP-noTM
fig|2005473.90.peg.2288    0.398  25  0.588  25  0.961  18  0.898   0.733 Y  0.570      SignalP-noTM
fig|2005473.90.peg.2288    0.450  30  0.570  30  0.909  10  0.781   0.653 Y  0.450      SignalP-TM
fig|2005473.90.peg.2291    0.298  23  0.505  23  0.911   8  0.872   0.648 Y  0.450      SignalP-TM
fig|2005473.90.peg.2291    0.532  23  0.654  23  0.892  20  0.827   0.735 Y  0.570      SignalP-noTM
fig|2005473.90.peg.2297    0.251  25  0.445  22  0.879  13  0.816   0.590 Y  0.450      SignalP-TM
fig|2005473.90.peg.2297    0.284  22  0.477  22  0.927  14  0.824   0.640 Y  0.570      SignalP-noTM
fig|2005473.90.peg.2306    0.380  45  0.510  45  0.796  32  0.368   0.454 Y  0.450      SignalP-TM
fig|2005473.90.peg.2306    0.850  45  0.834  45  0.909  38  0.516   0.685 Y  0.570      SignalP-noTM
fig|2005473.90.peg.2325    0.224  34  0.344  34  0.846  10  0.656   0.465 Y  0.450      SignalP-TM
fig|2005473.90.peg.2330    0.280  25  0.448  25  0.888   8  0.782   0.578 Y  0.450      SignalP-TM
fig|2005473.90.peg.2330    0.321  21  0.540  21  0.933   4  0.909   0.713 Y  0.570      SignalP-noTM
fig|2005473.90.peg.2342    0.191  21  0.381  21  0.877  17  0.772   0.534 Y  0.450      SignalP-TM
fig|2005473.90.peg.2342    0.286  21  0.498  21  0.920  17  0.859   0.668 Y  0.570      SignalP-noTM
fig|2005473.90.peg.2349    0.187  26  0.370  26  0.876  18  0.727   0.509 Y  0.450      SignalP-TM
fig|2005473.90.peg.2357    0.256  28  0.469  28  0.961  13  0.850   0.617 Y  0.450      SignalP-TM
fig|2005473.90.peg.2357    0.713  28  0.798  28  0.941  22  0.876   0.835 Y  0.570      SignalP-noTM
fig|2005473.90.peg.2359    0.434  18  0.454  18  0.681  17  0.446   0.451 Y  0.450      SignalP-TM
fig|2005473.90.peg.2360    0.196  29  0.342  24  0.900   7  0.813   0.526 Y  0.450      SignalP-TM
fig|2005473.90.peg.2360    0.294  24  0.518  24  0.964   3  0.930   0.712 Y  0.570      SignalP-noTM
fig|2005473.90.peg.2369    0.274  35  0.373  35  0.736  13  0.587   0.457 Y  0.450      SignalP-TM
fig|2005473.90.peg.2374    0.340  28  0.414  28  0.871  17  0.645   0.504 Y  0.450      SignalP-TM
fig|2005473.90.peg.2374    0.358  21  0.552  21  0.934   1  0.866   0.700 Y  0.570      SignalP-noTM
fig|2005473.90.peg.2378    0.379  20  0.513  20  0.811   1  0.680   0.591 Y  0.570      SignalP-noTM
fig|2005473.90.peg.2380    0.221  24  0.416  24  0.872  17  0.735   0.541 Y  0.450      SignalP-TM
fig|2005473.90.peg.2380    0.414  19  0.637  19  0.993  15  0.969   0.793 Y  0.570      SignalP-noTM
fig|2005473.90.peg.240     0.492  20  0.647  20  0.948  18  0.866   0.750 Y  0.570      SignalP-noTM
fig|2005473.90.peg.2433    0.187  27  0.384  27  0.901  18  0.771   0.535 Y  0.450      SignalP-TM
fig|2005473.90.peg.2433    0.562  26  0.720  26  0.951   9  0.924   0.816 Y  0.570      SignalP-noTM
fig|2005473.90.peg.244     0.241  33  0.416  21  0.914  16  0.863   0.590 Y  0.450      SignalP-TM
fig|2005473.90.peg.244     0.870  21  0.889  21  0.954  13  0.907   0.898 Y  0.570      SignalP-noTM
fig|2005473.90.peg.2454    0.223  27  0.419  23  0.893   7  0.822   0.576 Y  0.450      SignalP-TM
fig|2005473.90.peg.2454    0.640  23  0.726  23  0.930  12  0.853   0.786 Y  0.570      SignalP-noTM
fig|2005473.90.peg.247     0.608  21  0.698  21  0.897  17  0.817   0.744 Y  0.450      SignalP-TM
fig|2005473.90.peg.247     0.657  21  0.756  21  0.937   1  0.871   0.810 Y  0.570      SignalP-noTM
fig|2005473.90.peg.2472    0.404  26  0.587  26  0.909  22  0.718   0.638 Y  0.450      SignalP-TM
fig|2005473.90.peg.2472    0.418  29  0.619  29  0.994  15  0.943   0.771 Y  0.570      SignalP-noTM
fig|2005473.90.peg.2473    0.276  23  0.504  23  0.960  12  0.916   0.697 Y  0.570      SignalP-noTM
fig|2005473.90.peg.2473    0.299  29  0.421  29  0.819   9  0.677   0.521 Y  0.450      SignalP-TM
fig|2005473.90.peg.2485    0.151  32  0.357  32  0.964  23  0.882   0.604 Y  0.570      SignalP-noTM
fig|2005473.90.peg.2485    0.188  33  0.362  33  0.850  15  0.739   0.509 Y  0.450      SignalP-TM
fig|2005473.90.peg.2498    0.154  26  0.342  19  0.938  17  0.913   0.610 Y  0.570      SignalP-noTM
fig|2005473.90.peg.2505    0.301  29  0.455  20  0.873   3  0.817   0.597 Y  0.450      SignalP-TM
fig|2005473.90.peg.2505    0.690  20  0.768  20  0.906  16  0.840   0.802 Y  0.570      SignalP-noTM
fig|2005473.90.peg.2506    0.577  22  0.621  22  0.790  18  0.643   0.629 Y  0.450      SignalP-TM
fig|2005473.90.peg.2506    0.714  22  0.694  22  0.847   1  0.672   0.684 Y  0.570      SignalP-noTM
fig|2005473.90.peg.2511    0.289  25  0.511  25  0.968  13  0.911   0.667 Y  0.450      SignalP-TM
fig|2005473.90.peg.2511    0.593  25  0.738  25  0.986  10  0.943   0.834 Y  0.570      SignalP-noTM
fig|2005473.90.peg.2512    0.216  23  0.393  23  0.866   7  0.754   0.534 Y  0.450      SignalP-TM
fig|2005473.90.peg.2513    0.348  20  0.492  20  0.770   8  0.697   0.572 Y  0.450      SignalP-TM
fig|2005473.90.peg.252     0.318  26  0.533  26  0.926  14  0.879   0.668 Y  0.450      SignalP-TM
fig|2005473.90.peg.252     0.555  26  0.689  26  0.979  10  0.900   0.788 Y  0.570      SignalP-noTM
fig|2005473.90.peg.2527    0.264  41  0.430  41  0.863  40  0.709   0.539 Y  0.450      SignalP-TM
fig|2005473.90.peg.2527    0.322  41  0.489  41  0.908  19  0.728   0.602 Y  0.570      SignalP-noTM
fig|2005473.90.peg.2539    0.717  22  0.795  22  0.945  15  0.890   0.840 Y  0.570      SignalP-noTM
fig|2005473.90.peg.2567    0.247  28  0.417  28  0.915  18  0.771   0.555 Y  0.450      SignalP-TM
fig|2005473.90.peg.2567    0.344  21  0.532  21  0.937  12  0.845   0.679 Y  0.570      SignalP-noTM
fig|2005473.90.peg.2578    0.330  27  0.436  27  0.815   4  0.621   0.508 Y  0.450      SignalP-TM
fig|2005473.90.peg.2578    0.417  25  0.528  25  0.895  17  0.738   0.627 Y  0.570      SignalP-noTM
fig|2005473.90.peg.2579    0.683  27  0.733  27  0.949   9  0.852   0.789 Y  0.570      SignalP-noTM
fig|2005473.90.peg.2579    0.695  27  0.720  27  0.879  12  0.796   0.750 Y  0.450      SignalP-TM
fig|2005473.90.peg.258     0.360  27  0.488  27  0.796  21  0.672   0.560 Y  0.450      SignalP-TM
fig|2005473.90.peg.258     0.405  27  0.541  27  0.941   2  0.820   0.672 Y  0.570      SignalP-noTM
fig|2005473.90.peg.2580    0.309  33  0.453  33  0.919  15  0.753   0.570 Y  0.450      SignalP-TM
fig|2005473.90.peg.2580    0.835  25  0.874  25  0.952  23  0.883   0.879 Y  0.570      SignalP-noTM
fig|2005473.90.peg.2581    0.303  28  0.506  28  0.963  20  0.863   0.645 Y  0.450      SignalP-TM
fig|2005473.90.peg.2581    0.362  28  0.525  22  0.961  18  0.926   0.713 Y  0.570      SignalP-noTM
fig|2005473.90.peg.2583    0.173  27  0.381  20  0.931  17  0.872   0.573 Y  0.450      SignalP-TM
fig|2005473.90.peg.2583    0.471  20  0.668  20  0.965  18  0.932   0.792 Y  0.570      SignalP-noTM
fig|2005473.90.peg.2591    0.393  21  0.448  21  0.755  19  0.500   0.468 Y  0.450      SignalP-TM
fig|2005473.90.peg.2591    0.679  21  0.670  21  0.834  20  0.628   0.650 Y  0.570      SignalP-noTM
fig|2005473.90.peg.2594    0.229  31  0.360  31  0.903  10  0.707   0.496 Y  0.450      SignalP-TM
fig|2005473.90.peg.2594    0.231  20  0.463  20  0.958  11  0.919   0.677 Y  0.570      SignalP-noTM
fig|2005473.90.peg.2598    0.215  25  0.364  25  0.910   2  0.709   0.498 Y  0.450      SignalP-TM
fig|2005473.90.peg.2598    0.564  20  0.687  20  0.895   2  0.850   0.764 Y  0.570      SignalP-noTM
fig|2005473.90.peg.2599    0.197  23  0.404  23  0.941  14  0.853   0.615 Y  0.570      SignalP-noTM
fig|2005473.90.peg.2599    0.269  24  0.479  24  0.951  12  0.856   0.626 Y  0.450      SignalP-TM
fig|2005473.90.peg.26      0.316  18  0.547  18  0.962  10  0.944   0.734 Y  0.570      SignalP-noTM
fig|2005473.90.peg.26      0.394  27  0.504  27  0.949   8  0.778   0.611 Y  0.450      SignalP-TM
fig|2005473.90.peg.2612    0.241  23  0.409  23  0.767   4  0.706   0.525 Y  0.450      SignalP-TM
fig|2005473.90.peg.2635    0.321  30  0.410  30  0.838  17  0.594   0.482 Y  0.450      SignalP-TM
fig|2005473.90.peg.2635    0.483  22  0.630  22  0.846  21  0.801   0.710 Y  0.570      SignalP-noTM
fig|2005473.90.peg.2638    0.150  43  0.272  12  0.790   9  0.748   0.458 Y  0.450      SignalP-TM
fig|2005473.90.peg.2642    0.256  25  0.472  25  0.951  15  0.901   0.674 Y  0.570      SignalP-noTM
fig|2005473.90.peg.2642    0.279  35  0.394  25  0.850   7  0.780   0.545 Y  0.450      SignalP-TM
fig|2005473.90.peg.2646    0.230  30  0.397  20  0.925   1  0.823   0.563 Y  0.450      SignalP-TM
fig|2005473.90.peg.2646    0.847  20  0.883  20  0.964  18  0.915   0.898 Y  0.570      SignalP-noTM
fig|2005473.90.peg.2648    0.197  38  0.363  21  0.927   8  0.818   0.541 Y  0.450      SignalP-TM
fig|2005473.90.peg.2648    0.253  24  0.475  24  0.960  12  0.917   0.683 Y  0.570      SignalP-noTM
fig|2005473.90.peg.2650    0.297  25  0.501  25  0.906  24  0.852   0.666 Y  0.570      SignalP-noTM
fig|2005473.90.peg.2652    0.192  20  0.420  20  0.951   8  0.925   0.657 Y  0.570      SignalP-noTM
fig|2005473.90.peg.2652    0.253  26  0.438  26  0.945   8  0.829   0.590 Y  0.450      SignalP-TM
fig|2005473.90.peg.2653    0.340  22  0.562  22  0.968  18  0.914   0.699 Y  0.450      SignalP-TM
fig|2005473.90.peg.2653    0.544  22  0.709  22  0.967  18  0.924   0.810 Y  0.570      SignalP-noTM
fig|2005473.90.peg.2655    0.169  29  0.300  20  0.877  10  0.752   0.477 Y  0.450      SignalP-TM
fig|2005473.90.peg.2660    0.213  26  0.430  26  0.954  10  0.896   0.649 Y  0.570      SignalP-noTM
fig|2005473.90.peg.2660    0.378  29  0.512  29  0.855  24  0.649   0.565 Y  0.450      SignalP-TM
fig|2005473.90.peg.268     0.367  30  0.451  19  0.854  18  0.806   0.589 Y  0.450      SignalP-TM
fig|2005473.90.peg.268     0.555  19  0.725  19  0.967  12  0.938   0.825 Y  0.570      SignalP-noTM
fig|2005473.90.peg.2692    0.568  31  0.636  31  0.936  27  0.553   0.603 Y  0.450      SignalP-TM
fig|2005473.90.peg.2693    0.281  23  0.495  23  0.940  17  0.893   0.650 Y  0.450      SignalP-TM
fig|2005473.90.peg.2693    0.353  23  0.550  23  0.954   2  0.890   0.710 Y  0.570      SignalP-noTM
fig|2005473.90.peg.2694    0.163  24  0.319  24  0.736   8  0.661   0.452 Y  0.450      SignalP-TM
fig|2005473.90.peg.2694    0.197  20  0.400  20  0.888   3  0.832   0.603 Y  0.570      SignalP-noTM
fig|2005473.90.peg.2695    0.160  38  0.310  24  0.886   3  0.785   0.495 Y  0.450      SignalP-TM
fig|2005473.90.peg.2695    0.230  22  0.438  22  0.943   2  0.874   0.643 Y  0.570      SignalP-noTM
fig|2005473.90.peg.27      0.251  20  0.446  20  0.875   4  0.809   0.587 Y  0.450      SignalP-TM
fig|2005473.90.peg.27      0.597  20  0.758  20  0.973  16  0.948   0.847 Y  0.570      SignalP-noTM
fig|2005473.90.peg.270     0.275  25  0.491  25  0.938  12  0.803   0.638 Y  0.570      SignalP-noTM
fig|2005473.90.peg.270     0.553  25  0.625  25  0.793  20  0.554   0.597 Y  0.450      SignalP-TM
fig|2005473.90.peg.271     0.204  29  0.339  19  0.774  17  0.661   0.465 Y  0.450      SignalP-TM
fig|2005473.90.peg.271     0.476  22  0.631  22  0.920  10  0.856   0.736 Y  0.570      SignalP-noTM
fig|2005473.90.peg.2722    0.304  30  0.372  20  0.865  19  0.820   0.547 Y  0.450      SignalP-TM
fig|2005473.90.peg.2722    0.409  20  0.622  20  0.977  10  0.941   0.772 Y  0.570      SignalP-noTM
fig|2005473.90.peg.2739    0.342  22  0.525  22  0.926  17  0.809   0.636 Y  0.450      SignalP-TM
fig|2005473.90.peg.2739    0.780  22  0.852  22  0.969   8  0.933   0.890 Y  0.570      SignalP-noTM
fig|2005473.90.peg.2740    0.437  23  0.578  23  0.947   7  0.831   0.676 Y  0.450      SignalP-TM
fig|2005473.90.peg.2740    0.656  23  0.778  23  0.960  11  0.933   0.850 Y  0.570      SignalP-noTM
fig|2005473.90.peg.2742    0.135  26  0.274  12  0.852   5  0.748   0.459 Y  0.450      SignalP-TM
fig|2005473.90.peg.2746    0.289  20  0.451  20  0.878   1  0.745   0.589 Y  0.570      SignalP-noTM
fig|2005473.90.peg.2756    0.281  27  0.429  23  0.817   8  0.721   0.543 Y  0.450      SignalP-TM
fig|2005473.90.peg.2762    0.200  27  0.400  21  0.887  16  0.817   0.562 Y  0.450      SignalP-TM
fig|2005473.90.peg.2762    0.764  21  0.840  21  0.952   8  0.931   0.883 Y  0.570      SignalP-noTM
fig|2005473.90.peg.2764    0.460  25  0.588  25  0.891   7  0.791   0.683 Y  0.570      SignalP-noTM
fig|2005473.90.peg.277     0.204  23  0.344  23  0.853   6  0.667   0.470 Y  0.450      SignalP-TM
fig|2005473.90.peg.277     0.741  23  0.834  23  0.978  17  0.947   0.887 Y  0.570      SignalP-noTM
fig|2005473.90.peg.2781    0.372  24  0.578  24  0.932  21  0.860   0.688 Y  0.450      SignalP-TM
fig|2005473.90.peg.2781    0.531  24  0.690  24  0.941  12  0.911   0.794 Y  0.570      SignalP-noTM
fig|2005473.90.peg.2788    0.134  26  0.318  17  0.923   1  0.858   0.529 Y  0.450      SignalP-TM
fig|2005473.90.peg.2788    0.193  22  0.382  22  0.928   2  0.803   0.579 Y  0.570      SignalP-noTM
fig|2005473.90.peg.2789    0.240  19  0.421  19  0.819   4  0.751   0.550 Y  0.450      SignalP-TM
fig|2005473.90.peg.2789    0.367  19  0.551  19  0.884  11  0.839   0.686 Y  0.570      SignalP-noTM
fig|2005473.90.peg.2799    0.292  22  0.462  22  0.812  12  0.734   0.568 Y  0.450      SignalP-TM
fig|2005473.90.peg.2799    0.538  22  0.664  22  0.906   1  0.836   0.745 Y  0.570      SignalP-noTM
fig|2005473.90.peg.280     0.410  23  0.585  23  0.903   7  0.842   0.685 Y  0.450      SignalP-TM
fig|2005473.90.peg.280     0.605  25  0.730  25  0.980  19  0.911   0.815 Y  0.570      SignalP-noTM
fig|2005473.90.peg.281     0.215  24  0.340  24  0.880   9  0.653   0.462 Y  0.450      SignalP-TM
fig|2005473.90.peg.281     0.421  27  0.606  27  0.949  21  0.898   0.743 Y  0.570      SignalP-noTM
fig|2005473.90.peg.2811    0.198  36  0.330  26  0.878  19  0.764   0.499 Y  0.450      SignalP-TM
fig|2005473.90.peg.2823    0.341  22  0.462  22  0.728  19  0.634   0.529 Y  0.450      SignalP-TM
fig|2005473.90.peg.2823    0.556  22  0.636  22  0.906  12  0.761   0.695 Y  0.570      SignalP-noTM
fig|2005473.90.peg.2826    0.155  29  0.330  21  0.835  15  0.743   0.491 Y  0.450      SignalP-TM
fig|2005473.90.peg.2826    0.530  19  0.653  19  0.903  15  0.789   0.717 Y  0.570      SignalP-noTM
fig|2005473.90.peg.2828    0.190  24  0.327  21  0.809   4  0.671   0.461 Y  0.450      SignalP-TM
fig|2005473.90.peg.2829    0.548  24  0.578  24  0.884   9  0.693   0.623 Y  0.450      SignalP-TM
fig|2005473.90.peg.2829    0.641  24  0.733  24  0.946  17  0.874   0.799 Y  0.570      SignalP-noTM
fig|2005473.90.peg.283     0.265  25  0.451  25  0.917  12  0.802   0.581 Y  0.510      SignalP-TM
fig|2005473.90.peg.283     0.284  32  0.382  32  0.896  13  0.693   0.503 Y  0.450      SignalP-TM
fig|2005473.90.peg.2832    0.251  25  0.405  25  0.905   6  0.745   0.537 Y  0.450      SignalP-TM
fig|2005473.90.peg.2832    0.281  23  0.488  23  0.942  13  0.877   0.671 Y  0.570      SignalP-noTM
fig|2005473.90.peg.2833    0.383  22  0.467  22  0.763  19  0.602   0.519 Y  0.450      SignalP-TM
fig|2005473.90.peg.2843    0.165  21  0.334  21  0.765  12  0.684   0.470 Y  0.450      SignalP-TM
fig|2005473.90.peg.2843    0.421  21  0.596  21  0.930  19  0.841   0.711 Y  0.570      SignalP-noTM
fig|2005473.90.peg.2868    0.558  20  0.489  20  0.585   3  0.464   0.479 Y  0.450      SignalP-TM
fig|2005473.90.peg.2877    0.518  22  0.618  22  0.851  18  0.680   0.642 Y  0.450      SignalP-TM
fig|2005473.90.peg.2877    0.587  22  0.710  22  0.944  18  0.866   0.783 Y  0.570      SignalP-noTM
fig|2005473.90.peg.2886    0.283  34  0.361  22  0.760   6  0.631   0.466 Y  0.450      SignalP-TM
fig|2005473.90.peg.2892    0.276  22  0.469  22  0.879   8  0.819   0.634 Y  0.570      SignalP-noTM
fig|2005473.90.peg.2892    0.460  24  0.562  24  0.899   6  0.767   0.642 Y  0.450      SignalP-TM
fig|2005473.90.peg.2893    0.137  25  0.316  20  0.813  16  0.753   0.487 Y  0.450      SignalP-TM
fig|2005473.90.peg.2893    0.223  20  0.417  20  0.877   1  0.784   0.589 Y  0.570      SignalP-noTM
fig|2005473.90.peg.2899    0.213  25  0.376  25  0.833  15  0.687   0.497 Y  0.450      SignalP-TM
fig|2005473.90.peg.2899    0.541  25  0.665  23  0.941  16  0.865   0.759 Y  0.570      SignalP-noTM
fig|2005473.90.peg.298     0.349  32  0.498  32  0.786  23  0.476   0.490 Y  0.450      SignalP-TM
fig|2005473.90.peg.298     0.501  32  0.651  32  0.970  28  0.747   0.696 Y  0.570      SignalP-noTM
fig|2005473.90.peg.3       0.294  28  0.441  28  0.944  18  0.725   0.552 Y  0.450      SignalP-TM
fig|2005473.90.peg.3       0.518  21  0.682  21  0.944  15  0.895   0.782 Y  0.570      SignalP-noTM
fig|2005473.90.peg.302     0.187  20  0.347  20  0.862   2  0.704   0.486 Y  0.450      SignalP-TM
fig|2005473.90.peg.308     0.165  28  0.344  26  0.939   5  0.817   0.528 Y  0.450      SignalP-TM
fig|2005473.90.peg.309     0.331  21  0.456  21  0.705   9  0.629   0.523 Y  0.450      SignalP-TM
fig|2005473.90.peg.309     0.718  21  0.740  21  0.868   1  0.768   0.753 Y  0.570      SignalP-noTM
fig|2005473.90.peg.310     0.282  20  0.484  20  0.903  16  0.791   0.603 Y  0.450      SignalP-TM
fig|2005473.90.peg.310     0.729  20  0.831  20  0.963  15  0.932   0.878 Y  0.570      SignalP-noTM
fig|2005473.90.peg.313     0.217  27  0.380  27  0.812  16  0.649   0.485 Y  0.450      SignalP-TM
fig|2005473.90.peg.360     0.402  23  0.520  23  0.867   4  0.720   0.598 Y  0.450      SignalP-TM
fig|2005473.90.peg.360     0.808  23  0.839  23  0.950  19  0.871   0.854 Y  0.570      SignalP-noTM
fig|2005473.90.peg.362     0.507  28  0.545  28  0.954  12  0.779   0.655 Y  0.570      SignalP-noTM
fig|2005473.90.peg.362     0.557  28  0.662  28  0.971  15  0.841   0.732 Y  0.450      SignalP-TM
fig|2005473.90.peg.364     0.597  25  0.630  25  0.855   4  0.707   0.666 Y  0.570      SignalP-noTM
fig|2005473.90.peg.365     0.434  21  0.587  21  0.882  19  0.753   0.652 Y  0.450      SignalP-TM
fig|2005473.90.peg.365     0.672  21  0.729  21  0.916  19  0.783   0.754 Y  0.570      SignalP-noTM
fig|2005473.90.peg.379     0.345  39  0.462  20  0.918  18  0.890   0.629 Y  0.450      SignalP-TM
fig|2005473.90.peg.379     0.634  20  0.783  20  0.977  12  0.960   0.866 Y  0.570      SignalP-noTM
fig|2005473.90.peg.389     0.268  26  0.414  26  0.888  22  0.566   0.473 Y  0.450      SignalP-TM
fig|2005473.90.peg.394     0.282  29  0.386  29  0.776  13  0.586   0.464 Y  0.450      SignalP-TM
fig|2005473.90.peg.41      0.576  24  0.587  24  0.730  21  0.536   0.567 Y  0.450      SignalP-TM
fig|2005473.90.peg.413     0.379  23  0.533  23  0.843   6  0.769   0.625 Y  0.450      SignalP-TM
fig|2005473.90.peg.413     0.458  23  0.616  23  0.943   2  0.861   0.731 Y  0.570      SignalP-noTM
fig|2005473.90.peg.414     0.231  20  0.385  20  0.810  18  0.647   0.487 Y  0.450      SignalP-TM
fig|2005473.90.peg.414     0.568  20  0.671  20  0.855  16  0.794   0.729 Y  0.570      SignalP-noTM
fig|2005473.90.peg.415     0.521  30  0.495  30  0.769   1  0.533   0.510 Y  0.450      SignalP-TM
fig|2005473.90.peg.416     0.517  22  0.520  22  0.648   9  0.552   0.532 Y  0.450      SignalP-TM
fig|2005473.90.peg.416     0.763  22  0.774  22  0.878  17  0.769   0.771 Y  0.570      SignalP-noTM
fig|2005473.90.peg.429     0.152  24  0.330  24  0.814   3  0.736   0.488 Y  0.450      SignalP-TM
fig|2005473.90.peg.429     0.173  24  0.364  24  0.933   1  0.814   0.576 Y  0.570      SignalP-noTM
fig|2005473.90.peg.430     0.691  38  0.710  38  0.899  23  0.563   0.653 Y  0.450      SignalP-TM
fig|2005473.90.peg.44      0.207  21  0.377  21  0.876   2  0.733   0.516 Y  0.450      SignalP-TM
fig|2005473.90.peg.44      0.752  21  0.756  21  0.860   1  0.770   0.763 Y  0.570      SignalP-noTM
fig|2005473.90.peg.459     0.200  19  0.406  19  0.934  18  0.840   0.610 Y  0.570      SignalP-noTM
fig|2005473.90.peg.47      0.259  30  0.353  30  0.856  17  0.645   0.467 Y  0.450      SignalP-TM
fig|2005473.90.peg.477     0.427  20  0.521  20  0.854   1  0.672   0.580 Y  0.450      SignalP-TM
fig|2005473.90.peg.477     0.636  20  0.687  18  0.853  17  0.769   0.726 Y  0.570      SignalP-noTM
fig|2005473.90.peg.478     0.265  22  0.429  22  0.828  18  0.651   0.516 Y  0.450      SignalP-TM
fig|2005473.90.peg.478     0.779  22  0.859  22  0.986  18  0.935   0.895 Y  0.570      SignalP-noTM
fig|2005473.90.peg.48      0.145  24  0.315  24  0.784  11  0.708   0.468 Y  0.450      SignalP-TM
fig|2005473.90.peg.48      0.511  24  0.519  24  0.721  22  0.515   0.518 Y  0.510      SignalP-TM
fig|2005473.90.peg.481     0.319  22  0.486  22  0.882  20  0.698   0.569 Y  0.450      SignalP-TM
fig|2005473.90.peg.481     0.616  22  0.718  22  0.920  16  0.842   0.776 Y  0.570      SignalP-noTM
fig|2005473.90.peg.485     0.196  27  0.371  25  0.951  15  0.846   0.557 Y  0.450      SignalP-TM
fig|2005473.90.peg.485     0.583  20  0.716  20  0.916  12  0.885   0.795 Y  0.570      SignalP-noTM
fig|2005473.90.peg.493     0.174  22  0.362  22  0.857  18  0.745   0.511 Y  0.450      SignalP-TM
fig|2005473.90.peg.493     0.687  22  0.765  22  0.965  18  0.864   0.811 Y  0.570      SignalP-noTM
fig|2005473.90.peg.518     0.693  24  0.703  24  0.893  19  0.717   0.710 Y  0.570      SignalP-noTM
fig|2005473.90.peg.518     0.706  24  0.611  24  0.741  19  0.510   0.572 Y  0.450      SignalP-TM
fig|2005473.90.peg.52      0.422  25  0.631  25  0.980  11  0.942   0.777 Y  0.570      SignalP-noTM
fig|2005473.90.peg.52      0.447  25  0.639  25  0.963  10  0.906   0.743 Y  0.450      SignalP-TM
fig|2005473.90.peg.530     0.274  27  0.468  27  0.875  18  0.764   0.584 Y  0.450      SignalP-TM
fig|2005473.90.peg.530     0.575  23  0.726  23  0.962  14  0.906   0.811 Y  0.570      SignalP-noTM
fig|2005473.90.peg.531     0.248  25  0.446  25  0.922  15  0.773   0.574 Y  0.450      SignalP-TM
fig|2005473.90.peg.542     0.171  27  0.334  21  0.808  12  0.733   0.490 Y  0.450      SignalP-TM
fig|2005473.90.peg.542     0.183  21  0.388  21  0.891  11  0.810   0.587 Y  0.570      SignalP-noTM
fig|2005473.90.peg.548     0.304  23  0.482  23  0.816  18  0.720   0.575 Y  0.450      SignalP-TM
fig|2005473.90.peg.548     0.353  23  0.553  23  0.944  18  0.851   0.693 Y  0.570      SignalP-noTM
fig|2005473.90.peg.551     0.243  20  0.395  20  0.892  17  0.624   0.484 Y  0.450      SignalP-TM
fig|2005473.90.peg.551     0.800  20  0.724  20  0.850  16  0.598   0.665 Y  0.570      SignalP-noTM
fig|2005473.90.peg.553     0.582  29  0.691  29  0.925  19  0.704   0.696 Y  0.450      SignalP-TM
fig|2005473.90.peg.56      0.316  28  0.450  28  0.778  24  0.580   0.501 Y  0.450      SignalP-TM
fig|2005473.90.peg.57      0.154  65  0.323  21  0.889  17  0.829   0.520 Y  0.450      SignalP-TM
fig|2005473.90.peg.57      0.533  21  0.704  21  0.957  17  0.933   0.812 Y  0.570      SignalP-noTM
fig|2005473.90.peg.576     0.251  28  0.438  28  0.890  18  0.780   0.572 Y  0.450      SignalP-TM
fig|2005473.90.peg.582     0.213  42  0.351  20  0.800  17  0.696   0.486 Y  0.450      SignalP-TM
fig|2005473.90.peg.582     0.379  20  0.565  20  0.937  17  0.838   0.693 Y  0.570      SignalP-noTM
fig|2005473.90.peg.584     0.197  30  0.289  18  0.791  16  0.754   0.470 Y  0.450      SignalP-TM
fig|2005473.90.peg.584     0.230  18  0.441  18  0.898   1  0.859   0.637 Y  0.570      SignalP-noTM
fig|2005473.90.peg.586     0.191  24  0.339  24  0.768   8  0.653   0.462 Y  0.450      SignalP-TM
fig|2005473.90.peg.60      0.185  20  0.389  20  0.891   4  0.831   0.561 Y  0.450      SignalP-TM
fig|2005473.90.peg.60      0.631  20  0.749  20  0.940  16  0.881   0.811 Y  0.570      SignalP-noTM
fig|2005473.90.peg.600     0.262  23  0.450  23  0.909  15  0.810   0.619 Y  0.570      SignalP-noTM
fig|2005473.90.peg.601     0.151  37  0.277  16  0.817   7  0.753   0.463 Y  0.450      SignalP-TM
fig|2005473.90.peg.611     0.347  33  0.550  23  0.974  18  0.950   0.706 Y  0.450      SignalP-TM
fig|2005473.90.peg.611     0.742  23  0.834  23  0.988  19  0.941   0.884 Y  0.570      SignalP-noTM
fig|2005473.90.peg.618     0.182  27  0.359  27  0.944  19  0.747   0.510 Y  0.450      SignalP-TM
fig|2005473.90.peg.618     0.233  20  0.437  20  0.904  18  0.819   0.616 Y  0.570      SignalP-noTM
fig|2005473.90.peg.621     0.255  19  0.438  19  0.814   4  0.752   0.560 Y  0.450      SignalP-TM
fig|2005473.90.peg.621     0.407  19  0.592  19  0.912  15  0.861   0.718 Y  0.570      SignalP-noTM
fig|2005473.90.peg.623     0.179  22  0.366  22  0.830   1  0.755   0.518 Y  0.450      SignalP-TM
fig|2005473.90.peg.626     0.232  24  0.353  24  0.853  10  0.651   0.469 Y  0.450      SignalP-TM
fig|2005473.90.peg.690     0.255  30  0.393  30  0.909  18  0.702   0.514 Y  0.450      SignalP-TM
fig|2005473.90.peg.695     0.560  42  0.677  42  0.941  36  0.481   0.585 Y  0.570      SignalP-noTM
fig|2005473.90.peg.696     0.250  26  0.464  26  0.968  12  0.907   0.672 Y  0.570      SignalP-noTM
fig|2005473.90.peg.696     0.264  27  0.432  27  0.900  12  0.768   0.563 Y  0.450      SignalP-TM
fig|2005473.90.peg.703     0.233  24  0.401  24  0.822   6  0.725   0.527 Y  0.450      SignalP-TM
fig|2005473.90.peg.706     0.231  25  0.379  25  0.794  21  0.584   0.459 Y  0.450      SignalP-TM
fig|2005473.90.peg.73      0.406  41  0.406  41  0.815  10  0.617   0.488 Y  0.450      SignalP-TM
fig|2005473.90.peg.737     0.396  25  0.592  25  0.962  12  0.888   0.707 Y  0.450      SignalP-TM
fig|2005473.90.peg.737     0.722  20  0.838  20  0.982  16  0.968   0.899 Y  0.570      SignalP-noTM
fig|2005473.90.peg.740     0.460  31  0.546  31  0.911  21  0.744   0.623 Y  0.450      SignalP-TM
fig|2005473.90.peg.740     0.730  24  0.803  24  0.947  21  0.851   0.825 Y  0.570      SignalP-noTM
fig|2005473.90.peg.760     0.385  19  0.481  19  0.833  18  0.621   0.536 Y  0.450      SignalP-TM
fig|2005473.90.peg.760     0.805  19  0.739  19  0.836  15  0.677   0.710 Y  0.570      SignalP-noTM
fig|2005473.90.peg.763     0.248  21  0.473  21  0.936  15  0.889   0.636 Y  0.450      SignalP-TM
fig|2005473.90.peg.763     0.565  21  0.711  21  0.962  14  0.886   0.793 Y  0.570      SignalP-noTM
fig|2005473.90.peg.765     0.221  24  0.416  24  0.876  19  0.773   0.555 Y  0.450      SignalP-TM
fig|2005473.90.peg.765     0.626  22  0.743  22  0.960  18  0.881   0.808 Y  0.570      SignalP-noTM
fig|2005473.90.peg.766     0.475  22  0.570  22  0.849  18  0.676   0.620 Y  0.570      SignalP-noTM
fig|2005473.90.peg.767     0.285  24  0.473  24  0.942   3  0.839   0.645 Y  0.570      SignalP-noTM
fig|2005473.90.peg.767     0.299  24  0.479  24  0.883  17  0.797   0.603 Y  0.450      SignalP-TM
fig|2005473.90.peg.783     0.698  25  0.753  25  0.921   8  0.827   0.782 Y  0.450      SignalP-TM
fig|2005473.90.peg.783     0.839  25  0.869  25  0.960  21  0.905   0.886 Y  0.570      SignalP-noTM
fig|2005473.90.peg.788     0.772  23  0.835  23  0.943  16  0.885   0.855 Y  0.450      SignalP-TM
fig|2005473.90.peg.788     0.888  23  0.905  23  0.955  19  0.925   0.914 Y  0.570      SignalP-noTM
fig|2005473.90.peg.789     0.494  22  0.652  22  0.920  16  0.852   0.730 Y  0.450      SignalP-TM
fig|2005473.90.peg.789     0.874  22  0.916  22  0.983  12  0.953   0.933 Y  0.570      SignalP-noTM
fig|2005473.90.peg.793     0.485  19  0.577  19  0.922  10  0.697   0.633 Y  0.570      SignalP-noTM
fig|2005473.90.peg.80      0.538  21  0.674  21  0.950  17  0.857   0.746 Y  0.450      SignalP-TM
fig|2005473.90.peg.80      0.675  21  0.796  21  0.961  10  0.936   0.862 Y  0.570      SignalP-noTM
fig|2005473.90.peg.807     0.271  22  0.461  22  0.884   9  0.802   0.594 Y  0.450      SignalP-TM
fig|2005473.90.peg.807     0.390  22  0.583  22  0.939   9  0.883   0.724 Y  0.570      SignalP-noTM
fig|2005473.90.peg.816     0.602  28  0.642  28  0.792  19  0.655   0.647 Y  0.450      SignalP-TM
fig|2005473.90.peg.817     0.274  25  0.449  25  0.902   6  0.787   0.581 Y  0.450      SignalP-TM
fig|2005473.90.peg.817     0.418  25  0.596  25  0.950  18  0.875   0.727 Y  0.570      SignalP-noTM
fig|2005473.90.peg.82      0.334  20  0.498  20  0.873  16  0.768   0.603 Y  0.450      SignalP-TM
fig|2005473.90.peg.82      0.875  20  0.903  20  0.950  16  0.921   0.911 Y  0.570      SignalP-noTM
fig|2005473.90.peg.821     0.227  25  0.423  25  0.878  11  0.797   0.569 Y  0.450      SignalP-TM
fig|2005473.90.peg.821     0.295  22  0.521  22  0.968  12  0.932   0.714 Y  0.570      SignalP-noTM
fig|2005473.90.peg.824     0.329  18  0.462  18  0.736   6  0.656   0.538 Y  0.450      SignalP-TM
fig|2005473.90.peg.824     0.535  18  0.702  18  0.943  14  0.921   0.805 Y  0.570      SignalP-noTM
fig|2005473.90.peg.826     0.180  28  0.357  21  0.923  17  0.869   0.598 Y  0.570      SignalP-noTM
fig|2005473.90.peg.826     0.243  28  0.420  28  0.813  24  0.678   0.521 Y  0.450      SignalP-TM
fig|2005473.90.peg.827     0.478  24  0.500  24  0.743   8  0.578   0.531 Y  0.450      SignalP-TM
fig|2005473.90.peg.828     0.249  22  0.367  22  0.718   2  0.589   0.454 Y  0.450      SignalP-TM
fig|2005473.90.peg.828     0.529  22  0.647  22  0.893   1  0.801   0.719 Y  0.570      SignalP-noTM
fig|2005473.90.peg.830     0.290  21  0.486  21  0.931   3  0.847   0.656 Y  0.570      SignalP-noTM
fig|2005473.90.peg.830     0.325  31  0.426  31  0.885  20  0.714   0.538 Y  0.450      SignalP-TM
fig|2005473.90.peg.831     0.566  24  0.668  24  0.930  19  0.813   0.737 Y  0.570      SignalP-noTM
fig|2005473.90.peg.835     0.392  25  0.556  25  0.912   2  0.840   0.690 Y  0.570      SignalP-noTM
fig|2005473.90.peg.835     0.412  30  0.463  30  0.752  16  0.593   0.514 Y  0.450      SignalP-TM
fig|2005473.90.peg.836     0.212  28  0.385  28  0.903   5  0.760   0.531 Y  0.450      SignalP-TM
fig|2005473.90.peg.837     0.197  55  0.352  22  0.905   2  0.833   0.578 Y  0.570      SignalP-noTM
fig|2005473.90.peg.837     0.219  55  0.330  22  0.863   6  0.761   0.498 Y  0.450      SignalP-TM
fig|2005473.90.peg.838     0.228  21  0.434  21  0.904  18  0.840   0.592 Y  0.450      SignalP-TM
fig|2005473.90.peg.838     0.357  21  0.576  21  0.954  18  0.921   0.738 Y  0.570      SignalP-noTM
fig|2005473.90.peg.841     0.203  21  0.392  21  0.868  13  0.727   0.523 Y  0.450      SignalP-TM
fig|2005473.90.peg.842     0.343  24  0.473  24  0.808   4  0.705   0.564 Y  0.450      SignalP-TM
fig|2005473.90.peg.842     0.841  24  0.877  24  0.965  20  0.914   0.894 Y  0.570      SignalP-noTM
fig|2005473.90.peg.843     0.385  24  0.473  24  0.731  18  0.601   0.523 Y  0.450      SignalP-TM
fig|2005473.90.peg.843     0.489  24  0.533  24  0.754  17  0.577   0.549 Y  0.510      SignalP-TM
fig|2005473.90.peg.85      0.350  20  0.535  20  0.855  17  0.816   0.667 Y  0.570      SignalP-noTM
fig|2005473.90.peg.85      0.660  30  0.534  30  0.830  19  0.603   0.561 Y  0.450      SignalP-TM
fig|2005473.90.peg.852     0.535  39  0.546  39  0.770  33  0.420   0.497 Y  0.450      SignalP-TM
fig|2005473.90.peg.856     0.305  28  0.514  28  0.944  18  0.883   0.658 Y  0.450      SignalP-TM
fig|2005473.90.peg.856     0.449  28  0.493  28  0.674  21  0.542   0.511 Y  0.510      SignalP-TM
fig|2005473.90.peg.86      0.297  16  0.450  16  0.800   1  0.698   0.547 Y  0.450      SignalP-TM
fig|2005473.90.peg.86      0.484  16  0.573  16  0.763  13  0.679   0.623 Y  0.570      SignalP-noTM
fig|2005473.90.peg.87      0.175  29  0.399  22  0.969  10  0.922   0.603 Y  0.450      SignalP-TM
fig|2005473.90.peg.87      0.573  21  0.747  21  0.986  12  0.969   0.852 Y  0.570      SignalP-noTM
fig|2005473.90.peg.89      0.477  27  0.640  27  0.958  16  0.886   0.736 Y  0.450      SignalP-TM
fig|2005473.90.peg.89      0.809  27  0.856  27  0.968  20  0.929   0.890 Y  0.570      SignalP-noTM
fig|2005473.90.peg.90      0.318  21  0.440  21  0.910   4  0.700   0.541 Y  0.450      SignalP-TM
fig|2005473.90.peg.90      0.322  21  0.450  21  0.819   3  0.682   0.536 Y  0.510      SignalP-TM
fig|2005473.90.peg.900     0.234  37  0.378  25  0.955  10  0.901   0.582 Y  0.450      SignalP-TM
fig|2005473.90.peg.900     0.466  25  0.647  25  0.950  20  0.907   0.769 Y  0.570      SignalP-noTM
fig|2005473.90.peg.905     0.192  27  0.358  23  0.819  20  0.633   0.465 Y  0.450      SignalP-TM
fig|2005473.90.peg.905     0.718  21  0.768  21  0.925  19  0.808   0.786 Y  0.570      SignalP-noTM
fig|2005473.90.peg.906     0.188  20  0.422  20  0.976  10  0.942   0.667 Y  0.570      SignalP-noTM
fig|2005473.90.peg.906     0.226  30  0.393  30  0.923  10  0.793   0.549 Y  0.450      SignalP-TM
fig|2005473.90.peg.92      0.137  22  0.341  22  0.934  16  0.867   0.588 Y  0.570      SignalP-noTM
fig|2005473.90.peg.92      0.150  33  0.328  27  0.901  14  0.790   0.508 Y  0.450      SignalP-TM
fig|2005473.90.peg.920     0.296  21  0.516  21  0.932  19  0.882   0.659 Y  0.450      SignalP-TM
fig|2005473.90.peg.920     0.629  21  0.757  21  0.965  17  0.906   0.827 Y  0.570      SignalP-noTM
fig|2005473.90.peg.938     0.467  28  0.515  28  0.721  18  0.572   0.538 Y  0.450      SignalP-TM
fig|2005473.90.peg.947     0.170  24  0.361  19  0.888  15  0.834   0.583 Y  0.570      SignalP-noTM
fig|2005473.90.peg.947     0.185  24  0.368  24  0.867  13  0.728   0.508 Y  0.450      SignalP-TM
fig|2005473.90.peg.948     0.313  26  0.423  26  0.911   5  0.715   0.537 Y  0.450      SignalP-TM
fig|2005473.90.peg.948     0.331  21  0.529  21  0.947  13  0.856   0.682 Y  0.570      SignalP-noTM
fig|2005473.90.peg.95      0.235  23  0.424  23  0.891  16  0.787   0.594 Y  0.570      SignalP-noTM
fig|2005473.90.peg.952     0.717  34  0.696  34  0.797  29  0.576   0.649 Y  0.450      SignalP-TM
fig|2005473.90.peg.952     0.748  34  0.675  34  0.832  30  0.451   0.592 Y  0.510      SignalP-TM
fig|2005473.90.peg.96      0.412  30  0.476  30  0.858   4  0.695   0.562 Y  0.450      SignalP-TM
fig|2005473.90.peg.966     0.198  26  0.428  26  0.967  16  0.917   0.658 Y  0.570      SignalP-noTM
fig|2005473.90.peg.966     0.280  27  0.479  27  0.938  16  0.837   0.619 Y  0.450      SignalP-TM
fig|2005473.90.peg.972     0.352  26  0.517  26  0.925  19  0.820   0.635 Y  0.450      SignalP-TM
fig|2005473.90.peg.972     0.440  21  0.619  21  0.936  17  0.863   0.734 Y  0.570      SignalP-noTM
fig|2005473.90.peg.974     0.593  20  0.639  20  0.856  19  0.731   0.675 Y  0.450      SignalP-TM
fig|2005473.90.peg.974     0.835  20  0.873  20  0.943  17  0.913   0.892 Y  0.570      SignalP-noTM
fig|2005473.90.peg.975     0.238  21  0.440  21  0.894   7  0.817   0.587 Y  0.450      SignalP-TM
fig|2005473.90.peg.975     0.421  21  0.624  21  0.963  13  0.918   0.762 Y  0.570      SignalP-noTM
fig|2005473.90.peg.984     0.496  22  0.657  22  0.951  18  0.862   0.737 Y  0.450      SignalP-TM
fig|2005473.90.peg.984     0.880  22  0.902  22  0.961  18  0.924   0.912 Y  0.570      SignalP-noTM
fig|2005473.90.peg.989     0.653  25  0.751  25  0.944   5  0.889   0.816 Y  0.570      SignalP-noTM
fig|2005473.90.peg.989     0.695  25  0.636  25  0.777  11  0.632   0.635 Y  0.450      SignalP-TM
fig|2005473.90.peg.99      0.284  27  0.394  27  0.831   5  0.646   0.492 Y  0.450      SignalP-TM
fig|2005473.90.peg.996     0.236  22  0.378  22  0.813  18  0.627   0.475 Y  0.450      SignalP-TM
fig|2005473.90.peg.996     0.670  19  0.723  19  0.869   2  0.790   0.755 Y  0.570      SignalP-noTM
