fig|2005473.94.peg.100     0.649  23  0.658  23  0.803   1  0.713   0.684 Y  0.570      SignalP-noTM
fig|2005473.94.peg.100     0.685  23  0.684  23  0.786   5  0.695   0.688 Y  0.450      SignalP-TM
fig|2005473.94.peg.1009    0.325  24  0.505  24  0.841  15  0.768   0.608 Y  0.450      SignalP-TM
fig|2005473.94.peg.1009    0.431  22  0.597  22  0.924  12  0.808   0.697 Y  0.570      SignalP-noTM
fig|2005473.94.peg.1010    0.146  25  0.334  20  0.905   9  0.870   0.586 Y  0.570      SignalP-noTM
fig|2005473.94.peg.1010    0.250  26  0.430  26  0.923  15  0.754   0.556 Y  0.450      SignalP-TM
fig|2005473.94.peg.1015    0.176  22  0.380  22  0.881   1  0.826   0.554 Y  0.450      SignalP-TM
fig|2005473.94.peg.1015    0.295  22  0.484  22  0.937   1  0.841   0.651 Y  0.570      SignalP-noTM
fig|2005473.94.peg.1018    0.397  24  0.569  24  0.893   4  0.829   0.671 Y  0.450      SignalP-TM
fig|2005473.94.peg.1018    0.756  24  0.814  24  0.951   8  0.896   0.852 Y  0.570      SignalP-noTM
fig|2005473.94.peg.1019    0.221  25  0.402  25  0.918   2  0.803   0.559 Y  0.450      SignalP-TM
fig|2005473.94.peg.1019    0.596  20  0.726  20  0.938   2  0.895   0.805 Y  0.570      SignalP-noTM
fig|2005473.94.peg.1020    0.211  20  0.382  20  0.896   3  0.746   0.524 Y  0.450      SignalP-TM
fig|2005473.94.peg.1020    0.372  20  0.551  20  0.926   1  0.833   0.683 Y  0.570      SignalP-noTM
fig|2005473.94.peg.1037    0.153  56  0.295  22  0.847  14  0.714   0.458 Y  0.450      SignalP-TM
fig|2005473.94.peg.1046    0.370  34  0.512  22  0.959  11  0.920   0.672 Y  0.450      SignalP-TM
fig|2005473.94.peg.1046    0.542  22  0.717  22  0.982  13  0.944   0.824 Y  0.570      SignalP-noTM
fig|2005473.94.peg.105     0.339  29  0.514  29  0.935  12  0.811   0.630 Y  0.450      SignalP-TM
fig|2005473.94.peg.105     0.364  29  0.543  29  0.954  13  0.857   0.691 Y  0.570      SignalP-noTM
fig|2005473.94.peg.1051    0.238  21  0.456  21  0.922   6  0.877   0.620 Y  0.450      SignalP-TM
fig|2005473.94.peg.1051    0.517  21  0.616  21  0.887   4  0.782   0.677 Y  0.510      SignalP-TM
fig|2005473.94.peg.1063    0.562  26  0.645  26  0.896  19  0.746   0.693 Y  0.570      SignalP-noTM
fig|2005473.94.peg.1063    0.676  26  0.702  26  0.828  21  0.665   0.688 Y  0.450      SignalP-TM
fig|2005473.94.peg.1065    0.490  20  0.556  20  0.814   6  0.656   0.595 Y  0.450      SignalP-TM
fig|2005473.94.peg.1065    0.821  20  0.843  20  0.943  17  0.875   0.858 Y  0.570      SignalP-noTM
fig|2005473.94.peg.1067    0.250  21  0.437  21  0.801   9  0.753   0.560 Y  0.450      SignalP-TM
fig|2005473.94.peg.1067    0.602  21  0.754  21  0.972  17  0.937   0.840 Y  0.570      SignalP-noTM
fig|2005473.94.peg.1068    0.651  21  0.702  21  0.893  17  0.774   0.736 Y  0.570      SignalP-noTM
fig|2005473.94.peg.107     0.217  19  0.404  19  0.871   8  0.769   0.547 Y  0.450      SignalP-TM
fig|2005473.94.peg.107     0.243  19  0.435  19  0.885  15  0.803   0.608 Y  0.570      SignalP-noTM
fig|2005473.94.peg.1070    0.235  29  0.399  24  0.887  20  0.739   0.532 Y  0.450      SignalP-TM
fig|2005473.94.peg.1070    0.477  22  0.640  22  0.942   1  0.870   0.748 Y  0.570      SignalP-noTM
fig|2005473.94.peg.1077    0.475  24  0.610  24  0.890   8  0.806   0.686 Y  0.450      SignalP-TM
fig|2005473.94.peg.1077    0.691  24  0.806  24  0.971  14  0.944   0.871 Y  0.570      SignalP-noTM
fig|2005473.94.peg.1082    0.691  27  0.694  27  0.860   5  0.747   0.714 Y  0.450      SignalP-TM
fig|2005473.94.peg.1082    0.839  27  0.771  27  0.913  11  0.798   0.784 Y  0.570      SignalP-noTM
fig|2005473.94.peg.1084    0.414  27  0.490  27  0.877  13  0.577   0.522 Y  0.510      SignalP-TM
fig|2005473.94.peg.1084    0.454  27  0.605  27  0.928  18  0.753   0.663 Y  0.450      SignalP-TM
fig|2005473.94.peg.109     0.219  26  0.430  24  0.945   8  0.869   0.601 Y  0.450      SignalP-TM
fig|2005473.94.peg.109     0.571  23  0.731  23  0.955   8  0.939   0.829 Y  0.570      SignalP-noTM
fig|2005473.94.peg.1108    0.240  31  0.379  24  0.850  17  0.732   0.517 Y  0.450      SignalP-TM
fig|2005473.94.peg.1108    0.529  25  0.631  25  0.914  12  0.795   0.708 Y  0.570      SignalP-noTM
fig|2005473.94.peg.1115    0.296  21  0.513  21  0.951  16  0.883   0.687 Y  0.570      SignalP-noTM
fig|2005473.94.peg.1116    0.407  22  0.528  22  0.843  17  0.689   0.604 Y  0.570      SignalP-noTM
fig|2005473.94.peg.1118    0.363  29  0.468  29  0.766  11  0.584   0.513 Y  0.450      SignalP-TM
fig|2005473.94.peg.1119    0.798  33  0.624  33  0.714  29  0.419   0.548 Y  0.510      SignalP-TM
fig|2005473.94.peg.1123    0.163  28  0.285  17  0.872  12  0.805   0.487 Y  0.450      SignalP-TM
fig|2005473.94.peg.1133    0.194  34  0.373  18  0.876  13  0.795   0.571 Y  0.570      SignalP-noTM
fig|2005473.94.peg.1133    0.428  34  0.521  34  0.844  20  0.617   0.559 Y  0.450      SignalP-TM
fig|2005473.94.peg.115     0.286  21  0.408  21  0.723   2  0.619   0.490 Y  0.450      SignalP-TM
fig|2005473.94.peg.115     0.490  21  0.645  21  0.929  18  0.852   0.743 Y  0.570      SignalP-noTM
fig|2005473.94.peg.1151    0.592  24  0.627  24  0.916   1  0.733   0.677 Y  0.570      SignalP-noTM
fig|2005473.94.peg.1151    0.688  24  0.605  24  0.781   1  0.621   0.611 Y  0.450      SignalP-TM
fig|2005473.94.peg.1166    0.346  30  0.491  27  0.866  18  0.681   0.565 Y  0.450      SignalP-TM
fig|2005473.94.peg.1166    0.372  30  0.548  21  0.897  18  0.811   0.671 Y  0.570      SignalP-noTM
fig|2005473.94.peg.1170    0.499  27  0.525  27  0.786  23  0.465   0.501 Y  0.450      SignalP-TM
fig|2005473.94.peg.1170    0.526  25  0.605  25  0.818   4  0.713   0.656 Y  0.570      SignalP-noTM
fig|2005473.94.peg.1174    0.389  41  0.519  41  0.814  32  0.553   0.532 Y  0.450      SignalP-TM
fig|2005473.94.peg.1182    0.336  33  0.486  33  0.874  11  0.749   0.588 Y  0.450      SignalP-TM
fig|2005473.94.peg.1182    0.570  33  0.693  33  0.986  18  0.886   0.784 Y  0.570      SignalP-noTM
fig|2005473.94.peg.1185    0.231  33  0.424  28  0.936  12  0.808   0.574 Y  0.450      SignalP-TM
fig|2005473.94.peg.1185    0.337  28  0.562  28  0.957  23  0.912   0.727 Y  0.570      SignalP-noTM
fig|2005473.94.peg.119     0.224  20  0.412  20  0.918   4  0.794   0.561 Y  0.450      SignalP-TM
fig|2005473.94.peg.119     0.575  22  0.708  22  0.955  16  0.895   0.796 Y  0.570      SignalP-noTM
fig|2005473.94.peg.1190    0.146  28  0.303  21  0.849   9  0.687   0.453 Y  0.450      SignalP-TM
fig|2005473.94.peg.1208    0.416  23  0.546  23  0.919   6  0.793   0.642 Y  0.450      SignalP-TM
fig|2005473.94.peg.1208    0.690  23  0.743  23  0.900   6  0.837   0.788 Y  0.570      SignalP-noTM
fig|2005473.94.peg.1212    0.183  59  0.345  23  0.925  16  0.795   0.520 Y  0.450      SignalP-TM
fig|2005473.94.peg.1212    0.449  19  0.617  19  0.944  18  0.854   0.728 Y  0.570      SignalP-noTM
fig|2005473.94.peg.1219    0.155  35  0.348  24  0.929   7  0.849   0.543 Y  0.450      SignalP-TM
fig|2005473.94.peg.1219    0.582  24  0.730  24  0.975  15  0.930   0.824 Y  0.570      SignalP-noTM
fig|2005473.94.peg.123     0.495  21  0.601  21  0.914   2  0.785   0.673 Y  0.450      SignalP-TM
fig|2005473.94.peg.123     0.591  21  0.714  21  0.929  17  0.882   0.793 Y  0.570      SignalP-noTM
fig|2005473.94.peg.1231    0.142  31  0.300  23  0.777  13  0.694   0.454 Y  0.450      SignalP-TM
fig|2005473.94.peg.1231    0.260  23  0.440  23  0.849  17  0.764   0.592 Y  0.570      SignalP-noTM
fig|2005473.94.peg.1245    0.359  28  0.499  28  0.893  21  0.639   0.553 Y  0.450      SignalP-TM
fig|2005473.94.peg.1245    0.362  22  0.563  22  0.958  20  0.818   0.683 Y  0.570      SignalP-noTM
fig|2005473.94.peg.1246    0.202  23  0.413  23  0.906   7  0.845   0.582 Y  0.450      SignalP-TM
fig|2005473.94.peg.1246    0.592  22  0.757  22  0.983  20  0.959   0.852 Y  0.570      SignalP-noTM
fig|2005473.94.peg.1250    0.467  21  0.549  21  0.900   1  0.701   0.620 Y  0.570      SignalP-noTM
fig|2005473.94.peg.1259    0.221  18  0.461  18  0.978  17  0.947   0.690 Y  0.570      SignalP-noTM
fig|2005473.94.peg.1259    0.279  37  0.437  37  0.938  17  0.814   0.584 Y  0.450      SignalP-TM
fig|2005473.94.peg.1267    0.320  37  0.482  37  0.877  34  0.578   0.519 Y  0.450      SignalP-TM
fig|2005473.94.peg.1268    0.178  28  0.323  28  0.881   6  0.694   0.468 Y  0.450      SignalP-TM
fig|2005473.94.peg.1268    0.183  20  0.388  20  0.921   4  0.858   0.609 Y  0.570      SignalP-noTM
fig|2005473.94.peg.1270    0.203  26  0.378  26  0.803   8  0.706   0.506 Y  0.450      SignalP-TM
fig|2005473.94.peg.1270    0.456  26  0.614  26  0.927  18  0.859   0.729 Y  0.570      SignalP-noTM
fig|2005473.94.peg.1271    0.365  27  0.418  27  0.763   3  0.564   0.475 Y  0.450      SignalP-TM
fig|2005473.94.peg.1272    0.268  21  0.463  21  0.935   1  0.812   0.627 Y  0.570      SignalP-noTM
fig|2005473.94.peg.1273    0.313  24  0.500  24  0.874  14  0.741   0.594 Y  0.450      SignalP-TM
fig|2005473.94.peg.1273    0.676  24  0.743  24  0.897  20  0.828   0.783 Y  0.570      SignalP-noTM
fig|2005473.94.peg.1282    0.445  23  0.615  23  0.934  18  0.860   0.710 Y  0.450      SignalP-TM
fig|2005473.94.peg.1282    0.671  23  0.723  23  0.921   7  0.833   0.775 Y  0.570      SignalP-noTM
fig|2005473.94.peg.1288    0.348  25  0.438  25  0.712  18  0.563   0.487 Y  0.450      SignalP-TM
fig|2005473.94.peg.1288    0.373  25  0.511  25  0.904   2  0.788   0.641 Y  0.570      SignalP-noTM
fig|2005473.94.peg.129     0.650  26  0.715  26  0.936   8  0.831   0.760 Y  0.450      SignalP-TM
fig|2005473.94.peg.129     0.828  26  0.826  26  0.950  22  0.855   0.840 Y  0.570      SignalP-noTM
fig|2005473.94.peg.1290    0.221  24  0.425  24  0.947   2  0.868   0.633 Y  0.570      SignalP-noTM
fig|2005473.94.peg.1290    0.286  24  0.468  24  0.867  14  0.784   0.591 Y  0.450      SignalP-TM
fig|2005473.94.peg.1340    0.233  27  0.411  27  0.927  16  0.797   0.562 Y  0.450      SignalP-TM
fig|2005473.94.peg.1340    0.643  21  0.775  21  0.964  16  0.928   0.847 Y  0.570      SignalP-noTM
fig|2005473.94.peg.1342    0.434  23  0.580  23  0.894  16  0.771   0.670 Y  0.570      SignalP-noTM
fig|2005473.94.peg.1343    0.156  26  0.345  22  0.900   7  0.839   0.577 Y  0.570      SignalP-noTM
fig|2005473.94.peg.1343    0.174  27  0.279  13  0.862   8  0.786   0.476 Y  0.450      SignalP-TM
fig|2005473.94.peg.135     0.514  24  0.639  24  0.934  12  0.840   0.734 Y  0.570      SignalP-noTM
fig|2005473.94.peg.135     0.626  24  0.764  24  0.946   8  0.927   0.828 Y  0.450      SignalP-TM
fig|2005473.94.peg.1358    0.199  24  0.384  24  0.841  19  0.735   0.521 Y  0.450      SignalP-TM
fig|2005473.94.peg.1358    0.531  24  0.665  24  0.965  20  0.847   0.751 Y  0.570      SignalP-noTM
fig|2005473.94.peg.1359    0.586  28  0.657  28  0.917  26  0.643   0.650 Y  0.570      SignalP-noTM
fig|2005473.94.peg.1364    0.497  26  0.564  26  0.881  20  0.674   0.615 Y  0.570      SignalP-noTM
fig|2005473.94.peg.1364    0.634  26  0.706  26  0.881  20  0.739   0.719 Y  0.450      SignalP-TM
fig|2005473.94.peg.1368    0.197  28  0.414  28  0.952  15  0.870   0.592 Y  0.450      SignalP-TM
fig|2005473.94.peg.1368    0.392  25  0.609  25  0.975  19  0.939   0.764 Y  0.570      SignalP-noTM
fig|2005473.94.peg.1394    0.824  21  0.875  21  0.944  11  0.915   0.894 Y  0.570      SignalP-noTM
fig|2005473.94.peg.140     0.159  33  0.364  18  0.940  15  0.840   0.549 Y  0.450      SignalP-TM
fig|2005473.94.peg.140     0.578  18  0.752  18  0.986  14  0.956   0.848 Y  0.570      SignalP-noTM
fig|2005473.94.peg.1410    0.660  21  0.630  21  0.856   3  0.658   0.643 Y  0.570      SignalP-noTM
fig|2005473.94.peg.1412    0.592  28  0.673  28  0.950  12  0.832   0.735 Y  0.450      SignalP-TM
fig|2005473.94.peg.1412    0.641  28  0.651  28  0.960  11  0.791   0.717 Y  0.570      SignalP-noTM
fig|2005473.94.peg.1417    0.182  50  0.331  20  0.894   6  0.798   0.513 Y  0.450      SignalP-TM
fig|2005473.94.peg.1417    0.386  20  0.588  20  0.947  11  0.891   0.731 Y  0.570      SignalP-noTM
fig|2005473.94.peg.1426    0.468  32  0.470  32  0.730   6  0.545   0.500 Y  0.450      SignalP-TM
fig|2005473.94.peg.1427    0.345  27  0.442  27  0.788  19  0.617   0.511 Y  0.450      SignalP-TM
fig|2005473.94.peg.143     0.405  24  0.579  24  0.889   8  0.827   0.676 Y  0.450      SignalP-TM
fig|2005473.94.peg.143     0.762  24  0.797  24  0.956  20  0.865   0.829 Y  0.570      SignalP-noTM
fig|2005473.94.peg.144     0.273  21  0.433  21  0.914   5  0.756   0.559 Y  0.450      SignalP-TM
fig|2005473.94.peg.144     0.798  21  0.860  21  0.979  17  0.927   0.892 Y  0.570      SignalP-noTM
fig|2005473.94.peg.1443    0.604  25  0.581  25  0.798  10  0.650   0.608 Y  0.450      SignalP-TM
fig|2005473.94.peg.1443    0.723  25  0.732  25  0.916  15  0.800   0.764 Y  0.570      SignalP-noTM
fig|2005473.94.peg.1444    0.733  25  0.823  25  0.979  17  0.933   0.875 Y  0.570      SignalP-noTM
fig|2005473.94.peg.1444    0.752  25  0.829  25  0.961  16  0.894   0.854 Y  0.450      SignalP-TM
fig|2005473.94.peg.1449    0.568  29  0.665  29  0.860  16  0.716   0.685 Y  0.450      SignalP-TM
fig|2005473.94.peg.1449    0.782  29  0.806  29  0.964  15  0.875   0.838 Y  0.570      SignalP-noTM
fig|2005473.94.peg.145     0.611  24  0.702  24  0.911  16  0.830   0.752 Y  0.450      SignalP-TM
fig|2005473.94.peg.145     0.794  24  0.821  24  0.961  15  0.889   0.853 Y  0.570      SignalP-noTM
fig|2005473.94.peg.1451    0.145  23  0.285  13  0.846   3  0.714   0.452 Y  0.450      SignalP-TM
fig|2005473.94.peg.1452    0.138  19  0.346  19  0.932  17  0.875   0.595 Y  0.570      SignalP-noTM
fig|2005473.94.peg.1452    0.215  25  0.379  25  0.863   6  0.734   0.517 Y  0.450      SignalP-TM
fig|2005473.94.peg.1464    0.179  26  0.331  26  0.791   3  0.654   0.457 Y  0.450      SignalP-TM
fig|2005473.94.peg.1464    0.291  26  0.457  26  0.933  18  0.800   0.618 Y  0.570      SignalP-noTM
fig|2005473.94.peg.147     0.454  21  0.651  21  0.967  17  0.927   0.781 Y  0.570      SignalP-noTM
fig|2005473.94.peg.1478    0.180  24  0.369  24  0.882  18  0.739   0.513 Y  0.450      SignalP-TM
fig|2005473.94.peg.148     0.367  23  0.507  23  0.840  21  0.644   0.561 Y  0.450      SignalP-TM
fig|2005473.94.peg.148     0.385  23  0.506  23  0.834  18  0.658   0.577 Y  0.570      SignalP-noTM
fig|2005473.94.peg.149     0.399  25  0.488  25  0.779  11  0.631   0.544 Y  0.450      SignalP-TM
fig|2005473.94.peg.149     0.554  25  0.627  25  0.912   8  0.790   0.704 Y  0.570      SignalP-noTM
fig|2005473.94.peg.1491    0.191  27  0.360  23  0.805  10  0.702   0.493 Y  0.450      SignalP-TM
fig|2005473.94.peg.1494    0.147  66  0.303  21  0.883   3  0.804   0.499 Y  0.450      SignalP-TM
fig|2005473.94.peg.1494    0.212  18  0.440  18  0.963   1  0.922   0.667 Y  0.570      SignalP-noTM
fig|2005473.94.peg.1495    0.207  26  0.335  26  0.816   6  0.648   0.457 Y  0.450      SignalP-TM
fig|2005473.94.peg.1498    0.312  19  0.428  19  0.831   2  0.632   0.507 Y  0.450      SignalP-TM
fig|2005473.94.peg.1498    0.541  19  0.633  19  0.832   1  0.747   0.687 Y  0.570      SignalP-noTM
fig|2005473.94.peg.1503    0.144  26  0.313  26  0.862   8  0.746   0.482 Y  0.450      SignalP-TM
fig|2005473.94.peg.1503    0.273  22  0.476  22  0.923   1  0.852   0.653 Y  0.570      SignalP-noTM
fig|2005473.94.peg.1512    0.388  26  0.428  26  0.705   8  0.546   0.474 Y  0.450      SignalP-TM
fig|2005473.94.peg.1512    0.551  26  0.593  26  0.795   9  0.696   0.641 Y  0.570      SignalP-noTM
fig|2005473.94.peg.1549    0.542  26  0.612  26  0.791  17  0.611   0.611 Y  0.450      SignalP-TM
fig|2005473.94.peg.1550    0.597  20  0.545  20  0.707  16  0.496   0.526 Y  0.450      SignalP-TM
fig|2005473.94.peg.1554    0.177  25  0.334  25  0.846  17  0.716   0.483 Y  0.450      SignalP-TM
fig|2005473.94.peg.1554    0.303  20  0.439  20  0.738  17  0.650   0.517 Y  0.510      SignalP-TM
fig|2005473.94.peg.1558    0.297  19  0.476  19  0.833  16  0.743   0.580 Y  0.450      SignalP-TM
fig|2005473.94.peg.1558    0.748  19  0.800  19  0.902  16  0.849   0.823 Y  0.570      SignalP-noTM
fig|2005473.94.peg.1559    0.216  22  0.422  22  0.880  12  0.793   0.567 Y  0.450      SignalP-TM
fig|2005473.94.peg.1559    0.554  22  0.692  22  0.920  12  0.861   0.772 Y  0.570      SignalP-noTM
fig|2005473.94.peg.1570    0.218  23  0.406  23  0.865   9  0.748   0.540 Y  0.450      SignalP-TM
fig|2005473.94.peg.1570    0.457  23  0.578  23  0.919  21  0.751   0.659 Y  0.570      SignalP-noTM
fig|2005473.94.peg.1573    0.282  20  0.502  20  0.928  17  0.890   0.653 Y  0.450      SignalP-TM
fig|2005473.94.peg.1573    0.514  20  0.707  20  0.988  10  0.952   0.822 Y  0.570      SignalP-noTM
fig|2005473.94.peg.1574    0.280  23  0.485  23  0.928  18  0.859   0.631 Y  0.450      SignalP-TM
fig|2005473.94.peg.1574    0.778  23  0.827  23  0.935  18  0.894   0.858 Y  0.570      SignalP-noTM
fig|2005473.94.peg.1576    0.368  26  0.562  26  0.951  17  0.891   0.717 Y  0.570      SignalP-noTM
fig|2005473.94.peg.1576    0.445  26  0.632  26  0.969  10  0.909   0.740 Y  0.450      SignalP-TM
fig|2005473.94.peg.1578    0.498  23  0.675  23  0.946  17  0.906   0.765 Y  0.450      SignalP-TM
fig|2005473.94.peg.1578    0.773  23  0.865  23  0.989  11  0.967   0.913 Y  0.570      SignalP-noTM
fig|2005473.94.peg.159     0.401  21  0.553  21  0.845   4  0.782   0.643 Y  0.450      SignalP-TM
fig|2005473.94.peg.159     0.801  21  0.867  21  0.964   8  0.937   0.900 Y  0.570      SignalP-noTM
fig|2005473.94.peg.1598    0.415  27  0.556  27  0.860  15  0.739   0.627 Y  0.450      SignalP-TM
fig|2005473.94.peg.1598    0.569  24  0.709  24  0.949  21  0.865   0.782 Y  0.570      SignalP-noTM
fig|2005473.94.peg.1599    0.239  24  0.423  24  0.870  21  0.652   0.512 Y  0.450      SignalP-TM
fig|2005473.94.peg.1599    0.369  24  0.519  24  0.862   1  0.746   0.626 Y  0.570      SignalP-noTM
fig|2005473.94.peg.161     0.172  32  0.362  21  0.908   2  0.852   0.553 Y  0.450      SignalP-TM
fig|2005473.94.peg.161     0.253  42  0.416  20  0.970  15  0.942   0.663 Y  0.570      SignalP-noTM
fig|2005473.94.peg.1616    0.713  47  0.750  47  0.902  34  0.521   0.661 Y  0.450      SignalP-TM
fig|2005473.94.peg.1619    0.611  24  0.702  24  0.918  17  0.802   0.749 Y  0.570      SignalP-noTM
fig|2005473.94.peg.1619    0.652  24  0.710  24  0.884  17  0.726   0.717 Y  0.450      SignalP-TM
fig|2005473.94.peg.162     0.184  20  0.372  20  0.840  18  0.743   0.517 Y  0.450      SignalP-TM
fig|2005473.94.peg.162     0.545  20  0.723  20  0.969  17  0.942   0.826 Y  0.570      SignalP-noTM
fig|2005473.94.peg.1622    0.167  21  0.388  21  0.925  13  0.892   0.625 Y  0.570      SignalP-noTM
fig|2005473.94.peg.1622    0.198  31  0.349  26  0.903  13  0.754   0.507 Y  0.450      SignalP-TM
fig|2005473.94.peg.1623    0.244  25  0.449  25  0.919  16  0.838   0.632 Y  0.570      SignalP-noTM
fig|2005473.94.peg.1623    0.274  25  0.473  25  0.909  16  0.796   0.599 Y  0.450      SignalP-TM
fig|2005473.94.peg.1624    0.368  42  0.537  42  0.902  29  0.697   0.600 Y  0.450      SignalP-TM
fig|2005473.94.peg.1624    0.391  41  0.571  41  0.981  23  0.789   0.673 Y  0.570      SignalP-noTM
fig|2005473.94.peg.163     0.175  31  0.320  21  0.888  18  0.757   0.491 Y  0.450      SignalP-TM
fig|2005473.94.peg.163     0.204  23  0.421  23  0.939  17  0.879   0.636 Y  0.570      SignalP-noTM
fig|2005473.94.peg.1631    0.190  25  0.390  25  0.935  15  0.856   0.572 Y  0.450      SignalP-TM
fig|2005473.94.peg.1631    0.580  20  0.714  20  0.918  12  0.885   0.794 Y  0.570      SignalP-noTM
fig|2005473.94.peg.1635    0.475  31  0.572  22  0.939  12  0.880   0.692 Y  0.450      SignalP-TM
fig|2005473.94.peg.1635    0.822  22  0.864  22  0.967  20  0.897   0.880 Y  0.570      SignalP-noTM
fig|2005473.94.peg.1636    0.239  27  0.400  25  0.854   9  0.769   0.573 Y  0.570      SignalP-noTM
fig|2005473.94.peg.1636    0.333  27  0.530  27  0.905  17  0.815   0.641 Y  0.450      SignalP-TM
fig|2005473.94.peg.1638    0.313  23  0.462  23  0.804  18  0.687   0.550 Y  0.450      SignalP-TM
fig|2005473.94.peg.1638    0.339  22  0.558  22  0.940  11  0.910   0.723 Y  0.570      SignalP-noTM
fig|2005473.94.peg.164     0.406  24  0.579  24  0.920   2  0.856   0.687 Y  0.450      SignalP-TM
fig|2005473.94.peg.164     0.751  24  0.788  24  0.939  17  0.846   0.815 Y  0.570      SignalP-noTM
fig|2005473.94.peg.1648    0.264  27  0.455  27  0.948  12  0.822   0.598 Y  0.450      SignalP-TM
fig|2005473.94.peg.1648    0.362  25  0.552  25  0.966  16  0.892   0.712 Y  0.570      SignalP-noTM
fig|2005473.94.peg.1650    0.250  23  0.460  23  0.911   2  0.867   0.651 Y  0.570      SignalP-noTM
fig|2005473.94.peg.1650    0.526  47  0.434  33  0.864  15  0.795   0.575 Y  0.450      SignalP-TM
fig|2005473.94.peg.1655    0.379  23  0.521  23  0.869  21  0.684   0.585 Y  0.450      SignalP-TM
fig|2005473.94.peg.1655    0.610  23  0.650  23  0.789  19  0.693   0.670 Y  0.570      SignalP-noTM
fig|2005473.94.peg.1672    0.257  23  0.489  23  0.981  22  0.909   0.686 Y  0.570      SignalP-noTM
fig|2005473.94.peg.1674    0.212  26  0.377  26  0.773   9  0.696   0.501 Y  0.450      SignalP-TM
fig|2005473.94.peg.1685    0.302  23  0.428  23  0.766   7  0.640   0.511 Y  0.450      SignalP-TM
fig|2005473.94.peg.1685    0.457  24  0.577  24  0.897  21  0.756   0.661 Y  0.570      SignalP-noTM
fig|2005473.94.peg.1689    0.389  24  0.489  24  0.788  13  0.636   0.547 Y  0.450      SignalP-TM
fig|2005473.94.peg.1689    0.694  24  0.790  24  0.947  16  0.878   0.831 Y  0.570      SignalP-noTM
fig|2005473.94.peg.169     0.139  38  0.301  23  0.929   7  0.843   0.513 Y  0.450      SignalP-TM
fig|2005473.94.peg.169     0.152  26  0.353  23  0.937   5  0.903   0.612 Y  0.570      SignalP-noTM
fig|2005473.94.peg.1692    0.140  24  0.350  24  0.929  10  0.891   0.604 Y  0.570      SignalP-noTM
fig|2005473.94.peg.1692    0.351  27  0.540  27  0.895  15  0.820   0.649 Y  0.450      SignalP-TM
fig|2005473.94.peg.1696    0.347  30  0.526  30  0.934  23  0.710   0.597 Y  0.450      SignalP-TM
fig|2005473.94.peg.1696    0.530  30  0.568  30  0.876  14  0.716   0.637 Y  0.570      SignalP-noTM
fig|2005473.94.peg.1697    0.162  21  0.384  21  0.953  17  0.913   0.632 Y  0.570      SignalP-noTM
fig|2005473.94.peg.1697    0.258  28  0.463  28  0.957  14  0.873   0.623 Y  0.450      SignalP-TM
fig|2005473.94.peg.1698    0.173  18  0.336  18  0.792   2  0.679   0.470 Y  0.450      SignalP-TM
fig|2005473.94.peg.1698    0.191  18  0.393  18  0.905   1  0.827   0.597 Y  0.570      SignalP-noTM
fig|2005473.94.peg.170     0.329  22  0.539  22  0.951   6  0.906   0.711 Y  0.570      SignalP-noTM
fig|2005473.94.peg.170     0.461  29  0.484  29  0.802   4  0.607   0.532 Y  0.450      SignalP-TM
fig|2005473.94.peg.1701    0.221  25  0.409  25  0.941  17  0.818   0.601 Y  0.570      SignalP-noTM
fig|2005473.94.peg.1701    0.265  22  0.405  22  0.766   6  0.648   0.500 Y  0.450      SignalP-TM
fig|2005473.94.peg.1702    0.479  21  0.553  21  0.835  16  0.652   0.599 Y  0.570      SignalP-noTM
fig|2005473.94.peg.171     0.209  22  0.406  22  0.917   2  0.814   0.598 Y  0.570      SignalP-noTM
fig|2005473.94.peg.1710    0.258  27  0.412  27  0.931  17  0.718   0.531 Y  0.450      SignalP-TM
fig|2005473.94.peg.1710    0.344  20  0.543  20  0.934  16  0.860   0.692 Y  0.570      SignalP-noTM
fig|2005473.94.peg.1715    0.283  23  0.491  23  0.949   8  0.868   0.638 Y  0.450      SignalP-TM
fig|2005473.94.peg.1723    0.402  28  0.585  28  0.929  21  0.766   0.656 Y  0.450      SignalP-TM
fig|2005473.94.peg.1733    0.465  20  0.634  20  0.909   3  0.867   0.725 Y  0.450      SignalP-TM
fig|2005473.94.peg.1733    0.829  20  0.895  20  0.976  17  0.953   0.922 Y  0.570      SignalP-noTM
fig|2005473.94.peg.1743    0.325  20  0.520  20  0.908  12  0.838   0.644 Y  0.450      SignalP-TM
fig|2005473.94.peg.1743    0.836  20  0.895  20  0.975  17  0.949   0.921 Y  0.570      SignalP-noTM
fig|2005473.94.peg.1747    0.572  23  0.705  23  0.915   7  0.867   0.768 Y  0.450      SignalP-TM
fig|2005473.94.peg.1747    0.775  23  0.823  23  0.955  10  0.892   0.855 Y  0.570      SignalP-noTM
fig|2005473.94.peg.1751    0.555  22  0.683  22  0.902  16  0.837   0.743 Y  0.450      SignalP-TM
fig|2005473.94.peg.1751    0.881  22  0.920  22  0.981  11  0.954   0.936 Y  0.570      SignalP-noTM
fig|2005473.94.peg.1752    0.327  24  0.551  24  0.970  16  0.917   0.693 Y  0.450      SignalP-TM
fig|2005473.94.peg.1752    0.599  24  0.729  24  0.968  15  0.915   0.817 Y  0.570      SignalP-noTM
fig|2005473.94.peg.1757    0.688  25  0.760  25  0.921  18  0.827   0.786 Y  0.450      SignalP-TM
fig|2005473.94.peg.1757    0.845  25  0.845  25  0.969  18  0.875   0.859 Y  0.570      SignalP-noTM
fig|2005473.94.peg.1761    0.228  25  0.398  25  0.796   4  0.717   0.522 Y  0.450      SignalP-TM
fig|2005473.94.peg.1761    0.559  25  0.618  25  0.777  18  0.655   0.632 Y  0.510      SignalP-TM
fig|2005473.94.peg.1762    0.321  29  0.468  29  0.886  16  0.701   0.559 Y  0.450      SignalP-TM
fig|2005473.94.peg.1784    0.515  23  0.667  23  0.922   3  0.876   0.749 Y  0.450      SignalP-TM
fig|2005473.94.peg.1784    0.641  23  0.778  23  0.969  19  0.946   0.857 Y  0.570      SignalP-noTM
fig|2005473.94.peg.1786    0.288  21  0.484  21  0.905  10  0.821   0.616 Y  0.450      SignalP-TM
fig|2005473.94.peg.1786    0.374  21  0.599  21  0.976  11  0.958   0.768 Y  0.570      SignalP-noTM
fig|2005473.94.peg.179     0.184  36  0.380  25  0.891  23  0.816   0.550 Y  0.450      SignalP-TM
fig|2005473.94.peg.179     0.475  25  0.652  25  0.982  11  0.924   0.780 Y  0.570      SignalP-noTM
fig|2005473.94.peg.1790    0.607  25  0.740  25  0.973  21  0.928   0.828 Y  0.570      SignalP-noTM
fig|2005473.94.peg.1790    0.629  25  0.708  25  0.954   6  0.860   0.768 Y  0.450      SignalP-TM
fig|2005473.94.peg.1802    0.169  29  0.323  14  0.903  12  0.879   0.540 Y  0.450      SignalP-TM
fig|2005473.94.peg.1802    0.182  18  0.405  18  0.971   5  0.917   0.646 Y  0.570      SignalP-noTM
fig|2005473.94.peg.1809    0.342  25  0.485  25  0.896   2  0.750   0.589 Y  0.450      SignalP-TM
fig|2005473.94.peg.1809    0.597  25  0.687  25  0.924   2  0.835   0.756 Y  0.570      SignalP-noTM
fig|2005473.94.peg.1810    0.388  30  0.450  30  0.953  12  0.748   0.590 Y  0.570      SignalP-noTM
fig|2005473.94.peg.1810    0.426  30  0.511  30  0.934   8  0.765   0.610 Y  0.450      SignalP-TM
fig|2005473.94.peg.1813    0.357  20  0.555  20  0.924   1  0.876   0.706 Y  0.570      SignalP-noTM
fig|2005473.94.peg.1814    0.640  24  0.744  24  0.966  20  0.890   0.813 Y  0.570      SignalP-noTM
fig|2005473.94.peg.1814    0.646  24  0.722  24  0.908  19  0.819   0.760 Y  0.450      SignalP-TM
fig|2005473.94.peg.1829    0.404  27  0.557  27  0.906  14  0.794   0.669 Y  0.570      SignalP-noTM
fig|2005473.94.peg.1829    0.567  27  0.655  27  0.886  10  0.807   0.714 Y  0.450      SignalP-TM
fig|2005473.94.peg.1834    0.559  35  0.633  35  0.849  31  0.593   0.617 Y  0.450      SignalP-TM
fig|2005473.94.peg.1834    0.589  35  0.720  35  0.975  31  0.805   0.760 Y  0.570      SignalP-noTM
fig|2005473.94.peg.1837    0.738  27  0.812  27  0.940  24  0.883   0.840 Y  0.450      SignalP-TM
fig|2005473.94.peg.1837    0.839  27  0.853  27  0.951  24  0.885   0.868 Y  0.570      SignalP-noTM
fig|2005473.94.peg.1838    0.218  30  0.361  13  0.974   9  0.911   0.620 Y  0.570      SignalP-noTM
fig|2005473.94.peg.1838    0.414  30  0.443  30  0.886  14  0.674   0.533 Y  0.450      SignalP-TM
fig|2005473.94.peg.1839    0.414  36  0.518  23  0.914  21  0.780   0.620 Y  0.450      SignalP-TM
fig|2005473.94.peg.1839    0.488  24  0.651  24  0.946  13  0.875   0.757 Y  0.570      SignalP-noTM
fig|2005473.94.peg.1845    0.844  22  0.843  22  0.936  20  0.820   0.832 Y  0.570      SignalP-noTM
fig|2005473.94.peg.1852    0.232  27  0.364  25  0.804  18  0.678   0.486 Y  0.450      SignalP-TM
fig|2005473.94.peg.1852    0.618  20  0.743  20  0.942  16  0.899   0.816 Y  0.570      SignalP-noTM
fig|2005473.94.peg.1853    0.388  20  0.490  20  0.813   1  0.662   0.571 Y  0.570      SignalP-noTM
fig|2005473.94.peg.1881    0.585  20  0.688  20  0.885  18  0.807   0.744 Y  0.570      SignalP-noTM
fig|2005473.94.peg.1882    0.218  24  0.418  24  0.921   1  0.839   0.616 Y  0.570      SignalP-noTM
fig|2005473.94.peg.1898    0.157  26  0.317  26  0.896   8  0.709   0.470 Y  0.450      SignalP-TM
fig|2005473.94.peg.1898    0.198  20  0.394  20  0.878  16  0.801   0.585 Y  0.570      SignalP-noTM
fig|2005473.94.peg.1899    0.699  31  0.644  31  0.820  23  0.617   0.632 Y  0.570      SignalP-noTM
fig|2005473.94.peg.19      0.430  46  0.578  46  0.918  37  0.589   0.583 Y  0.570      SignalP-noTM
fig|2005473.94.peg.1902    0.150  20  0.320  20  0.792  16  0.695   0.466 Y  0.450      SignalP-TM
fig|2005473.94.peg.1902    0.303  22  0.453  22  0.896  16  0.726   0.581 Y  0.570      SignalP-noTM
fig|2005473.94.peg.1911    0.181  30  0.406  30  0.972  18  0.860   0.620 Y  0.570      SignalP-noTM
fig|2005473.94.peg.1911    0.271  41  0.402  33  0.981  18  0.855   0.579 Y  0.450      SignalP-TM
fig|2005473.94.peg.1922    0.721  19  0.741  19  0.914   1  0.778   0.759 Y  0.570      SignalP-noTM
fig|2005473.94.peg.1923    0.151  25  0.339  25  0.919   7  0.821   0.527 Y  0.450      SignalP-TM
fig|2005473.94.peg.1923    0.287  28  0.443  28  0.944   6  0.816   0.618 Y  0.570      SignalP-noTM
fig|2005473.94.peg.1935    0.202  23  0.411  23  0.954  19  0.865   0.625 Y  0.570      SignalP-noTM
fig|2005473.94.peg.1938    0.382  20  0.530  20  0.874  19  0.758   0.637 Y  0.570      SignalP-noTM
fig|2005473.94.peg.1943    0.670  24  0.759  24  0.914  19  0.813   0.780 Y  0.450      SignalP-TM
fig|2005473.94.peg.1943    0.794  24  0.833  24  0.946  20  0.855   0.844 Y  0.570      SignalP-noTM
fig|2005473.94.peg.1955    0.224  29  0.414  29  0.880  23  0.775   0.555 Y  0.450      SignalP-TM
fig|2005473.94.peg.1955    0.322  25  0.537  25  0.922  13  0.899   0.707 Y  0.570      SignalP-noTM
fig|2005473.94.peg.1956    0.566  26  0.735  26  0.992  14  0.963   0.842 Y  0.570      SignalP-noTM
fig|2005473.94.peg.1956    0.581  26  0.737  26  0.961  17  0.904   0.802 Y  0.450      SignalP-TM
fig|2005473.94.peg.1958    0.243  21  0.430  21  0.934   1  0.797   0.602 Y  0.570      SignalP-noTM
fig|2005473.94.peg.1959    0.277  23  0.436  23  0.763   9  0.674   0.529 Y  0.450      SignalP-TM
fig|2005473.94.peg.1959    0.814  23  0.831  23  0.910  22  0.845   0.838 Y  0.570      SignalP-noTM
fig|2005473.94.peg.1975    0.193  23  0.416  23  0.946  19  0.903   0.645 Y  0.570      SignalP-noTM
fig|2005473.94.peg.20      0.273  32  0.484  32  0.936  16  0.820   0.615 Y  0.450      SignalP-TM
fig|2005473.94.peg.20      0.641  26  0.786  26  0.989  24  0.931   0.854 Y  0.570      SignalP-noTM
fig|2005473.94.peg.2002    0.267  37  0.439  37  0.960  21  0.769   0.568 Y  0.450      SignalP-TM
fig|2005473.94.peg.2002    0.491  31  0.669  31  0.990  23  0.899   0.777 Y  0.570      SignalP-noTM
fig|2005473.94.peg.2015    0.183  21  0.386  21  0.917  18  0.824   0.557 Y  0.450      SignalP-TM
fig|2005473.94.peg.2015    0.308  21  0.528  21  0.966  10  0.915   0.709 Y  0.570      SignalP-noTM
fig|2005473.94.peg.2016    0.202  45  0.344  21  0.891  16  0.776   0.513 Y  0.450      SignalP-TM
fig|2005473.94.peg.2016    0.381  45  0.542  21  0.955  17  0.883   0.702 Y  0.570      SignalP-noTM
fig|2005473.94.peg.2017    0.578  33  0.720  33  0.975  19  0.828   0.770 Y  0.570      SignalP-noTM
fig|2005473.94.peg.2021    0.470  22  0.569  22  0.806   2  0.716   0.626 Y  0.450      SignalP-TM
fig|2005473.94.peg.2021    0.502  22  0.629  22  0.916  13  0.823   0.720 Y  0.570      SignalP-noTM
fig|2005473.94.peg.2029    0.373  28  0.521  28  0.842  21  0.706   0.594 Y  0.450      SignalP-TM
fig|2005473.94.peg.2029    0.391  26  0.535  26  0.896  22  0.756   0.638 Y  0.570      SignalP-noTM
fig|2005473.94.peg.2047    0.465  23  0.541  23  0.797   8  0.659   0.587 Y  0.450      SignalP-TM
fig|2005473.94.peg.2047    0.562  23  0.544  23  0.748   5  0.589   0.560 Y  0.510      SignalP-TM
fig|2005473.94.peg.2050    0.201  22  0.426  22  0.974  12  0.918   0.658 Y  0.570      SignalP-noTM
fig|2005473.94.peg.2050    0.254  26  0.473  26  0.967  14  0.900   0.639 Y  0.450      SignalP-TM
fig|2005473.94.peg.2056    0.591  23  0.712  23  0.971  19  0.889   0.795 Y  0.570      SignalP-noTM
fig|2005473.94.peg.2056    0.610  23  0.707  23  0.911  16  0.827   0.753 Y  0.450      SignalP-TM
fig|2005473.94.peg.2058    0.332  30  0.454  30  0.869   2  0.700   0.550 Y  0.450      SignalP-TM
fig|2005473.94.peg.2066    0.274  30  0.510  30  0.989  17  0.938   0.677 Y  0.450      SignalP-TM
fig|2005473.94.peg.2066    0.716  29  0.838  29  0.998  17  0.966   0.898 Y  0.570      SignalP-noTM
fig|2005473.94.peg.2088    0.207  27  0.342  27  0.856  12  0.684   0.476 Y  0.450      SignalP-TM
fig|2005473.94.peg.2088    0.218  25  0.410  19  0.914  12  0.847   0.572 Y  0.510      SignalP-TM
fig|2005473.94.peg.21      0.138  25  0.310  25  0.816   5  0.707   0.465 Y  0.450      SignalP-TM
fig|2005473.94.peg.21      0.169  21  0.385  21  0.935  17  0.886   0.620 Y  0.570      SignalP-noTM
fig|2005473.94.peg.2100    0.294  24  0.512  24  0.927  18  0.851   0.644 Y  0.450      SignalP-TM
fig|2005473.94.peg.2100    0.848  24  0.901  24  0.973  13  0.948   0.923 Y  0.570      SignalP-noTM
fig|2005473.94.peg.2102    0.274  37  0.364  30  0.769  19  0.588   0.451 Y  0.450      SignalP-TM
fig|2005473.94.peg.2103    0.274  34  0.346  34  0.845   4  0.636   0.459 Y  0.450      SignalP-TM
fig|2005473.94.peg.2103    0.283  20  0.511  20  0.950  16  0.912   0.699 Y  0.570      SignalP-noTM
fig|2005473.94.peg.2107    0.167  20  0.369  20  0.906   1  0.842   0.591 Y  0.570      SignalP-noTM
fig|2005473.94.peg.2107    0.455  27  0.487  27  0.803   4  0.629   0.542 Y  0.450      SignalP-TM
fig|2005473.94.peg.2108    0.225  33  0.320  22  0.851   6  0.783   0.500 Y  0.450      SignalP-TM
fig|2005473.94.peg.2108    0.326  22  0.535  22  0.954  10  0.889   0.701 Y  0.570      SignalP-noTM
fig|2005473.94.peg.2115    0.332  21  0.570  21  0.987  13  0.963   0.754 Y  0.570      SignalP-noTM
fig|2005473.94.peg.2115    0.339  23  0.529  23  0.896  22  0.765   0.621 Y  0.450      SignalP-TM
fig|2005473.94.peg.2117    0.721  25  0.728  25  0.829   4  0.757   0.739 Y  0.450      SignalP-TM
fig|2005473.94.peg.2117    0.750  25  0.761  25  0.905  14  0.805   0.782 Y  0.570      SignalP-noTM
fig|2005473.94.peg.212     0.396  22  0.525  22  0.946   7  0.787   0.649 Y  0.570      SignalP-noTM
fig|2005473.94.peg.2134    0.363  24  0.553  24  0.909  17  0.834   0.663 Y  0.450      SignalP-TM
fig|2005473.94.peg.2134    0.366  22  0.567  22  0.944  20  0.883   0.715 Y  0.570      SignalP-noTM
fig|2005473.94.peg.2135    0.267  24  0.458  24  0.936  13  0.836   0.636 Y  0.570      SignalP-noTM
fig|2005473.94.peg.2135    0.270  24  0.449  24  0.855   9  0.767   0.573 Y  0.450      SignalP-TM
fig|2005473.94.peg.2136    0.174  25  0.391  25  0.946   6  0.897   0.629 Y  0.570      SignalP-noTM
fig|2005473.94.peg.2136    0.376  29  0.524  29  0.934   8  0.816   0.638 Y  0.450      SignalP-TM
fig|2005473.94.peg.2137    0.596  40  0.562  40  0.681  29  0.468   0.526 Y  0.450      SignalP-TM
fig|2005473.94.peg.2139    0.618  23  0.746  23  0.934  20  0.883   0.799 Y  0.450      SignalP-TM
fig|2005473.94.peg.2139    0.761  23  0.846  23  0.965  15  0.935   0.887 Y  0.570      SignalP-noTM
fig|2005473.94.peg.2140    0.253  21  0.468  21  0.953   9  0.866   0.623 Y  0.450      SignalP-TM
fig|2005473.94.peg.2140    0.625  21  0.776  21  0.978  15  0.949   0.857 Y  0.570      SignalP-noTM
fig|2005473.94.peg.2141    0.182  36  0.378  18  0.957  17  0.897   0.581 Y  0.450      SignalP-TM
fig|2005473.94.peg.2141    0.338  20  0.569  20  0.968  16  0.947   0.747 Y  0.570      SignalP-noTM
fig|2005473.94.peg.2144    0.302  28  0.518  28  0.942  25  0.824   0.637 Y  0.450      SignalP-TM
fig|2005473.94.peg.2144    0.385  26  0.615  26  0.993  15  0.964   0.779 Y  0.570      SignalP-noTM
fig|2005473.94.peg.2153    0.802  24  0.832  24  0.951  20  0.878   0.854 Y  0.570      SignalP-noTM
fig|2005473.94.peg.2156    0.320  22  0.428  22  0.679  16  0.582   0.488 Y  0.450      SignalP-TM
fig|2005473.94.peg.2156    0.325  22  0.487  22  0.880  18  0.741   0.606 Y  0.570      SignalP-noTM
fig|2005473.94.peg.2163    0.664  24  0.719  24  0.851  19  0.703   0.713 Y  0.450      SignalP-TM
fig|2005473.94.peg.2163    0.692  24  0.761  24  0.932  21  0.842   0.799 Y  0.570      SignalP-noTM
fig|2005473.94.peg.2173    0.231  26  0.469  26  0.987  11  0.949   0.656 Y  0.450      SignalP-TM
fig|2005473.94.peg.2173    0.652  27  0.775  27  0.996  11  0.951   0.858 Y  0.570      SignalP-noTM
fig|2005473.94.peg.2186    0.296  27  0.452  27  0.824  12  0.716   0.555 Y  0.450      SignalP-TM
fig|2005473.94.peg.2186    0.458  27  0.596  27  0.935  25  0.797   0.691 Y  0.570      SignalP-noTM
fig|2005473.94.peg.2188    0.279  28  0.427  28  0.777  25  0.572   0.484 Y  0.450      SignalP-TM
fig|2005473.94.peg.2188    0.435  28  0.617  28  0.954  17  0.826   0.715 Y  0.570      SignalP-noTM
fig|2005473.94.peg.2195    0.544  27  0.647  27  0.941  16  0.845   0.740 Y  0.570      SignalP-noTM
fig|2005473.94.peg.2195    0.554  27  0.680  27  0.960  10  0.882   0.759 Y  0.450      SignalP-TM
fig|2005473.94.peg.2196    0.715  33  0.679  33  0.789  18  0.647   0.667 Y  0.450      SignalP-TM
fig|2005473.94.peg.2196    0.824  33  0.752  33  0.940  21  0.773   0.762 Y  0.570      SignalP-noTM
fig|2005473.94.peg.2200    0.326  27  0.510  27  0.910  14  0.795   0.621 Y  0.450      SignalP-TM
fig|2005473.94.peg.2202    0.314  21  0.513  21  0.948   6  0.874   0.654 Y  0.450      SignalP-TM
fig|2005473.94.peg.2202    0.759  21  0.847  21  0.975   8  0.950   0.895 Y  0.570      SignalP-noTM
fig|2005473.94.peg.221     0.705  32  0.570  32  0.604  29  0.364   0.490 Y  0.450      SignalP-TM
fig|2005473.94.peg.2215    0.509  27  0.669  27  0.964  17  0.895   0.775 Y  0.570      SignalP-noTM
fig|2005473.94.peg.2215    0.597  27  0.685  27  0.868  17  0.731   0.703 Y  0.450      SignalP-TM
fig|2005473.94.peg.2220    0.706  22  0.715  22  0.800   9  0.715   0.715 Y  0.450      SignalP-TM
fig|2005473.94.peg.2220    0.819  22  0.869  22  0.972  17  0.912   0.889 Y  0.570      SignalP-noTM
fig|2005473.94.peg.2221    0.489  25  0.593  25  0.860   9  0.764   0.660 Y  0.450      SignalP-TM
fig|2005473.94.peg.2221    0.629  25  0.741  25  0.956  21  0.891   0.811 Y  0.570      SignalP-noTM
fig|2005473.94.peg.223     0.318  24  0.483  24  0.861   9  0.768   0.594 Y  0.450      SignalP-TM
fig|2005473.94.peg.223     0.704  24  0.795  24  0.965  20  0.904   0.847 Y  0.570      SignalP-noTM
fig|2005473.94.peg.2231    0.226  31  0.380  21  0.896  16  0.831   0.556 Y  0.450      SignalP-TM
fig|2005473.94.peg.2231    0.669  21  0.777  21  0.939   7  0.910   0.840 Y  0.570      SignalP-noTM
fig|2005473.94.peg.225     0.399  28  0.501  28  0.695  10  0.600   0.539 Y  0.450      SignalP-TM
fig|2005473.94.peg.225     0.670  28  0.737  28  0.945   7  0.835   0.783 Y  0.570      SignalP-noTM
fig|2005473.94.peg.2256    0.463  28  0.646  28  0.955  15  0.893   0.743 Y  0.450      SignalP-TM
fig|2005473.94.peg.2256    0.587  28  0.749  28  0.993  17  0.947   0.842 Y  0.570      SignalP-noTM
fig|2005473.94.peg.2263    0.565  30  0.684  30  0.941  18  0.811   0.734 Y  0.450      SignalP-TM
fig|2005473.94.peg.2263    0.590  24  0.734  24  0.967  19  0.908   0.816 Y  0.570      SignalP-noTM
fig|2005473.94.peg.2265    0.523  23  0.672  23  0.921  11  0.842   0.738 Y  0.450      SignalP-TM
fig|2005473.94.peg.2265    0.744  23  0.817  23  0.984   8  0.925   0.868 Y  0.570      SignalP-noTM
fig|2005473.94.peg.2266    0.456  30  0.642  23  0.984   8  0.966   0.768 Y  0.450      SignalP-TM
fig|2005473.94.peg.2266    0.706  23  0.811  23  0.983  19  0.940   0.872 Y  0.570      SignalP-noTM
fig|2005473.94.peg.2277    0.221  33  0.391  28  0.926   2  0.803   0.552 Y  0.450      SignalP-TM
fig|2005473.94.peg.2277    0.309  19  0.525  19  0.929   5  0.901   0.702 Y  0.570      SignalP-noTM
fig|2005473.94.peg.2279    0.188  21  0.391  21  0.956   1  0.848   0.606 Y  0.570      SignalP-noTM
fig|2005473.94.peg.2279    0.236  32  0.303  24  0.834  18  0.708   0.461 Y  0.450      SignalP-TM
fig|2005473.94.peg.228     0.172  23  0.365  23  0.953   7  0.849   0.593 Y  0.570      SignalP-noTM
fig|2005473.94.peg.228     0.190  28  0.356  28  0.908   4  0.776   0.520 Y  0.450      SignalP-TM
fig|2005473.94.peg.2280    0.150  23  0.371  23  0.949  19  0.923   0.630 Y  0.570      SignalP-noTM
fig|2005473.94.peg.2280    0.185  26  0.343  26  0.877   7  0.723   0.492 Y  0.450      SignalP-TM
fig|2005473.94.peg.2282    0.719  26  0.746  26  0.966  17  0.826   0.784 Y  0.570      SignalP-noTM
fig|2005473.94.peg.2283    0.218  27  0.412  27  0.986  17  0.868   0.626 Y  0.570      SignalP-noTM
fig|2005473.94.peg.2283    0.255  29  0.440  29  0.970  16  0.858   0.603 Y  0.450      SignalP-TM
fig|2005473.94.peg.229     0.244  22  0.461  22  0.919   9  0.843   0.610 Y  0.450      SignalP-TM
fig|2005473.94.peg.229     0.476  22  0.677  22  0.974  12  0.949   0.805 Y  0.570      SignalP-noTM
fig|2005473.94.peg.23      0.197  24  0.328  24  0.859   7  0.661   0.458 Y  0.450      SignalP-TM
fig|2005473.94.peg.23      0.252  19  0.471  19  0.936   6  0.896   0.671 Y  0.570      SignalP-noTM
fig|2005473.94.peg.230     0.466  20  0.615  20  0.939  18  0.794   0.699 Y  0.570      SignalP-noTM
fig|2005473.94.peg.2311    0.705  20  0.682  20  0.801  17  0.647   0.666 Y  0.570      SignalP-noTM
fig|2005473.94.peg.2312    0.188  24  0.331  22  0.860   6  0.686   0.469 Y  0.450      SignalP-TM
fig|2005473.94.peg.2312    0.253  22  0.462  22  0.951   5  0.878   0.658 Y  0.570      SignalP-noTM
fig|2005473.94.peg.2315    0.272  20  0.503  20  0.966  18  0.917   0.698 Y  0.570      SignalP-noTM
fig|2005473.94.peg.2315    0.284  20  0.496  20  0.922  18  0.844   0.632 Y  0.450      SignalP-TM
fig|2005473.94.peg.2316    0.187  30  0.418  30  0.983  17  0.929   0.618 Y  0.450      SignalP-TM
fig|2005473.94.peg.2316    0.606  30  0.760  30  0.994  18  0.952   0.850 Y  0.570      SignalP-noTM
fig|2005473.94.peg.2317    0.254  25  0.411  21  0.900   8  0.825   0.572 Y  0.450      SignalP-TM
fig|2005473.94.peg.2317    0.286  21  0.513  21  0.952   8  0.927   0.707 Y  0.570      SignalP-noTM
fig|2005473.94.peg.2318    0.284  24  0.413  24  0.695  20  0.595   0.484 Y  0.450      SignalP-TM
fig|2005473.94.peg.2318    0.502  24  0.604  24  0.898  16  0.754   0.674 Y  0.570      SignalP-noTM
fig|2005473.94.peg.232     0.702  23  0.754  23  0.864  20  0.789   0.767 Y  0.450      SignalP-TM
fig|2005473.94.peg.232     0.719  21  0.811  21  0.965  11  0.898   0.852 Y  0.570      SignalP-noTM
fig|2005473.94.peg.2322    0.414  19  0.541  19  0.765  13  0.700   0.603 Y  0.450      SignalP-TM
fig|2005473.94.peg.2322    0.453  19  0.635  19  0.947  17  0.881   0.751 Y  0.570      SignalP-noTM
fig|2005473.94.peg.2323    0.465  23  0.632  22  0.940  20  0.831   0.710 Y  0.450      SignalP-TM
fig|2005473.94.peg.2323    0.768  22  0.827  22  0.943  11  0.894   0.859 Y  0.570      SignalP-noTM
fig|2005473.94.peg.2324    0.350  29  0.456  29  0.731   2  0.565   0.498 Y  0.450      SignalP-TM
fig|2005473.94.peg.2324    0.587  29  0.636  29  0.897  22  0.752   0.690 Y  0.570      SignalP-noTM
fig|2005473.94.peg.2329    0.421  27  0.462  27  0.693   9  0.542   0.493 Y  0.450      SignalP-TM
fig|2005473.94.peg.233     0.443  21  0.537  21  0.852   2  0.717   0.607 Y  0.450      SignalP-TM
fig|2005473.94.peg.233     0.832  21  0.877  21  0.952  10  0.927   0.901 Y  0.570      SignalP-noTM
fig|2005473.94.peg.2331    0.201  28  0.376  28  0.940  17  0.749   0.521 Y  0.450      SignalP-TM
fig|2005473.94.peg.2332    0.187  29  0.378  22  0.931  19  0.883   0.615 Y  0.570      SignalP-noTM
fig|2005473.94.peg.2333    0.150  26  0.316  23  0.837  18  0.715   0.471 Y  0.450      SignalP-TM
fig|2005473.94.peg.2333    0.168  23  0.375  23  0.925  19  0.864   0.605 Y  0.570      SignalP-noTM
fig|2005473.94.peg.2349    0.254  19  0.445  19  0.914   1  0.814   0.619 Y  0.570      SignalP-noTM
fig|2005473.94.peg.2359    0.175  22  0.353  22  0.909   4  0.776   0.518 Y  0.450      SignalP-TM
fig|2005473.94.peg.2359    0.661  22  0.752  22  0.944   8  0.887   0.816 Y  0.570      SignalP-noTM
fig|2005473.94.peg.2364    0.155  27  0.341  27  0.880  23  0.656   0.464 Y  0.450      SignalP-TM
fig|2005473.94.peg.2364    0.405  24  0.605  24  0.959  23  0.848   0.719 Y  0.570      SignalP-noTM
fig|2005473.94.peg.2365    0.203  25  0.356  25  0.788  20  0.673   0.480 Y  0.450      SignalP-TM
fig|2005473.94.peg.2365    0.484  23  0.623  23  0.950  21  0.813   0.712 Y  0.570      SignalP-noTM
fig|2005473.94.peg.2366    0.239  26  0.429  26  0.870  22  0.753   0.555 Y  0.450      SignalP-TM
fig|2005473.94.peg.2366    0.632  26  0.778  26  0.971  15  0.948   0.858 Y  0.570      SignalP-noTM
fig|2005473.94.peg.2374    0.549  26  0.716  26  0.971  17  0.914   0.794 Y  0.450      SignalP-TM
fig|2005473.94.peg.2374    0.551  26  0.687  26  0.969  17  0.890   0.782 Y  0.570      SignalP-noTM
fig|2005473.94.peg.238     0.153  32  0.339  27  0.953  21  0.898   0.602 Y  0.570      SignalP-noTM
fig|2005473.94.peg.2384    0.356  20  0.523  20  0.828  18  0.729   0.604 Y  0.450      SignalP-TM
fig|2005473.94.peg.2384    0.730  20  0.789  20  0.957  19  0.845   0.815 Y  0.570      SignalP-noTM
fig|2005473.94.peg.2387    0.189  26  0.375  26  0.960  12  0.842   0.594 Y  0.570      SignalP-noTM
fig|2005473.94.peg.2388    0.325  22  0.539  22  0.944   4  0.907   0.683 Y  0.450      SignalP-TM
fig|2005473.94.peg.2388    0.848  22  0.889  22  0.969  18  0.938   0.912 Y  0.570      SignalP-noTM
fig|2005473.94.peg.2391    0.162  22  0.309  13  0.875   1  0.683   0.455 Y  0.450      SignalP-TM
fig|2005473.94.peg.24      0.266  21  0.483  21  0.930  18  0.876   0.668 Y  0.570      SignalP-noTM
fig|2005473.94.peg.24      0.355  24  0.467  24  0.845  18  0.650   0.538 Y  0.450      SignalP-TM
fig|2005473.94.peg.2400    0.420  28  0.414  28  0.682   4  0.512   0.453 Y  0.450      SignalP-TM
fig|2005473.94.peg.2400    0.717  21  0.789  21  0.923  17  0.854   0.820 Y  0.570      SignalP-noTM
fig|2005473.94.peg.2407    0.339  35  0.333  16  0.874   5  0.828   0.526 Y  0.450      SignalP-TM
fig|2005473.94.peg.2409    0.174  20  0.409  20  0.977  17  0.938   0.615 Y  0.450      SignalP-TM
fig|2005473.94.peg.2409    0.469  20  0.670  20  0.982  10  0.949   0.801 Y  0.570      SignalP-noTM
fig|2005473.94.peg.242     0.481  28  0.490  28  0.725  25  0.446   0.473 Y  0.450      SignalP-TM
fig|2005473.94.peg.2421    0.309  29  0.479  29  0.962  12  0.840   0.649 Y  0.570      SignalP-noTM
fig|2005473.94.peg.2421    0.378  29  0.540  29  0.909  15  0.777   0.633 Y  0.450      SignalP-TM
fig|2005473.94.peg.2423    0.290  25  0.469  25  0.849  18  0.734   0.573 Y  0.450      SignalP-TM
fig|2005473.94.peg.2423    0.318  25  0.527  25  0.971  11  0.908   0.706 Y  0.570      SignalP-noTM
fig|2005473.94.peg.243     0.328  25  0.502  25  0.974  18  0.826   0.654 Y  0.570      SignalP-noTM
fig|2005473.94.peg.2454    0.377  29  0.519  26  0.812  21  0.696   0.588 Y  0.450      SignalP-TM
fig|2005473.94.peg.2454    0.413  26  0.543  26  0.880  15  0.737   0.634 Y  0.570      SignalP-noTM
fig|2005473.94.peg.246     0.404  22  0.567  22  0.862   8  0.785   0.652 Y  0.450      SignalP-TM
fig|2005473.94.peg.246     0.636  22  0.782  22  0.977  12  0.952   0.862 Y  0.570      SignalP-noTM
fig|2005473.94.peg.2484    0.498  20  0.613  20  0.865  19  0.740   0.672 Y  0.570      SignalP-noTM
fig|2005473.94.peg.2487    0.245  24  0.420  24  0.921   1  0.775   0.587 Y  0.570      SignalP-noTM
fig|2005473.94.peg.2487    0.451  24  0.565  24  0.881   9  0.722   0.626 Y  0.450      SignalP-TM
fig|2005473.94.peg.2493    0.499  20  0.608  20  0.851  19  0.730   0.665 Y  0.570      SignalP-noTM
fig|2005473.94.peg.25      0.408  21  0.566  21  0.897  18  0.775   0.647 Y  0.450      SignalP-TM
fig|2005473.94.peg.25      0.701  21  0.768  21  0.939  17  0.846   0.804 Y  0.570      SignalP-noTM
fig|2005473.94.peg.251     0.393  22  0.518  22  0.900  21  0.666   0.588 Y  0.570      SignalP-noTM
fig|2005473.94.peg.2525    0.453  25  0.591  25  0.874  15  0.724   0.653 Y  0.570      SignalP-noTM
fig|2005473.94.peg.2525    0.653  25  0.753  25  0.921  20  0.815   0.777 Y  0.450      SignalP-TM
fig|2005473.94.peg.2542    0.398  21  0.532  21  0.897   2  0.745   0.615 Y  0.450      SignalP-TM
fig|2005473.94.peg.2542    0.718  21  0.785  21  0.956  17  0.873   0.827 Y  0.570      SignalP-noTM
fig|2005473.94.peg.2563    0.186  19  0.330  19  0.835   2  0.648   0.454 Y  0.450      SignalP-TM
fig|2005473.94.peg.2563    0.485  19  0.562  19  0.828  15  0.661   0.609 Y  0.570      SignalP-noTM
fig|2005473.94.peg.257     0.371  26  0.563  26  0.956  15  0.839   0.671 Y  0.450      SignalP-TM
fig|2005473.94.peg.257     0.639  26  0.756  26  0.953  10  0.906   0.827 Y  0.570      SignalP-noTM
fig|2005473.94.peg.2584    0.187  30  0.356  23  0.886  14  0.761   0.514 Y  0.450      SignalP-TM
fig|2005473.94.peg.2585    0.264  25  0.437  25  0.811  21  0.716   0.546 Y  0.450      SignalP-TM
fig|2005473.94.peg.2585    0.768  25  0.785  25  0.902  16  0.836   0.809 Y  0.570      SignalP-noTM
fig|2005473.94.peg.2601    0.162  20  0.340  20  0.894   1  0.736   0.495 Y  0.450      SignalP-TM
fig|2005473.94.peg.2601    0.864  20  0.888  20  0.935  15  0.901   0.894 Y  0.570      SignalP-noTM
fig|2005473.94.peg.2617    0.239  25  0.434  25  0.878  10  0.818   0.584 Y  0.450      SignalP-TM
fig|2005473.94.peg.2617    0.516  25  0.683  25  0.968  20  0.924   0.796 Y  0.570      SignalP-noTM
fig|2005473.94.peg.2653    0.361  33  0.526  33  0.897  26  0.683   0.587 Y  0.450      SignalP-TM
fig|2005473.94.peg.2653    0.848  33  0.855  33  0.951  25  0.821   0.839 Y  0.570      SignalP-noTM
fig|2005473.94.peg.2655    0.402  20  0.501  20  0.774   2  0.650   0.571 Y  0.570      SignalP-noTM
fig|2005473.94.peg.2698    0.426  22  0.605  22  0.928  13  0.847   0.719 Y  0.570      SignalP-noTM
fig|2005473.94.peg.2723    0.222  27  0.419  27  0.918  16  0.822   0.576 Y  0.450      SignalP-TM
fig|2005473.94.peg.2723    0.434  22  0.628  22  0.973  17  0.920   0.765 Y  0.570      SignalP-noTM
fig|2005473.94.peg.2726    0.218  29  0.396  20  0.926  15  0.880   0.585 Y  0.450      SignalP-TM
fig|2005473.94.peg.2726    0.688  20  0.803  20  0.956  16  0.916   0.856 Y  0.570      SignalP-noTM
fig|2005473.94.peg.2739    0.244  22  0.474  22  0.946  14  0.923   0.685 Y  0.570      SignalP-noTM
fig|2005473.94.peg.2739    0.373  25  0.567  25  0.933  16  0.866   0.684 Y  0.450      SignalP-TM
fig|2005473.94.peg.2740    0.230  22  0.430  22  0.877  16  0.790   0.570 Y  0.450      SignalP-TM
fig|2005473.94.peg.2740    0.483  22  0.673  22  0.973  18  0.933   0.795 Y  0.570      SignalP-noTM
fig|2005473.94.peg.277     0.206  33  0.403  33  0.933  19  0.788   0.553 Y  0.450      SignalP-TM
fig|2005473.94.peg.277     0.347  32  0.481  32  0.899  20  0.765   0.615 Y  0.570      SignalP-noTM
fig|2005473.94.peg.2797    0.536  25  0.610  25  0.901  14  0.782   0.691 Y  0.570      SignalP-noTM
fig|2005473.94.peg.2797    0.631  25  0.614  25  0.788   8  0.650   0.628 Y  0.450      SignalP-TM
fig|2005473.94.peg.2800    0.146  23  0.336  23  0.859  18  0.746   0.496 Y  0.450      SignalP-TM
fig|2005473.94.peg.2800    0.195  21  0.390  21  0.894  17  0.805   0.585 Y  0.570      SignalP-noTM
fig|2005473.94.peg.282     0.232  33  0.446  31  0.950  23  0.832   0.627 Y  0.570      SignalP-noTM
fig|2005473.94.peg.282     0.383  33  0.508  33  0.847  24  0.691   0.579 Y  0.450      SignalP-TM
fig|2005473.94.peg.284     0.722  23  0.777  23  0.938  13  0.859   0.815 Y  0.570      SignalP-noTM
fig|2005473.94.peg.294     0.177  34  0.338  34  0.831  29  0.678   0.470 Y  0.450      SignalP-TM
fig|2005473.94.peg.294     0.645  32  0.713  32  0.902  16  0.748   0.729 Y  0.570      SignalP-noTM
fig|2005473.94.peg.295     0.456  21  0.603  21  0.846  16  0.781   0.672 Y  0.450      SignalP-TM
fig|2005473.94.peg.295     0.776  21  0.836  21  0.953  17  0.880   0.857 Y  0.570      SignalP-noTM
fig|2005473.94.peg.296     0.382  29  0.482  29  0.954  16  0.780   0.598 Y  0.450      SignalP-TM
fig|2005473.94.peg.296     0.684  21  0.805  21  0.967  17  0.947   0.872 Y  0.570      SignalP-noTM
fig|2005473.94.peg.297     0.404  25  0.577  25  0.946   8  0.875   0.717 Y  0.570      SignalP-noTM
fig|2005473.94.peg.297     0.422  25  0.581  25  0.865  10  0.806   0.669 Y  0.450      SignalP-TM
fig|2005473.94.peg.302     0.429  35  0.526  35  0.917  17  0.734   0.607 Y  0.450      SignalP-TM
fig|2005473.94.peg.302     0.471  23  0.620  23  0.929  14  0.813   0.710 Y  0.570      SignalP-noTM
fig|2005473.94.peg.303     0.170  25  0.363  25  0.904   3  0.810   0.573 Y  0.570      SignalP-noTM
fig|2005473.94.peg.303     0.197  30  0.335  25  0.838   4  0.716   0.483 Y  0.450      SignalP-TM
fig|2005473.94.peg.31      0.160  30  0.364  21  0.934   5  0.874   0.604 Y  0.570      SignalP-noTM
fig|2005473.94.peg.31      0.223  30  0.343  23  0.832  10  0.712   0.487 Y  0.450      SignalP-TM
fig|2005473.94.peg.310     0.193  29  0.401  29  0.905  26  0.786   0.552 Y  0.450      SignalP-TM
fig|2005473.94.peg.310     0.847  29  0.909  29  0.983  21  0.942   0.925 Y  0.570      SignalP-noTM
fig|2005473.94.peg.315     0.281  27  0.435  27  0.913  19  0.737   0.577 Y  0.570      SignalP-noTM
fig|2005473.94.peg.316     0.456  40  0.600  40  0.885  32  0.595   0.597 Y  0.570      SignalP-noTM
fig|2005473.94.peg.32      0.313  22  0.445  22  0.702  21  0.626   0.515 Y  0.450      SignalP-TM
fig|2005473.94.peg.321     0.272  24  0.419  24  0.813   9  0.678   0.520 Y  0.450      SignalP-TM
fig|2005473.94.peg.321     0.336  24  0.510  24  0.903  14  0.792   0.642 Y  0.570      SignalP-noTM
fig|2005473.94.peg.322     0.243  39  0.321  28  0.753  18  0.671   0.457 Y  0.450      SignalP-TM
fig|2005473.94.peg.322     0.752  31  0.831  31  0.982  17  0.904   0.865 Y  0.570      SignalP-noTM
fig|2005473.94.peg.323     0.178  28  0.339  28  0.880   6  0.735   0.494 Y  0.450      SignalP-TM
fig|2005473.94.peg.325     0.157  19  0.381  19  0.961   2  0.930   0.639 Y  0.570      SignalP-noTM
fig|2005473.94.peg.325     0.164  30  0.318  24  0.927   5  0.846   0.524 Y  0.450      SignalP-TM
fig|2005473.94.peg.326     0.345  21  0.459  21  0.774  20  0.568   0.502 Y  0.450      SignalP-TM
fig|2005473.94.peg.326     0.828  21  0.845  21  0.947  17  0.823   0.835 Y  0.570      SignalP-noTM
fig|2005473.94.peg.338     0.243  33  0.438  27  0.953  19  0.833   0.592 Y  0.450      SignalP-TM
fig|2005473.94.peg.338     0.724  20  0.807  20  0.929  10  0.880   0.841 Y  0.570      SignalP-noTM
fig|2005473.94.peg.341     0.332  22  0.497  22  0.933   3  0.800   0.615 Y  0.450      SignalP-TM
fig|2005473.94.peg.341     0.652  20  0.733  20  0.921  18  0.825   0.776 Y  0.570      SignalP-noTM
fig|2005473.94.peg.342     0.213  22  0.398  22  0.829  11  0.757   0.531 Y  0.510      SignalP-TM
fig|2005473.94.peg.342     0.456  27  0.562  27  0.918  15  0.781   0.647 Y  0.450      SignalP-TM
fig|2005473.94.peg.344     0.123  23  0.277  12  0.889   5  0.791   0.478 Y  0.450      SignalP-TM
fig|2005473.94.peg.344     0.171  23  0.354  23  0.948   3  0.818   0.572 Y  0.570      SignalP-noTM
fig|2005473.94.peg.346     0.536  22  0.711  22  0.958  18  0.931   0.797 Y  0.450      SignalP-TM
fig|2005473.94.peg.346     0.820  22  0.898  22  0.990  12  0.974   0.934 Y  0.570      SignalP-noTM
fig|2005473.94.peg.347     0.148  29  0.332  23  0.929   4  0.859   0.579 Y  0.570      SignalP-noTM
fig|2005473.94.peg.347     0.231  25  0.412  25  0.897  15  0.769   0.551 Y  0.450      SignalP-TM
fig|2005473.94.peg.348     0.218  21  0.407  21  0.899   1  0.794   0.589 Y  0.570      SignalP-noTM
fig|2005473.94.peg.348     0.353  28  0.483  28  0.891   1  0.759   0.591 Y  0.450      SignalP-TM
fig|2005473.94.peg.355     0.412  27  0.511  27  0.722  19  0.634   0.559 Y  0.450      SignalP-TM
fig|2005473.94.peg.364     0.191  26  0.353  23  0.851  19  0.675   0.479 Y  0.450      SignalP-TM
fig|2005473.94.peg.364     0.306  26  0.482  26  0.949  15  0.823   0.642 Y  0.570      SignalP-noTM
fig|2005473.94.peg.366     0.186  23  0.387  23  0.907  16  0.814   0.553 Y  0.450      SignalP-TM
fig|2005473.94.peg.366     0.321  20  0.535  20  0.954  10  0.892   0.703 Y  0.570      SignalP-noTM
fig|2005473.94.peg.370     0.434  24  0.609  24  0.889  15  0.774   0.673 Y  0.450      SignalP-TM
fig|2005473.94.peg.370     0.564  24  0.717  24  0.972  14  0.912   0.809 Y  0.570      SignalP-noTM
fig|2005473.94.peg.375     0.141  18  0.359  18  0.936  13  0.900   0.570 Y  0.450      SignalP-TM
fig|2005473.94.peg.375     0.163  18  0.390  18  0.979   9  0.925   0.641 Y  0.570      SignalP-noTM
fig|2005473.94.peg.388     0.469  29  0.458  29  0.848  12  0.634   0.527 Y  0.450      SignalP-TM
fig|2005473.94.peg.395     0.169  25  0.340  25  0.833  17  0.693   0.478 Y  0.450      SignalP-TM
fig|2005473.94.peg.397     0.167  34  0.328  27  0.959  16  0.811   0.516 Y  0.450      SignalP-TM
fig|2005473.94.peg.397     0.487  27  0.646  27  0.991  13  0.918   0.774 Y  0.570      SignalP-noTM
fig|2005473.94.peg.398     0.176  51  0.322  22  0.892  17  0.824   0.518 Y  0.450      SignalP-TM
fig|2005473.94.peg.398     0.185  27  0.396  27  0.980  15  0.897   0.631 Y  0.570      SignalP-noTM
fig|2005473.94.peg.4       0.116  25  0.282  15  0.889  10  0.789   0.480 Y  0.450      SignalP-TM
fig|2005473.94.peg.40      0.298  26  0.441  26  0.854   3  0.740   0.582 Y  0.570      SignalP-noTM
fig|2005473.94.peg.400     0.323  59  0.296  23  0.839   3  0.711   0.458 Y  0.450      SignalP-TM
fig|2005473.94.peg.401     0.404  24  0.620  24  0.985  10  0.946   0.773 Y  0.570      SignalP-noTM
fig|2005473.94.peg.401     0.412  24  0.584  24  0.948  10  0.846   0.686 Y  0.450      SignalP-TM
fig|2005473.94.peg.402     0.339  27  0.446  27  0.870  10  0.669   0.533 Y  0.450      SignalP-TM
fig|2005473.94.peg.404     0.277  33  0.377  21  0.881   7  0.815   0.548 Y  0.450      SignalP-TM
fig|2005473.94.peg.404     0.562  21  0.732  21  0.984  10  0.957   0.838 Y  0.570      SignalP-noTM
fig|2005473.94.peg.405     0.116  31  0.281  13  0.823   3  0.776   0.474 Y  0.450      SignalP-TM
fig|2005473.94.peg.405     0.122  20  0.327  20  0.931   7  0.879   0.586 Y  0.570      SignalP-noTM
fig|2005473.94.peg.418     0.501  22  0.658  22  0.917  19  0.870   0.741 Y  0.450      SignalP-TM
fig|2005473.94.peg.418     0.664  22  0.764  22  0.927  17  0.892   0.824 Y  0.570      SignalP-noTM
fig|2005473.94.peg.419     0.153  25  0.361  25  0.910  10  0.838   0.547 Y  0.450      SignalP-TM
fig|2005473.94.peg.439     0.257  21  0.437  21  0.867   7  0.756   0.561 Y  0.450      SignalP-TM
fig|2005473.94.peg.439     0.314  22  0.526  22  0.939  18  0.889   0.697 Y  0.570      SignalP-noTM
fig|2005473.94.peg.441     0.132  23  0.304  20  0.843   3  0.733   0.471 Y  0.450      SignalP-TM
fig|2005473.94.peg.448     0.320  22  0.455  22  0.813   7  0.683   0.544 Y  0.450      SignalP-TM
fig|2005473.94.peg.448     0.724  22  0.806  22  0.966  17  0.899   0.850 Y  0.570      SignalP-noTM
fig|2005473.94.peg.449     0.441  23  0.601  23  0.898  15  0.832   0.691 Y  0.450      SignalP-TM
fig|2005473.94.peg.449     0.476  23  0.670  23  0.976  12  0.938   0.796 Y  0.570      SignalP-noTM
fig|2005473.94.peg.456     0.251  23  0.476  23  0.947   9  0.895   0.640 Y  0.450      SignalP-TM
fig|2005473.94.peg.456     0.848  23  0.888  23  0.970  21  0.920   0.903 Y  0.570      SignalP-noTM
fig|2005473.94.peg.458     0.250  24  0.463  24  0.961   7  0.888   0.628 Y  0.450      SignalP-TM
fig|2005473.94.peg.458     0.403  21  0.615  21  0.961  19  0.940   0.768 Y  0.570      SignalP-noTM
fig|2005473.94.peg.459     0.520  22  0.652  22  0.868   8  0.818   0.717 Y  0.450      SignalP-TM
fig|2005473.94.peg.459     0.761  22  0.854  22  0.975  18  0.952   0.900 Y  0.570      SignalP-noTM
fig|2005473.94.peg.460     0.296  23  0.475  23  0.935   6  0.834   0.643 Y  0.570      SignalP-noTM
fig|2005473.94.peg.460     0.329  23  0.530  23  0.918  16  0.866   0.661 Y  0.450      SignalP-TM
fig|2005473.94.peg.461     0.283  24  0.451  24  0.911   6  0.790   0.584 Y  0.450      SignalP-TM
fig|2005473.94.peg.461     0.439  24  0.610  24  0.937   4  0.879   0.736 Y  0.570      SignalP-noTM
fig|2005473.94.peg.466     0.205  31  0.370  26  0.903  16  0.773   0.527 Y  0.450      SignalP-TM
fig|2005473.94.peg.466     0.455  23  0.650  23  0.948  21  0.915   0.775 Y  0.570      SignalP-noTM
fig|2005473.94.peg.467     0.498  20  0.644  20  0.908  10  0.850   0.741 Y  0.570      SignalP-noTM
fig|2005473.94.peg.469     0.202  26  0.380  26  0.844  18  0.750   0.525 Y  0.450      SignalP-TM
fig|2005473.94.peg.469     0.563  26  0.702  26  0.978  20  0.896   0.793 Y  0.570      SignalP-noTM
fig|2005473.94.peg.470     0.281  27  0.428  27  0.845   8  0.712   0.539 Y  0.450      SignalP-TM
fig|2005473.94.peg.470     0.488  27  0.508  27  0.898   3  0.697   0.597 Y  0.570      SignalP-noTM
fig|2005473.94.peg.471     0.363  41  0.423  41  0.733  14  0.596   0.490 Y  0.450      SignalP-TM
fig|2005473.94.peg.476     0.610  23  0.621  23  0.743  18  0.611   0.617 Y  0.450      SignalP-TM
fig|2005473.94.peg.481     0.162  23  0.362  23  0.880  13  0.763   0.518 Y  0.450      SignalP-TM
fig|2005473.94.peg.481     0.428  23  0.555  23  0.893   1  0.711   0.628 Y  0.570      SignalP-noTM
fig|2005473.94.peg.484     0.138  21  0.325  21  0.833  16  0.761   0.495 Y  0.450      SignalP-TM
fig|2005473.94.peg.484     0.253  27  0.435  27  0.940  10  0.835   0.623 Y  0.570      SignalP-noTM
fig|2005473.94.peg.487     0.239  31  0.389  31  0.877  17  0.658   0.494 Y  0.450      SignalP-TM
fig|2005473.94.peg.487     0.365  28  0.582  28  0.959  13  0.892   0.727 Y  0.570      SignalP-noTM
fig|2005473.94.peg.488     0.340  21  0.572  21  0.984  14  0.942   0.716 Y  0.450      SignalP-TM
fig|2005473.94.peg.488     0.549  21  0.737  21  0.994  12  0.979   0.851 Y  0.570      SignalP-noTM
fig|2005473.94.peg.49      0.472  40  0.440  40  0.697   1  0.518   0.471 Y  0.450      SignalP-TM
fig|2005473.94.peg.490     0.359  30  0.526  30  0.887  11  0.783   0.626 Y  0.450      SignalP-TM
fig|2005473.94.peg.490     0.522  30  0.641  30  0.931  26  0.793   0.712 Y  0.570      SignalP-noTM
fig|2005473.94.peg.491     0.614  19  0.722  19  0.918  14  0.843   0.779 Y  0.570      SignalP-noTM
fig|2005473.94.peg.499     0.197  26  0.383  26  0.931   6  0.825   0.556 Y  0.450      SignalP-TM
fig|2005473.94.peg.499     0.243  24  0.431  24  0.927   3  0.833   0.620 Y  0.570      SignalP-noTM
fig|2005473.94.peg.5       0.291  26  0.369  26  0.846   6  0.618   0.466 Y  0.450      SignalP-TM
fig|2005473.94.peg.5       0.402  26  0.465  26  0.938  10  0.719   0.584 Y  0.570      SignalP-noTM
fig|2005473.94.peg.50      0.416  32  0.553  32  0.876  24  0.731   0.623 Y  0.450      SignalP-TM
fig|2005473.94.peg.50      0.767  32  0.838  32  0.990  17  0.928   0.880 Y  0.570      SignalP-noTM
fig|2005473.94.peg.503     0.125  21  0.294  21  0.828   6  0.700   0.452 Y  0.450      SignalP-TM
fig|2005473.94.peg.504     0.197  20  0.380  20  0.831   4  0.755   0.526 Y  0.450      SignalP-TM
fig|2005473.94.peg.504     0.457  20  0.589  20  0.875   1  0.791   0.684 Y  0.570      SignalP-noTM
fig|2005473.94.peg.509     0.307  20  0.416  20  0.722   4  0.600   0.488 Y  0.450      SignalP-TM
fig|2005473.94.peg.514     0.366  22  0.478  22  0.695  20  0.616   0.532 Y  0.450      SignalP-TM
fig|2005473.94.peg.514     0.778  22  0.825  22  0.950  15  0.868   0.845 Y  0.570      SignalP-noTM
fig|2005473.94.peg.520     0.393  23  0.489  23  0.813   5  0.665   0.558 Y  0.450      SignalP-TM
fig|2005473.94.peg.520     0.684  23  0.777  23  0.950  19  0.883   0.827 Y  0.570      SignalP-noTM
fig|2005473.94.peg.524     0.199  26  0.405  26  0.868  21  0.811   0.563 Y  0.450      SignalP-TM
fig|2005473.94.peg.524     0.230  20  0.472  20  0.981  14  0.953   0.698 Y  0.570      SignalP-noTM
fig|2005473.94.peg.545     0.218  38  0.342  38  0.824   4  0.684   0.475 Y  0.450      SignalP-TM
fig|2005473.94.peg.545     0.268  26  0.486  26  0.947  15  0.901   0.681 Y  0.570      SignalP-noTM
fig|2005473.94.peg.546     0.257  22  0.433  22  0.895  21  0.742   0.578 Y  0.570      SignalP-noTM
fig|2005473.94.peg.547     0.191  26  0.343  26  0.799  21  0.627   0.454 Y  0.450      SignalP-TM
fig|2005473.94.peg.547     0.379  26  0.549  26  0.926  21  0.835   0.683 Y  0.570      SignalP-noTM
fig|2005473.94.peg.548     0.316  23  0.503  23  0.918   2  0.846   0.664 Y  0.570      SignalP-noTM
fig|2005473.94.peg.548     0.320  23  0.451  23  0.779  14  0.641   0.525 Y  0.450      SignalP-TM
fig|2005473.94.peg.549     0.189  22  0.413  22  0.957   6  0.914   0.608 Y  0.450      SignalP-TM
fig|2005473.94.peg.549     0.192  27  0.414  22  0.961  11  0.933   0.658 Y  0.570      SignalP-noTM
fig|2005473.94.peg.552     0.297  26  0.446  26  0.761  13  0.667   0.532 Y  0.450      SignalP-TM
fig|2005473.94.peg.552     0.724  26  0.776  26  0.939  10  0.870   0.820 Y  0.570      SignalP-noTM
fig|2005473.94.peg.562     0.240  21  0.480  21  0.987  13  0.959   0.705 Y  0.570      SignalP-noTM
fig|2005473.94.peg.562     0.310  34  0.433  34  0.982  16  0.810   0.580 Y  0.450      SignalP-TM
fig|2005473.94.peg.565     0.553  24  0.665  24  0.935   7  0.846   0.735 Y  0.450      SignalP-TM
fig|2005473.94.peg.565     0.843  24  0.880  24  0.966  12  0.929   0.903 Y  0.570      SignalP-noTM
fig|2005473.94.peg.584     0.360  20  0.509  20  0.932  16  0.688   0.593 Y  0.570      SignalP-noTM
fig|2005473.94.peg.588     0.229  22  0.449  22  0.924  18  0.886   0.654 Y  0.570      SignalP-noTM
fig|2005473.94.peg.588     0.268  25  0.458  25  0.900  19  0.808   0.595 Y  0.450      SignalP-TM
fig|2005473.94.peg.589     0.341  21  0.448  21  0.767  17  0.584   0.501 Y  0.450      SignalP-TM
fig|2005473.94.peg.59      0.147  22  0.321  22  0.907   3  0.775   0.498 Y  0.450      SignalP-TM
fig|2005473.94.peg.59      0.730  22  0.792  22  0.959  10  0.889   0.837 Y  0.570      SignalP-noTM
fig|2005473.94.peg.604     0.485  21  0.630  21  0.897  18  0.822   0.705 Y  0.450      SignalP-TM
fig|2005473.94.peg.604     0.781  21  0.816  21  0.911  11  0.857   0.836 Y  0.570      SignalP-noTM
fig|2005473.94.peg.606     0.261  22  0.414  22  0.818  19  0.595   0.485 Y  0.450      SignalP-TM
fig|2005473.94.peg.606     0.579  22  0.712  22  0.918  18  0.877   0.790 Y  0.570      SignalP-noTM
fig|2005473.94.peg.611     0.271  21  0.463  21  0.853  17  0.767   0.581 Y  0.450      SignalP-TM
fig|2005473.94.peg.611     0.464  21  0.619  21  0.911  17  0.824   0.715 Y  0.570      SignalP-noTM
fig|2005473.94.peg.620     0.175  24  0.341  24  0.794   6  0.695   0.479 Y  0.450      SignalP-TM
fig|2005473.94.peg.620     0.415  24  0.544  24  0.846   3  0.739   0.636 Y  0.570      SignalP-noTM
fig|2005473.94.peg.626     0.435  21  0.612  21  0.915   7  0.859   0.708 Y  0.450      SignalP-TM
fig|2005473.94.peg.626     0.708  21  0.826  21  0.982  11  0.959   0.889 Y  0.570      SignalP-noTM
fig|2005473.94.peg.627     0.158  31  0.292  20  0.840   1  0.753   0.472 Y  0.450      SignalP-TM
fig|2005473.94.peg.627     0.262  20  0.429  20  0.851   2  0.750   0.580 Y  0.570      SignalP-noTM
fig|2005473.94.peg.628     0.193  32  0.330  22  0.860  13  0.747   0.493 Y  0.450      SignalP-TM
fig|2005473.94.peg.64      0.262  24  0.359  18  0.767   8  0.655   0.474 Y  0.450      SignalP-TM
fig|2005473.94.peg.647     0.420  25  0.560  25  0.868  14  0.762   0.638 Y  0.450      SignalP-TM
fig|2005473.94.peg.647     0.747  25  0.819  25  0.951  13  0.897   0.856 Y  0.570      SignalP-noTM
fig|2005473.94.peg.653     0.162  31  0.331  27  0.810  16  0.709   0.479 Y  0.450      SignalP-TM
fig|2005473.94.peg.653     0.189  25  0.415  25  0.958   7  0.902   0.644 Y  0.570      SignalP-noTM
fig|2005473.94.peg.66      0.228  40  0.440  26  0.959  17  0.874   0.609 Y  0.450      SignalP-TM
fig|2005473.94.peg.66      0.244  24  0.472  24  0.958  19  0.880   0.664 Y  0.570      SignalP-noTM
fig|2005473.94.peg.665     0.262  28  0.475  28  0.937  15  0.780   0.619 Y  0.570      SignalP-noTM
fig|2005473.94.peg.672     0.704  22  0.745  22  0.929   1  0.831   0.786 Y  0.570      SignalP-noTM
fig|2005473.94.peg.673     0.187  20  0.377  20  0.838  17  0.771   0.531 Y  0.450      SignalP-TM
fig|2005473.94.peg.673     0.527  20  0.692  20  0.972   8  0.915   0.797 Y  0.570      SignalP-noTM
fig|2005473.94.peg.687     0.164  32  0.355  22  0.875  17  0.815   0.534 Y  0.450      SignalP-TM
fig|2005473.94.peg.687     0.505  22  0.647  22  0.931  18  0.845   0.740 Y  0.570      SignalP-noTM
fig|2005473.94.peg.697     0.654  21  0.761  21  0.946  17  0.891   0.822 Y  0.570      SignalP-noTM
fig|2005473.94.peg.704     0.186  26  0.379  24  0.914  14  0.820   0.551 Y  0.450      SignalP-TM
fig|2005473.94.peg.704     0.337  23  0.547  23  0.978  10  0.898   0.712 Y  0.570      SignalP-noTM
fig|2005473.94.peg.710     0.278  22  0.496  22  0.938  14  0.871   0.672 Y  0.570      SignalP-noTM
fig|2005473.94.peg.710     0.301  22  0.426  22  0.797  18  0.610   0.498 Y  0.450      SignalP-TM
fig|2005473.94.peg.72      0.518  25  0.568  25  0.708  11  0.595   0.578 Y  0.450      SignalP-TM
fig|2005473.94.peg.724     0.482  25  0.563  25  0.841  19  0.660   0.601 Y  0.450      SignalP-TM
fig|2005473.94.peg.724     0.488  23  0.638  23  0.881  19  0.825   0.726 Y  0.570      SignalP-noTM
fig|2005473.94.peg.730     0.395  29  0.475  29  0.733  14  0.585   0.518 Y  0.450      SignalP-TM
fig|2005473.94.peg.741     0.286  21  0.485  21  0.910   1  0.836   0.650 Y  0.570      SignalP-noTM
fig|2005473.94.peg.744     0.427  19  0.575  19  0.855  18  0.759   0.662 Y  0.570      SignalP-noTM
fig|2005473.94.peg.762     0.341  67  0.311  14  0.886   1  0.817   0.508 Y  0.450      SignalP-TM
fig|2005473.94.peg.770     0.177  25  0.385  25  0.941  15  0.764   0.533 Y  0.450      SignalP-TM
fig|2005473.94.peg.78      0.261  30  0.487  19  0.979  16  0.961   0.710 Y  0.570      SignalP-noTM
fig|2005473.94.peg.78      0.270  33  0.479  30  0.984  16  0.926   0.654 Y  0.450      SignalP-TM
fig|2005473.94.peg.782     0.598  24  0.649  24  0.874  20  0.746   0.694 Y  0.570      SignalP-noTM
fig|2005473.94.peg.782     0.780  24  0.741  24  0.832  21  0.689   0.720 Y  0.450      SignalP-TM
fig|2005473.94.peg.793     0.384  27  0.533  27  0.963  10  0.832   0.673 Y  0.570      SignalP-noTM
fig|2005473.94.peg.793     0.801  27  0.822  27  0.937  10  0.873   0.842 Y  0.450      SignalP-TM
fig|2005473.94.peg.796     0.209  33  0.372  23  0.837   9  0.803   0.540 Y  0.450      SignalP-TM
fig|2005473.94.peg.796     0.714  23  0.811  23  0.961  10  0.922   0.863 Y  0.570      SignalP-noTM
fig|2005473.94.peg.798     0.231  22  0.442  22  0.938  13  0.866   0.608 Y  0.450      SignalP-TM
fig|2005473.94.peg.798     0.369  22  0.598  22  0.986  13  0.961   0.769 Y  0.570      SignalP-noTM
fig|2005473.94.peg.799     0.445  21  0.579  21  0.871   1  0.765   0.666 Y  0.570      SignalP-noTM
fig|2005473.94.peg.799     0.576  21  0.649  21  0.812   2  0.743   0.685 Y  0.450      SignalP-TM
fig|2005473.94.peg.800     0.406  23  0.547  23  0.800  15  0.738   0.622 Y  0.450      SignalP-TM
fig|2005473.94.peg.800     0.470  23  0.658  23  0.957  14  0.922   0.782 Y  0.570      SignalP-noTM
fig|2005473.94.peg.801     0.665  26  0.781  26  0.970  17  0.903   0.829 Y  0.450      SignalP-TM
fig|2005473.94.peg.801     0.702  26  0.816  26  0.986  18  0.934   0.871 Y  0.570      SignalP-noTM
fig|2005473.94.peg.804     0.363  24  0.476  24  0.728   6  0.633   0.537 Y  0.450      SignalP-TM
fig|2005473.94.peg.804     0.602  24  0.734  24  0.976  19  0.900   0.812 Y  0.570      SignalP-noTM
fig|2005473.94.peg.81      0.490  23  0.545  23  0.814  21  0.603   0.572 Y  0.570      SignalP-noTM
fig|2005473.94.peg.818     0.623  26  0.459  26  0.795  10  0.471   0.464 Y  0.450      SignalP-TM
fig|2005473.94.peg.825     0.153  18  0.364  18  0.901  11  0.860   0.597 Y  0.570      SignalP-noTM
fig|2005473.94.peg.825     0.169  26  0.322  18  0.841   8  0.763   0.494 Y  0.450      SignalP-TM
fig|2005473.94.peg.826     0.260  28  0.395  28  0.895   7  0.741   0.530 Y  0.450      SignalP-TM
fig|2005473.94.peg.826     0.315  22  0.537  22  0.951  12  0.919   0.717 Y  0.570      SignalP-noTM
fig|2005473.94.peg.827     0.161  29  0.371  20  0.936   8  0.868   0.565 Y  0.450      SignalP-TM
fig|2005473.94.peg.827     0.708  20  0.812  20  0.961  18  0.931   0.868 Y  0.570      SignalP-noTM
fig|2005473.94.peg.834     0.186  18  0.408  18  0.948  15  0.894   0.636 Y  0.570      SignalP-noTM
fig|2005473.94.peg.834     0.255  30  0.370  30  0.943  17  0.702   0.499 Y  0.450      SignalP-TM
fig|2005473.94.peg.844     0.229  28  0.393  28  0.914   7  0.773   0.572 Y  0.570      SignalP-noTM
fig|2005473.94.peg.844     0.288  32  0.398  32  0.896  12  0.678   0.507 Y  0.450      SignalP-TM
fig|2005473.94.peg.848     0.313  23  0.546  23  0.978  20  0.932   0.727 Y  0.570      SignalP-noTM
fig|2005473.94.peg.848     0.767  24  0.837  24  0.952  17  0.876   0.852 Y  0.450      SignalP-TM
fig|2005473.94.peg.854     0.190  29  0.346  29  0.807   2  0.675   0.474 Y  0.450      SignalP-TM
fig|2005473.94.peg.855     0.301  29  0.419  29  0.856  14  0.697   0.527 Y  0.450      SignalP-TM
fig|2005473.94.peg.87      0.420  25  0.598  25  0.892   8  0.829   0.688 Y  0.450      SignalP-TM
fig|2005473.94.peg.87      0.595  25  0.734  25  0.961  10  0.915   0.819 Y  0.570      SignalP-noTM
fig|2005473.94.peg.873     0.253  20  0.476  20  0.952  18  0.902   0.642 Y  0.450      SignalP-TM
fig|2005473.94.peg.873     0.811  20  0.878  20  0.961  12  0.945   0.910 Y  0.570      SignalP-noTM
fig|2005473.94.peg.875     0.392  20  0.578  20  0.944   6  0.876   0.694 Y  0.450      SignalP-TM
fig|2005473.94.peg.875     0.404  20  0.549  20  0.881   1  0.784   0.636 Y  0.510      SignalP-TM
fig|2005473.94.peg.876     0.324  20  0.545  20  0.953  17  0.904   0.685 Y  0.450      SignalP-TM
fig|2005473.94.peg.876     0.521  20  0.703  20  0.970  10  0.938   0.813 Y  0.570      SignalP-noTM
fig|2005473.94.peg.880     0.276  21  0.448  21  0.895   1  0.722   0.576 Y  0.570      SignalP-noTM
fig|2005473.94.peg.881     0.625  23  0.504  23  0.597   1  0.433   0.476 Y  0.450      SignalP-TM
fig|2005473.94.peg.882     0.296  24  0.494  24  0.925  21  0.772   0.602 Y  0.450      SignalP-TM
fig|2005473.94.peg.882     0.407  24  0.609  24  0.939  18  0.895   0.743 Y  0.570      SignalP-noTM
fig|2005473.94.peg.884     0.289  23  0.432  23  0.834  19  0.568   0.485 Y  0.450      SignalP-TM
fig|2005473.94.peg.884     0.859  23  0.834  23  0.958  20  0.778   0.808 Y  0.570      SignalP-noTM
fig|2005473.94.peg.887     0.259  46  0.298  21  0.876   3  0.743   0.471 Y  0.450      SignalP-TM
fig|2005473.94.peg.889     0.141  21  0.347  21  0.954   9  0.878   0.554 Y  0.450      SignalP-TM
fig|2005473.94.peg.889     0.332  19  0.565  19  0.977  18  0.958   0.750 Y  0.570      SignalP-noTM
fig|2005473.94.peg.906     0.269  20  0.488  20  0.925  18  0.871   0.668 Y  0.570      SignalP-noTM
fig|2005473.94.peg.906     0.296  20  0.466  20  0.783   8  0.722   0.566 Y  0.450      SignalP-TM
fig|2005473.94.peg.910     0.175  27  0.309  19  0.847   4  0.770   0.489 Y  0.450      SignalP-TM
fig|2005473.94.peg.910     0.228  19  0.433  19  0.942  16  0.845   0.626 Y  0.570      SignalP-noTM
fig|2005473.94.peg.92      0.763  26  0.640  26  0.781   7  0.618   0.632 Y  0.450      SignalP-TM
fig|2005473.94.peg.92      0.830  26  0.753  26  0.836  20  0.721   0.738 Y  0.570      SignalP-noTM
fig|2005473.94.peg.926     0.491  31  0.545  31  0.919  17  0.718   0.612 Y  0.450      SignalP-TM
fig|2005473.94.peg.927     0.238  22  0.464  22  0.944  15  0.900   0.669 Y  0.570      SignalP-noTM
fig|2005473.94.peg.927     0.245  26  0.421  26  0.942  11  0.800   0.569 Y  0.450      SignalP-TM
fig|2005473.94.peg.939     0.179  32  0.321  21  0.841  17  0.735   0.483 Y  0.450      SignalP-TM
fig|2005473.94.peg.939     0.211  24  0.411  24  0.940  17  0.841   0.613 Y  0.570      SignalP-noTM
fig|2005473.94.peg.940     0.265  24  0.426  22  0.829  20  0.744   0.575 Y  0.570      SignalP-noTM
fig|2005473.94.peg.940     0.486  24  0.526  24  0.757   4  0.626   0.565 Y  0.450      SignalP-TM
fig|2005473.94.peg.941     0.226  23  0.466  23  0.972  21  0.952   0.695 Y  0.570      SignalP-noTM
fig|2005473.94.peg.941     0.317  25  0.541  25  0.958  15  0.904   0.683 Y  0.450      SignalP-TM
fig|2005473.94.peg.942     0.188  22  0.362  22  0.809   4  0.723   0.503 Y  0.450      SignalP-TM
fig|2005473.94.peg.942     0.588  22  0.721  22  0.971  17  0.880   0.796 Y  0.570      SignalP-noTM
fig|2005473.94.peg.943     0.153  26  0.307  17  0.860  16  0.730   0.472 Y  0.450      SignalP-TM
fig|2005473.94.peg.943     0.279  17  0.466  17  0.867  15  0.775   0.611 Y  0.570      SignalP-noTM
fig|2005473.94.peg.945     0.622  17  0.668  17  0.902  16  0.714   0.689 Y  0.570      SignalP-noTM
fig|2005473.94.peg.946     0.341  20  0.543  20  0.920   3  0.878   0.673 Y  0.450      SignalP-TM
fig|2005473.94.peg.946     0.800  20  0.871  20  0.965  18  0.943   0.905 Y  0.570      SignalP-noTM
fig|2005473.94.peg.949     0.217  22  0.370  22  0.864  16  0.637   0.474 Y  0.450      SignalP-TM
fig|2005473.94.peg.954     0.168  27  0.382  27  0.923  21  0.800   0.545 Y  0.450      SignalP-TM
fig|2005473.94.peg.954     0.591  27  0.728  27  0.968  21  0.846   0.784 Y  0.570      SignalP-noTM
fig|2005473.94.peg.958     0.480  29  0.675  29  0.974  18  0.895   0.761 Y  0.450      SignalP-TM
fig|2005473.94.peg.958     0.678  29  0.806  29  0.994  19  0.934   0.866 Y  0.570      SignalP-noTM
fig|2005473.94.peg.960     0.182  21  0.400  21  0.935  18  0.889   0.630 Y  0.570      SignalP-noTM
fig|2005473.94.peg.961     0.831  25  0.705  25  0.768  21  0.553   0.646 Y  0.450      SignalP-TM
fig|2005473.94.peg.962     0.411  23  0.551  23  0.891  19  0.699   0.609 Y  0.450      SignalP-TM
fig|2005473.94.peg.962     0.538  23  0.676  23  0.905  18  0.833   0.750 Y  0.570      SignalP-noTM
fig|2005473.94.peg.966     0.201  23  0.384  23  0.893  11  0.750   0.527 Y  0.450      SignalP-TM
fig|2005473.94.peg.966     0.249  21  0.430  21  0.919   5  0.807   0.607 Y  0.570      SignalP-noTM
fig|2005473.94.peg.969     0.392  28  0.462  28  0.826  20  0.523   0.486 Y  0.450      SignalP-TM
fig|2005473.94.peg.970     0.156  26  0.348  25  0.935   7  0.848   0.583 Y  0.570      SignalP-noTM
fig|2005473.94.peg.970     0.160  31  0.301  14  0.916   9  0.864   0.520 Y  0.450      SignalP-TM
fig|2005473.94.peg.971     0.469  26  0.646  26  0.933  16  0.852   0.727 Y  0.450      SignalP-TM
fig|2005473.94.peg.971     0.601  26  0.755  26  0.987  16  0.959   0.851 Y  0.570      SignalP-noTM
fig|2005473.94.peg.978     0.142  23  0.321  20  0.836  17  0.762   0.493 Y  0.450      SignalP-TM
fig|2005473.94.peg.978     0.454  20  0.640  20  0.930  19  0.908   0.766 Y  0.570      SignalP-noTM
fig|2005473.94.peg.979     0.157  28  0.313  22  0.890   6  0.832   0.515 Y  0.450      SignalP-TM
fig|2005473.94.peg.979     0.186  21  0.411  21  0.953   6  0.922   0.651 Y  0.570      SignalP-noTM
fig|2005473.94.peg.980     0.267  42  0.403  21  0.964  16  0.905   0.599 Y  0.450      SignalP-TM
fig|2005473.94.peg.982     0.204  55  0.303  20  0.875   7  0.705   0.460 Y  0.450      SignalP-TM
fig|2005473.94.peg.989     0.238  29  0.415  22  0.925  17  0.780   0.558 Y  0.450      SignalP-TM
fig|2005473.94.peg.989     0.358  24  0.573  24  0.971  19  0.909   0.731 Y  0.570      SignalP-noTM
fig|2005473.94.peg.990     0.392  26  0.566  26  0.942  17  0.784   0.668 Y  0.570      SignalP-noTM
fig|2005473.94.peg.990     0.488  26  0.642  26  0.917  17  0.772   0.693 Y  0.450      SignalP-TM
