fig|2005473.101.peg.100    0.677  21  0.784  21  0.946  17  0.917   0.847 Y  0.570      SignalP-noTM
fig|2005473.101.peg.1027   0.206  23  0.409  23  0.907   5  0.834   0.609 Y  0.570      SignalP-noTM
fig|2005473.101.peg.1027   0.226  23  0.445  23  0.905  20  0.788   0.579 Y  0.450      SignalP-TM
fig|2005473.101.peg.103    0.413  23  0.557  23  0.888  18  0.772   0.658 Y  0.570      SignalP-noTM
fig|2005473.101.peg.103    0.467  23  0.611  23  0.880   7  0.800   0.685 Y  0.450      SignalP-TM
fig|2005473.101.peg.1035   0.443  21  0.571  21  0.895   5  0.779   0.652 Y  0.450      SignalP-TM
fig|2005473.101.peg.1035   0.600  21  0.720  21  0.942   1  0.881   0.796 Y  0.570      SignalP-noTM
fig|2005473.101.peg.1039   0.433  19  0.581  19  0.916   1  0.794   0.681 Y  0.570      SignalP-noTM
fig|2005473.101.peg.1041   0.231  21  0.452  21  0.949   5  0.893   0.624 Y  0.450      SignalP-TM
fig|2005473.101.peg.1041   0.361  21  0.584  21  0.964  16  0.945   0.754 Y  0.570      SignalP-noTM
fig|2005473.101.peg.1047   0.306  21  0.503  21  0.908  18  0.843   0.636 Y  0.450      SignalP-TM
fig|2005473.101.peg.1047   0.306  21  0.523  21  0.942  13  0.907   0.703 Y  0.570      SignalP-noTM
fig|2005473.101.peg.1048   0.238  22  0.406  22  0.793  15  0.706   0.523 Y  0.450      SignalP-TM
fig|2005473.101.peg.1057   0.594  22  0.594  22  0.696   9  0.566   0.583 Y  0.450      SignalP-TM
fig|2005473.101.peg.1061   0.242  20  0.446  20  0.934   3  0.851   0.604 Y  0.450      SignalP-TM
fig|2005473.101.peg.1061   0.453  22  0.652  20  0.973  12  0.950   0.792 Y  0.570      SignalP-noTM
fig|2005473.101.peg.1062   0.302  20  0.478  20  0.899   5  0.793   0.601 Y  0.450      SignalP-TM
fig|2005473.101.peg.1062   0.771  20  0.858  20  0.968   8  0.952   0.902 Y  0.570      SignalP-noTM
fig|2005473.101.peg.1064   0.260  23  0.475  23  0.933   8  0.882   0.634 Y  0.450      SignalP-TM
fig|2005473.101.peg.1064   0.337  23  0.557  23  0.968  14  0.923   0.729 Y  0.570      SignalP-noTM
fig|2005473.101.peg.1065   0.435  23  0.583  23  0.891  13  0.786   0.663 Y  0.450      SignalP-TM
fig|2005473.101.peg.1065   0.793  23  0.867  23  0.971  12  0.945   0.904 Y  0.570      SignalP-noTM
fig|2005473.101.peg.1081   0.139  25  0.314  25  0.834  17  0.722   0.473 Y  0.450      SignalP-TM
fig|2005473.101.peg.109    0.469  39  0.628  39  0.931  27  0.732   0.677 Y  0.570      SignalP-noTM
fig|2005473.101.peg.110    0.544  34  0.485  34  0.890  15  0.515   0.497 Y  0.450      SignalP-TM
fig|2005473.101.peg.110    0.789  34  0.708  34  0.953  17  0.721   0.714 Y  0.570      SignalP-noTM
fig|2005473.101.peg.1104   0.215  27  0.365  27  0.883  16  0.707   0.498 Y  0.450      SignalP-TM
fig|2005473.101.peg.1104   0.284  18  0.487  18  0.931  17  0.846   0.656 Y  0.570      SignalP-noTM
fig|2005473.101.peg.1105   0.165  19  0.389  19  0.960   2  0.929   0.643 Y  0.570      SignalP-noTM
fig|2005473.101.peg.1105   0.235  24  0.432  24  0.907  11  0.816   0.582 Y  0.450      SignalP-TM
fig|2005473.101.peg.1107   0.170  27  0.385  22  0.964  19  0.931   0.642 Y  0.570      SignalP-noTM
fig|2005473.101.peg.1107   0.263  27  0.440  27  0.944  16  0.824   0.590 Y  0.450      SignalP-TM
fig|2005473.101.peg.1109   0.254  18  0.445  18  0.853  17  0.778   0.601 Y  0.570      SignalP-noTM
fig|2005473.101.peg.1116   0.371  24  0.522  24  0.932   3  0.802   0.654 Y  0.570      SignalP-noTM
fig|2005473.101.peg.1116   0.377  24  0.524  24  0.827   9  0.761   0.617 Y  0.450      SignalP-TM
fig|2005473.101.peg.113    0.514  36  0.659  36  0.944  28  0.686   0.669 Y  0.450      SignalP-TM
fig|2005473.101.peg.1133   0.411  25  0.619  25  0.988  17  0.947   0.773 Y  0.570      SignalP-noTM
fig|2005473.101.peg.1133   0.425  25  0.626  25  0.958  18  0.914   0.738 Y  0.450      SignalP-TM
fig|2005473.101.peg.1134   0.242  20  0.373  20  0.787   2  0.624   0.471 Y  0.450      SignalP-TM
fig|2005473.101.peg.1134   0.350  20  0.548  20  0.916  15  0.870   0.699 Y  0.570      SignalP-noTM
fig|2005473.101.peg.1149   0.248  27  0.441  27  0.933  18  0.728   0.576 Y  0.570      SignalP-noTM
fig|2005473.101.peg.1165   0.258  38  0.456  30  0.997  12  0.936   0.682 Y  0.570      SignalP-noTM
fig|2005473.101.peg.1165   0.403  62  0.503  26  0.955  14  0.906   0.660 Y  0.450      SignalP-TM
fig|2005473.101.peg.1240   0.501  28  0.570  28  0.968  12  0.801   0.679 Y  0.570      SignalP-noTM
fig|2005473.101.peg.1240   0.783  28  0.761  28  0.864  11  0.746   0.755 Y  0.450      SignalP-TM
fig|2005473.101.peg.1241   0.143  29  0.332  23  0.922  16  0.814   0.520 Y  0.450      SignalP-TM
fig|2005473.101.peg.1241   0.568  24  0.615  24  0.866  18  0.680   0.646 Y  0.570      SignalP-noTM
fig|2005473.101.peg.1244   0.365  20  0.476  20  0.784  18  0.582   0.518 Y  0.450      SignalP-TM
fig|2005473.101.peg.1264   0.309  41  0.454  41  0.845  40  0.667   0.537 Y  0.450      SignalP-TM
fig|2005473.101.peg.1267   0.330  20  0.471  20  0.778   8  0.694   0.558 Y  0.450      SignalP-TM
fig|2005473.101.peg.1268   0.306  23  0.477  23  0.895   7  0.792   0.600 Y  0.450      SignalP-TM
fig|2005473.101.peg.1268   0.499  23  0.519  23  0.659  20  0.505   0.514 Y  0.510      SignalP-TM
fig|2005473.101.peg.1269   0.208  25  0.420  25  0.922  13  0.860   0.592 Y  0.450      SignalP-TM
fig|2005473.101.peg.1269   0.391  25  0.584  25  0.975  10  0.913   0.739 Y  0.570      SignalP-noTM
fig|2005473.101.peg.127    0.247  25  0.476  22  0.982  15  0.934   0.655 Y  0.450      SignalP-TM
fig|2005473.101.peg.127    0.730  22  0.847  22  0.994  11  0.972   0.906 Y  0.570      SignalP-noTM
fig|2005473.101.peg.1274   0.508  22  0.591  22  0.803  18  0.653   0.615 Y  0.450      SignalP-TM
fig|2005473.101.peg.1274   0.701  22  0.693  22  0.828   1  0.682   0.688 Y  0.570      SignalP-noTM
fig|2005473.101.peg.1275   0.301  29  0.455  20  0.873   3  0.817   0.596 Y  0.450      SignalP-TM
fig|2005473.101.peg.1275   0.691  20  0.769  20  0.908  16  0.843   0.804 Y  0.570      SignalP-noTM
fig|2005473.101.peg.1284   0.154  26  0.342  19  0.938  17  0.913   0.610 Y  0.570      SignalP-noTM
fig|2005473.101.peg.1295   0.202  21  0.392  21  0.913   1  0.796   0.582 Y  0.570      SignalP-noTM
fig|2005473.101.peg.1297   0.231  29  0.324  22  0.834  11  0.685   0.465 Y  0.450      SignalP-TM
fig|2005473.101.peg.1297   0.308  22  0.500  22  0.936   2  0.859   0.669 Y  0.570      SignalP-noTM
fig|2005473.101.peg.1300   0.488  23  0.599  23  0.903  20  0.671   0.633 Y  0.570      SignalP-noTM
fig|2005473.101.peg.1300   0.536  23  0.599  23  0.830  20  0.624   0.609 Y  0.450      SignalP-TM
fig|2005473.101.peg.1306   0.186  26  0.376  26  0.886   1  0.791   0.538 Y  0.450      SignalP-TM
fig|2005473.101.peg.1306   0.195  26  0.413  26  0.962  17  0.892   0.638 Y  0.570      SignalP-noTM
fig|2005473.101.peg.1308   0.304  25  0.392  25  0.712   8  0.570   0.461 Y  0.450      SignalP-TM
fig|2005473.101.peg.131    0.268  31  0.436  31  0.840  22  0.626   0.510 Y  0.450      SignalP-TM
fig|2005473.101.peg.1317   0.199  26  0.360  26  0.901   2  0.731   0.505 Y  0.450      SignalP-TM
fig|2005473.101.peg.1317   0.451  20  0.629  20  0.913  16  0.867   0.741 Y  0.570      SignalP-noTM
fig|2005473.101.peg.1351   0.184  20  0.385  20  0.873  16  0.808   0.550 Y  0.450      SignalP-TM
fig|2005473.101.peg.1351   0.683  20  0.789  20  0.947  16  0.904   0.843 Y  0.570      SignalP-noTM
fig|2005473.101.peg.1353   0.579  25  0.737  25  0.963  20  0.895   0.799 Y  0.450      SignalP-TM
fig|2005473.101.peg.1353   0.705  25  0.814  25  0.985  21  0.934   0.871 Y  0.570      SignalP-noTM
fig|2005473.101.peg.1354   0.545  46  0.648  46  0.824  42  0.576   0.620 Y  0.450      SignalP-TM
fig|2005473.101.peg.1357   0.137  19  0.347  19  0.927  17  0.853   0.544 Y  0.450      SignalP-TM
fig|2005473.101.peg.1357   0.212  23  0.430  23  0.923  16  0.887   0.645 Y  0.570      SignalP-noTM
fig|2005473.101.peg.1361   0.174  31  0.303  23  0.830  18  0.734   0.471 Y  0.450      SignalP-TM
fig|2005473.101.peg.1361   0.176  23  0.378  23  0.922   7  0.848   0.599 Y  0.570      SignalP-noTM
fig|2005473.101.peg.1362   0.180  29  0.360  29  0.938  16  0.792   0.529 Y  0.450      SignalP-TM
fig|2005473.101.peg.1362   0.196  29  0.374  29  0.971  13  0.833   0.590 Y  0.570      SignalP-noTM
fig|2005473.101.peg.1363   0.452  52  0.362  24  0.908   3  0.678   0.485 Y  0.450      SignalP-TM
fig|2005473.101.peg.1367   0.326  20  0.491  20  0.812   5  0.741   0.588 Y  0.450      SignalP-TM
fig|2005473.101.peg.1367   0.571  20  0.561  20  0.720   5  0.598   0.575 Y  0.510      SignalP-TM
fig|2005473.101.peg.1368   0.153  24  0.371  19  0.942  12  0.901   0.577 Y  0.450      SignalP-TM
fig|2005473.101.peg.1368   0.337  19  0.552  19  0.933  13  0.899   0.715 Y  0.570      SignalP-noTM
fig|2005473.101.peg.1369   0.536  20  0.611  20  0.861  17  0.698   0.652 Y  0.570      SignalP-noTM
fig|2005473.101.peg.1384   0.256  27  0.414  27  0.902   4  0.772   0.553 Y  0.450      SignalP-TM
fig|2005473.101.peg.1386   0.414  24  0.586  24  0.926  14  0.807   0.672 Y  0.450      SignalP-TM
fig|2005473.101.peg.1386   0.761  24  0.836  24  0.957  12  0.890   0.861 Y  0.570      SignalP-noTM
fig|2005473.101.peg.1389   0.297  25  0.503  25  0.928  19  0.868   0.646 Y  0.450      SignalP-TM
fig|2005473.101.peg.1389   0.469  25  0.592  25  0.970   7  0.849   0.713 Y  0.570      SignalP-noTM
fig|2005473.101.peg.1392   0.151  35  0.339  25  0.900  13  0.766   0.506 Y  0.450      SignalP-TM
fig|2005473.101.peg.1392   0.309  24  0.529  24  0.975  20  0.909   0.707 Y  0.570      SignalP-noTM
fig|2005473.101.peg.1396   0.136  22  0.306  22  0.838  18  0.687   0.454 Y  0.450      SignalP-TM
fig|2005473.101.peg.1396   0.371  23  0.517  23  0.875   2  0.715   0.610 Y  0.570      SignalP-noTM
fig|2005473.101.peg.1401   0.832  25  0.830  25  0.951  21  0.823   0.826 Y  0.570      SignalP-noTM
fig|2005473.101.peg.1402   0.279  32  0.411  22  0.907   9  0.835   0.576 Y  0.450      SignalP-TM
fig|2005473.101.peg.1402   0.611  22  0.747  22  0.962  11  0.923   0.830 Y  0.570      SignalP-noTM
fig|2005473.101.peg.1404   0.533  24  0.671  24  0.930  21  0.813   0.727 Y  0.450      SignalP-TM
fig|2005473.101.peg.1404   0.789  24  0.822  24  0.928  17  0.866   0.842 Y  0.570      SignalP-noTM
fig|2005473.101.peg.1410   0.331  28  0.495  28  0.953   6  0.838   0.628 Y  0.450      SignalP-TM
fig|2005473.101.peg.1410   0.390  28  0.565  28  0.971  11  0.891   0.718 Y  0.570      SignalP-noTM
fig|2005473.101.peg.1412   0.547  30  0.694  30  0.937  25  0.771   0.724 Y  0.450      SignalP-TM
fig|2005473.101.peg.1412   0.567  30  0.660  30  0.847  28  0.736   0.696 Y  0.570      SignalP-noTM
fig|2005473.101.peg.1414   0.371  20  0.574  20  0.936  15  0.878   0.717 Y  0.570      SignalP-noTM
fig|2005473.101.peg.1414   0.409  27  0.504  27  0.856  15  0.679   0.572 Y  0.450      SignalP-TM
fig|2005473.101.peg.1418   0.197  22  0.390  22  0.826  20  0.658   0.494 Y  0.450      SignalP-TM
fig|2005473.101.peg.1421   0.264  25  0.456  25  0.943  17  0.845   0.639 Y  0.570      SignalP-noTM
fig|2005473.101.peg.1421   0.293  27  0.469  27  0.899  17  0.791   0.594 Y  0.450      SignalP-TM
fig|2005473.101.peg.1424   0.255  25  0.465  25  0.977  11  0.894   0.667 Y  0.570      SignalP-noTM
fig|2005473.101.peg.1424   0.398  28  0.564  28  0.915  16  0.778   0.648 Y  0.450      SignalP-TM
fig|2005473.101.peg.1425   0.196  24  0.399  24  0.930   9  0.843   0.608 Y  0.570      SignalP-noTM
fig|2005473.101.peg.1425   0.326  30  0.458  30  0.851  13  0.718   0.559 Y  0.450      SignalP-TM
fig|2005473.101.peg.1426   0.440  51  0.532  51  0.914  35  0.526   0.530 Y  0.450      SignalP-TM
fig|2005473.101.peg.1428   0.396  20  0.545  20  0.862  17  0.711   0.610 Y  0.450      SignalP-TM
fig|2005473.101.peg.1428   0.688  20  0.778  20  0.943  16  0.855   0.814 Y  0.570      SignalP-noTM
fig|2005473.101.peg.1430   0.511  26  0.639  26  0.900   9  0.805   0.704 Y  0.450      SignalP-TM
fig|2005473.101.peg.1430   0.623  26  0.652  26  0.963  18  0.812   0.727 Y  0.570      SignalP-noTM
fig|2005473.101.peg.1431   0.184  23  0.407  23  0.935  17  0.869   0.587 Y  0.450      SignalP-TM
fig|2005473.101.peg.1431   0.252  23  0.492  23  0.973  13  0.934   0.699 Y  0.570      SignalP-noTM
fig|2005473.101.peg.1438   0.640  26  0.748  26  0.909  21  0.879   0.809 Y  0.570      SignalP-noTM
fig|2005473.101.peg.1438   0.655  26  0.768  26  0.936  20  0.884   0.813 Y  0.450      SignalP-TM
fig|2005473.101.peg.1446   0.189  30  0.325  30  0.846   1  0.669   0.459 Y  0.450      SignalP-TM
fig|2005473.101.peg.1466   0.758  25  0.779  25  0.927  12  0.796   0.786 Y  0.450      SignalP-TM
fig|2005473.101.peg.1466   0.827  25  0.774  25  0.964  14  0.809   0.791 Y  0.570      SignalP-noTM
fig|2005473.101.peg.1468   0.567  42  0.576  42  0.880  16  0.708   0.628 Y  0.450      SignalP-TM
fig|2005473.101.peg.1476   0.144  33  0.293  20  0.911   8  0.812   0.495 Y  0.450      SignalP-TM
fig|2005473.101.peg.1476   0.273  20  0.474  20  0.920   5  0.847   0.649 Y  0.570      SignalP-noTM
fig|2005473.101.peg.1485   0.303  24  0.450  24  0.803   7  0.707   0.551 Y  0.450      SignalP-TM
fig|2005473.101.peg.1485   0.682  24  0.793  24  0.957   8  0.927   0.856 Y  0.570      SignalP-noTM
fig|2005473.101.peg.1489   0.226  26  0.376  26  0.795  15  0.662   0.487 Y  0.450      SignalP-TM
fig|2005473.101.peg.1489   0.338  26  0.470  26  0.916   1  0.737   0.596 Y  0.570      SignalP-noTM
fig|2005473.101.peg.150    0.568  23  0.729  23  0.979  19  0.946   0.831 Y  0.570      SignalP-noTM
fig|2005473.101.peg.150    0.707  23  0.804  23  0.951  18  0.904   0.843 Y  0.450      SignalP-TM
fig|2005473.101.peg.1500   0.150  25  0.301  14  0.795  15  0.697   0.455 Y  0.450      SignalP-TM
fig|2005473.101.peg.1503   0.499  26  0.589  26  0.952   9  0.800   0.672 Y  0.450      SignalP-TM
fig|2005473.101.peg.1503   0.523  26  0.630  26  0.948  12  0.851   0.734 Y  0.570      SignalP-noTM
fig|2005473.101.peg.1510   0.350  22  0.505  22  0.842   9  0.735   0.595 Y  0.450      SignalP-TM
fig|2005473.101.peg.1510   0.499  22  0.665  22  0.920  16  0.886   0.768 Y  0.570      SignalP-noTM
fig|2005473.101.peg.1513   0.324  23  0.496  23  0.847  15  0.707   0.578 Y  0.450      SignalP-TM
fig|2005473.101.peg.1513   0.417  24  0.589  24  0.960  11  0.862   0.718 Y  0.570      SignalP-noTM
fig|2005473.101.peg.1514   0.347  21  0.521  21  0.885   6  0.816   0.659 Y  0.570      SignalP-noTM
fig|2005473.101.peg.1516   0.158  25  0.332  25  0.851  17  0.715   0.481 Y  0.450      SignalP-TM
fig|2005473.101.peg.1516   0.348  22  0.547  22  0.933   7  0.880   0.704 Y  0.570      SignalP-noTM
fig|2005473.101.peg.1517   0.208  27  0.432  27  0.948  10  0.903   0.653 Y  0.570      SignalP-noTM
fig|2005473.101.peg.1517   0.211  29  0.394  29  0.944  13  0.809   0.556 Y  0.450      SignalP-TM
fig|2005473.101.peg.1518   0.135  30  0.342  30  0.994  14  0.918   0.613 Y  0.570      SignalP-noTM
fig|2005473.101.peg.1518   0.175  34  0.359  32  0.948  20  0.835   0.544 Y  0.450      SignalP-TM
fig|2005473.101.peg.1520   0.178  25  0.377  25  0.951  11  0.860   0.556 Y  0.510      SignalP-TM
fig|2005473.101.peg.1520   0.181  32  0.312  24  0.920  10  0.791   0.499 Y  0.450      SignalP-TM
fig|2005473.101.peg.1548   0.364  21  0.510  21  0.864  17  0.723   0.593 Y  0.450      SignalP-TM
fig|2005473.101.peg.1548   0.646  21  0.741  21  0.910  11  0.861   0.797 Y  0.570      SignalP-noTM
fig|2005473.101.peg.1557   0.257  43  0.363  20  0.933  13  0.883   0.566 Y  0.450      SignalP-TM
fig|2005473.101.peg.1557   0.717  20  0.823  20  0.963  10  0.941   0.878 Y  0.570      SignalP-noTM
fig|2005473.101.peg.1559   0.276  22  0.405  22  0.744   1  0.624   0.490 Y  0.450      SignalP-TM
fig|2005473.101.peg.1559   0.402  22  0.581  22  0.909   1  0.833   0.700 Y  0.570      SignalP-noTM
fig|2005473.101.peg.156    0.443  23  0.632  23  0.970  13  0.923   0.769 Y  0.570      SignalP-noTM
fig|2005473.101.peg.156    0.466  23  0.626  23  0.935   8  0.866   0.720 Y  0.450      SignalP-TM
fig|2005473.101.peg.1561   0.569  23  0.656  23  0.929  11  0.800   0.723 Y  0.570      SignalP-noTM
fig|2005473.101.peg.1561   0.648  23  0.682  23  0.851   7  0.742   0.705 Y  0.450      SignalP-TM
fig|2005473.101.peg.1562   0.193  25  0.405  22  0.929  20  0.872   0.624 Y  0.570      SignalP-noTM
fig|2005473.101.peg.1562   0.241  33  0.379  22  0.876  20  0.816   0.549 Y  0.450      SignalP-TM
fig|2005473.101.peg.1567   0.229  20  0.419  20  0.817   2  0.766   0.555 Y  0.450      SignalP-TM
fig|2005473.101.peg.1569   0.413  25  0.546  25  0.904   8  0.760   0.629 Y  0.450      SignalP-TM
fig|2005473.101.peg.1569   0.847  25  0.799  25  0.899   6  0.814   0.806 Y  0.570      SignalP-noTM
fig|2005473.101.peg.1573   0.674  26  0.627  26  0.875   2  0.682   0.648 Y  0.450      SignalP-TM
fig|2005473.101.peg.1573   0.736  21  0.813  21  0.945  11  0.904   0.856 Y  0.570      SignalP-noTM
fig|2005473.101.peg.1574   0.410  23  0.605  23  0.949   8  0.911   0.724 Y  0.450      SignalP-TM
fig|2005473.101.peg.1574   0.774  23  0.843  23  0.961  21  0.919   0.879 Y  0.570      SignalP-noTM
fig|2005473.101.peg.1576   0.388  33  0.418  33  0.847  16  0.611   0.494 Y  0.450      SignalP-TM
fig|2005473.101.peg.1576   0.723  25  0.775  25  0.917  23  0.783   0.779 Y  0.570      SignalP-noTM
fig|2005473.101.peg.1577   0.166  42  0.327  34  0.877  27  0.700   0.472 Y  0.450      SignalP-TM
fig|2005473.101.peg.1579   0.440  21  0.609  21  0.915  18  0.847   0.702 Y  0.450      SignalP-TM
fig|2005473.101.peg.1579   0.512  21  0.702  21  0.977  11  0.952   0.819 Y  0.570      SignalP-noTM
fig|2005473.101.peg.1587   0.426  19  0.572  19  0.851  18  0.751   0.656 Y  0.570      SignalP-noTM
fig|2005473.101.peg.1597   0.364  22  0.474  22  0.814  17  0.644   0.540 Y  0.450      SignalP-TM
fig|2005473.101.peg.1597   0.654  22  0.721  22  0.942  17  0.808   0.762 Y  0.570      SignalP-noTM
fig|2005473.101.peg.1598   0.337  28  0.453  28  0.939  11  0.758   0.572 Y  0.450      SignalP-TM
fig|2005473.101.peg.1598   0.354  28  0.480  28  0.953   7  0.810   0.635 Y  0.570      SignalP-noTM
fig|2005473.101.peg.1609   0.280  26  0.434  26  0.896  19  0.719   0.545 Y  0.450      SignalP-TM
fig|2005473.101.peg.1609   0.713  21  0.806  21  0.927  15  0.907   0.853 Y  0.570      SignalP-noTM
fig|2005473.101.peg.161    0.229  23  0.466  23  0.966  21  0.934   0.686 Y  0.570      SignalP-noTM
fig|2005473.101.peg.161    0.252  33  0.415  33  0.923  10  0.780   0.558 Y  0.450      SignalP-TM
fig|2005473.101.peg.1611   0.386  21  0.471  21  0.763  16  0.525   0.492 Y  0.450      SignalP-TM
fig|2005473.101.peg.1611   0.389  21  0.550  21  0.920  17  0.719   0.630 Y  0.570      SignalP-noTM
fig|2005473.101.peg.1612   0.141  23  0.335  23  0.856  10  0.789   0.512 Y  0.450      SignalP-TM
fig|2005473.101.peg.1612   0.726  23  0.808  23  0.969  18  0.892   0.847 Y  0.570      SignalP-noTM
fig|2005473.101.peg.1613   0.724  24  0.665  24  0.703  19  0.616   0.646 Y  0.450      SignalP-TM
fig|2005473.101.peg.1613   0.821  24  0.759  24  0.863  12  0.723   0.742 Y  0.570      SignalP-noTM
fig|2005473.101.peg.1615   0.214  28  0.294  12  0.837   6  0.766   0.478 Y  0.450      SignalP-TM
fig|2005473.101.peg.1623   0.388  25  0.442  25  0.826   5  0.585   0.498 Y  0.450      SignalP-TM
fig|2005473.101.peg.1625   0.193  25  0.350  25  0.816   8  0.684   0.480 Y  0.450      SignalP-TM
fig|2005473.101.peg.1625   0.216  25  0.408  19  0.902  18  0.806   0.595 Y  0.570      SignalP-noTM
fig|2005473.101.peg.1647   0.231  41  0.435  36  0.955  30  0.793   0.574 Y  0.450      SignalP-TM
fig|2005473.101.peg.1651   0.282  43  0.475  26  0.877  19  0.685   0.557 Y  0.450      SignalP-TM
fig|2005473.101.peg.1658   0.507  33  0.499  33  0.749  17  0.595   0.537 Y  0.450      SignalP-TM
fig|2005473.101.peg.1667   0.420  22  0.540  22  0.813  18  0.690   0.598 Y  0.450      SignalP-TM
fig|2005473.101.peg.1667   0.862  22  0.860  22  0.943  18  0.840   0.851 Y  0.570      SignalP-noTM
fig|2005473.101.peg.1670   0.198  31  0.374  31  0.896  24  0.754   0.522 Y  0.450      SignalP-TM
fig|2005473.101.peg.1670   0.523  27  0.629  27  0.843  22  0.739   0.681 Y  0.570      SignalP-noTM
fig|2005473.101.peg.1673   0.325  22  0.410  22  0.651   4  0.548   0.464 Y  0.450      SignalP-TM
fig|2005473.101.peg.1687   0.556  23  0.700  23  0.946  15  0.819   0.746 Y  0.450      SignalP-TM
fig|2005473.101.peg.1687   0.831  23  0.848  23  0.952  19  0.862   0.855 Y  0.570      SignalP-noTM
fig|2005473.101.peg.1688   0.201  26  0.355  26  0.860  11  0.636   0.465 Y  0.450      SignalP-TM
fig|2005473.101.peg.169    0.194  22  0.393  22  0.953   6  0.846   0.570 Y  0.450      SignalP-TM
fig|2005473.101.peg.169    0.375  22  0.572  22  0.942   8  0.895   0.724 Y  0.570      SignalP-noTM
fig|2005473.101.peg.1692   0.250  24  0.406  24  0.949   6  0.774   0.549 Y  0.450      SignalP-TM
fig|2005473.101.peg.1692   0.519  24  0.657  24  0.978  13  0.890   0.767 Y  0.570      SignalP-noTM
fig|2005473.101.peg.170    0.567  38  0.660  38  0.954  27  0.782   0.707 Y  0.450      SignalP-TM
fig|2005473.101.peg.170    0.643  38  0.718  38  0.978  20  0.812   0.762 Y  0.570      SignalP-noTM
fig|2005473.101.peg.1704   0.547  20  0.695  20  0.932  15  0.880   0.782 Y  0.570      SignalP-noTM
fig|2005473.101.peg.1705   0.231  23  0.394  23  0.774  14  0.677   0.504 Y  0.450      SignalP-TM
fig|2005473.101.peg.1712   0.156  29  0.356  24  0.905  12  0.834   0.543 Y  0.450      SignalP-TM
fig|2005473.101.peg.1712   0.246  24  0.464  24  0.962  15  0.895   0.667 Y  0.570      SignalP-noTM
fig|2005473.101.peg.172    0.613  26  0.714  26  0.963  22  0.842   0.774 Y  0.570      SignalP-noTM
fig|2005473.101.peg.172    0.626  26  0.715  26  0.898  21  0.786   0.743 Y  0.450      SignalP-TM
fig|2005473.101.peg.1731   0.147  29  0.338  22  0.869  12  0.798   0.517 Y  0.450      SignalP-TM
fig|2005473.101.peg.1731   0.236  27  0.440  27  0.934   9  0.865   0.640 Y  0.570      SignalP-noTM
fig|2005473.101.peg.1743   0.647  29  0.709  29  0.993  12  0.880   0.789 Y  0.570      SignalP-noTM
fig|2005473.101.peg.1743   0.660  29  0.760  29  0.987  12  0.915   0.820 Y  0.450      SignalP-TM
fig|2005473.101.peg.1744   0.531  28  0.533  28  0.946  10  0.754   0.637 Y  0.570      SignalP-noTM
fig|2005473.101.peg.1744   0.611  28  0.699  28  0.940   4  0.861   0.762 Y  0.450      SignalP-TM
fig|2005473.101.peg.1749   0.170  23  0.356  23  0.912   3  0.807   0.532 Y  0.450      SignalP-TM
fig|2005473.101.peg.175    0.257  25  0.390  25  0.789   2  0.665   0.497 Y  0.450      SignalP-TM
fig|2005473.101.peg.175    0.328  20  0.554  20  0.950  18  0.928   0.730 Y  0.570      SignalP-noTM
fig|2005473.101.peg.1755   0.162  24  0.388  24  0.962  12  0.910   0.591 Y  0.450      SignalP-TM
fig|2005473.101.peg.1755   0.179  27  0.386  24  0.941  10  0.910   0.632 Y  0.570      SignalP-noTM
fig|2005473.101.peg.1758   0.282  21  0.445  21  0.851   6  0.740   0.560 Y  0.450      SignalP-TM
fig|2005473.101.peg.1758   0.543  21  0.708  21  0.965  17  0.921   0.808 Y  0.570      SignalP-noTM
fig|2005473.101.peg.1759   0.296  22  0.411  22  0.679  14  0.578   0.476 Y  0.450      SignalP-TM
fig|2005473.101.peg.1759   0.406  22  0.601  22  0.944  19  0.877   0.731 Y  0.570      SignalP-noTM
fig|2005473.101.peg.176    0.213  22  0.383  22  0.789  19  0.650   0.487 Y  0.450      SignalP-TM
fig|2005473.101.peg.176    0.450  22  0.595  22  0.837  12  0.743   0.664 Y  0.570      SignalP-noTM
fig|2005473.101.peg.1761   0.619  24  0.742  24  0.944  20  0.881   0.796 Y  0.450      SignalP-TM
fig|2005473.101.peg.1761   0.764  24  0.827  24  0.950  11  0.916   0.869 Y  0.570      SignalP-noTM
fig|2005473.101.peg.1766   0.213  39  0.412  39  0.898  25  0.685   0.518 Y  0.450      SignalP-TM
fig|2005473.101.peg.1766   0.343  32  0.545  32  0.937  22  0.741   0.637 Y  0.570      SignalP-noTM
fig|2005473.101.peg.1776   0.182  31  0.346  26  0.883  14  0.787   0.518 Y  0.450      SignalP-TM
fig|2005473.101.peg.1776   0.259  25  0.454  25  0.877  19  0.792   0.613 Y  0.570      SignalP-noTM
fig|2005473.101.peg.1779   0.215  19  0.447  19  0.945  13  0.929   0.674 Y  0.570      SignalP-noTM
fig|2005473.101.peg.1779   0.296  65  0.430  29  0.915   7  0.799   0.574 Y  0.450      SignalP-TM
fig|2005473.101.peg.1781   0.546  34  0.573  34  0.818  31  0.573   0.573 Y  0.450      SignalP-TM
fig|2005473.101.peg.1781   0.702  34  0.647  34  0.759  29  0.525   0.602 Y  0.510      SignalP-TM
fig|2005473.101.peg.1791   0.376  37  0.497  37  0.787  32  0.460   0.482 Y  0.450      SignalP-TM
fig|2005473.101.peg.1791   0.773  37  0.681  37  0.767  31  0.381   0.570 Y  0.510      SignalP-TM
fig|2005473.101.peg.1792   0.238  20  0.453  20  0.909   3  0.871   0.649 Y  0.570      SignalP-noTM
fig|2005473.101.peg.1793   0.231  32  0.286  17  0.820   9  0.759   0.471 Y  0.450      SignalP-TM
fig|2005473.101.peg.1794   0.210  22  0.405  22  0.896   4  0.810   0.595 Y  0.570      SignalP-noTM
fig|2005473.101.peg.1795   0.141  33  0.305  18  0.904   3  0.837   0.512 Y  0.450      SignalP-TM
fig|2005473.101.peg.1795   0.195  25  0.405  25  0.948   3  0.881   0.629 Y  0.570      SignalP-noTM
fig|2005473.101.peg.1799   0.278  30  0.405  30  0.755   9  0.630   0.493 Y  0.450      SignalP-TM
fig|2005473.101.peg.1800   0.549  32  0.648  32  0.894  16  0.704   0.670 Y  0.450      SignalP-TM
fig|2005473.101.peg.1800   0.644  32  0.689  32  0.946  17  0.812   0.747 Y  0.570      SignalP-noTM
fig|2005473.101.peg.1801   0.268  20  0.395  20  0.802   1  0.643   0.492 Y  0.450      SignalP-TM
fig|2005473.101.peg.1801   0.476  20  0.492  20  0.734   4  0.565   0.519 Y  0.510      SignalP-TM
fig|2005473.101.peg.1805   0.169  27  0.312  20  0.916   6  0.786   0.497 Y  0.450      SignalP-TM
fig|2005473.101.peg.1805   0.170  19  0.389  19  0.944  17  0.901   0.630 Y  0.570      SignalP-noTM
fig|2005473.101.peg.1806   0.213  23  0.346  23  0.890   8  0.669   0.472 Y  0.450      SignalP-TM
fig|2005473.101.peg.1806   0.256  23  0.466  23  0.960  15  0.890   0.665 Y  0.570      SignalP-noTM
fig|2005473.101.peg.181    0.471  28  0.523  28  0.840  15  0.658   0.575 Y  0.450      SignalP-TM
fig|2005473.101.peg.181    0.495  26  0.614  26  0.977  10  0.850   0.725 Y  0.570      SignalP-noTM
fig|2005473.101.peg.1815   0.159  36  0.328  23  0.912  17  0.852   0.532 Y  0.450      SignalP-TM
fig|2005473.101.peg.1815   0.408  20  0.600  20  0.940   2  0.901   0.741 Y  0.570      SignalP-noTM
fig|2005473.101.peg.182    0.301  23  0.501  23  0.923  18  0.833   0.630 Y  0.450      SignalP-TM
fig|2005473.101.peg.182    0.443  22  0.651  22  0.973  11  0.950   0.792 Y  0.570      SignalP-noTM
fig|2005473.101.peg.1821   0.278  23  0.459  23  0.886  15  0.757   0.599 Y  0.570      SignalP-noTM
fig|2005473.101.peg.1821   0.399  23  0.524  23  0.826  18  0.711   0.597 Y  0.450      SignalP-TM
fig|2005473.101.peg.1827   0.230  23  0.444  23  0.935  13  0.862   0.641 Y  0.570      SignalP-noTM
fig|2005473.101.peg.1827   0.277  23  0.490  23  0.916  11  0.826   0.621 Y  0.450      SignalP-TM
fig|2005473.101.peg.184    0.625  23  0.692  23  0.861  19  0.717   0.702 Y  0.450      SignalP-TM
fig|2005473.101.peg.184    0.696  23  0.775  23  0.965  17  0.872   0.821 Y  0.570      SignalP-noTM
fig|2005473.101.peg.1842   0.544  22  0.600  22  0.790  10  0.690   0.642 Y  0.570      SignalP-noTM
fig|2005473.101.peg.1846   0.358  31  0.400  31  0.707   1  0.557   0.461 Y  0.450      SignalP-TM
fig|2005473.101.peg.185    0.156  25  0.329  25  0.916  12  0.760   0.497 Y  0.450      SignalP-TM
fig|2005473.101.peg.185    0.217  25  0.424  25  0.956  15  0.872   0.634 Y  0.570      SignalP-noTM
fig|2005473.101.peg.1861   0.304  30  0.431  30  0.892   4  0.743   0.553 Y  0.450      SignalP-TM
fig|2005473.101.peg.1861   0.510  23  0.670  23  0.950  15  0.888   0.773 Y  0.570      SignalP-noTM
fig|2005473.101.peg.1876   0.353  24  0.527  24  0.928  12  0.832   0.670 Y  0.570      SignalP-noTM
fig|2005473.101.peg.1876   0.460  28  0.585  28  0.915  14  0.762   0.654 Y  0.450      SignalP-TM
fig|2005473.101.peg.1877   0.465  26  0.618  26  0.946  16  0.855   0.729 Y  0.570      SignalP-noTM
fig|2005473.101.peg.1877   0.687  26  0.783  26  0.950  11  0.870   0.817 Y  0.450      SignalP-TM
fig|2005473.101.peg.1892   0.530  20  0.518  20  0.715   4  0.554   0.532 Y  0.450      SignalP-TM
fig|2005473.101.peg.1898   0.385  24  0.585  24  0.945  20  0.898   0.707 Y  0.450      SignalP-TM
fig|2005473.101.peg.1898   0.404  22  0.607  22  0.969  13  0.921   0.754 Y  0.570      SignalP-noTM
fig|2005473.101.peg.1937   0.358  28  0.445  28  0.861   9  0.649   0.524 Y  0.450      SignalP-TM
fig|2005473.101.peg.1937   0.443  27  0.583  27  0.950  21  0.834   0.701 Y  0.570      SignalP-noTM
fig|2005473.101.peg.1944   0.226  25  0.439  25  0.904  10  0.815   0.585 Y  0.450      SignalP-TM
fig|2005473.101.peg.1944   0.299  27  0.513  25  0.985  13  0.905   0.697 Y  0.570      SignalP-noTM
fig|2005473.101.peg.1945   0.258  21  0.486  21  0.937  20  0.912   0.652 Y  0.450      SignalP-TM
fig|2005473.101.peg.1945   0.686  21  0.805  21  0.972  12  0.935   0.866 Y  0.570      SignalP-noTM
fig|2005473.101.peg.1947   0.390  27  0.499  27  0.947  13  0.784   0.633 Y  0.570      SignalP-noTM
fig|2005473.101.peg.1947   0.461  27  0.599  27  0.893  14  0.801   0.678 Y  0.450      SignalP-TM
fig|2005473.101.peg.1955   0.375  27  0.505  27  0.814  13  0.681   0.574 Y  0.450      SignalP-TM
fig|2005473.101.peg.1955   0.660  27  0.762  27  0.972  13  0.906   0.830 Y  0.570      SignalP-noTM
fig|2005473.101.peg.1958   0.446  34  0.461  34  0.764  18  0.580   0.507 Y  0.450      SignalP-TM
fig|2005473.101.peg.1960   0.501  21  0.650  21  0.888  16  0.828   0.733 Y  0.570      SignalP-noTM
fig|2005473.101.peg.1960   0.589  29  0.544  29  0.801  18  0.570   0.554 Y  0.450      SignalP-TM
fig|2005473.101.peg.1968   0.318  31  0.411  31  0.861   7  0.693   0.521 Y  0.450      SignalP-TM
fig|2005473.101.peg.20     0.234  25  0.410  25  0.965  10  0.812   0.599 Y  0.570      SignalP-noTM
fig|2005473.101.peg.20     0.261  24  0.420  24  0.843  12  0.701   0.530 Y  0.450      SignalP-TM
fig|2005473.101.peg.2006   0.308  23  0.439  23  0.698  22  0.627   0.512 Y  0.450      SignalP-TM
fig|2005473.101.peg.2006   0.802  23  0.711  23  0.675  12  0.593   0.667 Y  0.510      SignalP-TM
fig|2005473.101.peg.2016   0.525  23  0.678  23  0.939  18  0.868   0.767 Y  0.570      SignalP-noTM
fig|2005473.101.peg.2017   0.404  22  0.603  22  0.960  18  0.908   0.746 Y  0.570      SignalP-noTM
fig|2005473.101.peg.2020   0.129  37  0.279  11  0.832   6  0.774   0.472 Y  0.450      SignalP-TM
fig|2005473.101.peg.204    0.174  22  0.359  22  0.856  16  0.767   0.518 Y  0.450      SignalP-TM
fig|2005473.101.peg.204    0.265  19  0.469  19  0.914   1  0.847   0.646 Y  0.570      SignalP-noTM
fig|2005473.101.peg.2044   0.302  25  0.501  25  0.947  21  0.765   0.604 Y  0.450      SignalP-TM
fig|2005473.101.peg.2044   0.659  23  0.711  23  0.880  20  0.764   0.736 Y  0.570      SignalP-noTM
fig|2005473.101.peg.2049   0.166  21  0.327  21  0.846   3  0.689   0.469 Y  0.450      SignalP-TM
fig|2005473.101.peg.2049   0.229  21  0.415  21  0.921  14  0.777   0.585 Y  0.570      SignalP-noTM
fig|2005473.101.peg.205    0.283  23  0.390  23  0.779   5  0.600   0.472 Y  0.450      SignalP-TM
fig|2005473.101.peg.205    0.461  23  0.578  23  0.901  19  0.747   0.657 Y  0.570      SignalP-noTM
fig|2005473.101.peg.2050   0.212  20  0.406  20  0.921   3  0.817   0.566 Y  0.450      SignalP-TM
fig|2005473.101.peg.2050   0.501  20  0.676  20  0.960  17  0.910   0.786 Y  0.570      SignalP-noTM
fig|2005473.101.peg.2058   0.321  22  0.521  22  0.872  18  0.840   0.645 Y  0.450      SignalP-TM
fig|2005473.101.peg.2058   0.649  22  0.752  22  0.900  12  0.853   0.789 Y  0.510      SignalP-TM
fig|2005473.101.peg.206    0.143  27  0.292  22  0.843   3  0.773   0.480 Y  0.450      SignalP-TM
fig|2005473.101.peg.206    0.195  22  0.390  22  0.924   1  0.816   0.590 Y  0.570      SignalP-noTM
fig|2005473.101.peg.2062   0.670  29  0.611  29  0.772  26  0.517   0.574 Y  0.450      SignalP-TM
fig|2005473.101.peg.2062   0.806  29  0.831  29  0.938  21  0.857   0.843 Y  0.570      SignalP-noTM
fig|2005473.101.peg.2067   0.748  23  0.826  23  0.956  16  0.888   0.850 Y  0.450      SignalP-TM
fig|2005473.101.peg.2067   0.874  23  0.885  23  0.939  19  0.904   0.894 Y  0.570      SignalP-noTM
fig|2005473.101.peg.2068   0.555  22  0.675  22  0.883  15  0.822   0.732 Y  0.450      SignalP-TM
fig|2005473.101.peg.2068   0.881  22  0.920  22  0.981  11  0.954   0.936 Y  0.570      SignalP-noTM
fig|2005473.101.peg.207    0.209  26  0.415  26  0.948   8  0.869   0.592 Y  0.450      SignalP-TM
fig|2005473.101.peg.207    0.248  26  0.467  26  0.976  10  0.918   0.679 Y  0.570      SignalP-noTM
fig|2005473.101.peg.2076   0.775  23  0.753  23  0.953   6  0.812   0.776 Y  0.450      SignalP-TM
fig|2005473.101.peg.2076   0.850  23  0.883  23  0.980  13  0.930   0.905 Y  0.570      SignalP-noTM
fig|2005473.101.peg.208    0.335  34  0.508  34  0.896  32  0.782   0.614 Y  0.450      SignalP-TM
fig|2005473.101.peg.208    0.484  34  0.671  34  0.995  19  0.930   0.793 Y  0.570      SignalP-noTM
fig|2005473.101.peg.2094   0.618  28  0.660  28  0.841  18  0.687   0.670 Y  0.450      SignalP-TM
fig|2005473.101.peg.210    0.363  25  0.513  25  0.826  13  0.728   0.597 Y  0.450      SignalP-TM
fig|2005473.101.peg.210    0.370  25  0.543  25  0.927  21  0.840   0.683 Y  0.570      SignalP-noTM
fig|2005473.101.peg.2100   0.169  25  0.392  25  0.962  17  0.831   0.563 Y  0.450      SignalP-TM
fig|2005473.101.peg.2100   0.502  25  0.702  25  0.993  17  0.946   0.817 Y  0.570      SignalP-noTM
fig|2005473.101.peg.2103   0.478  23  0.581  23  0.821  19  0.712   0.632 Y  0.450      SignalP-TM
fig|2005473.101.peg.211    0.574  23  0.680  23  0.872   8  0.809   0.730 Y  0.450      SignalP-TM
fig|2005473.101.peg.211    0.584  23  0.684  23  0.906   5  0.829   0.752 Y  0.570      SignalP-noTM
fig|2005473.101.peg.212    0.262  22  0.432  22  0.895   5  0.772   0.564 Y  0.450      SignalP-TM
fig|2005473.101.peg.212    0.518  22  0.668  22  0.947   8  0.888   0.771 Y  0.570      SignalP-noTM
fig|2005473.101.peg.2129   0.308  35  0.391  23  0.917  18  0.865   0.576 Y  0.450      SignalP-TM
fig|2005473.101.peg.2129   0.319  22  0.554  22  0.983  16  0.958   0.744 Y  0.570      SignalP-noTM
fig|2005473.101.peg.216    0.236  20  0.458  20  0.931  17  0.826   0.601 Y  0.450      SignalP-TM
fig|2005473.101.peg.216    0.798  20  0.875  20  0.975  18  0.940   0.906 Y  0.570      SignalP-noTM
fig|2005473.101.peg.219    0.210  22  0.353  22  0.753   5  0.630   0.461 Y  0.450      SignalP-TM
fig|2005473.101.peg.219    0.515  22  0.614  22  0.877  10  0.772   0.688 Y  0.570      SignalP-noTM
fig|2005473.101.peg.2193   0.237  28  0.450  28  0.884  18  0.767   0.599 Y  0.570      SignalP-noTM
fig|2005473.101.peg.2193   0.369  37  0.392  37  0.892  24  0.577   0.464 Y  0.450      SignalP-TM
fig|2005473.101.peg.2194   0.166  22  0.369  22  0.920   1  0.840   0.590 Y  0.570      SignalP-noTM
fig|2005473.101.peg.2194   0.186  22  0.354  22  0.850   1  0.712   0.493 Y  0.450      SignalP-TM
fig|2005473.101.peg.2195   0.642  22  0.503  22  0.548  20  0.377   0.454 Y  0.450      SignalP-TM
fig|2005473.101.peg.2196   0.538  19  0.510  19  0.683   2  0.509   0.510 Y  0.450      SignalP-TM
fig|2005473.101.peg.2196   0.782  19  0.813  19  0.917  11  0.845   0.828 Y  0.570      SignalP-noTM
fig|2005473.101.peg.2197   0.153  24  0.335  24  0.880  19  0.721   0.485 Y  0.450      SignalP-TM
fig|2005473.101.peg.2197   0.358  20  0.572  20  0.951  11  0.910   0.731 Y  0.570      SignalP-noTM
fig|2005473.101.peg.2198   0.203  28  0.405  28  0.944  19  0.857   0.618 Y  0.570      SignalP-noTM
fig|2005473.101.peg.2198   0.214  33  0.409  33  0.957  10  0.863   0.586 Y  0.450      SignalP-TM
fig|2005473.101.peg.2199   0.195  28  0.396  20  0.903   8  0.835   0.567 Y  0.450      SignalP-TM
fig|2005473.101.peg.2199   0.639  20  0.735  20  0.921  12  0.855   0.792 Y  0.570      SignalP-noTM
fig|2005473.101.peg.2209   0.457  54  0.409  23  0.810  18  0.751   0.543 Y  0.450      SignalP-TM
fig|2005473.101.peg.221    0.175  27  0.361  24  0.950   6  0.857   0.555 Y  0.450      SignalP-TM
fig|2005473.101.peg.221    0.377  27  0.562  21  0.979  10  0.952   0.745 Y  0.570      SignalP-noTM
fig|2005473.101.peg.2212   0.189  21  0.408  21  0.940   9  0.881   0.593 Y  0.450      SignalP-TM
fig|2005473.101.peg.2212   0.558  23  0.712  23  0.949   7  0.920   0.810 Y  0.570      SignalP-noTM
fig|2005473.101.peg.2214   0.197  30  0.366  30  0.943  15  0.778   0.527 Y  0.450      SignalP-TM
fig|2005473.101.peg.2216   0.327  20  0.556  20  0.969  17  0.936   0.735 Y  0.570      SignalP-noTM
fig|2005473.101.peg.2216   0.431  28  0.563  28  0.939  17  0.815   0.661 Y  0.450      SignalP-TM
fig|2005473.101.peg.222    0.299  19  0.479  19  0.863  13  0.774   0.617 Y  0.570      SignalP-noTM
fig|2005473.101.peg.2222   0.376  21  0.572  21  0.922  20  0.847   0.679 Y  0.450      SignalP-TM
fig|2005473.101.peg.2222   0.722  21  0.837  21  0.986  19  0.962   0.896 Y  0.570      SignalP-noTM
fig|2005473.101.peg.2232   0.154  28  0.343  28  0.859  13  0.722   0.491 Y  0.450      SignalP-TM
fig|2005473.101.peg.2268   0.210  31  0.395  31  0.871  15  0.758   0.537 Y  0.450      SignalP-TM
fig|2005473.101.peg.227    0.557  22  0.687  22  0.907   1  0.865   0.771 Y  0.570      SignalP-noTM
fig|2005473.101.peg.2277   0.283  19  0.499  19  0.934  18  0.881   0.679 Y  0.570      SignalP-noTM
fig|2005473.101.peg.228    0.147  26  0.302  26  0.800   9  0.683   0.450 Y  0.450      SignalP-TM
fig|2005473.101.peg.228    0.173  24  0.365  24  0.921  14  0.811   0.575 Y  0.570      SignalP-noTM
fig|2005473.101.peg.2280   0.134  48  0.303  17  0.848   5  0.793   0.494 Y  0.450      SignalP-TM
fig|2005473.101.peg.2286   0.744  21  0.804  21  0.928  14  0.881   0.840 Y  0.570      SignalP-noTM
fig|2005473.101.peg.229    0.234  33  0.364  25  0.876  18  0.788   0.530 Y  0.450      SignalP-TM
fig|2005473.101.peg.229    0.676  20  0.810  20  0.986  12  0.960   0.880 Y  0.570      SignalP-noTM
fig|2005473.101.peg.23     0.169  26  0.351  26  0.890   8  0.780   0.518 Y  0.450      SignalP-TM
fig|2005473.101.peg.23     0.234  24  0.447  24  0.938   6  0.885   0.653 Y  0.570      SignalP-noTM
fig|2005473.101.peg.230    0.138  27  0.313  23  0.939   7  0.849   0.522 Y  0.450      SignalP-TM
fig|2005473.101.peg.230    0.196  23  0.420  23  0.962  19  0.907   0.649 Y  0.570      SignalP-noTM
fig|2005473.101.peg.231    0.210  36  0.430  36  0.968  26  0.786   0.597 Y  0.570      SignalP-noTM
fig|2005473.101.peg.2311   0.341  21  0.502  21  0.817  15  0.747   0.598 Y  0.450      SignalP-TM
fig|2005473.101.peg.2311   0.778  21  0.817  21  0.919  17  0.851   0.833 Y  0.570      SignalP-noTM
fig|2005473.101.peg.2319   0.246  22  0.444  22  0.949   1  0.842   0.631 Y  0.570      SignalP-noTM
fig|2005473.101.peg.2319   0.310  22  0.465  22  0.882   5  0.750   0.576 Y  0.450      SignalP-TM
fig|2005473.101.peg.2320   0.285  25  0.435  25  0.896  11  0.753   0.559 Y  0.450      SignalP-TM
fig|2005473.101.peg.2320   0.345  23  0.558  23  0.961  11  0.906   0.721 Y  0.570      SignalP-noTM
fig|2005473.101.peg.233    0.186  23  0.356  23  0.898   3  0.732   0.502 Y  0.450      SignalP-TM
fig|2005473.101.peg.2331   0.557  19  0.646  19  0.916  17  0.768   0.703 Y  0.570      SignalP-noTM
fig|2005473.101.peg.2332   0.327  28  0.470  28  0.941  17  0.795   0.596 Y  0.450      SignalP-TM
fig|2005473.101.peg.2332   0.742  20  0.844  20  0.981  10  0.953   0.895 Y  0.570      SignalP-noTM
fig|2005473.101.peg.2338   0.238  25  0.366  25  0.767   1  0.622   0.466 Y  0.450      SignalP-TM
fig|2005473.101.peg.2339   0.155  20  0.356  20  0.892   8  0.837   0.543 Y  0.450      SignalP-TM
fig|2005473.101.peg.2339   0.460  20  0.650  20  0.948  13  0.906   0.770 Y  0.570      SignalP-noTM
fig|2005473.101.peg.234    0.222  29  0.386  29  0.836  18  0.713   0.514 Y  0.450      SignalP-TM
fig|2005473.101.peg.234    0.248  22  0.454  22  0.935  16  0.834   0.633 Y  0.570      SignalP-noTM
fig|2005473.101.peg.2340   0.208  33  0.339  21  0.706  17  0.625   0.451 Y  0.450      SignalP-TM
fig|2005473.101.peg.2340   0.260  21  0.465  21  0.908  10  0.849   0.645 Y  0.570      SignalP-noTM
fig|2005473.101.peg.2341   0.255  25  0.447  25  0.913   5  0.827   0.626 Y  0.570      SignalP-noTM
fig|2005473.101.peg.2342   0.361  22  0.460  22  0.796   5  0.644   0.532 Y  0.450      SignalP-TM
fig|2005473.101.peg.2342   0.811  22  0.774  22  0.865   1  0.783   0.778 Y  0.570      SignalP-noTM
fig|2005473.101.peg.2349   0.238  36  0.389  24  0.877  16  0.761   0.534 Y  0.450      SignalP-TM
fig|2005473.101.peg.2349   0.406  24  0.565  24  0.953  10  0.839   0.694 Y  0.570      SignalP-noTM
fig|2005473.101.peg.235    0.224  21  0.440  21  0.932   5  0.880   0.611 Y  0.450      SignalP-TM
fig|2005473.101.peg.235    0.380  19  0.605  19  0.986   9  0.954   0.769 Y  0.570      SignalP-noTM
fig|2005473.101.peg.236    0.542  23  0.693  23  0.936   9  0.876   0.765 Y  0.450      SignalP-TM
fig|2005473.101.peg.236    0.840  23  0.905  23  0.987  10  0.964   0.933 Y  0.570      SignalP-noTM
fig|2005473.101.peg.2360   0.205  25  0.388  25  0.912   4  0.798   0.581 Y  0.570      SignalP-noTM
fig|2005473.101.peg.2360   0.380  27  0.497  27  0.893  19  0.709   0.580 Y  0.450      SignalP-TM
fig|2005473.101.peg.2362   0.332  25  0.463  25  0.813   8  0.690   0.552 Y  0.450      SignalP-TM
fig|2005473.101.peg.2362   0.352  25  0.547  25  0.933  10  0.882   0.704 Y  0.570      SignalP-noTM
fig|2005473.101.peg.2363   0.283  20  0.512  20  0.958   5  0.929   0.675 Y  0.450      SignalP-TM
fig|2005473.101.peg.2363   0.624  20  0.758  20  0.948  16  0.921   0.834 Y  0.570      SignalP-noTM
fig|2005473.101.peg.2373   0.316  23  0.468  23  0.915   5  0.770   0.586 Y  0.450      SignalP-TM
fig|2005473.101.peg.2373   0.885  23  0.890  23  0.960  19  0.896   0.893 Y  0.570      SignalP-noTM
fig|2005473.101.peg.2374   0.300  20  0.492  20  0.876  16  0.814   0.618 Y  0.450      SignalP-TM
fig|2005473.101.peg.2374   0.553  20  0.716  20  0.948  11  0.927   0.815 Y  0.570      SignalP-noTM
fig|2005473.101.peg.2379   0.331  21  0.554  21  0.952  16  0.906   0.691 Y  0.450      SignalP-TM
fig|2005473.101.peg.2379   0.549  21  0.719  21  0.966  18  0.925   0.816 Y  0.570      SignalP-noTM
fig|2005473.101.peg.238    0.185  32  0.390  24  0.973  13  0.925   0.642 Y  0.570      SignalP-noTM
fig|2005473.101.peg.238    0.229  32  0.356  32  0.938  17  0.756   0.512 Y  0.450      SignalP-TM
fig|2005473.101.peg.2382   0.244  27  0.425  21  0.882   1  0.773   0.561 Y  0.450      SignalP-TM
fig|2005473.101.peg.2382   0.632  21  0.752  21  0.921  18  0.889   0.803 Y  0.510      SignalP-TM
fig|2005473.101.peg.239    0.181  28  0.363  28  0.886  11  0.779   0.525 Y  0.450      SignalP-TM
fig|2005473.101.peg.239    0.434  29  0.622  29  0.951  23  0.885   0.746 Y  0.570      SignalP-noTM
fig|2005473.101.peg.2393   0.169  35  0.331  23  0.887  16  0.812   0.519 Y  0.450      SignalP-TM
fig|2005473.101.peg.2393   0.483  23  0.676  23  0.976  10  0.944   0.802 Y  0.570      SignalP-noTM
fig|2005473.101.peg.2396   0.457  28  0.507  28  0.852  27  0.574   0.533 Y  0.450      SignalP-TM
fig|2005473.101.peg.2396   0.778  28  0.700  28  0.777  26  0.583   0.657 Y  0.510      SignalP-TM
fig|2005473.101.peg.2398   0.406  23  0.511  23  0.906   2  0.729   0.613 Y  0.570      SignalP-noTM
fig|2005473.101.peg.2398   0.465  23  0.560  23  0.827   2  0.687   0.610 Y  0.450      SignalP-TM
fig|2005473.101.peg.2399   0.177  23  0.345  23  0.854  16  0.700   0.484 Y  0.450      SignalP-TM
fig|2005473.101.peg.2399   0.231  23  0.443  20  0.915  15  0.847   0.633 Y  0.570      SignalP-noTM
fig|2005473.101.peg.24     0.529  25  0.521  25  0.805  18  0.414   0.480 Y  0.450      SignalP-TM
fig|2005473.101.peg.24     0.621  20  0.690  20  0.935  18  0.741   0.714 Y  0.570      SignalP-noTM
fig|2005473.101.peg.2400   0.330  31  0.431  31  0.936  15  0.760   0.559 Y  0.450      SignalP-TM
fig|2005473.101.peg.2400   0.365  21  0.584  21  0.977  11  0.936   0.750 Y  0.570      SignalP-noTM
fig|2005473.101.peg.243    0.170  35  0.315  35  0.947   8  0.758   0.488 Y  0.450      SignalP-TM
fig|2005473.101.peg.2437   0.234  31  0.419  22  0.858   2  0.781   0.560 Y  0.450      SignalP-TM
fig|2005473.101.peg.2441   0.181  22  0.348  22  0.800  18  0.700   0.485 Y  0.450      SignalP-TM
fig|2005473.101.peg.2441   0.221  20  0.451  20  0.940  13  0.910   0.667 Y  0.570      SignalP-noTM
fig|2005473.101.peg.2443   0.171  44  0.376  44  0.903  41  0.616   0.470 Y  0.450      SignalP-TM
fig|2005473.101.peg.2444   0.228  22  0.397  22  0.834   7  0.729   0.526 Y  0.450      SignalP-TM
fig|2005473.101.peg.2444   0.337  22  0.555  22  0.943   7  0.914   0.724 Y  0.570      SignalP-noTM
fig|2005473.101.peg.2445   0.354  30  0.481  30  0.897   9  0.773   0.595 Y  0.450      SignalP-TM
fig|2005473.101.peg.2445   0.399  28  0.522  28  0.934  10  0.801   0.654 Y  0.570      SignalP-noTM
fig|2005473.101.peg.2447   0.210  44  0.318  33  0.844  26  0.659   0.451 Y  0.450      SignalP-TM
fig|2005473.101.peg.2456   0.142  24  0.334  24  0.881  16  0.768   0.503 Y  0.450      SignalP-TM
fig|2005473.101.peg.2457   0.369  25  0.545  25  0.899  23  0.818   0.673 Y  0.570      SignalP-noTM
fig|2005473.101.peg.2457   0.452  26  0.522  26  0.781  23  0.563   0.538 Y  0.450      SignalP-TM
fig|2005473.101.peg.2491   0.141  58  0.346  23  0.961  16  0.895   0.560 Y  0.450      SignalP-TM
fig|2005473.101.peg.2491   0.349  23  0.579  23  0.978  17  0.957   0.757 Y  0.570      SignalP-noTM
fig|2005473.101.peg.2494   0.109  48  0.273  11  0.799   9  0.738   0.454 Y  0.450      SignalP-TM
fig|2005473.101.peg.2495   0.394  37  0.543  37  0.847  34  0.489   0.522 Y  0.450      SignalP-TM
fig|2005473.101.peg.2500   0.248  22  0.434  22  0.811  17  0.726   0.548 Y  0.450      SignalP-TM
fig|2005473.101.peg.2500   0.425  22  0.607  22  0.934   2  0.880   0.735 Y  0.570      SignalP-noTM
fig|2005473.101.peg.2505   0.259  39  0.417  39  0.762  32  0.571   0.477 Y  0.450      SignalP-TM
fig|2005473.101.peg.2507   0.187  20  0.379  20  0.844  18  0.768   0.531 Y  0.450      SignalP-TM
fig|2005473.101.peg.2507   0.642  20  0.753  20  0.919  18  0.882   0.813 Y  0.570      SignalP-noTM
fig|2005473.101.peg.2508   0.311  22  0.495  22  0.890   5  0.820   0.622 Y  0.450      SignalP-TM
fig|2005473.101.peg.2508   0.545  20  0.711  20  0.962  11  0.928   0.813 Y  0.570      SignalP-noTM
fig|2005473.101.peg.2529   0.279  27  0.406  27  0.924   7  0.738   0.535 Y  0.450      SignalP-TM
fig|2005473.101.peg.2529   0.650  27  0.740  27  0.965  10  0.896   0.813 Y  0.570      SignalP-noTM
fig|2005473.101.peg.2530   0.309  20  0.511  20  0.952  17  0.853   0.672 Y  0.570      SignalP-noTM
fig|2005473.101.peg.2530   0.363  26  0.463  26  0.849  19  0.685   0.550 Y  0.450      SignalP-TM
fig|2005473.101.peg.2546   0.127  26  0.306  20  0.816  17  0.771   0.487 Y  0.450      SignalP-TM
fig|2005473.101.peg.2546   0.479  20  0.627  20  0.895   1  0.820   0.718 Y  0.570      SignalP-noTM
fig|2005473.101.peg.2554   0.232  21  0.423  21  0.847  17  0.770   0.558 Y  0.450      SignalP-TM
fig|2005473.101.peg.2554   0.410  21  0.590  21  0.946  10  0.875   0.724 Y  0.570      SignalP-noTM
fig|2005473.101.peg.2559   0.180  17  0.405  17  0.944  10  0.895   0.635 Y  0.570      SignalP-noTM
fig|2005473.101.peg.2559   0.213  22  0.389  22  0.805   8  0.680   0.502 Y  0.450      SignalP-TM
fig|2005473.101.peg.2560   0.155  35  0.318  28  0.852  24  0.745   0.484 Y  0.450      SignalP-TM
fig|2005473.101.peg.2560   0.352  28  0.577  28  0.974  16  0.943   0.749 Y  0.570      SignalP-noTM
fig|2005473.101.peg.2564   0.449  26  0.568  26  0.874  19  0.720   0.627 Y  0.450      SignalP-TM
fig|2005473.101.peg.2564   0.536  26  0.622  21  0.938  16  0.835   0.723 Y  0.570      SignalP-noTM
fig|2005473.101.peg.2566   0.318  27  0.516  27  0.959  12  0.886   0.690 Y  0.570      SignalP-noTM
fig|2005473.101.peg.2566   0.480  27  0.586  27  0.865  10  0.763   0.655 Y  0.450      SignalP-TM
fig|2005473.101.peg.2568   0.366  25  0.555  25  0.900  17  0.806   0.653 Y  0.450      SignalP-TM
fig|2005473.101.peg.2568   0.395  25  0.594  25  0.972  17  0.897   0.737 Y  0.570      SignalP-noTM
fig|2005473.101.peg.2588   0.317  20  0.474  20  0.895  18  0.665   0.549 Y  0.450      SignalP-TM
fig|2005473.101.peg.2588   0.535  20  0.661  20  0.912  16  0.815   0.733 Y  0.570      SignalP-noTM
fig|2005473.101.peg.2589   0.369  22  0.510  22  0.906  19  0.695   0.582 Y  0.450      SignalP-TM
fig|2005473.101.peg.260    0.473  23  0.618  23  0.925  12  0.826   0.699 Y  0.450      SignalP-TM
fig|2005473.101.peg.260    0.617  21  0.725  21  0.916  13  0.861   0.789 Y  0.570      SignalP-noTM
fig|2005473.101.peg.2605   0.232  23  0.449  23  0.973   8  0.894   0.623 Y  0.450      SignalP-TM
fig|2005473.101.peg.2605   0.549  23  0.703  23  0.977   8  0.921   0.806 Y  0.570      SignalP-noTM
fig|2005473.101.peg.2608   0.322  29  0.485  29  0.933  20  0.815   0.640 Y  0.570      SignalP-noTM
fig|2005473.101.peg.2608   0.522  29  0.647  29  0.892  26  0.823   0.715 Y  0.450      SignalP-TM
fig|2005473.101.peg.2609   0.396  32  0.465  25  0.973  11  0.873   0.657 Y  0.570      SignalP-noTM
fig|2005473.101.peg.2609   0.513  32  0.556  32  0.953  14  0.773   0.641 Y  0.450      SignalP-TM
fig|2005473.101.peg.2619   0.486  30  0.465  30  0.661   3  0.471   0.467 Y  0.450      SignalP-TM
fig|2005473.101.peg.2621   0.452  22  0.503  22  0.703  17  0.568   0.529 Y  0.450      SignalP-TM
fig|2005473.101.peg.2627   0.217  22  0.443  22  0.956   9  0.921   0.668 Y  0.570      SignalP-noTM
fig|2005473.101.peg.2627   0.311  33  0.456  33  0.956  12  0.821   0.599 Y  0.450      SignalP-TM
fig|2005473.101.peg.2630   0.285  26  0.488  26  0.906  10  0.833   0.623 Y  0.450      SignalP-TM
fig|2005473.101.peg.2633   0.217  26  0.418  26  0.901  17  0.824   0.576 Y  0.450      SignalP-TM
fig|2005473.101.peg.2633   0.377  26  0.573  26  0.955  17  0.899   0.726 Y  0.570      SignalP-noTM
fig|2005473.101.peg.2636   0.158  29  0.307  20  0.922  12  0.791   0.496 Y  0.450      SignalP-TM
fig|2005473.101.peg.265    0.304  26  0.426  26  0.763  20  0.523   0.464 Y  0.450      SignalP-TM
fig|2005473.101.peg.265    0.480  24  0.608  24  0.881  21  0.738   0.669 Y  0.570      SignalP-noTM
fig|2005473.101.peg.2669   0.396  23  0.601  23  0.964  19  0.884   0.711 Y  0.450      SignalP-TM
fig|2005473.101.peg.2669   0.439  23  0.640  23  0.986  19  0.937   0.780 Y  0.570      SignalP-noTM
fig|2005473.101.peg.267    0.204  22  0.386  22  0.800  11  0.694   0.506 Y  0.450      SignalP-TM
fig|2005473.101.peg.267    0.624  20  0.754  20  0.962  16  0.871   0.809 Y  0.570      SignalP-noTM
fig|2005473.101.peg.2671   0.256  22  0.394  22  0.800  18  0.637   0.489 Y  0.450      SignalP-TM
fig|2005473.101.peg.2671   0.341  20  0.500  20  0.893  18  0.742   0.614 Y  0.570      SignalP-noTM
fig|2005473.101.peg.2672   0.250  28  0.398  28  0.756  18  0.633   0.489 Y  0.450      SignalP-TM
fig|2005473.101.peg.2679   0.643  33  0.657  33  0.933   9  0.790   0.709 Y  0.450      SignalP-TM
fig|2005473.101.peg.2679   0.706  26  0.763  26  0.970  13  0.881   0.818 Y  0.570      SignalP-noTM
fig|2005473.101.peg.2690   0.147  32  0.308  24  0.815  14  0.710   0.465 Y  0.450      SignalP-TM
fig|2005473.101.peg.2690   0.195  24  0.389  24  0.920  15  0.818   0.591 Y  0.570      SignalP-noTM
fig|2005473.101.peg.2702   0.438  29  0.547  29  0.826  19  0.642   0.584 Y  0.450      SignalP-TM
fig|2005473.101.peg.2702   0.510  20  0.673  20  0.950  19  0.881   0.771 Y  0.570      SignalP-noTM
fig|2005473.101.peg.2703   0.455  25  0.539  25  0.774  17  0.521   0.532 Y  0.450      SignalP-TM
fig|2005473.101.peg.2704   0.159  21  0.384  21  0.963  11  0.925   0.638 Y  0.570      SignalP-noTM
fig|2005473.101.peg.2704   0.183  56  0.356  21  0.924  13  0.873   0.558 Y  0.450      SignalP-TM
fig|2005473.101.peg.2706   0.216  34  0.289  20  0.830  10  0.767   0.475 Y  0.450      SignalP-TM
fig|2005473.101.peg.2708   0.145  23  0.316  23  0.771  12  0.698   0.465 Y  0.450      SignalP-TM
fig|2005473.101.peg.2708   0.318  23  0.525  23  0.939  19  0.872   0.688 Y  0.570      SignalP-noTM
fig|2005473.101.peg.2710   0.249  31  0.425  31  0.904  16  0.791   0.568 Y  0.450      SignalP-TM
fig|2005473.101.peg.272    0.259  28  0.422  28  0.870  26  0.730   0.542 Y  0.450      SignalP-TM
fig|2005473.101.peg.272    0.412  28  0.597  28  0.938  19  0.879   0.729 Y  0.570      SignalP-noTM
fig|2005473.101.peg.2732   0.161  28  0.335  19  0.869  18  0.736   0.491 Y  0.450      SignalP-TM
fig|2005473.101.peg.2747   0.436  22  0.471  22  0.673   2  0.554   0.503 Y  0.450      SignalP-TM
fig|2005473.101.peg.2749   0.359  31  0.455  31  0.819   8  0.676   0.541 Y  0.450      SignalP-TM
fig|2005473.101.peg.275    0.352  26  0.458  26  0.680   1  0.619   0.520 Y  0.450      SignalP-TM
fig|2005473.101.peg.2751   0.228  22  0.446  22  0.943  19  0.861   0.641 Y  0.570      SignalP-noTM
fig|2005473.101.peg.2751   0.248  22  0.445  22  0.880  13  0.762   0.569 Y  0.450      SignalP-TM
fig|2005473.101.peg.2753   0.275  22  0.494  22  0.930   9  0.896   0.651 Y  0.450      SignalP-TM
fig|2005473.101.peg.2753   0.588  22  0.706  22  0.929  11  0.871   0.783 Y  0.570      SignalP-noTM
fig|2005473.101.peg.2790   0.169  23  0.342  23  0.808   6  0.716   0.488 Y  0.450      SignalP-TM
fig|2005473.101.peg.2790   0.610  23  0.690  23  0.888   1  0.796   0.740 Y  0.570      SignalP-noTM
fig|2005473.101.peg.282    0.467  19  0.473  19  0.741  18  0.519   0.491 Y  0.450      SignalP-TM
fig|2005473.101.peg.2822   0.508  28  0.453  28  0.766   9  0.531   0.483 Y  0.450      SignalP-TM
fig|2005473.101.peg.2822   0.738  28  0.678  28  0.927   3  0.761   0.717 Y  0.570      SignalP-noTM
fig|2005473.101.peg.286    0.217  43  0.369  31  0.831  25  0.704   0.500 Y  0.450      SignalP-TM
fig|2005473.101.peg.286    0.539  31  0.603  31  0.857  27  0.642   0.622 Y  0.570      SignalP-noTM
fig|2005473.101.peg.289    0.754  27  0.764  27  0.903  13  0.818   0.785 Y  0.450      SignalP-TM
fig|2005473.101.peg.289    0.782  27  0.782  27  0.961  11  0.864   0.821 Y  0.570      SignalP-noTM
fig|2005473.101.peg.294    0.213  26  0.363  26  0.851   4  0.696   0.493 Y  0.450      SignalP-TM
fig|2005473.101.peg.294    0.546  21  0.698  21  0.954  10  0.901   0.793 Y  0.570      SignalP-noTM
fig|2005473.101.peg.295    0.184  18  0.400  18  0.935  10  0.868   0.582 Y  0.450      SignalP-TM
fig|2005473.101.peg.295    0.651  25  0.745  25  0.958  21  0.891   0.813 Y  0.570      SignalP-noTM
fig|2005473.101.peg.298    0.194  18  0.393  18  0.924   1  0.821   0.594 Y  0.570      SignalP-noTM
fig|2005473.101.peg.30     0.363  28  0.494  28  0.747  24  0.596   0.534 Y  0.450      SignalP-TM
fig|2005473.101.peg.30     0.550  31  0.655  31  0.943  24  0.757   0.703 Y  0.570      SignalP-noTM
fig|2005473.101.peg.302    0.401  25  0.517  25  0.776  17  0.601   0.550 Y  0.450      SignalP-TM
fig|2005473.101.peg.307    0.592  26  0.689  26  0.863  23  0.761   0.717 Y  0.450      SignalP-TM
fig|2005473.101.peg.307    0.687  26  0.790  26  0.952  14  0.907   0.845 Y  0.570      SignalP-noTM
fig|2005473.101.peg.308    0.212  25  0.431  25  0.950   8  0.893   0.612 Y  0.450      SignalP-TM
fig|2005473.101.peg.308    0.847  25  0.884  25  0.984  14  0.937   0.909 Y  0.570      SignalP-noTM
fig|2005473.101.peg.310    0.406  20  0.516  20  0.819  17  0.651   0.569 Y  0.450      SignalP-TM
fig|2005473.101.peg.327    0.161  32  0.388  32  0.977  27  0.838   0.600 Y  0.570      SignalP-noTM
fig|2005473.101.peg.327    0.170  32  0.373  32  0.902  23  0.830   0.551 Y  0.450      SignalP-TM
fig|2005473.101.peg.334    0.218  24  0.354  20  0.767   2  0.639   0.465 Y  0.450      SignalP-TM
fig|2005473.101.peg.334    0.337  24  0.516  24  0.921  17  0.820   0.659 Y  0.570      SignalP-noTM
fig|2005473.101.peg.338    0.415  32  0.483  32  0.757  28  0.522   0.498 Y  0.450      SignalP-TM
fig|2005473.101.peg.342    0.132  11  0.335  11  0.911  10  0.836   0.570 Y  0.570      SignalP-noTM
fig|2005473.101.peg.344    0.383  19  0.558  19  0.922  16  0.798   0.652 Y  0.450      SignalP-TM
fig|2005473.101.peg.344    0.789  19  0.767  19  0.891  10  0.743   0.756 Y  0.570      SignalP-noTM
fig|2005473.101.peg.348    0.650  24  0.594  24  0.652  19  0.544   0.575 Y  0.450      SignalP-TM
fig|2005473.101.peg.367    0.278  36  0.418  36  0.858  21  0.681   0.520 Y  0.450      SignalP-TM
fig|2005473.101.peg.367    0.628  30  0.776  30  0.982  17  0.914   0.841 Y  0.570      SignalP-noTM
fig|2005473.101.peg.369    0.209  29  0.369  18  0.946  10  0.876   0.567 Y  0.450      SignalP-TM
fig|2005473.101.peg.369    0.665  29  0.748  29  0.958  22  0.883   0.812 Y  0.570      SignalP-noTM
fig|2005473.101.peg.37     0.231  26  0.458  26  0.930  15  0.874   0.620 Y  0.450      SignalP-TM
fig|2005473.101.peg.37     0.564  26  0.712  26  0.987  14  0.923   0.811 Y  0.570      SignalP-noTM
fig|2005473.101.peg.371    0.248  20  0.427  20  0.838  18  0.722   0.542 Y  0.450      SignalP-TM
fig|2005473.101.peg.371    0.811  20  0.839  20  0.949  19  0.871   0.854 Y  0.570      SignalP-noTM
fig|2005473.101.peg.372    0.166  35  0.337  22  0.922   6  0.843   0.575 Y  0.570      SignalP-noTM
fig|2005473.101.peg.372    0.445  35  0.391  35  0.857   6  0.578   0.464 Y  0.450      SignalP-TM
fig|2005473.101.peg.373    0.401  23  0.537  23  0.797  10  0.688   0.596 Y  0.450      SignalP-TM
fig|2005473.101.peg.375    0.223  32  0.412  32  0.897  28  0.746   0.542 Y  0.450      SignalP-TM
fig|2005473.101.peg.375    0.476  30  0.681  30  0.993  18  0.963   0.814 Y  0.570      SignalP-noTM
fig|2005473.101.peg.376    0.509  22  0.578  22  0.851   4  0.704   0.637 Y  0.570      SignalP-noTM
fig|2005473.101.peg.377    0.407  30  0.536  30  0.896  18  0.751   0.620 Y  0.450      SignalP-TM
fig|2005473.101.peg.377    0.568  23  0.713  23  0.962  11  0.902   0.802 Y  0.570      SignalP-noTM
fig|2005473.101.peg.378    0.125  26  0.290  11  0.884   3  0.832   0.501 Y  0.450      SignalP-TM
fig|2005473.101.peg.379    0.198  25  0.359  25  0.776  21  0.619   0.460 Y  0.450      SignalP-TM
fig|2005473.101.peg.379    0.287  23  0.483  23  0.925  21  0.778   0.622 Y  0.570      SignalP-noTM
fig|2005473.101.peg.38     0.395  24  0.610  24  0.962  14  0.933   0.736 Y  0.450      SignalP-TM
fig|2005473.101.peg.38     0.848  24  0.908  24  0.990  20  0.968   0.936 Y  0.570      SignalP-noTM
fig|2005473.101.peg.380    0.394  20  0.566  20  0.907  17  0.805   0.679 Y  0.570      SignalP-noTM
fig|2005473.101.peg.383    0.167  24  0.347  22  0.871   3  0.778   0.515 Y  0.450      SignalP-TM
fig|2005473.101.peg.383    0.515  24  0.680  24  0.969   9  0.923   0.795 Y  0.570      SignalP-noTM
fig|2005473.101.peg.398    0.223  28  0.377  28  0.820  18  0.654   0.485 Y  0.450      SignalP-TM
fig|2005473.101.peg.411    0.179  23  0.415  23  0.978  12  0.949   0.623 Y  0.450      SignalP-TM
fig|2005473.101.peg.411    0.330  22  0.569  22  0.993  13  0.969   0.757 Y  0.570      SignalP-noTM
fig|2005473.101.peg.412    0.574  40  0.665  40  0.938  32  0.689   0.676 Y  0.570      SignalP-noTM
fig|2005473.101.peg.412    0.591  40  0.665  40  0.876  32  0.637   0.655 Y  0.450      SignalP-TM
fig|2005473.101.peg.414    0.232  26  0.420  23  0.839  14  0.776   0.559 Y  0.450      SignalP-TM
fig|2005473.101.peg.414    0.787  26  0.775  26  0.954  10  0.854   0.812 Y  0.570      SignalP-noTM
fig|2005473.101.peg.415    0.332  41  0.408  20  0.831   1  0.688   0.512 Y  0.510      SignalP-TM
fig|2005473.101.peg.415    0.412  41  0.455  41  0.834   2  0.647   0.530 Y  0.450      SignalP-TM
fig|2005473.101.peg.435    0.269  21  0.386  21  0.764   5  0.614   0.475 Y  0.450      SignalP-TM
fig|2005473.101.peg.435    0.708  21  0.811  21  0.956  17  0.925   0.865 Y  0.570      SignalP-noTM
fig|2005473.101.peg.437    0.358  30  0.548  24  0.889  15  0.813   0.651 Y  0.450      SignalP-TM
fig|2005473.101.peg.437    0.534  24  0.635  24  0.885  17  0.765   0.696 Y  0.570      SignalP-noTM
fig|2005473.101.peg.449    0.286  23  0.456  23  0.913   3  0.790   0.586 Y  0.450      SignalP-TM
fig|2005473.101.peg.449    0.480  21  0.650  21  0.949  12  0.896   0.766 Y  0.570      SignalP-noTM
fig|2005473.101.peg.450    0.456  39  0.491  25  0.940  12  0.876   0.641 Y  0.450      SignalP-TM
fig|2005473.101.peg.450    0.693  24  0.813  24  0.976  19  0.946   0.876 Y  0.570      SignalP-noTM
fig|2005473.101.peg.451    0.119  20  0.283  14  0.862   3  0.780   0.477 Y  0.450      SignalP-TM
fig|2005473.101.peg.452    0.634  26  0.604  26  0.830  19  0.618   0.609 Y  0.450      SignalP-TM
fig|2005473.101.peg.452    0.727  26  0.682  26  0.894  19  0.710   0.695 Y  0.570      SignalP-noTM
fig|2005473.101.peg.46     0.211  26  0.361  21  0.821  17  0.720   0.501 Y  0.450      SignalP-TM
fig|2005473.101.peg.46     0.387  21  0.561  21  0.907  17  0.820   0.683 Y  0.570      SignalP-noTM
fig|2005473.101.peg.467    0.224  29  0.351  25  0.845   9  0.647   0.467 Y  0.450      SignalP-TM
fig|2005473.101.peg.467    0.346  22  0.572  22  0.965   8  0.944   0.747 Y  0.570      SignalP-noTM
fig|2005473.101.peg.469    0.189  22  0.408  22  0.915  14  0.844   0.613 Y  0.570      SignalP-noTM
fig|2005473.101.peg.47     0.311  19  0.542  19  0.963  16  0.936   0.727 Y  0.570      SignalP-noTM
fig|2005473.101.peg.47     0.430  25  0.557  25  0.925  16  0.797   0.651 Y  0.450      SignalP-TM
fig|2005473.101.peg.470    0.167  25  0.367  25  0.918  18  0.826   0.546 Y  0.450      SignalP-TM
fig|2005473.101.peg.470    0.420  25  0.611  25  0.966  11  0.920   0.756 Y  0.570      SignalP-noTM
fig|2005473.101.peg.472    0.314  30  0.495  30  0.926  16  0.748   0.594 Y  0.450      SignalP-TM
fig|2005473.101.peg.472    0.535  30  0.670  30  0.989  17  0.830   0.745 Y  0.570      SignalP-noTM
fig|2005473.101.peg.48     0.375  20  0.450  20  0.718   1  0.583   0.502 Y  0.450      SignalP-TM
fig|2005473.101.peg.48     0.706  20  0.720  20  0.877  17  0.738   0.729 Y  0.570      SignalP-noTM
fig|2005473.101.peg.484    0.812  31  0.865  31  0.986  20  0.936   0.899 Y  0.570      SignalP-noTM
fig|2005473.101.peg.484    0.822  31  0.849  31  0.952  20  0.861   0.854 Y  0.450      SignalP-TM
fig|2005473.101.peg.488    0.328  31  0.440  31  0.694  24  0.548   0.482 Y  0.450      SignalP-TM
fig|2005473.101.peg.492    0.133  70  0.310  21  0.938  19  0.866   0.527 Y  0.450      SignalP-TM
fig|2005473.101.peg.492    0.461  20  0.641  20  0.946  10  0.892   0.759 Y  0.570      SignalP-noTM
fig|2005473.101.peg.496    0.243  29  0.414  25  0.956  14  0.835   0.612 Y  0.570      SignalP-noTM
fig|2005473.101.peg.50     0.288  22  0.456  22  0.891  18  0.731   0.585 Y  0.570      SignalP-noTM
fig|2005473.101.peg.507    0.461  23  0.654  23  0.953  19  0.924   0.759 Y  0.450      SignalP-TM
fig|2005473.101.peg.507    0.855  23  0.882  23  0.960  18  0.911   0.896 Y  0.570      SignalP-noTM
fig|2005473.101.peg.509    0.147  42  0.322  24  0.884   1  0.772   0.498 Y  0.450      SignalP-TM
fig|2005473.101.peg.509    0.224  22  0.421  22  0.921   1  0.830   0.613 Y  0.570      SignalP-noTM
fig|2005473.101.peg.51     0.243  20  0.463  20  0.928  11  0.887   0.663 Y  0.570      SignalP-noTM
fig|2005473.101.peg.510    0.128  56  0.282  11  0.874   1  0.794   0.481 Y  0.450      SignalP-TM
fig|2005473.101.peg.510    0.326  20  0.508  20  0.902   2  0.815   0.653 Y  0.570      SignalP-noTM
fig|2005473.101.peg.515    0.286  24  0.494  24  0.931  20  0.801   0.614 Y  0.450      SignalP-TM
fig|2005473.101.peg.515    0.428  24  0.637  24  0.974  19  0.942   0.780 Y  0.570      SignalP-noTM
fig|2005473.101.peg.522    0.637  27  0.661  27  0.872  16  0.748   0.702 Y  0.570      SignalP-noTM
fig|2005473.101.peg.522    0.757  27  0.764  27  0.862  20  0.764   0.764 Y  0.450      SignalP-TM
fig|2005473.101.peg.524    0.557  29  0.572  29  0.865   8  0.683   0.615 Y  0.450      SignalP-TM
fig|2005473.101.peg.538    0.447  23  0.519  23  0.815   7  0.664   0.576 Y  0.450      SignalP-TM
fig|2005473.101.peg.539    0.181  18  0.406  18  0.939  17  0.905   0.641 Y  0.570      SignalP-noTM
fig|2005473.101.peg.539    0.206  30  0.338  18  0.889  10  0.777   0.509 Y  0.450      SignalP-TM
fig|2005473.101.peg.541    0.748  21  0.786  21  0.921  17  0.814   0.799 Y  0.570      SignalP-noTM
fig|2005473.101.peg.542    0.204  21  0.378  21  0.850  19  0.714   0.509 Y  0.450      SignalP-TM
fig|2005473.101.peg.542    0.369  21  0.589  21  0.973  14  0.939   0.754 Y  0.570      SignalP-noTM
fig|2005473.101.peg.543    0.198  21  0.381  21  0.861   2  0.741   0.521 Y  0.450      SignalP-TM
fig|2005473.101.peg.543    0.683  21  0.764  21  0.918   1  0.852   0.805 Y  0.570      SignalP-noTM
fig|2005473.101.peg.544    0.506  26  0.645  26  0.933   3  0.870   0.751 Y  0.570      SignalP-noTM
fig|2005473.101.peg.545    0.370  20  0.566  20  0.911  15  0.851   0.677 Y  0.450      SignalP-TM
fig|2005473.101.peg.545    0.623  20  0.763  20  0.969  16  0.920   0.837 Y  0.570      SignalP-noTM
fig|2005473.101.peg.546    0.512  20  0.626  20  0.863   1  0.779   0.698 Y  0.570      SignalP-noTM
fig|2005473.101.peg.55     0.248  24  0.450  24  0.922  12  0.824   0.626 Y  0.570      SignalP-noTM
fig|2005473.101.peg.555    0.279  28  0.406  28  0.757  23  0.634   0.495 Y  0.450      SignalP-TM
fig|2005473.101.peg.556    0.203  28  0.414  28  0.917  21  0.841   0.615 Y  0.570      SignalP-noTM
fig|2005473.101.peg.557    0.300  26  0.438  26  0.732  23  0.618   0.508 Y  0.450      SignalP-TM
fig|2005473.101.peg.557    0.533  26  0.641  26  0.869  20  0.752   0.693 Y  0.570      SignalP-noTM
fig|2005473.101.peg.562    0.206  24  0.372  24  0.879   6  0.743   0.517 Y  0.450      SignalP-TM
fig|2005473.101.peg.562    0.620  24  0.757  24  0.968  20  0.933   0.840 Y  0.570      SignalP-noTM
fig|2005473.101.peg.564    0.193  24  0.366  24  0.867   3  0.756   0.518 Y  0.450      SignalP-TM
fig|2005473.101.peg.564    0.374  22  0.550  22  0.924  19  0.821   0.678 Y  0.570      SignalP-noTM
fig|2005473.101.peg.566    0.352  29  0.509  29  0.936  18  0.740   0.599 Y  0.450      SignalP-TM
fig|2005473.101.peg.566    0.476  24  0.585  24  0.891  20  0.731   0.653 Y  0.570      SignalP-noTM
fig|2005473.101.peg.577    0.377  26  0.469  26  0.913   5  0.720   0.567 Y  0.450      SignalP-TM
fig|2005473.101.peg.577    0.714  26  0.740  26  0.930  19  0.840   0.787 Y  0.570      SignalP-noTM
fig|2005473.101.peg.59     0.362  23  0.517  23  0.900   6  0.802   0.651 Y  0.570      SignalP-noTM
fig|2005473.101.peg.595    0.750  25  0.737  25  0.937   1  0.795   0.764 Y  0.570      SignalP-noTM
fig|2005473.101.peg.595    0.832  25  0.813  25  0.914   7  0.824   0.817 Y  0.450      SignalP-TM
fig|2005473.101.peg.598    0.431  28  0.547  28  0.876  10  0.723   0.615 Y  0.450      SignalP-TM
fig|2005473.101.peg.598    0.536  26  0.632  26  0.886   6  0.802   0.712 Y  0.570      SignalP-noTM
fig|2005473.101.peg.607    0.709  24  0.767  24  0.903  18  0.814   0.785 Y  0.450      SignalP-TM
fig|2005473.101.peg.607    0.808  24  0.867  24  0.958  15  0.923   0.893 Y  0.570      SignalP-noTM
fig|2005473.101.peg.611    0.323  23  0.476  23  0.824  16  0.728   0.575 Y  0.450      SignalP-TM
fig|2005473.101.peg.611    0.682  22  0.726  22  0.911   2  0.816   0.768 Y  0.570      SignalP-noTM
fig|2005473.101.peg.642    0.246  32  0.395  32  0.935   7  0.791   0.550 Y  0.450      SignalP-TM
fig|2005473.101.peg.642    0.493  24  0.643  24  0.953  10  0.877   0.753 Y  0.570      SignalP-noTM
fig|2005473.101.peg.648    0.430  22  0.604  22  0.930   7  0.873   0.709 Y  0.450      SignalP-TM
fig|2005473.101.peg.648    0.809  22  0.852  22  0.967  10  0.920   0.884 Y  0.570      SignalP-noTM
fig|2005473.101.peg.649    0.238  24  0.427  24  0.935  17  0.813   0.609 Y  0.570      SignalP-noTM
fig|2005473.101.peg.649    0.265  26  0.426  26  0.763  22  0.628   0.505 Y  0.450      SignalP-TM
fig|2005473.101.peg.650    0.215  21  0.411  21  0.923   6  0.830   0.574 Y  0.450      SignalP-TM
fig|2005473.101.peg.650    0.505  21  0.670  21  0.956   7  0.907   0.781 Y  0.570      SignalP-noTM
fig|2005473.101.peg.656    0.499  22  0.626  22  0.863   6  0.779   0.686 Y  0.450      SignalP-TM
fig|2005473.101.peg.656    0.671  22  0.773  22  0.926  10  0.882   0.824 Y  0.570      SignalP-noTM
fig|2005473.101.peg.659    0.490  25  0.599  25  0.854  21  0.618   0.606 Y  0.510      SignalP-TM
fig|2005473.101.peg.659    0.780  25  0.765  25  0.796  23  0.612   0.705 Y  0.450      SignalP-TM
fig|2005473.101.peg.660    0.189  22  0.366  22  0.821  15  0.725   0.506 Y  0.450      SignalP-TM
fig|2005473.101.peg.660    0.237  22  0.442  22  0.895   1  0.825   0.622 Y  0.570      SignalP-noTM
fig|2005473.101.peg.661    0.241  20  0.442  20  0.899  18  0.833   0.626 Y  0.570      SignalP-noTM
fig|2005473.101.peg.662    0.181  18  0.377  18  0.891  17  0.798   0.541 Y  0.450      SignalP-TM
fig|2005473.101.peg.662    0.293  19  0.496  19  0.931  15  0.848   0.662 Y  0.570      SignalP-noTM
fig|2005473.101.peg.663    0.540  26  0.630  26  0.907  18  0.795   0.694 Y  0.450      SignalP-TM
fig|2005473.101.peg.663    0.594  21  0.747  21  0.958  11  0.939   0.838 Y  0.570      SignalP-noTM
fig|2005473.101.peg.674    0.270  32  0.422  32  0.937  18  0.725   0.540 Y  0.450      SignalP-TM
fig|2005473.101.peg.674    0.574  22  0.742  22  0.979  21  0.941   0.835 Y  0.570      SignalP-noTM
fig|2005473.101.peg.679    0.390  22  0.528  22  0.766  15  0.706   0.597 Y  0.450      SignalP-TM
fig|2005473.101.peg.679    0.679  22  0.697  22  0.922  13  0.757   0.725 Y  0.570      SignalP-noTM
fig|2005473.101.peg.680    0.681  43  0.668  43  0.885  25  0.530   0.614 Y  0.450      SignalP-TM
fig|2005473.101.peg.680    0.795  43  0.748  43  0.967  24  0.631   0.693 Y  0.570      SignalP-noTM
fig|2005473.101.peg.696    0.501  21  0.701  21  0.991  12  0.975   0.830 Y  0.570      SignalP-noTM
fig|2005473.101.peg.696    0.637  33  0.697  33  0.956   6  0.867   0.763 Y  0.450      SignalP-TM
fig|2005473.101.peg.701    0.483  28  0.497  28  0.730  25  0.450   0.479 Y  0.450      SignalP-TM
fig|2005473.101.peg.702    0.255  23  0.461  23  0.903  14  0.840   0.609 Y  0.450      SignalP-TM
fig|2005473.101.peg.702    0.777  23  0.815  23  0.979   8  0.900   0.855 Y  0.570      SignalP-noTM
fig|2005473.101.peg.707    0.242  23  0.405  23  0.823   7  0.721   0.528 Y  0.450      SignalP-TM
fig|2005473.101.peg.73     0.235  32  0.322  22  0.847  18  0.710   0.473 Y  0.450      SignalP-TM
fig|2005473.101.peg.736    0.217  19  0.379  19  0.853  17  0.657   0.487 Y  0.450      SignalP-TM
fig|2005473.101.peg.736    0.676  19  0.719  19  0.894  16  0.766   0.741 Y  0.570      SignalP-noTM
fig|2005473.101.peg.741    0.254  20  0.431  20  0.844   3  0.760   0.559 Y  0.450      SignalP-TM
fig|2005473.101.peg.741    0.629  20  0.733  20  0.927  13  0.851   0.788 Y  0.570      SignalP-noTM
fig|2005473.101.peg.747    0.308  21  0.499  21  0.931   4  0.842   0.633 Y  0.450      SignalP-TM
fig|2005473.101.peg.747    0.618  21  0.747  21  0.945   8  0.914   0.825 Y  0.570      SignalP-noTM
fig|2005473.101.peg.748    0.475  28  0.470  28  0.778  16  0.582   0.513 Y  0.450      SignalP-TM
fig|2005473.101.peg.748    0.796  21  0.833  21  0.951  17  0.883   0.856 Y  0.570      SignalP-noTM
fig|2005473.101.peg.751    0.342  21  0.502  21  0.823  19  0.707   0.582 Y  0.450      SignalP-TM
fig|2005473.101.peg.752    0.169  31  0.367  23  0.911  16  0.851   0.594 Y  0.570      SignalP-noTM
fig|2005473.101.peg.752    0.177  31  0.374  20  0.905  17  0.814   0.545 Y  0.450      SignalP-TM
fig|2005473.101.peg.753    0.189  37  0.326  27  0.873   5  0.677   0.463 Y  0.450      SignalP-TM
fig|2005473.101.peg.753    0.238  27  0.408  27  0.910   4  0.795   0.590 Y  0.570      SignalP-noTM
fig|2005473.101.peg.754    0.636  31  0.744  31  0.917  17  0.853   0.787 Y  0.450      SignalP-TM
fig|2005473.101.peg.754    0.750  31  0.776  31  0.983  17  0.885   0.827 Y  0.570      SignalP-noTM
fig|2005473.101.peg.755    0.210  18  0.411  18  0.888   4  0.819   0.603 Y  0.570      SignalP-noTM
fig|2005473.101.peg.755    0.315  27  0.449  27  0.858   8  0.701   0.547 Y  0.450      SignalP-TM
fig|2005473.101.peg.76     0.424  27  0.495  27  0.884   9  0.710   0.579 Y  0.450      SignalP-TM
fig|2005473.101.peg.76     0.607  27  0.613  27  0.918   9  0.757   0.681 Y  0.570      SignalP-noTM
fig|2005473.101.peg.761    0.500  24  0.681  24  0.972  17  0.928   0.777 Y  0.450      SignalP-TM
fig|2005473.101.peg.761    0.723  24  0.796  24  0.962   8  0.909   0.849 Y  0.570      SignalP-noTM
fig|2005473.101.peg.763    0.530  31  0.449  31  0.917  11  0.641   0.524 Y  0.450      SignalP-TM
fig|2005473.101.peg.763    0.536  23  0.642  23  0.939  19  0.824   0.728 Y  0.570      SignalP-noTM
fig|2005473.101.peg.774    0.287  29  0.417  29  0.800  15  0.641   0.504 Y  0.450      SignalP-TM
fig|2005473.101.peg.774    0.394  28  0.517  28  0.910  27  0.734   0.619 Y  0.570      SignalP-noTM
fig|2005473.101.peg.778    0.408  27  0.524  27  0.848  22  0.718   0.615 Y  0.570      SignalP-noTM
fig|2005473.101.peg.78     0.232  20  0.441  20  0.938  17  0.854   0.602 Y  0.450      SignalP-TM
fig|2005473.101.peg.78     0.305  20  0.504  20  0.919  17  0.833   0.659 Y  0.570      SignalP-noTM
fig|2005473.101.peg.780    0.333  27  0.484  27  0.917   8  0.795   0.605 Y  0.450      SignalP-TM
fig|2005473.101.peg.780    0.504  27  0.650  27  0.974  11  0.897   0.766 Y  0.570      SignalP-noTM
fig|2005473.101.peg.781    0.420  22  0.584  22  0.918   6  0.826   0.678 Y  0.450      SignalP-TM
fig|2005473.101.peg.781    0.554  22  0.697  22  0.937  18  0.888   0.787 Y  0.570      SignalP-noTM
fig|2005473.101.peg.782    0.309  23  0.521  23  0.954  19  0.888   0.664 Y  0.450      SignalP-TM
fig|2005473.101.peg.782    0.421  20  0.622  20  0.935  10  0.910   0.757 Y  0.570      SignalP-noTM
fig|2005473.101.peg.783    0.369  23  0.545  23  0.939  22  0.775   0.634 Y  0.450      SignalP-TM
fig|2005473.101.peg.783    0.608  23  0.715  23  0.948  22  0.849   0.778 Y  0.570      SignalP-noTM
fig|2005473.101.peg.786    0.182  23  0.400  23  0.936  19  0.886   0.590 Y  0.450      SignalP-TM
fig|2005473.101.peg.786    0.196  25  0.403  25  0.934   9  0.876   0.625 Y  0.570      SignalP-noTM
fig|2005473.101.peg.799    0.181  27  0.402  22  0.980  11  0.942   0.613 Y  0.450      SignalP-TM
fig|2005473.101.peg.799    0.186  22  0.420  22  0.986  14  0.947   0.668 Y  0.570      SignalP-noTM
fig|2005473.101.peg.811    0.470  29  0.542  29  0.916  18  0.730   0.615 Y  0.450      SignalP-TM
fig|2005473.101.peg.811    0.535  21  0.674  21  0.915  17  0.846   0.755 Y  0.570      SignalP-noTM
fig|2005473.101.peg.82     0.258  25  0.428  25  0.948  17  0.805   0.605 Y  0.570      SignalP-noTM
fig|2005473.101.peg.822    0.364  35  0.488  21  0.858   1  0.793   0.607 Y  0.450      SignalP-TM
fig|2005473.101.peg.822    0.831  21  0.888  21  0.975  11  0.948   0.917 Y  0.570      SignalP-noTM
fig|2005473.101.peg.825    0.193  22  0.390  22  0.907   1  0.823   0.594 Y  0.570      SignalP-noTM
fig|2005473.101.peg.826    0.372  32  0.453  32  0.953   5  0.775   0.578 Y  0.450      SignalP-TM
fig|2005473.101.peg.826    0.463  20  0.674  20  0.987  11  0.972   0.814 Y  0.570      SignalP-noTM
fig|2005473.101.peg.827    0.306  37  0.455  27  0.981  18  0.932   0.641 Y  0.450      SignalP-TM
fig|2005473.101.peg.827    0.502  27  0.691  27  0.982  12  0.953   0.814 Y  0.570      SignalP-noTM
fig|2005473.101.peg.829    0.206  32  0.412  23  0.944  15  0.889   0.598 Y  0.450      SignalP-TM
fig|2005473.101.peg.838    0.237  22  0.370  22  0.784   6  0.625   0.469 Y  0.450      SignalP-TM
fig|2005473.101.peg.839    0.142  18  0.344  18  0.910  17  0.831   0.534 Y  0.450      SignalP-TM
fig|2005473.101.peg.839    0.199  18  0.426  18  0.951  17  0.918   0.657 Y  0.570      SignalP-noTM
fig|2005473.101.peg.840    0.193  28  0.328  19  0.802  12  0.680   0.466 Y  0.450      SignalP-TM
fig|2005473.101.peg.841    0.177  25  0.315  23  0.880   5  0.715   0.471 Y  0.450      SignalP-TM
fig|2005473.101.peg.841    0.248  23  0.442  23  0.934   2  0.845   0.631 Y  0.570      SignalP-noTM
fig|2005473.101.peg.842    0.175  22  0.377  20  0.925   3  0.883   0.615 Y  0.570      SignalP-noTM
fig|2005473.101.peg.843    0.523  29  0.633  29  0.884  12  0.818   0.705 Y  0.450      SignalP-TM
fig|2005473.101.peg.843    0.851  29  0.897  29  0.989  19  0.954   0.924 Y  0.570      SignalP-noTM
fig|2005473.101.peg.853    0.562  26  0.696  26  0.933   7  0.871   0.778 Y  0.570      SignalP-noTM
fig|2005473.101.peg.853    0.571  26  0.684  26  0.905  10  0.814   0.735 Y  0.450      SignalP-TM
fig|2005473.101.peg.857    0.329  23  0.452  23  0.705  14  0.590   0.506 Y  0.450      SignalP-TM
fig|2005473.101.peg.861    0.166  25  0.336  25  0.884   7  0.737   0.492 Y  0.450      SignalP-TM
fig|2005473.101.peg.861    0.359  20  0.576  20  0.955   9  0.923   0.739 Y  0.570      SignalP-noTM
fig|2005473.101.peg.864    0.182  25  0.342  25  0.764   7  0.672   0.471 Y  0.450      SignalP-TM
fig|2005473.101.peg.869    0.159  29  0.374  24  0.962   8  0.909   0.625 Y  0.570      SignalP-noTM
fig|2005473.101.peg.869    0.326  31  0.488  31  0.926   6  0.827   0.620 Y  0.450      SignalP-TM
fig|2005473.101.peg.87     0.156  26  0.320  22  0.793  16  0.701   0.469 Y  0.450      SignalP-TM
fig|2005473.101.peg.88     0.157  32  0.356  26  0.875   8  0.804   0.531 Y  0.450      SignalP-TM
fig|2005473.101.peg.88     0.256  26  0.455  26  0.923   5  0.843   0.637 Y  0.570      SignalP-noTM
fig|2005473.101.peg.885    0.236  28  0.355  28  0.820   8  0.645   0.468 Y  0.450      SignalP-TM
fig|2005473.101.peg.885    0.526  28  0.570  28  0.853  21  0.686   0.625 Y  0.570      SignalP-noTM
fig|2005473.101.peg.887    0.292  25  0.432  25  0.779  14  0.670   0.525 Y  0.450      SignalP-TM
fig|2005473.101.peg.89     0.187  28  0.365  28  0.941  17  0.809   0.574 Y  0.570      SignalP-noTM
fig|2005473.101.peg.890    0.281  22  0.496  22  0.925  17  0.846   0.633 Y  0.450      SignalP-TM
fig|2005473.101.peg.890    0.796  22  0.875  22  0.983  18  0.955   0.913 Y  0.570      SignalP-noTM
fig|2005473.101.peg.895    0.454  33  0.548  33  0.954   7  0.823   0.655 Y  0.450      SignalP-TM
fig|2005473.101.peg.895    0.467  22  0.654  22  0.957  18  0.925   0.781 Y  0.570      SignalP-noTM
fig|2005473.101.peg.90     0.158  24  0.342  24  0.875   3  0.768   0.508 Y  0.450      SignalP-TM
fig|2005473.101.peg.901    0.547  26  0.655  26  0.899  18  0.790   0.708 Y  0.450      SignalP-TM
fig|2005473.101.peg.901    0.720  23  0.809  23  0.950  15  0.910   0.856 Y  0.570      SignalP-noTM
fig|2005473.101.peg.904    0.220  24  0.382  24  0.845  10  0.701   0.506 Y  0.450      SignalP-TM
fig|2005473.101.peg.904    0.766  22  0.853  22  0.969  18  0.929   0.889 Y  0.570      SignalP-noTM
fig|2005473.101.peg.905    0.187  22  0.407  22  0.926  12  0.849   0.579 Y  0.450      SignalP-TM
fig|2005473.101.peg.905    0.339  22  0.570  22  0.985  17  0.908   0.729 Y  0.570      SignalP-noTM
fig|2005473.101.peg.907    0.185  30  0.286  15  0.862   6  0.756   0.469 Y  0.450      SignalP-TM
fig|2005473.101.peg.908    0.298  34  0.490  34  0.915  17  0.789   0.607 Y  0.450      SignalP-TM
fig|2005473.101.peg.908    0.669  34  0.752  34  0.961  17  0.823   0.786 Y  0.570      SignalP-noTM
fig|2005473.101.peg.909    0.146  30  0.268  12  0.844   3  0.739   0.452 Y  0.450      SignalP-TM
fig|2005473.101.peg.909    0.214  21  0.420  21  0.897   4  0.844   0.619 Y  0.570      SignalP-noTM
fig|2005473.101.peg.91     0.257  27  0.408  27  0.759  18  0.658   0.505 Y  0.450      SignalP-TM
fig|2005473.101.peg.91     0.319  21  0.499  21  0.898  14  0.807   0.644 Y  0.570      SignalP-noTM
fig|2005473.101.peg.913    0.145  60  0.321  18  0.929   4  0.902   0.548 Y  0.450      SignalP-TM
fig|2005473.101.peg.913    0.243  22  0.466  22  0.958  10  0.906   0.673 Y  0.570      SignalP-noTM
fig|2005473.101.peg.914    0.355  25  0.526  25  0.866  10  0.798   0.632 Y  0.450      SignalP-TM
fig|2005473.101.peg.914    0.749  25  0.708  25  0.934  17  0.746   0.726 Y  0.570      SignalP-noTM
fig|2005473.101.peg.915    0.359  21  0.479  21  0.749  15  0.608   0.530 Y  0.450      SignalP-TM
fig|2005473.101.peg.915    0.478  21  0.580  21  0.830  17  0.697   0.635 Y  0.570      SignalP-noTM
fig|2005473.101.peg.916    0.186  19  0.414  19  0.980  17  0.904   0.644 Y  0.570      SignalP-noTM
fig|2005473.101.peg.916    0.297  36  0.353  36  0.864  16  0.621   0.457 Y  0.450      SignalP-TM
fig|2005473.101.peg.917    0.449  24  0.567  24  0.881   7  0.764   0.644 Y  0.450      SignalP-TM
fig|2005473.101.peg.917    0.498  24  0.685  24  0.982  10  0.950   0.810 Y  0.570      SignalP-noTM
fig|2005473.101.peg.92     0.153  23  0.369  23  0.985  12  0.919   0.628 Y  0.570      SignalP-noTM
fig|2005473.101.peg.940    0.180  28  0.357  28  0.814  18  0.695   0.489 Y  0.450      SignalP-TM
fig|2005473.101.peg.943    0.389  29  0.510  29  0.920  20  0.666   0.571 Y  0.450      SignalP-TM
fig|2005473.101.peg.943    0.458  23  0.650  23  0.969  19  0.913   0.774 Y  0.570      SignalP-noTM
fig|2005473.101.peg.944    0.221  28  0.399  28  0.892   7  0.775   0.576 Y  0.570      SignalP-noTM
fig|2005473.101.peg.944    0.295  28  0.397  28  0.694  16  0.541   0.453 Y  0.450      SignalP-TM
fig|2005473.101.peg.95     0.181  69  0.306  21  0.896   3  0.800   0.499 Y  0.450      SignalP-TM
fig|2005473.101.peg.95     0.769  21  0.844  21  0.948  17  0.930   0.884 Y  0.570      SignalP-noTM
fig|2005473.101.peg.950    0.344  21  0.516  21  0.881   4  0.801   0.627 Y  0.450      SignalP-TM
fig|2005473.101.peg.950    0.788  21  0.861  21  0.969  17  0.939   0.897 Y  0.570      SignalP-noTM
fig|2005473.101.peg.954    0.313  22  0.470  22  0.880   6  0.758   0.582 Y  0.450      SignalP-TM
fig|2005473.101.peg.954    0.402  22  0.571  22  0.932   7  0.851   0.703 Y  0.570      SignalP-noTM
fig|2005473.101.peg.961    0.383  25  0.553  25  0.924  18  0.771   0.638 Y  0.450      SignalP-TM
fig|2005473.101.peg.961    0.590  25  0.722  25  0.983  18  0.911   0.811 Y  0.570      SignalP-noTM
fig|2005473.101.peg.971    0.155  24  0.350  24  0.889  12  0.819   0.570 Y  0.570      SignalP-noTM
fig|2005473.101.peg.972    0.248  22  0.420  22  0.819   7  0.734   0.542 Y  0.450      SignalP-TM
fig|2005473.101.peg.972    0.549  22  0.629  22  0.886   1  0.713   0.669 Y  0.570      SignalP-noTM
fig|2005473.101.peg.973    0.590  21  0.696  21  0.927  18  0.766   0.729 Y  0.570      SignalP-noTM
fig|2005473.101.peg.978    0.255  27  0.476  27  0.953  19  0.889   0.670 Y  0.570      SignalP-noTM
fig|2005473.101.peg.978    0.479  27  0.657  27  0.929  20  0.866   0.738 Y  0.450      SignalP-TM
