fig|2005473.105.peg.1006   0.280  25  0.448  25  0.888   8  0.782   0.578 Y  0.450      SignalP-TM
fig|2005473.105.peg.1006   0.321  21  0.540  21  0.933   4  0.909   0.713 Y  0.570      SignalP-noTM
fig|2005473.105.peg.1011   0.224  34  0.344  34  0.846  10  0.656   0.465 Y  0.450      SignalP-TM
fig|2005473.105.peg.1025   0.338  27  0.461  27  0.821   1  0.679   0.546 Y  0.450      SignalP-TM
fig|2005473.105.peg.1025   0.393  25  0.545  25  0.945   1  0.825   0.677 Y  0.570      SignalP-noTM
fig|2005473.105.peg.103    0.188  29  0.344  23  0.829  18  0.715   0.489 Y  0.450      SignalP-TM
fig|2005473.105.peg.103    0.212  21  0.437  21  0.932  17  0.907   0.658 Y  0.570      SignalP-noTM
fig|2005473.105.peg.1033   0.512  23  0.676  23  0.957  10  0.908   0.766 Y  0.450      SignalP-TM
fig|2005473.105.peg.1033   0.882  23  0.911  23  0.971  15  0.939   0.924 Y  0.570      SignalP-noTM
fig|2005473.105.peg.104    0.179  25  0.339  25  0.829  18  0.677   0.471 Y  0.450      SignalP-TM
fig|2005473.105.peg.1041   0.251  25  0.442  22  0.871  13  0.806   0.584 Y  0.450      SignalP-TM
fig|2005473.105.peg.1041   0.285  22  0.476  22  0.925  14  0.821   0.638 Y  0.570      SignalP-noTM
fig|2005473.105.peg.1047   0.362  23  0.555  23  0.908  19  0.862   0.675 Y  0.450      SignalP-TM
fig|2005473.105.peg.1047   0.652  23  0.747  23  0.923   9  0.872   0.806 Y  0.570      SignalP-noTM
fig|2005473.105.peg.105    0.204  26  0.406  26  0.894   8  0.817   0.566 Y  0.450      SignalP-TM
fig|2005473.105.peg.105    0.404  26  0.586  26  0.925  14  0.867   0.718 Y  0.570      SignalP-noTM
fig|2005473.105.peg.1050   0.489  30  0.629  30  0.897  22  0.796   0.694 Y  0.450      SignalP-TM
fig|2005473.105.peg.1050   0.546  28  0.649  28  0.935  21  0.813   0.726 Y  0.570      SignalP-noTM
fig|2005473.105.peg.106    0.640  14  0.661  14  0.835  10  0.679   0.669 Y  0.570      SignalP-noTM
fig|2005473.105.peg.1063   0.507  20  0.640  20  0.918  18  0.822   0.726 Y  0.570      SignalP-noTM
fig|2005473.105.peg.1064   0.214  20  0.440  20  0.935  12  0.905   0.621 Y  0.450      SignalP-TM
fig|2005473.105.peg.1064   0.613  20  0.735  20  0.953   2  0.897   0.811 Y  0.570      SignalP-noTM
fig|2005473.105.peg.1068   0.214  27  0.395  21  0.865   8  0.821   0.561 Y  0.450      SignalP-TM
fig|2005473.105.peg.1068   0.353  21  0.580  21  0.971  10  0.937   0.748 Y  0.570      SignalP-noTM
fig|2005473.105.peg.1069   0.160  20  0.383  20  0.968  10  0.923   0.637 Y  0.570      SignalP-noTM
fig|2005473.105.peg.1069   0.249  30  0.438  30  0.938  14  0.843   0.596 Y  0.450      SignalP-TM
fig|2005473.105.peg.1070   0.140  21  0.344  21  0.907  18  0.834   0.574 Y  0.570      SignalP-noTM
fig|2005473.105.peg.1070   0.199  27  0.366  27  0.886  18  0.691   0.493 Y  0.450      SignalP-TM
fig|2005473.105.peg.1071   0.234  28  0.423  28  0.878  22  0.727   0.542 Y  0.450      SignalP-TM
fig|2005473.105.peg.1071   0.255  28  0.484  28  0.989  15  0.937   0.697 Y  0.570      SignalP-noTM
fig|2005473.105.peg.1072   0.190  28  0.415  28  0.955  17  0.873   0.594 Y  0.450      SignalP-TM
fig|2005473.105.peg.1072   0.432  23  0.651  23  0.992  17  0.965   0.799 Y  0.570      SignalP-noTM
fig|2005473.105.peg.1073   0.157  29  0.356  22  0.934   7  0.914   0.618 Y  0.570      SignalP-noTM
fig|2005473.105.peg.1073   0.173  33  0.303  19  0.874  11  0.837   0.511 Y  0.450      SignalP-TM
fig|2005473.105.peg.1074   0.182  57  0.297  22  0.869   5  0.766   0.480 Y  0.450      SignalP-TM
fig|2005473.105.peg.1074   0.219  22  0.434  22  0.931   7  0.885   0.646 Y  0.570      SignalP-noTM
fig|2005473.105.peg.1075   0.530  21  0.701  21  0.962  11  0.926   0.807 Y  0.570      SignalP-noTM
fig|2005473.105.peg.1076   0.288  21  0.478  21  0.886   8  0.814   0.609 Y  0.450      SignalP-TM
fig|2005473.105.peg.1076   0.438  21  0.621  21  0.962  10  0.885   0.745 Y  0.570      SignalP-noTM
fig|2005473.105.peg.1077   0.289  21  0.452  21  0.852   3  0.749   0.568 Y  0.450      SignalP-TM
fig|2005473.105.peg.1077   0.426  20  0.607  20  0.932  10  0.840   0.716 Y  0.570      SignalP-noTM
fig|2005473.105.peg.1078   0.193  20  0.388  20  0.873  18  0.780   0.541 Y  0.450      SignalP-TM
fig|2005473.105.peg.1078   0.555  20  0.716  20  0.962   8  0.923   0.813 Y  0.570      SignalP-noTM
fig|2005473.105.peg.1081   0.163  26  0.350  26  0.895   7  0.797   0.525 Y  0.450      SignalP-TM
fig|2005473.105.peg.1081   0.186  26  0.371  26  0.948   5  0.828   0.585 Y  0.570      SignalP-noTM
fig|2005473.105.peg.1082   0.140  24  0.308  24  0.843   6  0.723   0.470 Y  0.450      SignalP-TM
fig|2005473.105.peg.1082   0.181  24  0.379  24  0.912   4  0.824   0.588 Y  0.570      SignalP-noTM
fig|2005473.105.peg.1096   0.477  23  0.483  23  0.599  10  0.469   0.477 Y  0.450      SignalP-TM
fig|2005473.105.peg.1098   0.475  26  0.619  26  0.943   9  0.852   0.710 Y  0.450      SignalP-TM
fig|2005473.105.peg.1098   0.574  26  0.666  26  0.975  17  0.865   0.759 Y  0.570      SignalP-noTM
fig|2005473.105.peg.1108   0.176  21  0.380  21  0.872   8  0.824   0.553 Y  0.450      SignalP-TM
fig|2005473.105.peg.1108   0.470  21  0.657  21  0.959  12  0.923   0.782 Y  0.570      SignalP-noTM
fig|2005473.105.peg.111    0.480  28  0.486  28  0.718  25  0.435   0.466 Y  0.450      SignalP-TM
fig|2005473.105.peg.1111   0.532  20  0.675  20  0.931   1  0.869   0.751 Y  0.450      SignalP-TM
fig|2005473.105.peg.1111   0.848  20  0.891  20  0.962  12  0.930   0.909 Y  0.570      SignalP-noTM
fig|2005473.105.peg.1129   0.145  27  0.338  26  0.872  14  0.799   0.518 Y  0.450      SignalP-TM
fig|2005473.105.peg.1129   0.354  22  0.579  22  0.981  11  0.948   0.752 Y  0.570      SignalP-noTM
fig|2005473.105.peg.1130   0.236  22  0.441  22  0.930   1  0.838   0.628 Y  0.570      SignalP-noTM
fig|2005473.105.peg.1134   0.379  24  0.430  24  0.774   6  0.581   0.489 Y  0.450      SignalP-TM
fig|2005473.105.peg.1135   0.148  35  0.328  22  0.852   2  0.777   0.503 Y  0.450      SignalP-TM
fig|2005473.105.peg.1135   0.224  21  0.451  21  0.937   1  0.908   0.666 Y  0.570      SignalP-noTM
fig|2005473.105.peg.1146   0.247  23  0.442  23  0.901  15  0.816   0.618 Y  0.570      SignalP-noTM
fig|2005473.105.peg.115    0.285  19  0.478  19  0.922  15  0.811   0.634 Y  0.570      SignalP-noTM
fig|2005473.105.peg.1151   0.168  31  0.307  27  0.894   8  0.690   0.456 Y  0.450      SignalP-TM
fig|2005473.105.peg.1151   0.347  27  0.524  27  0.894   8  0.820   0.663 Y  0.570      SignalP-noTM
fig|2005473.105.peg.1154   0.441  20  0.588  20  0.900  17  0.782   0.664 Y  0.450      SignalP-TM
fig|2005473.105.peg.1154   0.671  20  0.739  20  0.892  16  0.830   0.782 Y  0.570      SignalP-noTM
fig|2005473.105.peg.1157   0.460  26  0.629  20  0.969  12  0.944   0.777 Y  0.570      SignalP-noTM
fig|2005473.105.peg.1157   0.563  26  0.698  26  0.964  10  0.901   0.777 Y  0.450      SignalP-TM
fig|2005473.105.peg.116    0.315  18  0.517  18  0.944   1  0.861   0.679 Y  0.570      SignalP-noTM
fig|2005473.105.peg.116    0.338  27  0.476  27  0.890  12  0.753   0.584 Y  0.450      SignalP-TM
fig|2005473.105.peg.1161   0.180  31  0.321  30  0.807  20  0.671   0.458 Y  0.450      SignalP-TM
fig|2005473.105.peg.1166   0.346  18  0.520  18  0.917   2  0.813   0.658 Y  0.570      SignalP-noTM
fig|2005473.105.peg.1166   0.391  18  0.576  18  0.926  17  0.857   0.685 Y  0.450      SignalP-TM
fig|2005473.105.peg.117    0.317  17  0.468  17  0.861  13  0.704   0.579 Y  0.570      SignalP-noTM
fig|2005473.105.peg.1172   0.434  20  0.575  20  0.859   7  0.787   0.674 Y  0.570      SignalP-noTM
fig|2005473.105.peg.1178   0.200  30  0.406  30  0.917  22  0.771   0.548 Y  0.450      SignalP-TM
fig|2005473.105.peg.1178   0.525  29  0.690  29  0.981  23  0.898   0.788 Y  0.570      SignalP-noTM
fig|2005473.105.peg.1179   0.177  25  0.381  25  0.881  17  0.807   0.547 Y  0.450      SignalP-TM
fig|2005473.105.peg.118    0.237  20  0.425  20  0.845  16  0.747   0.551 Y  0.450      SignalP-TM
fig|2005473.105.peg.118    0.739  20  0.797  20  0.896   7  0.864   0.829 Y  0.570      SignalP-noTM
fig|2005473.105.peg.121    0.311  23  0.523  23  0.931  17  0.850   0.677 Y  0.570      SignalP-noTM
fig|2005473.105.peg.122    0.230  24  0.367  24  0.807   7  0.632   0.470 Y  0.450      SignalP-TM
fig|2005473.105.peg.122    0.613  24  0.699  24  0.909  20  0.800   0.746 Y  0.570      SignalP-noTM
fig|2005473.105.peg.123    0.185  22  0.405  22  0.939  15  0.893   0.634 Y  0.570      SignalP-noTM
fig|2005473.105.peg.123    0.191  23  0.375  23  0.820  20  0.743   0.518 Y  0.450      SignalP-TM
fig|2005473.105.peg.1238   0.520  24  0.591  24  0.898   5  0.757   0.656 Y  0.450      SignalP-TM
fig|2005473.105.peg.1238   0.580  24  0.664  24  0.961  10  0.845   0.749 Y  0.570      SignalP-noTM
fig|2005473.105.peg.1239   0.400  32  0.559  26  0.958   9  0.887   0.687 Y  0.450      SignalP-TM
fig|2005473.105.peg.1239   0.812  26  0.883  26  0.975  11  0.957   0.918 Y  0.570      SignalP-noTM
fig|2005473.105.peg.1240   0.253  21  0.454  21  0.908  18  0.833   0.602 Y  0.450      SignalP-TM
fig|2005473.105.peg.1240   0.687  21  0.811  21  0.974  12  0.957   0.880 Y  0.570      SignalP-noTM
fig|2005473.105.peg.1241   0.380  21  0.492  21  0.821  17  0.695   0.587 Y  0.570      SignalP-noTM
fig|2005473.105.peg.125    0.243  21  0.378  21  0.774  17  0.634   0.478 Y  0.450      SignalP-TM
fig|2005473.105.peg.125    0.502  21  0.549  21  0.853   1  0.652   0.597 Y  0.570      SignalP-noTM
fig|2005473.105.peg.1250   0.297  35  0.403  28  0.940  15  0.801   0.558 Y  0.450      SignalP-TM
fig|2005473.105.peg.1250   0.424  28  0.515  28  0.891  10  0.751   0.626 Y  0.570      SignalP-noTM
fig|2005473.105.peg.1252   0.430  34  0.543  34  0.944  19  0.809   0.647 Y  0.450      SignalP-TM
fig|2005473.105.peg.1252   0.585  34  0.670  22  0.980   8  0.951   0.802 Y  0.570      SignalP-noTM
fig|2005473.105.peg.1255   0.260  19  0.392  19  0.757  16  0.606   0.476 Y  0.450      SignalP-TM
fig|2005473.105.peg.1257   0.501  21  0.644  21  0.905   4  0.850   0.724 Y  0.450      SignalP-TM
fig|2005473.105.peg.1257   0.859  21  0.892  21  0.949   8  0.933   0.911 Y  0.570      SignalP-noTM
fig|2005473.105.peg.1258   0.379  20  0.499  20  0.777  19  0.617   0.545 Y  0.450      SignalP-TM
fig|2005473.105.peg.1259   0.416  25  0.619  25  0.967  16  0.889   0.724 Y  0.450      SignalP-TM
fig|2005473.105.peg.1259   0.570  25  0.711  25  0.973  21  0.903   0.801 Y  0.570      SignalP-noTM
fig|2005473.105.peg.126    0.197  22  0.346  22  0.761  18  0.620   0.453 Y  0.450      SignalP-TM
fig|2005473.105.peg.126    0.389  22  0.565  22  0.924  18  0.848   0.698 Y  0.570      SignalP-noTM
fig|2005473.105.peg.1266   0.185  20  0.390  20  0.913  16  0.843   0.566 Y  0.450      SignalP-TM
fig|2005473.105.peg.1266   0.367  20  0.561  20  0.926  10  0.869   0.706 Y  0.570      SignalP-noTM
fig|2005473.105.peg.127    0.147  29  0.326  26  0.909   7  0.804   0.513 Y  0.450      SignalP-TM
fig|2005473.105.peg.1270   0.420  28  0.561  28  0.872  11  0.751   0.635 Y  0.450      SignalP-TM
fig|2005473.105.peg.1270   0.598  28  0.719  28  0.939  23  0.846   0.779 Y  0.570      SignalP-noTM
fig|2005473.105.peg.1277   0.315  29  0.525  29  0.922  12  0.838   0.647 Y  0.450      SignalP-TM
fig|2005473.105.peg.1277   0.891  29  0.936  29  0.990  26  0.953   0.944 Y  0.570      SignalP-noTM
fig|2005473.105.peg.1278   0.185  24  0.387  24  0.919  23  0.819   0.590 Y  0.570      SignalP-noTM
fig|2005473.105.peg.1279   0.307  29  0.453  29  0.954   2  0.804   0.590 Y  0.450      SignalP-TM
fig|2005473.105.peg.1279   0.343  22  0.554  22  0.954   6  0.914   0.723 Y  0.570      SignalP-noTM
fig|2005473.105.peg.128    0.198  31  0.375  21  0.898  19  0.864   0.566 Y  0.450      SignalP-TM
fig|2005473.105.peg.128    0.215  22  0.427  22  0.937  20  0.859   0.630 Y  0.570      SignalP-noTM
fig|2005473.105.peg.1280   0.244  27  0.381  19  0.939   2  0.916   0.632 Y  0.570      SignalP-noTM
fig|2005473.105.peg.129    0.517  25  0.571  25  0.755  17  0.652   0.609 Y  0.570      SignalP-noTM
fig|2005473.105.peg.1297   0.292  52  0.397  23  0.850   7  0.733   0.528 Y  0.450      SignalP-TM
fig|2005473.105.peg.13     0.213  25  0.376  25  0.833  15  0.687   0.497 Y  0.450      SignalP-TM
fig|2005473.105.peg.13     0.541  25  0.665  23  0.941  16  0.865   0.759 Y  0.570      SignalP-noTM
fig|2005473.105.peg.130    0.153  24  0.313  24  0.866   8  0.700   0.464 Y  0.450      SignalP-TM
fig|2005473.105.peg.1301   0.519  24  0.639  24  0.858  12  0.761   0.687 Y  0.450      SignalP-TM
fig|2005473.105.peg.1301   0.615  24  0.768  24  0.984  16  0.949   0.853 Y  0.570      SignalP-noTM
fig|2005473.105.peg.131    0.275  27  0.424  27  0.790  20  0.651   0.513 Y  0.450      SignalP-TM
fig|2005473.105.peg.131    0.739  27  0.793  27  0.958  21  0.861   0.825 Y  0.570      SignalP-noTM
fig|2005473.105.peg.132    0.379  22  0.599  22  0.963  10  0.942   0.760 Y  0.570      SignalP-noTM
fig|2005473.105.peg.132    0.412  22  0.617  22  0.958  19  0.883   0.721 Y  0.450      SignalP-TM
fig|2005473.105.peg.1320   0.629  26  0.760  26  0.946  19  0.898   0.814 Y  0.450      SignalP-TM
fig|2005473.105.peg.1320   0.684  26  0.770  26  0.953  18  0.892   0.827 Y  0.570      SignalP-noTM
fig|2005473.105.peg.1325   0.213  26  0.430  26  0.954  10  0.896   0.649 Y  0.570      SignalP-noTM
fig|2005473.105.peg.1325   0.378  29  0.512  29  0.855  24  0.649   0.565 Y  0.450      SignalP-TM
fig|2005473.105.peg.1327   0.159  24  0.354  24  0.924   6  0.834   0.579 Y  0.570      SignalP-noTM
fig|2005473.105.peg.133    0.438  22  0.633  22  0.948   8  0.893   0.734 Y  0.450      SignalP-TM
fig|2005473.105.peg.133    0.504  22  0.701  22  0.982  13  0.965   0.825 Y  0.570      SignalP-noTM
fig|2005473.105.peg.1330   0.169  29  0.301  20  0.877  10  0.754   0.477 Y  0.450      SignalP-TM
fig|2005473.105.peg.1332   0.340  22  0.562  22  0.968  18  0.914   0.699 Y  0.450      SignalP-TM
fig|2005473.105.peg.1332   0.544  22  0.709  22  0.967  18  0.924   0.810 Y  0.570      SignalP-noTM
fig|2005473.105.peg.1333   0.175  25  0.383  25  0.940   8  0.880   0.617 Y  0.570      SignalP-noTM
fig|2005473.105.peg.1333   0.325  26  0.498  26  0.936   8  0.824   0.625 Y  0.450      SignalP-TM
fig|2005473.105.peg.1334   0.297  25  0.501  25  0.906  24  0.852   0.666 Y  0.570      SignalP-noTM
fig|2005473.105.peg.1337   0.197  38  0.363  21  0.927   8  0.818   0.541 Y  0.450      SignalP-TM
fig|2005473.105.peg.1337   0.253  24  0.475  24  0.960  12  0.917   0.683 Y  0.570      SignalP-noTM
fig|2005473.105.peg.1339   0.230  30  0.397  20  0.925   1  0.823   0.563 Y  0.450      SignalP-TM
fig|2005473.105.peg.1339   0.847  20  0.883  20  0.964  18  0.915   0.898 Y  0.570      SignalP-noTM
fig|2005473.105.peg.134    0.192  22  0.405  22  0.914  11  0.859   0.582 Y  0.450      SignalP-TM
fig|2005473.105.peg.134    0.530  22  0.699  22  0.958  19  0.918   0.802 Y  0.570      SignalP-noTM
fig|2005473.105.peg.1344   0.160  24  0.342  24  0.846  17  0.730   0.493 Y  0.450      SignalP-TM
fig|2005473.105.peg.1344   0.245  24  0.421  24  0.938  11  0.812   0.604 Y  0.570      SignalP-noTM
fig|2005473.105.peg.1346   0.321  30  0.410  30  0.838  17  0.594   0.482 Y  0.450      SignalP-TM
fig|2005473.105.peg.1346   0.483  22  0.630  22  0.846  21  0.801   0.710 Y  0.570      SignalP-noTM
fig|2005473.105.peg.1365   0.504  25  0.621  25  0.878   6  0.794   0.702 Y  0.570      SignalP-noTM
fig|2005473.105.peg.1365   0.507  25  0.575  25  0.804   7  0.688   0.619 Y  0.450      SignalP-TM
fig|2005473.105.peg.139    0.238  22  0.428  22  0.868   3  0.796   0.571 Y  0.450      SignalP-TM
fig|2005473.105.peg.139    0.700  22  0.786  22  0.957  13  0.901   0.840 Y  0.570      SignalP-noTM
fig|2005473.105.peg.140    0.412  35  0.503  35  0.856  11  0.724   0.589 Y  0.450      SignalP-TM
fig|2005473.105.peg.140    0.630  31  0.692  31  0.883  19  0.706   0.697 Y  0.510      SignalP-TM
fig|2005473.105.peg.141    0.439  20  0.565  20  0.875  17  0.728   0.641 Y  0.570      SignalP-noTM
fig|2005473.105.peg.142    0.310  20  0.445  20  0.818   1  0.688   0.540 Y  0.450      SignalP-TM
fig|2005473.105.peg.142    0.669  20  0.760  20  0.911  16  0.863   0.808 Y  0.570      SignalP-noTM
fig|2005473.105.peg.1441   0.207  32  0.364  25  0.904   6  0.821   0.543 Y  0.450      SignalP-TM
fig|2005473.105.peg.145    0.167  20  0.381  20  0.932   6  0.883   0.617 Y  0.570      SignalP-noTM
fig|2005473.105.peg.145    0.305  27  0.459  27  0.850  16  0.715   0.559 Y  0.450      SignalP-TM
fig|2005473.105.peg.1455   0.342  24  0.495  24  0.944  12  0.787   0.632 Y  0.570      SignalP-noTM
fig|2005473.105.peg.1470   0.497  21  0.632  21  0.928  17  0.837   0.712 Y  0.450      SignalP-TM
fig|2005473.105.peg.1470   0.786  21  0.863  21  0.974  17  0.945   0.902 Y  0.570      SignalP-noTM
fig|2005473.105.peg.1472   0.287  25  0.462  25  0.901  17  0.738   0.569 Y  0.450      SignalP-TM
fig|2005473.105.peg.1472   0.451  19  0.620  19  0.949  16  0.822   0.715 Y  0.570      SignalP-noTM
fig|2005473.105.peg.1474   0.615  25  0.709  25  0.925  16  0.857   0.779 Y  0.570      SignalP-noTM
fig|2005473.105.peg.1474   0.616  25  0.707  25  0.868   6  0.804   0.745 Y  0.450      SignalP-TM
fig|2005473.105.peg.1479   0.583  24  0.566  24  0.685  20  0.574   0.569 Y  0.450      SignalP-TM
fig|2005473.105.peg.1479   0.821  24  0.779  24  0.884  20  0.766   0.773 Y  0.570      SignalP-noTM
fig|2005473.105.peg.1496   0.255  34  0.359  20  0.811  14  0.690   0.488 Y  0.450      SignalP-TM
fig|2005473.105.peg.1496   0.505  20  0.678  20  0.972  18  0.908   0.786 Y  0.570      SignalP-noTM
fig|2005473.105.peg.1499   0.336  18  0.554  18  0.963  16  0.914   0.723 Y  0.570      SignalP-noTM
fig|2005473.105.peg.1500   0.219  25  0.432  25  0.968  10  0.902   0.653 Y  0.570      SignalP-noTM
fig|2005473.105.peg.1500   0.220  27  0.407  27  0.961   8  0.845   0.578 Y  0.450      SignalP-TM
fig|2005473.105.peg.1503   0.152  31  0.305  21  0.767  20  0.696   0.457 Y  0.450      SignalP-TM
fig|2005473.105.peg.1503   0.159  19  0.362  19  0.914   6  0.851   0.592 Y  0.570      SignalP-noTM
fig|2005473.105.peg.1517   0.177  30  0.327  22  0.825  17  0.713   0.478 Y  0.450      SignalP-TM
fig|2005473.105.peg.1517   0.575  22  0.736  22  0.978  18  0.929   0.827 Y  0.570      SignalP-noTM
fig|2005473.105.peg.1523   0.347  21  0.489  21  0.846  19  0.694   0.569 Y  0.450      SignalP-TM
fig|2005473.105.peg.1523   0.741  21  0.762  21  0.879  12  0.788   0.774 Y  0.570      SignalP-noTM
fig|2005473.105.peg.1526   0.257  18  0.457  18  0.871  17  0.822   0.599 Y  0.450      SignalP-TM
fig|2005473.105.peg.1526   0.421  18  0.615  18  0.942  17  0.902   0.750 Y  0.570      SignalP-noTM
fig|2005473.105.peg.1537   0.243  23  0.446  23  0.897  18  0.840   0.600 Y  0.450      SignalP-TM
fig|2005473.105.peg.1537   0.367  23  0.578  23  0.967  15  0.924   0.741 Y  0.570      SignalP-noTM
fig|2005473.105.peg.1543   0.438  26  0.642  26  0.957  16  0.926   0.752 Y  0.450      SignalP-TM
fig|2005473.105.peg.1543   0.520  26  0.664  26  0.920   6  0.870   0.761 Y  0.570      SignalP-noTM
fig|2005473.105.peg.1545   0.299  29  0.480  29  0.965  11  0.873   0.665 Y  0.570      SignalP-noTM
fig|2005473.105.peg.1545   0.428  31  0.590  31  0.966  16  0.885   0.705 Y  0.450      SignalP-TM
fig|2005473.105.peg.1547   0.434  31  0.538  31  0.850  25  0.685   0.595 Y  0.450      SignalP-TM
fig|2005473.105.peg.1547   0.595  31  0.640  31  0.922   8  0.768   0.700 Y  0.570      SignalP-noTM
fig|2005473.105.peg.1555   0.180  27  0.348  27  0.833   7  0.734   0.499 Y  0.450      SignalP-TM
fig|2005473.105.peg.1555   0.256  25  0.470  25  0.947  20  0.893   0.669 Y  0.570      SignalP-noTM
fig|2005473.105.peg.1558   0.166  26  0.327  26  0.929  10  0.752   0.493 Y  0.450      SignalP-TM
fig|2005473.105.peg.1559   0.223  25  0.417  25  0.938  12  0.852   0.622 Y  0.570      SignalP-noTM
fig|2005473.105.peg.1559   0.234  34  0.397  25  0.948  10  0.888   0.588 Y  0.450      SignalP-TM
fig|2005473.105.peg.1568   0.329  25  0.541  25  0.960  11  0.872   0.670 Y  0.450      SignalP-TM
fig|2005473.105.peg.1568   0.539  25  0.664  25  0.956  20  0.852   0.752 Y  0.570      SignalP-noTM
fig|2005473.105.peg.1570   0.181  29  0.323  29  0.907  16  0.682   0.463 Y  0.450      SignalP-TM
fig|2005473.105.peg.1574   0.224  21  0.414  21  0.880  17  0.788   0.560 Y  0.450      SignalP-TM
fig|2005473.105.peg.1574   0.303  21  0.519  21  0.950  17  0.905   0.700 Y  0.570      SignalP-noTM
fig|2005473.105.peg.1578   0.477  24  0.595  24  0.878  11  0.748   0.655 Y  0.450      SignalP-TM
fig|2005473.105.peg.1578   0.590  24  0.730  24  0.985  17  0.910   0.815 Y  0.570      SignalP-noTM
fig|2005473.105.peg.1579   0.201  22  0.347  22  0.767  18  0.622   0.454 Y  0.450      SignalP-TM
fig|2005473.105.peg.1579   0.502  22  0.643  22  0.922  18  0.813   0.723 Y  0.570      SignalP-noTM
fig|2005473.105.peg.1580   0.831  20  0.738  20  0.791   1  0.680   0.711 Y  0.570      SignalP-noTM
fig|2005473.105.peg.1584   0.178  20  0.386  20  0.888   4  0.849   0.604 Y  0.570      SignalP-noTM
fig|2005473.105.peg.1591   0.537  23  0.685  23  0.970   8  0.907   0.790 Y  0.570      SignalP-noTM
fig|2005473.105.peg.1636   0.175  26  0.375  24  0.940   6  0.833   0.590 Y  0.570      SignalP-noTM
fig|2005473.105.peg.1636   0.496  35  0.612  35  0.855  16  0.765   0.671 Y  0.450      SignalP-TM
fig|2005473.105.peg.1658   0.179  26  0.364  26  0.936   7  0.816   0.541 Y  0.450      SignalP-TM
fig|2005473.105.peg.1658   0.713  20  0.836  20  0.987  11  0.968   0.898 Y  0.570      SignalP-noTM
fig|2005473.105.peg.1659   0.687  20  0.710  20  0.889  18  0.745   0.726 Y  0.570      SignalP-noTM
fig|2005473.105.peg.166    0.210  30  0.396  20  0.952  10  0.917   0.641 Y  0.570      SignalP-noTM
fig|2005473.105.peg.166    0.307  30  0.426  30  0.835  13  0.685   0.527 Y  0.450      SignalP-TM
fig|2005473.105.peg.1660   0.491  28  0.571  28  0.868  17  0.710   0.625 Y  0.450      SignalP-TM
fig|2005473.105.peg.1660   0.582  19  0.741  19  0.962  10  0.943   0.836 Y  0.570      SignalP-noTM
fig|2005473.105.peg.1661   0.328  28  0.436  28  0.784   8  0.616   0.506 Y  0.450      SignalP-TM
fig|2005473.105.peg.1661   0.352  26  0.552  26  0.937  22  0.877   0.705 Y  0.570      SignalP-noTM
fig|2005473.105.peg.1662   0.169  23  0.359  17  0.912   2  0.860   0.595 Y  0.570      SignalP-noTM
fig|2005473.105.peg.1662   0.504  29  0.467  29  0.685   2  0.495   0.478 Y  0.450      SignalP-TM
fig|2005473.105.peg.1663   0.240  23  0.430  23  0.892  21  0.793   0.600 Y  0.570      SignalP-noTM
fig|2005473.105.peg.1664   0.486  35  0.608  35  0.883  28  0.689   0.640 Y  0.450      SignalP-TM
fig|2005473.105.peg.1664   0.621  35  0.651  35  0.872  28  0.624   0.638 Y  0.570      SignalP-noTM
fig|2005473.105.peg.1665   0.172  28  0.334  20  0.846   4  0.736   0.491 Y  0.450      SignalP-TM
fig|2005473.105.peg.1667   0.280  21  0.458  21  0.880   4  0.771   0.580 Y  0.450      SignalP-TM
fig|2005473.105.peg.1667   0.305  21  0.526  21  0.957  16  0.904   0.704 Y  0.570      SignalP-noTM
fig|2005473.105.peg.1668   0.259  29  0.424  20  0.941   8  0.911   0.614 Y  0.450      SignalP-TM
fig|2005473.105.peg.1668   0.528  20  0.679  20  0.926   1  0.879   0.773 Y  0.570      SignalP-noTM
fig|2005473.105.peg.1678   0.645  22  0.646  22  0.827   5  0.685   0.662 Y  0.450      SignalP-TM
fig|2005473.105.peg.1678   0.786  22  0.769  22  0.919  18  0.757   0.763 Y  0.570      SignalP-noTM
fig|2005473.105.peg.1681   0.238  21  0.464  21  0.950  19  0.895   0.632 Y  0.450      SignalP-TM
fig|2005473.105.peg.1681   0.371  21  0.592  21  0.961  19  0.932   0.752 Y  0.570      SignalP-noTM
fig|2005473.105.peg.1682   0.490  28  0.558  28  0.920  16  0.704   0.627 Y  0.570      SignalP-noTM
fig|2005473.105.peg.1682   0.566  28  0.613  28  0.853  15  0.715   0.653 Y  0.450      SignalP-TM
fig|2005473.105.peg.173    0.175  23  0.387  23  0.929  18  0.834   0.561 Y  0.450      SignalP-TM
fig|2005473.105.peg.173    0.558  21  0.710  21  0.976  19  0.886   0.792 Y  0.570      SignalP-noTM
fig|2005473.105.peg.1747   0.185  22  0.383  22  0.934  10  0.839   0.597 Y  0.570      SignalP-noTM
fig|2005473.105.peg.1783   0.274  31  0.441  24  0.890  18  0.824   0.583 Y  0.510      SignalP-TM
fig|2005473.105.peg.1783   0.425  31  0.532  31  0.948   6  0.815   0.642 Y  0.450      SignalP-TM
fig|2005473.105.peg.1784   0.371  31  0.474  31  0.707  26  0.613   0.529 Y  0.450      SignalP-TM
fig|2005473.105.peg.18     0.298  26  0.393  26  0.829  12  0.616   0.480 Y  0.450      SignalP-TM
fig|2005473.105.peg.1802   0.188  29  0.403  24  0.915  17  0.856   0.580 Y  0.450      SignalP-TM
fig|2005473.105.peg.1802   0.398  24  0.591  24  0.948  20  0.890   0.732 Y  0.570      SignalP-noTM
fig|2005473.105.peg.1820   0.350  26  0.510  26  0.862   1  0.754   0.605 Y  0.450      SignalP-TM
fig|2005473.105.peg.1820   0.450  24  0.534  24  0.819  18  0.680   0.603 Y  0.570      SignalP-noTM
fig|2005473.105.peg.1821   0.345  24  0.483  24  0.758  18  0.635   0.542 Y  0.450      SignalP-TM
fig|2005473.105.peg.1821   0.526  24  0.648  24  0.890  17  0.823   0.730 Y  0.570      SignalP-noTM
fig|2005473.105.peg.1829   0.554  42  0.512  42  0.818  27  0.502   0.508 Y  0.450      SignalP-TM
fig|2005473.105.peg.183    0.330  23  0.493  23  0.914   8  0.787   0.607 Y  0.450      SignalP-TM
fig|2005473.105.peg.183    0.669  23  0.784  23  0.966  10  0.928   0.852 Y  0.570      SignalP-noTM
fig|2005473.105.peg.1837   0.533  20  0.646  20  0.860   1  0.794   0.715 Y  0.570      SignalP-noTM
fig|2005473.105.peg.1838   0.280  18  0.429  18  0.766  17  0.669   0.523 Y  0.450      SignalP-TM
fig|2005473.105.peg.1838   0.660  18  0.739  18  0.889  14  0.830   0.782 Y  0.570      SignalP-noTM
fig|2005473.105.peg.1840   0.347  22  0.533  22  0.928  19  0.820   0.668 Y  0.570      SignalP-noTM
fig|2005473.105.peg.1845   0.350  22  0.535  22  0.910  11  0.808   0.663 Y  0.570      SignalP-noTM
fig|2005473.105.peg.1845   0.495  22  0.631  22  0.892  19  0.759   0.681 Y  0.450      SignalP-TM
fig|2005473.105.peg.1850   0.429  22  0.631  22  0.958   6  0.925   0.746 Y  0.450      SignalP-TM
fig|2005473.105.peg.1850   0.774  22  0.839  22  0.960  18  0.906   0.870 Y  0.570      SignalP-noTM
fig|2005473.105.peg.1855   0.242  21  0.405  21  0.833   4  0.714   0.526 Y  0.450      SignalP-TM
fig|2005473.105.peg.1855   0.438  21  0.608  21  0.936  14  0.867   0.730 Y  0.570      SignalP-noTM
fig|2005473.105.peg.1858   0.259  24  0.428  24  0.918  17  0.744   0.576 Y  0.570      SignalP-noTM
fig|2005473.105.peg.1859   0.483  29  0.531  20  0.783  18  0.628   0.569 Y  0.450      SignalP-TM
fig|2005473.105.peg.186    0.247  28  0.415  28  0.745  22  0.671   0.515 Y  0.450      SignalP-TM
fig|2005473.105.peg.186    0.326  28  0.525  28  0.943   7  0.874   0.689 Y  0.570      SignalP-noTM
fig|2005473.105.peg.1860   0.560  24  0.668  24  0.884  20  0.774   0.709 Y  0.450      SignalP-TM
fig|2005473.105.peg.1860   0.781  24  0.849  24  0.961  21  0.925   0.885 Y  0.570      SignalP-noTM
fig|2005473.105.peg.1866   0.388  24  0.605  24  0.970  17  0.914   0.725 Y  0.450      SignalP-TM
fig|2005473.105.peg.1866   0.822  24  0.898  24  0.988  12  0.969   0.931 Y  0.570      SignalP-noTM
fig|2005473.105.peg.1869   0.682  23  0.742  23  0.908   3  0.837   0.779 Y  0.450      SignalP-TM
fig|2005473.105.peg.1869   0.864  23  0.874  23  0.951   8  0.906   0.889 Y  0.570      SignalP-noTM
fig|2005473.105.peg.187    0.233  25  0.402  25  0.934  10  0.790   0.584 Y  0.570      SignalP-noTM
fig|2005473.105.peg.1870   0.427  21  0.600  21  0.929   9  0.863   0.703 Y  0.450      SignalP-TM
fig|2005473.105.peg.1870   0.785  21  0.871  21  0.984  17  0.959   0.912 Y  0.570      SignalP-noTM
fig|2005473.105.peg.1871   0.196  27  0.379  27  0.922  16  0.819   0.586 Y  0.570      SignalP-noTM
fig|2005473.105.peg.1871   0.255  21  0.470  21  0.892  16  0.816   0.605 Y  0.450      SignalP-TM
fig|2005473.105.peg.188    0.153  29  0.346  22  0.897  16  0.820   0.530 Y  0.450      SignalP-TM
fig|2005473.105.peg.188    0.474  22  0.610  22  0.902   2  0.826   0.712 Y  0.570      SignalP-noTM
fig|2005473.105.peg.1880   0.216  27  0.380  27  0.915   8  0.764   0.530 Y  0.450      SignalP-TM
fig|2005473.105.peg.1880   0.649  21  0.766  21  0.933  16  0.902   0.830 Y  0.570      SignalP-noTM
fig|2005473.105.peg.1881   0.194  22  0.339  22  0.830   2  0.644   0.458 Y  0.450      SignalP-TM
fig|2005473.105.peg.1881   0.519  22  0.651  22  0.945  13  0.855   0.747 Y  0.570      SignalP-noTM
fig|2005473.105.peg.1886   0.468  27  0.515  27  0.797  15  0.637   0.573 Y  0.570      SignalP-noTM
fig|2005473.105.peg.1886   0.582  27  0.585  27  0.744  18  0.592   0.588 Y  0.450      SignalP-TM
fig|2005473.105.peg.1887   0.284  27  0.394  27  0.831   5  0.646   0.492 Y  0.450      SignalP-TM
fig|2005473.105.peg.189    0.365  22  0.540  22  0.842   9  0.758   0.625 Y  0.450      SignalP-TM
fig|2005473.105.peg.189    0.549  22  0.730  22  0.983  19  0.941   0.829 Y  0.570      SignalP-noTM
fig|2005473.105.peg.1891   0.235  23  0.424  23  0.891  16  0.787   0.594 Y  0.570      SignalP-noTM
fig|2005473.105.peg.1894   0.137  22  0.341  22  0.934  16  0.867   0.588 Y  0.570      SignalP-noTM
fig|2005473.105.peg.1894   0.150  33  0.328  27  0.901  14  0.790   0.508 Y  0.450      SignalP-TM
fig|2005473.105.peg.1896   0.318  21  0.440  21  0.910   4  0.700   0.541 Y  0.450      SignalP-TM
fig|2005473.105.peg.1896   0.322  21  0.450  21  0.819   3  0.682   0.536 Y  0.510      SignalP-TM
fig|2005473.105.peg.1897   0.706  27  0.788  27  0.974   8  0.908   0.835 Y  0.450      SignalP-TM
fig|2005473.105.peg.1897   0.860  27  0.885  27  0.978  12  0.938   0.910 Y  0.570      SignalP-noTM
fig|2005473.105.peg.1899   0.204  22  0.434  22  0.975  10  0.931   0.628 Y  0.450      SignalP-TM
fig|2005473.105.peg.1899   0.410  21  0.629  21  0.978  14  0.963   0.786 Y  0.570      SignalP-noTM
fig|2005473.105.peg.190    0.457  23  0.645  23  0.954  16  0.901   0.745 Y  0.450      SignalP-TM
fig|2005473.105.peg.190    0.736  23  0.838  23  0.983  19  0.952   0.892 Y  0.570      SignalP-noTM
fig|2005473.105.peg.1900   0.297  16  0.450  16  0.800   1  0.698   0.547 Y  0.450      SignalP-TM
fig|2005473.105.peg.1900   0.484  16  0.573  16  0.763  13  0.679   0.623 Y  0.570      SignalP-noTM
fig|2005473.105.peg.1901   0.350  20  0.535  20  0.855  17  0.816   0.667 Y  0.570      SignalP-noTM
fig|2005473.105.peg.1901   0.660  30  0.534  30  0.830  19  0.603   0.561 Y  0.450      SignalP-TM
fig|2005473.105.peg.1904   0.334  20  0.498  20  0.873  16  0.768   0.603 Y  0.450      SignalP-TM
fig|2005473.105.peg.1904   0.875  20  0.903  20  0.950  16  0.921   0.911 Y  0.570      SignalP-noTM
fig|2005473.105.peg.1906   0.498  21  0.644  21  0.947  17  0.851   0.724 Y  0.450      SignalP-TM
fig|2005473.105.peg.1906   0.691  21  0.805  21  0.967  10  0.937   0.867 Y  0.570      SignalP-noTM
fig|2005473.105.peg.1913   0.406  41  0.418  41  0.801  10  0.604   0.490 Y  0.450      SignalP-TM
fig|2005473.105.peg.1926   0.185  20  0.389  20  0.891   4  0.831   0.561 Y  0.450      SignalP-TM
fig|2005473.105.peg.1926   0.631  20  0.749  20  0.940  16  0.881   0.811 Y  0.570      SignalP-noTM
fig|2005473.105.peg.1929   0.154  65  0.330  21  0.894  17  0.847   0.532 Y  0.450      SignalP-TM
fig|2005473.105.peg.1929   0.601  21  0.753  21  0.964  17  0.946   0.843 Y  0.570      SignalP-noTM
fig|2005473.105.peg.1930   0.316  28  0.450  28  0.778  24  0.580   0.501 Y  0.450      SignalP-TM
fig|2005473.105.peg.1936   0.422  25  0.631  25  0.980  11  0.942   0.777 Y  0.570      SignalP-noTM
fig|2005473.105.peg.1936   0.447  25  0.639  25  0.963  10  0.906   0.743 Y  0.450      SignalP-TM
fig|2005473.105.peg.194    0.364  29  0.558  29  0.938  23  0.836   0.689 Y  0.570      SignalP-noTM
fig|2005473.105.peg.1947   0.576  24  0.587  24  0.730  21  0.536   0.567 Y  0.450      SignalP-TM
fig|2005473.105.peg.1960   0.252  20  0.449  20  0.882   4  0.817   0.592 Y  0.450      SignalP-TM
fig|2005473.105.peg.1960   0.597  20  0.759  20  0.974  16  0.949   0.848 Y  0.570      SignalP-noTM
fig|2005473.105.peg.1961   0.316  18  0.547  18  0.962  10  0.944   0.734 Y  0.570      SignalP-noTM
fig|2005473.105.peg.1961   0.394  27  0.504  27  0.949   8  0.778   0.611 Y  0.450      SignalP-TM
fig|2005473.105.peg.1985   0.250  21  0.462  21  0.920  18  0.851   0.614 Y  0.450      SignalP-TM
fig|2005473.105.peg.1985   0.437  21  0.616  21  0.922  15  0.874   0.737 Y  0.570      SignalP-noTM
fig|2005473.105.peg.1986   0.433  21  0.484  21  0.768  19  0.551   0.510 Y  0.450      SignalP-TM
fig|2005473.105.peg.1992   0.137  25  0.316  20  0.813  16  0.753   0.487 Y  0.450      SignalP-TM
fig|2005473.105.peg.1992   0.223  20  0.417  20  0.877   1  0.784   0.589 Y  0.570      SignalP-noTM
fig|2005473.105.peg.1993   0.276  22  0.469  22  0.879   8  0.819   0.634 Y  0.570      SignalP-noTM
fig|2005473.105.peg.1993   0.460  24  0.562  24  0.899   6  0.767   0.642 Y  0.450      SignalP-TM
fig|2005473.105.peg.1995   0.550  32  0.558  32  0.924   3  0.743   0.630 Y  0.450      SignalP-TM
fig|2005473.105.peg.1995   0.655  20  0.781  20  0.956  10  0.928   0.850 Y  0.570      SignalP-noTM
fig|2005473.105.peg.1997   0.150  28  0.328  21  0.918  17  0.851   0.532 Y  0.450      SignalP-TM
fig|2005473.105.peg.1997   0.319  21  0.548  21  0.962  17  0.930   0.727 Y  0.570      SignalP-noTM
fig|2005473.105.peg.1998   0.254  32  0.437  20  0.920   3  0.890   0.614 Y  0.450      SignalP-TM
fig|2005473.105.peg.1998   0.669  20  0.796  20  0.974  10  0.942   0.865 Y  0.570      SignalP-noTM
fig|2005473.105.peg.2000   0.182  23  0.379  23  0.947   7  0.848   0.599 Y  0.570      SignalP-noTM
fig|2005473.105.peg.2011   0.264  22  0.456  22  0.886   2  0.801   0.618 Y  0.570      SignalP-noTM
fig|2005473.105.peg.2016   0.705  20  0.753  20  0.895  17  0.762   0.756 Y  0.450      SignalP-TM
fig|2005473.105.peg.2016   0.803  20  0.830  20  0.917  16  0.849   0.839 Y  0.570      SignalP-noTM
fig|2005473.105.peg.2018   0.314  21  0.477  21  0.901   6  0.781   0.595 Y  0.450      SignalP-TM
fig|2005473.105.peg.2018   0.560  21  0.676  21  0.935  14  0.850   0.758 Y  0.570      SignalP-noTM
fig|2005473.105.peg.2020   0.537  24  0.516  24  0.679  19  0.504   0.512 Y  0.510      SignalP-TM
fig|2005473.105.peg.2020   0.663  24  0.685  24  0.812  21  0.706   0.693 Y  0.450      SignalP-TM
fig|2005473.105.peg.2022   0.517  22  0.572  22  0.819  18  0.674   0.612 Y  0.450      SignalP-TM
fig|2005473.105.peg.2022   0.683  22  0.765  22  0.907   7  0.869   0.814 Y  0.570      SignalP-noTM
fig|2005473.105.peg.2024   0.175  28  0.333  19  0.798  12  0.738   0.491 Y  0.450      SignalP-TM
fig|2005473.105.peg.2026   0.130  27  0.283  11  0.872   8  0.832   0.497 Y  0.450      SignalP-TM
fig|2005473.105.peg.2026   0.308  20  0.528  20  0.949  16  0.907   0.706 Y  0.570      SignalP-noTM
fig|2005473.105.peg.2032   0.780  29  0.777  29  0.896  20  0.647   0.726 Y  0.450      SignalP-TM
fig|2005473.105.peg.2032   0.853  29  0.870  29  0.967  17  0.904   0.886 Y  0.570      SignalP-noTM
fig|2005473.105.peg.2033   0.220  23  0.399  23  0.870  20  0.762   0.540 Y  0.450      SignalP-TM
fig|2005473.105.peg.2033   0.568  22  0.735  22  0.975  20  0.939   0.831 Y  0.570      SignalP-noTM
fig|2005473.105.peg.2034   0.249  20  0.464  20  0.929   4  0.876   0.624 Y  0.450      SignalP-TM
fig|2005473.105.peg.2034   0.366  20  0.549  20  0.900  17  0.831   0.682 Y  0.570      SignalP-noTM
fig|2005473.105.peg.2038   0.155  22  0.353  22  0.897   7  0.821   0.536 Y  0.450      SignalP-TM
fig|2005473.105.peg.2038   0.591  22  0.732  22  0.961  20  0.905   0.814 Y  0.570      SignalP-noTM
fig|2005473.105.peg.2041   0.309  33  0.417  33  0.954  16  0.767   0.554 Y  0.450      SignalP-TM
fig|2005473.105.peg.2041   0.384  22  0.612  22  0.985  13  0.964   0.778 Y  0.570      SignalP-noTM
fig|2005473.105.peg.2053   0.343  31  0.530  31  0.959  19  0.874   0.691 Y  0.570      SignalP-noTM
fig|2005473.105.peg.2053   0.440  31  0.630  31  0.961  13  0.914   0.741 Y  0.450      SignalP-TM
fig|2005473.105.peg.2054   0.257  30  0.474  30  0.973  15  0.900   0.640 Y  0.450      SignalP-TM
fig|2005473.105.peg.2054   0.473  30  0.570  30  0.958  16  0.826   0.691 Y  0.570      SignalP-noTM
fig|2005473.105.peg.2056   0.215  30  0.349  30  0.861  19  0.627   0.457 Y  0.450      SignalP-TM
fig|2005473.105.peg.2056   0.258  21  0.457  21  0.896  19  0.808   0.622 Y  0.570      SignalP-noTM
fig|2005473.105.peg.2060   0.203  53  0.322  27  0.826   3  0.718   0.477 Y  0.450      SignalP-TM
fig|2005473.105.peg.2060   0.388  20  0.593  20  0.952  11  0.891   0.733 Y  0.570      SignalP-noTM
fig|2005473.105.peg.2062   0.438  33  0.423  25  0.761  21  0.580   0.484 Y  0.450      SignalP-TM
fig|2005473.105.peg.2062   0.493  25  0.650  25  0.941  21  0.855   0.746 Y  0.570      SignalP-noTM
fig|2005473.105.peg.2064   0.206  43  0.410  29  0.946  11  0.884   0.595 Y  0.450      SignalP-TM
fig|2005473.105.peg.2064   0.584  29  0.685  29  0.894  17  0.777   0.719 Y  0.510      SignalP-TM
fig|2005473.105.peg.2065   0.419  23  0.609  23  0.922  18  0.837   0.698 Y  0.450      SignalP-TM
fig|2005473.105.peg.2065   0.550  25  0.714  25  0.972  21  0.927   0.814 Y  0.570      SignalP-noTM
fig|2005473.105.peg.2067   0.265  29  0.495  29  0.970  17  0.891   0.681 Y  0.570      SignalP-noTM
fig|2005473.105.peg.2073   0.184  30  0.350  30  0.925  13  0.760   0.510 Y  0.450      SignalP-TM
fig|2005473.105.peg.2073   0.240  26  0.441  26  0.957  14  0.863   0.639 Y  0.570      SignalP-noTM
fig|2005473.105.peg.2087   0.338  24  0.536  24  0.957  17  0.892   0.703 Y  0.570      SignalP-noTM
fig|2005473.105.peg.2087   0.442  24  0.605  24  0.921  14  0.818   0.688 Y  0.450      SignalP-TM
fig|2005473.105.peg.2088   0.459  22  0.627  22  0.939   3  0.882   0.727 Y  0.450      SignalP-TM
fig|2005473.105.peg.2088   0.641  22  0.737  22  0.951  10  0.879   0.804 Y  0.570      SignalP-noTM
fig|2005473.105.peg.2089   0.147  70  0.281  11  0.837   2  0.791   0.480 Y  0.450      SignalP-TM
fig|2005473.105.peg.2090   0.196  19  0.410  19  0.932   5  0.875   0.591 Y  0.450      SignalP-TM
fig|2005473.105.peg.2090   0.438  19  0.633  19  0.949  10  0.914   0.765 Y  0.570      SignalP-noTM
fig|2005473.105.peg.2091   0.296  24  0.512  24  0.961  16  0.908   0.698 Y  0.570      SignalP-noTM
fig|2005473.105.peg.2091   0.394  24  0.569  24  0.915  17  0.837   0.673 Y  0.450      SignalP-TM
fig|2005473.105.peg.2106   0.182  26  0.372  26  0.930   8  0.838   0.591 Y  0.570      SignalP-noTM
fig|2005473.105.peg.2106   0.212  31  0.375  27  0.916  15  0.784   0.534 Y  0.450      SignalP-TM
fig|2005473.105.peg.2107   0.246  20  0.478  20  0.968  19  0.919   0.650 Y  0.450      SignalP-TM
fig|2005473.105.peg.2107   0.569  20  0.719  20  0.945  13  0.896   0.802 Y  0.570      SignalP-noTM
fig|2005473.105.peg.2118   0.171  25  0.361  25  0.822  21  0.743   0.510 Y  0.450      SignalP-TM
fig|2005473.105.peg.2118   0.216  22  0.411  22  0.935  16  0.819   0.603 Y  0.570      SignalP-noTM
fig|2005473.105.peg.213    0.204  28  0.347  28  0.802  14  0.614   0.451 Y  0.450      SignalP-TM
fig|2005473.105.peg.213    0.238  28  0.415  28  0.906  21  0.764   0.579 Y  0.570      SignalP-noTM
fig|2005473.105.peg.2132   0.415  25  0.580  25  0.953  15  0.862   0.713 Y  0.570      SignalP-noTM
fig|2005473.105.peg.2132   0.548  25  0.712  25  0.964  15  0.923   0.794 Y  0.450      SignalP-TM
fig|2005473.105.peg.2135   0.544  27  0.657  27  0.930  12  0.825   0.723 Y  0.450      SignalP-TM
fig|2005473.105.peg.2135   0.605  27  0.694  27  0.957  10  0.867   0.775 Y  0.570      SignalP-noTM
fig|2005473.105.peg.214    0.146  23  0.345  23  0.883   6  0.835   0.575 Y  0.570      SignalP-noTM
fig|2005473.105.peg.214    0.242  28  0.384  28  0.805   8  0.679   0.499 Y  0.450      SignalP-TM
fig|2005473.105.peg.2145   0.215  21  0.412  21  0.894  19  0.774   0.553 Y  0.450      SignalP-TM
fig|2005473.105.peg.2145   0.483  21  0.642  21  0.936  19  0.843   0.737 Y  0.570      SignalP-noTM
fig|2005473.105.peg.2146   0.665  23  0.732  23  0.910  21  0.820   0.773 Y  0.570      SignalP-noTM
fig|2005473.105.peg.215    0.199  38  0.371  27  0.978  19  0.864   0.603 Y  0.570      SignalP-noTM
fig|2005473.105.peg.215    0.224  44  0.427  27  0.927  22  0.753   0.554 Y  0.450      SignalP-TM
fig|2005473.105.peg.2151   0.672  23  0.752  23  0.945  19  0.770   0.759 Y  0.450      SignalP-TM
fig|2005473.105.peg.2151   0.885  23  0.901  23  0.955  17  0.900   0.901 Y  0.570      SignalP-noTM
fig|2005473.105.peg.2152   0.302  22  0.528  22  0.954  18  0.901   0.673 Y  0.450      SignalP-TM
fig|2005473.105.peg.2152   0.376  22  0.603  22  0.977  11  0.953   0.767 Y  0.570      SignalP-noTM
fig|2005473.105.peg.2153   0.163  22  0.365  22  0.909   8  0.837   0.549 Y  0.450      SignalP-TM
fig|2005473.105.peg.2153   0.187  22  0.416  22  0.946  20  0.926   0.655 Y  0.570      SignalP-noTM
fig|2005473.105.peg.2154   0.286  23  0.513  23  0.958  20  0.898   0.663 Y  0.450      SignalP-TM
fig|2005473.105.peg.2154   0.785  23  0.850  23  0.963  20  0.907   0.876 Y  0.570      SignalP-noTM
fig|2005473.105.peg.2155   0.266  39  0.435  30  0.984  12  0.895   0.651 Y  0.570      SignalP-noTM
fig|2005473.105.peg.2155   0.487  39  0.502  39  0.923  16  0.716   0.585 Y  0.450      SignalP-TM
fig|2005473.105.peg.2156   0.183  32  0.330  29  0.809  22  0.677   0.465 Y  0.450      SignalP-TM
fig|2005473.105.peg.2156   0.371  27  0.551  27  0.938   3  0.853   0.693 Y  0.570      SignalP-noTM
fig|2005473.105.peg.2157   0.749  35  0.687  35  0.876  31  0.490   0.610 Y  0.450      SignalP-TM
fig|2005473.105.peg.2157   0.844  35  0.887  35  0.961  31  0.835   0.862 Y  0.570      SignalP-noTM
fig|2005473.105.peg.2158   0.217  25  0.403  25  0.872  11  0.722   0.527 Y  0.450      SignalP-TM
fig|2005473.105.peg.2158   0.632  25  0.727  25  0.940  10  0.825   0.773 Y  0.570      SignalP-noTM
fig|2005473.105.peg.2159   0.345  30  0.519  30  0.922  28  0.710   0.609 Y  0.570      SignalP-noTM
fig|2005473.105.peg.216    0.211  24  0.400  24  0.948   5  0.823   0.565 Y  0.450      SignalP-TM
fig|2005473.105.peg.216    0.256  21  0.467  21  0.931   3  0.873   0.658 Y  0.570      SignalP-noTM
fig|2005473.105.peg.2161   0.195  25  0.405  22  0.940   5  0.905   0.640 Y  0.570      SignalP-noTM
fig|2005473.105.peg.2161   0.210  64  0.291  22  0.887   7  0.743   0.467 Y  0.450      SignalP-TM
fig|2005473.105.peg.2166   0.185  22  0.406  22  0.926  17  0.869   0.586 Y  0.450      SignalP-TM
fig|2005473.105.peg.2166   0.407  22  0.594  22  0.927  18  0.867   0.722 Y  0.570      SignalP-noTM
fig|2005473.105.peg.2168   0.253  30  0.371  30  0.853  12  0.661   0.484 Y  0.450      SignalP-TM
fig|2005473.105.peg.2168   0.499  23  0.636  23  0.882  21  0.809   0.717 Y  0.570      SignalP-noTM
fig|2005473.105.peg.2177   0.261  26  0.468  26  0.903  16  0.797   0.596 Y  0.450      SignalP-TM
fig|2005473.105.peg.2177   0.617  32  0.545  32  0.909  15  0.700   0.618 Y  0.570      SignalP-noTM
fig|2005473.105.peg.2180   0.786  19  0.764  19  0.851   1  0.720   0.743 Y  0.570      SignalP-noTM
fig|2005473.105.peg.2182   0.548  24  0.593  24  0.889   9  0.714   0.640 Y  0.450      SignalP-TM
fig|2005473.105.peg.2182   0.641  24  0.738  24  0.952  18  0.881   0.805 Y  0.570      SignalP-noTM
fig|2005473.105.peg.2186   0.251  25  0.405  25  0.905   6  0.745   0.537 Y  0.450      SignalP-TM
fig|2005473.105.peg.2186   0.281  23  0.488  23  0.942  13  0.877   0.671 Y  0.570      SignalP-noTM
fig|2005473.105.peg.2187   0.383  22  0.468  22  0.765  19  0.604   0.521 Y  0.450      SignalP-TM
fig|2005473.105.peg.219    0.248  24  0.416  24  0.853  18  0.726   0.537 Y  0.450      SignalP-TM
fig|2005473.105.peg.219    0.293  22  0.448  22  0.882   1  0.716   0.574 Y  0.570      SignalP-noTM
fig|2005473.105.peg.2196   0.165  21  0.334  21  0.765  12  0.684   0.470 Y  0.450      SignalP-TM
fig|2005473.105.peg.2196   0.421  21  0.596  21  0.930  19  0.841   0.711 Y  0.570      SignalP-noTM
fig|2005473.105.peg.220    0.193  24  0.381  22  0.936   6  0.845   0.562 Y  0.450      SignalP-TM
fig|2005473.105.peg.220    0.538  24  0.684  24  0.942   5  0.899   0.785 Y  0.570      SignalP-noTM
fig|2005473.105.peg.2201   0.393  21  0.448  21  0.755  19  0.500   0.468 Y  0.450      SignalP-TM
fig|2005473.105.peg.2201   0.679  21  0.670  21  0.834  20  0.628   0.650 Y  0.570      SignalP-noTM
fig|2005473.105.peg.2208   0.173  27  0.381  20  0.931  17  0.872   0.573 Y  0.450      SignalP-TM
fig|2005473.105.peg.2208   0.471  20  0.668  20  0.965  18  0.932   0.792 Y  0.570      SignalP-noTM
fig|2005473.105.peg.2210   0.304  28  0.505  28  0.962  20  0.861   0.644 Y  0.450      SignalP-TM
fig|2005473.105.peg.2210   0.362  28  0.524  22  0.960  18  0.924   0.712 Y  0.570      SignalP-noTM
fig|2005473.105.peg.2211   0.309  33  0.453  33  0.919  15  0.753   0.570 Y  0.450      SignalP-TM
fig|2005473.105.peg.2211   0.835  25  0.874  25  0.952  23  0.883   0.879 Y  0.570      SignalP-noTM
fig|2005473.105.peg.2212   0.683  27  0.733  27  0.949   9  0.852   0.789 Y  0.570      SignalP-noTM
fig|2005473.105.peg.2212   0.695  27  0.720  27  0.879  12  0.796   0.750 Y  0.450      SignalP-TM
fig|2005473.105.peg.2213   0.330  27  0.436  27  0.815   4  0.621   0.508 Y  0.450      SignalP-TM
fig|2005473.105.peg.2213   0.417  25  0.528  25  0.895  17  0.738   0.627 Y  0.570      SignalP-noTM
fig|2005473.105.peg.2224   0.247  28  0.417  28  0.915  18  0.771   0.555 Y  0.450      SignalP-TM
fig|2005473.105.peg.2224   0.344  21  0.532  21  0.937  12  0.845   0.679 Y  0.570      SignalP-noTM
fig|2005473.105.peg.2232   0.211  26  0.404  26  0.950   7  0.846   0.612 Y  0.570      SignalP-noTM
fig|2005473.105.peg.2233   0.281  27  0.428  23  0.813   8  0.717   0.540 Y  0.450      SignalP-TM
fig|2005473.105.peg.2244   0.289  20  0.452  20  0.880   1  0.748   0.591 Y  0.570      SignalP-noTM
fig|2005473.105.peg.2250   0.436  23  0.579  23  0.950   7  0.835   0.679 Y  0.450      SignalP-TM
fig|2005473.105.peg.2250   0.655  23  0.777  23  0.961  11  0.933   0.850 Y  0.570      SignalP-noTM
fig|2005473.105.peg.2251   0.341  22  0.523  22  0.924  17  0.803   0.632 Y  0.450      SignalP-TM
fig|2005473.105.peg.2251   0.780  22  0.852  22  0.969   8  0.933   0.890 Y  0.570      SignalP-noTM
fig|2005473.105.peg.2266   0.558  20  0.489  20  0.585   3  0.464   0.479 Y  0.450      SignalP-TM
fig|2005473.105.peg.2277   0.355  24  0.550  24  0.928  17  0.854   0.668 Y  0.450      SignalP-TM
fig|2005473.105.peg.2277   0.447  24  0.609  24  0.955  18  0.876   0.734 Y  0.570      SignalP-noTM
fig|2005473.105.peg.2282   0.543  21  0.673  21  0.901   8  0.838   0.737 Y  0.450      SignalP-TM
fig|2005473.105.peg.2282   0.866  21  0.901  21  0.975  18  0.922   0.911 Y  0.570      SignalP-noTM
fig|2005473.105.peg.2284   0.262  20  0.474  20  0.917  11  0.847   0.649 Y  0.570      SignalP-noTM
fig|2005473.105.peg.2284   0.292  21  0.461  21  0.879   1  0.776   0.584 Y  0.450      SignalP-TM
fig|2005473.105.peg.229    0.416  22  0.570  22  0.858  18  0.777   0.651 Y  0.450      SignalP-TM
fig|2005473.105.peg.229    0.719  22  0.809  22  0.960  10  0.920   0.861 Y  0.570      SignalP-noTM
fig|2005473.105.peg.2293   0.319  28  0.461  21  0.898   8  0.849   0.612 Y  0.450      SignalP-TM
fig|2005473.105.peg.2293   0.558  21  0.700  21  0.955  10  0.889   0.789 Y  0.570      SignalP-noTM
fig|2005473.105.peg.2294   0.191  29  0.328  29  0.873  12  0.706   0.475 Y  0.450      SignalP-TM
fig|2005473.105.peg.2295   0.367  33  0.516  21  0.951   1  0.885   0.689 Y  0.570      SignalP-noTM
fig|2005473.105.peg.2295   0.519  33  0.515  33  0.913  17  0.692   0.584 Y  0.450      SignalP-TM
fig|2005473.105.peg.2298   0.408  29  0.539  29  0.939  21  0.717   0.609 Y  0.450      SignalP-TM
fig|2005473.105.peg.2298   0.645  23  0.737  23  0.969  21  0.837   0.784 Y  0.570      SignalP-noTM
fig|2005473.105.peg.2313   0.236  33  0.438  25  0.955  17  0.865   0.605 Y  0.450      SignalP-TM
fig|2005473.105.peg.2313   0.535  19  0.716  19  0.977  16  0.953   0.828 Y  0.570      SignalP-noTM
fig|2005473.105.peg.232    0.401  21  0.596  21  0.955   7  0.911   0.744 Y  0.570      SignalP-noTM
fig|2005473.105.peg.232    0.410  48  0.505  21  0.949  16  0.872   0.648 Y  0.450      SignalP-TM
fig|2005473.105.peg.2323   0.299  23  0.434  23  0.829   6  0.691   0.534 Y  0.450      SignalP-TM
fig|2005473.105.peg.2323   0.680  20  0.800  20  0.963  18  0.934   0.863 Y  0.570      SignalP-noTM
fig|2005473.105.peg.2328   0.224  25  0.371  25  0.738   6  0.643   0.477 Y  0.450      SignalP-TM
fig|2005473.105.peg.2338   0.239  21  0.422  21  0.873   2  0.740   0.571 Y  0.570      SignalP-noTM
fig|2005473.105.peg.2338   0.310  23  0.499  23  0.903  18  0.759   0.600 Y  0.450      SignalP-TM
fig|2005473.105.peg.2351   0.624  21  0.694  21  0.907  18  0.782   0.728 Y  0.450      SignalP-TM
fig|2005473.105.peg.2351   0.848  21  0.810  21  0.845   1  0.779   0.796 Y  0.570      SignalP-noTM
fig|2005473.105.peg.236    0.451  30  0.584  30  0.869  17  0.707   0.632 Y  0.450      SignalP-TM
fig|2005473.105.peg.236    0.460  30  0.612  30  0.942  19  0.870   0.733 Y  0.570      SignalP-noTM
fig|2005473.105.peg.237    0.151  46  0.300  21  0.850   2  0.713   0.461 Y  0.450      SignalP-TM
fig|2005473.105.peg.2376   0.243  25  0.418  25  0.943  16  0.813   0.604 Y  0.570      SignalP-noTM
fig|2005473.105.peg.2376   0.373  27  0.547  27  0.933  10  0.843   0.662 Y  0.450      SignalP-TM
fig|2005473.105.peg.238    0.324  42  0.425  26  0.935  17  0.825   0.581 Y  0.450      SignalP-TM
fig|2005473.105.peg.238    0.442  26  0.556  26  0.924  10  0.794   0.668 Y  0.570      SignalP-noTM
fig|2005473.105.peg.242    0.236  22  0.378  22  0.813  18  0.627   0.475 Y  0.450      SignalP-TM
fig|2005473.105.peg.242    0.670  19  0.723  19  0.869   2  0.790   0.755 Y  0.570      SignalP-noTM
fig|2005473.105.peg.2420   0.202  25  0.390  25  0.868  16  0.695   0.509 Y  0.450      SignalP-TM
fig|2005473.105.peg.2420   0.399  23  0.627  23  0.993  16  0.970   0.789 Y  0.570      SignalP-noTM
fig|2005473.105.peg.2422   0.319  20  0.480  20  0.849   1  0.721   0.593 Y  0.570      SignalP-noTM
fig|2005473.105.peg.2445   0.168  24  0.331  24  0.838  19  0.649   0.455 Y  0.450      SignalP-TM
fig|2005473.105.peg.2445   0.209  24  0.397  21  0.907  17  0.852   0.611 Y  0.570      SignalP-noTM
fig|2005473.105.peg.2446   0.164  21  0.347  21  0.879   3  0.761   0.509 Y  0.450      SignalP-TM
fig|2005473.105.peg.2446   0.381  21  0.561  21  0.936  17  0.824   0.685 Y  0.570      SignalP-noTM
fig|2005473.105.peg.2447   0.301  32  0.413  29  0.904   7  0.723   0.534 Y  0.450      SignalP-TM
fig|2005473.105.peg.2447   0.746  22  0.788  22  0.938  12  0.867   0.825 Y  0.570      SignalP-noTM
fig|2005473.105.peg.2448   0.163  22  0.371  22  0.906  17  0.862   0.602 Y  0.570      SignalP-noTM
fig|2005473.105.peg.2448   0.215  24  0.423  24  0.885  17  0.805   0.572 Y  0.450      SignalP-TM
fig|2005473.105.peg.2450   0.383  22  0.562  22  0.887  19  0.829   0.666 Y  0.450      SignalP-TM
fig|2005473.105.peg.2450   0.756  22  0.815  22  0.930   1  0.889   0.850 Y  0.570      SignalP-noTM
fig|2005473.105.peg.2451   0.494  24  0.686  24  0.974  11  0.947   0.808 Y  0.570      SignalP-noTM
fig|2005473.105.peg.2451   0.534  26  0.669  26  0.955  14  0.845   0.738 Y  0.450      SignalP-TM
fig|2005473.105.peg.2452   0.414  29  0.520  21  0.971  11  0.930   0.713 Y  0.570      SignalP-noTM
fig|2005473.105.peg.2452   0.680  29  0.713  29  0.943  14  0.820   0.755 Y  0.450      SignalP-TM
fig|2005473.105.peg.2456   0.249  26  0.413  26  0.949  11  0.811   0.600 Y  0.570      SignalP-noTM
fig|2005473.105.peg.2456   0.456  26  0.643  26  0.961  12  0.910   0.747 Y  0.450      SignalP-TM
fig|2005473.105.peg.2462   0.256  19  0.425  19  0.870  18  0.746   0.576 Y  0.570      SignalP-noTM
fig|2005473.105.peg.2463   0.149  28  0.302  12  0.938   4  0.909   0.539 Y  0.450      SignalP-TM
fig|2005473.105.peg.2463   0.290  23  0.478  23  0.929   8  0.840   0.648 Y  0.570      SignalP-noTM
fig|2005473.105.peg.2469   0.122  45  0.271  11  0.852   3  0.737   0.453 Y  0.450      SignalP-TM
fig|2005473.105.peg.2478   0.422  35  0.381  19  0.932  16  0.866   0.570 Y  0.450      SignalP-TM
fig|2005473.105.peg.2478   0.775  19  0.863  19  0.972  16  0.949   0.904 Y  0.570      SignalP-noTM
fig|2005473.105.peg.2479   0.129  21  0.308  18  0.840   9  0.761   0.485 Y  0.450      SignalP-TM
fig|2005473.105.peg.2479   0.442  21  0.642  21  0.963  17  0.923   0.774 Y  0.570      SignalP-noTM
fig|2005473.105.peg.2480   0.421  25  0.513  25  0.835  17  0.684   0.580 Y  0.450      SignalP-TM
fig|2005473.105.peg.2480   0.735  20  0.833  20  0.965  18  0.927   0.877 Y  0.570      SignalP-noTM
fig|2005473.105.peg.2482   0.358  29  0.480  29  0.895  12  0.712   0.571 Y  0.450      SignalP-TM
fig|2005473.105.peg.2482   0.649  29  0.676  29  0.978  12  0.838   0.752 Y  0.570      SignalP-noTM
fig|2005473.105.peg.2483   0.180  31  0.330  24  0.888  11  0.806   0.516 Y  0.450      SignalP-TM
fig|2005473.105.peg.2483   0.222  25  0.446  22  0.966   4  0.946   0.681 Y  0.570      SignalP-noTM
fig|2005473.105.peg.2494   0.178  19  0.390  19  0.917   3  0.866   0.613 Y  0.570      SignalP-noTM
fig|2005473.105.peg.2494   0.258  28  0.435  28  0.927  18  0.795   0.575 Y  0.450      SignalP-TM
fig|2005473.105.peg.2495   0.147  31  0.313  19  0.910  18  0.804   0.505 Y  0.450      SignalP-TM
fig|2005473.105.peg.2495   0.598  20  0.731  20  0.941  18  0.891   0.806 Y  0.570      SignalP-noTM
fig|2005473.105.peg.2498   0.259  23  0.433  23  0.889   8  0.753   0.558 Y  0.450      SignalP-TM
fig|2005473.105.peg.2498   0.423  23  0.576  23  0.940  16  0.829   0.695 Y  0.570      SignalP-noTM
fig|2005473.105.peg.250    0.605  25  0.572  25  0.720  11  0.579   0.575 Y  0.450      SignalP-TM
fig|2005473.105.peg.250    0.638  25  0.738  25  0.937   5  0.878   0.804 Y  0.570      SignalP-noTM
fig|2005473.105.peg.2511   0.344  23  0.549  23  0.938  12  0.892   0.711 Y  0.570      SignalP-noTM
fig|2005473.105.peg.2511   0.392  26  0.543  26  0.920   8  0.800   0.643 Y  0.450      SignalP-TM
fig|2005473.105.peg.2514   0.341  22  0.553  22  0.945  18  0.896   0.687 Y  0.450      SignalP-TM
fig|2005473.105.peg.2514   0.809  22  0.875  22  0.974  11  0.943   0.907 Y  0.570      SignalP-noTM
fig|2005473.105.peg.2515   0.748  20  0.806  20  0.939  17  0.863   0.833 Y  0.570      SignalP-noTM
fig|2005473.105.peg.2520   0.331  21  0.527  21  0.908   4  0.852   0.654 Y  0.450      SignalP-TM
fig|2005473.105.peg.2520   0.780  21  0.844  21  0.959  14  0.918   0.878 Y  0.570      SignalP-noTM
fig|2005473.105.peg.2521   0.263  32  0.397  30  0.845  18  0.635   0.490 Y  0.450      SignalP-TM
fig|2005473.105.peg.2533   0.418  36  0.548  36  0.826  30  0.622   0.577 Y  0.450      SignalP-TM
fig|2005473.105.peg.255    0.496  22  0.657  22  0.951  18  0.862   0.737 Y  0.450      SignalP-TM
fig|2005473.105.peg.255    0.880  22  0.902  22  0.961  18  0.924   0.912 Y  0.570      SignalP-noTM
fig|2005473.105.peg.2558   0.640  21  0.707  21  0.864  11  0.782   0.742 Y  0.570      SignalP-noTM
fig|2005473.105.peg.2561   0.187  21  0.341  21  0.777  17  0.631   0.454 Y  0.450      SignalP-TM
fig|2005473.105.peg.2561   0.225  21  0.411  21  0.895   1  0.753   0.572 Y  0.570      SignalP-noTM
fig|2005473.105.peg.2565   0.133  29  0.300  13  0.891   5  0.841   0.511 Y  0.450      SignalP-TM
fig|2005473.105.peg.2566   0.268  24  0.424  24  0.772  20  0.652   0.513 Y  0.450      SignalP-TM
fig|2005473.105.peg.2568   0.171  20  0.398  20  0.954  10  0.922   0.603 Y  0.450      SignalP-TM
fig|2005473.105.peg.2568   0.510  20  0.703  20  0.979  18  0.957   0.822 Y  0.570      SignalP-noTM
fig|2005473.105.peg.2575   0.239  28  0.430  19  0.968   9  0.944   0.672 Y  0.570      SignalP-noTM
fig|2005473.105.peg.2575   0.334  28  0.507  28  0.967  13  0.843   0.638 Y  0.450      SignalP-TM
fig|2005473.105.peg.2578   0.246  19  0.446  19  0.922  14  0.804   0.614 Y  0.570      SignalP-noTM
fig|2005473.105.peg.2578   0.250  24  0.385  24  0.778   9  0.651   0.489 Y  0.450      SignalP-TM
fig|2005473.105.peg.2579   0.223  24  0.448  24  0.965   7  0.921   0.670 Y  0.570      SignalP-noTM
fig|2005473.105.peg.2580   0.188  25  0.406  22  0.963   7  0.921   0.648 Y  0.570      SignalP-noTM
fig|2005473.105.peg.2589   0.447  30  0.507  30  0.750  17  0.642   0.560 Y  0.450      SignalP-TM
fig|2005473.105.peg.2589   0.648  30  0.730  30  0.969  17  0.884   0.802 Y  0.570      SignalP-noTM
fig|2005473.105.peg.2593   0.185  26  0.335  20  0.829  15  0.652   0.459 Y  0.450      SignalP-TM
fig|2005473.105.peg.2610   0.210  21  0.394  21  0.842  17  0.739   0.528 Y  0.450      SignalP-TM
fig|2005473.105.peg.2610   0.844  21  0.869  21  0.961  17  0.895   0.881 Y  0.570      SignalP-noTM
fig|2005473.105.peg.264    0.222  26  0.403  21  0.877   9  0.808   0.561 Y  0.450      SignalP-TM
fig|2005473.105.peg.264    0.340  21  0.558  21  0.961  13  0.909   0.723 Y  0.570      SignalP-noTM
fig|2005473.105.peg.265    0.595  20  0.661  20  0.883  19  0.771   0.704 Y  0.450      SignalP-TM
fig|2005473.105.peg.265    0.839  20  0.882  20  0.952  17  0.928   0.904 Y  0.570      SignalP-noTM
fig|2005473.105.peg.2656   0.136  26  0.336  20  0.903  11  0.846   0.576 Y  0.570      SignalP-noTM
fig|2005473.105.peg.2656   0.177  19  0.368  19  0.875  17  0.760   0.521 Y  0.450      SignalP-TM
fig|2005473.105.peg.2661   0.154  21  0.317  21  0.812   4  0.687   0.461 Y  0.450      SignalP-TM
fig|2005473.105.peg.2666   0.198  23  0.347  23  0.784  11  0.637   0.460 Y  0.450      SignalP-TM
fig|2005473.105.peg.267    0.351  26  0.517  26  0.926  19  0.822   0.636 Y  0.450      SignalP-TM
fig|2005473.105.peg.267    0.440  21  0.620  21  0.937  17  0.867   0.736 Y  0.570      SignalP-noTM
fig|2005473.105.peg.2678   0.198  36  0.330  26  0.878  19  0.764   0.499 Y  0.450      SignalP-TM
fig|2005473.105.peg.2690   0.288  22  0.415  22  0.710  19  0.601   0.488 Y  0.450      SignalP-TM
fig|2005473.105.peg.2690   0.570  22  0.619  22  0.899  12  0.716   0.664 Y  0.570      SignalP-noTM
fig|2005473.105.peg.2693   0.283  33  0.385  33  0.883  18  0.574   0.459 Y  0.450      SignalP-TM
fig|2005473.105.peg.2694   0.241  23  0.409  23  0.767   4  0.706   0.525 Y  0.450      SignalP-TM
fig|2005473.105.peg.27     0.717  22  0.795  22  0.945  15  0.890   0.840 Y  0.570      SignalP-noTM
fig|2005473.105.peg.2706   0.197  23  0.404  23  0.941  14  0.853   0.615 Y  0.570      SignalP-noTM
fig|2005473.105.peg.2706   0.269  24  0.479  24  0.951  12  0.856   0.626 Y  0.450      SignalP-TM
fig|2005473.105.peg.2707   0.215  25  0.364  25  0.910   2  0.709   0.498 Y  0.450      SignalP-TM
fig|2005473.105.peg.2707   0.564  20  0.687  20  0.895   2  0.850   0.764 Y  0.570      SignalP-noTM
fig|2005473.105.peg.2711   0.229  31  0.360  31  0.903  10  0.707   0.496 Y  0.450      SignalP-TM
fig|2005473.105.peg.2711   0.231  20  0.463  20  0.958  11  0.919   0.677 Y  0.570      SignalP-noTM
fig|2005473.105.peg.2714   0.241  33  0.416  21  0.914  16  0.863   0.590 Y  0.450      SignalP-TM
fig|2005473.105.peg.2714   0.870  21  0.889  21  0.954  13  0.907   0.898 Y  0.570      SignalP-noTM
fig|2005473.105.peg.2718   0.494  20  0.648  20  0.950  18  0.866   0.750 Y  0.570      SignalP-noTM
fig|2005473.105.peg.273    0.198  26  0.428  26  0.967  16  0.917   0.658 Y  0.570      SignalP-noTM
fig|2005473.105.peg.273    0.280  27  0.479  27  0.938  16  0.837   0.619 Y  0.450      SignalP-TM
fig|2005473.105.peg.2731   0.262  21  0.398  21  0.825   2  0.660   0.500 Y  0.450      SignalP-TM
fig|2005473.105.peg.2731   0.412  21  0.512  21  0.842  18  0.648   0.576 Y  0.570      SignalP-noTM
fig|2005473.105.peg.2739   0.224  58  0.366  25  0.783  14  0.653   0.478 Y  0.450      SignalP-TM
fig|2005473.105.peg.274    0.166  25  0.335  25  0.839   5  0.734   0.491 Y  0.450      SignalP-TM
fig|2005473.105.peg.2751   0.448  18  0.595  18  0.883   1  0.801   0.692 Y  0.570      SignalP-noTM
fig|2005473.105.peg.2753   0.131  21  0.272  11  0.777   9  0.753   0.460 Y  0.450      SignalP-TM
fig|2005473.105.peg.287    0.590  29  0.648  29  0.894  13  0.706   0.671 Y  0.450      SignalP-TM
fig|2005473.105.peg.287    0.670  29  0.763  29  0.985  17  0.906   0.830 Y  0.570      SignalP-noTM
fig|2005473.105.peg.290    0.311  26  0.400  26  0.892   5  0.672   0.506 Y  0.450      SignalP-TM
fig|2005473.105.peg.290    0.329  21  0.525  21  0.942  13  0.845   0.675 Y  0.570      SignalP-noTM
fig|2005473.105.peg.291    0.182  24  0.370  24  0.915  15  0.807   0.575 Y  0.570      SignalP-noTM
fig|2005473.105.peg.291    0.196  24  0.381  24  0.878  13  0.750   0.525 Y  0.450      SignalP-TM
fig|2005473.105.peg.300    0.467  28  0.515  28  0.721  18  0.572   0.538 Y  0.450      SignalP-TM
fig|2005473.105.peg.318    0.296  21  0.516  21  0.932  19  0.882   0.659 Y  0.450      SignalP-TM
fig|2005473.105.peg.318    0.629  21  0.757  21  0.965  17  0.906   0.827 Y  0.570      SignalP-noTM
fig|2005473.105.peg.332    0.188  20  0.422  20  0.976  10  0.942   0.667 Y  0.570      SignalP-noTM
fig|2005473.105.peg.332    0.226  30  0.393  30  0.923  10  0.793   0.549 Y  0.450      SignalP-TM
fig|2005473.105.peg.333    0.186  23  0.383  23  0.861  17  0.764   0.532 Y  0.450      SignalP-TM
fig|2005473.105.peg.333    0.792  21  0.849  21  0.949  19  0.896   0.871 Y  0.570      SignalP-noTM
fig|2005473.105.peg.334    0.234  37  0.378  25  0.956  10  0.903   0.583 Y  0.450      SignalP-TM
fig|2005473.105.peg.334    0.466  25  0.648  25  0.951  20  0.909   0.771 Y  0.570      SignalP-noTM
fig|2005473.105.peg.337    0.248  37  0.323  26  0.873  16  0.696   0.468 Y  0.450      SignalP-TM
fig|2005473.105.peg.376    0.305  28  0.514  28  0.944  18  0.883   0.658 Y  0.450      SignalP-TM
fig|2005473.105.peg.376    0.449  28  0.493  28  0.674  21  0.542   0.511 Y  0.510      SignalP-TM
fig|2005473.105.peg.380    0.567  39  0.560  39  0.797  33  0.390   0.493 Y  0.450      SignalP-TM
fig|2005473.105.peg.384    0.227  32  0.400  23  0.929   6  0.875   0.585 Y  0.450      SignalP-TM
fig|2005473.105.peg.384    0.238  23  0.459  23  0.956   2  0.908   0.670 Y  0.570      SignalP-noTM
fig|2005473.105.peg.390    0.385  24  0.473  24  0.731  18  0.601   0.523 Y  0.450      SignalP-TM
fig|2005473.105.peg.390    0.489  24  0.533  24  0.754  17  0.577   0.549 Y  0.510      SignalP-TM
fig|2005473.105.peg.391    0.343  24  0.473  24  0.808   4  0.705   0.564 Y  0.450      SignalP-TM
fig|2005473.105.peg.391    0.841  24  0.877  24  0.965  20  0.914   0.894 Y  0.570      SignalP-noTM
fig|2005473.105.peg.393    0.203  21  0.392  21  0.868  13  0.727   0.523 Y  0.450      SignalP-TM
fig|2005473.105.peg.396    0.228  21  0.434  21  0.904  18  0.840   0.592 Y  0.450      SignalP-TM
fig|2005473.105.peg.396    0.357  21  0.576  21  0.954  18  0.921   0.738 Y  0.570      SignalP-noTM
fig|2005473.105.peg.397    0.197  55  0.352  22  0.905   2  0.833   0.578 Y  0.570      SignalP-noTM
fig|2005473.105.peg.397    0.219  55  0.330  22  0.863   6  0.761   0.498 Y  0.450      SignalP-TM
fig|2005473.105.peg.398    0.212  28  0.385  28  0.903   5  0.760   0.531 Y  0.450      SignalP-TM
fig|2005473.105.peg.399    0.360  30  0.416  30  0.787   2  0.616   0.494 Y  0.450      SignalP-TM
fig|2005473.105.peg.399    0.404  25  0.543  25  0.928   9  0.822   0.674 Y  0.570      SignalP-noTM
fig|2005473.105.peg.401    0.163  61  0.275  19  0.797  10  0.725   0.451 Y  0.450      SignalP-TM
fig|2005473.105.peg.404    0.463  24  0.515  24  0.795  19  0.629   0.559 Y  0.450      SignalP-TM
fig|2005473.105.peg.404    0.768  24  0.756  24  0.914  19  0.768   0.761 Y  0.570      SignalP-noTM
fig|2005473.105.peg.405    0.256  21  0.463  21  0.934   3  0.865   0.652 Y  0.570      SignalP-noTM
fig|2005473.105.peg.405    0.332  31  0.438  31  0.912  12  0.731   0.552 Y  0.450      SignalP-TM
fig|2005473.105.peg.407    0.603  22  0.678  22  0.893   1  0.777   0.724 Y  0.570      SignalP-noTM
fig|2005473.105.peg.409    0.478  24  0.498  24  0.739   8  0.574   0.528 Y  0.450      SignalP-TM
fig|2005473.105.peg.410    0.180  28  0.357  21  0.923  17  0.869   0.598 Y  0.570      SignalP-noTM
fig|2005473.105.peg.410    0.243  28  0.420  28  0.813  24  0.678   0.521 Y  0.450      SignalP-TM
fig|2005473.105.peg.412    0.356  18  0.465  18  0.676   6  0.612   0.522 Y  0.450      SignalP-TM
fig|2005473.105.peg.412    0.476  18  0.658  18  0.940  14  0.910   0.777 Y  0.570      SignalP-noTM
fig|2005473.105.peg.415    0.227  25  0.423  25  0.878  11  0.797   0.569 Y  0.450      SignalP-TM
fig|2005473.105.peg.415    0.295  22  0.521  22  0.968  12  0.932   0.714 Y  0.570      SignalP-noTM
fig|2005473.105.peg.419    0.275  25  0.452  25  0.906   6  0.793   0.585 Y  0.450      SignalP-TM
fig|2005473.105.peg.419    0.418  25  0.597  25  0.951  18  0.877   0.728 Y  0.570      SignalP-noTM
fig|2005473.105.peg.420    0.602  28  0.642  28  0.792  19  0.655   0.647 Y  0.450      SignalP-TM
fig|2005473.105.peg.429    0.310  22  0.484  22  0.873   9  0.780   0.599 Y  0.450      SignalP-TM
fig|2005473.105.peg.429    0.525  22  0.668  22  0.926   9  0.867   0.762 Y  0.570      SignalP-noTM
fig|2005473.105.peg.437    0.460  31  0.546  31  0.911  21  0.744   0.623 Y  0.450      SignalP-TM
fig|2005473.105.peg.437    0.730  24  0.803  24  0.947  21  0.851   0.825 Y  0.570      SignalP-noTM
fig|2005473.105.peg.440    0.396  25  0.593  25  0.963  12  0.891   0.709 Y  0.450      SignalP-TM
fig|2005473.105.peg.440    0.722  20  0.838  20  0.982  16  0.968   0.899 Y  0.570      SignalP-noTM
fig|2005473.105.peg.454    0.259  39  0.428  33  0.922  17  0.805   0.575 Y  0.450      SignalP-TM
fig|2005473.105.peg.454    0.295  20  0.512  20  0.945  17  0.892   0.691 Y  0.570      SignalP-noTM
fig|2005473.105.peg.461    0.270  24  0.390  24  0.766   6  0.621   0.480 Y  0.450      SignalP-TM
fig|2005473.105.peg.464    0.163  27  0.306  27  0.894   7  0.702   0.460 Y  0.450      SignalP-TM
fig|2005473.105.peg.464    0.177  21  0.390  21  0.919  18  0.875   0.618 Y  0.570      SignalP-noTM
fig|2005473.105.peg.465    0.390  23  0.595  23  0.948  20  0.882   0.707 Y  0.450      SignalP-TM
fig|2005473.105.peg.465    0.655  21  0.769  21  0.953  18  0.897   0.829 Y  0.570      SignalP-noTM
fig|2005473.105.peg.466    0.173  28  0.350  21  0.805   2  0.740   0.502 Y  0.450      SignalP-TM
fig|2005473.105.peg.466    0.372  21  0.573  21  0.954   6  0.901   0.727 Y  0.570      SignalP-noTM
fig|2005473.105.peg.477    0.154  22  0.352  22  0.892  18  0.811   0.531 Y  0.450      SignalP-TM
fig|2005473.105.peg.477    0.730  20  0.797  20  0.920  18  0.883   0.838 Y  0.570      SignalP-noTM
fig|2005473.105.peg.480    0.231  25  0.379  25  0.794  21  0.584   0.459 Y  0.450      SignalP-TM
fig|2005473.105.peg.483    0.233  24  0.401  24  0.822   6  0.725   0.527 Y  0.450      SignalP-TM
fig|2005473.105.peg.495    0.259  25  0.434  25  0.891   1  0.745   0.580 Y  0.570      SignalP-noTM
fig|2005473.105.peg.495    0.297  30  0.423  30  0.860  19  0.654   0.513 Y  0.450      SignalP-TM
fig|2005473.105.peg.522    0.282  22  0.442  22  0.815  18  0.657   0.526 Y  0.450      SignalP-TM
fig|2005473.105.peg.522    0.590  22  0.699  22  0.899  16  0.830   0.760 Y  0.570      SignalP-noTM
fig|2005473.105.peg.524    0.432  20  0.600  20  0.936  18  0.806   0.680 Y  0.450      SignalP-TM
fig|2005473.105.peg.524    0.789  20  0.831  20  0.919  15  0.854   0.842 Y  0.570      SignalP-noTM
fig|2005473.105.peg.525    0.418  23  0.535  23  0.744  20  0.621   0.568 Y  0.450      SignalP-TM
fig|2005473.105.peg.541    0.251  26  0.465  26  0.969  12  0.908   0.673 Y  0.570      SignalP-noTM
fig|2005473.105.peg.541    0.265  27  0.433  27  0.902  12  0.771   0.565 Y  0.450      SignalP-TM
fig|2005473.105.peg.542    0.192  21  0.411  21  0.960  16  0.883   0.595 Y  0.450      SignalP-TM
fig|2005473.105.peg.542    0.686  21  0.804  21  0.961  14  0.940   0.868 Y  0.570      SignalP-noTM
fig|2005473.105.peg.547    0.255  30  0.393  30  0.909  18  0.702   0.514 Y  0.450      SignalP-TM
fig|2005473.105.peg.567    0.210  28  0.409  28  0.930  22  0.815   0.567 Y  0.450      SignalP-TM
fig|2005473.105.peg.567    0.297  24  0.518  24  0.951  13  0.900   0.697 Y  0.570      SignalP-noTM
fig|2005473.105.peg.568    0.171  34  0.319  34  0.927  12  0.700   0.467 Y  0.450      SignalP-TM
fig|2005473.105.peg.569    0.170  25  0.372  25  0.919   3  0.839   0.554 Y  0.450      SignalP-TM
fig|2005473.105.peg.569    0.269  26  0.421  26  0.950   1  0.781   0.590 Y  0.570      SignalP-noTM
fig|2005473.105.peg.570    0.562  24  0.577  24  0.764  18  0.577   0.577 Y  0.450      SignalP-TM
fig|2005473.105.peg.570    0.713  24  0.747  24  0.922  19  0.794   0.769 Y  0.570      SignalP-noTM
fig|2005473.105.peg.571    0.378  22  0.523  22  0.823  17  0.674   0.582 Y  0.450      SignalP-TM
fig|2005473.105.peg.571    0.788  22  0.812  22  0.905  15  0.829   0.820 Y  0.570      SignalP-noTM
fig|2005473.105.peg.574    0.256  19  0.439  19  0.818   4  0.756   0.563 Y  0.450      SignalP-TM
fig|2005473.105.peg.574    0.408  19  0.593  19  0.914  15  0.864   0.720 Y  0.570      SignalP-noTM
fig|2005473.105.peg.577    0.182  27  0.338  27  0.918  19  0.698   0.478 Y  0.450      SignalP-TM
fig|2005473.105.peg.577    0.232  20  0.434  20  0.893  18  0.811   0.612 Y  0.570      SignalP-noTM
fig|2005473.105.peg.582    0.349  33  0.551  23  0.974  18  0.950   0.707 Y  0.450      SignalP-TM
fig|2005473.105.peg.582    0.743  23  0.834  23  0.988  19  0.942   0.885 Y  0.570      SignalP-noTM
fig|2005473.105.peg.6      0.212  22  0.362  22  0.758   6  0.631   0.467 Y  0.450      SignalP-TM
fig|2005473.105.peg.601    0.306  21  0.492  21  0.894  12  0.803   0.638 Y  0.570      SignalP-noTM
fig|2005473.105.peg.606    0.157  37  0.271  16  0.801   7  0.730   0.450 Y  0.450      SignalP-TM
fig|2005473.105.peg.607    0.251  33  0.333  25  0.765  16  0.662   0.461 Y  0.450      SignalP-TM
fig|2005473.105.peg.607    0.286  23  0.487  23  0.909  15  0.840   0.653 Y  0.570      SignalP-noTM
fig|2005473.105.peg.629    0.191  24  0.339  24  0.768   8  0.653   0.462 Y  0.450      SignalP-TM
fig|2005473.105.peg.63     0.200  27  0.400  21  0.887  16  0.817   0.562 Y  0.450      SignalP-TM
fig|2005473.105.peg.63     0.764  21  0.840  21  0.952   8  0.931   0.883 Y  0.570      SignalP-noTM
fig|2005473.105.peg.631    0.197  30  0.289  18  0.791  16  0.754   0.470 Y  0.450      SignalP-TM
fig|2005473.105.peg.631    0.230  18  0.441  18  0.898   1  0.859   0.637 Y  0.570      SignalP-noTM
fig|2005473.105.peg.632    0.213  42  0.351  20  0.800  17  0.696   0.486 Y  0.450      SignalP-TM
fig|2005473.105.peg.632    0.379  20  0.565  20  0.937  17  0.838   0.693 Y  0.570      SignalP-noTM
fig|2005473.105.peg.638    0.264  28  0.456  28  0.915  18  0.809   0.593 Y  0.450      SignalP-TM
fig|2005473.105.peg.65     0.460  25  0.588  25  0.891   7  0.791   0.683 Y  0.570      SignalP-noTM
fig|2005473.105.peg.662    0.491  29  0.610  29  0.856  19  0.641   0.622 Y  0.450      SignalP-TM
fig|2005473.105.peg.664    0.243  20  0.395  20  0.892  17  0.624   0.484 Y  0.450      SignalP-TM
fig|2005473.105.peg.664    0.800  20  0.724  20  0.850  16  0.598   0.665 Y  0.570      SignalP-noTM
fig|2005473.105.peg.667    0.261  24  0.437  24  0.810  18  0.689   0.535 Y  0.450      SignalP-TM
fig|2005473.105.peg.667    0.293  24  0.491  23  0.927  18  0.811   0.641 Y  0.570      SignalP-noTM
fig|2005473.105.peg.674    0.171  27  0.333  21  0.804  12  0.728   0.487 Y  0.450      SignalP-TM
fig|2005473.105.peg.674    0.183  21  0.387  21  0.888  11  0.806   0.584 Y  0.570      SignalP-noTM
fig|2005473.105.peg.685    0.177  25  0.374  25  0.932  15  0.767   0.527 Y  0.450      SignalP-TM
fig|2005473.105.peg.686    0.275  27  0.470  27  0.879  18  0.770   0.587 Y  0.450      SignalP-TM
fig|2005473.105.peg.686    0.575  23  0.726  23  0.963  14  0.908   0.812 Y  0.570      SignalP-noTM
fig|2005473.105.peg.699    0.708  24  0.644  24  0.779  19  0.579   0.619 Y  0.450      SignalP-TM
fig|2005473.105.peg.699    0.757  24  0.737  24  0.895  19  0.727   0.732 Y  0.570      SignalP-noTM
fig|2005473.105.peg.724    0.180  22  0.360  22  0.828   3  0.744   0.510 Y  0.450      SignalP-TM
fig|2005473.105.peg.724    0.752  22  0.808  22  0.971  18  0.884   0.844 Y  0.570      SignalP-noTM
fig|2005473.105.peg.732    0.196  27  0.371  25  0.951  15  0.846   0.557 Y  0.450      SignalP-TM
fig|2005473.105.peg.732    0.583  20  0.716  20  0.916  12  0.885   0.795 Y  0.570      SignalP-noTM
fig|2005473.105.peg.736    0.319  22  0.486  22  0.882  20  0.698   0.569 Y  0.450      SignalP-TM
fig|2005473.105.peg.736    0.616  22  0.718  22  0.920  16  0.842   0.776 Y  0.570      SignalP-noTM
fig|2005473.105.peg.738    0.264  22  0.430  22  0.821  18  0.655   0.518 Y  0.450      SignalP-TM
fig|2005473.105.peg.738    0.778  22  0.858  22  0.986  18  0.933   0.893 Y  0.570      SignalP-noTM
fig|2005473.105.peg.739    0.427  20  0.521  20  0.854   1  0.672   0.580 Y  0.450      SignalP-TM
fig|2005473.105.peg.739    0.636  20  0.687  18  0.853  17  0.769   0.726 Y  0.570      SignalP-noTM
fig|2005473.105.peg.753    0.442  22  0.446  22  0.576  18  0.460   0.451 Y  0.450      SignalP-TM
fig|2005473.105.peg.783    0.145  23  0.328  23  0.868  12  0.751   0.493 Y  0.450      SignalP-TM
fig|2005473.105.peg.783    0.498  23  0.608  23  0.883  17  0.786   0.691 Y  0.570      SignalP-noTM
fig|2005473.105.peg.785    0.148  30  0.318  24  0.807   3  0.730   0.479 Y  0.450      SignalP-TM
fig|2005473.105.peg.798    0.517  22  0.520  22  0.648   9  0.552   0.532 Y  0.450      SignalP-TM
fig|2005473.105.peg.798    0.763  22  0.774  22  0.878  17  0.769   0.771 Y  0.570      SignalP-noTM
fig|2005473.105.peg.799    0.521  30  0.495  30  0.769   1  0.533   0.510 Y  0.450      SignalP-TM
fig|2005473.105.peg.800    0.231  20  0.385  20  0.810  18  0.647   0.487 Y  0.450      SignalP-TM
fig|2005473.105.peg.800    0.568  20  0.671  20  0.855  16  0.794   0.729 Y  0.570      SignalP-noTM
fig|2005473.105.peg.801    0.404  23  0.555  23  0.834   6  0.774   0.640 Y  0.450      SignalP-TM
fig|2005473.105.peg.801    0.452  23  0.615  23  0.942   2  0.867   0.733 Y  0.570      SignalP-noTM
fig|2005473.105.peg.819    0.282  29  0.386  29  0.776  13  0.586   0.464 Y  0.450      SignalP-TM
fig|2005473.105.peg.82     0.353  24  0.556  24  0.919  18  0.836   0.665 Y  0.450      SignalP-TM
fig|2005473.105.peg.82     0.579  24  0.715  24  0.934  13  0.897   0.800 Y  0.570      SignalP-noTM
fig|2005473.105.peg.824    0.268  26  0.414  26  0.888  22  0.566   0.473 Y  0.450      SignalP-TM
fig|2005473.105.peg.831    0.405  20  0.572  20  0.881  18  0.805   0.681 Y  0.570      SignalP-noTM
fig|2005473.105.peg.832    0.560  23  0.697  23  0.924  19  0.882   0.769 Y  0.450      SignalP-TM
fig|2005473.105.peg.832    0.737  23  0.825  23  0.982  12  0.939   0.878 Y  0.570      SignalP-noTM
fig|2005473.105.peg.846    0.524  21  0.645  21  0.879  19  0.747   0.685 Y  0.450      SignalP-TM
fig|2005473.105.peg.846    0.705  21  0.740  21  0.909  19  0.777   0.758 Y  0.570      SignalP-noTM
fig|2005473.105.peg.847    0.629  25  0.682  25  0.883   4  0.776   0.726 Y  0.570      SignalP-noTM
fig|2005473.105.peg.849    0.301  28  0.517  19  0.944  12  0.928   0.710 Y  0.570      SignalP-noTM
fig|2005473.105.peg.849    0.320  28  0.518  19  0.965  15  0.895   0.665 Y  0.450      SignalP-TM
fig|2005473.105.peg.851    0.609  23  0.628  23  0.866   4  0.702   0.657 Y  0.450      SignalP-TM
fig|2005473.105.peg.851    0.851  23  0.828  23  0.912  19  0.812   0.821 Y  0.570      SignalP-noTM
fig|2005473.105.peg.880    0.411  23  0.462  23  0.711  19  0.527   0.488 Y  0.450      SignalP-TM
fig|2005473.105.peg.880    0.528  23  0.632  23  0.856  20  0.754   0.690 Y  0.570      SignalP-noTM
fig|2005473.105.peg.89     0.134  26  0.318  17  0.923   1  0.858   0.529 Y  0.450      SignalP-TM
fig|2005473.105.peg.89     0.193  22  0.382  22  0.928   2  0.803   0.579 Y  0.570      SignalP-noTM
fig|2005473.105.peg.90     0.240  19  0.421  19  0.819   4  0.751   0.550 Y  0.450      SignalP-TM
fig|2005473.105.peg.90     0.367  19  0.551  19  0.884  11  0.839   0.686 Y  0.570      SignalP-noTM
fig|2005473.105.peg.900    0.217  27  0.380  27  0.812  16  0.649   0.485 Y  0.450      SignalP-TM
fig|2005473.105.peg.903    0.277  26  0.494  26  0.929  22  0.839   0.628 Y  0.450      SignalP-TM
fig|2005473.105.peg.903    0.754  26  0.856  26  0.980  19  0.955   0.902 Y  0.570      SignalP-noTM
fig|2005473.105.peg.904    0.628  21  0.600  21  0.782   1  0.593   0.597 Y  0.570      SignalP-noTM
fig|2005473.105.peg.905    0.165  28  0.345  26  0.940   5  0.819   0.530 Y  0.450      SignalP-TM
fig|2005473.105.peg.911    0.187  20  0.347  20  0.862   2  0.704   0.486 Y  0.450      SignalP-TM
fig|2005473.105.peg.915    0.349  32  0.498  32  0.786  23  0.476   0.490 Y  0.450      SignalP-TM
fig|2005473.105.peg.915    0.501  32  0.651  32  0.970  28  0.747   0.696 Y  0.570      SignalP-noTM
fig|2005473.105.peg.929    0.265  25  0.451  25  0.917  12  0.802   0.581 Y  0.510      SignalP-TM
fig|2005473.105.peg.929    0.284  32  0.382  32  0.896  13  0.693   0.503 Y  0.450      SignalP-TM
fig|2005473.105.peg.931    0.216  24  0.380  24  0.891   9  0.735   0.519 Y  0.450      SignalP-TM
fig|2005473.105.peg.931    0.423  27  0.608  27  0.951  21  0.901   0.746 Y  0.570      SignalP-noTM
fig|2005473.105.peg.932    0.336  23  0.518  23  0.865   7  0.802   0.628 Y  0.450      SignalP-TM
fig|2005473.105.peg.932    0.700  25  0.790  25  0.982  19  0.917   0.850 Y  0.570      SignalP-noTM
fig|2005473.105.peg.935    0.203  23  0.342  23  0.850   6  0.662   0.467 Y  0.450      SignalP-TM
fig|2005473.105.peg.935    0.740  23  0.833  23  0.977  17  0.946   0.886 Y  0.570      SignalP-noTM
fig|2005473.105.peg.941    0.204  29  0.340  19  0.778  17  0.667   0.468 Y  0.450      SignalP-TM
fig|2005473.105.peg.941    0.477  22  0.632  22  0.922  10  0.859   0.738 Y  0.570      SignalP-noTM
fig|2005473.105.peg.942    0.275  25  0.491  25  0.938  12  0.803   0.638 Y  0.570      SignalP-noTM
fig|2005473.105.peg.942    0.553  25  0.625  25  0.793  20  0.554   0.597 Y  0.450      SignalP-TM
fig|2005473.105.peg.944    0.247  19  0.446  19  0.830   9  0.789   0.580 Y  0.450      SignalP-TM
fig|2005473.105.peg.944    0.556  19  0.726  19  0.965  12  0.937   0.825 Y  0.570      SignalP-noTM
fig|2005473.105.peg.95     0.262  22  0.396  22  0.752   8  0.635   0.489 Y  0.450      SignalP-TM
fig|2005473.105.peg.95     0.861  22  0.867  22  0.904  18  0.872   0.869 Y  0.570      SignalP-noTM
fig|2005473.105.peg.96     0.282  20  0.467  20  0.860  13  0.782   0.615 Y  0.570      SignalP-noTM
fig|2005473.105.peg.961    0.318  26  0.533  26  0.926  14  0.879   0.668 Y  0.450      SignalP-TM
fig|2005473.105.peg.961    0.555  26  0.689  26  0.979  10  0.900   0.788 Y  0.570      SignalP-noTM
fig|2005473.105.peg.966    0.608  21  0.699  21  0.898  17  0.819   0.746 Y  0.450      SignalP-TM
fig|2005473.105.peg.966    0.657  21  0.757  21  0.937   1  0.872   0.811 Y  0.570      SignalP-noTM
fig|2005473.105.peg.968    0.340  28  0.414  28  0.871  17  0.645   0.504 Y  0.450      SignalP-TM
fig|2005473.105.peg.968    0.358  21  0.552  21  0.934   1  0.866   0.700 Y  0.570      SignalP-noTM
fig|2005473.105.peg.973    0.274  35  0.373  35  0.736  13  0.587   0.457 Y  0.450      SignalP-TM
fig|2005473.105.peg.982    0.195  29  0.342  29  0.895   6  0.731   0.494 Y  0.450      SignalP-TM
fig|2005473.105.peg.982    0.261  24  0.487  24  0.960   3  0.926   0.694 Y  0.570      SignalP-noTM
fig|2005473.105.peg.983    0.328  18  0.423  18  0.609  13  0.544   0.470 Y  0.450      SignalP-TM
fig|2005473.105.peg.985    0.232  28  0.469  28  0.990  13  0.950   0.656 Y  0.450      SignalP-TM
fig|2005473.105.peg.985    0.864  28  0.917  28  0.994  15  0.971   0.943 Y  0.570      SignalP-noTM
fig|2005473.105.peg.99     0.199  21  0.364  21  0.879   6  0.718   0.502 Y  0.450      SignalP-TM
fig|2005473.105.peg.99     0.629  21  0.757  21  0.951   7  0.918   0.832 Y  0.570      SignalP-noTM
fig|2005473.105.peg.993    0.230  22  0.406  22  0.926   3  0.784   0.584 Y  0.570      SignalP-noTM
fig|2005473.105.peg.999    0.191  21  0.381  21  0.877  17  0.772   0.534 Y  0.450      SignalP-TM
fig|2005473.105.peg.999    0.286  21  0.498  21  0.920  17  0.859   0.668 Y  0.570      SignalP-noTM
