fig|2005473.93.peg.10      0.193  32  0.330  22  0.860  13  0.747   0.493 Y  0.450      SignalP-TM
fig|2005473.93.peg.101     0.153  25  0.361  25  0.910  10  0.838   0.547 Y  0.450      SignalP-TM
fig|2005473.93.peg.1014    0.180  24  0.379  24  0.913  18  0.770   0.531 Y  0.450      SignalP-TM
fig|2005473.93.peg.102     0.501  22  0.658  22  0.917  19  0.870   0.741 Y  0.450      SignalP-TM
fig|2005473.93.peg.102     0.664  22  0.764  22  0.927  17  0.892   0.824 Y  0.570      SignalP-noTM
fig|2005473.93.peg.1026    0.191  27  0.360  23  0.805  10  0.702   0.493 Y  0.450      SignalP-TM
fig|2005473.93.peg.1029    0.147  66  0.303  21  0.883   3  0.804   0.499 Y  0.450      SignalP-TM
fig|2005473.93.peg.1029    0.212  18  0.440  18  0.963   1  0.922   0.667 Y  0.570      SignalP-noTM
fig|2005473.93.peg.1030    0.207  26  0.335  26  0.816   6  0.648   0.457 Y  0.450      SignalP-TM
fig|2005473.93.peg.1033    0.312  19  0.428  19  0.831   2  0.632   0.507 Y  0.450      SignalP-TM
fig|2005473.93.peg.1033    0.541  19  0.633  19  0.832   1  0.747   0.687 Y  0.570      SignalP-noTM
fig|2005473.93.peg.1038    0.153  27  0.312  27  0.866   8  0.725   0.473 Y  0.450      SignalP-TM
fig|2005473.93.peg.1038    0.194  22  0.390  22  0.914   1  0.820   0.592 Y  0.570      SignalP-noTM
fig|2005473.93.peg.1049    0.278  23  0.424  23  0.795   9  0.673   0.521 Y  0.450      SignalP-TM
fig|2005473.93.peg.1049    0.322  26  0.449  23  0.860  21  0.760   0.595 Y  0.570      SignalP-noTM
fig|2005473.93.peg.1074    0.206  41  0.320  41  0.849  11  0.677   0.459 Y  0.450      SignalP-TM
fig|2005473.93.peg.1090    0.211  20  0.382  20  0.896   3  0.746   0.524 Y  0.450      SignalP-TM
fig|2005473.93.peg.1090    0.372  20  0.551  20  0.926   1  0.833   0.683 Y  0.570      SignalP-noTM
fig|2005473.93.peg.1091    0.221  25  0.402  25  0.918   2  0.803   0.559 Y  0.450      SignalP-TM
fig|2005473.93.peg.1091    0.596  20  0.726  20  0.938   2  0.895   0.805 Y  0.570      SignalP-noTM
fig|2005473.93.peg.1093    0.397  24  0.569  24  0.893   4  0.829   0.671 Y  0.450      SignalP-TM
fig|2005473.93.peg.1093    0.756  24  0.814  24  0.951   8  0.896   0.852 Y  0.570      SignalP-noTM
fig|2005473.93.peg.1096    0.176  22  0.384  22  0.883   1  0.836   0.560 Y  0.450      SignalP-TM
fig|2005473.93.peg.1096    0.295  22  0.487  22  0.937   1  0.846   0.656 Y  0.570      SignalP-noTM
fig|2005473.93.peg.1097    0.237  22  0.398  22  0.801  15  0.646   0.495 Y  0.450      SignalP-TM
fig|2005473.93.peg.1098    0.261  27  0.392  27  0.807  16  0.670   0.500 Y  0.450      SignalP-TM
fig|2005473.93.peg.1099    0.613  31  0.723  31  0.937  27  0.799   0.753 Y  0.450      SignalP-TM
fig|2005473.93.peg.1099    0.651  31  0.713  31  0.985  17  0.859   0.782 Y  0.570      SignalP-noTM
fig|2005473.93.peg.1100    0.220  37  0.344  27  0.808   2  0.639   0.459 Y  0.450      SignalP-TM
fig|2005473.93.peg.1102    0.280  24  0.466  24  0.894  17  0.700   0.557 Y  0.450      SignalP-TM
fig|2005473.93.peg.1102    0.365  24  0.531  24  0.939  14  0.815   0.665 Y  0.570      SignalP-noTM
fig|2005473.93.peg.1108    0.146  25  0.334  20  0.905   9  0.870   0.586 Y  0.570      SignalP-noTM
fig|2005473.93.peg.1108    0.250  26  0.430  26  0.923  15  0.754   0.556 Y  0.450      SignalP-TM
fig|2005473.93.peg.1109    0.326  24  0.503  24  0.834  15  0.760   0.603 Y  0.450      SignalP-TM
fig|2005473.93.peg.1109    0.433  22  0.598  22  0.923  12  0.808   0.697 Y  0.570      SignalP-noTM
fig|2005473.93.peg.1139    0.592  24  0.627  24  0.916   1  0.733   0.677 Y  0.570      SignalP-noTM
fig|2005473.93.peg.1139    0.688  24  0.605  24  0.781   1  0.621   0.611 Y  0.450      SignalP-TM
fig|2005473.93.peg.114     0.116  31  0.281  13  0.823   3  0.776   0.474 Y  0.450      SignalP-TM
fig|2005473.93.peg.114     0.122  20  0.327  20  0.931   7  0.879   0.586 Y  0.570      SignalP-noTM
fig|2005473.93.peg.115     0.277  33  0.377  21  0.881   7  0.815   0.548 Y  0.450      SignalP-TM
fig|2005473.93.peg.115     0.562  21  0.732  21  0.984  10  0.957   0.838 Y  0.570      SignalP-noTM
fig|2005473.93.peg.1154    0.346  30  0.491  27  0.866  18  0.681   0.565 Y  0.450      SignalP-TM
fig|2005473.93.peg.1154    0.372  30  0.548  21  0.897  18  0.811   0.671 Y  0.570      SignalP-noTM
fig|2005473.93.peg.1157    0.499  27  0.525  27  0.786  23  0.465   0.501 Y  0.450      SignalP-TM
fig|2005473.93.peg.1157    0.526  25  0.605  25  0.818   4  0.713   0.656 Y  0.570      SignalP-noTM
fig|2005473.93.peg.1161    0.389  41  0.519  41  0.814  32  0.553   0.532 Y  0.450      SignalP-TM
fig|2005473.93.peg.1170    0.336  33  0.486  33  0.874  11  0.749   0.588 Y  0.450      SignalP-TM
fig|2005473.93.peg.1170    0.570  33  0.693  33  0.986  18  0.886   0.784 Y  0.570      SignalP-noTM
fig|2005473.93.peg.1173    0.231  33  0.424  28  0.936  12  0.808   0.574 Y  0.450      SignalP-TM
fig|2005473.93.peg.1173    0.337  28  0.562  28  0.957  23  0.912   0.727 Y  0.570      SignalP-noTM
fig|2005473.93.peg.1192    0.279  23  0.428  23  0.906   6  0.753   0.555 Y  0.450      SignalP-TM
fig|2005473.93.peg.1192    0.444  23  0.585  23  0.911   6  0.826   0.698 Y  0.570      SignalP-noTM
fig|2005473.93.peg.1196    0.395  26  0.535  26  0.857  19  0.754   0.638 Y  0.570      SignalP-noTM
fig|2005473.93.peg.1197    0.421  27  0.462  27  0.693   9  0.542   0.493 Y  0.450      SignalP-TM
fig|2005473.93.peg.1199    0.201  28  0.377  28  0.939  17  0.748   0.522 Y  0.450      SignalP-TM
fig|2005473.93.peg.1206    0.132  27  0.300  22  0.859   6  0.763   0.481 Y  0.450      SignalP-TM
fig|2005473.93.peg.1206    0.460  21  0.652  21  0.951  16  0.917   0.777 Y  0.570      SignalP-noTM
fig|2005473.93.peg.1208    0.359  30  0.526  30  0.887  11  0.783   0.626 Y  0.450      SignalP-TM
fig|2005473.93.peg.1208    0.522  30  0.641  30  0.931  26  0.793   0.712 Y  0.570      SignalP-noTM
fig|2005473.93.peg.1210    0.340  21  0.572  21  0.984  14  0.942   0.716 Y  0.450      SignalP-TM
fig|2005473.93.peg.1210    0.549  21  0.737  21  0.994  12  0.979   0.851 Y  0.570      SignalP-noTM
fig|2005473.93.peg.1211    0.239  31  0.389  31  0.877  17  0.658   0.494 Y  0.450      SignalP-TM
fig|2005473.93.peg.1211    0.365  28  0.582  28  0.959  13  0.892   0.727 Y  0.570      SignalP-noTM
fig|2005473.93.peg.1214    0.138  21  0.325  21  0.833  16  0.761   0.495 Y  0.450      SignalP-TM
fig|2005473.93.peg.1214    0.253  27  0.435  27  0.940  10  0.835   0.623 Y  0.570      SignalP-noTM
fig|2005473.93.peg.1217    0.162  23  0.369  23  0.898  17  0.777   0.528 Y  0.450      SignalP-TM
fig|2005473.93.peg.1217    0.429  23  0.547  23  0.893   1  0.698   0.618 Y  0.570      SignalP-noTM
fig|2005473.93.peg.1222    0.610  23  0.621  23  0.743  18  0.611   0.617 Y  0.450      SignalP-TM
fig|2005473.93.peg.1227    0.363  41  0.423  41  0.733  14  0.596   0.490 Y  0.450      SignalP-TM
fig|2005473.93.peg.1228    0.288  27  0.421  27  0.824   8  0.690   0.526 Y  0.450      SignalP-TM
fig|2005473.93.peg.1228    0.407  27  0.459  27  0.914   3  0.709   0.577 Y  0.570      SignalP-noTM
fig|2005473.93.peg.1229    0.202  26  0.380  26  0.844  18  0.750   0.525 Y  0.450      SignalP-TM
fig|2005473.93.peg.1229    0.563  26  0.702  26  0.978  20  0.896   0.793 Y  0.570      SignalP-noTM
fig|2005473.93.peg.1231    0.498  20  0.644  20  0.908  10  0.850   0.741 Y  0.570      SignalP-noTM
fig|2005473.93.peg.1232    0.205  31  0.393  25  0.907  15  0.794   0.549 Y  0.450      SignalP-TM
fig|2005473.93.peg.1232    0.375  23  0.585  23  0.952  21  0.899   0.733 Y  0.570      SignalP-noTM
fig|2005473.93.peg.1237    0.283  24  0.451  24  0.911   6  0.790   0.584 Y  0.450      SignalP-TM
fig|2005473.93.peg.1237    0.439  24  0.610  24  0.937   4  0.879   0.736 Y  0.570      SignalP-noTM
fig|2005473.93.peg.1238    0.296  23  0.475  23  0.935   6  0.834   0.643 Y  0.570      SignalP-noTM
fig|2005473.93.peg.1238    0.329  23  0.530  23  0.918  16  0.866   0.661 Y  0.450      SignalP-TM
fig|2005473.93.peg.1239    0.520  22  0.652  22  0.868   8  0.818   0.717 Y  0.450      SignalP-TM
fig|2005473.93.peg.1239    0.761  22  0.854  22  0.975  18  0.952   0.900 Y  0.570      SignalP-noTM
fig|2005473.93.peg.124     0.469  29  0.451  29  0.844  12  0.625   0.519 Y  0.450      SignalP-TM
fig|2005473.93.peg.1240    0.271  24  0.450  24  0.917   7  0.809   0.590 Y  0.450      SignalP-TM
fig|2005473.93.peg.1240    0.391  21  0.601  21  0.957  19  0.925   0.753 Y  0.570      SignalP-noTM
fig|2005473.93.peg.1241    0.232  23  0.428  23  0.885  21  0.778   0.564 Y  0.450      SignalP-TM
fig|2005473.93.peg.1241    0.759  23  0.820  23  0.952  21  0.879   0.848 Y  0.570      SignalP-noTM
fig|2005473.93.peg.1248    0.441  23  0.601  23  0.898  15  0.832   0.691 Y  0.450      SignalP-TM
fig|2005473.93.peg.1248    0.476  23  0.670  23  0.976  12  0.938   0.796 Y  0.570      SignalP-noTM
fig|2005473.93.peg.1249    0.319  22  0.450  22  0.806   7  0.672   0.536 Y  0.450      SignalP-TM
fig|2005473.93.peg.1249    0.724  22  0.807  22  0.969  18  0.901   0.852 Y  0.570      SignalP-noTM
fig|2005473.93.peg.1250    0.293  32  0.482  30  0.959  20  0.863   0.661 Y  0.570      SignalP-noTM
fig|2005473.93.peg.1250    0.303  30  0.502  30  0.899  18  0.791   0.614 Y  0.450      SignalP-TM
fig|2005473.93.peg.1251    0.155  39  0.309  19  0.898  15  0.830   0.512 Y  0.450      SignalP-TM
fig|2005473.93.peg.1251    0.361  19  0.587  19  0.972  11  0.941   0.753 Y  0.570      SignalP-noTM
fig|2005473.93.peg.1258    0.351  20  0.508  20  0.852   3  0.758   0.606 Y  0.450      SignalP-TM
fig|2005473.93.peg.1258    0.540  20  0.628  20  0.886  19  0.763   0.691 Y  0.570      SignalP-noTM
fig|2005473.93.peg.1260    0.257  21  0.437  21  0.867   7  0.756   0.561 Y  0.450      SignalP-TM
fig|2005473.93.peg.1260    0.314  22  0.526  22  0.939  18  0.889   0.697 Y  0.570      SignalP-noTM
fig|2005473.93.peg.1271    0.474  49  0.504  49  0.695  40  0.396   0.462 Y  0.450      SignalP-TM
fig|2005473.93.peg.1276    0.269  20  0.488  20  0.925  18  0.871   0.668 Y  0.570      SignalP-noTM
fig|2005473.93.peg.1276    0.296  20  0.466  20  0.783   8  0.722   0.566 Y  0.450      SignalP-TM
fig|2005473.93.peg.1292    0.141  21  0.347  21  0.954   9  0.878   0.554 Y  0.450      SignalP-TM
fig|2005473.93.peg.1292    0.332  19  0.565  19  0.977  18  0.958   0.750 Y  0.570      SignalP-noTM
fig|2005473.93.peg.1294    0.307  46  0.298  21  0.879   3  0.746   0.473 Y  0.450      SignalP-TM
fig|2005473.93.peg.1297    0.289  23  0.432  23  0.834  19  0.568   0.485 Y  0.450      SignalP-TM
fig|2005473.93.peg.1297    0.859  23  0.834  23  0.958  20  0.778   0.808 Y  0.570      SignalP-noTM
fig|2005473.93.peg.1299    0.296  24  0.494  24  0.925  21  0.772   0.602 Y  0.450      SignalP-TM
fig|2005473.93.peg.1299    0.407  24  0.609  24  0.939  18  0.895   0.743 Y  0.570      SignalP-noTM
fig|2005473.93.peg.1300    0.625  23  0.504  23  0.597   1  0.433   0.476 Y  0.450      SignalP-TM
fig|2005473.93.peg.1301    0.276  21  0.448  21  0.895   1  0.722   0.576 Y  0.570      SignalP-noTM
fig|2005473.93.peg.1305    0.323  20  0.543  20  0.951  17  0.900   0.682 Y  0.450      SignalP-TM
fig|2005473.93.peg.1305    0.520  20  0.702  20  0.969  10  0.936   0.812 Y  0.570      SignalP-noTM
fig|2005473.93.peg.1306    0.392  20  0.578  20  0.944   6  0.876   0.694 Y  0.450      SignalP-TM
fig|2005473.93.peg.1306    0.404  20  0.549  20  0.881   1  0.784   0.636 Y  0.510      SignalP-TM
fig|2005473.93.peg.1308    0.253  20  0.476  20  0.952  18  0.902   0.642 Y  0.450      SignalP-TM
fig|2005473.93.peg.1308    0.811  20  0.878  20  0.961  12  0.945   0.910 Y  0.570      SignalP-noTM
fig|2005473.93.peg.1320    0.199  24  0.384  24  0.841  19  0.735   0.521 Y  0.450      SignalP-TM
fig|2005473.93.peg.1320    0.531  24  0.665  24  0.965  20  0.847   0.751 Y  0.570      SignalP-noTM
fig|2005473.93.peg.1321    0.586  28  0.657  28  0.917  26  0.643   0.650 Y  0.570      SignalP-noTM
fig|2005473.93.peg.1322    0.194  20  0.411  20  0.923  17  0.874   0.629 Y  0.570      SignalP-noTM
fig|2005473.93.peg.1325    0.509  26  0.575  26  0.903  20  0.668   0.618 Y  0.570      SignalP-noTM
fig|2005473.93.peg.1325    0.618  26  0.694  26  0.880  20  0.724   0.706 Y  0.450      SignalP-TM
fig|2005473.93.peg.1328    0.183  45  0.355  44  0.788  14  0.675   0.480 Y  0.450      SignalP-TM
fig|2005473.93.peg.1329    0.181  36  0.381  36  0.918  15  0.799   0.544 Y  0.450      SignalP-TM
fig|2005473.93.peg.1329    0.344  33  0.557  33  0.978  17  0.880   0.709 Y  0.570      SignalP-noTM
fig|2005473.93.peg.1338    0.150  20  0.320  20  0.792  16  0.695   0.466 Y  0.450      SignalP-TM
fig|2005473.93.peg.1338    0.303  22  0.453  22  0.896  16  0.726   0.581 Y  0.570      SignalP-noTM
fig|2005473.93.peg.1345    0.281  20  0.492  20  0.906  17  0.870   0.640 Y  0.450      SignalP-TM
fig|2005473.93.peg.1345    0.848  20  0.877  20  0.959  16  0.906   0.891 Y  0.570      SignalP-noTM
fig|2005473.93.peg.1346    0.351  26  0.498  26  0.954  12  0.824   0.651 Y  0.570      SignalP-noTM
fig|2005473.93.peg.1349    0.356  20  0.523  20  0.828  18  0.729   0.604 Y  0.450      SignalP-TM
fig|2005473.93.peg.1349    0.730  20  0.789  20  0.957  19  0.845   0.815 Y  0.570      SignalP-noTM
fig|2005473.93.peg.1354    0.297  31  0.486  29  0.962  19  0.879   0.671 Y  0.570      SignalP-noTM
fig|2005473.93.peg.1354    0.308  29  0.508  29  0.909  17  0.812   0.626 Y  0.450      SignalP-TM
fig|2005473.93.peg.1355    0.236  32  0.356  19  0.940  15  0.898   0.567 Y  0.450      SignalP-TM
fig|2005473.93.peg.1355    0.415  19  0.631  19  0.974  17  0.941   0.776 Y  0.570      SignalP-noTM
fig|2005473.93.peg.1358    0.286  29  0.469  29  0.953   8  0.845   0.646 Y  0.570      SignalP-noTM
fig|2005473.93.peg.137     0.142  18  0.360  18  0.940  13  0.905   0.573 Y  0.450      SignalP-TM
fig|2005473.93.peg.137     0.164  18  0.391  18  0.980   9  0.930   0.644 Y  0.570      SignalP-noTM
fig|2005473.93.peg.1372    0.296  23  0.459  23  0.779  21  0.688   0.548 Y  0.450      SignalP-TM
fig|2005473.93.peg.1372    0.849  23  0.835  23  0.899  14  0.827   0.831 Y  0.570      SignalP-noTM
fig|2005473.93.peg.1373    0.296  21  0.466  21  0.925   1  0.769   0.608 Y  0.570      SignalP-noTM
fig|2005473.93.peg.1375    0.567  26  0.736  26  0.992  14  0.965   0.843 Y  0.570      SignalP-noTM
fig|2005473.93.peg.1375    0.582  26  0.738  26  0.961  21  0.908   0.804 Y  0.450      SignalP-TM
fig|2005473.93.peg.1376    0.250  29  0.431  29  0.873  23  0.754   0.557 Y  0.450      SignalP-TM
fig|2005473.93.peg.1376    0.351  25  0.555  25  0.920   2  0.884   0.710 Y  0.570      SignalP-noTM
fig|2005473.93.peg.1394    0.562  26  0.645  26  0.896  19  0.746   0.693 Y  0.570      SignalP-noTM
fig|2005473.93.peg.1394    0.676  26  0.702  26  0.828  21  0.665   0.688 Y  0.450      SignalP-TM
fig|2005473.93.peg.1395    0.490  20  0.556  20  0.814   6  0.656   0.595 Y  0.450      SignalP-TM
fig|2005473.93.peg.1395    0.821  20  0.843  20  0.943  17  0.875   0.858 Y  0.570      SignalP-noTM
fig|2005473.93.peg.1396    0.211  21  0.397  21  0.797  17  0.735   0.529 Y  0.450      SignalP-TM
fig|2005473.93.peg.1396    0.508  21  0.689  21  0.965  17  0.929   0.802 Y  0.570      SignalP-noTM
fig|2005473.93.peg.1398    0.656  21  0.688  21  0.865  17  0.731   0.708 Y  0.570      SignalP-noTM
fig|2005473.93.peg.1401    0.395  22  0.560  22  0.894  18  0.798   0.653 Y  0.450      SignalP-TM
fig|2005473.93.peg.1401    0.688  22  0.784  22  0.969  17  0.902   0.839 Y  0.570      SignalP-noTM
fig|2005473.93.peg.1408    0.475  24  0.610  24  0.890   8  0.806   0.686 Y  0.450      SignalP-TM
fig|2005473.93.peg.1408    0.691  24  0.806  24  0.971  14  0.944   0.871 Y  0.570      SignalP-noTM
fig|2005473.93.peg.141     0.434  24  0.609  24  0.889  15  0.774   0.673 Y  0.450      SignalP-TM
fig|2005473.93.peg.141     0.564  24  0.717  24  0.972  14  0.912   0.809 Y  0.570      SignalP-noTM
fig|2005473.93.peg.1415    0.414  27  0.490  27  0.877  13  0.577   0.522 Y  0.510      SignalP-TM
fig|2005473.93.peg.1415    0.454  27  0.605  27  0.928  18  0.753   0.663 Y  0.450      SignalP-TM
fig|2005473.93.peg.1439    0.209  41  0.340  34  0.836  26  0.691   0.477 Y  0.450      SignalP-TM
fig|2005473.93.peg.1446    0.296  21  0.513  21  0.951  16  0.883   0.687 Y  0.570      SignalP-noTM
fig|2005473.93.peg.1448    0.407  22  0.528  22  0.843  17  0.689   0.604 Y  0.570      SignalP-noTM
fig|2005473.93.peg.145     0.186  23  0.387  23  0.907  16  0.814   0.553 Y  0.450      SignalP-TM
fig|2005473.93.peg.145     0.321  20  0.535  20  0.954  10  0.892   0.703 Y  0.570      SignalP-noTM
fig|2005473.93.peg.1451    0.363  29  0.468  29  0.766  11  0.584   0.513 Y  0.450      SignalP-TM
fig|2005473.93.peg.1452    0.798  33  0.624  33  0.714  29  0.419   0.548 Y  0.510      SignalP-TM
fig|2005473.93.peg.1465    0.194  34  0.373  18  0.876  13  0.795   0.571 Y  0.570      SignalP-noTM
fig|2005473.93.peg.1465    0.428  34  0.521  34  0.844  20  0.617   0.559 Y  0.450      SignalP-TM
fig|2005473.93.peg.1472    0.770  24  0.805  24  0.938  20  0.857   0.830 Y  0.570      SignalP-noTM
fig|2005473.93.peg.1475    0.372  22  0.510  22  0.901   3  0.764   0.609 Y  0.450      SignalP-TM
fig|2005473.93.peg.1475    0.753  22  0.800  22  0.927   2  0.858   0.827 Y  0.570      SignalP-noTM
fig|2005473.93.peg.148     0.191  26  0.353  23  0.851  19  0.675   0.479 Y  0.450      SignalP-TM
fig|2005473.93.peg.148     0.306  26  0.482  26  0.949  15  0.823   0.642 Y  0.570      SignalP-noTM
fig|2005473.93.peg.1492    0.389  28  0.583  28  0.938  21  0.807   0.671 Y  0.450      SignalP-TM
fig|2005473.93.peg.1500    0.283  23  0.491  23  0.949   8  0.868   0.638 Y  0.450      SignalP-TM
fig|2005473.93.peg.1505    0.258  27  0.415  27  0.934  17  0.727   0.536 Y  0.450      SignalP-TM
fig|2005473.93.peg.1505    0.344  20  0.544  20  0.935  16  0.861   0.693 Y  0.570      SignalP-noTM
fig|2005473.93.peg.1513    0.479  21  0.553  21  0.835  16  0.652   0.599 Y  0.570      SignalP-noTM
fig|2005473.93.peg.1515    0.140  24  0.350  24  0.929  10  0.891   0.604 Y  0.570      SignalP-noTM
fig|2005473.93.peg.1515    0.351  27  0.540  27  0.895  15  0.820   0.649 Y  0.450      SignalP-TM
fig|2005473.93.peg.1518    0.389  24  0.505  24  0.793  13  0.661   0.566 Y  0.450      SignalP-TM
fig|2005473.93.peg.1518    0.695  24  0.790  24  0.952  16  0.881   0.833 Y  0.570      SignalP-noTM
fig|2005473.93.peg.1522    0.367  23  0.480  23  0.789   7  0.658   0.549 Y  0.450      SignalP-TM
fig|2005473.93.peg.1522    0.504  24  0.628  24  0.922  21  0.810   0.713 Y  0.570      SignalP-noTM
fig|2005473.93.peg.1536    0.660  21  0.630  21  0.856   3  0.658   0.643 Y  0.570      SignalP-noTM
fig|2005473.93.peg.1538    0.592  28  0.673  28  0.950  12  0.832   0.735 Y  0.450      SignalP-TM
fig|2005473.93.peg.1538    0.641  28  0.651  28  0.960  11  0.791   0.717 Y  0.570      SignalP-noTM
fig|2005473.93.peg.1543    0.183  59  0.383  24  0.951  17  0.818   0.552 Y  0.450      SignalP-TM
fig|2005473.93.peg.1543    0.448  19  0.616  19  0.937  18  0.851   0.726 Y  0.570      SignalP-noTM
fig|2005473.93.peg.1550    0.155  35  0.348  24  0.929   7  0.849   0.543 Y  0.450      SignalP-TM
fig|2005473.93.peg.1550    0.582  24  0.730  24  0.975  15  0.930   0.824 Y  0.570      SignalP-noTM
fig|2005473.93.peg.1563    0.142  31  0.300  23  0.777  13  0.694   0.454 Y  0.450      SignalP-TM
fig|2005473.93.peg.1563    0.260  23  0.440  23  0.849  17  0.764   0.592 Y  0.570      SignalP-noTM
fig|2005473.93.peg.157     0.412  27  0.511  27  0.722  19  0.634   0.559 Y  0.450      SignalP-TM
fig|2005473.93.peg.1575    0.209  28  0.384  18  0.836  17  0.773   0.535 Y  0.450      SignalP-TM
fig|2005473.93.peg.1575    0.315  18  0.543  18  0.958  17  0.921   0.720 Y  0.570      SignalP-noTM
fig|2005473.93.peg.1576    0.359  28  0.499  28  0.893  21  0.639   0.553 Y  0.450      SignalP-TM
fig|2005473.93.peg.1576    0.362  22  0.563  22  0.958  20  0.818   0.683 Y  0.570      SignalP-noTM
fig|2005473.93.peg.1577    0.202  23  0.413  23  0.906   7  0.845   0.582 Y  0.450      SignalP-TM
fig|2005473.93.peg.1577    0.592  22  0.757  22  0.983  20  0.959   0.852 Y  0.570      SignalP-noTM
fig|2005473.93.peg.1581    0.467  21  0.549  21  0.900   1  0.701   0.620 Y  0.570      SignalP-noTM
fig|2005473.93.peg.1585    0.216  28  0.374  19  0.869   1  0.725   0.511 Y  0.450      SignalP-TM
fig|2005473.93.peg.1585    0.403  19  0.602  19  0.938  12  0.903   0.743 Y  0.570      SignalP-noTM
fig|2005473.93.peg.1591    0.221  18  0.461  18  0.978  17  0.947   0.690 Y  0.570      SignalP-noTM
fig|2005473.93.peg.1591    0.279  37  0.437  37  0.938  17  0.814   0.584 Y  0.450      SignalP-TM
fig|2005473.93.peg.1599    0.197  26  0.383  26  0.931   6  0.825   0.556 Y  0.450      SignalP-TM
fig|2005473.93.peg.1599    0.243  24  0.431  24  0.927   3  0.833   0.620 Y  0.570      SignalP-noTM
fig|2005473.93.peg.1604    0.125  21  0.294  21  0.828   6  0.700   0.452 Y  0.450      SignalP-TM
fig|2005473.93.peg.1605    0.197  20  0.380  20  0.831   4  0.755   0.526 Y  0.450      SignalP-TM
fig|2005473.93.peg.1605    0.457  20  0.589  20  0.875   1  0.791   0.684 Y  0.570      SignalP-noTM
fig|2005473.93.peg.1610    0.308  20  0.419  20  0.730   4  0.608   0.493 Y  0.450      SignalP-TM
fig|2005473.93.peg.1615    0.366  22  0.478  22  0.695  20  0.616   0.532 Y  0.450      SignalP-TM
fig|2005473.93.peg.1615    0.778  22  0.825  22  0.950  15  0.868   0.845 Y  0.570      SignalP-noTM
fig|2005473.93.peg.1621    0.394  23  0.489  23  0.809   5  0.662   0.556 Y  0.450      SignalP-TM
fig|2005473.93.peg.1621    0.685  23  0.777  23  0.949  19  0.881   0.826 Y  0.570      SignalP-noTM
fig|2005473.93.peg.1626    0.199  26  0.405  26  0.868  21  0.811   0.563 Y  0.450      SignalP-TM
fig|2005473.93.peg.1626    0.230  20  0.472  20  0.981  14  0.953   0.698 Y  0.570      SignalP-noTM
fig|2005473.93.peg.163     0.218  21  0.407  21  0.900   1  0.796   0.590 Y  0.570      SignalP-noTM
fig|2005473.93.peg.163     0.353  28  0.486  28  0.898   1  0.767   0.596 Y  0.450      SignalP-TM
fig|2005473.93.peg.164     0.148  29  0.332  23  0.929   4  0.859   0.579 Y  0.570      SignalP-noTM
fig|2005473.93.peg.164     0.231  25  0.412  25  0.897  15  0.769   0.551 Y  0.450      SignalP-TM
fig|2005473.93.peg.1646    0.258  20  0.411  20  0.801  16  0.618   0.492 Y  0.450      SignalP-TM
fig|2005473.93.peg.1646    0.488  20  0.636  20  0.903  10  0.820   0.722 Y  0.570      SignalP-noTM
fig|2005473.93.peg.1648    0.249  20  0.444  20  0.879  17  0.777   0.601 Y  0.570      SignalP-noTM
fig|2005473.93.peg.1648    0.301  22  0.437  22  0.754  17  0.605   0.502 Y  0.450      SignalP-TM
fig|2005473.93.peg.1649    0.160  22  0.367  22  0.935  14  0.852   0.595 Y  0.570      SignalP-noTM
fig|2005473.93.peg.1649    0.189  42  0.358  28  0.911  13  0.780   0.522 Y  0.450      SignalP-TM
fig|2005473.93.peg.165     0.309  22  0.539  22  0.956  17  0.930   0.692 Y  0.450      SignalP-TM
fig|2005473.93.peg.165     0.728  22  0.847  22  0.993  12  0.976   0.907 Y  0.570      SignalP-noTM
fig|2005473.93.peg.1656    0.175  22  0.353  22  0.909   4  0.776   0.518 Y  0.450      SignalP-TM
fig|2005473.93.peg.1656    0.661  22  0.752  22  0.944   8  0.887   0.816 Y  0.570      SignalP-noTM
fig|2005473.93.peg.1660    0.784  24  0.787  24  0.881  21  0.732   0.765 Y  0.450      SignalP-TM
fig|2005473.93.peg.1660    0.805  24  0.783  24  0.909  20  0.740   0.763 Y  0.570      SignalP-noTM
fig|2005473.93.peg.1665    0.380  20  0.524  20  0.866  19  0.745   0.628 Y  0.570      SignalP-noTM
fig|2005473.93.peg.1668    0.202  23  0.411  23  0.954  19  0.865   0.625 Y  0.570      SignalP-noTM
fig|2005473.93.peg.167     0.123  23  0.277  12  0.889   5  0.791   0.478 Y  0.450      SignalP-TM
fig|2005473.93.peg.167     0.171  23  0.354  23  0.948   3  0.818   0.572 Y  0.570      SignalP-noTM
fig|2005473.93.peg.1679    0.151  25  0.339  25  0.919   7  0.821   0.527 Y  0.450      SignalP-TM
fig|2005473.93.peg.1679    0.287  28  0.443  28  0.944   6  0.816   0.618 Y  0.570      SignalP-noTM
fig|2005473.93.peg.1680    0.721  19  0.741  19  0.914   1  0.778   0.759 Y  0.570      SignalP-noTM
fig|2005473.93.peg.169     0.469  27  0.567  27  0.917  12  0.775   0.648 Y  0.450      SignalP-TM
fig|2005473.93.peg.1691    0.181  30  0.406  30  0.972  18  0.860   0.620 Y  0.570      SignalP-noTM
fig|2005473.93.peg.1691    0.271  41  0.402  33  0.981  18  0.855   0.579 Y  0.450      SignalP-TM
fig|2005473.93.peg.170     0.332  22  0.497  22  0.933   3  0.800   0.615 Y  0.450      SignalP-TM
fig|2005473.93.peg.170     0.652  20  0.733  20  0.921  18  0.825   0.776 Y  0.570      SignalP-noTM
fig|2005473.93.peg.1702    0.549  26  0.716  26  0.971  17  0.914   0.794 Y  0.450      SignalP-TM
fig|2005473.93.peg.1702    0.551  26  0.687  26  0.969  17  0.890   0.782 Y  0.570      SignalP-noTM
fig|2005473.93.peg.1711    0.239  26  0.421  26  0.850  11  0.738   0.545 Y  0.450      SignalP-TM
fig|2005473.93.peg.1711    0.632  26  0.777  26  0.971  15  0.947   0.857 Y  0.570      SignalP-noTM
fig|2005473.93.peg.1712    0.176  23  0.336  23  0.748   6  0.665   0.464 Y  0.450      SignalP-TM
fig|2005473.93.peg.1712    0.459  23  0.599  23  0.909  21  0.798   0.692 Y  0.570      SignalP-noTM
fig|2005473.93.peg.1713    0.155  27  0.341  27  0.880  23  0.656   0.464 Y  0.450      SignalP-TM
fig|2005473.93.peg.1713    0.405  24  0.605  24  0.959  23  0.848   0.719 Y  0.570      SignalP-noTM
fig|2005473.93.peg.1725    0.356  21  0.481  21  0.817  18  0.643   0.544 Y  0.450      SignalP-TM
fig|2005473.93.peg.1725    0.798  21  0.765  21  0.833  18  0.729   0.748 Y  0.570      SignalP-noTM
fig|2005473.93.peg.1726    0.267  21  0.485  21  0.933  18  0.883   0.672 Y  0.570      SignalP-noTM
fig|2005473.93.peg.1726    0.356  24  0.474  24  0.856  18  0.669   0.550 Y  0.450      SignalP-TM
fig|2005473.93.peg.1727    0.197  24  0.328  24  0.859   7  0.661   0.458 Y  0.450      SignalP-TM
fig|2005473.93.peg.1727    0.252  19  0.471  19  0.936   6  0.896   0.671 Y  0.570      SignalP-noTM
fig|2005473.93.peg.1729    0.147  25  0.322  25  0.828  18  0.721   0.478 Y  0.450      SignalP-TM
fig|2005473.93.peg.1729    0.172  25  0.379  21  0.946   1  0.904   0.626 Y  0.570      SignalP-noTM
fig|2005473.93.peg.173     0.243  33  0.438  27  0.953  19  0.833   0.592 Y  0.450      SignalP-TM
fig|2005473.93.peg.173     0.724  20  0.807  20  0.929  10  0.880   0.841 Y  0.570      SignalP-noTM
fig|2005473.93.peg.1730    0.273  32  0.484  32  0.936  16  0.820   0.615 Y  0.450      SignalP-TM
fig|2005473.93.peg.1730    0.641  26  0.786  26  0.989  24  0.931   0.854 Y  0.570      SignalP-noTM
fig|2005473.93.peg.1731    0.431  46  0.577  46  0.916  37  0.584   0.581 Y  0.570      SignalP-noTM
fig|2005473.93.peg.1732    0.247  16  0.378  16  0.711  13  0.575   0.455 Y  0.450      SignalP-TM
fig|2005473.93.peg.1745    0.291  26  0.369  26  0.842   6  0.616   0.465 Y  0.450      SignalP-TM
fig|2005473.93.peg.1745    0.402  26  0.465  26  0.936  10  0.718   0.584 Y  0.570      SignalP-noTM
fig|2005473.93.peg.1763    0.184  31  0.336  26  0.807  15  0.670   0.466 Y  0.450      SignalP-TM
fig|2005473.93.peg.1763    0.307  20  0.519  20  0.924  18  0.886   0.691 Y  0.570      SignalP-noTM
fig|2005473.93.peg.1764    0.527  23  0.646  23  0.920  14  0.815   0.726 Y  0.570      SignalP-noTM
fig|2005473.93.peg.1789    0.290  25  0.469  25  0.849  18  0.734   0.573 Y  0.450      SignalP-TM
fig|2005473.93.peg.1789    0.318  25  0.527  25  0.971  11  0.908   0.706 Y  0.570      SignalP-noTM
fig|2005473.93.peg.179     0.231  35  0.361  35  0.855  25  0.652   0.474 Y  0.450      SignalP-TM
fig|2005473.93.peg.1791    0.310  29  0.485  29  0.964  12  0.848   0.655 Y  0.570      SignalP-noTM
fig|2005473.93.peg.1791    0.380  29  0.553  29  0.919  15  0.802   0.650 Y  0.450      SignalP-TM
fig|2005473.93.peg.1793    0.456  30  0.642  23  0.984   8  0.966   0.769 Y  0.450      SignalP-TM
fig|2005473.93.peg.1793    0.706  23  0.811  23  0.983  19  0.939   0.871 Y  0.570      SignalP-noTM
fig|2005473.93.peg.1794    0.523  23  0.671  23  0.919  11  0.839   0.736 Y  0.450      SignalP-TM
fig|2005473.93.peg.1794    0.743  23  0.816  23  0.983   8  0.923   0.866 Y  0.570      SignalP-noTM
fig|2005473.93.peg.1796    0.308  30  0.507  30  0.934  18  0.813   0.627 Y  0.450      SignalP-TM
fig|2005473.93.peg.1796    0.590  24  0.734  24  0.971  19  0.909   0.816 Y  0.570      SignalP-noTM
fig|2005473.93.peg.180     0.341  21  0.534  21  0.947  17  0.824   0.670 Y  0.570      SignalP-noTM
fig|2005473.93.peg.1804    0.180  15  0.335  15  0.767   1  0.635   0.452 Y  0.450      SignalP-TM
fig|2005473.93.peg.1810    0.298  26  0.441  26  0.854   3  0.740   0.582 Y  0.570      SignalP-noTM
fig|2005473.93.peg.1821    0.412  32  0.515  32  0.858  16  0.687   0.582 Y  0.450      SignalP-TM
fig|2005473.93.peg.1821    0.591  32  0.539  32  0.709  28  0.485   0.519 Y  0.510      SignalP-TM
fig|2005473.93.peg.1827    0.386  22  0.559  22  0.944   1  0.835   0.689 Y  0.570      SignalP-noTM
fig|2005473.93.peg.1831    0.172  21  0.346  21  0.902   8  0.764   0.509 Y  0.450      SignalP-TM
fig|2005473.93.peg.1831    0.636  22  0.725  22  0.944   8  0.870   0.793 Y  0.570      SignalP-noTM
fig|2005473.93.peg.1835    0.262  24  0.359  18  0.767   8  0.655   0.474 Y  0.450      SignalP-TM
fig|2005473.93.peg.1836    0.186  23  0.407  23  0.963  10  0.918   0.647 Y  0.570      SignalP-noTM
fig|2005473.93.peg.1836    0.220  34  0.345  28  0.837   5  0.721   0.492 Y  0.450      SignalP-TM
fig|2005473.93.peg.1837    0.228  40  0.440  26  0.959  17  0.874   0.609 Y  0.450      SignalP-TM
fig|2005473.93.peg.1837    0.244  24  0.472  24  0.958  19  0.880   0.664 Y  0.570      SignalP-noTM
fig|2005473.93.peg.1842    0.518  25  0.568  25  0.708  11  0.595   0.578 Y  0.450      SignalP-TM
fig|2005473.93.peg.1848    0.211  33  0.430  26  0.982  16  0.937   0.628 Y  0.450      SignalP-TM
fig|2005473.93.peg.1848    0.249  19  0.489  19  0.978  15  0.959   0.710 Y  0.570      SignalP-noTM
fig|2005473.93.peg.1851    0.606  23  0.606  23  0.816  21  0.595   0.601 Y  0.570      SignalP-noTM
fig|2005473.93.peg.1856    0.420  25  0.598  25  0.892   8  0.829   0.688 Y  0.450      SignalP-TM
fig|2005473.93.peg.1856    0.595  25  0.734  25  0.961  10  0.915   0.819 Y  0.570      SignalP-noTM
fig|2005473.93.peg.1858    0.193  29  0.401  29  0.905  26  0.786   0.552 Y  0.450      SignalP-TM
fig|2005473.93.peg.1858    0.847  29  0.909  29  0.983  21  0.942   0.925 Y  0.570      SignalP-noTM
fig|2005473.93.peg.1863    0.362  27  0.512  27  0.920  19  0.788   0.642 Y  0.570      SignalP-noTM
fig|2005473.93.peg.1864    0.457  40  0.601  40  0.885  32  0.594   0.598 Y  0.570      SignalP-noTM
fig|2005473.93.peg.1887    0.384  29  0.562  20  0.977  11  0.940   0.739 Y  0.570      SignalP-noTM
fig|2005473.93.peg.1887    0.419  26  0.596  26  0.944  19  0.802   0.676 Y  0.450      SignalP-TM
fig|2005473.93.peg.192     0.344  21  0.460  21  0.794  20  0.568   0.502 Y  0.450      SignalP-TM
fig|2005473.93.peg.192     0.828  21  0.843  21  0.943  17  0.816   0.830 Y  0.570      SignalP-noTM
fig|2005473.93.peg.193     0.157  19  0.381  19  0.961   2  0.930   0.639 Y  0.570      SignalP-noTM
fig|2005473.93.peg.193     0.164  30  0.318  24  0.927   5  0.846   0.524 Y  0.450      SignalP-TM
fig|2005473.93.peg.1931    0.453  25  0.591  25  0.874  15  0.724   0.653 Y  0.570      SignalP-noTM
fig|2005473.93.peg.1931    0.653  25  0.753  25  0.921  20  0.815   0.777 Y  0.450      SignalP-TM
fig|2005473.93.peg.1936    0.752  25  0.765  25  0.918  14  0.812   0.787 Y  0.570      SignalP-noTM
fig|2005473.93.peg.1936    0.762  25  0.781  25  0.866  15  0.800   0.789 Y  0.450      SignalP-TM
fig|2005473.93.peg.1938    0.332  21  0.570  21  0.987  13  0.963   0.754 Y  0.570      SignalP-noTM
fig|2005473.93.peg.1938    0.339  23  0.529  23  0.896  22  0.765   0.621 Y  0.450      SignalP-TM
fig|2005473.93.peg.1946    0.225  33  0.320  22  0.851   6  0.783   0.500 Y  0.450      SignalP-TM
fig|2005473.93.peg.1946    0.326  22  0.535  22  0.954  10  0.889   0.701 Y  0.570      SignalP-noTM
fig|2005473.93.peg.1947    0.167  20  0.369  20  0.906   1  0.842   0.591 Y  0.570      SignalP-noTM
fig|2005473.93.peg.1947    0.455  27  0.487  27  0.803   4  0.629   0.542 Y  0.450      SignalP-TM
fig|2005473.93.peg.1951    0.274  34  0.346  34  0.845   4  0.636   0.459 Y  0.450      SignalP-TM
fig|2005473.93.peg.1951    0.283  20  0.511  20  0.950  16  0.912   0.699 Y  0.570      SignalP-noTM
fig|2005473.93.peg.1953    0.255  23  0.377  23  0.819   1  0.625   0.474 Y  0.450      SignalP-TM
fig|2005473.93.peg.1956    0.427  25  0.534  25  0.853  19  0.670   0.587 Y  0.450      SignalP-TM
fig|2005473.93.peg.1956    0.471  23  0.607  23  0.863  19  0.770   0.684 Y  0.570      SignalP-noTM
fig|2005473.93.peg.196     0.751  31  0.830  31  0.980  17  0.901   0.863 Y  0.570      SignalP-noTM
fig|2005473.93.peg.197     0.262  33  0.391  24  0.815   9  0.694   0.509 Y  0.450      SignalP-TM
fig|2005473.93.peg.197     0.369  24  0.553  24  0.931  13  0.848   0.691 Y  0.570      SignalP-noTM
fig|2005473.93.peg.1971    0.278  22  0.496  22  0.938  14  0.871   0.672 Y  0.570      SignalP-noTM
fig|2005473.93.peg.1971    0.301  22  0.426  22  0.797  18  0.610   0.498 Y  0.450      SignalP-TM
fig|2005473.93.peg.1977    0.214  23  0.422  23  0.887  14  0.826   0.579 Y  0.450      SignalP-TM
fig|2005473.93.peg.1977    0.337  23  0.532  23  0.963  10  0.859   0.686 Y  0.570      SignalP-noTM
fig|2005473.93.peg.1984    0.653  21  0.759  21  0.945  17  0.887   0.819 Y  0.570      SignalP-noTM
fig|2005473.93.peg.2       0.175  24  0.341  24  0.794   6  0.695   0.479 Y  0.450      SignalP-TM
fig|2005473.93.peg.2       0.415  24  0.544  24  0.846   3  0.739   0.636 Y  0.570      SignalP-noTM
fig|2005473.93.peg.2044    0.374  41  0.553  38  0.910  32  0.605   0.574 Y  0.450      SignalP-TM
fig|2005473.93.peg.2047    0.299  24  0.486  24  0.899   3  0.818   0.642 Y  0.570      SignalP-noTM
fig|2005473.93.peg.2048    0.204  27  0.380  27  0.917   8  0.786   0.538 Y  0.450      SignalP-TM
fig|2005473.93.peg.2048    0.598  21  0.749  21  0.967  17  0.928   0.833 Y  0.570      SignalP-noTM
fig|2005473.93.peg.2049    0.340  22  0.522  22  0.916  19  0.807   0.656 Y  0.570      SignalP-noTM
fig|2005473.93.peg.2051    0.220  25  0.422  25  0.914   6  0.847   0.588 Y  0.450      SignalP-TM
fig|2005473.93.peg.2051    0.564  25  0.720  25  0.976  13  0.936   0.821 Y  0.570      SignalP-noTM
fig|2005473.93.peg.2059    0.204  55  0.303  20  0.875   7  0.705   0.460 Y  0.450      SignalP-TM
fig|2005473.93.peg.2066    0.238  29  0.415  22  0.925  17  0.780   0.558 Y  0.450      SignalP-TM
fig|2005473.93.peg.2066    0.358  24  0.573  24  0.971  19  0.909   0.731 Y  0.570      SignalP-noTM
fig|2005473.93.peg.2067    0.390  26  0.556  26  0.943  17  0.764   0.654 Y  0.570      SignalP-noTM
fig|2005473.93.peg.2067    0.485  26  0.607  26  0.859  15  0.716   0.649 Y  0.450      SignalP-TM
fig|2005473.93.peg.2068    0.174  20  0.408  20  0.973  17  0.935   0.614 Y  0.450      SignalP-TM
fig|2005473.93.peg.2068    0.469  20  0.668  20  0.982  10  0.947   0.799 Y  0.570      SignalP-noTM
fig|2005473.93.peg.2070    0.473  30  0.489  30  0.870   5  0.680   0.564 Y  0.450      SignalP-TM
fig|2005473.93.peg.2078    0.405  28  0.477  21  0.776  18  0.707   0.566 Y  0.450      SignalP-TM
fig|2005473.93.peg.2078    0.748  21  0.779  21  0.913  17  0.806   0.791 Y  0.570      SignalP-noTM
fig|2005473.93.peg.2084    0.462  43  0.445  26  0.820  13  0.708   0.548 Y  0.450      SignalP-TM
fig|2005473.93.peg.21      0.574  23  0.643  23  0.837  17  0.709   0.674 Y  0.570      SignalP-noTM
fig|2005473.93.peg.2102    0.361  33  0.526  33  0.897  26  0.683   0.587 Y  0.450      SignalP-TM
fig|2005473.93.peg.2102    0.848  33  0.855  33  0.951  25  0.821   0.839 Y  0.570      SignalP-noTM
fig|2005473.93.peg.2104    0.402  20  0.501  20  0.774   2  0.650   0.571 Y  0.570      SignalP-noTM
fig|2005473.93.peg.2108    0.465  20  0.634  20  0.909   3  0.867   0.725 Y  0.450      SignalP-TM
fig|2005473.93.peg.2108    0.829  20  0.895  20  0.976  17  0.953   0.922 Y  0.570      SignalP-noTM
fig|2005473.93.peg.2118    0.324  20  0.517  20  0.902  12  0.830   0.639 Y  0.450      SignalP-TM
fig|2005473.93.peg.2118    0.836  20  0.895  20  0.975  17  0.949   0.920 Y  0.570      SignalP-noTM
fig|2005473.93.peg.2129    0.244  31  0.395  31  0.852   9  0.687   0.509 Y  0.450      SignalP-TM
fig|2005473.93.peg.2136    0.238  21  0.456  21  0.922   6  0.877   0.620 Y  0.450      SignalP-TM
fig|2005473.93.peg.2136    0.517  21  0.616  21  0.887   4  0.782   0.677 Y  0.510      SignalP-TM
fig|2005473.93.peg.2141    0.370  34  0.512  22  0.959  11  0.920   0.672 Y  0.450      SignalP-TM
fig|2005473.93.peg.2141    0.542  22  0.717  22  0.982  13  0.944   0.824 Y  0.570      SignalP-noTM
fig|2005473.93.peg.2160    0.513  30  0.597  30  0.881   2  0.753   0.658 Y  0.450      SignalP-TM
fig|2005473.93.peg.2162    0.591  23  0.712  23  0.971  19  0.889   0.795 Y  0.570      SignalP-noTM
fig|2005473.93.peg.2162    0.610  23  0.707  23  0.911  16  0.827   0.753 Y  0.450      SignalP-TM
fig|2005473.93.peg.2164    0.579  22  0.573  22  0.679  18  0.527   0.555 Y  0.450      SignalP-TM
fig|2005473.93.peg.2164    0.779  22  0.801  22  0.919  19  0.816   0.808 Y  0.570      SignalP-noTM
fig|2005473.93.peg.2190    0.190  25  0.390  25  0.935  15  0.856   0.572 Y  0.450      SignalP-TM
fig|2005473.93.peg.2190    0.580  20  0.714  20  0.918  12  0.885   0.794 Y  0.570      SignalP-noTM
fig|2005473.93.peg.2198    0.227  26  0.463  26  0.987  11  0.944   0.651 Y  0.450      SignalP-TM
fig|2005473.93.peg.2198    0.630  27  0.762  27  0.996  11  0.951   0.851 Y  0.570      SignalP-noTM
fig|2005473.93.peg.2208    0.664  24  0.719  24  0.851  19  0.703   0.713 Y  0.450      SignalP-TM
fig|2005473.93.peg.2208    0.692  24  0.761  24  0.932  21  0.842   0.799 Y  0.570      SignalP-noTM
fig|2005473.93.peg.2234    0.368  26  0.497  22  0.915   2  0.800   0.640 Y  0.570      SignalP-noTM
fig|2005473.93.peg.2234    0.473  26  0.555  26  0.893   6  0.751   0.631 Y  0.450      SignalP-TM
fig|2005473.93.peg.2240    0.347  38  0.427  38  0.688   6  0.526   0.466 Y  0.450      SignalP-TM
fig|2005473.93.peg.227     0.351  49  0.489  49  0.920  34  0.513   0.498 Y  0.450      SignalP-TM
fig|2005473.93.peg.2291    0.220  21  0.422  21  0.918  18  0.824   0.579 Y  0.450      SignalP-TM
fig|2005473.93.peg.2291    0.306  21  0.520  21  0.951  10  0.896   0.697 Y  0.570      SignalP-noTM
fig|2005473.93.peg.2292    0.157  25  0.344  25  0.813  19  0.758   0.506 Y  0.450      SignalP-TM
fig|2005473.93.peg.2292    0.217  25  0.427  25  0.936   4  0.872   0.636 Y  0.570      SignalP-noTM
fig|2005473.93.peg.2293    0.225  29  0.427  29  0.949  12  0.863   0.632 Y  0.570      SignalP-noTM
fig|2005473.93.peg.2293    0.309  31  0.456  31  0.894  14  0.747   0.570 Y  0.450      SignalP-TM
fig|2005473.93.peg.2295    0.210  45  0.346  21  0.894  16  0.781   0.516 Y  0.450      SignalP-TM
fig|2005473.93.peg.2295    0.351  45  0.543  21  0.958  17  0.886   0.704 Y  0.570      SignalP-noTM
fig|2005473.93.peg.2296    0.545  33  0.673  33  0.973  19  0.805   0.735 Y  0.570      SignalP-noTM
fig|2005473.93.peg.2300    0.198  28  0.405  20  0.987  15  0.963   0.623 Y  0.450      SignalP-TM
fig|2005473.93.peg.2300    0.325  26  0.482  20  0.973  10  0.928   0.692 Y  0.570      SignalP-noTM
fig|2005473.93.peg.2301    0.179  28  0.336  28  0.915   8  0.754   0.499 Y  0.450      SignalP-TM
fig|2005473.93.peg.2301    0.252  21  0.482  21  0.957   6  0.933   0.694 Y  0.570      SignalP-noTM
fig|2005473.93.peg.2302    0.211  24  0.407  24  0.886   3  0.816   0.599 Y  0.570      SignalP-noTM
fig|2005473.93.peg.2309    0.469  26  0.646  26  0.933  16  0.852   0.727 Y  0.450      SignalP-TM
fig|2005473.93.peg.2309    0.601  26  0.755  26  0.987  16  0.959   0.851 Y  0.570      SignalP-noTM
fig|2005473.93.peg.2310    0.156  26  0.348  25  0.935   7  0.848   0.583 Y  0.570      SignalP-noTM
fig|2005473.93.peg.2310    0.160  31  0.301  14  0.916   9  0.864   0.520 Y  0.450      SignalP-TM
fig|2005473.93.peg.2311    0.272  28  0.404  26  0.810  20  0.592   0.477 Y  0.450      SignalP-TM
fig|2005473.93.peg.2313    0.201  23  0.384  23  0.893  11  0.750   0.527 Y  0.450      SignalP-TM
fig|2005473.93.peg.2313    0.249  21  0.430  21  0.919   5  0.807   0.607 Y  0.570      SignalP-noTM
fig|2005473.93.peg.2319    0.170  20  0.344  20  0.761  17  0.642   0.460 Y  0.450      SignalP-TM
fig|2005473.93.peg.232     0.167  21  0.388  21  0.925  13  0.892   0.625 Y  0.570      SignalP-noTM
fig|2005473.93.peg.232     0.198  31  0.349  26  0.903  13  0.754   0.507 Y  0.450      SignalP-TM
fig|2005473.93.peg.2321    0.236  26  0.405  26  0.789   9  0.717   0.526 Y  0.450      SignalP-TM
fig|2005473.93.peg.233     0.242  25  0.448  25  0.927  19  0.839   0.632 Y  0.570      SignalP-noTM
fig|2005473.93.peg.233     0.285  25  0.480  25  0.898  16  0.789   0.601 Y  0.450      SignalP-TM
fig|2005473.93.peg.234     0.367  42  0.529  42  0.897  29  0.683   0.589 Y  0.450      SignalP-TM
fig|2005473.93.peg.234     0.390  41  0.567  41  0.980  23  0.784   0.669 Y  0.570      SignalP-noTM
fig|2005473.93.peg.2341    0.209  22  0.419  22  0.879  16  0.827   0.578 Y  0.450      SignalP-TM
fig|2005473.93.peg.2341    0.523  22  0.684  22  0.969  17  0.905   0.787 Y  0.570      SignalP-noTM
fig|2005473.93.peg.2348    0.185  19  0.328  19  0.829   2  0.642   0.450 Y  0.450      SignalP-TM
fig|2005473.93.peg.2348    0.484  19  0.560  19  0.824  15  0.656   0.605 Y  0.570      SignalP-noTM
fig|2005473.93.peg.2358    0.243  26  0.418  26  0.878   6  0.755   0.550 Y  0.450      SignalP-TM
fig|2005473.93.peg.2358    0.250  24  0.433  24  0.882  19  0.769   0.591 Y  0.570      SignalP-noTM
fig|2005473.93.peg.2364    0.534  26  0.584  26  0.771  25  0.528   0.564 Y  0.510      SignalP-TM
fig|2005473.93.peg.2381    0.355  28  0.514  28  0.853  21  0.743   0.603 Y  0.450      SignalP-TM
fig|2005473.93.peg.2381    0.482  26  0.611  26  0.922  22  0.796   0.698 Y  0.570      SignalP-noTM
fig|2005473.93.peg.2385    0.710  23  0.819  23  0.968  15  0.910   0.854 Y  0.450      SignalP-TM
fig|2005473.93.peg.2385    0.840  23  0.878  23  0.959  14  0.911   0.894 Y  0.570      SignalP-noTM
fig|2005473.93.peg.2389    0.525  25  0.597  25  0.827   8  0.705   0.639 Y  0.450      SignalP-TM
fig|2005473.93.peg.2389    0.861  25  0.857  25  0.951  18  0.868   0.862 Y  0.570      SignalP-noTM
fig|2005473.93.peg.2407    0.206  19  0.356  19  0.755  16  0.600   0.451 Y  0.450      SignalP-TM
fig|2005473.93.peg.2413    0.824  21  0.875  21  0.944  11  0.915   0.894 Y  0.570      SignalP-noTM
fig|2005473.93.peg.242     0.301  29  0.419  29  0.856  14  0.697   0.527 Y  0.450      SignalP-TM
fig|2005473.93.peg.243     0.190  29  0.346  29  0.807   2  0.675   0.474 Y  0.450      SignalP-TM
fig|2005473.93.peg.2452    0.153  21  0.327  21  0.786  10  0.696   0.471 Y  0.450      SignalP-TM
fig|2005473.93.peg.2452    0.285  22  0.468  22  0.881  14  0.768   0.609 Y  0.570      SignalP-noTM
fig|2005473.93.peg.2455    0.409  27  0.575  27  0.958  12  0.843   0.680 Y  0.450      SignalP-TM
fig|2005473.93.peg.2455    0.485  27  0.634  25  0.975  13  0.929   0.773 Y  0.570      SignalP-noTM
fig|2005473.93.peg.2465    0.313  23  0.462  23  0.804  18  0.687   0.550 Y  0.450      SignalP-TM
fig|2005473.93.peg.2465    0.339  22  0.558  22  0.940  11  0.910   0.723 Y  0.570      SignalP-noTM
fig|2005473.93.peg.2467    0.239  27  0.400  25  0.854   9  0.769   0.573 Y  0.570      SignalP-noTM
fig|2005473.93.peg.2467    0.333  27  0.530  27  0.905  17  0.815   0.641 Y  0.450      SignalP-TM
fig|2005473.93.peg.2468    0.475  31  0.572  22  0.939  12  0.880   0.692 Y  0.450      SignalP-TM
fig|2005473.93.peg.2468    0.822  22  0.864  22  0.967  20  0.897   0.880 Y  0.570      SignalP-noTM
fig|2005473.93.peg.2476    0.254  19  0.447  19  0.916   1  0.819   0.622 Y  0.570      SignalP-noTM
fig|2005473.93.peg.249     0.313  23  0.546  23  0.978  20  0.932   0.727 Y  0.570      SignalP-noTM
fig|2005473.93.peg.249     0.767  24  0.837  24  0.952  17  0.876   0.852 Y  0.450      SignalP-TM
fig|2005473.93.peg.2492    0.245  21  0.388  21  0.781  17  0.605   0.473 Y  0.450      SignalP-TM
fig|2005473.93.peg.2492    0.308  21  0.483  21  0.891   1  0.797   0.631 Y  0.570      SignalP-noTM
fig|2005473.93.peg.2493    0.212  22  0.407  22  0.897   6  0.820   0.601 Y  0.570      SignalP-noTM
fig|2005473.93.peg.2494    0.150  20  0.359  20  0.943  18  0.854   0.592 Y  0.570      SignalP-noTM
fig|2005473.93.peg.2496    0.167  32  0.344  32  0.860  24  0.705   0.485 Y  0.450      SignalP-TM
fig|2005473.93.peg.2496    0.534  29  0.678  29  0.954  25  0.838   0.754 Y  0.570      SignalP-noTM
fig|2005473.93.peg.2498    0.699  31  0.644  31  0.820  23  0.617   0.632 Y  0.570      SignalP-noTM
fig|2005473.93.peg.2499    0.157  26  0.317  26  0.896   8  0.709   0.470 Y  0.450      SignalP-TM
fig|2005473.93.peg.2499    0.198  20  0.394  20  0.878  16  0.801   0.585 Y  0.570      SignalP-noTM
fig|2005473.93.peg.2501    0.330  20  0.501  20  0.848  18  0.757   0.621 Y  0.570      SignalP-noTM
fig|2005473.93.peg.253     0.272  32  0.439  21  0.936  17  0.891   0.651 Y  0.570      SignalP-noTM
fig|2005473.93.peg.253     0.340  32  0.432  32  0.902  12  0.684   0.530 Y  0.450      SignalP-TM
fig|2005473.93.peg.2542    0.395  29  0.475  29  0.733  14  0.585   0.518 Y  0.450      SignalP-TM
fig|2005473.93.peg.2547    0.470  22  0.569  22  0.806   2  0.716   0.626 Y  0.450      SignalP-TM
fig|2005473.93.peg.2547    0.502  22  0.629  22  0.916  13  0.823   0.720 Y  0.570      SignalP-noTM
fig|2005473.93.peg.2559    0.313  22  0.445  22  0.702  21  0.626   0.515 Y  0.450      SignalP-TM
fig|2005473.93.peg.2560    0.160  30  0.364  21  0.934   5  0.874   0.604 Y  0.570      SignalP-noTM
fig|2005473.93.peg.2560    0.223  30  0.343  23  0.832  10  0.712   0.487 Y  0.450      SignalP-TM
fig|2005473.93.peg.2572    0.486  21  0.632  21  0.899  18  0.825   0.708 Y  0.450      SignalP-TM
fig|2005473.93.peg.2572    0.782  21  0.818  21  0.913  11  0.860   0.837 Y  0.570      SignalP-noTM
fig|2005473.93.peg.2574    0.261  22  0.414  22  0.818  19  0.595   0.485 Y  0.450      SignalP-TM
fig|2005473.93.peg.2574    0.579  22  0.712  22  0.918  18  0.877   0.790 Y  0.570      SignalP-noTM
fig|2005473.93.peg.2579    0.271  21  0.463  21  0.853  17  0.767   0.581 Y  0.450      SignalP-TM
fig|2005473.93.peg.2579    0.464  21  0.619  21  0.911  17  0.824   0.715 Y  0.570      SignalP-noTM
fig|2005473.93.peg.2590    0.262  28  0.475  28  0.937  15  0.780   0.619 Y  0.570      SignalP-noTM
fig|2005473.93.peg.2597    0.704  22  0.745  22  0.929   1  0.831   0.786 Y  0.570      SignalP-noTM
fig|2005473.93.peg.2598    0.187  20  0.377  20  0.838  17  0.771   0.531 Y  0.450      SignalP-TM
fig|2005473.93.peg.2598    0.527  20  0.692  20  0.972   8  0.915   0.797 Y  0.570      SignalP-noTM
fig|2005473.93.peg.2599    0.238  24  0.417  24  0.818  21  0.645   0.506 Y  0.450      SignalP-TM
fig|2005473.93.peg.2599    0.369  24  0.517  24  0.866   1  0.747   0.625 Y  0.570      SignalP-noTM
fig|2005473.93.peg.2600    0.415  27  0.556  27  0.860  15  0.739   0.627 Y  0.450      SignalP-TM
fig|2005473.93.peg.2600    0.569  24  0.709  24  0.949  21  0.865   0.782 Y  0.570      SignalP-noTM
fig|2005473.93.peg.2609    0.254  20  0.481  20  0.956  10  0.900   0.645 Y  0.450      SignalP-TM
fig|2005473.93.peg.2609    0.494  22  0.666  22  0.948  15  0.893   0.773 Y  0.570      SignalP-noTM
fig|2005473.93.peg.2610    0.425  31  0.507  31  0.925  17  0.717   0.589 Y  0.450      SignalP-TM
fig|2005473.93.peg.2619    0.259  28  0.465  28  0.965  16  0.879   0.626 Y  0.450      SignalP-TM
fig|2005473.93.peg.2619    0.458  21  0.627  21  0.916  14  0.861   0.737 Y  0.570      SignalP-noTM
fig|2005473.93.peg.2622    0.337  19  0.539  19  0.927   1  0.874   0.696 Y  0.570      SignalP-noTM
fig|2005473.93.peg.2623    0.123  24  0.310  24  0.926  16  0.785   0.495 Y  0.450      SignalP-TM
fig|2005473.93.peg.2623    0.178  20  0.395  20  0.934  14  0.873   0.620 Y  0.570      SignalP-noTM
fig|2005473.93.peg.2624    0.226  27  0.396  27  0.923   4  0.792   0.550 Y  0.450      SignalP-TM
fig|2005473.93.peg.2624    0.519  19  0.698  19  0.959  18  0.937   0.811 Y  0.570      SignalP-noTM
fig|2005473.93.peg.2625    0.240  24  0.434  24  0.885  17  0.797   0.576 Y  0.450      SignalP-TM
fig|2005473.93.peg.2625    0.288  24  0.487  24  0.954  16  0.871   0.667 Y  0.570      SignalP-noTM
fig|2005473.93.peg.2626    0.361  26  0.550  26  0.926  21  0.749   0.628 Y  0.450      SignalP-TM
fig|2005473.93.peg.2627    0.253  24  0.461  24  0.944  15  0.875   0.656 Y  0.570      SignalP-noTM
fig|2005473.93.peg.2627    0.335  24  0.488  24  0.876   4  0.766   0.597 Y  0.450      SignalP-TM
fig|2005473.93.peg.263     0.186  18  0.407  18  0.947  15  0.891   0.634 Y  0.570      SignalP-noTM
fig|2005473.93.peg.263     0.256  30  0.369  30  0.944  17  0.702   0.498 Y  0.450      SignalP-TM
fig|2005473.93.peg.2651    0.174  27  0.307  19  0.840   4  0.760   0.484 Y  0.450      SignalP-TM
fig|2005473.93.peg.2651    0.227  19  0.431  19  0.941  16  0.841   0.624 Y  0.570      SignalP-noTM
fig|2005473.93.peg.2656    0.164  32  0.352  22  0.867  17  0.802   0.528 Y  0.450      SignalP-TM
fig|2005473.93.peg.2656    0.505  22  0.644  22  0.928  18  0.840   0.736 Y  0.570      SignalP-noTM
fig|2005473.93.peg.2669    0.272  24  0.406  24  0.851   5  0.690   0.516 Y  0.450      SignalP-TM
fig|2005473.93.peg.2669    0.499  24  0.654  24  0.945  20  0.883   0.761 Y  0.570      SignalP-noTM
fig|2005473.93.peg.2670    0.247  29  0.414  29  0.909  15  0.657   0.509 Y  0.450      SignalP-TM
fig|2005473.93.peg.2670    0.497  29  0.643  29  0.951  13  0.822   0.727 Y  0.570      SignalP-noTM
fig|2005473.93.peg.2674    0.392  33  0.385  21  0.792  18  0.641   0.485 Y  0.450      SignalP-TM
fig|2005473.93.peg.2674    0.439  21  0.577  21  0.833  12  0.734   0.651 Y  0.570      SignalP-noTM
fig|2005473.93.peg.2680    0.426  24  0.576  24  0.847  22  0.780   0.655 Y  0.450      SignalP-TM
fig|2005473.93.peg.2680    0.635  24  0.748  24  0.940  16  0.880   0.810 Y  0.570      SignalP-noTM
fig|2005473.93.peg.2684    0.302  27  0.489  27  0.952  14  0.818   0.617 Y  0.450      SignalP-TM
fig|2005473.93.peg.2692    0.219  20  0.351  20  0.825   3  0.634   0.461 Y  0.450      SignalP-TM
fig|2005473.93.peg.2698    0.206  20  0.369  20  0.890   4  0.724   0.508 Y  0.450      SignalP-TM
fig|2005473.93.peg.2698    0.562  20  0.540  20  0.784   2  0.587   0.558 Y  0.510      SignalP-TM
fig|2005473.93.peg.270     0.161  29  0.371  20  0.936   8  0.868   0.565 Y  0.450      SignalP-TM
fig|2005473.93.peg.270     0.708  20  0.812  20  0.961  18  0.931   0.868 Y  0.570      SignalP-noTM
fig|2005473.93.peg.2704    0.378  23  0.522  23  0.866  21  0.692   0.588 Y  0.450      SignalP-TM
fig|2005473.93.peg.2704    0.610  23  0.652  23  0.802  19  0.700   0.675 Y  0.570      SignalP-noTM
fig|2005473.93.peg.271     0.260  28  0.395  28  0.895   7  0.741   0.530 Y  0.450      SignalP-TM
fig|2005473.93.peg.271     0.315  22  0.537  22  0.951  12  0.919   0.717 Y  0.570      SignalP-noTM
fig|2005473.93.peg.2716    0.409  20  0.517  20  0.767   2  0.680   0.581 Y  0.450      SignalP-TM
fig|2005473.93.peg.2716    0.830  20  0.868  20  0.962  17  0.896   0.881 Y  0.570      SignalP-noTM
fig|2005473.93.peg.272     0.153  18  0.364  18  0.901  11  0.860   0.597 Y  0.570      SignalP-noTM
fig|2005473.93.peg.272     0.169  26  0.322  18  0.841   8  0.763   0.494 Y  0.450      SignalP-TM
fig|2005473.93.peg.2730    0.465  23  0.541  23  0.797   8  0.659   0.587 Y  0.450      SignalP-TM
fig|2005473.93.peg.2730    0.562  23  0.544  23  0.748   5  0.589   0.560 Y  0.510      SignalP-TM
fig|2005473.93.peg.2747    0.261  25  0.429  25  0.782  19  0.708   0.538 Y  0.450      SignalP-TM
fig|2005473.93.peg.2747    0.641  25  0.710  25  0.907   6  0.838   0.770 Y  0.570      SignalP-noTM
fig|2005473.93.peg.2751    0.426  22  0.606  22  0.928  13  0.850   0.721 Y  0.570      SignalP-noTM
fig|2005473.93.peg.2758    0.130  29  0.293  22  0.841  14  0.704   0.454 Y  0.450      SignalP-TM
fig|2005473.93.peg.2762    0.150  26  0.316  23  0.837  18  0.715   0.471 Y  0.450      SignalP-TM
fig|2005473.93.peg.2762    0.168  23  0.375  23  0.925  19  0.864   0.605 Y  0.570      SignalP-noTM
fig|2005473.93.peg.2763    0.205  24  0.416  24  0.933  19  0.837   0.614 Y  0.570      SignalP-noTM
fig|2005473.93.peg.28      0.420  25  0.560  25  0.868  14  0.762   0.638 Y  0.450      SignalP-TM
fig|2005473.93.peg.28      0.747  25  0.819  25  0.951  13  0.897   0.856 Y  0.570      SignalP-noTM
fig|2005473.93.peg.2802    0.384  24  0.589  24  0.943  18  0.865   0.696 Y  0.450      SignalP-TM
fig|2005473.93.peg.2802    0.867  24  0.914  24  0.978  11  0.955   0.933 Y  0.570      SignalP-noTM
fig|2005473.93.peg.295     0.363  24  0.476  24  0.728   6  0.633   0.537 Y  0.450      SignalP-TM
fig|2005473.93.peg.295     0.602  24  0.734  24  0.976  19  0.900   0.812 Y  0.570      SignalP-noTM
fig|2005473.93.peg.298     0.665  26  0.780  26  0.969  17  0.900   0.827 Y  0.450      SignalP-TM
fig|2005473.93.peg.298     0.701  26  0.815  26  0.985  18  0.932   0.870 Y  0.570      SignalP-noTM
fig|2005473.93.peg.299     0.406  23  0.547  23  0.800  15  0.738   0.622 Y  0.450      SignalP-TM
fig|2005473.93.peg.299     0.470  23  0.658  23  0.957  14  0.922   0.782 Y  0.570      SignalP-noTM
fig|2005473.93.peg.300     0.444  21  0.578  21  0.872   1  0.765   0.666 Y  0.570      SignalP-noTM
fig|2005473.93.peg.300     0.574  21  0.646  21  0.810   2  0.740   0.683 Y  0.450      SignalP-TM
fig|2005473.93.peg.301     0.206  22  0.411  22  0.921  13  0.845   0.580 Y  0.450      SignalP-TM
fig|2005473.93.peg.301     0.316  22  0.550  22  0.977  12  0.951   0.738 Y  0.570      SignalP-noTM
fig|2005473.93.peg.303     0.209  33  0.372  23  0.837   9  0.803   0.540 Y  0.450      SignalP-TM
fig|2005473.93.peg.303     0.714  23  0.811  23  0.961  10  0.922   0.863 Y  0.570      SignalP-noTM
fig|2005473.93.peg.306     0.384  27  0.533  27  0.963  10  0.832   0.673 Y  0.570      SignalP-noTM
fig|2005473.93.peg.306     0.801  27  0.822  27  0.937  10  0.873   0.842 Y  0.450      SignalP-TM
fig|2005473.93.peg.316     0.598  24  0.649  24  0.874  20  0.746   0.694 Y  0.570      SignalP-noTM
fig|2005473.93.peg.316     0.780  24  0.741  24  0.832  21  0.689   0.720 Y  0.450      SignalP-TM
fig|2005473.93.peg.326     0.179  26  0.331  26  0.791   3  0.654   0.457 Y  0.450      SignalP-TM
fig|2005473.93.peg.326     0.291  26  0.457  26  0.933  18  0.800   0.618 Y  0.570      SignalP-noTM
fig|2005473.93.peg.338     0.137  19  0.346  19  0.931  17  0.873   0.594 Y  0.570      SignalP-noTM
fig|2005473.93.peg.338     0.214  25  0.377  25  0.861   6  0.731   0.515 Y  0.450      SignalP-TM
fig|2005473.93.peg.34      0.162  31  0.333  27  0.815  16  0.716   0.482 Y  0.450      SignalP-TM
fig|2005473.93.peg.34      0.189  25  0.414  25  0.958   7  0.901   0.643 Y  0.570      SignalP-noTM
fig|2005473.93.peg.341     0.568  29  0.662  29  0.855  25  0.709   0.681 Y  0.450      SignalP-TM
fig|2005473.93.peg.341     0.781  29  0.804  29  0.963  15  0.873   0.836 Y  0.570      SignalP-noTM
fig|2005473.93.peg.347     0.733  25  0.823  25  0.979  17  0.933   0.875 Y  0.570      SignalP-noTM
fig|2005473.93.peg.347     0.752  25  0.829  25  0.961  16  0.894   0.854 Y  0.450      SignalP-TM
fig|2005473.93.peg.348     0.604  25  0.581  25  0.798  10  0.650   0.608 Y  0.450      SignalP-TM
fig|2005473.93.peg.348     0.723  25  0.732  25  0.916  15  0.800   0.764 Y  0.570      SignalP-noTM
fig|2005473.93.peg.365     0.345  27  0.442  27  0.788  19  0.617   0.511 Y  0.450      SignalP-TM
fig|2005473.93.peg.366     0.468  32  0.470  32  0.730   6  0.545   0.500 Y  0.450      SignalP-TM
fig|2005473.93.peg.374     0.182  50  0.331  20  0.894   6  0.798   0.513 Y  0.450      SignalP-TM
fig|2005473.93.peg.374     0.386  20  0.588  20  0.947  11  0.891   0.731 Y  0.570      SignalP-noTM
fig|2005473.93.peg.376     0.232  27  0.412  27  0.929  16  0.802   0.564 Y  0.450      SignalP-TM
fig|2005473.93.peg.376     0.642  21  0.775  21  0.964  16  0.928   0.847 Y  0.570      SignalP-noTM
fig|2005473.93.peg.41      0.498  23  0.675  23  0.946  17  0.906   0.765 Y  0.450      SignalP-TM
fig|2005473.93.peg.41      0.773  23  0.865  23  0.989  11  0.967   0.913 Y  0.570      SignalP-noTM
fig|2005473.93.peg.425     0.225  24  0.437  24  0.951   3  0.891   0.650 Y  0.570      SignalP-noTM
fig|2005473.93.peg.425     0.308  24  0.497  24  0.905  14  0.819   0.623 Y  0.450      SignalP-TM
fig|2005473.93.peg.427     0.323  25  0.435  25  0.764  19  0.577   0.490 Y  0.450      SignalP-TM
fig|2005473.93.peg.427     0.431  25  0.555  25  0.911  13  0.801   0.670 Y  0.570      SignalP-noTM
fig|2005473.93.peg.43      0.368  26  0.562  26  0.950  17  0.891   0.716 Y  0.570      SignalP-noTM
fig|2005473.93.peg.43      0.445  26  0.632  26  0.969  10  0.910   0.741 Y  0.450      SignalP-TM
fig|2005473.93.peg.433     0.445  23  0.615  23  0.934  18  0.860   0.710 Y  0.450      SignalP-TM
fig|2005473.93.peg.433     0.671  23  0.723  23  0.921   7  0.833   0.775 Y  0.570      SignalP-noTM
fig|2005473.93.peg.442     0.313  24  0.500  24  0.874  14  0.741   0.594 Y  0.450      SignalP-TM
fig|2005473.93.peg.442     0.676  24  0.743  24  0.897  20  0.828   0.783 Y  0.570      SignalP-noTM
fig|2005473.93.peg.443     0.267  21  0.463  21  0.937   1  0.814   0.628 Y  0.570      SignalP-noTM
fig|2005473.93.peg.444     0.365  27  0.418  27  0.763   3  0.564   0.475 Y  0.450      SignalP-TM
fig|2005473.93.peg.445     0.203  26  0.378  26  0.803   8  0.706   0.506 Y  0.450      SignalP-TM
fig|2005473.93.peg.445     0.456  26  0.614  26  0.927  18  0.859   0.729 Y  0.570      SignalP-noTM
fig|2005473.93.peg.447     0.162  28  0.307  23  0.878   6  0.744   0.477 Y  0.450      SignalP-TM
fig|2005473.93.peg.447     0.183  20  0.387  20  0.919   4  0.852   0.606 Y  0.570      SignalP-noTM
fig|2005473.93.peg.448     0.320  37  0.482  37  0.877  34  0.578   0.519 Y  0.450      SignalP-TM
fig|2005473.93.peg.45      0.280  23  0.485  23  0.928  18  0.859   0.631 Y  0.450      SignalP-TM
fig|2005473.93.peg.45      0.778  23  0.827  23  0.935  18  0.894   0.858 Y  0.570      SignalP-noTM
fig|2005473.93.peg.451     0.326  34  0.449  29  0.735   2  0.582   0.501 Y  0.450      SignalP-TM
fig|2005473.93.peg.452     0.465  23  0.632  22  0.940  20  0.831   0.710 Y  0.450      SignalP-TM
fig|2005473.93.peg.452     0.768  22  0.827  22  0.943  11  0.894   0.859 Y  0.570      SignalP-noTM
fig|2005473.93.peg.453     0.414  19  0.541  19  0.765  13  0.700   0.603 Y  0.450      SignalP-TM
fig|2005473.93.peg.453     0.453  19  0.635  19  0.947  17  0.881   0.751 Y  0.570      SignalP-noTM
fig|2005473.93.peg.457     0.284  24  0.413  24  0.695  20  0.595   0.484 Y  0.450      SignalP-TM
fig|2005473.93.peg.457     0.502  24  0.604  24  0.898  16  0.754   0.674 Y  0.570      SignalP-noTM
fig|2005473.93.peg.458     0.254  25  0.411  21  0.900   8  0.825   0.572 Y  0.450      SignalP-TM
fig|2005473.93.peg.458     0.286  21  0.513  21  0.952   8  0.927   0.707 Y  0.570      SignalP-noTM
fig|2005473.93.peg.459     0.187  30  0.418  30  0.983  17  0.929   0.618 Y  0.450      SignalP-TM
fig|2005473.93.peg.459     0.606  30  0.760  30  0.994  18  0.952   0.850 Y  0.570      SignalP-noTM
fig|2005473.93.peg.46      0.283  20  0.496  20  0.904  15  0.873   0.643 Y  0.450      SignalP-TM
fig|2005473.93.peg.46      0.516  20  0.708  20  0.986  10  0.950   0.822 Y  0.570      SignalP-noTM
fig|2005473.93.peg.460     0.256  20  0.475  20  0.925  18  0.855   0.623 Y  0.450      SignalP-TM
fig|2005473.93.peg.460     0.298  24  0.525  20  0.969  18  0.916   0.709 Y  0.570      SignalP-noTM
fig|2005473.93.peg.463     0.188  24  0.326  22  0.848   6  0.670   0.460 Y  0.450      SignalP-TM
fig|2005473.93.peg.463     0.253  22  0.461  22  0.949   5  0.872   0.654 Y  0.570      SignalP-noTM
fig|2005473.93.peg.464     0.742  20  0.735  20  0.861  17  0.714   0.725 Y  0.570      SignalP-noTM
fig|2005473.93.peg.478     0.226  31  0.380  21  0.896  16  0.831   0.556 Y  0.450      SignalP-TM
fig|2005473.93.peg.478     0.669  21  0.777  21  0.939   7  0.910   0.840 Y  0.570      SignalP-noTM
fig|2005473.93.peg.488     0.489  25  0.593  25  0.860   9  0.764   0.660 Y  0.450      SignalP-TM
fig|2005473.93.peg.488     0.629  25  0.741  25  0.956  21  0.891   0.811 Y  0.570      SignalP-noTM
fig|2005473.93.peg.489     0.706  22  0.715  22  0.800   9  0.715   0.715 Y  0.450      SignalP-TM
fig|2005473.93.peg.489     0.819  22  0.869  22  0.972  17  0.912   0.889 Y  0.570      SignalP-noTM
fig|2005473.93.peg.49      0.218  23  0.406  23  0.865   9  0.748   0.540 Y  0.450      SignalP-TM
fig|2005473.93.peg.49      0.457  23  0.578  23  0.919  21  0.751   0.659 Y  0.570      SignalP-noTM
fig|2005473.93.peg.494     0.470  27  0.637  27  0.960  17  0.886   0.754 Y  0.570      SignalP-noTM
fig|2005473.93.peg.494     0.585  27  0.647  27  0.806  17  0.688   0.663 Y  0.450      SignalP-TM
fig|2005473.93.peg.496     0.218  38  0.342  38  0.824   4  0.684   0.475 Y  0.450      SignalP-TM
fig|2005473.93.peg.496     0.268  26  0.486  26  0.947  15  0.901   0.681 Y  0.570      SignalP-noTM
fig|2005473.93.peg.497     0.257  22  0.433  22  0.895  21  0.742   0.578 Y  0.570      SignalP-noTM
fig|2005473.93.peg.498     0.191  26  0.343  26  0.799  21  0.627   0.454 Y  0.450      SignalP-TM
fig|2005473.93.peg.498     0.379  26  0.549  26  0.926  21  0.835   0.683 Y  0.570      SignalP-noTM
fig|2005473.93.peg.499     0.333  23  0.468  23  0.791   5  0.689   0.554 Y  0.450      SignalP-TM
fig|2005473.93.peg.499     0.338  23  0.523  23  0.937   2  0.858   0.681 Y  0.570      SignalP-noTM
fig|2005473.93.peg.500     0.189  22  0.413  22  0.957   6  0.914   0.608 Y  0.450      SignalP-TM
fig|2005473.93.peg.500     0.192  27  0.414  22  0.961  11  0.933   0.658 Y  0.570      SignalP-noTM
fig|2005473.93.peg.503     0.262  26  0.413  26  0.765  13  0.664   0.511 Y  0.450      SignalP-TM
fig|2005473.93.peg.503     0.731  26  0.783  26  0.950  10  0.881   0.829 Y  0.570      SignalP-noTM
fig|2005473.93.peg.513     0.240  21  0.480  21  0.987  13  0.959   0.705 Y  0.570      SignalP-noTM
fig|2005473.93.peg.513     0.310  34  0.433  34  0.982  16  0.810   0.580 Y  0.450      SignalP-TM
fig|2005473.93.peg.516     0.553  24  0.665  24  0.935   7  0.846   0.735 Y  0.450      SignalP-TM
fig|2005473.93.peg.516     0.843  24  0.880  24  0.966  12  0.929   0.903 Y  0.570      SignalP-noTM
fig|2005473.93.peg.535     0.360  20  0.509  20  0.932  16  0.688   0.593 Y  0.570      SignalP-noTM
fig|2005473.93.peg.539     0.229  22  0.448  22  0.922  18  0.883   0.652 Y  0.570      SignalP-noTM
fig|2005473.93.peg.539     0.268  25  0.462  25  0.906  19  0.819   0.601 Y  0.450      SignalP-TM
fig|2005473.93.peg.540     0.341  21  0.448  21  0.767  17  0.584   0.501 Y  0.450      SignalP-TM
fig|2005473.93.peg.557     0.187  30  0.356  23  0.886  14  0.761   0.514 Y  0.450      SignalP-TM
fig|2005473.93.peg.558     0.264  25  0.437  25  0.811  21  0.716   0.546 Y  0.450      SignalP-TM
fig|2005473.93.peg.558     0.768  25  0.785  25  0.902  16  0.836   0.809 Y  0.570      SignalP-noTM
fig|2005473.93.peg.565     0.175  25  0.332  25  0.879   3  0.721   0.484 Y  0.450      SignalP-TM
fig|2005473.93.peg.566     0.429  35  0.526  35  0.917  17  0.734   0.607 Y  0.450      SignalP-TM
fig|2005473.93.peg.566     0.471  23  0.620  23  0.929  14  0.813   0.710 Y  0.570      SignalP-noTM
fig|2005473.93.peg.568     0.731  19  0.766  19  0.914   1  0.814   0.788 Y  0.570      SignalP-noTM
fig|2005473.93.peg.573     0.404  25  0.577  25  0.946   8  0.875   0.717 Y  0.570      SignalP-noTM
fig|2005473.93.peg.573     0.422  25  0.581  25  0.865  10  0.806   0.669 Y  0.450      SignalP-TM
fig|2005473.93.peg.574     0.382  29  0.482  29  0.954  16  0.780   0.598 Y  0.450      SignalP-TM
fig|2005473.93.peg.574     0.684  21  0.805  21  0.967  17  0.947   0.872 Y  0.570      SignalP-noTM
fig|2005473.93.peg.575     0.456  21  0.603  21  0.846  16  0.781   0.672 Y  0.450      SignalP-TM
fig|2005473.93.peg.575     0.776  21  0.836  21  0.953  17  0.880   0.857 Y  0.570      SignalP-noTM
fig|2005473.93.peg.576     0.177  34  0.338  34  0.831  29  0.678   0.470 Y  0.450      SignalP-TM
fig|2005473.93.peg.576     0.645  32  0.713  32  0.902  16  0.748   0.729 Y  0.570      SignalP-noTM
fig|2005473.93.peg.589     0.232  33  0.446  31  0.950  23  0.832   0.627 Y  0.570      SignalP-noTM
fig|2005473.93.peg.589     0.383  33  0.508  33  0.847  24  0.691   0.579 Y  0.450      SignalP-TM
fig|2005473.93.peg.593     0.225  32  0.380  22  0.740   5  0.651   0.485 Y  0.450      SignalP-TM
fig|2005473.93.peg.593     0.470  22  0.535  22  0.684  19  0.582   0.552 Y  0.510      SignalP-TM
fig|2005473.93.peg.594     0.206  33  0.403  33  0.933  19  0.788   0.553 Y  0.450      SignalP-TM
fig|2005473.93.peg.594     0.347  32  0.481  32  0.899  20  0.765   0.615 Y  0.570      SignalP-noTM
fig|2005473.93.peg.60      0.216  22  0.422  22  0.880  12  0.793   0.567 Y  0.450      SignalP-TM
fig|2005473.93.peg.60      0.554  22  0.692  22  0.920  12  0.861   0.772 Y  0.570      SignalP-noTM
fig|2005473.93.peg.61      0.297  19  0.476  19  0.833  16  0.743   0.580 Y  0.450      SignalP-TM
fig|2005473.93.peg.61      0.748  19  0.800  19  0.902  16  0.849   0.823 Y  0.570      SignalP-noTM
fig|2005473.93.peg.614     0.371  26  0.563  26  0.956  15  0.839   0.671 Y  0.450      SignalP-TM
fig|2005473.93.peg.614     0.639  26  0.756  26  0.953  10  0.906   0.827 Y  0.570      SignalP-noTM
fig|2005473.93.peg.620     0.393  22  0.518  22  0.900  21  0.666   0.588 Y  0.570      SignalP-noTM
fig|2005473.93.peg.625     0.404  22  0.567  22  0.862   8  0.785   0.652 Y  0.450      SignalP-TM
fig|2005473.93.peg.625     0.636  22  0.782  22  0.977  12  0.952   0.862 Y  0.570      SignalP-noTM
fig|2005473.93.peg.628     0.328  25  0.502  25  0.974  18  0.826   0.654 Y  0.570      SignalP-noTM
fig|2005473.93.peg.629     0.481  28  0.490  28  0.725  25  0.446   0.473 Y  0.450      SignalP-TM
fig|2005473.93.peg.632     0.153  32  0.339  27  0.953  21  0.898   0.602 Y  0.570      SignalP-noTM
fig|2005473.93.peg.637     0.443  21  0.537  21  0.852   2  0.717   0.607 Y  0.450      SignalP-TM
fig|2005473.93.peg.637     0.832  21  0.877  21  0.952  10  0.927   0.901 Y  0.570      SignalP-noTM
fig|2005473.93.peg.638     0.563  21  0.701  21  0.950  11  0.863   0.777 Y  0.570      SignalP-noTM
fig|2005473.93.peg.638     0.702  23  0.769  23  0.892  20  0.822   0.790 Y  0.450      SignalP-TM
fig|2005473.93.peg.640     0.457  20  0.597  20  0.928  18  0.767   0.677 Y  0.570      SignalP-noTM
fig|2005473.93.peg.641     0.244  22  0.461  22  0.919   9  0.843   0.610 Y  0.450      SignalP-TM
fig|2005473.93.peg.641     0.476  22  0.677  22  0.974  12  0.949   0.805 Y  0.570      SignalP-noTM
fig|2005473.93.peg.642     0.172  23  0.365  23  0.953   7  0.849   0.593 Y  0.570      SignalP-noTM
fig|2005473.93.peg.642     0.190  28  0.356  28  0.908   4  0.776   0.520 Y  0.450      SignalP-TM
fig|2005473.93.peg.645     0.425  23  0.516  23  0.726  21  0.565   0.535 Y  0.450      SignalP-TM
fig|2005473.93.peg.645     0.698  23  0.721  23  0.925   2  0.730   0.726 Y  0.570      SignalP-noTM
fig|2005473.93.peg.647     0.318  24  0.483  24  0.861   9  0.768   0.594 Y  0.450      SignalP-TM
fig|2005473.93.peg.647     0.704  24  0.795  24  0.965  20  0.904   0.847 Y  0.570      SignalP-noTM
fig|2005473.93.peg.649     0.705  32  0.570  32  0.604  29  0.364   0.490 Y  0.450      SignalP-TM
fig|2005473.93.peg.65      0.177  25  0.334  25  0.846  17  0.716   0.483 Y  0.450      SignalP-TM
fig|2005473.93.peg.65      0.303  20  0.439  20  0.738  17  0.650   0.517 Y  0.510      SignalP-TM
fig|2005473.93.peg.659     0.396  22  0.525  22  0.946   7  0.787   0.649 Y  0.570      SignalP-noTM
fig|2005473.93.peg.688     0.184  36  0.380  25  0.891  23  0.816   0.550 Y  0.450      SignalP-TM
fig|2005473.93.peg.688     0.475  25  0.652  25  0.982  11  0.924   0.780 Y  0.570      SignalP-noTM
fig|2005473.93.peg.69      0.597  20  0.545  20  0.707  16  0.496   0.526 Y  0.450      SignalP-TM
fig|2005473.93.peg.70      0.542  26  0.612  26  0.791  17  0.611   0.611 Y  0.450      SignalP-TM
fig|2005473.93.peg.700     0.411  23  0.551  23  0.891  19  0.699   0.609 Y  0.450      SignalP-TM
fig|2005473.93.peg.700     0.538  23  0.676  23  0.905  18  0.833   0.750 Y  0.570      SignalP-noTM
fig|2005473.93.peg.701     0.623  25  0.561  25  0.632  21  0.498   0.536 Y  0.450      SignalP-TM
fig|2005473.93.peg.702     0.182  21  0.400  21  0.935  18  0.889   0.630 Y  0.570      SignalP-noTM
fig|2005473.93.peg.704     0.480  29  0.675  29  0.974  18  0.895   0.761 Y  0.450      SignalP-TM
fig|2005473.93.peg.704     0.678  29  0.806  29  0.994  19  0.934   0.866 Y  0.570      SignalP-noTM
fig|2005473.93.peg.708     0.163  27  0.366  27  0.897  21  0.763   0.521 Y  0.450      SignalP-TM
fig|2005473.93.peg.708     0.563  27  0.706  27  0.963  21  0.832   0.765 Y  0.570      SignalP-noTM
fig|2005473.93.peg.714     0.217  22  0.370  22  0.864  16  0.637   0.474 Y  0.450      SignalP-TM
fig|2005473.93.peg.717     0.341  20  0.543  20  0.920   3  0.878   0.673 Y  0.450      SignalP-TM
fig|2005473.93.peg.717     0.800  20  0.871  20  0.965  18  0.943   0.905 Y  0.570      SignalP-noTM
fig|2005473.93.peg.718     0.462  23  0.627  23  0.907  13  0.797   0.694 Y  0.450      SignalP-TM
fig|2005473.93.peg.718     0.809  23  0.869  23  0.974  12  0.925   0.895 Y  0.570      SignalP-noTM
fig|2005473.93.peg.720     0.157  26  0.326  17  0.834  14  0.723   0.481 Y  0.450      SignalP-TM
fig|2005473.93.peg.720     0.334  17  0.518  17  0.882  13  0.798   0.650 Y  0.570      SignalP-noTM
fig|2005473.93.peg.721     0.188  22  0.362  22  0.809   4  0.723   0.503 Y  0.450      SignalP-TM
fig|2005473.93.peg.721     0.588  22  0.721  22  0.971  17  0.880   0.796 Y  0.570      SignalP-noTM
fig|2005473.93.peg.722     0.340  25  0.557  25  0.953  15  0.893   0.688 Y  0.450      SignalP-TM
fig|2005473.93.peg.722     0.349  25  0.575  25  0.964  12  0.945   0.749 Y  0.570      SignalP-noTM
fig|2005473.93.peg.724     0.265  24  0.426  22  0.829  20  0.744   0.575 Y  0.570      SignalP-noTM
fig|2005473.93.peg.724     0.486  24  0.526  24  0.757   4  0.626   0.565 Y  0.450      SignalP-TM
fig|2005473.93.peg.725     0.179  32  0.321  21  0.841  17  0.735   0.483 Y  0.450      SignalP-TM
fig|2005473.93.peg.725     0.211  24  0.411  24  0.940  17  0.841   0.613 Y  0.570      SignalP-noTM
fig|2005473.93.peg.727     0.447  25  0.531  25  0.810   8  0.677   0.588 Y  0.450      SignalP-TM
fig|2005473.93.peg.727     0.548  25  0.637  25  0.924  14  0.818   0.722 Y  0.570      SignalP-noTM
fig|2005473.93.peg.733     0.622  40  0.655  40  0.896  32  0.551   0.615 Y  0.450      SignalP-TM
fig|2005473.93.peg.734     0.440  20  0.590  20  0.903  19  0.765   0.673 Y  0.570      SignalP-noTM
fig|2005473.93.peg.74      0.245  27  0.395  27  0.812  12  0.667   0.501 Y  0.450      SignalP-TM
fig|2005473.93.peg.741     0.363  24  0.553  24  0.909  17  0.834   0.663 Y  0.450      SignalP-TM
fig|2005473.93.peg.741     0.366  22  0.567  22  0.944  20  0.883   0.715 Y  0.570      SignalP-noTM
fig|2005473.93.peg.742     0.267  24  0.458  24  0.936  13  0.836   0.636 Y  0.570      SignalP-noTM
fig|2005473.93.peg.742     0.270  24  0.449  24  0.855   9  0.767   0.573 Y  0.450      SignalP-TM
fig|2005473.93.peg.743     0.174  25  0.391  25  0.946   6  0.897   0.629 Y  0.570      SignalP-noTM
fig|2005473.93.peg.743     0.376  29  0.524  29  0.934   8  0.816   0.638 Y  0.450      SignalP-TM
fig|2005473.93.peg.744     0.596  40  0.562  40  0.681  29  0.468   0.526 Y  0.450      SignalP-TM
fig|2005473.93.peg.746     0.618  23  0.746  23  0.934  20  0.883   0.799 Y  0.450      SignalP-TM
fig|2005473.93.peg.746     0.761  23  0.846  23  0.965  15  0.935   0.887 Y  0.570      SignalP-noTM
fig|2005473.93.peg.747     0.253  21  0.468  21  0.953   9  0.866   0.623 Y  0.450      SignalP-TM
fig|2005473.93.peg.747     0.625  21  0.776  21  0.978  15  0.949   0.857 Y  0.570      SignalP-noTM
fig|2005473.93.peg.748     0.182  36  0.378  18  0.957  17  0.897   0.581 Y  0.450      SignalP-TM
fig|2005473.93.peg.748     0.338  20  0.569  20  0.968  16  0.947   0.747 Y  0.570      SignalP-noTM
fig|2005473.93.peg.751     0.302  28  0.518  28  0.942  25  0.824   0.637 Y  0.450      SignalP-TM
fig|2005473.93.peg.751     0.385  26  0.615  26  0.993  15  0.964   0.779 Y  0.570      SignalP-noTM
fig|2005473.93.peg.755     0.239  17  0.462  17  0.938   1  0.901   0.668 Y  0.570      SignalP-noTM
fig|2005473.93.peg.755     0.317  29  0.438  29  0.844  13  0.706   0.543 Y  0.450      SignalP-TM
fig|2005473.93.peg.758     0.296  27  0.452  27  0.824  12  0.716   0.555 Y  0.450      SignalP-TM
fig|2005473.93.peg.758     0.458  27  0.596  27  0.935  25  0.797   0.691 Y  0.570      SignalP-noTM
fig|2005473.93.peg.760     0.279  28  0.427  28  0.777  25  0.572   0.484 Y  0.450      SignalP-TM
fig|2005473.93.peg.760     0.435  28  0.617  28  0.954  17  0.826   0.715 Y  0.570      SignalP-noTM
fig|2005473.93.peg.767     0.544  27  0.647  27  0.941  16  0.845   0.740 Y  0.570      SignalP-noTM
fig|2005473.93.peg.767     0.554  27  0.680  27  0.960  10  0.882   0.759 Y  0.450      SignalP-TM
fig|2005473.93.peg.768     0.773  33  0.754  33  0.881  22  0.745   0.751 Y  0.450      SignalP-TM
fig|2005473.93.peg.768     0.830  33  0.791  33  0.973  16  0.856   0.822 Y  0.570      SignalP-noTM
fig|2005473.93.peg.771     0.326  27  0.510  27  0.910  14  0.795   0.621 Y  0.450      SignalP-TM
fig|2005473.93.peg.773     0.314  21  0.513  21  0.948   6  0.874   0.654 Y  0.450      SignalP-TM
fig|2005473.93.peg.773     0.759  21  0.847  21  0.975   8  0.950   0.895 Y  0.570      SignalP-noTM
fig|2005473.93.peg.782     0.515  23  0.667  23  0.922   3  0.876   0.749 Y  0.450      SignalP-TM
fig|2005473.93.peg.782     0.641  23  0.778  23  0.969  19  0.946   0.857 Y  0.570      SignalP-noTM
fig|2005473.93.peg.784     0.288  21  0.484  21  0.905  10  0.821   0.616 Y  0.450      SignalP-TM
fig|2005473.93.peg.784     0.374  21  0.599  21  0.976  11  0.958   0.768 Y  0.570      SignalP-noTM
fig|2005473.93.peg.788     0.607  25  0.740  25  0.973  21  0.928   0.828 Y  0.570      SignalP-noTM
fig|2005473.93.peg.788     0.629  25  0.708  25  0.954   6  0.860   0.768 Y  0.450      SignalP-TM
fig|2005473.93.peg.8       0.435  21  0.612  21  0.915   7  0.859   0.708 Y  0.450      SignalP-TM
fig|2005473.93.peg.8       0.708  21  0.826  21  0.982  11  0.959   0.889 Y  0.570      SignalP-noTM
fig|2005473.93.peg.800     0.169  29  0.323  14  0.903  12  0.879   0.540 Y  0.450      SignalP-TM
fig|2005473.93.peg.800     0.182  18  0.406  18  0.972   5  0.918   0.646 Y  0.570      SignalP-noTM
fig|2005473.93.peg.809     0.763  26  0.640  26  0.781   7  0.618   0.632 Y  0.450      SignalP-TM
fig|2005473.93.peg.809     0.830  26  0.753  26  0.836  20  0.721   0.738 Y  0.570      SignalP-noTM
fig|2005473.93.peg.817     0.649  23  0.658  23  0.803   1  0.713   0.684 Y  0.570      SignalP-noTM
fig|2005473.93.peg.817     0.685  23  0.684  23  0.786   5  0.695   0.688 Y  0.450      SignalP-TM
fig|2005473.93.peg.822     0.339  29  0.513  29  0.934  12  0.808   0.628 Y  0.450      SignalP-TM
fig|2005473.93.peg.822     0.364  29  0.543  29  0.955  13  0.859   0.691 Y  0.570      SignalP-noTM
fig|2005473.93.peg.824     0.247  19  0.438  19  0.897  15  0.796   0.607 Y  0.570      SignalP-noTM
fig|2005473.93.peg.824     0.297  28  0.426  19  0.874   8  0.808   0.575 Y  0.450      SignalP-TM
fig|2005473.93.peg.826     0.219  26  0.430  24  0.945   8  0.869   0.601 Y  0.450      SignalP-TM
fig|2005473.93.peg.826     0.571  23  0.731  23  0.955   8  0.939   0.829 Y  0.570      SignalP-noTM
fig|2005473.93.peg.832     0.236  23  0.364  21  0.761   2  0.643   0.473 Y  0.450      SignalP-TM
fig|2005473.93.peg.832     0.458  21  0.633  21  0.936  18  0.869   0.744 Y  0.570      SignalP-noTM
fig|2005473.93.peg.836     0.224  20  0.414  20  0.920   4  0.799   0.564 Y  0.450      SignalP-TM
fig|2005473.93.peg.836     0.575  22  0.709  22  0.956  16  0.897   0.797 Y  0.570      SignalP-noTM
fig|2005473.93.peg.840     0.495  21  0.600  21  0.914   2  0.785   0.672 Y  0.450      SignalP-TM
fig|2005473.93.peg.840     0.591  21  0.715  21  0.931  17  0.883   0.794 Y  0.570      SignalP-noTM
fig|2005473.93.peg.847     0.665  25  0.734  25  0.954   7  0.857   0.782 Y  0.450      SignalP-TM
fig|2005473.93.peg.847     0.813  25  0.821  25  0.958  21  0.861   0.840 Y  0.570      SignalP-noTM
fig|2005473.93.peg.852     0.514  24  0.639  24  0.934  12  0.840   0.734 Y  0.570      SignalP-noTM
fig|2005473.93.peg.852     0.626  24  0.764  24  0.946   8  0.927   0.828 Y  0.450      SignalP-TM
fig|2005473.93.peg.858     0.159  33  0.364  18  0.940  15  0.840   0.549 Y  0.450      SignalP-TM
fig|2005473.93.peg.858     0.578  18  0.752  18  0.986  14  0.956   0.848 Y  0.570      SignalP-noTM
fig|2005473.93.peg.861     0.405  24  0.579  24  0.889   8  0.827   0.676 Y  0.450      SignalP-TM
fig|2005473.93.peg.861     0.762  24  0.797  24  0.956  20  0.865   0.829 Y  0.570      SignalP-noTM
fig|2005473.93.peg.862     0.253  24  0.395  21  0.914   6  0.745   0.532 Y  0.450      SignalP-TM
fig|2005473.93.peg.862     0.800  21  0.871  21  0.978  17  0.943   0.905 Y  0.570      SignalP-noTM
fig|2005473.93.peg.863     0.532  24  0.631  24  0.888   9  0.786   0.691 Y  0.450      SignalP-TM
fig|2005473.93.peg.863     0.857  24  0.893  24  0.972  15  0.938   0.914 Y  0.570      SignalP-noTM
fig|2005473.93.peg.865     0.454  21  0.651  21  0.967  17  0.927   0.781 Y  0.570      SignalP-noTM
fig|2005473.93.peg.866     0.367  23  0.507  23  0.840  21  0.644   0.561 Y  0.450      SignalP-TM
fig|2005473.93.peg.866     0.385  23  0.506  23  0.834  18  0.658   0.577 Y  0.570      SignalP-noTM
fig|2005473.93.peg.867     0.456  25  0.534  25  0.803  11  0.650   0.579 Y  0.450      SignalP-TM
fig|2005473.93.peg.867     0.634  25  0.690  25  0.934  14  0.825   0.753 Y  0.570      SignalP-noTM
fig|2005473.93.peg.877     0.401  21  0.553  21  0.845   4  0.782   0.643 Y  0.450      SignalP-TM
fig|2005473.93.peg.877     0.801  21  0.867  21  0.964   8  0.937   0.900 Y  0.570      SignalP-noTM
fig|2005473.93.peg.879     0.172  32  0.362  21  0.908   2  0.852   0.553 Y  0.450      SignalP-TM
fig|2005473.93.peg.879     0.253  42  0.416  20  0.970  15  0.942   0.663 Y  0.570      SignalP-noTM
fig|2005473.93.peg.880     0.184  20  0.372  20  0.840  18  0.743   0.517 Y  0.450      SignalP-TM
fig|2005473.93.peg.880     0.545  20  0.723  20  0.969  17  0.942   0.826 Y  0.570      SignalP-noTM
fig|2005473.93.peg.881     0.175  31  0.320  21  0.888  18  0.757   0.491 Y  0.450      SignalP-TM
fig|2005473.93.peg.881     0.204  23  0.421  23  0.939  17  0.879   0.636 Y  0.570      SignalP-noTM
fig|2005473.93.peg.882     0.406  24  0.579  24  0.920   2  0.856   0.687 Y  0.450      SignalP-TM
fig|2005473.93.peg.882     0.751  24  0.788  24  0.939  17  0.846   0.815 Y  0.570      SignalP-noTM
fig|2005473.93.peg.884     0.274  22  0.474  22  0.913   1  0.847   0.649 Y  0.570      SignalP-noTM
fig|2005473.93.peg.884     0.292  22  0.464  22  0.898   2  0.775   0.586 Y  0.450      SignalP-TM
fig|2005473.93.peg.886     0.532  30  0.699  30  0.968  21  0.841   0.755 Y  0.450      SignalP-TM
fig|2005473.93.peg.886     0.847  30  0.875  30  0.972  19  0.860   0.868 Y  0.570      SignalP-noTM
fig|2005473.93.peg.889     0.221  22  0.420  22  0.889  10  0.728   0.540 Y  0.450      SignalP-TM
fig|2005473.93.peg.889     0.378  27  0.536  27  0.935   6  0.831   0.675 Y  0.570      SignalP-noTM
fig|2005473.93.peg.890     0.232  27  0.364  25  0.804  18  0.678   0.486 Y  0.450      SignalP-TM
fig|2005473.93.peg.890     0.618  20  0.743  20  0.942  16  0.899   0.816 Y  0.570      SignalP-noTM
fig|2005473.93.peg.897     0.764  22  0.772  22  0.893  20  0.769   0.771 Y  0.570      SignalP-noTM
fig|2005473.93.peg.9       0.210  28  0.358  28  0.843   2  0.705   0.493 Y  0.450      SignalP-TM
fig|2005473.93.peg.9       0.269  28  0.404  20  0.880   2  0.773   0.577 Y  0.570      SignalP-noTM
fig|2005473.93.peg.903     0.372  36  0.539  24  0.895  21  0.773   0.630 Y  0.450      SignalP-TM
fig|2005473.93.peg.903     0.478  24  0.636  24  0.940  15  0.858   0.741 Y  0.570      SignalP-noTM
fig|2005473.93.peg.904     0.218  30  0.361  13  0.974   9  0.911   0.620 Y  0.570      SignalP-noTM
fig|2005473.93.peg.904     0.414  30  0.443  30  0.886  14  0.674   0.533 Y  0.450      SignalP-TM
fig|2005473.93.peg.905     0.738  27  0.812  27  0.940  24  0.883   0.840 Y  0.450      SignalP-TM
fig|2005473.93.peg.905     0.839  27  0.853  27  0.951  24  0.885   0.868 Y  0.570      SignalP-noTM
fig|2005473.93.peg.908     0.559  35  0.633  35  0.849  31  0.593   0.617 Y  0.450      SignalP-TM
fig|2005473.93.peg.908     0.589  35  0.720  35  0.975  31  0.805   0.760 Y  0.570      SignalP-noTM
fig|2005473.93.peg.913     0.401  27  0.527  27  0.867  14  0.753   0.633 Y  0.570      SignalP-noTM
fig|2005473.93.peg.913     0.555  27  0.638  27  0.891  10  0.797   0.700 Y  0.450      SignalP-TM
fig|2005473.93.peg.964     0.398  21  0.532  21  0.897   2  0.745   0.615 Y  0.450      SignalP-TM
fig|2005473.93.peg.964     0.718  21  0.785  21  0.956  17  0.873   0.827 Y  0.570      SignalP-noTM
fig|2005473.93.peg.969     0.207  27  0.342  27  0.856  12  0.684   0.476 Y  0.450      SignalP-TM
fig|2005473.93.peg.969     0.218  25  0.410  19  0.914  12  0.847   0.572 Y  0.510      SignalP-TM
fig|2005473.93.peg.989     0.228  23  0.425  23  0.891  13  0.809   0.575 Y  0.450      SignalP-TM
fig|2005473.93.peg.989     0.428  23  0.629  23  0.979  19  0.923   0.767 Y  0.570      SignalP-noTM
fig|2005473.93.peg.992     0.283  30  0.516  30  0.986  17  0.924   0.675 Y  0.450      SignalP-TM
fig|2005473.93.peg.992     0.762  29  0.863  29  0.997  17  0.963   0.910 Y  0.570      SignalP-noTM
fig|2005473.93.peg.999     0.162  20  0.340  20  0.894   1  0.736   0.495 Y  0.450      SignalP-TM
fig|2005473.93.peg.999     0.864  20  0.888  20  0.935  15  0.901   0.894 Y  0.570      SignalP-noTM
