#                                                                                      --- full sequence --- -------------- this domain -------------   hmm coord   ali coord   env coord
# target name        accession   tlen query name                     accession   qlen   E-value  score  bias   #  of  c-Evalue  i-Evalue  score  bias  from    to  from    to  from    to  acc description of target
#------------------- ---------- -----           -------------------- ---------- ----- --------- ------ ----- --- --- --------- --------- ------ ----- ----- ----- ----- ----- ----- ----- ---- ---------------------
GH114.hmm            -            190 lcl|U00096.3_prot_AAC73150.1_39 -            380   0.00013   17.3   0.0   1   1   2.4e-07    0.0002   16.7   0.0    72   133   180   245   153   274 0.78 -
GT26.hmm             -            171 lcl|U00096.3_prot_AAC73152.2_41 -            256    0.0008   14.8   0.3   1   2     6e-06    0.0049   12.2   0.0    29   110    38   122    23   125 0.90 -
GT26.hmm             -            171 lcl|U00096.3_prot_AAC73152.2_41 -            256    0.0008   14.8   0.3   2   2     0.026        21    0.4   0.0    43    69   228   254   218   256 0.84 -
AA3_1.hmm            -            548 lcl|U00096.3_prot_AAC73154.1_43 -            428   7.6e-12   40.2   2.0   1   2   1.9e-10     4e-08   27.9   0.4    14    57     3    48     1    58 0.82 -
AA3_1.hmm            -            548 lcl|U00096.3_prot_AAC73154.1_43 -            428   7.6e-12   40.2   2.0   2   2   1.5e-05    0.0031   11.8   0.1   208   266   112   162   105   178 0.81 -
AA3.hmm              -            618 lcl|U00096.3_prot_AAC73154.1_43 -            428   7.6e-10   33.4   0.3   1   1   9.8e-12     2e-09   32.0   0.3    87   248     3   161     1   192 0.55 -
AA3_2.hmm            -            568 lcl|U00096.3_prot_AAC73154.1_43 -            428   4.7e-08   27.8   1.7   1   3   2.7e-09   5.6e-07   24.2   1.0     3    40     6    42     4    57 0.88 -
AA3_2.hmm            -            568 lcl|U00096.3_prot_AAC73154.1_43 -            428   4.7e-08   27.8   1.7   2   3     0.025       5.2    1.2   0.0   208   269   108   161    77   164 0.75 -
AA3_2.hmm            -            568 lcl|U00096.3_prot_AAC73154.1_43 -            428   4.7e-08   27.8   1.7   3   3      0.29        60   -2.3   0.0   324   368   330   377   322   406 0.68 -
AA3_3.hmm            -            590 lcl|U00096.3_prot_AAC73154.1_43 -            428    0.0007   13.7   0.2   1   1   5.2e-06    0.0011   13.1   0.2     3    52     6    52     4    66 0.80 -
GT119.hmm            -            360 lcl|U00096.3_prot_AAC73200.1_90 -            414   7.7e-94  310.4  20.6   1   1   1.2e-96   9.7e-94  310.1  20.6     6   358    54   399    49   401 0.93 -
GT28.hmm             -            157 lcl|U00096.3_prot_AAC73201.1_91 -            355   1.1e-49  163.8   0.6   1   1   6.1e-52   1.7e-49  163.2   0.6     2   157   185   341   184   341 0.97 -
GT1.hmm              -            382 lcl|U00096.3_prot_AAC73201.1_91 -            355   5.9e-09   32.1   0.8   1   2     0.033         9    2.0   1.1    12   116     9   113     2   126 0.68 -
GT1.hmm              -            382 lcl|U00096.3_prot_AAC73201.1_91 -            355   5.9e-09   32.1   0.8   2   2   2.2e-11   5.9e-09   32.1   0.8   225   366   177   335   125   349 0.67 -
GT115.hmm            -            252 lcl|U00096.3_prot_AAC73201.1_91 -            355   1.4e-05   20.6   0.5   1   2   1.7e-06   0.00047   15.5   0.1     4   247    12   274     8   279 0.68 -
GT115.hmm            -            252 lcl|U00096.3_prot_AAC73201.1_91 -            355   1.4e-05   20.6   0.5   2   2     0.079        22    0.3   0.1    18    72   301   354   297   355 0.80 -
CE11.hmm             -            271 lcl|U00096.3_prot_AAC73207.1_97 -            305  1.1e-121  400.9   0.0   1   1  1.5e-124  1.2e-121  400.7   0.0     1   270     4   276     4   277 0.99 -
AA1.hmm              -            358 lcl|U00096.3_prot_AAC73234.1_123 -            516   1.5e-31  105.9   0.0   1   1   1.3e-33   2.6e-31  105.1   0.0    11   357    66   510    55   511 0.68 -
AA1_3.hmm            -            312 lcl|U00096.3_prot_AAC73234.1_123 -            516   1.7e-16   56.0   0.0   1   2   2.7e-18   5.6e-16   54.2   0.0    14   262    46   290    38   300 0.82 -
AA1_3.hmm            -            312 lcl|U00096.3_prot_AAC73234.1_123 -            516   1.7e-16   56.0   0.0   2   2      0.41        85   -2.2   0.0    29    57   449   476   441   488 0.77 -
AA1_2.hmm            -            337 lcl|U00096.3_prot_AAC73234.1_123 -            516   3.4e-15   51.5   0.0   1   1   8.9e-17   1.8e-14   49.1   0.0     6   225    68   290    64   312 0.81 -
AA1_1.hmm            -            303 lcl|U00096.3_prot_AAC73234.1_123 -            516   5.6e-11   37.7   0.0   1   1   3.5e-12   7.2e-10   34.1   0.0    13   239    69   290    60   295 0.75 -
CE4.hmm              -            130 lcl|U00096.3_prot_AAC73241.1_130 -            409   5.4e-28   93.4   0.1   1   1   1.3e-30   1.1e-27   92.5   0.1     4   128   227   371   224   373 0.89 -
GH179.hmm            -            338 lcl|U00096.3_prot_AAC73244.1_133 -            283    0.0066   11.3   0.0   1   1   1.2e-05    0.0099   10.8   0.0   169   230   129   190   118   200 0.93 -
GT51.hmm             -            177 lcl|U00096.3_prot_AAC73260.1_149 -            844   6.9e-56  184.2   0.0   1   1   1.5e-58   1.2e-55  183.3   0.0     8   175   208   379   201   381 0.95 -
GT51.hmm             -            177 lcl|U00096.3_prot_QNV50512.1_150 -            799   6.3e-56  184.3   0.0   1   1   1.4e-58   1.1e-55  183.5   0.0     8   175   163   334   156   336 0.95 -
GT19.hmm             -            354 lcl|U00096.3_prot_AAC73293.1_184 -            382  1.1e-142  470.5   0.0   1   1  4.6e-145  1.3e-142  470.3   0.0     1   353     9   366     9   367 0.98 -
GT9.hmm              -            225 lcl|U00096.3_prot_AAC73293.1_184 -            382    0.0003   16.4   0.0   1   2   2.8e-05    0.0076   11.8   0.0    69   146   160   252   101   263 0.69 -
GT9.hmm              -            225 lcl|U00096.3_prot_AAC73293.1_184 -            382    0.0003   16.4   0.0   2   2     0.031       8.5    1.8   0.0    23    68   277   330   267   377 0.60 -
GT28.hmm             -            157 lcl|U00096.3_prot_AAC73293.1_184 -            382     0.005   12.3   0.5   1   2    0.0035      0.97    4.8   0.0    17    91   218   291   196   296 0.69 -
GT28.hmm             -            157 lcl|U00096.3_prot_AAC73293.1_184 -            382     0.005   12.3   0.5   2   2    0.0027      0.74    5.2   0.1   118   154   327   363   316   365 0.86 -
CBM50.hmm            -             40 lcl|U00096.3_prot_AAC73316.1_208 -            452   5.7e-32  105.5   0.9   1   4       0.8   3.3e+02   -2.5   0.0    13    20   244   251   244   255 0.81 -
CBM50.hmm            -             40 lcl|U00096.3_prot_AAC73316.1_208 -            452   5.7e-32  105.5   0.9   2   4       0.1        42    0.3   0.0    10    27   272   289   271   301 0.80 -
CBM50.hmm            -             40 lcl|U00096.3_prot_AAC73316.1_208 -            452   5.7e-32  105.5   0.9   3   4   1.1e-17   4.7e-15   51.4   0.1     1    39   343   384   343   385 0.91 -
CBM50.hmm            -             40 lcl|U00096.3_prot_AAC73316.1_208 -            452   5.7e-32  105.5   0.9   4   4   5.3e-17   2.2e-14   49.2   0.1     1    39   402   442   402   442 0.91 -
GH23.hmm             -            135 lcl|U00096.3_prot_AAC73316.1_208 -            452   3.8e-24   81.4   0.2   1   1   1.7e-26   7.2e-24   80.5   0.2     2   127   101   244   100   251 0.95 -
CE7.hmm              -            313 lcl|U00096.3_prot_AAC73343.1_232 -            414   2.6e-09   32.0   0.0   1   2     1e-08   4.3e-06   21.4   0.0    53   128   167   246   143   254 0.78 -
CE7.hmm              -            313 lcl|U00096.3_prot_AAC73343.1_232 -            414   2.6e-09   32.0   0.0   2   2   6.8e-05     0.028    8.9   0.0   162   217   253   313   249   339 0.75 -
CE1.hmm              -            227 lcl|U00096.3_prot_AAC73343.1_232 -            414   3.1e-05   19.4   0.0   1   2    0.0087       3.6    2.9   0.0   126   193    84   163    80   179 0.59 -
CE1.hmm              -            227 lcl|U00096.3_prot_AAC73343.1_232 -            414   3.1e-05   19.4   0.0   2   2   2.3e-06   0.00093   14.6   0.0    11   143   184   345   176   405 0.73 -
GH43_11.hmm          -            292 lcl|U00096.3_prot_AAC73374.1_264 -            536  2.7e-138  455.8   0.0   1   1  1.5e-139  3.3e-138  455.5   0.0     1   292     3   303     3   303 1.00 -
GH43_12.hmm          -            281 lcl|U00096.3_prot_AAC73374.1_264 -            536     1e-92  306.3   0.0   1   1   6.3e-94   1.3e-92  305.9   0.0     1   281     4   303     4   303 0.97 -
GH43_13.hmm          -            298 lcl|U00096.3_prot_AAC73374.1_264 -            536   2.2e-79  262.8   0.1   1   1   1.3e-80   2.8e-79  262.5   0.1     2   298     4   303     3   303 0.93 -
GH43_14.hmm          -            291 lcl|U00096.3_prot_AAC73374.1_264 -            536   2.3e-72  239.7   0.1   1   1   1.7e-73   3.6e-72  239.1   0.1     2   291     4   303     3   303 0.88 -
GH43.hmm             -            248 lcl|U00096.3_prot_AAC73374.1_264 -            536   5.6e-62  205.6   2.8   1   2   2.6e-63   5.6e-62  205.6   2.8     1   247     3   303     3   304 0.85 -
GH43.hmm             -            248 lcl|U00096.3_prot_AAC73374.1_264 -            536   5.6e-62  205.6   2.8   2   2       6.7   1.4e+02   -2.1   0.1   159   241   419   441   372   492 0.59 -
CBM91.hmm            -            200 lcl|U00096.3_prot_AAC73374.1_264 -            536   8.6e-59  194.1   0.0   1   1   7.7e-60   1.6e-58  193.2   0.0     4   199   331   536   328   536 0.90 -
GH43_10.hmm          -            271 lcl|U00096.3_prot_AAC73374.1_264 -            536   2.6e-53  177.2   0.2   1   2   6.1e-54   1.3e-52  174.9   0.0     1   271     4   303     4   303 0.88 -
GH43_10.hmm          -            271 lcl|U00096.3_prot_AAC73374.1_264 -            536   2.6e-53  177.2   0.2   2   2       1.2        26    0.1   0.1   233   271   407   447   376   447 0.77 -
GH43_9.hmm           -            270 lcl|U00096.3_prot_AAC73374.1_264 -            536     3e-53  176.6   0.0   1   1   2.5e-54   5.2e-53  175.8   0.0     2   269     5   302     4   303 0.87 -
GH43_3.hmm           -            301 lcl|U00096.3_prot_AAC73374.1_264 -            536   1.4e-34  115.4   0.0   1   1   9.6e-36     2e-34  114.9   0.0     2   301     4   303     3   303 0.79 -
GH43_34.hmm          -            280 lcl|U00096.3_prot_AAC73374.1_264 -            536   1.6e-32  108.9   0.0   1   1   1.2e-33   2.5e-32  108.2   0.0     1   256     5   266     5   301 0.79 -
GH43_15.hmm          -            284 lcl|U00096.3_prot_AAC73374.1_264 -            536   3.2e-32  107.6   0.3   1   1   2.4e-33     5e-32  107.0   0.3     2   252     4   261     3   302 0.77 -
GH43_8.hmm           -            281 lcl|U00096.3_prot_AAC73374.1_264 -            536   3.2e-29   97.7   0.0   1   1   2.3e-30   4.8e-29   97.1   0.0     2   253     5   263     4   267 0.87 -
GH43_36.hmm          -            267 lcl|U00096.3_prot_AAC73374.1_264 -            536   3.8e-28   94.5   0.1   1   1   4.2e-29   8.8e-28   93.3   0.0     2   253     4   271     3   303 0.80 -
GH43_31.hmm          -            269 lcl|U00096.3_prot_AAC73374.1_264 -            536   5.5e-26   87.0   0.0   1   2   6.3e-27   1.3e-25   85.7   0.0     5   249    13   266    10   269 0.85 -
GH43_31.hmm          -            269 lcl|U00096.3_prot_AAC73374.1_264 -            536   5.5e-26   87.0   0.0   2   2       8.2   1.7e+02   -3.2   0.0   114   147   413   447   405   466 0.69 -
GH43_32.hmm          -            296 lcl|U00096.3_prot_AAC73374.1_264 -            536   2.1e-22   75.2   0.1   1   2   4.6e-18   9.7e-17   56.6   0.0     1   158     4   166     4   180 0.77 -
GH43_32.hmm          -            296 lcl|U00096.3_prot_AAC73374.1_264 -            536   2.1e-22   75.2   0.1   2   2   9.1e-06   0.00019   16.2   0.0    70   134   192   263   187   270 0.83 -
GH43_16.hmm          -            301 lcl|U00096.3_prot_AAC73374.1_264 -            536   1.6e-20   69.3   0.1   1   2   8.1e-20   1.7e-18   62.6   0.0     2   275     5   267     4   304 0.69 -
GH43_16.hmm          -            301 lcl|U00096.3_prot_AAC73374.1_264 -            536   1.6e-20   69.3   0.1   2   2     0.045      0.95    4.3   0.0   168   219   429   484   410   507 0.81 -
GH43_29.hmm          -            278 lcl|U00096.3_prot_AAC73374.1_264 -            536   1.4e-18   62.8   0.0   1   2   3.1e-19   6.6e-18   60.5   0.0     1   255     5   268     5   302 0.75 -
GH43_29.hmm          -            278 lcl|U00096.3_prot_AAC73374.1_264 -            536   1.4e-18   62.8   0.0   2   2       1.2        25   -0.4   0.1    52   113   385   447   373   476 0.69 -
GH43_28.hmm          -            265 lcl|U00096.3_prot_AAC73374.1_264 -            536   1.4e-18   63.0   2.4   1   1   2.5e-18   5.2e-17   57.8   2.4     6   239    14   263    12   267 0.72 -
GH43_4.hmm           -            321 lcl|U00096.3_prot_AAC73374.1_264 -            536   5.4e-18   61.3   1.0   1   1   1.5e-16   3.2e-15   52.2   1.0     5   285    14   254    13   270 0.75 -
GH43_37.hmm          -            248 lcl|U00096.3_prot_AAC73374.1_264 -            536     3e-17   58.7   0.0   1   1   2.4e-18   5.1e-17   57.9   0.0    17   213    21   225    17   250 0.83 -
GH43_26.hmm          -            294 lcl|U00096.3_prot_AAC73374.1_264 -            536   7.5e-17   57.3   0.0   1   1   6.9e-18   1.5e-16   56.4   0.0     2   268     4   266     3   301 0.70 -
GH43_5.hmm           -            287 lcl|U00096.3_prot_AAC73374.1_264 -            536     1e-16   57.0   1.5   1   3   1.6e-10   3.5e-09   32.2   0.0     3    75    14    89    12    95 0.90 -
GH43_5.hmm           -            287 lcl|U00096.3_prot_AAC73374.1_264 -            536     1e-16   57.0   1.5   2   3     9e-08   1.9e-06   23.2   0.0   121   229   126   234   122   266 0.78 -
GH43_5.hmm           -            287 lcl|U00096.3_prot_AAC73374.1_264 -            536     1e-16   57.0   1.5   3   3        10   2.1e+02   -3.2   0.1   276   287   293   303   290   303 0.89 -
GH43_30.hmm          -            265 lcl|U00096.3_prot_AAC73374.1_264 -            536   4.5e-16   54.7   0.0   1   1   4.4e-17   9.2e-16   53.7   0.0     3   250    13   263    12   270 0.81 -
GH43_2.hmm           -            277 lcl|U00096.3_prot_AAC73374.1_264 -            536   4.9e-16   54.6   0.1   1   1   3.7e-17   7.9e-16   53.9   0.1    43   252    36   265    20   268 0.75 -
GH43_33.hmm          -            313 lcl|U00096.3_prot_AAC73374.1_264 -            536   7.3e-16   53.5   1.1   1   2   9.1e-12   1.9e-10   35.7   0.1     5   139    14   142    11   159 0.77 -
GH43_33.hmm          -            313 lcl|U00096.3_prot_AAC73374.1_264 -            536   7.3e-16   53.5   1.1   2   2   6.2e-06   0.00013   16.5   0.1   209   291   184   264   175   269 0.92 -
GH43_19.hmm          -            229 lcl|U00096.3_prot_AAC73374.1_264 -            536   4.6e-15   51.7   0.0   1   1   5.7e-16   1.2e-14   50.3   0.0     3   200    10   263     8   268 0.82 -
GH43_17.hmm          -            267 lcl|U00096.3_prot_AAC73374.1_264 -            536   4.3e-13   44.6   1.7   1   1   6.5e-14   1.4e-12   42.9   1.7    14   257    22   263    13   269 0.75 -
GH43_24.hmm          -            246 lcl|U00096.3_prot_AAC73374.1_264 -            536   8.1e-12   40.9   0.0   1   1   9.5e-13     2e-11   39.6   0.0     8   208    24   228    17   254 0.82 -
GH43_23.hmm          -            197 lcl|U00096.3_prot_AAC73374.1_264 -            536   4.5e-11   38.6   0.1   1   2   4.7e-08   9.9e-07   24.5   0.0     5   123    14   139    10   142 0.76 -
GH43_23.hmm          -            197 lcl|U00096.3_prot_AAC73374.1_264 -            536   4.5e-11   38.6   0.1   2   2   0.00015    0.0031   13.0   0.0    58   177   128   262   123   267 0.75 -
GH43_1.hmm           -            307 lcl|U00096.3_prot_AAC73374.1_264 -            536   1.4e-09   33.0   4.0   1   2   8.3e-07   1.8e-05   19.6   0.1    76   145    71   142    40   179 0.76 -
GH43_1.hmm           -            307 lcl|U00096.3_prot_AAC73374.1_264 -            536   1.4e-09   33.0   4.0   2   2   4.3e-05    0.0009   14.0   1.0   212   279   184   263   179   269 0.77 -
GH43_18.hmm          -            226 lcl|U00096.3_prot_AAC73374.1_264 -            536   6.4e-09   31.6   1.4   1   2   9.9e-10   2.1e-08   29.9   0.1     4   194    12   204     9   251 0.74 -
GH43_18.hmm          -            226 lcl|U00096.3_prot_AAC73374.1_264 -            536   6.4e-09   31.6   1.4   2   2       7.3   1.5e+02   -2.4   0.1   136   195   419   477   403   494 0.60 -
GH43_27.hmm          -            298 lcl|U00096.3_prot_AAC73374.1_264 -            536   6.6e-07   24.3   0.1   1   1   5.1e-07   1.1e-05   20.3   0.1     5   293    14   299    12   303 0.73 -
GH43_22.hmm          -            209 lcl|U00096.3_prot_AAC73374.1_264 -            536   8.7e-07   24.6   0.1   1   1   2.9e-07   6.2e-06   21.8   0.1     6   194    14   203    10   265 0.56 -
GH117.hmm            -            211 lcl|U00096.3_prot_AAC73374.1_264 -            536     4e-06   22.2   2.2   1   2   3.1e-06   6.6e-05   18.2   0.2    48   113    64   122    56   163 0.69 -
GH117.hmm            -            211 lcl|U00096.3_prot_AAC73374.1_264 -            536     4e-06   22.2   2.2   2   2      0.21       4.4    2.4   0.1    90   113   212   235   184   266 0.70 -
GH43_7.hmm           -            271 lcl|U00096.3_prot_AAC73374.1_264 -            536     1e-05   20.7   0.8   1   2   1.5e-06   3.2e-05   19.1   0.1   131   204   155   227   122   236 0.75 -
GH43_7.hmm           -            271 lcl|U00096.3_prot_AAC73374.1_264 -            536     1e-05   20.7   0.8   2   2       4.7     1e+02   -2.2   0.1   260   270   293   303   290   304 0.84 -
GH43_6.hmm           -            292 lcl|U00096.3_prot_AAC73374.1_264 -            536   2.3e-05   19.2   9.9   1   5   2.3e-05   0.00049   14.9   0.0     6    76    14    89    11    96 0.82 -
GH43_6.hmm           -            292 lcl|U00096.3_prot_AAC73374.1_264 -            536   2.3e-05   19.2   9.9   2   5      0.61        13    0.3   0.1    28    40   105   117    97   125 0.83 -
GH43_6.hmm           -            292 lcl|U00096.3_prot_AAC73374.1_264 -            536   2.3e-05   19.2   9.9   3   5       3.7        79   -2.2   0.0     5    21   126   143   123   146 0.82 -
GH43_6.hmm           -            292 lcl|U00096.3_prot_AAC73374.1_264 -            536   2.3e-05   19.2   9.9   4   5    0.0054      0.11    7.1   0.3   171   193   184   206   169   235 0.81 -
GH43_6.hmm           -            292 lcl|U00096.3_prot_AAC73374.1_264 -            536   2.3e-05   19.2   9.9   5   5       2.8        59   -1.8   0.0   280   292   291   303   288   303 0.88 -
GH43_25.hmm          -            212 lcl|U00096.3_prot_AAC73374.1_264 -            536   0.00014   17.3   0.2   1   2   3.7e-05   0.00078   14.9   0.1     8   187    24   229    17   241 0.69 -
GH43_25.hmm          -            212 lcl|U00096.3_prot_AAC73374.1_264 -            536   0.00014   17.3   0.2   2   2      0.83        18    0.7   0.0    64   111   209   261   189   266 0.75 -
GH43_35.hmm          -            305 lcl|U00096.3_prot_AAC73374.1_264 -            536   0.00031   15.7   0.2   1   1   0.00017    0.0036   12.2   0.2    75   280    70   263    40   267 0.56 -
GH80.hmm             -             63 lcl|U00096.3_prot_AAC73374.1_264 -            536   0.00033   16.2   2.2   1   2   4.7e-05     0.001   14.7   0.2    16    39   408   431   402   434 0.91 -
GH80.hmm             -             63 lcl|U00096.3_prot_AAC73374.1_264 -            536   0.00033   16.2   2.2   2   2       1.7        37    0.1   0.2    23    45   480   502   475   513 0.84 -
AA3_1.hmm            -            548 lcl|U00096.3_prot_AAC73407.2_299 -            441   3.8e-05   18.0   0.9   1   2   4.4e-07   0.00012   16.4   0.1    15    54     2    41     1    47 0.93 -
AA3_1.hmm            -            548 lcl|U00096.3_prot_AAC73407.2_299 -            441   3.8e-05   18.0   0.9   2   2     0.055        15   -0.4   0.0    21    48   163   190   162   196 0.93 -
AA3_2.hmm            -            568 lcl|U00096.3_prot_AAC73407.2_299 -            441   0.00011   16.6   0.0   1   2   1.1e-06   0.00029   15.3   0.0     2    40     3    40     2    83 0.82 -
AA3_2.hmm            -            568 lcl|U00096.3_prot_AAC73407.2_299 -            441   0.00011   16.6   0.0   2   2      0.16        43   -1.8   0.0   217   240   208   231   163   243 0.66 -
AA3.hmm              -            618 lcl|U00096.3_prot_AAC73407.2_299 -            441   0.00051   14.1   0.0   1   2   3.3e-05    0.0091   10.0   0.0    88   121     2    37     1   137 0.86 -
AA3.hmm              -            618 lcl|U00096.3_prot_AAC73407.2_299 -            441   0.00051   14.1   0.0   2   2     0.006       1.7    2.5   0.0    94   127   163   210   144   394 0.68 -
AA3_2.hmm            -            568 lcl|U00096.3_prot_AAC73414.1_305 -            556  2.1e-165  547.3   0.0   1   1  1.4e-167  2.4e-165  547.1   0.0     2   566     2   532     1   534 0.96 -
AA3.hmm              -            618 lcl|U00096.3_prot_AAC73414.1_305 -            556  6.2e-108  357.4   0.0   1   1  4.4e-110  7.3e-108  357.1   0.0    89   402     2   536     1   549 0.88 -
AA3_3.hmm            -            590 lcl|U00096.3_prot_AAC73414.1_305 -            556   2.6e-87  289.2   0.0   1   3   5.2e-65   8.6e-63  208.2   0.0     3   327     3   318     1   356 0.85 -
AA3_3.hmm            -            590 lcl|U00096.3_prot_AAC73414.1_305 -            556   2.6e-87  289.2   0.0   2   3   1.9e-05    0.0032   11.5   0.2   418   469   392   445   367   453 0.86 -
AA3_3.hmm            -            590 lcl|U00096.3_prot_AAC73414.1_305 -            556   2.6e-87  289.2   0.0   3   3   7.1e-22   1.2e-19   65.8   0.0   509   586   456   532   451   535 0.94 -
AA3_1.hmm            -            548 lcl|U00096.3_prot_AAC73414.1_305 -            556   4.4e-56  186.2   0.0   1   1   4.8e-58   7.9e-56  185.3   0.0    16   544     2   531     1   535 0.78 -
AA3_4.hmm            -            532 lcl|U00096.3_prot_AAC73414.1_305 -            556   7.7e-13   43.9   0.0   1   3    0.0016      0.26    5.9   0.0     3    38     2    38     1    50 0.89 -
AA3_4.hmm            -            532 lcl|U00096.3_prot_AAC73414.1_305 -            556   7.7e-13   43.9   0.0   2   3   1.9e-06   0.00032   15.5   0.0   253   308   234   301   198   323 0.70 -
AA3_4.hmm            -            532 lcl|U00096.3_prot_AAC73414.1_305 -            556   7.7e-13   43.9   0.0   3   3   1.6e-07   2.6e-05   19.1   0.0   464   525   468   528   398   534 0.83 -
CE9.hmm              -            373 lcl|U00096.3_prot_AAC73440.1_331 -            427     0.006   10.8   5.2   1   4   4.9e-05      0.04    8.1   0.0    11    57    19    64     9    77 0.83 -
CE9.hmm              -            373 lcl|U00096.3_prot_AAC73440.1_331 -            427     0.006   10.8   5.2   2   4      0.46   3.8e+02   -5.0   1.3   196   216   236   256   228   258 0.61 -
CE9.hmm              -            373 lcl|U00096.3_prot_AAC73440.1_331 -            427     0.006   10.8   5.2   3   4      0.18   1.5e+02   -3.7   0.0   177   191   299   313   293   315 0.85 -
CE9.hmm              -            373 lcl|U00096.3_prot_AAC73440.1_331 -            427     0.006   10.8   5.2   4   4   0.00045      0.37    4.9   0.0   324   361   346   381   324   389 0.79 -
GH2.hmm              -            752 lcl|U00096.3_prot_AAC73447.1_338 -           1024  2.4e-224  742.7   3.0   1   1  2.6e-226    3e-224  742.4   3.0    17   751    40   916    31   917 0.89 -
GH158.hmm            -            132 lcl|U00096.3_prot_AAC73447.1_338 -           1024   1.6e-10   36.8   0.0   1   1   2.9e-12   3.5e-10   35.7   0.0     1   131   343   485   343   486 0.87 -
GH5.hmm              -            275 lcl|U00096.3_prot_AAC73447.1_338 -           1024     2e-09   33.1   0.2   1   1   3.2e-11   3.8e-09   32.1   0.2     6   235   346   575   342   588 0.67 -
CBM67.hmm            -            176 lcl|U00096.3_prot_AAC73447.1_338 -           1024   3.5e-06   22.5   0.0   1   2       1.8   2.2e+02   -2.9   0.2   123   158    57    97    41    99 0.68 -
CBM67.hmm            -            176 lcl|U00096.3_prot_AAC73447.1_338 -           1024   3.5e-06   22.5   0.0   2   2   1.6e-07   1.8e-05   20.1   0.0    37    93   146   197   109   213 0.76 -
GH72.hmm             -            312 lcl|U00096.3_prot_AAC73447.1_338 -           1024   0.00011   17.2   0.0   1   1   1.9e-06   0.00022   16.2   0.0    44   159   363   478   338   481 0.82 -
GH42.hmm             -            371 lcl|U00096.3_prot_AAC73447.1_338 -           1024   0.00012   17.1   0.1   1   1   4.7e-06   0.00056   14.8   0.1    56   141   380   466   373   477 0.73 -
GH5_57.hmm           -            297 lcl|U00096.3_prot_AAC73447.1_338 -           1024    0.0076   11.2   0.0   1   1   0.00011     0.013   10.4   0.0    88   156   437   505   430   510 0.80 -
AA3_1.hmm            -            548 lcl|U00096.3_prot_AAC73450.1_341 -            554   0.00047   14.5   0.1   1   1   8.3e-07   0.00068   13.9   0.1     9    47     8    46     2    50 0.89 -
CE1.hmm              -            227 lcl|U00096.3_prot_AAC73452.3_343 -            288   5.5e-08   28.5   0.0   1   1   1.8e-10   7.5e-08   28.0   0.0    28   175    37   194    30   238 0.71 -
CE7.hmm              -            313 lcl|U00096.3_prot_AAC73452.3_343 -            288   0.00074   14.1   0.0   1   3      0.03        12    0.2   0.0    99   121    58    80    34   102 0.65 -
CE7.hmm              -            313 lcl|U00096.3_prot_AAC73452.3_343 -            288   0.00074   14.1   0.0   2   3    0.0011      0.45    5.0   0.0   168   190   100   122    92   137 0.85 -
CE7.hmm              -            313 lcl|U00096.3_prot_AAC73452.3_343 -            288   0.00074   14.1   0.0   3   3     0.001      0.42    5.1   0.0   255   306   226   276   221   283 0.89 -
CE1.hmm              -            227 lcl|U00096.3_prot_AAC73458.1_349 -            277   3.1e-54  179.7   0.2   1   1   4.4e-57   3.7e-54  179.5   0.2     1   224    21   271    21   274 0.84 -
GT2_Glycos_transf_2.hmm PF00535.25   170 lcl|U00096.3_prot_AAC73466.1_356 -            398   6.6e-26   86.8   0.0   1   1   8.7e-28     9e-26   86.3   0.0     2   166    34   198    33   202 0.83 Glycosyl transferase family 2
GT2_Glyco_tranf_2_3.hmm PF13641.5    230 lcl|U00096.3_prot_AAC73466.1_356 -            398   1.7e-19   66.3   0.0   1   1   2.5e-21   2.6e-19   65.7   0.0     7   230    35   254    32   254 0.83 Glycosyltransferase like family 2
GT2_Glyco_trans_2_3.hmm PF13632.5    197 lcl|U00096.3_prot_AAC73466.1_356 -            398     4e-12   42.1  13.1   1   1   3.8e-13   3.9e-11   38.9  13.1     3   195   114   310   113   362 0.66 Glycosyl transferase family group 2
GT81.hmm                -            293 lcl|U00096.3_prot_AAC73466.1_356 -            398   2.3e-08   28.9   0.0   1   1   3.6e-10   3.7e-08   28.2   0.0    19   120    28   120    12   126 0.81 -
GT2_Glyco_tranf_2_2.hmm PF10111.8    276 lcl|U00096.3_prot_AAC73466.1_356 -            398   8.1e-06   21.1   0.0   1   1   1.2e-07   1.2e-05   20.6   0.0    30    98    59   126    35   138 0.86 Glycosyltransferase like family 2
GT27.hmm                -            295 lcl|U00096.3_prot_AAC73466.1_356 -            398   6.3e-05   18.0   0.0   1   1   8.1e-07   8.4e-05   17.6   0.0     3    95    35   122    33   143 0.81 -
GT21.hmm                -            233 lcl|U00096.3_prot_AAC73466.1_356 -            398   0.00029   16.0   0.0   1   1   4.2e-06   0.00043   15.5   0.0    74   230    97   252    37   253 0.80 -
GT2_Glyco_tranf_2_4.hmm PF13704.5     96 lcl|U00096.3_prot_AAC73466.1_356 -            398    0.0046   13.1   0.0   1   2   0.00013     0.014   11.6   0.0     1    42    39    81    39   126 0.70 Glycosyl transferase family 2
GT2_Glyco_tranf_2_4.hmm PF13704.5     96 lcl|U00096.3_prot_AAC73466.1_356 -            398    0.0046   13.1   0.0   2   2       2.7   2.8e+02   -2.2   0.0    41    61   229   251   210   261 0.50 Glycosyl transferase family 2
CE14.hmm             -            124 lcl|U00096.3_prot_AAC73467.2_358 -            185   2.6e-17   59.4   0.3   1   1   4.7e-20   3.9e-17   58.8   0.3     1   124    20   130    20   130 0.80 -
GT48.hmm             -            739 lcl|U00096.3_prot_AAC73488.1_378 -            371    0.0044   10.9   0.0   1   1   7.8e-06    0.0064   10.4   0.0   589   695   146   250   140   279 0.82 -
GH13_21.hmm          -            316 lcl|U00096.3_prot_AAC73506.2_395 -            604  3.4e-126  416.4   0.8   1   1  2.6e-127  4.6e-126  415.9   0.8     1   316   176   492   176   492 0.99 -
GH13_39.hmm          -            320 lcl|U00096.3_prot_AAC73506.2_395 -            604   2.5e-84  278.9   0.1   1   1   1.9e-85   3.3e-84  278.5   0.1     1   319   177   494   177   495 0.92 -
GH13_20.hmm          -            300 lcl|U00096.3_prot_AAC73506.2_395 -            604   4.9e-82  271.3   0.0   1   1   3.7e-83   6.7e-82  270.8   0.0     1   300   177   493   177   493 0.92 -
GH13.hmm             -            299 lcl|U00096.3_prot_AAC73506.2_395 -            604     3e-59  197.3   7.4   1   1   2.5e-60   4.6e-59  196.7   7.4    13   297   177   495   173   497 0.88 -
GH13_36.hmm          -            321 lcl|U00096.3_prot_AAC73506.2_395 -            604   1.2e-56  188.3   0.0   1   1   3.5e-57   6.4e-56  185.9   0.0     2   320   177   491   176   492 0.84 -
GH13_44.hmm          -            336 lcl|U00096.3_prot_AAC73506.2_395 -            604   1.9e-39  131.5   0.9   1   2   1.2e-24   2.2e-23   78.7   0.1     1    92   177   267   177   289 0.88 -
GH13_44.hmm          -            336 lcl|U00096.3_prot_AAC73506.2_395 -            604   1.9e-39  131.5   0.9   2   2   2.4e-16   4.3e-15   51.4   0.2   147   335   303   487   279   488 0.75 -
GH13_16.hmm          -            353 lcl|U00096.3_prot_AAC73506.2_395 -            604   1.8e-38  128.2   0.1   1   3   4.6e-27   8.2e-26   86.5   0.0     1   105   177   287   177   292 0.92 -
GH13_16.hmm          -            353 lcl|U00096.3_prot_AAC73506.2_395 -            604   1.8e-38  128.2   0.1   2   3   0.00029    0.0051   11.5   0.0   138   215   295   373   290   399 0.78 -
GH13_16.hmm          -            353 lcl|U00096.3_prot_AAC73506.2_395 -            604   1.8e-38  128.2   0.1   3   3   9.7e-09   1.7e-07   26.3   0.0   313   351   449   487   432   489 0.91 -
GH13_31.hmm          -            349 lcl|U00096.3_prot_AAC73506.2_395 -            604   9.4e-38  126.1   0.1   1   2   6.2e-29   1.1e-27   93.0   0.0     1   104   177   286   177   297 0.92 -
GH13_31.hmm          -            349 lcl|U00096.3_prot_AAC73506.2_395 -            604   9.4e-38  126.1   0.1   2   2   4.8e-08   8.7e-07   24.3   0.0   140   346   298   487   292   490 0.75 -
GH13_23.hmm          -            344 lcl|U00096.3_prot_AAC73506.2_395 -            604   2.5e-37  124.8   0.4   1   2   5.3e-27   9.6e-26   86.8   0.1     1   104   177   286   177   296 0.87 -
GH13_23.hmm          -            344 lcl|U00096.3_prot_AAC73506.2_395 -            604   2.5e-37  124.8   0.4   2   2   4.5e-09   8.1e-08   27.8   0.0   140   341   297   488   292   491 0.70 -
GH13_45.hmm          -            292 lcl|U00096.3_prot_AAC73506.2_395 -            604   1.2e-36  122.3   0.0   1   1   1.2e-37   2.1e-36  121.5   0.0     1   291   176   493   176   493 0.80 -
GH13_29.hmm          -            346 lcl|U00096.3_prot_AAC73506.2_395 -            604   2.7e-34  114.5   0.1   1   2     3e-28   5.4e-27   90.5   0.0     2   103   177   285   176   297 0.88 -
GH13_29.hmm          -            346 lcl|U00096.3_prot_AAC73506.2_395 -            604   2.7e-34  114.5   0.1   2   2   5.5e-06   9.8e-05   17.3   0.1   143   343   301   488   295   491 0.73 -
GH13_46.hmm          -            322 lcl|U00096.3_prot_AAC73506.2_395 -            604   3.6e-34  114.2   0.1   1   1     2e-34   3.6e-33  110.9   0.1     1   321   176   492   176   493 0.81 -
GH13_17.hmm          -            350 lcl|U00096.3_prot_AAC73506.2_395 -            604   4.3e-31  104.1   0.0   1   3   2.8e-23     5e-22   74.3   0.0     1    88   177   263   177   289 0.90 -
GH13_17.hmm          -            350 lcl|U00096.3_prot_AAC73506.2_395 -            604   4.3e-31  104.1   0.0   2   3    0.0002    0.0035   12.3   0.0   144   193   298   353   295   383 0.77 -
GH13_17.hmm          -            350 lcl|U00096.3_prot_AAC73506.2_395 -            604   4.3e-31  104.1   0.0   3   3   6.3e-05    0.0011   13.9   0.0   279   348   415   488   362   490 0.73 -
GH13_2.hmm           -            321 lcl|U00096.3_prot_AAC73506.2_395 -            604   1.3e-30  102.5   0.1   1   1   4.9e-31   8.9e-30   99.8   0.1     1   321   176   492   176   492 0.69 -
GH13_30.hmm          -            365 lcl|U00096.3_prot_AAC73506.2_395 -            604   2.5e-29   98.2   0.3   1   3   8.5e-26   1.5e-24   82.4   0.1     1   104   177   285   177   292 0.89 -
GH13_30.hmm          -            365 lcl|U00096.3_prot_AAC73506.2_395 -            604   2.5e-29   98.2   0.3   2   3    0.0035     0.063    8.0   0.1   157   208   311   363   293   389 0.71 -
GH13_30.hmm          -            365 lcl|U00096.3_prot_AAC73506.2_395 -            604   2.5e-29   98.2   0.3   3   3     0.053      0.95    4.1   0.0   328   363   450   487   423   489 0.67 -
GH13_49.hmm          -            293 lcl|U00096.3_prot_AAC73506.2_395 -            604   4.5e-28   93.9   0.0   1   2   2.2e-20     4e-19   64.6   0.0     2   162   179   339   178   346 0.90 -
GH13_49.hmm          -            293 lcl|U00096.3_prot_AAC73506.2_395 -            604   4.5e-28   93.9   0.0   2   2   4.7e-09   8.5e-08   27.4   0.0   235   290   431   488   374   491 0.83 -
GH13_48.hmm          -            283 lcl|U00096.3_prot_AAC73506.2_395 -            604   2.1e-27   91.9   0.0   1   1   2.1e-28   3.7e-27   91.1   0.0     3   282   177   487   176   488 0.77 -
GH13_40.hmm          -            359 lcl|U00096.3_prot_AAC73506.2_395 -            604     7e-27   89.9   0.0   1   3   8.5e-24   1.5e-22   75.7   0.0     1   102   177   284   177   289 0.89 -
GH13_40.hmm          -            359 lcl|U00096.3_prot_AAC73506.2_395 -            604     7e-27   89.9   0.0   2   3   0.00028     0.005   11.5   0.0   145   187   298   345   293   393 0.76 -
GH13_40.hmm          -            359 lcl|U00096.3_prot_AAC73506.2_395 -            604     7e-27   89.9   0.0   3   3       4.8        86   -2.5   0.0   335   355   466   486   410   488 0.71 -
GH13_37.hmm          -            314 lcl|U00096.3_prot_AAC73506.2_395 -            604   7.7e-25   83.2   0.1   1   1   1.1e-25   2.1e-24   81.8   0.1     6   314   175   486   170   486 0.76 -
GH13_41.hmm          -            308 lcl|U00096.3_prot_AAC73506.2_395 -            604   1.4e-24   82.5   0.0   1   1   1.9e-25   3.5e-24   81.2   0.0     1   307   176   491   176   492 0.75 -
GH13_35.hmm          -            355 lcl|U00096.3_prot_AAC73506.2_395 -            604   1.8e-24   82.2   0.0   1   3   1.3e-16   2.3e-15   52.3   0.0     2    92   177   266   176   285 0.93 -
GH13_35.hmm          -            355 lcl|U00096.3_prot_AAC73506.2_395 -            604   1.8e-24   82.2   0.0   2   3    0.0047     0.085    7.6   0.0   145   192   299   352   295   370 0.80 -
GH13_35.hmm          -            355 lcl|U00096.3_prot_AAC73506.2_395 -            604   1.8e-24   82.2   0.0   3   3   2.3e-06   4.1e-05   18.6   0.0   270   352   398   489   378   492 0.72 -
GH13_1.hmm           -            306 lcl|U00096.3_prot_AAC73506.2_395 -            604   4.1e-24   80.8   0.0   1   1     4e-25   7.2e-24   80.0   0.0     1   304   176   493   176   495 0.70 -
GH13_12.hmm          -            313 lcl|U00096.3_prot_AAC73506.2_395 -            604   7.7e-23   76.9   0.0   1   1   9.7e-23   1.7e-21   72.5   0.0     1   312   176   491   176   492 0.74 -
GH13_4.hmm           -            399 lcl|U00096.3_prot_AAC73506.2_395 -            604   3.7e-22   74.2   0.0   1   2   2.9e-19   5.1e-18   60.6   0.0     2    94   177   266   176   291 0.92 -
GH13_4.hmm           -            399 lcl|U00096.3_prot_AAC73506.2_395 -            604   3.7e-22   74.2   0.0   2   2   0.00033     0.006   11.0   0.0   367   396   458   487   440   490 0.85 -
CBM34.hmm            -            120 lcl|U00096.3_prot_AAC73506.2_395 -            604   6.1e-22   74.0   0.0   1   1   7.6e-23   1.4e-21   72.9   0.0     2   104     5   111     4   119 0.91 -
GH13_42.hmm          -            400 lcl|U00096.3_prot_AAC73506.2_395 -            604   3.4e-21   71.6   0.4   1   3   1.8e-15   3.2e-14   48.6   0.0     2    83   177   254   176   288 0.90 -
GH13_42.hmm          -            400 lcl|U00096.3_prot_AAC73506.2_395 -            604   3.4e-21   71.6   0.4   2   3      0.16         3    2.6   0.1   196   260   328   394   317   428 0.76 -
GH13_42.hmm          -            400 lcl|U00096.3_prot_AAC73506.2_395 -            604   3.4e-21   71.6   0.4   3   3   8.9e-06   0.00016   16.6   0.0   351   396   444   486   405   489 0.83 -
GH13_19.hmm          -            365 lcl|U00096.3_prot_AAC73506.2_395 -            604   1.3e-19   66.3   0.1   1   2     3e-10   5.4e-09   31.3   0.1     1    96   177   255   177   285 0.89 -
GH13_19.hmm          -            365 lcl|U00096.3_prot_AAC73506.2_395 -            604   1.3e-19   66.3   0.1   2   2   2.2e-10     4e-09   31.7   0.0   216   364   328   485   318   486 0.76 -
GH13_6.hmm           -            286 lcl|U00096.3_prot_AAC73506.2_395 -            604   7.1e-18   60.7   0.4   1   1   5.8e-19     1e-17   60.2   0.4     2   286   183   481   182   481 0.76 -
GH13_10.hmm          -            313 lcl|U00096.3_prot_AAC73506.2_395 -            604   1.6e-17   59.4   0.2   1   2     2e-17   3.6e-16   55.0   0.3     5   189   177   386   175   397 0.84 -
GH13_10.hmm          -            313 lcl|U00096.3_prot_AAC73506.2_395 -            604   1.6e-17   59.4   0.2   2   2       0.6        11    0.9   0.0   286   313   459   486   403   486 0.78 -
GH13_34.hmm          -            245 lcl|U00096.3_prot_AAC73506.2_395 -            604   3.1e-17   58.7   0.0   1   2   7.5e-12   1.3e-10   36.9   0.0     2    86   177   263   176   279 0.91 -
GH13_34.hmm          -            245 lcl|U00096.3_prot_AAC73506.2_395 -            604   3.1e-17   58.7   0.0   2   2   1.6e-06   2.8e-05   19.5   0.0   211   243   454   488   407   490 0.74 -
GH13_14.hmm          -            289 lcl|U00096.3_prot_AAC73506.2_395 -            604   1.3e-16   56.4   0.0   1   1   1.5e-17   2.7e-16   55.4   0.0     1   289   186   484   186   484 0.73 -
GH13_26.hmm          -            296 lcl|U00096.3_prot_AAC73506.2_395 -            604     9e-16   53.9   0.0   1   1     8e-17   1.4e-15   53.2   0.0     2    72   186   254   185   306 0.91 -
GH13_47.hmm          -            312 lcl|U00096.3_prot_AAC73506.2_395 -            604   1.6e-15   52.9   0.0   1   1   1.5e-16   2.7e-15   52.1   0.0     3   273   178   450   176   487 0.63 -
GH13_7.hmm           -            296 lcl|U00096.3_prot_AAC73506.2_395 -            604   1.1e-13   46.8   0.1   1   1   1.1e-14   1.9e-13   46.0   0.1     2   295   185   483   184   484 0.76 -
GH13_5.hmm           -            342 lcl|U00096.3_prot_AAC73506.2_395 -            604   5.3e-12   41.1   0.2   1   2    0.0013     0.024    9.4   0.0     2    79   189   254   188   264 0.87 -
GH13_5.hmm           -            342 lcl|U00096.3_prot_AAC73506.2_395 -            604   5.3e-12   41.1   0.2   2   2   8.2e-10   1.5e-08   29.8   0.0   190   341   322   486   273   487 0.79 -
GH13_3.hmm           -            210 lcl|U00096.3_prot_AAC73506.2_395 -            604   6.2e-12   41.1   0.4   1   1   1.5e-12   2.8e-11   39.0   0.4     3   115   184   284   182   399 0.74 -
GH13_13.hmm          -            361 lcl|U00096.3_prot_AAC73506.2_395 -            604   7.7e-12   40.5   1.3   1   3    0.0049     0.088    7.4   0.0     1    25   185   209   185   210 0.91 -
GH13_13.hmm          -            361 lcl|U00096.3_prot_AAC73506.2_395 -            604   7.7e-12   40.5   1.3   2   3   2.1e-09   3.8e-08   28.4   0.7    61   232   209   393   208   433 0.75 -
GH13_13.hmm          -            361 lcl|U00096.3_prot_AAC73506.2_395 -            604   7.7e-12   40.5   1.3   3   3      0.35       6.3    1.3   0.0   307   360   441   484   417   485 0.75 -
GH13_38.hmm          -            371 lcl|U00096.3_prot_AAC73506.2_395 -            604   3.1e-11   38.3   0.0   1   2     0.025      0.46    4.8   0.0     2    47   177   221   176   224 0.83 -
GH13_38.hmm          -            371 lcl|U00096.3_prot_AAC73506.2_395 -            604   3.1e-11   38.3   0.0   2   2   2.8e-10     5e-09   31.1   0.1   159   370   255   491   230   492 0.69 -
GH13_22.hmm          -            400 lcl|U00096.3_prot_AAC73506.2_395 -            604   6.6e-11   37.6   0.2   1   2   1.3e-08   2.3e-07   26.0   0.0     1   128   176   300   176   319 0.86 -
GH13_22.hmm          -            400 lcl|U00096.3_prot_AAC73506.2_395 -            604   6.6e-11   37.6   0.2   2   2     0.001     0.019    9.8   0.1   329   398   416   485   345   487 0.71 -
GH13_11.hmm          -            351 lcl|U00096.3_prot_AAC73506.2_395 -            604   5.6e-09   31.3   0.0   1   2     3e-09   5.5e-08   28.1   0.0     2   186   177   356   176   448 0.80 -
GH13_11.hmm          -            351 lcl|U00096.3_prot_AAC73506.2_395 -            604   5.6e-09   31.3   0.0   2   2       1.5        27   -0.5   0.0   331   349   468   486   461   487 0.85 -
GH13_18.hmm          -            343 lcl|U00096.3_prot_AAC73506.2_395 -            604   1.1e-06   23.6   1.7   1   3     2e-06   3.6e-05   18.6   0.0     3    67   196   265   194   294 0.82 -
GH13_18.hmm          -            343 lcl|U00096.3_prot_AAC73506.2_395 -            604   1.1e-06   23.6   1.7   2   3      0.17       3.1    2.3   0.1   230   257   418   448   347   457 0.66 -
GH13_18.hmm          -            343 lcl|U00096.3_prot_AAC73506.2_395 -            604   1.1e-06   23.6   1.7   3   3      0.73        13    0.3   0.1   322   343   460   481   452   481 0.85 -
GH13_32.hmm          -            269 lcl|U00096.3_prot_AAC73506.2_395 -            604   2.8e-06   22.7   0.1   1   1     1e-06   1.8e-05   20.0   0.1    20   269   208   474   193   474 0.70 -
GH13_9.hmm           -            301 lcl|U00096.3_prot_AAC73506.2_395 -            604   2.1e-05   19.5   0.3   1   2   1.9e-05   0.00034   15.5   0.6     1   136   187   340   187   370 0.65 -
GH13_9.hmm           -            301 lcl|U00096.3_prot_AAC73506.2_395 -            604   2.1e-05   19.5   0.3   2   2      0.89        16    0.2   0.0   230   300   412   486   403   487 0.67 -
GH13_28.hmm          -            287 lcl|U00096.3_prot_AAC73506.2_395 -            604   2.3e-05   19.4   0.0   1   1   1.7e-06     3e-05   19.0   0.0     4   141   180   312   177   449 0.75 -
GH13_43.hmm          -            273 lcl|U00096.3_prot_AAC73506.2_395 -            604   9.3e-05   17.5   0.0   1   1   9.4e-06   0.00017   16.6   0.0    45   272   211   480   180   481 0.76 -
GH13_27.hmm          -            318 lcl|U00096.3_prot_AAC73506.2_395 -            604     0.003   12.2   0.0   1   1   0.00027    0.0049   11.5   0.0     3    78   182   254   180   263 0.89 -
GH189.hmm            -            569 lcl|U00096.3_prot_AAC73569.1_458 -            175    0.0046   11.5   5.1   1   1   6.2e-06    0.0051   11.3   5.1   170   308    28   171     2   175 0.47 -
CE1.hmm              -            227 lcl|U00096.3_prot_AAC73578.1_468 -            319    0.0003   16.2   0.0   1   1   6.3e-07   0.00052   15.5   0.0    26   217    84   302    64   310 0.67 -
GT41.hmm             -            705 lcl|U00096.3_prot_AAC73594.2_485 -            284   0.00015   16.1   4.6   1   1   2.2e-07   0.00018   15.7   4.6    47   183   111   237    93   277 0.76 -
CE3.hmm              -            194 lcl|U00096.3_prot_AAC73596.1_487 -            208   8.3e-14   47.6   0.0   1   1   1.1e-14   2.3e-12   42.9   0.0     6   189    33   195    29   200 0.70 -
CE17.hmm             -            165 lcl|U00096.3_prot_AAC73596.1_487 -            208   2.3e-10   36.2   0.0   1   1   1.7e-12   3.4e-10   35.6   0.0    28   161    54   186    32   190 0.69 -
CE12.hmm             -            210 lcl|U00096.3_prot_AAC73596.1_487 -            208   1.7e-09   33.5   0.0   1   2     2e-11   4.1e-09   32.3   0.0     1   151    29   163    29   172 0.86 -
CE12.hmm             -            210 lcl|U00096.3_prot_AAC73596.1_487 -            208   1.7e-09   33.5   0.0   2   2      0.47        98   -1.6   0.0   187   210   177   200   164   200 0.81 -
CE2.hmm              -            209 lcl|U00096.3_prot_AAC73596.1_487 -            208   3.9e-06   22.5   0.0   1   1   7.7e-08   1.6e-05   20.5   0.0    38   206    32   197    31   200 0.82 -
CE9.hmm              -            373 lcl|U00096.3_prot_AAC73614.1_501 -            453   9.1e-18   59.6   0.0   1   2   2.1e-09   1.7e-06   22.4   0.0     1    57     7    61     7   103 0.78 -
CE9.hmm              -            373 lcl|U00096.3_prot_AAC73614.1_501 -            453   9.1e-18   59.6   0.0   2   2   3.1e-13   2.6e-10   35.0   0.0   291   363   323   394   317   400 0.91 -
GH24.hmm             -            137 lcl|U00096.3_prot_AAC73656.1_544 -            165   3.4e-46  152.4   0.0   1   1   5.1e-49   4.2e-46  152.1   0.0    12   137    34   156    28   156 0.98 -
GT41.hmm             -            705 lcl|U00096.3_prot_AAC73669.1_558 -            990   1.3e-05   19.5   4.6   1   4     0.019        16   -0.5   2.0    60   116    57   138    43   272 0.59 -
GT41.hmm             -            705 lcl|U00096.3_prot_AAC73669.1_558 -            990   1.3e-05   19.5   4.6   2   4     0.029        24   -1.2   1.4    53   150   348   401   254   421 0.56 -
GT41.hmm             -            705 lcl|U00096.3_prot_AAC73669.1_558 -            990   1.3e-05   19.5   4.6   3   4     0.091        75   -2.8   5.2    53   186   348   536   298   539 0.55 -
GT41.hmm             -            705 lcl|U00096.3_prot_AAC73669.1_558 -            990   1.3e-05   19.5   4.6   4   4   1.6e-08   1.3e-05   19.5   4.6    30   189   523   673   498   706 0.63 -
GT2_Glyco_trans_2_3.hmm PF13632.5    197 lcl|U00096.3_prot_AAC73670.1_559 -            745   8.8e-48  158.5   5.2   1   2   9.5e-50   2.6e-47  156.9   3.3     2   196   165   382   164   416 0.95 Glycosyl transferase family group 2
GT2_Glyco_trans_2_3.hmm PF13632.5    197 lcl|U00096.3_prot_AAC73670.1_559 -            745   8.8e-48  158.5   5.2   2   2      0.58   1.6e+02   -2.3   2.6   174   196   392   414   384   457 0.60 Glycosyl transferase family group 2
GT2_Glyco_tranf_2_3.hmm PF13641.5    230 lcl|U00096.3_prot_AAC73670.1_559 -            745   2.2e-35  118.3   0.1   1   1   1.3e-37   3.7e-35  117.5   0.1     4   229    71   332    69   333 0.89 Glycosyltransferase like family 2
GT21.hmm                -            233 lcl|U00096.3_prot_AAC73670.1_559 -            745    0.0011   14.1   0.0   1   1   2.9e-05    0.0079   11.4   0.0    25   225    94   303    85   306 0.66 -
CE1.hmm              -            227 lcl|U00096.3_prot_AAC73686.2_576 -            400   7.4e-19   64.0   0.0   1   2      0.31   2.5e+02   -3.2   0.0    96   174    42    55    11    82 0.59 -
CE1.hmm              -            227 lcl|U00096.3_prot_AAC73686.2_576 -            400   7.4e-19   64.0   0.0   2   2   1.8e-21   1.5e-18   63.0   0.0     1   218   172   386   172   392 0.74 -
GT83.hmm             -            540 lcl|U00096.3_prot_AAC73699.1_590 -            701   9.2e-06   20.1  23.3   1   3   1.1e-08   9.2e-06   20.1  23.3   181   431    14   304     6   315 0.71 -
GT83.hmm             -            540 lcl|U00096.3_prot_AAC73699.1_590 -            701   9.2e-06   20.1  23.3   2   3     0.026        21   -0.9   1.3   309   402   319   380   305   469 0.42 -
GT83.hmm             -            540 lcl|U00096.3_prot_AAC73699.1_590 -            701   9.2e-06   20.1  23.3   3   3    0.0045       3.7    1.6  10.8   336   460   511   628   471   648 0.51 -
AA3.hmm              -            618 lcl|U00096.3_prot_AAC73707.2_599 -            521    0.0004   14.5   0.0   1   1   1.3e-06   0.00055   14.0   0.0    78   119   201   245   187   503 0.61 -
AA3_1.hmm            -            548 lcl|U00096.3_prot_AAC73707.2_599 -            521     0.007   10.6   5.8   1   3   2.6e-05     0.011    9.9   0.1    11    34   207   230   173   246 0.84 -
AA3_1.hmm            -            548 lcl|U00096.3_prot_AAC73707.2_599 -            521     0.007   10.6   5.8   2   3     0.013       5.2    1.1   0.5    20    49   359   388   357   401 0.88 -
AA3_1.hmm            -            548 lcl|U00096.3_prot_AAC73707.2_599 -            521     0.007   10.6   5.8   3   3     0.021       8.8    0.3   0.0   215   253   402   441   396   445 0.84 -
GT119.hmm            -            360 lcl|U00096.3_prot_AAC73735.1_625 -            370  9.8e-126  415.3  28.3   1   1  1.5e-128  1.2e-125  415.0  28.3     3   360    20   363    19   363 0.98 -
AA3.hmm              -            618 lcl|U00096.3_prot_AAC73763.1_653 -            391   0.00063   13.8   0.0   1   1   1.5e-06   0.00063   13.8   0.0    89   262     5   178     1   341 0.65 -
AA3_1.hmm            -            548 lcl|U00096.3_prot_AAC73763.1_653 -            391    0.0055   10.9   0.1   1   1   1.8e-05    0.0074   10.5   0.1    14    53     3    42     1    53 0.88 -
CE9.hmm              -            373 lcl|U00096.3_prot_AAC73771.1_657 -            382    2e-120  397.4   0.1   1   1  2.7e-123  2.2e-120  397.2   0.1     2   373     5   376     4   376 0.97 -
AA6.hmm              -            195 lcl|U00096.3_prot_AAC73778.1_665 -            176   7.3e-06   21.2   0.0   1   1   1.4e-08   1.2e-05   20.5   0.0    47   101    20    83     6    90 0.76 -
CE7.hmm              -            313 lcl|U00096.3_prot_AAC73780.1_667 -            254    0.0046   11.5   0.1   1   1   1.6e-05    0.0065   11.0   0.1   161   214    68   124    61   160 0.73 -
CE1.hmm              -            227 lcl|U00096.3_prot_AAC73780.1_667 -            254    0.0066   11.9   0.0   1   1   2.3e-05    0.0093   11.4   0.0    82   140    64   118     5   187 0.70 -
GH31_20.hmm          -            390 lcl|U00096.3_prot_AAC73812.2_697 -            815    0.0015   12.9   1.4   1   1   3.3e-06    0.0027   12.1   1.4    13   217   387   597   384   598 0.86 -
GT66.hmm             -            693 lcl|U00096.3_prot_AAC73815.1_702 -            129     0.023    8.6   7.0   1   1     3e-05     0.025    8.5   7.0   235   305    37   127    18   129 0.78 -
AA3_1.hmm            -            548 lcl|U00096.3_prot_AAC73817.1_704 -            588   0.00033   15.0   0.0   1   1   1.2e-06    0.0005   14.4   0.0    15    53     6    44     2    65 0.88 -
AA3.hmm              -            618 lcl|U00096.3_prot_AAC73817.1_704 -            588    0.0039   11.2   0.0   1   1   1.3e-05    0.0052   10.8   0.0    86   119     4    39     1   208 0.69 -
GH38.hmm             -            269 lcl|U00096.3_prot_AAC73826.1_712 -            877   2.8e-78  258.8   0.0   1   1   5.2e-81   4.3e-78  258.2   0.0     2   258     7   265     6   275 0.95 -
GT109.hmm            -            411 lcl|U00096.3_prot_AAC73828.1_714 -            379       6.7    1.3  10.4   1   3   0.00035      0.29    5.8   0.3   224   293   152   223   148   242 0.65 -
GT109.hmm            -            411 lcl|U00096.3_prot_AAC73828.1_714 -            379       6.7    1.3  10.4   2   3     0.019        16    0.1   0.8   245   306   264   324   254   332 0.74 -
GT109.hmm            -            411 lcl|U00096.3_prot_AAC73828.1_714 -            379       6.7    1.3  10.4   3   3     0.019        16    0.1   1.7   264   293   324   353   298   367 0.71 -
GH2.hmm              -            752 lcl|U00096.3_prot_AAC73833.1_720 -            421       2.3    2.2  20.6   1   1    0.0052       4.3    1.3  20.6   453   645    27   224     6   316 0.51 -
PL22.hmm             -            265 lcl|U00096.3_prot_AAC73834.1_721 -            430   1.1e-23   79.4   0.0   1   3   7.9e-06    0.0022   12.9   0.0   125   180   188   243   165   248 0.80 -
PL22.hmm             -            265 lcl|U00096.3_prot_AAC73834.1_721 -            430   1.1e-23   79.4   0.0   2   3   1.6e-11   4.4e-09   31.5   0.0   142   184   249   291   244   292 0.95 -
PL22.hmm             -            265 lcl|U00096.3_prot_AAC73834.1_721 -            430   1.1e-23   79.4   0.0   3   3   3.5e-12   9.8e-10   33.7   0.0   139   250   290   401   287   408 0.85 -
PL22_1.hmm           -            168 lcl|U00096.3_prot_AAC73834.1_721 -            430   2.6e-10   36.0   0.0   1   4    0.0002     0.056    8.9   0.0    30    55   206   231   186   244 0.83 -
PL22_1.hmm           -            168 lcl|U00096.3_prot_AAC73834.1_721 -            430   2.6e-10   36.0   0.0   2   4    0.0031      0.85    5.1   0.0   141   167   248   274   236   275 0.88 -
PL22_1.hmm           -            168 lcl|U00096.3_prot_AAC73834.1_721 -            430   2.6e-10   36.0   0.0   3   4   1.2e-05    0.0034   12.8   0.0   138   167   289   318   278   319 0.82 -
PL22_1.hmm           -            168 lcl|U00096.3_prot_AAC73834.1_721 -            430   2.6e-10   36.0   0.0   4   4    0.0074       2.1    3.8   0.0   101   157   338   395   323   405 0.67 -
PL22_2.hmm           -            149 lcl|U00096.3_prot_AAC73834.1_721 -            430   2.4e-07   26.6   0.0   1   3    0.0082       2.2    3.9   0.0    85   139   205   256   180   259 0.82 -
PL22_2.hmm           -            149 lcl|U00096.3_prot_AAC73834.1_721 -            430   2.4e-07   26.6   0.0   2   3   5.6e-08   1.5e-05   20.7   0.0    38   142   251   347   248   355 0.87 -
PL22_2.hmm           -            149 lcl|U00096.3_prot_AAC73834.1_721 -            430   2.4e-07   26.6   0.0   3   3     0.069        19    0.9   0.0    38   102   339   395   336   416 0.62 -
GT41.hmm             -            705 lcl|U00096.3_prot_AAC73836.1_723 -            263   3.3e-06   21.5   2.7   1   1   1.2e-08   4.8e-06   21.0   2.7    10   190    65   245    27   257 0.62 -
SLH.hmm              -             42 lcl|U00096.3_prot_AAC73836.1_723 -            263    0.0039   12.9   0.3   1   2   0.00027      0.11    8.2   0.0    20    36   167   183   157   183 0.85 -
SLH.hmm              -             42 lcl|U00096.3_prot_AAC73836.1_723 -            263    0.0039   12.9   0.3   2   2     0.026        11    1.8   0.0    15    28   236   249   232   251 0.91 -
PL22_2.hmm           -            149 lcl|U00096.3_prot_AAC73854.1_741 -            331   0.00071   15.3   0.0   1   3   3.3e-05     0.027   10.1   0.0    49   146     9   102     2   105 0.81 -
PL22_2.hmm           -            149 lcl|U00096.3_prot_AAC73854.1_741 -            331   0.00071   15.3   0.0   2   3     0.018        15    1.3   0.0    38    93   134   187   128   259 0.64 -
PL22_2.hmm           -            149 lcl|U00096.3_prot_AAC73854.1_741 -            331   0.00071   15.3   0.0   3   3     0.029        24    0.6   0.0    27    65   225   261   162   291 0.74 -
CE8.hmm              -            288 lcl|U00096.3_prot_AAC73859.1_746 -            427   4.3e-54  179.5   6.9   1   1   1.5e-56   1.3e-53  177.9   6.9    10   262    90   420    81   427 0.88 -
GH13_44.hmm          -            336 lcl|U00096.3_prot_AAC73947.1_836 -            243   0.00078   14.4   0.1   1   1   1.8e-06    0.0015   13.5   0.1   175   277    43   156    39   172 0.73 -
GH5_11.hmm           -            335 lcl|U00096.3_prot_AAC73965.2_854 -            371    0.0073   11.2   0.5   1   1   1.3e-05      0.01   10.7   0.5    43   113   120   191   101   205 0.86 -
CBM92.hmm            -            114 lcl|U00096.3_prot_AAC73977.2_867 -            203    0.0039   13.2   0.4   1   1   1.8e-05     0.015   11.3   0.4    13    88   113   181   102   189 0.75 -
GT94.hmm             -            283 lcl|U00096.3_prot_AAC73988.1_878 -            246    0.0025   12.4   0.0   1   1   3.9e-06    0.0032   12.0   0.0    47   137    37   127    30   177 0.78 -
GT22.hmm             -            389 lcl|U00096.3_prot_AAC73992.1_882 -            230    0.0017   13.2   1.0   1   1   2.9e-06    0.0024   12.8   1.0    39   121    11    96     2   100 0.74 -
AA6.hmm              -            195 lcl|U00096.3_prot_AAC74023.1_913 -            191   7.7e-05   17.9   0.0   1   1   1.2e-07    0.0001   17.5   0.0    53   105    55   102    17   112 0.72 -
AA6.hmm              -            195 lcl|U00096.3_prot_AAC74089.1_983 -            198   1.6e-83  274.7   2.2   1   1   2.1e-86   1.7e-83  274.5   2.2     1   194     3   194     3   195 0.98 -
CE1.hmm              -            227 lcl|U00096.3_prot_AAC74094.1_988 -            266   6.9e-09   31.4   0.0   1   1   2.1e-11   8.8e-09   31.1   0.0    15   219     7   249     1   256 0.71 -
CE7.hmm              -            313 lcl|U00096.3_prot_AAC74094.1_988 -            266   3.8e-07   24.9   0.2   1   2   1.1e-05    0.0044   11.6   0.0    78   148    11    81     4   114 0.72 -
CE7.hmm              -            313 lcl|U00096.3_prot_AAC74094.1_988 -            266   3.8e-07   24.9   0.2   2   2     1e-05    0.0042   11.6   0.0   239   298   180   238   149   248 0.80 -
GT2_Glycos_transf_2.hmm PF00535.25   170 lcl|U00096.3_prot_AAC74107.1_1000 -            441   6.6e-40  132.3   0.0   1   1   1.4e-41   9.3e-40  131.9   0.0     1   169    78   245    78   246 0.98 Glycosyl transferase family 2
GT2_Glyco_tranf_2_3.hmm PF13641.5    230 lcl|U00096.3_prot_AAC74107.1_1000 -            441   2.7e-38  127.7   0.0   1   1     7e-40   4.8e-38  126.9   0.0     1   228    75   297    75   299 0.96 Glycosyltransferase like family 2
GT2_Glyco_trans_2_3.hmm PF13632.5    197 lcl|U00096.3_prot_AAC74107.1_1000 -            441   5.8e-27   90.5  10.2   1   2       5.8     4e+02   -3.6   0.0   125   138    87   102    79   122 0.78 Glycosyl transferase family group 2
GT2_Glyco_trans_2_3.hmm PF13632.5    197 lcl|U00096.3_prot_AAC74107.1_1000 -            441   5.8e-27   90.5  10.2   2   2   8.4e-29   5.8e-27   90.5  10.2     1   182   158   367   158   423 0.73 Glycosyl transferase family group 2
GT21.hmm                -            233 lcl|U00096.3_prot_AAC74107.1_1000 -            441   4.6e-19   64.5   0.0   1   1   9.5e-21   6.6e-19   64.0   0.0     1   231    75   298    75   299 0.94 -
GT27.hmm                -            295 lcl|U00096.3_prot_AAC74107.1_1000 -            441   5.5e-14   47.8   0.4   1   1   2.8e-15   1.9e-13   46.0   0.3     1   110    78   183    78   277 0.87 -
GT81.hmm                -            293 lcl|U00096.3_prot_AAC74107.1_1000 -            441   1.3e-13   46.2   0.0   1   1   2.6e-15   1.8e-13   45.7   0.0    17   146    71   191    56   206 0.85 -
GT45.hmm                -            115 lcl|U00096.3_prot_AAC74107.1_1000 -            441   8.2e-12   40.7   0.0   1   1   2.1e-13   1.4e-11   39.9   0.0     1    90    98   188    98   193 0.92 -
GT2_Glyco_tranf_2_2.hmm PF10111.8    276 lcl|U00096.3_prot_AAC74107.1_1000 -            441   2.5e-11   39.2   0.1   1   1   5.6e-13   3.9e-11   38.6   0.1     1   102    78   176    78   277 0.87 Glycosyltransferase like family 2
GT2_Chitin_synth_2.hmm  PF03142.14   527 lcl|U00096.3_prot_AAC74107.1_1000 -            441   4.6e-10   34.3   4.0   1   2     3e-10   2.1e-08   28.9   0.0   168   305   122   257    85   262 0.85 Chitin synthase
GT2_Chitin_synth_2.hmm  PF03142.14   527 lcl|U00096.3_prot_AAC74107.1_1000 -            441   4.6e-10   34.3   4.0   2   2      0.02       1.4    3.1   4.1   343   422   269   347   262   413 0.53 Chitin synthase
GT2_Glyco_tranf_2_4.hmm PF13704.5     96 lcl|U00096.3_prot_AAC74107.1_1000 -            441   1.5e-05   21.1   0.1   1   1     4e-07   2.8e-05   20.3   0.1     2    86    85   170    84   176 0.68 Glycosyl transferase family 2
GT2_Cellulose_synt.hmm  PF03552.11   722 lcl|U00096.3_prot_AAC74107.1_1000 -            441   0.00011   16.4   6.5   1   1   2.6e-06   0.00018   15.8   6.5   415   548   245   377   203   414 0.76 Cellulose synthase
GT40.hmm                -            211 lcl|U00096.3_prot_AAC74107.1_1000 -            441    0.0056   12.0   0.1   1   2   0.00067     0.046    9.0   0.0     4    54   107   154   104   162 0.90 -
GT40.hmm                -            211 lcl|U00096.3_prot_AAC74107.1_1000 -            441    0.0056   12.0   0.1   2   2       0.3        21    0.4   0.0   168   201   235   265   204   273 0.79 -
GH153.hmm            -            349 lcl|U00096.3_prot_AAC74108.1_1001 -            672  8.5e-170  559.9   3.5   1   1  4.5e-172  1.2e-169  559.4   3.5     1   348   313   664   313   665 0.99 -
CE4.hmm              -            130 lcl|U00096.3_prot_AAC74108.1_1001 -            672   2.7e-25   84.7   0.3   1   3   5.5e-27   1.5e-24   82.3   0.0     5   125   103   271    99   275 0.84 -
CE4.hmm              -            130 lcl|U00096.3_prot_AAC74108.1_1001 -            672   2.7e-25   84.7   0.3   2   3      0.94   2.6e+02   -2.6   0.0    49    94   294   341   289   359 0.61 -
CE4.hmm              -            130 lcl|U00096.3_prot_AAC74108.1_1001 -            672   2.7e-25   84.7   0.3   3   3      0.71   1.9e+02   -2.2   0.0    27    53   558   605   552   637 0.54 -
PL33_2.hmm           -            151 lcl|U00096.3_prot_AAC74108.1_1001 -            672    0.0047   12.2   0.0   1   1   3.8e-05      0.01   11.1   0.0    53   116   278   340   271   355 0.88 -
GT41.hmm             -            705 lcl|U00096.3_prot_AAC74109.1_1002 -            807     0.051    7.7  12.7   1   2   2.9e-05     0.024    8.7   6.8    86   274    36   231    11   236 0.59 -
GT41.hmm             -            705 lcl|U00096.3_prot_AAC74109.1_1002 -            807     0.051    7.7  12.7   2   2    0.0038       3.2    1.8   0.1   115   183   410   490   318   623 0.73 -
GT83.hmm             -            540 lcl|U00096.3_prot_AAC74110.1_1003 -            452    0.0013   13.0  12.2   1   1     3e-06    0.0025   12.1  12.2   251   443    37   250    12   269 0.63 -
GH186.hmm            -            482 lcl|U00096.3_prot_AAC74132.1_1022 -            511  2.5e-207  685.3   0.1   1   1  3.7e-210    3e-207  685.0   0.1     9   481    21   507    12   508 0.95 -
GT2_Glycos_transf_2.hmm PF00535.25   170 lcl|U00096.3_prot_AAC74133.1_1023 -            847   1.2e-24   82.7   0.0   1   1   6.9e-27   1.9e-24   82.0   0.0     2   168   246   428   245   430 0.98 Glycosyl transferase family 2
GT2_Glyco_trans_2_3.hmm PF13632.5    197 lcl|U00096.3_prot_AAC74133.1_1023 -            847   7.6e-12   41.2  12.1   1   2      0.23        62   -1.0   4.5   146   194   156   209   111   217 0.68 Glycosyl transferase family group 2
GT2_Glyco_trans_2_3.hmm PF13632.5    197 lcl|U00096.3_prot_AAC74133.1_1023 -            847   7.6e-12   41.2  12.1   2   2   2.8e-14   7.6e-12   41.2  12.1     1   169   341   532   341   708 0.77 Glycosyl transferase family group 2
GT21.hmm                -            233 lcl|U00096.3_prot_AAC74133.1_1023 -            847    0.0071   11.5   0.0   1   1   4.7e-05     0.013   10.7   0.0    70   141   320   393   300   491 0.81 -
AA3_4.hmm            -            532 lcl|U00096.3_prot_AAC74143.1_1032 -            372     0.003   12.3   0.1   1   1   1.6e-05    0.0045   11.7   0.1     3    45     2    43     1    52 0.82 -
AA3_1.hmm            -            548 lcl|U00096.3_prot_AAC74143.1_1032 -            372    0.0033   11.6   0.0   1   2     5e-05     0.014    9.6   0.0    16    52     2    38     1    73 0.85 -
AA3_1.hmm            -            548 lcl|U00096.3_prot_AAC74143.1_1032 -            372    0.0033   11.6   0.0   2   2     0.064        18   -0.7   0.0   206   267   152   203   148   205 0.75 -
AA3.hmm              -            618 lcl|U00096.3_prot_AAC74143.1_1032 -            372    0.0059   10.6   0.0   1   1   2.8e-05    0.0076   10.3   0.0    89   250     2   203     1   209 0.51 -
GH188.hmm            -            259 lcl|U00096.3_prot_AAC74152.1_1041 -            307   4.2e-13   44.7   0.0   1   1   2.9e-15   5.9e-13   44.2   0.0     2   138     5   138     4   149 0.76 -
GH177.hmm            -            347 lcl|U00096.3_prot_AAC74152.1_1041 -            307   4.6e-12   41.5   0.2   1   3     0.018       3.8    2.4   0.0     1    27     3    29     3    35 0.86 -
GH177.hmm            -            347 lcl|U00096.3_prot_AAC74152.1_1041 -            307   4.6e-12   41.5   0.2   2   3   2.7e-11   5.5e-09   31.4   0.0    72   151    60   136    46   140 0.88 -
GH177.hmm            -            347 lcl|U00096.3_prot_AAC74152.1_1041 -            307   4.6e-12   41.5   0.2   3   3    0.0062       1.3    3.9   0.0   137   181   213   258   196   266 0.74 -
GH109.hmm            -            399 lcl|U00096.3_prot_AAC74152.1_1041 -            307   4.1e-08   27.9   0.0   1   2     0.018       3.6    1.7   0.0     3    20     1    18     1    35 0.83 -
GH109.hmm            -            399 lcl|U00096.3_prot_AAC74152.1_1041 -            307   4.1e-08   27.9   0.0   2   2   3.5e-09   7.2e-07   23.8   0.0    76   135    63   122    49   128 0.92 -
GH179.hmm            -            338 lcl|U00096.3_prot_AAC74152.1_1041 -            307     1e-07   27.1   0.0   1   2   1.3e-09   2.7e-07   25.8   0.0    48   109    62   123    37   139 0.82 -
GH179.hmm            -            338 lcl|U00096.3_prot_AAC74152.1_1041 -            307     1e-07   27.1   0.0   2   2      0.42        87   -2.2   0.0   290   325   266   301   257   304 0.78 -
GH73.hmm             -            128 lcl|U00096.3_prot_AAC74165.1_1054 -            313   1.2e-34  115.1   0.8   1   1   2.5e-37     2e-34  114.5   0.8     5   127   160   295   158   296 0.91 -
GH3.hmm              -            216 lcl|U00096.3_prot_AAC74191.1_1080 -            341   6.4e-53  175.1   0.1   1   1   9.9e-56   8.2e-53  174.8   0.1    10   216    56   278    48   278 0.92 -
AA3_1.hmm            -            548 lcl|U00096.3_prot_AAC74193.1_1082 -            434    0.0018   12.6   4.1   1   4    0.0002     0.083    7.0   0.0    19    36     8    25     3    46 0.84 -
AA3_1.hmm            -            548 lcl|U00096.3_prot_AAC74193.1_1082 -            434    0.0018   12.6   4.1   2   4     0.023       9.7    0.2   0.0   206   249    65   106    56   127 0.79 -
AA3_1.hmm            -            548 lcl|U00096.3_prot_AAC74193.1_1082 -            434    0.0018   12.6   4.1   3   4    0.0021      0.88    3.7   0.6    14    40   168   194   161   267 0.87 -
AA3_1.hmm            -            548 lcl|U00096.3_prot_AAC74193.1_1082 -            434    0.0018   12.6   4.1   4   4      0.15        61   -2.4   0.0   479   491   331   343   327   349 0.86 -
AA3_2.hmm            -            568 lcl|U00096.3_prot_AAC74193.1_1082 -            434     0.034    8.5   4.3   1   3   0.00011     0.046    8.0   0.0     6    45     9    52     8    75 0.84 -
AA3_2.hmm            -            568 lcl|U00096.3_prot_AAC74193.1_1082 -            434     0.034    8.5   4.3   2   3     0.014         6    1.0   0.2     7    35   175   217   173   245 0.78 -
AA3_2.hmm            -            568 lcl|U00096.3_prot_AAC74193.1_1082 -            434     0.034    8.5   4.3   3   3       0.1        43   -1.8   0.1   504   514   333   343   331   348 0.86 -
CBM50.hmm            -             40 lcl|U00096.3_prot_AAC74197.1_1086 -            320   8.1e-06   21.8   0.0   1   1     3e-08   2.5e-05   20.3   0.0     6    40    53    91    51    91 0.82 -
AA3_1.hmm            -            548 lcl|U00096.3_prot_AAC74273.1_1164 -            432    0.0017   12.6   0.3   1   2     1e-05    0.0083   10.3   0.2    19    55     3    39     1    54 0.84 -
AA3_1.hmm            -            548 lcl|U00096.3_prot_AAC74273.1_1164 -            432    0.0017   12.6   0.3   2   2     0.018        15   -0.4   0.0   215   243   212   240   205   259 0.82 -
GH23.hmm             -            135 lcl|U00096.3_prot_AAC74277.2_1169 -            203   3.1e-16   55.8   0.1   1   1   9.5e-19   3.9e-16   55.4   0.1    14   118    52   197    35   203 0.77 -
GH103.hmm            -            295 lcl|U00096.3_prot_AAC74277.2_1169 -            203     0.007   11.1   0.0   1   1   2.5e-05      0.01   10.6   0.0    71    98    38    65    23    90 0.86 -
GH37.hmm             -            491 lcl|U00096.3_prot_AAC74281.1_1173 -            565  4.6e-192  634.9   6.3   1   1  4.7e-194  5.5e-192  634.7   6.3     1   490    56   531    56   532 0.98 -
GH142.hmm            -            479 lcl|U00096.3_prot_AAC74281.1_1173 -            565   7.6e-10   33.5   3.2   1   2     0.063       7.4    0.6   0.0   135   157   222   244   207   252 0.80 -
GH142.hmm            -            479 lcl|U00096.3_prot_AAC74281.1_1173 -            565   7.6e-10   33.5   3.2   2   2   1.8e-11   2.1e-09   32.1   1.5   187   286   329   425   298   454 0.80 -
GH133.hmm            -            372 lcl|U00096.3_prot_AAC74281.1_1173 -            565   6.2e-09   30.8   1.5   1   2   5.5e-11   6.5e-09   30.7   0.7    68   275   197   442   160   454 0.66 -
GH133.hmm            -            372 lcl|U00096.3_prot_AAC74281.1_1173 -            565   6.2e-09   30.8   1.5   2   2       1.8   2.1e+02   -3.9   0.0    75    92   473   490   459   494 0.79 -
GH175.hmm            -            194 lcl|U00096.3_prot_AAC74281.1_1173 -            565   5.2e-08   28.6   5.4   1   1   5.8e-08   6.9e-06   21.7   5.4     1   192   337   501   337   504 0.86 -
GH176.hmm            -            400 lcl|U00096.3_prot_AAC74281.1_1173 -            565   4.5e-06   21.2   5.5   1   3      0.24        28   -1.3   0.0   319   349   158   188   156   196 0.80 -
GH176.hmm            -            400 lcl|U00096.3_prot_AAC74281.1_1173 -            565   4.5e-06   21.2   5.5   2   3    0.0035      0.42    4.8   0.1   100   176   194   273   183   282 0.67 -
GH176.hmm            -            400 lcl|U00096.3_prot_AAC74281.1_1173 -            565   4.5e-06   21.2   5.5   3   3   4.1e-07   4.8e-05   17.8   0.9   193   366   333   503   307   532 0.83 -
GH94.hmm             -           1036 lcl|U00096.3_prot_AAC74281.1_1173 -            565   1.1e-05   19.0   0.7   1   1   1.4e-07   1.7e-05   18.4   0.7   749   845   346   436   336   441 0.82 -
GH78.hmm             -            504 lcl|U00096.3_prot_AAC74281.1_1173 -            565   1.1e-05   19.9   9.7   1   1   9.8e-07   0.00012   16.6   9.7   269   352   337   428   170   444 0.76 -
CBM35.hmm            -            119 lcl|U00096.3_prot_AAC74284.2_1176 -            356    0.0017   14.2   0.0   1   1   4.2e-06    0.0035   13.2   0.0    60   115   236   291   228   294 0.83 -
CBM32.hmm            -            124 lcl|U00096.3_prot_AAC74293.1_1185 -            207    0.0036   13.4   0.0   1   1   6.9e-06    0.0057   12.8   0.0    59   107   144   201    97   206 0.65 -
GH118.hmm            -            477 lcl|U00096.3_prot_AAC74295.1_1187 -            360    0.0019   12.7   0.1   1   1   3.7e-06    0.0031   12.0   0.1   339   404   240   302   223   322 0.81 -
PL9_4.hmm            -            159 lcl|U00096.3_prot_AAC74334.1_1230 -            239    0.0053   12.1   0.0   1   1     1e-05    0.0084   11.5   0.0    43   104   144   204   128   213 0.86 -
GH170.hmm            -            350 lcl|U00096.3_prot_AAC74339.1_1235 -            168    0.0017   13.1   0.1   1   1   2.8e-06    0.0023   12.7   0.1   223   282    22    82    13    99 0.79 -
GT128.hmm            -            149 lcl|U00096.3_prot_AAC74357.1_1253 -            324    0.0029   13.7   0.0   1   1   6.4e-06    0.0053   12.9   0.0    34    99   182   246   167   250 0.90 -
GT41.hmm             -            705 lcl|U00096.3_prot_AAC74362.1_1261 -            389   1.3e-11   39.4   9.2   1   2   2.2e-05     0.019    9.1   0.0   140   189    47    96    17   101 0.77 -
GT41.hmm             -            705 lcl|U00096.3_prot_AAC74362.1_1261 -            389   1.3e-11   39.4   9.2   2   2   7.6e-11   6.3e-08   27.2   8.3    45   221   102   328    92   334 0.79 -
GH168.hmm            -            277 lcl|U00096.3_prot_AAC74368.1_1270 -            644    0.0046   12.5   0.0   1   1     9e-06    0.0075   11.8   0.0    25   128   119   226   116   246 0.78 -
GH30_3.hmm           -            417 lcl|U00096.3_prot_AAC74373.1_1275 -            330    0.0064   10.9   0.1   1   1     1e-05    0.0083   10.5   0.1   165   227   169   231   166   277 0.62 -
AA3.hmm              -            618 lcl|U00096.3_prot_AAC74383.1_1286 -            426   1.2e-06   22.8   0.2   1   1   6.8e-09   1.9e-06   22.2   0.2    76   122    14    62     2   238 0.62 -
AA3_1.hmm            -            548 lcl|U00096.3_prot_AAC74383.1_1286 -            426   2.5e-06   22.0   0.1   1   1   1.3e-08   3.6e-06   21.4   0.1     6    62    17    76    11    88 0.80 -
AA3_2.hmm            -            568 lcl|U00096.3_prot_AAC74383.1_1286 -            426    0.0019   12.6   0.9   1   1   1.3e-05    0.0035   11.7   0.9     4    36    29    60    27    84 0.90 -
GH13_18.hmm          -            343 lcl|U00096.3_prot_AAC74391.2_1294 -            559  7.7e-153  504.1   0.0   1   2       6.8   2.3e+02   -3.9   0.0   269   314    18    62    15    65 0.69 -
GH13_18.hmm          -            343 lcl|U00096.3_prot_AAC74391.2_1294 -            559  7.7e-153  504.1   0.0   2   2  3.8e-154  1.3e-152  503.4   0.0     1   343    81   423    81   423 0.99 -
GH13_4.hmm           -            399 lcl|U00096.3_prot_AAC74391.2_1294 -            559   4.8e-57  189.1   0.0   1   2     2e-54   6.8e-53  175.4   0.0    20   295    82   343    75   354 0.94 -
GH13_4.hmm           -            399 lcl|U00096.3_prot_AAC74391.2_1294 -            559   4.8e-57  189.1   0.0   2   2   0.00011    0.0039   11.6   0.0   362   399   395   432   387   432 0.84 -
GH13_16.hmm          -            353 lcl|U00096.3_prot_AAC74391.2_1294 -            559   6.7e-49  162.5   0.1   1   2   3.9e-48   1.3e-46  154.9   0.1    20   288    83   345    73   371 0.92 -
GH13_16.hmm          -            353 lcl|U00096.3_prot_AAC74391.2_1294 -            559   6.7e-49  162.5   0.1   2   2      0.01      0.36    5.5   0.0   325   344   403   422   383   429 0.87 -
GH13_36.hmm          -            321 lcl|U00096.3_prot_AAC74391.2_1294 -            559     9e-30  100.0   0.0   1   2   4.9e-30   1.7e-28   95.8   0.0    21   277    83   338    77   346 0.86 -
GH13_36.hmm          -            321 lcl|U00096.3_prot_AAC74391.2_1294 -            559     9e-30  100.0   0.0   2   2      0.18       6.1    1.9   0.0   286   310   399   423   353   432 0.79 -
GH13_23.hmm          -            344 lcl|U00096.3_prot_AAC74391.2_1294 -            559   2.1e-23   79.1   0.8   1   3   1.3e-19   4.4e-18   61.6   1.0    21   182    84   238    74   244 0.93 -
GH13_23.hmm          -            344 lcl|U00096.3_prot_AAC74391.2_1294 -            559   2.1e-23   79.1   0.8   2   3   2.3e-05   0.00078   14.7   0.0   214   299   246   338   239   342 0.73 -
GH13_23.hmm          -            344 lcl|U00096.3_prot_AAC74391.2_1294 -            559   2.1e-23   79.1   0.8   3   3       7.4   2.5e+02   -3.4   0.0   305   339   392   428   384   431 0.68 -
GH13_17.hmm          -            350 lcl|U00096.3_prot_AAC74391.2_1294 -            559   5.6e-22   74.1   0.5   1   1   5.5e-22   1.9e-20   69.1   0.5    20   184    83   237    73   340 0.90 -
GH13_31.hmm          -            349 lcl|U00096.3_prot_AAC74391.2_1294 -            559   1.1e-20   69.9   0.0   1   2   1.4e-21   4.9e-20   67.8   0.1    21   213    84   257    76   339 0.79 -
GH13_31.hmm          -            349 lcl|U00096.3_prot_AAC74391.2_1294 -            559   1.1e-20   69.9   0.0   2   2       5.4   1.9e+02   -3.1   0.0   312   345   395   428   356   431 0.54 -
GH13_29.hmm          -            346 lcl|U00096.3_prot_AAC74391.2_1294 -            559   1.4e-20   69.4   0.1   1   1   6.6e-22   2.3e-20   68.8   0.1    21   180    83   237    74   334 0.85 -
GH13.hmm             -            299 lcl|U00096.3_prot_AAC74391.2_1294 -            559   4.3e-20   68.8   0.0   1   1   3.4e-21   1.2e-19   67.3   0.0    30   288    81   428    56   438 0.70 -
GH13_30.hmm          -            365 lcl|U00096.3_prot_AAC74391.2_1294 -            559   5.3e-19   64.2   0.3   1   1   8.3e-18   2.9e-16   55.2   0.3    21   303    84   338    79   343 0.79 -
GH13_35.hmm          -            355 lcl|U00096.3_prot_AAC74391.2_1294 -            559   2.8e-15   52.0   0.2   1   2   4.5e-16   1.5e-14   49.6   0.8    22   182    84   235    70   240 0.89 -
GH13_35.hmm          -            355 lcl|U00096.3_prot_AAC74391.2_1294 -            559   2.8e-15   52.0   0.2   2   2       1.7        59   -1.7   0.0   329   351   408   430   389   432 0.82 -
GH13_40.hmm          -            359 lcl|U00096.3_prot_AAC74391.2_1294 -            559     4e-15   51.3   0.1   1   1   2.4e-16   8.4e-15   50.2   0.1    21   188    84   239    75   339 0.91 -
GH13_21.hmm          -            316 lcl|U00096.3_prot_AAC74391.2_1294 -            559   9.7e-14   46.9   0.1   1   1   3.3e-14   1.1e-12   43.4   0.1    21   230    83   337    80   431 0.75 -
GH13_44.hmm          -            336 lcl|U00096.3_prot_AAC74391.2_1294 -            559   3.1e-12   42.0   0.1   1   1     8e-12   2.8e-10   35.6   0.1    32   328    94   422    75   430 0.66 -
GH13_20.hmm          -            300 lcl|U00096.3_prot_AAC74391.2_1294 -            559   1.3e-10   36.7   0.0   1   1   1.2e-11   4.3e-10   35.1   0.0    19   287    82   422    75   431 0.75 -
GH13_39.hmm          -            320 lcl|U00096.3_prot_AAC74391.2_1294 -            559   9.9e-08   27.2   0.0   1   2   5.2e-06   0.00018   16.5   0.0    21   257    84   338    73   344 0.73 -
GH13_39.hmm          -            320 lcl|U00096.3_prot_AAC74391.2_1294 -            559   9.9e-08   27.2   0.0   2   2    0.0014     0.047    8.5   0.0   254   307   372   424   351   433 0.73 -
GH13_49.hmm          -            293 lcl|U00096.3_prot_AAC74391.2_1294 -            559   1.1e-07   27.0   0.1   1   2   1.9e-07   6.6e-06   21.2   0.2    36   114    94   165    75   229 0.77 -
GH13_49.hmm          -            293 lcl|U00096.3_prot_AAC74391.2_1294 -            559   1.1e-07   27.0   0.1   2   2     0.051       1.7    3.4   0.0   243   283   366   423   343   431 0.68 -
GH13_48.hmm          -            283 lcl|U00096.3_prot_AAC74391.2_1294 -            559   2.1e-07   26.3   0.5   1   1   1.1e-07   3.6e-06   22.2   0.5    25   144    86   223    81   346 0.78 -
GH13_2.hmm           -            321 lcl|U00096.3_prot_AAC74391.2_1294 -            559   2.6e-07   26.0   0.0   1   2   7.7e-05    0.0027   12.8   0.0    47   182    97   234    90   239 0.71 -
GH13_2.hmm           -            321 lcl|U00096.3_prot_AAC74391.2_1294 -            559   2.6e-07   26.0   0.0   2   2    0.0013     0.045    8.8   0.0   281   309   394   422   358   428 0.75 -
GH13_45.hmm          -            292 lcl|U00096.3_prot_AAC74391.2_1294 -            559   5.9e-05   18.3   0.0   1   2   1.6e-05   0.00055   15.1   0.0    36    93    96   148    77   229 0.70 -
GH13_45.hmm          -            292 lcl|U00096.3_prot_AAC74391.2_1294 -            559   5.9e-05   18.3   0.0   2   2      0.47        16    0.4   0.0   256   278   400   422   363   427 0.84 -
GH13_43.hmm          -            273 lcl|U00096.3_prot_AAC74391.2_1294 -            559   0.00013   17.0   0.0   1   2   0.00071     0.024    9.6   0.0    44   166    97   236    76   238 0.74 -
GH13_43.hmm          -            273 lcl|U00096.3_prot_AAC74391.2_1294 -            559   0.00013   17.0   0.0   2   2      0.02      0.68    4.8   0.0   245   272   395   422   377   423 0.86 -
GH13_46.hmm          -            322 lcl|U00096.3_prot_AAC74391.2_1294 -            559   0.00013   17.0   0.0   1   2   4.8e-05    0.0017   13.4   0.1    34   157    92   218    84   324 0.68 -
GH13_46.hmm          -            322 lcl|U00096.3_prot_AAC74391.2_1294 -            559   0.00013   17.0   0.0   2   2       0.6        21   -0.0   0.0   280   310   393   423   384   432 0.84 -
GH13_26.hmm          -            296 lcl|U00096.3_prot_AAC74391.2_1294 -            559   0.00033   15.9   0.0   1   1   1.7e-05   0.00059   15.1   0.0    24    96    93   155    81   216 0.72 -
GH13_9.hmm           -            301 lcl|U00096.3_prot_AAC74391.2_1294 -            559   0.00066   14.6   0.3   1   2   0.00043     0.015   10.2   0.2     8    53    81   124    76   150 0.86 -
GH13_9.hmm           -            301 lcl|U00096.3_prot_AAC74391.2_1294 -            559   0.00066   14.6   0.3   2   2      0.14       4.9    1.9   0.0   100   138   198   235   182   278 0.69 -
GH179.hmm            -            338 lcl|U00096.3_prot_AAC74397.1_1300 -            351   3.4e-48  160.2   0.0   1   1   2.2e-50   4.6e-48  159.8   0.0     2   331    25   346    24   350 0.85 -
GH188.hmm            -            259 lcl|U00096.3_prot_AAC74397.1_1300 -            351   6.3e-22   73.6   0.0   1   1   4.2e-24   8.6e-22   73.2   0.0     1   239    10   254    10   276 0.82 -
GH109.hmm            -            399 lcl|U00096.3_prot_AAC74397.1_1300 -            351   5.2e-21   70.3   0.0   1   1   4.9e-23     1e-20   69.4   0.0     5   161     9   157     6   163 0.88 -
GH177.hmm            -            347 lcl|U00096.3_prot_AAC74397.1_1300 -            351   2.3e-20   68.8   0.3   1   1   1.1e-21   2.3e-19   65.6   0.3     2   239    10   222     9   319 0.82 -
GH65.hmm             -            372 lcl|U00096.3_prot_AAC74398.1_1301 -            755  1.9e-138  457.1   0.4   1   1  1.3e-140  2.7e-138  456.6   0.4     2   371   299   674   298   675 0.98 -
GH95.hmm             -            722 lcl|U00096.3_prot_AAC74398.1_1301 -            755   8.8e-12   39.7   2.7   1   3   5.3e-05     0.011    9.7   0.1   111   285    87   291    71   313 0.64 -
GH95.hmm             -            722 lcl|U00096.3_prot_AAC74398.1_1301 -            755   8.8e-12   39.7   2.7   2   3   2.3e-09   4.7e-07   24.1   0.1   427   541   421   531   393   533 0.90 -
GH95.hmm             -            722 lcl|U00096.3_prot_AAC74398.1_1301 -            755   8.8e-12   39.7   2.7   3   3    0.0023      0.47    4.3   0.0   656   676   672   692   667   709 0.89 -
GH94.hmm             -           1036 lcl|U00096.3_prot_AAC74398.1_1301 -            755   1.7e-05   18.4   0.0   1   1   1.3e-07   2.6e-05   17.8   0.0   952  1019   659   728   652   752 0.83 -
GH92.hmm             -            491 lcl|U00096.3_prot_AAC74398.1_1301 -            755   0.00028   15.5   0.3   1   1   2.2e-06   0.00046   14.8   0.3    39   141   259   355   250   378 0.81 -
CE19.hmm             -            332 lcl|U00096.3_prot_AAC74409.2_1313 -            306   3.5e-11   38.5   0.0   1   1   2.3e-13   6.3e-11   37.6   0.0    57   191    13   140     4   159 0.78 -
CE1.hmm              -            227 lcl|U00096.3_prot_AAC74409.2_1313 -            306   1.3e-06   24.0   0.3   1   1   6.5e-09   1.8e-06   23.5   0.3    10   175    20   190    15   285 0.70 -
CE7.hmm              -            313 lcl|U00096.3_prot_AAC74409.2_1313 -            306   0.00017   16.2   0.6   1   2     0.022       6.2    1.2   0.0    57   121     6    77     3    91 0.68 -
CE7.hmm              -            313 lcl|U00096.3_prot_AAC74409.2_1313 -            306   0.00017   16.2   0.6   2   2   5.5e-06    0.0015   13.1   0.2   157   202    92   137    87   174 0.79 -
CBM12.hmm            -             34 lcl|U00096.3_prot_AAC74434.2_1341 -             73     0.002   13.4   0.0   1   1   3.4e-06    0.0028   12.9   0.0    12    24    19    31    17    35 0.89 -
