HMM Profile	Profile Length	Gene ID	Gene Length	E Value	Profile Start	Profile End	Gene Start	Gene End	Coverage
GH2.hmm	752	fig|226186.12.peg.1000|BT_0983	882	3e-94	27	514	43	642	0.647606382979
GH139.hmm	777	fig|226186.12.peg.1001|BT_0984	803	0	4	775	2	802	0.992277992278
CE20.hmm	249	fig|226186.12.peg.1002|BT_0985	477	5.5e-93	3	248	107	367	0.983935742972
GH106.hmm	824	fig|226186.12.peg.1003|BT_0986	1105	5e-118	94	457	362	724	0.440533980583
GH2.hmm	752	fig|226186.12.peg.1009|BT_0992	950	1.6e-129	35	745	40	830	0.94414893617
GH2.hmm	752	fig|226186.12.peg.1010|BT_0993	1092	6.4e-230	29	750	52	976	0.958776595745
GH137.hmm	340	fig|226186.12.peg.1013|BT_0996	1412	3.9e-159	2	340	20	368	0.994117647059
GH2.hmm	752	fig|226186.12.peg.1013|BT_0996	1412	2.8e-76	21	387	371	814	0.48670212766
CBM57.hmm	147	fig|226186.12.peg.1013|BT_0996	1412	3e-45	2	147	1080	1241	0.986394557823
CBM97.hmm	127	fig|226186.12.peg.1013|BT_0996	1412	6.5e-44	2	127	1288	1412	0.984251968504
GH138.hmm	907	fig|226186.12.peg.1014|BT_0997	899	0	1	907	1	899	0.998897464168
GH78.hmm	504	fig|226186.12.peg.1017|BT_1001	729	2.2e-115	3	489	186	680	0.964285714286
GH141.hmm	527	fig|226186.12.peg.1018|BT_1002	619	2.1e-232	2	527	21	581	0.996204933586
GH127.hmm	524	fig|226186.12.peg.1019|BT_1003	698	3.7e-192	1	524	44	607	0.998091603053
GH95.hmm	722	fig|226186.12.peg.1026|BT_1010	824	2.7e-293	3	713	29	761	0.983379501385
GH105.hmm	332	fig|226186.12.peg.1027|BT_1011	400	3.4e-121	5	332	49	396	0.984939759036
GH140.hmm	412	fig|226186.12.peg.1029|BT_1012	339	9.4e-132	108	412	1	318	0.73786407767
CBM67.hmm	176	fig|226186.12.peg.1030|BT_1013	1290	3.9e-38	3	170	144	329	0.948863636364
GH78.hmm	504	fig|226186.12.peg.1030|BT_1013	1290	1.2e-160	6	504	357	887	0.988095238095
GH33.hmm	342	fig|226186.12.peg.1030|BT_1013	1290	4.8e-39	13	328	920	1275	0.921052631579
CE19.hmm	332	fig|226186.12.peg.1034|BT_1017	653	2.4e-141	2	331	118	449	0.990963855422
GH28.hmm	325	fig|226186.12.peg.1035|BT_1018	445	1.3e-97	10	309	53	421	0.92
CBM67.hmm	176	fig|226186.12.peg.1036|BT_1019	953	9.1e-35	27	172	200	355	0.823863636364
GH78.hmm	504	fig|226186.12.peg.1036|BT_1019	953	1.6e-157	3	504	395	933	0.994047619048
GH143.hmm	556	fig|226186.12.peg.1037|BT_1020	1109	2.5e-295	3	556	21	570	0.994604316547
GH142.hmm	479	fig|226186.12.peg.1037|BT_1020	1109	1.5e-232	2	479	634	1101	0.995824634656
GH43_18.hmm	226	fig|226186.12.peg.1038|BT_1021	309	8.6e-91	2	226	66	291	0.991150442478
PL1_2.hmm	183	fig|226186.12.peg.1040|BT_1023	579	2.2e-64	1	183	135	328	0.994535519126
GH92.hmm	491	fig|226186.12.peg.1049|BT_1032	756	2e-179	2	487	269	755	0.987780040733
GH130_2.hmm	300	fig|226186.12.peg.1050|BT_1033	322	1.1e-157	1	300	19	317	0.996666666667
GH163.hmm	251	fig|226186.12.peg.1052|BT_1035	734	7.8e-111	1	251	197	451	0.996015936255
GH20.hmm	337	fig|226186.12.peg.1068|BT_1051	773	4e-124	9	335	154	507	0.967359050445
GT35.hmm	674	fig|226186.12.peg.1123|BT_1100	852	4.6e-113	209	637	272	734	0.635014836795
GT2.hmm	170	fig|226186.12.peg.1189|BT_1166	299	5.5e-17	1	169	8	182	0.988235294118
GT2.hmm	230	fig|226186.12.peg.1190|BT_1167	395	2.4e-28	3	229	43	263	0.982608695652
GT2.hmm	170	fig|226186.12.peg.1199|BT_1176	314	9.2e-36	1	153	9	163	0.894117647059
GT101.hmm	224	fig|226186.12.peg.1202|BT_1179	303	4.3e-94	1	224	57	280	0.995535714286
GT4.hmm	160	fig|226186.12.peg.1203|BT_1180	384	3.9e-41	13	159	208	353	0.9125
GT2.hmm	170	fig|226186.12.peg.1204|BT_1181	283	5.1e-25	1	116	42	149	0.676470588235
GT2.hmm	230	fig|226186.12.peg.1206|BT_1183	1336	9.7e-21	1	226	54	271	0.978260869565
GT51.hmm	177	fig|226186.12.peg.1218|BT_1195	248	1.6e-53	12	176	60	223	0.926553672316
PL40.hmm	873	fig|226186.12.peg.123|BT_0126	918	6.8e-267	4	839	2	902	0.956471935853
GH28.hmm	325	fig|226186.12.peg.124|BT_0127	1097	2e-29	66	306	193	440	0.738461538462
CE1.hmm	227	fig|226186.12.peg.1287|BT_1261	474	1.8e-18	11	208	233	444	0.867841409692
GH97.hmm	631	fig|226186.12.peg.129|BT_0132	649	4.6e-183	10	630	28	645	0.982567353407
GH18.hmm	296	fig|226186.12.peg.1312|BT_1285	306	2.6e-18	27	172	66	246	0.489864864865
GT35.hmm	674	fig|226186.12.peg.1322|BT_1293	854	9e-115	208	637	270	716	0.63649851632
GT3.hmm	637	fig|226186.12.peg.1323|BT_1294	606	4.4e-130	1	346	66	400	0.541601255887
GH146.hmm	503	fig|226186.12.peg.134|BT_0137	641	2.7e-203	1	503	51	556	0.998011928429
GT122.hmm	327	fig|226186.12.peg.1375|BT_1343	355	7.6e-42	1	321	31	334	0.978593272171
GT4.hmm	160	fig|226186.12.peg.1376|BT_1344	367	8.8e-22	2	150	189	330	0.925
GT2.hmm	170	fig|226186.12.peg.1379|BT_1347	285	5e-24	3	119	6	119	0.682352941176
GT4.hmm	160	fig|226186.12.peg.1384|BT_1352	389	2e-26	7	160	210	360	0.95625
GT2.hmm	170	fig|226186.12.peg.1385|BT_1353	345	8e-38	1	166	9	171	0.970588235294
GH43_10.hmm	271	fig|226186.12.peg.142|BT_0145	466	1.3e-81	49	271	2	224	0.819188191882
CBM91.hmm	200	fig|226186.12.peg.142|BT_0145	466	4.2e-26	5	195	259	463	0.95
GH88.hmm	329	fig|226186.12.peg.143|BT_0146	406	5.1e-126	3	329	71	395	0.990881458967
CE1.hmm	227	fig|226186.12.peg.149|BT_0152	282	2.3e-50	1	218	41	271	0.955947136564
GH20.hmm	337	fig|226186.12.peg.1659|BT_1621	519	5.5e-106	14	336	143	477	0.955489614243
GH29.hmm	346	fig|226186.12.peg.1663|BT_1625	606	1.3e-82	38	338	52	373	0.867052023121
CBM32.hmm	124	fig|226186.12.peg.1663|BT_1625	606	8.8e-16	30	121	499	599	0.733870967742
GH2.hmm	752	fig|226186.12.peg.1664|BT_1626	1023	1.9e-216	24	751	64	908	0.966755319149
GH20.hmm	337	fig|226186.12.peg.1665|BT_1627	776	6.4e-116	8	336	158	517	0.973293768546
GH18.hmm	296	fig|226186.12.peg.1670|BT_1632	554	7.8e-37	48	285	297	533	0.800675675676
GT2.hmm	170	fig|226186.12.peg.1685|BT_1645	269	3e-28	6	131	9	135	0.735294117647
GT2.hmm	170	fig|226186.12.peg.1686|BT_1646	303	1.3e-34	1	132	4	132	0.770588235294
GT129.hmm	123	fig|226186.12.peg.1687|BT_1647	432	1.8e-26	1	123	212	336	0.991869918699
GT2.hmm	170	fig|226186.12.peg.1688|BT_1648	330	6.5e-33	1	148	10	160	0.864705882353
GT25.hmm	181	fig|226186.12.peg.1689|BT_1649	225	2.7e-24	20	178	2	157	0.872928176796
GH13_14.hmm	289	fig|226186.12.peg.1704|BT_1663	639	8.7e-118	1	289	173	497	0.996539792388
GT2.hmm	170	fig|226186.12.peg.1752|BT_1709	273	1.1e-27	5	131	12	139	0.741176470588
GT122.hmm	327	fig|226186.12.peg.1753|BT_1710	370	6.8e-34	4	322	31	348	0.97247706422
GT4.hmm	160	fig|226186.12.peg.1755|BT_1712	392	3.3e-29	12	135	222	344	0.76875
GH32.hmm	293	fig|226186.12.peg.1804|BT_1759	424	2.2e-78	38	283	1	253	0.836177474403
GH32.hmm	293	fig|226186.12.peg.1806|BT_1760	447	5.4e-41	39	282	17	274	0.829351535836
GH23.hmm	135	fig|226186.12.peg.180|BT_0183	469	2e-21	13	122	309	420	0.807407407407
GH32.hmm	293	fig|226186.12.peg.1812|BT_1765	627	1e-92	1	289	140	440	0.982935153584
GH2.hmm	752	fig|226186.12.peg.1815|BT_1768	1085	6.3e-88	19	490	50	700	0.626329787234
GH92.hmm	491	fig|226186.12.peg.1816|BT_1769	751	4.2e-167	3	491	212	733	0.993890020367
GH2.hmm	752	fig|226186.12.peg.1824|BT_1776	1191	9.6e-90	10	587	187	981	0.767287234043
GH95.hmm	722	fig|226186.12.peg.1825|BT_1777	942	6e-231	97	717	244	907	0.858725761773
GH3.hmm	216	fig|226186.12.peg.1827|BT_1778	853	9.3e-70	4	215	64	305	0.976851851852
CE20.hmm	249	fig|226186.12.peg.1828|BT_1779	572	1.6e-76	3	248	105	447	0.983935742972
GH3.hmm	216	fig|226186.12.peg.1829|BT_1780	954	1.5e-70	4	213	206	426	0.967592592593
GH43_2.hmm	277	fig|226186.12.peg.1830|BT_1781	697	1.5e-131	2	277	415	690	0.992779783394
GH97.hmm	631	fig|226186.12.peg.1923|BT_1871	662	8.8e-210	4	630	11	661	0.992076069731
GH3.hmm	216	fig|226186.12.peg.1924|BT_1872	759	4.5e-69	3	216	98	319	0.986111111111
GH43_17.hmm	267	fig|226186.12.peg.1925|BT_1873	327	3.1e-101	1	264	50	309	0.985018726592
GH92.hmm	491	fig|226186.12.peg.1930|BT_1878	723	6e-189	5	487	234	722	0.9816700611
GH76.hmm	358	fig|226186.12.peg.1935|BT_1883	408	4.3e-85	2	346	47	395	0.960893854749
GH127.hmm	524	fig|226186.12.peg.2159|BT_2097	687	1.8e-176	1	524	39	620	0.998091603053
GH92.hmm	491	fig|226186.12.peg.2167|BT_2105	1047	7.4e-144	3	491	523	1041	0.993890020367
GH92.hmm	491	fig|226186.12.peg.2173|BT_2111	1042	6e-144	2	491	526	1035	0.995926680244
GH43_24.hmm	246	fig|226186.12.peg.2174|BT_2112	345	1.3e-102	2	246	52	309	0.991869918699
GH38.hmm	269	fig|226186.12.peg.2175|BT_2113	1141	8.8e-22	1	258	297	568	0.955390334572
GH171.hmm	355	fig|226186.12.peg.2198|BT_2135	387	2.7e-118	1	355	44	387	0.997183098592
CBM20.hmm	90	fig|226186.12.peg.2210|BT_2146	893	3.3e-17	12	87	137	214	0.833333333333
GH77.hmm	494	fig|226186.12.peg.2210|BT_2146	893	5.8e-157	1	490	240	885	0.98987854251
GT4.hmm	160	fig|226186.12.peg.2212|BT_2148	333	9.9e-16	14	147	153	278	0.83125
GT2.hmm	170	fig|226186.12.peg.2215|BT_2151	342	8.6e-26	1	132	4	131	0.770588235294
GH109.hmm	399	fig|226186.12.peg.2222|BT_2158	491	1.9e-18	3	163	38	189	0.401002506266
GH2.hmm	752	fig|226186.12.peg.2255|BT_2191	901	9.3e-189	20	590	221	894	0.757978723404
GH29.hmm	346	fig|226186.12.peg.2256|BT_2192	484	1.5e-74	41	326	35	330	0.823699421965
GH92.hmm	491	fig|226186.12.peg.2264|BT_2199	758	4.8e-184	3	491	236	741	0.993890020367
PL10_1.hmm	288	fig|226186.12.peg.2319|BT_2254	364	3.2e-122	1	287	61	349	0.993055555556
GH28.hmm	325	fig|226186.12.peg.2437|BT_2378	482	3.4e-36	59	307	194	450	0.763076923077
GH2.hmm	752	fig|226186.12.peg.2494|BT_2432	977	3.2e-82	28	555	24	716	0.70079787234
CBM32.hmm	124	fig|226186.12.peg.2494|BT_2432	977	2.7e-24	8	123	724	837	0.927419354839
GH3.hmm	216	fig|226186.12.peg.2501|BT_2439	1001	4.5e-56	4	215	108	331	0.976851851852
GH20.hmm	337	fig|226186.12.peg.2517|BT_2459	655	9.7e-110	8	336	142	479	0.973293768546
GT2.hmm	170	fig|226186.12.peg.252|BT_0251	247	5.9e-30	2	168	8	174	0.976470588235
GT51.hmm	177	fig|226186.12.peg.2553|BT_2501	649	8.1e-45	12	162	435	588	0.847457627119
CBM67.hmm	176	fig|226186.12.peg.2575|BT_2523	1152	1.3e-32	12	167	343	514	0.880681818182
GH78.hmm	504	fig|226186.12.peg.2575|BT_2523	1152	4.3e-173	5	504	569	1102	0.990079365079
CBM67.hmm	176	fig|226186.12.peg.2576|BT_2524	881	1.9e-43	3	166	144	318	0.926136363636
GH78.hmm	504	fig|226186.12.peg.2576|BT_2524	881	2e-158	2	503	347	856	0.994047619048
CE7.hmm	313	fig|226186.12.peg.2577|BT_2525	452	8.2e-92	11	310	145	445	0.955271565495
GH16_3.hmm	230	fig|226186.12.peg.2601|BT_2550	268	1.5e-54	1	230	36	262	0.995652173913
PL27.hmm	610	fig|226186.12.peg.264|BT_0263	467	1.2e-201	162	610	1	460	0.734426229508
GH43_24.hmm	246	fig|226186.12.peg.265|BT_0264	582	7.3e-43	55	233	203	376	0.723577235772
GH97.hmm	631	fig|226186.12.peg.2667|BT_2620	649	1.9e-193	4	630	11	648	0.992076069731
GH67.hmm	669	fig|226186.12.peg.2669|BT_2622	722	9.5e-279	2	666	27	693	0.992526158445
GH43_24.hmm	246	fig|226186.12.peg.266|BT_0265	493	3.3e-89	2	246	45	290	0.991869918699
GH76.hmm	358	fig|226186.12.peg.2670|BT_2623	517	1.2e-75	31	330	164	487	0.835195530726
GH92.hmm	491	fig|226186.12.peg.2676|BT_2629	760	5.9e-178	2	491	237	742	0.995926680244
GH76.hmm	358	fig|226186.12.peg.2678|BT_2631	385	9.5e-79	37	333	68	369	0.826815642458
GH125.hmm	402	fig|226186.12.peg.2679|BT_2632	481	2.9e-187	2	402	70	466	0.995024875622
GH27.hmm	229	fig|226186.12.peg.2706|BT_2662	545	6.8e-68	4	229	142	385	0.982532751092
GH2.hmm	752	fig|226186.12.peg.2721|BT_2680	1001	5.6e-64	24	411	22	472	0.514627659574
GT30.hmm	177	fig|226186.12.peg.2794|BT_2747	407	5.8e-48	10	176	43	205	0.937853107345
GH123.hmm	538	fig|226186.12.peg.2798|BT_2751	598	1.2e-244	3	537	59	596	0.992565055762
GH16_3.hmm	230	fig|226186.12.peg.2871|BT_2824	372	6.1e-58	3	229	138	367	0.982608695652
GH18.hmm	296	fig|226186.12.peg.2872|BT_2825	347	2.6e-47	2	287	46	334	0.962837837838
GH36.hmm	688	fig|226186.12.peg.2898|BT_2851	721	1.8e-211	2	687	29	704	0.995639534884
GH43_10.hmm	271	fig|226186.12.peg.2899|BT_2852	514	1.2e-99	2	271	37	295	0.992619926199
CBM91.hmm	200	fig|226186.12.peg.2899|BT_2852	514	2.9e-30	6	197	331	512	0.955
GH35.hmm	307	fig|226186.12.peg.289|BT_0290	779	4.8e-122	1	305	35	346	0.990228013029
GH3.hmm	216	fig|226186.12.peg.2900|BT_2854	759	1.2e-66	4	214	104	323	0.972222222222
GH2.hmm	752	fig|226186.12.peg.2901|BT_2855	987	1.5e-89	43	579	61	757	0.712765957447
CBM32.hmm	124	fig|226186.12.peg.2901|BT_2855	987	1e-24	12	122	736	844	0.887096774194
GT4.hmm	160	fig|226186.12.peg.2910|BT_2864	383	2.4e-35	7	158	189	341	0.94375
GT4.hmm	160	fig|226186.12.peg.2911|BT_2865	370	1.1e-17	11	152	198	341	0.88125
GT4.hmm	160	fig|226186.12.peg.2912|BT_2866	379	1.4e-33	9	159	200	349	0.9375
GT129.hmm	123	fig|226186.12.peg.2913|BT_2867	414	6.1e-31	1	116	211	329	0.934959349593
GT2.hmm	170	fig|226186.12.peg.2914|BT_2868	332	1.7e-38	1	133	9	149	0.776470588235
GT14.hmm	250	fig|226186.12.peg.2916|BT_2870	288	6e-59	2	245	4	256	0.972
GT14.hmm	250	fig|226186.12.peg.2917|BT_2871	286	2.7e-40	2	227	4	231	0.9
GT32.hmm	90	fig|226186.12.peg.2918|BT_2872	297	1.6e-17	4	86	70	147	0.911111111111
GT8.hmm	257	fig|226186.12.peg.2919|BT_2873	309	5.4e-46	29	255	5	252	0.879377431907
GT2.hmm	170	fig|226186.12.peg.2920|BT_2874	266	4.9e-18	1	122	4	126	0.711764705882
GT2.hmm	170	fig|226186.12.peg.2922|BT_2876	327	4.5e-32	1	115	8	120	0.670588235294
GT2.hmm	170	fig|226186.12.peg.2928|BT_2882	323	2e-18	6	131	13	142	0.735294117647
GH93.hmm	307	fig|226186.12.peg.2938|BT_2892	570	6.5e-62	2	277	62	332	0.895765472313
GH43_31.hmm	269	fig|226186.12.peg.2941|BT_2895	330	1.6e-101	4	267	48	311	0.977695167286
GH43_31.hmm	269	fig|226186.12.peg.2944|BT_2898	327	2.3e-106	4	267	46	308	0.977695167286
GH182.hmm	237	fig|226186.12.peg.2945|BT_2899	688	1.6e-112	4	237	391	627	0.983122362869
GH43_3.hmm	301	fig|226186.12.peg.2947|BT_2900	325	3.2e-111	1	301	26	309	0.996677740864
GH159.hmm	219	fig|226186.12.peg.2948|BT_2901	341	5.3e-64	1	218	32	260	0.990867579909
GH116.hmm	363	fig|226186.12.peg.2955|BT_2908	848	1.6e-57	4	361	413	780	0.98347107438
GH146.hmm	503	fig|226186.12.peg.2958|BT_2911	655	8e-173	1	503	50	571	0.998011928429
GH43_26.hmm	294	fig|226186.12.peg.2959|BT_2912	1544	1.1e-94	1	294	27	326	0.996598639456
GH106.hmm	824	fig|226186.12.peg.2959|BT_2912	1544	4.6e-181	94	652	539	1104	0.677184466019
GH88.hmm	329	fig|226186.12.peg.2960|BT_2913	402	9.1e-129	3	329	67	392	0.990881458967
GH154.hmm	348	fig|226186.12.peg.2963|BT_2916	407	4.9e-112	1	347	26	385	0.994252873563
GH105.hmm	332	fig|226186.12.peg.2968|BT_2921	360	7.2e-90	9	332	46	358	0.972891566265
GH2.hmm	752	fig|226186.12.peg.2969|BT_2922	604	7.7e-107	23	394	51	485	0.49335106383
GT4.hmm	160	fig|226186.12.peg.2983|BT_2936	399	2.7e-40	5	151	209	354	0.9125
GT4.hmm	160	fig|226186.12.peg.2985|BT_2938	408	4.8e-29	9	160	221	371	0.94375
GT4.hmm	160	fig|226186.12.peg.2998|BT_2946	428	1.7e-25	18	153	258	391	0.84375
GT2.hmm	170	fig|226186.12.peg.2999|BT_2947	251	1.1e-26	1	147	11	150	0.858823529412
GH92.hmm	491	fig|226186.12.peg.3000|BT_2948	897	3.6e-162	2	491	410	891	0.995926680244
GH76.hmm	358	fig|226186.12.peg.3001|BT_2949	383	1.3e-42	69	262	87	297	0.539106145251
GH115.hmm	697	fig|226186.12.peg.3009|BT_2958	789	1.5e-250	4	697	26	777	0.994261119082
GH43_24.hmm	246	fig|226186.12.peg.3010|BT_2959	460	3.8e-71	1	245	48	285	0.991869918699
GH105.hmm	332	fig|226186.12.peg.3013|BT_2963	980	1.3e-83	10	332	48	365	0.969879518072
PL33_2.hmm	151	fig|226186.12.peg.3013|BT_2963	980	3.8e-42	2	149	770	918	0.973509933775
PL8_3.hmm	250	fig|226186.12.peg.3014|BT_2964	721	2e-109	1	249	347	599	0.992
GH2.hmm	752	fig|226186.12.peg.3019|BT_2969	702	1.4e-90	26	576	21	692	0.731382978723
GH29.hmm	346	fig|226186.12.peg.3020|BT_2970	524	4.7e-96	11	345	63	422	0.965317919075
GH3.hmm	216	fig|226186.12.peg.3062|BT_3009	863	2.6e-66	3	215	58	304	0.981481481481
CBM32.hmm	124	fig|226186.12.peg.3068|BT_3015	968	2.6e-17	8	122	236	362	0.91935483871
GH154.hmm	348	fig|226186.12.peg.3075|BT_3021	450	1.5e-103	1	346	65	427	0.991379310345
GH30_6.hmm	467	fig|226186.12.peg.3079|BT_3026	520	2.1e-218	2	467	52	511	0.995717344754
GH25.hmm	177	fig|226186.12.peg.307|BT_0308	297	3.1e-56	1	177	100	275	0.994350282486
GH130_1.hmm	313	fig|226186.12.peg.3081|BT_3028	396	1.4e-178	1	313	50	361	0.996805111821
GH30_4.hmm	491	fig|226186.12.peg.3097|BT_3043	277	2e-80	228	490	2	273	0.533604887984
GH18.hmm	296	fig|226186.12.peg.3106|BT_3050	321	7.9e-37	40	289	65	311	0.841216216216
GH27.hmm	229	fig|226186.12.peg.3123|BT_3065	503	7.6e-78	3	215	223	462	0.92576419214
GH32.hmm	293	fig|226186.12.peg.3141|BT_3082	501	3.6e-81	1	291	74	359	0.98976109215
GH31_14.hmm	426	fig|226186.12.peg.3145|BT_3085	712	3.8e-184	1	425	202	631	0.995305164319
GH31.hmm	427	fig|226186.12.peg.3146|BT_3086	834	3.3e-148	1	427	234	684	0.997658079625
GH66.hmm	556	fig|226186.12.peg.3147|BT_3087	592	1.1e-197	2	554	46	591	0.992805755396
GH2.hmm	752	fig|226186.12.peg.3153|BT_3092	734	7.9e-101	12	412	39	498	0.531914893617
GH43.hmm	248	fig|226186.12.peg.3155|BT_3094	376	1e-37	8	226	45	343	0.879032258065
GH51_2.hmm	435	fig|226186.12.peg.3157|BT_3096	709	2.6e-122	2	434	267	708	0.993103448276
GH43_31.hmm	269	fig|226186.12.peg.3170|BT_3108	329	1.4e-100	3	265	36	305	0.973977695167
GH2.hmm	752	fig|226186.12.peg.3177|BT_3114	1133	1.9e-72	18	394	17	523	0.5
CE20.hmm	249	fig|226186.12.peg.3188|BT_3124	479	4.3e-88	3	249	102	368	0.987951807229
GH92.hmm	491	fig|226186.12.peg.3193|BT_3130	735	1.9e-193	3	491	237	730	0.993890020367
GH36.hmm	688	fig|226186.12.peg.3194|BT_3131	718	1.3e-208	2	686	26	700	0.994186046512
CE20.hmm	249	fig|226186.12.peg.3195|BT_3132	648	8.5e-44	3	132	101	244	0.518072289157
CE20.hmm	249	fig|226186.12.peg.3195|BT_3132	648	2.2e-51	122	249	420	545	0.510040160643
GH95.hmm	722	fig|226186.12.peg.3215|BT_3155	808	2.1e-251	3	716	25	771	0.987534626039
GH109.hmm	399	fig|226186.12.peg.321|BT_0322	328	1.3e-26	4	196	4	185	0.481203007519
GH110.hmm	548	fig|226186.12.peg.3220|BT_3160	575	9.9e-198	7	548	28	566	0.987226277372
GH97.hmm	631	fig|226186.12.peg.3223|BT_3163	674	3.3e-185	3	630	15	670	0.993660855784
GH31_18.hmm	242	fig|226186.12.peg.3230|BT_3169	1294	4.4e-117	15	242	458	683	0.938016528926
CE20.hmm	249	fig|226186.12.peg.3232|BT_3171	477	1.9e-88	3	249	102	361	0.987951807229
GH95.hmm	722	fig|226186.12.peg.3234|BT_3173	815	2.4e-276	13	717	54	792	0.975069252078
GH20.hmm	337	fig|226186.12.peg.3240|BT_3178	774	7.6e-115	8	336	156	515	0.973293768546
GH2.hmm	752	fig|226186.12.peg.3241|BT_3179	1011	3.3e-216	20	749	48	894	0.969414893617
CE4.hmm	130	fig|226186.12.peg.3309|BT_3246	204	3.1e-25	4	110	21	123	0.815384615385
GT117.hmm	245	fig|226186.12.peg.3310|BT_3247	1114	5.1e-38	2	201	6	216	0.812244897959
CE1.hmm	227	fig|226186.12.peg.3353|BT_3286	255	3.4e-30	3	208	31	236	0.903083700441
GH2.hmm	752	fig|226186.12.peg.3359|BT_3292	591	2.3e-91	25	489	34	584	0.617021276596
GH2.hmm	752	fig|226186.12.peg.3360|BT_3293	1421	5e-233	16	750	54	926	0.976063829787
CBM32.hmm	124	fig|226186.12.peg.3360|BT_3293	1421	6.9e-23	11	122	1149	1270	0.895161290323
CBM32.hmm	124	fig|226186.12.peg.3360|BT_3293	1421	2.2e-22	13	122	1293	1415	0.879032258065
GH97.hmm	631	fig|226186.12.peg.3361|BT_3294	650	9.6e-206	6	630	15	649	0.988906497623
GH31_1.hmm	447	fig|226186.12.peg.3366|BT_3299	717	3e-165	1	447	180	611	0.997762863535
GH3.hmm	216	fig|226186.12.peg.3367|BT_3300	825	1.7e-70	3	215	59	266	0.981481481481
GH76.hmm	358	fig|226186.12.peg.3368|BT_3301	402	9.4e-70	22	332	62	381	0.865921787709
GH141.hmm	527	fig|226186.12.peg.337|BT_0338	616	7.5e-216	2	526	24	582	0.99430740038
GH30_3.hmm	417	fig|226186.12.peg.3381|BT_3312	496	1e-157	4	417	67	492	0.990407673861
GH3.hmm	216	fig|226186.12.peg.3383|BT_3314	764	1.4e-66	4	214	67	297	0.972222222222
GH31_3.hmm	429	fig|226186.12.peg.338|BT_0339	748	1.7e-164	1	429	283	715	0.997668997669
PL8_2.hmm	254	fig|226186.12.peg.3391|BT_3324	1025	1.2e-87	2	253	618	864	0.988188976378
PL29.hmm	301	fig|226186.12.peg.3395|BT_3328	868	9.8e-107	1	301	345	702	0.996677740864
GH2.hmm	752	fig|226186.12.peg.3407|BT_3340	1036	4.1e-220	16	751	51	911	0.977393617021
GH88.hmm	329	fig|226186.12.peg.3415|BT_3348	400	6.9e-130	6	328	70	393	0.978723404255
PL8_2.hmm	254	fig|226186.12.peg.3418|BT_3350	953	1.2e-91	2	253	576	810	0.988188976378
GT9.hmm	225	fig|226186.12.peg.3431|BT_3362	343	3.8e-33	4	217	73	319	0.946666666667
GT2.hmm	170	fig|226186.12.peg.3434|BT_3365	679	2.5e-17	1	98	91	189	0.570588235294
GT2.hmm	170	fig|226186.12.peg.3435|BT_3366	336	5.9e-36	1	124	11	132	0.723529411765
GT4.hmm	160	fig|226186.12.peg.3437|BT_3368	413	6.2e-17	4	160	239	387	0.975
GT2.hmm	170	fig|226186.12.peg.3439|BT_3370	329	1.9e-31	1	132	8	139	0.770588235294
GT2.hmm	170	fig|226186.12.peg.3440|BT_3371	329	3.4e-33	1	117	8	122	0.682352941176
GT2.hmm	170	fig|226186.12.peg.3441|BT_3372	326	1.8e-16	1	130	11	146	0.758823529412
GT14.hmm	250	fig|226186.12.peg.3446|BT_3377	322	1.7e-52	2	245	34	291	0.972
GT2.hmm	170	fig|226186.12.peg.3448|BT_3379	284	1.1e-28	26	163	6	136	0.805882352941
CE4.hmm	130	fig|226186.12.peg.3455|BT_3387	262	2.9e-17	21	126	32	129	0.807692307692
GT2.hmm	170	fig|226186.12.peg.3456|BT_3388	633	8.4e-19	1	145	404	556	0.847058823529
GH51_1.hmm	472	fig|226186.12.peg.347|BT_0348	514	1.1e-173	2	472	26	513	0.995762711864
GH146.hmm	503	fig|226186.12.peg.348|BT_0349	802	4.8e-214	1	503	32	560	0.998011928429
GT28.hmm	157	fig|226186.12.peg.3515|BT_3448	372	8.6e-49	1	156	194	355	0.987261146497
GT119.hmm	360	fig|226186.12.peg.3516|BT_3449	438	1e-61	1	358	17	385	0.991666666667
GH43_26.hmm	294	fig|226186.12.peg.3533|BT_3467	402	4.1e-97	1	294	71	380	0.996598639456
GH109.hmm	399	fig|226186.12.peg.3536|BT_3470	460	2.7e-24	2	142	25	160	0.350877192982
GH177.hmm	347	fig|226186.12.peg.3537|BT_3472	430	1.5e-46	3	287	45	307	0.818443804035
GH76.hmm	358	fig|226186.12.peg.3567|BT_3501	492	4e-55	22	337	161	474	0.879888268156
GH2.hmm	752	fig|226186.12.peg.3577|BT_3513	604	2.2e-107	23	394	50	484	0.49335106383
GH115.hmm	697	fig|226186.12.peg.3578|BT_3514	982	3.4e-229	3	581	32	661	0.829268292683
GH43_26.hmm	294	fig|226186.12.peg.3579|BT_3515	383	2.3e-109	1	294	49	358	0.996598639456
GH43_34.hmm	280	fig|226186.12.peg.3580|BT_3516	637	5.4e-110	1	279	32	311	0.992857142857
GH43_3.hmm	301	fig|226186.12.peg.3580|BT_3516	637	9.6e-113	1	301	337	620	0.996677740864
GH76.hmm	358	fig|226186.12.peg.3585|BT_3521	429	1e-69	30	332	65	406	0.843575418994
GH76.hmm	358	fig|226186.12.peg.3588|BT_3524	420	1.1e-72	30	333	60	399	0.846368715084
GH43_4.hmm	321	fig|226186.12.peg.358|BT_0360	641	1.4e-88	2	321	161	529	0.993769470405
GH92.hmm	491	fig|226186.12.peg.3591|BT_3527	763	6.8e-187	2	491	233	740	0.995926680244
GH125.hmm	402	fig|226186.12.peg.3592|BT_3528	487	8.4e-187	2	402	72	472	0.995024875622
GH92.hmm	491	fig|226186.12.peg.3594|BT_3530	671	2.8e-51	2	202	211	406	0.40733197556
GH92.hmm	491	fig|226186.12.peg.3594|BT_3530	671	5.2e-65	231	485	411	668	0.517311608961
GH127.hmm	524	fig|226186.12.peg.3595|BT_3531	687	1.8e-34	300	522	324	551	0.423664122137
CBM62.hmm	131	fig|226186.12.peg.3604|BT_3542	522	7.5e-26	57	131	309	385	0.564885496183
CBM62.hmm	131	fig|226186.12.peg.3604|BT_3542	522	5e-20	2	66	392	455	0.488549618321
GH144.hmm	404	fig|226186.12.peg.3628|BT_3566	454	4.5e-192	2	403	33	445	0.992574257426
GH3.hmm	216	fig|226186.12.peg.3629|BT_3567	771	2.6e-72	2	216	96	318	0.990740740741
GH177.hmm	347	fig|226186.12.peg.3641|BT_3581	447	1e-38	1	346	41	413	0.994236311239
GH177.hmm	347	fig|226186.12.peg.3642|BT_3583	431	3.9e-54	3	317	43	333	0.904899135447
CE9.hmm	373	fig|226186.12.peg.3647|BT_3588	373	6.9e-116	19	373	2	367	0.949061662198
GH89.hmm	663	fig|226186.12.peg.3649|BT_3590	732	8.8e-251	2	661	63	721	0.993966817496
CBM51.hmm	134	fig|226186.12.peg.3651|BT_3592	660	7.9e-34	3	134	29	161	0.977611940299
GH27.hmm	229	fig|226186.12.peg.3651|BT_3592	660	1.8e-68	4	229	373	636	0.982532751092
CE20.hmm	249	fig|226186.12.peg.3656|BT_3597	474	5.3e-82	3	248	103	363	0.983935742972
GH20.hmm	337	fig|226186.12.peg.3657|BT_3598	537	1.1e-108	8	336	141	481	0.973293768546
GH2.hmm	752	fig|226186.12.peg.3658|BT_3599	920	3.2e-81	35	521	27	763	0.646276595745
GH43_4.hmm	321	fig|226186.12.peg.365|BT_0367	506	3.6e-87	2	321	53	365	0.993769470405
CE15.hmm	269	fig|226186.12.peg.3667|BT_3608	392	4.8e-20	5	268	60	384	0.977695167286
GH51_2.hmm	435	fig|226186.12.peg.366|BT_0368	635	4e-179	2	434	173	632	0.993103448276
GH43_29.hmm	278	fig|226186.12.peg.367|BT_0369	321	1.7e-120	1	278	32	310	0.996402877698
GT2.hmm	170	fig|226186.12.peg.3681|BT_3622	814	6e-21	1	126	250	377	0.735294117647
GH35.hmm	307	fig|226186.12.peg.3714|BT_3654	778	2.3e-119	1	306	36	348	0.99348534202
GH43_19.hmm	229	fig|226186.12.peg.3715|BT_3655	323	9.1e-81	2	225	71	296	0.973799126638
GH43_9.hmm	270	fig|226186.12.peg.3716|BT_3656	811	9.8e-123	4	270	26	288	0.985185185185
CBM91.hmm	200	fig|226186.12.peg.3716|BT_3656	811	1.3e-20	5	198	310	485	0.965
GH43_19.hmm	229	fig|226186.12.peg.3716|BT_3656	811	1.7e-76	2	227	537	777	0.982532751092
GH51_2.hmm	435	fig|226186.12.peg.3717|BT_3657	825	6.6e-169	2	435	372	817	0.995402298851
GH31_4.hmm	435	fig|226186.12.peg.3718|BT_3659	822	7.4e-176	1	435	219	710	0.997701149425
GH97.hmm	631	fig|226186.12.peg.3721|BT_3661	647	2.3e-184	6	626	14	643	0.982567353407
GH43_34.hmm	280	fig|226186.12.peg.3722|BT_3662	461	2.5e-73	1	280	29	302	0.996428571429
GH43_10.hmm	271	fig|226186.12.peg.3723|BT_3663	453	6.3e-73	35	271	2	235	0.870848708487
CBM91.hmm	200	fig|226186.12.peg.3723|BT_3663	453	5.2e-25	4	196	266	451	0.96
GH97.hmm	631	fig|226186.12.peg.3724|BT_3664	638	5.2e-178	3	630	18	637	0.993660855784
GH29.hmm	346	fig|226186.12.peg.3725|BT_3665	547	1.8e-103	2	346	13	432	0.994219653179
GH127.hmm	524	fig|226186.12.peg.3734|BT_3674	531	2e-176	106	524	11	428	0.797709923664
GH43_34.hmm	280	fig|226186.12.peg.3736|BT_3675	333	1.5e-99	1	280	30	325	0.996428571429
GH154.hmm	348	fig|226186.12.peg.3738|BT_3677	673	2.6e-94	1	347	50	401	0.994252873563
GH16_3.hmm	230	fig|226186.12.peg.3744|BT_3683	631	8e-64	1	230	29	280	0.995652173913
GH43_24.hmm	246	fig|226186.12.peg.3744|BT_3683	631	7.2e-103	2	246	308	599	0.991869918699
GH43_24.hmm	246	fig|226186.12.peg.3745|BT_3685	355	5.2e-103	2	245	49	304	0.987804878049
PL42.hmm	296	fig|226186.12.peg.3746|BT_3686	431	2.6e-129	1	296	34	326	0.996621621622
GH105.hmm	332	fig|226186.12.peg.3747|BT_3687	381	9.4e-81	5	331	46	372	0.981927710843
GT2.hmm	170	fig|226186.12.peg.3754|BT_3694	404	1.4e-26	1	169	45	210	0.988235294118
GH13.hmm	299	fig|226186.12.peg.3758|BT_3698	692	1.2e-65	13	295	80	543	0.943143812709
GH97.hmm	631	fig|226186.12.peg.3763|BT_3703	738	8.5e-253	4	630	12	723	0.992076069731
GH13_46.hmm	322	fig|226186.12.peg.3764|BT_3704	617	1.1e-145	1	320	164	485	0.990683229814
GH92.hmm	491	fig|226186.12.peg.3836|BT_3773	753	3.1e-190	3	491	246	736	0.993890020367
GH38.hmm	269	fig|226186.12.peg.3838|BT_3774	1198	4.1e-55	1	250	30	284	0.925650557621
CBM32.hmm	124	fig|226186.12.peg.3838|BT_3774	1198	4.6e-17	12	122	1077	1195	0.887096774194
GT32.hmm	90	fig|226186.12.peg.3839|BT_3775	224	2e-21	2	88	20	101	0.955555555556
GT32.hmm	90	fig|226186.12.peg.3840|BT_3776	233	9.3e-24	8	87	29	103	0.877777777778
GH130_3.hmm	305	fig|226186.12.peg.3844|BT_3780	383	4.2e-132	3	304	60	371	0.986885245902
GH125.hmm	402	fig|226186.12.peg.3845|BT_3781	481	1.6e-187	2	402	70	466	0.995024875622
GH76.hmm	358	fig|226186.12.peg.3846|BT_3782	387	1.1e-77	37	330	68	366	0.81843575419
GH92.hmm	491	fig|226186.12.peg.3848|BT_3784	760	2.1e-178	2	491	237	742	0.995926680244
GH76.hmm	358	fig|226186.12.peg.3855|BT_3792	525	4.2e-71	7	320	157	487	0.874301675978
GH29.hmm	346	fig|226186.12.peg.3861|BT_3798	460	1.1e-61	32	338	21	358	0.884393063584
GT119.hmm	360	fig|226186.12.peg.3881|BT_3817	485	8.8e-27	36	195	52	207	0.441666666667
GT119.hmm	360	fig|226186.12.peg.3881|BT_3817	485	7.6e-44	163	356	258	477	0.536111111111
GT4.hmm	160	fig|226186.12.peg.390|BT_0391	383	1.7e-20	12	157	214	357	0.90625
GH92.hmm	491	fig|226186.12.peg.3922|BT_3858	753	2.8e-161	13	491	220	733	0.973523421589
GH99.hmm	334	fig|226186.12.peg.3926|BT_3862	382	1.1e-124	3	333	44	371	0.988023952096
GH20.hmm	337	fig|226186.12.peg.3930|BT_3868	661	6.3e-68	9	336	155	478	0.970326409496
GT4.hmm	160	fig|226186.12.peg.393|BT_0394	364	6.3e-30	10	159	189	337	0.93125
GH29.hmm	346	fig|226186.12.peg.4021|BT_3956	464	2.2e-72	35	341	23	321	0.884393063584
GH92.hmm	491	fig|226186.12.peg.4027|BT_3962	761	3.2e-188	2	491	234	741	0.995926680244
GH92.hmm	491	fig|226186.12.peg.4028|BT_3963	770	1.4e-189	3	491	257	750	0.993890020367
GH92.hmm	491	fig|226186.12.peg.4030|BT_3965	779	1.2e-173	2	491	252	749	0.995926680244
GH92.hmm	491	fig|226186.12.peg.4055|BT_3990	755	1.8e-184	2	491	230	737	0.995926680244
GH92.hmm	491	fig|226186.12.peg.4056|BT_3991	758	6.6e-193	4	491	244	751	0.991853360489
GH92.hmm	491	fig|226186.12.peg.4059|BT_3994	344	2e-133	167	491	1	333	0.659877800407
GH23.hmm	135	fig|226186.12.peg.4065|BT_3999	431	8.8e-24	3	119	129	261	0.859259259259
GT19.hmm	354	fig|226186.12.peg.4070|BT_4004	378	1.2e-114	2	350	4	357	0.983050847458
GH2.hmm	752	fig|226186.12.peg.4112|BT_4050	1342	3.6e-211	20	751	68	1004	0.972074468085
CBM32.hmm	124	fig|226186.12.peg.4112|BT_4050	1342	2.1e-28	9	123	1212	1338	0.91935483871
GH38.hmm	269	fig|226186.12.peg.4137|BT_4072	849	8.1e-33	2	250	12	265	0.921933085502
GH92.hmm	491	fig|226186.12.peg.4138|BT_4073	782	8.2e-166	2	491	290	772	0.995926680244
GH2.hmm	752	fig|226186.12.peg.4139|BT_4074	1027	1.8e-87	57	597	70	826	0.718085106383
CBM67.hmm	176	fig|226186.12.peg.4141|BT_4076	892	1.4e-17	16	170	164	327	0.875
GH78.hmm	504	fig|226186.12.peg.4141|BT_4076	892	1.4e-125	1	502	351	855	0.994047619048
CE1.hmm	227	fig|226186.12.peg.4142|BT_4077	288	2.7e-59	1	223	33	281	0.977973568282
CE20.hmm	249	fig|226186.12.peg.4156|BT_4091	662	1.1e-43	3	118	102	225	0.461847389558
CE20.hmm	249	fig|226186.12.peg.4156|BT_4091	662	2.8e-52	120	248	415	544	0.5140562249
GH92.hmm	491	fig|226186.12.peg.4157|BT_4092	757	2.3e-175	3	491	235	739	0.993890020367
GH92.hmm	491	fig|226186.12.peg.4158|BT_4093	717	4.6e-155	3	491	230	703	0.993890020367
GH130_3.hmm	305	fig|226186.12.peg.4159|BT_4094	377	1.4e-130	3	304	60	372	0.986885245902
GH43_8.hmm	281	fig|226186.12.peg.4160|BT_4095	512	2.6e-127	2	281	27	303	0.992882562278
GH105.hmm	332	fig|226186.12.peg.4174|BT_4108	399	7.2e-123	6	332	52	396	0.981927710843
CE8.hmm	288	fig|226186.12.peg.4175|BT_4109	322	1.6e-104	2	287	32	313	0.989583333333
CE12.hmm	210	fig|226186.12.peg.4176|BT_4110	570	1.1e-76	1	210	26	257	0.995238095238
CE8.hmm	288	fig|226186.12.peg.4176|BT_4110	570	9.5e-101	2	274	273	545	0.944444444444
PL1_2.hmm	183	fig|226186.12.peg.4182|BT_4115	497	8.3e-78	1	183	92	280	0.994535519126
PL1_2.hmm	183	fig|226186.12.peg.4183|BT_4116	523	1.2e-75	1	183	114	305	0.994535519126
PL1_2.hmm	183	fig|226186.12.peg.4186|BT_4119	534	4.9e-67	1	183	102	305	0.994535519126
GH28.hmm	325	fig|226186.12.peg.4190|BT_4123	528	2.3e-84	7	321	84	489	0.966153846154
CBM32.hmm	124	fig|226186.12.peg.4199|BT_4132	392	1.4e-18	7	123	258	386	0.935483870968
GH29.hmm	346	fig|226186.12.peg.4203|BT_4136	605	4e-81	39	338	52	372	0.864161849711
GH106.hmm	824	fig|226186.12.peg.4211|BT_4145	924	0	3	823	20	914	0.995145631068
GH28.hmm	325	fig|226186.12.peg.4212|BT_4146	298	2.4e-45	115	309	2	226	0.596923076923
GH28.hmm	325	fig|226186.12.peg.4216|BT_4149	352	1.1e-51	6	223	83	341	0.667692307692
CE12.hmm	210	fig|226186.12.peg.4217|BT_4150	412	2.4e-73	1	209	163	367	0.990476190476
GH2.hmm	752	fig|226186.12.peg.4218|BT_4151	958	4.3e-71	26	533	21	699	0.67420212766
GH43_18.hmm	226	fig|226186.12.peg.4219|BT_4152	986	2.4e-89	1	225	59	292	0.991150442478
GH42.hmm	371	fig|226186.12.peg.4219|BT_4152	986	3.9e-124	2	370	333	707	0.991913746631
GH28.hmm	325	fig|226186.12.peg.4220|BT_4153	432	2.2e-57	10	310	75	418	0.923076923077
CE4.hmm	130	fig|226186.12.peg.4221|BT_4154	323	1.7e-29	6	120	34	160	0.876923076923
GH28.hmm	325	fig|226186.12.peg.4222|BT_4155	448	1.4e-70	3	322	62	439	0.981538461538
GH2.hmm	752	fig|226186.12.peg.4223|BT_4156	961	5.6e-122	33	623	43	724	0.784574468085
GH27.hmm	229	fig|226186.12.peg.4224|BT_4157	611	5.2e-67	4	229	217	452	0.982532751092
GH35.hmm	307	fig|226186.12.peg.4227|BT_4160	698	1.6e-82	1	305	44	400	0.990228013029
PL9.hmm	374	fig|226186.12.peg.4237|BT_4170	535	2.5e-106	9	370	20	440	0.965240641711
PL26.hmm	862	fig|226186.12.peg.4239|BT_4172	1098	0	2	858	239	1094	0.993039443155
CE12.hmm	210	fig|226186.12.peg.4240|BT_4173	544	3.6e-53	2	210	66	285	0.990476190476
CE12.hmm	210	fig|226186.12.peg.4240|BT_4173	544	2.2e-62	2	210	317	532	0.990476190476
GH105.hmm	332	fig|226186.12.peg.4241|BT_4174	386	1e-85	10	310	61	354	0.903614457831
PL11_1.hmm	583	fig|226186.12.peg.4242|BT_4175	613	5.2e-272	3	573	30	600	0.977701543739
GH105.hmm	332	fig|226186.12.peg.4243|BT_4176	465	3.3e-92	10	332	97	432	0.969879518072
CE4.hmm	130	fig|226186.12.peg.4246|BT_4179	626	1.8e-27	10	119	346	465	0.838461538462
CE6.hmm	99	fig|226186.12.peg.4247|BT_4180	267	2.4e-28	1	99	91	183	0.989898989899
GH2.hmm	752	fig|226186.12.peg.4248|BT_4181	989	4.6e-66	23	506	21	602	0.642287234043
PL9_1.hmm	375	fig|226186.12.peg.4251|BT_4183	437	5.1e-117	4	374	20	423	0.986666666667
GH43_10.hmm	271	fig|226186.12.peg.4253|BT_4185	558	1.6e-108	1	271	39	309	0.9963099631
CBM91.hmm	200	fig|226186.12.peg.4253|BT_4185	558	5.4e-17	4	195	343	554	0.955
GH28.hmm	325	fig|226186.12.peg.4255|BT_4187	538	2.1e-85	7	306	85	482	0.92
CE11.hmm	271	fig|226186.12.peg.4273|BT_4206	461	1.3e-73	1	220	4	224	0.808118081181
GH2.hmm	752	fig|226186.12.peg.4312|BT_4241	1124	1.4e-212	18	751	58	961	0.974734042553
GH109.hmm	399	fig|226186.12.peg.4314|BT_4243	467	1.4e-167	2	398	53	457	0.992481203008
GH110.hmm	548	fig|226186.12.peg.4322|BT_4251	615	3.5e-218	1	548	27	582	0.998175182482
GH109.hmm	399	fig|226186.12.peg.4323|BT_4252	419	1.1e-165	3	398	18	416	0.989974937343
GT4.hmm	160	fig|226186.12.peg.4354|BT_4280	577	8e-18	12	156	191	334	0.9
GT2.hmm	170	fig|226186.12.peg.4355|BT_4281	277	1.9e-32	1	131	5	130	0.764705882353
GT4.hmm	160	fig|226186.12.peg.4356|BT_4282	379	3e-23	6	156	186	343	0.9375
GH133.hmm	372	fig|226186.12.peg.4378|BT_4303	645	7.9e-104	6	372	285	636	0.983870967742
GT4.hmm	160	fig|226186.12.peg.4379|BT_4304	424	9.1e-33	5	153	240	385	0.925
GH89.hmm	663	fig|226186.12.peg.437|BT_0438	730	2.9e-245	2	662	64	723	0.995475113122
GH57.hmm	383	fig|226186.12.peg.4380|BT_4305	460	1.5e-53	12	314	20	327	0.788511749347
GT5.hmm	472	fig|226186.12.peg.4382|BT_4307	234	9.9e-34	40	221	1	193	0.383474576271
GT2.hmm	170	fig|226186.12.peg.43|BT_0044	317	3.1e-34	1	167	8	166	0.976470588235
GH20.hmm	337	fig|226186.12.peg.4413|BT_4337	844	3.1e-123	8	335	194	559	0.970326409496
GH89.hmm	663	fig|226186.12.peg.4436|BT_4359	744	8.3e-253	2	661	73	737	0.993966817496
CE2.hmm	209	fig|226186.12.peg.445|BT_0445	366	5.6e-62	1	208	149	351	0.99043062201
GH20.hmm	337	fig|226186.12.peg.4472|BT_4394	546	6e-117	8	337	155	514	0.976261127596
GH84.hmm	295	fig|226186.12.peg.4474|BT_4395	559	3.4e-99	29	294	1	265	0.898305084746
CE20.hmm	249	fig|226186.12.peg.447|BT_0447	884	5.8e-86	3	249	103	362	0.987951807229
PL33.hmm	159	fig|226186.12.peg.4490|BT_4410	644	4.2e-59	2	158	429	582	0.981132075472
GH109.hmm	399	fig|226186.12.peg.4528|BT_4448	491	1.5e-18	3	163	38	189	0.401002506266
GH188.hmm	259	fig|226186.12.peg.4529|BT_4449	355	1.3e-16	1	151	3	152	0.579150579151
CBM93.hmm	150	fig|226186.12.peg.455|BT_0455	544	6e-68	2	150	24	172	0.986666666667
GH33.hmm	342	fig|226186.12.peg.455|BT_0455	544	4.6e-95	11	332	193	532	0.938596491228
GH23.hmm	135	fig|226186.12.peg.4569|BT_4487	326	2.9e-22	2	125	97	233	0.911111111111
GH20.hmm	337	fig|226186.12.peg.456|BT_0456	670	5e-59	8	335	140	412	0.970326409496
CE20.hmm	249	fig|226186.12.peg.457|BT_0457	692	1.1e-81	3	248	301	581	0.983935742972
GH2.hmm	752	fig|226186.12.peg.458|BT_0458	864	9.4e-110	20	587	24	780	0.753989361702
GH20.hmm	337	fig|226186.12.peg.459|BT_0459	774	1.1e-124	8	336	154	509	0.973293768546
GH20.hmm	337	fig|226186.12.peg.460|BT_0460	691	1.6e-122	8	336	151	498	0.973293768546
GH2.hmm	752	fig|226186.12.peg.461|BT_0461	839	2.1e-121	28	587	26	770	0.74335106383
GT2.hmm	170	fig|226186.12.peg.4644|BT_4564	316	1.1e-34	1	168	4	167	0.982352941176
GH97.hmm	631	fig|226186.12.peg.4661|BT_4581	719	3.2e-260	5	630	15	704	0.990491283677
CBM32.hmm	124	fig|226186.12.peg.4712|BT_4632	444	4e-18	10	123	309	436	0.911290322581
PL15_2.hmm	155	fig|226186.12.peg.4731|BT_4652	816	3.8e-73	3	155	479	632	0.98064516129
PL12_2.hmm	133	fig|226186.12.peg.4738|BT_4657	666	5.8e-59	1	133	404	534	0.992481203008
GH88.hmm	329	fig|226186.12.peg.4739|BT_4658	434	1.3e-120	7	328	102	416	0.975683890578
PL12_2.hmm	133	fig|226186.12.peg.4743|BT_4662	702	2.7e-53	1	133	429	566	0.992481203008
GH2.hmm	752	fig|226186.12.peg.4748|BT_4667	815	4.3e-119	22	475	20	636	0.602393617021
GH53.hmm	342	fig|226186.12.peg.4749|BT_4668	353	8.3e-93	2	312	46	331	0.906432748538
PL13.hmm	363	fig|226186.12.peg.4755|BT_4675	392	4e-210	2	363	23	392	0.994490358127
GH20.hmm	337	fig|226186.12.peg.4761|BT_4681	525	6.1e-103	5	336	145	488	0.982195845697
GH95.hmm	722	fig|226186.12.peg.4762|BT_4682	812	1e-273	9	717	44	787	0.980609418283
GH2.hmm	752	fig|226186.12.peg.4765|BT_4684	895	1.5e-92	21	480	39	607	0.610372340426
GH13_14.hmm	289	fig|226186.12.peg.4768|BT_4689	655	1.1e-119	1	289	186	512	0.996539792388
GH13_5.hmm	342	fig|226186.12.peg.4769|BT_4690	481	1.2e-149	1	342	30	370	0.997076023392
GH29.hmm	346	fig|226186.12.peg.4792|BT_4713	580	3.4e-78	85	327	15	293	0.699421965318
GH3.hmm	216	fig|226186.12.peg.4793|BT_4714	801	1.6e-71	3	215	143	369	0.981481481481
GT2.hmm	170	fig|226186.12.peg.479|BT_0479	274	7.9e-18	1	148	5	150	0.864705882353
GT101.hmm	224	fig|226186.12.peg.47|BT_0049	311	6.7e-90	1	224	54	287	0.995535714286
GT2.hmm	170	fig|226186.12.peg.48|BT_0050	323	8.6e-36	1	166	7	167	0.970588235294
GT2.hmm	170	fig|226186.12.peg.49|BT_0051	326	2.8e-36	1	159	4	180	0.929411764706
GH20.hmm	337	fig|226186.12.peg.507|BT_0506	767	2.2e-114	8	336	153	509	0.973293768546
GT129.hmm	123	fig|226186.12.peg.50|BT_0052	430	2.7e-31	1	122	209	333	0.983739837398
GT4.hmm	160	fig|226186.12.peg.51|BT_0053	383	1.5e-40	8	159	206	356	0.94375
GT4.hmm	160	fig|226186.12.peg.53|BT_0055	356	1e-34	5	157	170	323	0.95
CE1.hmm	227	fig|226186.12.peg.588|BT_0587	692	3.1e-19	5	218	439	681	0.938325991189
GT4.hmm	160	fig|226186.12.peg.610|BT_0608	386	1.4e-20	8	158	215	356	0.9375
GT94.hmm	283	fig|226186.12.peg.611|BT_0609	379	1.1e-16	31	217	104	305	0.657243816254
GH27.hmm	229	fig|226186.12.peg.62|BT_0065	845	8.5e-48	4	228	521	819	0.978165938865
CE9.hmm	373	fig|226186.12.peg.689|BT_0675	275	7.2e-81	115	373	5	265	0.691689008043
CE9.hmm	373	fig|226186.12.peg.690|BT_0676	390	5.5e-106	1	373	5	378	0.997319034853
GH97.hmm	631	fig|226186.12.peg.697|BT_0683	671	4.7e-236	4	630	13	666	0.992076069731
GT51.hmm	177	fig|226186.12.peg.758|BT_0743	779	2.4e-58	1	177	56	244	0.994350282486
GH2.hmm	752	fig|226186.12.peg.773|BT_0757	682	1.9e-105	26	498	27	596	0.627659574468
GH13_8.hmm	320	fig|226186.12.peg.788|BT_0771	670	5.4e-162	2	320	194	514	0.99375
GH13_38.hmm	371	fig|226186.12.peg.790|BT_0773	565	4.1e-179	1	370	35	400	0.99460916442
CBM32.hmm	124	fig|226186.12.peg.877|BT_0865	440	1.2e-18	6	122	306	432	0.935483870968
GT117.hmm	245	fig|226186.12.peg.984|BT_0968	1044	4.8e-39	1	208	17	237	0.844897959184
PL29.hmm	301	fig|226186.12.peg.996|BT_0979	1031	3.2e-21	36	275	103	329	0.794019933555
PL1_2.hmm	183	fig|226186.12.peg.997|BT_0980	560	4e-65	1	183	134	324	0.994535519126
