fig|2005473.95.peg.10      0.412  32  0.515  32  0.858  16  0.687   0.582 Y  0.450      SignalP-TM
fig|2005473.95.peg.10      0.591  32  0.539  32  0.709  28  0.485   0.519 Y  0.510      SignalP-TM
fig|2005473.95.peg.100     0.273  21  0.433  21  0.914   5  0.756   0.559 Y  0.450      SignalP-TM
fig|2005473.95.peg.100     0.798  21  0.860  21  0.979  17  0.927   0.892 Y  0.570      SignalP-noTM
fig|2005473.95.peg.1000    0.363  41  0.423  41  0.733  14  0.596   0.490 Y  0.450      SignalP-TM
fig|2005473.95.peg.1001    0.325  27  0.456  27  0.854   8  0.702   0.552 Y  0.450      SignalP-TM
fig|2005473.95.peg.1001    0.441  27  0.479  27  0.897   3  0.686   0.576 Y  0.570      SignalP-noTM
fig|2005473.95.peg.1002    0.202  26  0.380  26  0.844  18  0.750   0.525 Y  0.450      SignalP-TM
fig|2005473.95.peg.1002    0.563  26  0.702  26  0.978  20  0.896   0.793 Y  0.570      SignalP-noTM
fig|2005473.95.peg.1004    0.498  20  0.644  20  0.907  10  0.850   0.741 Y  0.570      SignalP-noTM
fig|2005473.95.peg.1008    0.194  31  0.320  21  0.831  12  0.690   0.464 Y  0.450      SignalP-TM
fig|2005473.95.peg.101     0.559  20  0.604  20  0.741  17  0.630   0.614 Y  0.450      SignalP-TM
fig|2005473.95.peg.101     0.795  20  0.763  20  0.864  11  0.735   0.750 Y  0.570      SignalP-noTM
fig|2005473.95.peg.1019    0.574  23  0.643  23  0.837  17  0.709   0.674 Y  0.570      SignalP-noTM
fig|2005473.95.peg.1026    0.420  25  0.560  25  0.868  14  0.762   0.638 Y  0.450      SignalP-TM
fig|2005473.95.peg.1026    0.747  25  0.819  25  0.951  13  0.897   0.856 Y  0.570      SignalP-noTM
fig|2005473.95.peg.103     0.454  21  0.651  21  0.967  17  0.927   0.781 Y  0.570      SignalP-noTM
fig|2005473.95.peg.1032    0.162  31  0.333  27  0.815  16  0.716   0.482 Y  0.450      SignalP-TM
fig|2005473.95.peg.1032    0.189  25  0.414  25  0.958   7  0.901   0.643 Y  0.570      SignalP-noTM
fig|2005473.95.peg.1039    0.498  23  0.675  23  0.946  17  0.906   0.765 Y  0.450      SignalP-TM
fig|2005473.95.peg.1039    0.773  23  0.865  23  0.989  11  0.967   0.913 Y  0.570      SignalP-noTM
fig|2005473.95.peg.104     0.320  23  0.481  23  0.851  21  0.669   0.554 Y  0.450      SignalP-TM
fig|2005473.95.peg.1041    0.368  26  0.562  26  0.951  17  0.891   0.717 Y  0.570      SignalP-noTM
fig|2005473.95.peg.1041    0.445  26  0.632  26  0.969  10  0.909   0.740 Y  0.450      SignalP-TM
fig|2005473.95.peg.1043    0.285  23  0.485  23  0.922  18  0.840   0.624 Y  0.450      SignalP-TM
fig|2005473.95.peg.1043    0.772  23  0.811  23  0.925  18  0.872   0.840 Y  0.570      SignalP-noTM
fig|2005473.95.peg.1044    0.284  20  0.497  20  0.907  16  0.871   0.643 Y  0.450      SignalP-TM
fig|2005473.95.peg.1044    0.517  20  0.706  20  0.985  10  0.946   0.819 Y  0.570      SignalP-noTM
fig|2005473.95.peg.1047    0.218  23  0.406  23  0.865   9  0.748   0.540 Y  0.450      SignalP-TM
fig|2005473.95.peg.1047    0.457  23  0.578  23  0.919  21  0.751   0.659 Y  0.570      SignalP-noTM
fig|2005473.95.peg.105     0.400  25  0.495  25  0.794  11  0.648   0.555 Y  0.450      SignalP-TM
fig|2005473.95.peg.105     0.555  25  0.632  25  0.916   8  0.797   0.709 Y  0.570      SignalP-noTM
fig|2005473.95.peg.1058    0.216  22  0.422  22  0.880  12  0.793   0.567 Y  0.450      SignalP-TM
fig|2005473.95.peg.1058    0.554  22  0.692  22  0.920  12  0.861   0.772 Y  0.570      SignalP-noTM
fig|2005473.95.peg.1059    0.297  19  0.475  19  0.832  16  0.742   0.579 Y  0.450      SignalP-TM
fig|2005473.95.peg.1059    0.748  19  0.799  19  0.901  16  0.848   0.822 Y  0.570      SignalP-noTM
fig|2005473.95.peg.1063    0.177  25  0.334  25  0.846  17  0.716   0.483 Y  0.450      SignalP-TM
fig|2005473.95.peg.1063    0.303  20  0.439  20  0.738  17  0.650   0.517 Y  0.510      SignalP-TM
fig|2005473.95.peg.1067    0.465  23  0.627  23  0.933  18  0.868   0.741 Y  0.570      SignalP-noTM
fig|2005473.95.peg.1067    0.669  25  0.670  25  0.834  18  0.715   0.687 Y  0.450      SignalP-TM
fig|2005473.95.peg.1068    0.543  26  0.614  26  0.794  17  0.615   0.614 Y  0.450      SignalP-TM
fig|2005473.95.peg.1075    0.238  22  0.465  22  0.946  15  0.904   0.672 Y  0.570      SignalP-noTM
fig|2005473.95.peg.1075    0.244  26  0.423  26  0.947  11  0.809   0.574 Y  0.450      SignalP-TM
fig|2005473.95.peg.1076    0.356  31  0.479  31  0.916  17  0.733   0.578 Y  0.450      SignalP-TM
fig|2005473.95.peg.1092    0.175  27  0.309  19  0.847   4  0.770   0.489 Y  0.450      SignalP-TM
fig|2005473.95.peg.1092    0.228  19  0.433  19  0.942  16  0.845   0.626 Y  0.570      SignalP-noTM
fig|2005473.95.peg.1096    0.269  20  0.488  20  0.925  18  0.871   0.668 Y  0.570      SignalP-noTM
fig|2005473.95.peg.1096    0.296  20  0.466  20  0.783   8  0.722   0.566 Y  0.450      SignalP-TM
fig|2005473.95.peg.1111    0.141  21  0.347  21  0.954   9  0.878   0.554 Y  0.450      SignalP-TM
fig|2005473.95.peg.1111    0.332  19  0.565  19  0.977  18  0.958   0.750 Y  0.570      SignalP-noTM
fig|2005473.95.peg.1113    0.259  46  0.298  21  0.876   3  0.743   0.471 Y  0.450      SignalP-TM
fig|2005473.95.peg.1116    0.289  23  0.432  23  0.834  19  0.568   0.485 Y  0.450      SignalP-TM
fig|2005473.95.peg.1116    0.859  23  0.834  23  0.958  20  0.778   0.808 Y  0.570      SignalP-noTM
fig|2005473.95.peg.1118    0.296  24  0.494  24  0.925  21  0.772   0.602 Y  0.450      SignalP-TM
fig|2005473.95.peg.1118    0.407  24  0.609  24  0.939  18  0.895   0.743 Y  0.570      SignalP-noTM
fig|2005473.95.peg.1119    0.625  23  0.504  23  0.597   1  0.433   0.476 Y  0.450      SignalP-TM
fig|2005473.95.peg.1120    0.276  21  0.450  21  0.899   1  0.729   0.581 Y  0.570      SignalP-noTM
fig|2005473.95.peg.1124    0.323  20  0.543  20  0.951  17  0.900   0.682 Y  0.450      SignalP-TM
fig|2005473.95.peg.1124    0.520  20  0.702  20  0.969  10  0.936   0.812 Y  0.570      SignalP-noTM
fig|2005473.95.peg.1125    0.392  20  0.578  20  0.944   6  0.876   0.694 Y  0.450      SignalP-TM
fig|2005473.95.peg.1125    0.404  20  0.549  20  0.881   1  0.784   0.636 Y  0.510      SignalP-TM
fig|2005473.95.peg.1127    0.253  20  0.476  20  0.952  18  0.902   0.642 Y  0.450      SignalP-TM
fig|2005473.95.peg.1127    0.811  20  0.878  20  0.961  12  0.945   0.910 Y  0.570      SignalP-noTM
fig|2005473.95.peg.1140    0.199  26  0.405  26  0.868  21  0.811   0.563 Y  0.450      SignalP-TM
fig|2005473.95.peg.1140    0.230  20  0.472  20  0.981  14  0.953   0.698 Y  0.570      SignalP-noTM
fig|2005473.95.peg.115     0.401  21  0.553  21  0.845   4  0.782   0.643 Y  0.450      SignalP-TM
fig|2005473.95.peg.115     0.801  21  0.867  21  0.964   8  0.937   0.900 Y  0.570      SignalP-noTM
fig|2005473.95.peg.1160    0.555  28  0.481  28  0.689  10  0.469   0.476 Y  0.450      SignalP-TM
fig|2005473.95.peg.1160    0.736  28  0.607  28  0.745  25  0.474   0.558 Y  0.510      SignalP-TM
fig|2005473.95.peg.1161    0.175  22  0.353  22  0.909   4  0.776   0.518 Y  0.450      SignalP-TM
fig|2005473.95.peg.1161    0.661  22  0.752  22  0.944   8  0.887   0.816 Y  0.570      SignalP-noTM
fig|2005473.95.peg.117     0.172  32  0.362  21  0.908   2  0.852   0.553 Y  0.450      SignalP-TM
fig|2005473.95.peg.117     0.253  42  0.416  20  0.970  15  0.942   0.663 Y  0.570      SignalP-noTM
fig|2005473.95.peg.1171    0.254  19  0.447  19  0.916   1  0.819   0.622 Y  0.570      SignalP-noTM
fig|2005473.95.peg.118     0.184  20  0.372  20  0.840  18  0.743   0.517 Y  0.450      SignalP-TM
fig|2005473.95.peg.118     0.545  20  0.723  20  0.969  17  0.942   0.826 Y  0.570      SignalP-noTM
fig|2005473.95.peg.1183    0.336  21  0.551  21  0.923  18  0.883   0.680 Y  0.450      SignalP-TM
fig|2005473.95.peg.1183    0.404  21  0.603  21  0.955   9  0.899   0.742 Y  0.570      SignalP-noTM
fig|2005473.95.peg.1184    0.180  15  0.335  15  0.767   1  0.635   0.452 Y  0.450      SignalP-TM
fig|2005473.95.peg.119     0.175  31  0.320  21  0.888  18  0.757   0.491 Y  0.450      SignalP-TM
fig|2005473.95.peg.119     0.204  23  0.421  23  0.939  17  0.879   0.636 Y  0.570      SignalP-noTM
fig|2005473.95.peg.1192    0.308  30  0.507  30  0.934  18  0.813   0.627 Y  0.450      SignalP-TM
fig|2005473.95.peg.1192    0.590  24  0.734  24  0.971  19  0.909   0.816 Y  0.570      SignalP-noTM
fig|2005473.95.peg.1194    0.523  23  0.671  23  0.919  11  0.839   0.736 Y  0.450      SignalP-TM
fig|2005473.95.peg.1194    0.743  23  0.816  23  0.983   8  0.923   0.866 Y  0.570      SignalP-noTM
fig|2005473.95.peg.1199    0.456  30  0.642  23  0.984   8  0.966   0.768 Y  0.450      SignalP-TM
fig|2005473.95.peg.1199    0.706  23  0.811  23  0.983  19  0.940   0.872 Y  0.570      SignalP-noTM
fig|2005473.95.peg.120     0.406  24  0.579  24  0.920   2  0.856   0.687 Y  0.450      SignalP-TM
fig|2005473.95.peg.120     0.751  24  0.788  24  0.939  17  0.846   0.815 Y  0.570      SignalP-noTM
fig|2005473.95.peg.1208    0.225  24  0.437  24  0.951   3  0.891   0.650 Y  0.570      SignalP-noTM
fig|2005473.95.peg.1208    0.308  24  0.497  24  0.905  14  0.819   0.623 Y  0.450      SignalP-TM
fig|2005473.95.peg.1210    0.290  32  0.417  32  0.779  17  0.601   0.489 Y  0.450      SignalP-TM
fig|2005473.95.peg.1210    0.387  32  0.526  32  0.958  15  0.836   0.671 Y  0.570      SignalP-noTM
fig|2005473.95.peg.1216    0.445  23  0.615  23  0.934  18  0.860   0.710 Y  0.450      SignalP-TM
fig|2005473.95.peg.1216    0.671  23  0.723  23  0.921   7  0.833   0.775 Y  0.570      SignalP-noTM
fig|2005473.95.peg.1224    0.396  24  0.548  24  0.820  14  0.738   0.622 Y  0.450      SignalP-TM
fig|2005473.95.peg.1224    0.725  24  0.735  24  0.871  20  0.786   0.759 Y  0.570      SignalP-noTM
fig|2005473.95.peg.1227    0.203  26  0.378  26  0.803   8  0.706   0.506 Y  0.450      SignalP-TM
fig|2005473.95.peg.1227    0.456  26  0.614  26  0.927  18  0.859   0.729 Y  0.570      SignalP-noTM
fig|2005473.95.peg.1229    0.163  28  0.325  25  0.873   6  0.749   0.490 Y  0.450      SignalP-TM
fig|2005473.95.peg.1229    0.186  20  0.395  20  0.926   4  0.869   0.618 Y  0.570      SignalP-noTM
fig|2005473.95.peg.1230    0.317  37  0.482  37  0.882  34  0.579   0.520 Y  0.450      SignalP-TM
fig|2005473.95.peg.1232    0.351  29  0.457  29  0.734   2  0.569   0.501 Y  0.450      SignalP-TM
fig|2005473.95.peg.1232    0.587  29  0.637  29  0.898  22  0.753   0.692 Y  0.570      SignalP-noTM
fig|2005473.95.peg.1233    0.439  22  0.618  22  0.939  20  0.831   0.701 Y  0.450      SignalP-TM
fig|2005473.95.peg.1233    0.767  22  0.824  22  0.946  11  0.890   0.855 Y  0.570      SignalP-noTM
fig|2005473.95.peg.1234    0.414  19  0.541  19  0.765  13  0.700   0.603 Y  0.450      SignalP-TM
fig|2005473.95.peg.1234    0.453  19  0.635  19  0.947  17  0.881   0.751 Y  0.570      SignalP-noTM
fig|2005473.95.peg.1238    0.284  24  0.413  24  0.695  20  0.595   0.484 Y  0.450      SignalP-TM
fig|2005473.95.peg.1238    0.502  24  0.604  24  0.898  16  0.754   0.674 Y  0.570      SignalP-noTM
fig|2005473.95.peg.1239    0.254  25  0.411  21  0.900   8  0.825   0.572 Y  0.450      SignalP-TM
fig|2005473.95.peg.1239    0.286  21  0.513  21  0.952   8  0.927   0.707 Y  0.570      SignalP-noTM
fig|2005473.95.peg.1240    0.187  30  0.418  30  0.983  17  0.929   0.618 Y  0.450      SignalP-TM
fig|2005473.95.peg.1240    0.606  30  0.760  30  0.994  18  0.952   0.850 Y  0.570      SignalP-noTM
fig|2005473.95.peg.1241    0.256  20  0.475  20  0.925  18  0.855   0.623 Y  0.450      SignalP-TM
fig|2005473.95.peg.1241    0.298  24  0.525  20  0.969  18  0.916   0.709 Y  0.570      SignalP-noTM
fig|2005473.95.peg.1244    0.188  24  0.326  22  0.848   6  0.670   0.460 Y  0.450      SignalP-TM
fig|2005473.95.peg.1244    0.253  22  0.461  22  0.949   5  0.872   0.654 Y  0.570      SignalP-noTM
fig|2005473.95.peg.1245    0.742  20  0.735  20  0.861  17  0.714   0.725 Y  0.570      SignalP-noTM
fig|2005473.95.peg.1257    0.187  25  0.357  25  0.782  14  0.698   0.490 Y  0.450      SignalP-TM
fig|2005473.95.peg.126     0.732  25  0.818  25  0.977  17  0.926   0.869 Y  0.570      SignalP-noTM
fig|2005473.95.peg.126     0.753  25  0.831  25  0.965  17  0.900   0.858 Y  0.450      SignalP-TM
fig|2005473.95.peg.127     0.604  25  0.575  25  0.791  10  0.641   0.601 Y  0.450      SignalP-TM
fig|2005473.95.peg.127     0.723  25  0.732  25  0.915  15  0.799   0.763 Y  0.570      SignalP-noTM
fig|2005473.95.peg.1274    0.162  20  0.340  20  0.894   1  0.736   0.495 Y  0.450      SignalP-TM
fig|2005473.95.peg.1274    0.864  20  0.888  20  0.935  15  0.901   0.894 Y  0.570      SignalP-noTM
fig|2005473.95.peg.1289    0.180  24  0.379  24  0.913  18  0.770   0.531 Y  0.450      SignalP-TM
fig|2005473.95.peg.1301    0.192  27  0.365  23  0.823  10  0.721   0.504 Y  0.450      SignalP-TM
fig|2005473.95.peg.1304    0.126  22  0.331  22  0.899  20  0.852   0.534 Y  0.450      SignalP-TM
fig|2005473.95.peg.1304    0.403  22  0.618  22  0.965  20  0.941   0.770 Y  0.570      SignalP-noTM
fig|2005473.95.peg.1305    0.207  26  0.335  26  0.816   6  0.648   0.457 Y  0.450      SignalP-TM
fig|2005473.95.peg.1308    0.293  32  0.483  32  0.891  27  0.768   0.594 Y  0.450      SignalP-TM
fig|2005473.95.peg.1308    0.526  34  0.625  34  0.969  17  0.817   0.715 Y  0.570      SignalP-noTM
fig|2005473.95.peg.1312    0.144  26  0.313  26  0.862   8  0.746   0.482 Y  0.450      SignalP-TM
fig|2005473.95.peg.1312    0.273  22  0.476  22  0.923   1  0.852   0.653 Y  0.570      SignalP-noTM
fig|2005473.95.peg.1315    0.456  21  0.603  21  0.846  16  0.781   0.672 Y  0.450      SignalP-TM
fig|2005473.95.peg.1315    0.776  21  0.836  21  0.953  17  0.880   0.857 Y  0.570      SignalP-noTM
fig|2005473.95.peg.1317    0.177  34  0.338  34  0.831  29  0.678   0.470 Y  0.450      SignalP-TM
fig|2005473.95.peg.1317    0.645  32  0.713  32  0.902  16  0.748   0.729 Y  0.570      SignalP-noTM
fig|2005473.95.peg.1330    0.232  33  0.446  31  0.950  23  0.832   0.627 Y  0.570      SignalP-noTM
fig|2005473.95.peg.1330    0.383  33  0.508  33  0.847  24  0.691   0.579 Y  0.450      SignalP-TM
fig|2005473.95.peg.1334    0.225  32  0.380  22  0.740   5  0.651   0.485 Y  0.450      SignalP-TM
fig|2005473.95.peg.1334    0.470  22  0.535  22  0.684  19  0.582   0.552 Y  0.510      SignalP-TM
fig|2005473.95.peg.1335    0.206  33  0.403  33  0.933  19  0.788   0.553 Y  0.450      SignalP-TM
fig|2005473.95.peg.1335    0.347  32  0.481  32  0.899  20  0.765   0.615 Y  0.570      SignalP-noTM
fig|2005473.95.peg.1355    0.371  26  0.563  26  0.956  15  0.839   0.671 Y  0.450      SignalP-TM
fig|2005473.95.peg.1355    0.639  26  0.756  26  0.953  10  0.906   0.827 Y  0.570      SignalP-noTM
fig|2005473.95.peg.1360    0.200  23  0.366  23  0.774  15  0.607   0.460 Y  0.450      SignalP-TM
fig|2005473.95.peg.1360    0.399  23  0.559  23  0.949  19  0.809   0.677 Y  0.570      SignalP-noTM
fig|2005473.95.peg.1361    0.393  22  0.518  22  0.900  21  0.666   0.588 Y  0.570      SignalP-noTM
fig|2005473.95.peg.1365    0.404  22  0.567  22  0.862   8  0.785   0.652 Y  0.450      SignalP-TM
fig|2005473.95.peg.1365    0.636  22  0.782  22  0.977  12  0.952   0.862 Y  0.570      SignalP-noTM
fig|2005473.95.peg.1368    0.329  25  0.508  25  0.975  18  0.837   0.662 Y  0.570      SignalP-noTM
fig|2005473.95.peg.1369    0.481  28  0.490  28  0.725  25  0.446   0.473 Y  0.450      SignalP-TM
fig|2005473.95.peg.1371    0.194  34  0.373  18  0.876  13  0.795   0.571 Y  0.570      SignalP-noTM
fig|2005473.95.peg.1371    0.428  34  0.521  34  0.844  20  0.617   0.559 Y  0.450      SignalP-TM
fig|2005473.95.peg.1384    0.798  33  0.630  33  0.715  29  0.421   0.553 Y  0.510      SignalP-TM
fig|2005473.95.peg.1385    0.363  29  0.468  29  0.766  11  0.584   0.513 Y  0.450      SignalP-TM
fig|2005473.95.peg.1387    0.407  22  0.528  22  0.843  17  0.689   0.604 Y  0.570      SignalP-noTM
fig|2005473.95.peg.1388    0.296  21  0.513  21  0.951  16  0.883   0.687 Y  0.570      SignalP-noTM
fig|2005473.95.peg.1395    0.209  41  0.340  34  0.836  26  0.691   0.477 Y  0.450      SignalP-TM
fig|2005473.95.peg.1413    0.235  29  0.399  24  0.887  20  0.739   0.532 Y  0.450      SignalP-TM
fig|2005473.95.peg.1413    0.477  22  0.640  22  0.942   1  0.870   0.748 Y  0.570      SignalP-noTM
fig|2005473.95.peg.1415    0.651  21  0.702  21  0.893  17  0.774   0.736 Y  0.570      SignalP-noTM
fig|2005473.95.peg.1416    0.250  21  0.437  21  0.801   9  0.753   0.560 Y  0.450      SignalP-TM
fig|2005473.95.peg.1416    0.602  21  0.754  21  0.972  17  0.937   0.840 Y  0.570      SignalP-noTM
fig|2005473.95.peg.1417    0.490  20  0.554  20  0.811   6  0.652   0.592 Y  0.450      SignalP-TM
fig|2005473.95.peg.1417    0.821  20  0.841  20  0.941  17  0.872   0.856 Y  0.570      SignalP-noTM
fig|2005473.95.peg.1418    0.562  26  0.645  26  0.896  19  0.746   0.693 Y  0.570      SignalP-noTM
fig|2005473.95.peg.1418    0.676  26  0.702  26  0.828  21  0.665   0.688 Y  0.450      SignalP-TM
fig|2005473.95.peg.1421    0.253  35  0.341  23  0.947  12  0.901   0.559 Y  0.450      SignalP-TM
fig|2005473.95.peg.1421    0.464  23  0.657  23  0.980  16  0.934   0.787 Y  0.570      SignalP-noTM
fig|2005473.95.peg.1430    0.302  28  0.439  28  0.776  25  0.569   0.490 Y  0.450      SignalP-TM
fig|2005473.95.peg.1430    0.451  28  0.626  28  0.956  14  0.835   0.724 Y  0.570      SignalP-noTM
fig|2005473.95.peg.1437    0.544  27  0.647  27  0.941  16  0.845   0.740 Y  0.570      SignalP-noTM
fig|2005473.95.peg.1437    0.554  27  0.680  27  0.960  10  0.882   0.759 Y  0.450      SignalP-TM
fig|2005473.95.peg.1438    0.715  33  0.679  33  0.789  18  0.647   0.667 Y  0.450      SignalP-TM
fig|2005473.95.peg.1438    0.824  33  0.752  33  0.940  21  0.773   0.762 Y  0.570      SignalP-noTM
fig|2005473.95.peg.144     0.345  27  0.441  27  0.785  19  0.614   0.508 Y  0.450      SignalP-TM
fig|2005473.95.peg.1442    0.326  27  0.510  27  0.910  14  0.795   0.621 Y  0.450      SignalP-TM
fig|2005473.95.peg.1444    0.314  21  0.513  21  0.948   6  0.874   0.654 Y  0.450      SignalP-TM
fig|2005473.95.peg.1444    0.759  21  0.847  21  0.975   8  0.950   0.895 Y  0.570      SignalP-noTM
fig|2005473.95.peg.145     0.456  34  0.462  34  0.740   8  0.546   0.494 Y  0.450      SignalP-TM
fig|2005473.95.peg.1452    0.515  23  0.667  23  0.922   3  0.876   0.749 Y  0.450      SignalP-TM
fig|2005473.95.peg.1452    0.641  23  0.778  23  0.969  19  0.946   0.857 Y  0.570      SignalP-noTM
fig|2005473.95.peg.1454    0.288  21  0.484  21  0.905  10  0.821   0.616 Y  0.450      SignalP-TM
fig|2005473.95.peg.1454    0.374  21  0.599  21  0.976  11  0.958   0.768 Y  0.570      SignalP-noTM
fig|2005473.95.peg.1470    0.169  29  0.323  14  0.903  12  0.879   0.540 Y  0.450      SignalP-TM
fig|2005473.95.peg.1470    0.182  18  0.405  18  0.971   5  0.917   0.646 Y  0.570      SignalP-noTM
fig|2005473.95.peg.1477    0.339  35  0.344  21  0.771  15  0.693   0.480 Y  0.450      SignalP-TM
fig|2005473.95.peg.1480    0.252  20  0.450  20  0.891   6  0.824   0.596 Y  0.450      SignalP-TM
fig|2005473.95.peg.1480    0.793  20  0.835  20  0.943  16  0.869   0.851 Y  0.570      SignalP-noTM
fig|2005473.95.peg.1481    0.209  26  0.386  24  0.919  18  0.761   0.533 Y  0.450      SignalP-TM
fig|2005473.95.peg.1481    0.443  24  0.544  24  0.861  18  0.716   0.625 Y  0.570      SignalP-noTM
fig|2005473.95.peg.1487    0.522  25  0.639  25  0.906  10  0.814   0.708 Y  0.450      SignalP-TM
fig|2005473.95.peg.1487    0.768  25  0.782  25  0.929  10  0.841   0.809 Y  0.570      SignalP-noTM
fig|2005473.95.peg.1488    0.181  24  0.351  24  0.831  20  0.666   0.474 Y  0.450      SignalP-TM
fig|2005473.95.peg.1488    0.449  24  0.581  24  0.924  21  0.740   0.656 Y  0.570      SignalP-noTM
fig|2005473.95.peg.1489    0.471  23  0.571  23  0.888   6  0.746   0.639 Y  0.450      SignalP-TM
fig|2005473.95.peg.1489    0.606  23  0.705  23  0.928  14  0.852   0.774 Y  0.570      SignalP-noTM
fig|2005473.95.peg.1492    0.455  41  0.573  41  0.858  32  0.678   0.622 Y  0.570      SignalP-noTM
fig|2005473.95.peg.1492    0.470  41  0.568  41  0.813  40  0.700   0.620 Y  0.450      SignalP-TM
fig|2005473.95.peg.1493    0.579  34  0.620  34  0.924  27  0.304   0.497 Y  0.450      SignalP-TM
fig|2005473.95.peg.1538    0.221  18  0.461  18  0.978  17  0.947   0.690 Y  0.570      SignalP-noTM
fig|2005473.95.peg.1538    0.279  37  0.437  37  0.938  17  0.814   0.584 Y  0.450      SignalP-TM
fig|2005473.95.peg.154     0.182  50  0.331  20  0.894   6  0.798   0.513 Y  0.450      SignalP-TM
fig|2005473.95.peg.154     0.386  20  0.588  20  0.947  11  0.891   0.731 Y  0.570      SignalP-noTM
fig|2005473.95.peg.1543    0.349  28  0.451  28  0.877   1  0.683   0.542 Y  0.450      SignalP-TM
fig|2005473.95.peg.1543    0.514  19  0.688  19  0.958  10  0.919   0.797 Y  0.570      SignalP-noTM
fig|2005473.95.peg.1547    0.221  22  0.359  22  0.874   5  0.664   0.478 Y  0.450      SignalP-TM
fig|2005473.95.peg.1547    0.462  22  0.575  22  0.912   2  0.772   0.667 Y  0.570      SignalP-noTM
fig|2005473.95.peg.1549    0.196  29  0.343  29  0.817   6  0.653   0.464 Y  0.450      SignalP-TM
fig|2005473.95.peg.1549    0.271  22  0.462  22  0.919   3  0.821   0.631 Y  0.570      SignalP-noTM
fig|2005473.95.peg.155     0.157  25  0.303  20  0.897   6  0.753   0.479 Y  0.450      SignalP-TM
fig|2005473.95.peg.155     0.267  19  0.476  19  0.930  18  0.859   0.656 Y  0.570      SignalP-noTM
fig|2005473.95.peg.1551    0.181  23  0.382  23  0.886   9  0.810   0.549 Y  0.450      SignalP-TM
fig|2005473.95.peg.1551    0.563  22  0.735  22  0.979  20  0.953   0.838 Y  0.570      SignalP-noTM
fig|2005473.95.peg.1552    0.359  28  0.499  28  0.893  21  0.639   0.553 Y  0.450      SignalP-TM
fig|2005473.95.peg.1552    0.362  22  0.563  22  0.958  20  0.818   0.683 Y  0.570      SignalP-noTM
fig|2005473.95.peg.1565    0.142  31  0.300  23  0.777  13  0.694   0.454 Y  0.450      SignalP-TM
fig|2005473.95.peg.1565    0.260  23  0.440  23  0.849  17  0.764   0.592 Y  0.570      SignalP-noTM
fig|2005473.95.peg.1583    0.764  22  0.772  22  0.893  20  0.769   0.771 Y  0.570      SignalP-noTM
fig|2005473.95.peg.1589    0.372  36  0.539  24  0.895  21  0.773   0.630 Y  0.450      SignalP-TM
fig|2005473.95.peg.1589    0.478  24  0.636  24  0.940  15  0.858   0.741 Y  0.570      SignalP-noTM
fig|2005473.95.peg.1590    0.301  19  0.545  19  0.995  18  0.979   0.749 Y  0.570      SignalP-noTM
fig|2005473.95.peg.1590    0.503  22  0.683  22  0.974  13  0.926   0.778 Y  0.450      SignalP-TM
fig|2005473.95.peg.1591    0.738  27  0.816  27  0.944  24  0.890   0.845 Y  0.450      SignalP-TM
fig|2005473.95.peg.1591    0.839  27  0.856  27  0.952  13  0.888   0.871 Y  0.570      SignalP-noTM
fig|2005473.95.peg.1594    0.559  35  0.633  35  0.849  31  0.593   0.617 Y  0.450      SignalP-TM
fig|2005473.95.peg.1594    0.589  35  0.720  35  0.975  31  0.805   0.760 Y  0.570      SignalP-noTM
fig|2005473.95.peg.1599    0.401  27  0.527  27  0.867  14  0.753   0.633 Y  0.570      SignalP-noTM
fig|2005473.95.peg.1599    0.555  27  0.638  27  0.891  10  0.797   0.700 Y  0.450      SignalP-TM
fig|2005473.95.peg.1613    0.541  24  0.650  24  0.887   7  0.809   0.712 Y  0.450      SignalP-TM
fig|2005473.95.peg.1613    0.621  24  0.737  24  0.961  10  0.905   0.816 Y  0.570      SignalP-noTM
fig|2005473.95.peg.1614    0.356  20  0.554  20  0.923   1  0.874   0.704 Y  0.570      SignalP-noTM
fig|2005473.95.peg.1616    0.499  30  0.606  30  0.973  12  0.852   0.722 Y  0.570      SignalP-noTM
fig|2005473.95.peg.1616    0.550  30  0.660  30  0.957   8  0.867   0.741 Y  0.450      SignalP-TM
fig|2005473.95.peg.1617    0.342  25  0.483  25  0.891   2  0.741   0.584 Y  0.450      SignalP-TM
fig|2005473.95.peg.1617    0.597  25  0.684  25  0.920   2  0.829   0.752 Y  0.570      SignalP-noTM
fig|2005473.95.peg.162     0.592  28  0.673  28  0.950  12  0.832   0.735 Y  0.450      SignalP-TM
fig|2005473.95.peg.162     0.641  28  0.651  28  0.960  11  0.791   0.717 Y  0.570      SignalP-noTM
fig|2005473.95.peg.1628    0.282  26  0.513  26  0.979  12  0.923   0.673 Y  0.450      SignalP-TM
fig|2005473.95.peg.1628    0.559  27  0.719  27  0.996  11  0.953   0.829 Y  0.570      SignalP-noTM
fig|2005473.95.peg.163     0.469  23  0.505  23  0.825  17  0.593   0.539 Y  0.450      SignalP-TM
fig|2005473.95.peg.163     0.671  19  0.681  19  0.841  15  0.688   0.685 Y  0.570      SignalP-noTM
fig|2005473.95.peg.1637    0.190  25  0.390  25  0.935  15  0.856   0.572 Y  0.450      SignalP-TM
fig|2005473.95.peg.1637    0.580  20  0.714  20  0.918  12  0.885   0.794 Y  0.570      SignalP-noTM
fig|2005473.95.peg.164     0.660  21  0.632  21  0.859   3  0.663   0.647 Y  0.570      SignalP-noTM
fig|2005473.95.peg.1641    0.475  31  0.572  22  0.939  12  0.880   0.692 Y  0.450      SignalP-TM
fig|2005473.95.peg.1641    0.822  22  0.864  22  0.967  20  0.897   0.880 Y  0.570      SignalP-noTM
fig|2005473.95.peg.1642    0.239  27  0.400  25  0.854   9  0.769   0.573 Y  0.570      SignalP-noTM
fig|2005473.95.peg.1642    0.333  27  0.530  27  0.905  17  0.815   0.641 Y  0.450      SignalP-TM
fig|2005473.95.peg.1644    0.313  23  0.462  23  0.804  18  0.687   0.550 Y  0.450      SignalP-TM
fig|2005473.95.peg.1644    0.339  22  0.558  22  0.940  11  0.910   0.723 Y  0.570      SignalP-noTM
fig|2005473.95.peg.1656    0.402  27  0.550  27  0.952  12  0.813   0.653 Y  0.450      SignalP-TM
fig|2005473.95.peg.1656    0.485  27  0.631  25  0.975  17  0.925   0.769 Y  0.570      SignalP-noTM
fig|2005473.95.peg.1657    0.250  23  0.461  23  0.912   2  0.869   0.653 Y  0.570      SignalP-noTM
fig|2005473.95.peg.1657    0.526  47  0.435  33  0.867  15  0.798   0.577 Y  0.450      SignalP-TM
fig|2005473.95.peg.1662    0.379  23  0.521  23  0.869  21  0.684   0.585 Y  0.450      SignalP-TM
fig|2005473.95.peg.1662    0.610  23  0.650  23  0.789  19  0.693   0.670 Y  0.570      SignalP-noTM
fig|2005473.95.peg.1663    0.232  27  0.392  27  0.802  12  0.674   0.502 Y  0.450      SignalP-TM
fig|2005473.95.peg.1688    0.153  25  0.361  25  0.910  10  0.838   0.547 Y  0.450      SignalP-TM
fig|2005473.95.peg.1689    0.501  22  0.658  22  0.917  19  0.870   0.741 Y  0.450      SignalP-TM
fig|2005473.95.peg.1689    0.664  22  0.764  22  0.927  17  0.892   0.824 Y  0.570      SignalP-noTM
fig|2005473.95.peg.1703    0.276  33  0.399  23  0.899   6  0.807   0.558 Y  0.450      SignalP-TM
fig|2005473.95.peg.1703    0.508  21  0.697  21  0.985  10  0.960   0.820 Y  0.570      SignalP-noTM
fig|2005473.95.peg.1705    0.339  27  0.446  27  0.870  10  0.669   0.533 Y  0.450      SignalP-TM
fig|2005473.95.peg.1706    0.434  24  0.644  24  0.986  10  0.950   0.788 Y  0.570      SignalP-noTM
fig|2005473.95.peg.1706    0.491  24  0.634  24  0.941  10  0.840   0.714 Y  0.450      SignalP-TM
fig|2005473.95.peg.1707    0.304  59  0.295  23  0.837   3  0.707   0.456 Y  0.450      SignalP-TM
fig|2005473.95.peg.1708    0.176  51  0.322  22  0.892  17  0.824   0.518 Y  0.450      SignalP-TM
fig|2005473.95.peg.1708    0.185  27  0.396  27  0.980  15  0.897   0.631 Y  0.570      SignalP-noTM
fig|2005473.95.peg.1709    0.167  34  0.328  27  0.959  16  0.811   0.516 Y  0.450      SignalP-TM
fig|2005473.95.peg.1709    0.487  27  0.646  27  0.991  13  0.918   0.774 Y  0.570      SignalP-noTM
fig|2005473.95.peg.1711    0.169  25  0.340  25  0.833  17  0.693   0.478 Y  0.450      SignalP-TM
fig|2005473.95.peg.1752    0.214  21  0.354  21  0.754   9  0.623   0.459 Y  0.450      SignalP-TM
fig|2005473.95.peg.1771    0.141  23  0.330  23  0.881  10  0.802   0.514 Y  0.450      SignalP-TM
fig|2005473.95.peg.178     0.372  22  0.461  22  0.723   6  0.596   0.514 Y  0.450      SignalP-TM
fig|2005473.95.peg.178     0.510  23  0.619  23  0.920  20  0.771   0.690 Y  0.570      SignalP-noTM
fig|2005473.95.peg.1808    0.197  23  0.391  23  0.878  17  0.776   0.572 Y  0.570      SignalP-noTM
fig|2005473.95.peg.1808    0.201  35  0.344  27  0.919  17  0.756   0.505 Y  0.450      SignalP-TM
fig|2005473.95.peg.182     0.389  24  0.505  24  0.793  13  0.661   0.566 Y  0.450      SignalP-TM
fig|2005473.95.peg.182     0.695  24  0.790  24  0.952  16  0.881   0.833 Y  0.570      SignalP-noTM
fig|2005473.95.peg.1821    0.743  36  0.788  36  0.921  31  0.818   0.800 Y  0.450      SignalP-TM
fig|2005473.95.peg.1837    0.401  32  0.499  32  0.842  17  0.693   0.575 Y  0.450      SignalP-TM
fig|2005473.95.peg.1843    0.291  26  0.372  26  0.851   6  0.624   0.470 Y  0.450      SignalP-TM
fig|2005473.95.peg.1843    0.402  26  0.466  26  0.940  10  0.722   0.586 Y  0.570      SignalP-noTM
fig|2005473.95.peg.185     0.140  24  0.350  24  0.929  10  0.891   0.604 Y  0.570      SignalP-noTM
fig|2005473.95.peg.185     0.351  27  0.540  27  0.895  15  0.820   0.649 Y  0.450      SignalP-TM
fig|2005473.95.peg.1861    0.205  25  0.356  25  0.828   9  0.698   0.490 Y  0.450      SignalP-TM
fig|2005473.95.peg.1862    0.202  23  0.380  23  0.851  20  0.669   0.492 Y  0.450      SignalP-TM
fig|2005473.95.peg.1862    0.716  23  0.791  23  0.922  12  0.856   0.821 Y  0.570      SignalP-noTM
fig|2005473.95.peg.187     0.347  30  0.526  30  0.934  23  0.710   0.597 Y  0.450      SignalP-TM
fig|2005473.95.peg.187     0.530  30  0.568  30  0.876  14  0.716   0.637 Y  0.570      SignalP-noTM
fig|2005473.95.peg.188     0.162  21  0.384  21  0.953  17  0.913   0.632 Y  0.570      SignalP-noTM
fig|2005473.95.peg.188     0.258  28  0.463  28  0.957  14  0.873   0.623 Y  0.450      SignalP-TM
fig|2005473.95.peg.1889    0.784  24  0.787  24  0.881  21  0.732   0.765 Y  0.450      SignalP-TM
fig|2005473.95.peg.1889    0.805  24  0.783  24  0.909  20  0.740   0.763 Y  0.570      SignalP-noTM
fig|2005473.95.peg.189     0.173  18  0.336  18  0.792   2  0.679   0.470 Y  0.450      SignalP-TM
fig|2005473.95.peg.189     0.191  18  0.393  18  0.905   1  0.827   0.597 Y  0.570      SignalP-noTM
fig|2005473.95.peg.1894    0.380  20  0.524  20  0.866  19  0.745   0.628 Y  0.570      SignalP-noTM
fig|2005473.95.peg.1897    0.213  23  0.426  23  0.958  19  0.877   0.638 Y  0.570      SignalP-noTM
fig|2005473.95.peg.19      0.147  22  0.321  22  0.907   3  0.775   0.498 Y  0.450      SignalP-TM
fig|2005473.95.peg.19      0.730  22  0.792  22  0.959  10  0.889   0.837 Y  0.570      SignalP-noTM
fig|2005473.95.peg.1909    0.151  25  0.339  25  0.919   7  0.821   0.527 Y  0.450      SignalP-TM
fig|2005473.95.peg.1909    0.287  28  0.443  28  0.944   6  0.816   0.618 Y  0.570      SignalP-noTM
fig|2005473.95.peg.1910    0.721  19  0.741  19  0.914   1  0.778   0.759 Y  0.570      SignalP-noTM
fig|2005473.95.peg.192     0.222  26  0.412  25  0.945  17  0.816   0.602 Y  0.570      SignalP-noTM
fig|2005473.95.peg.192     0.288  22  0.426  22  0.758  18  0.650   0.514 Y  0.450      SignalP-TM
fig|2005473.95.peg.1920    0.182  23  0.336  23  0.877   6  0.710   0.482 Y  0.450      SignalP-TM
fig|2005473.95.peg.1920    0.201  23  0.391  23  0.946   1  0.821   0.593 Y  0.570      SignalP-noTM
fig|2005473.95.peg.1921    0.181  30  0.406  30  0.972  18  0.860   0.620 Y  0.570      SignalP-noTM
fig|2005473.95.peg.1921    0.271  41  0.402  33  0.981  18  0.855   0.579 Y  0.450      SignalP-TM
fig|2005473.95.peg.193     0.533  21  0.586  21  0.838  16  0.655   0.618 Y  0.570      SignalP-noTM
fig|2005473.95.peg.1933    0.549  26  0.716  26  0.971  17  0.914   0.794 Y  0.450      SignalP-TM
fig|2005473.95.peg.1933    0.551  26  0.687  26  0.969  17  0.890   0.782 Y  0.570      SignalP-noTM
fig|2005473.95.peg.1937    0.672  22  0.741  22  0.907  20  0.817   0.777 Y  0.570      SignalP-noTM
fig|2005473.95.peg.1978    0.419  22  0.534  22  0.894   1  0.663   0.594 Y  0.570      SignalP-noTM
fig|2005473.95.peg.1983    0.261  30  0.343  30  0.879  13  0.635   0.456 Y  0.450      SignalP-TM
fig|2005473.95.peg.201     0.258  27  0.412  27  0.931  17  0.718   0.531 Y  0.450      SignalP-TM
fig|2005473.95.peg.201     0.344  20  0.543  20  0.934  16  0.860   0.692 Y  0.570      SignalP-noTM
fig|2005473.95.peg.2010    0.392  33  0.385  21  0.792  18  0.641   0.485 Y  0.450      SignalP-TM
fig|2005473.95.peg.2010    0.439  21  0.577  21  0.833  12  0.734   0.651 Y  0.570      SignalP-noTM
fig|2005473.95.peg.2014    0.247  29  0.414  29  0.909  15  0.657   0.509 Y  0.450      SignalP-TM
fig|2005473.95.peg.2014    0.497  29  0.643  29  0.951  13  0.822   0.727 Y  0.570      SignalP-noTM
fig|2005473.95.peg.2015    0.272  24  0.406  24  0.851   5  0.690   0.516 Y  0.450      SignalP-TM
fig|2005473.95.peg.2015    0.499  24  0.654  24  0.945  20  0.883   0.761 Y  0.570      SignalP-noTM
fig|2005473.95.peg.2016    0.259  22  0.407  22  0.793   4  0.681   0.514 Y  0.450      SignalP-TM
fig|2005473.95.peg.2016    0.446  22  0.572  22  0.900   1  0.771   0.666 Y  0.570      SignalP-noTM
fig|2005473.95.peg.2029    0.330  20  0.501  20  0.848  18  0.757   0.621 Y  0.570      SignalP-noTM
fig|2005473.95.peg.2031    0.154  28  0.316  28  0.909  10  0.732   0.478 Y  0.450      SignalP-TM
fig|2005473.95.peg.2031    0.205  22  0.413  22  0.907  18  0.844   0.616 Y  0.570      SignalP-noTM
fig|2005473.95.peg.2032    0.699  31  0.644  31  0.820  23  0.617   0.632 Y  0.570      SignalP-noTM
fig|2005473.95.peg.2035    0.184  24  0.357  24  0.785  16  0.671   0.479 Y  0.450      SignalP-TM
fig|2005473.95.peg.2035    0.337  24  0.518  24  0.933  22  0.810   0.655 Y  0.570      SignalP-noTM
fig|2005473.95.peg.2045    0.515  23  0.492  23  0.718   8  0.525   0.505 Y  0.450      SignalP-TM
fig|2005473.95.peg.205     0.283  23  0.491  23  0.949   8  0.868   0.638 Y  0.450      SignalP-TM
fig|2005473.95.peg.2062    0.373  28  0.521  28  0.842  21  0.706   0.594 Y  0.450      SignalP-TM
fig|2005473.95.peg.2062    0.391  26  0.535  26  0.896  22  0.756   0.638 Y  0.570      SignalP-noTM
fig|2005473.95.peg.2070    0.470  22  0.569  22  0.806   2  0.716   0.626 Y  0.450      SignalP-TM
fig|2005473.95.peg.2070    0.502  22  0.629  22  0.916  13  0.823   0.720 Y  0.570      SignalP-noTM
fig|2005473.95.peg.2078    0.490  24  0.596  24  0.855  13  0.765   0.676 Y  0.570      SignalP-noTM
fig|2005473.95.peg.2078    0.577  24  0.575  24  0.776   6  0.633   0.598 Y  0.450      SignalP-TM
fig|2005473.95.peg.2079    0.296  23  0.475  23  0.935   6  0.834   0.643 Y  0.570      SignalP-noTM
fig|2005473.95.peg.2079    0.329  23  0.530  23  0.918  16  0.866   0.661 Y  0.450      SignalP-TM
fig|2005473.95.peg.2080    0.520  22  0.652  22  0.868   8  0.818   0.717 Y  0.450      SignalP-TM
fig|2005473.95.peg.2080    0.761  22  0.854  22  0.975  18  0.952   0.900 Y  0.570      SignalP-noTM
fig|2005473.95.peg.2081    0.250  24  0.463  24  0.961   7  0.888   0.628 Y  0.450      SignalP-TM
fig|2005473.95.peg.2081    0.403  21  0.615  21  0.961  19  0.940   0.768 Y  0.570      SignalP-noTM
fig|2005473.95.peg.2082    0.251  23  0.476  23  0.947   9  0.895   0.640 Y  0.450      SignalP-TM
fig|2005473.95.peg.2082    0.848  23  0.888  23  0.970  21  0.920   0.903 Y  0.570      SignalP-noTM
fig|2005473.95.peg.2089    0.377  25  0.579  25  0.983  12  0.918   0.738 Y  0.570      SignalP-noTM
fig|2005473.95.peg.2089    0.500  25  0.659  25  0.940  18  0.873   0.743 Y  0.450      SignalP-TM
fig|2005473.95.peg.2090    0.320  22  0.455  22  0.813   7  0.683   0.544 Y  0.450      SignalP-TM
fig|2005473.95.peg.2090    0.724  22  0.806  22  0.966  17  0.899   0.850 Y  0.570      SignalP-noTM
fig|2005473.95.peg.2096    0.351  20  0.508  20  0.852   3  0.758   0.606 Y  0.450      SignalP-TM
fig|2005473.95.peg.2096    0.540  20  0.628  20  0.886  19  0.763   0.691 Y  0.570      SignalP-noTM
fig|2005473.95.peg.2097    0.193  23  0.397  23  0.911  15  0.794   0.552 Y  0.450      SignalP-TM
fig|2005473.95.peg.2097    0.277  24  0.445  24  0.889   9  0.783   0.604 Y  0.570      SignalP-noTM
fig|2005473.95.peg.2098    0.257  21  0.437  21  0.867   7  0.756   0.561 Y  0.450      SignalP-TM
fig|2005473.95.peg.2098    0.314  22  0.526  22  0.939  18  0.889   0.697 Y  0.570      SignalP-noTM
fig|2005473.95.peg.2112    0.347  38  0.520  38  0.859  16  0.666   0.589 Y  0.570      SignalP-noTM
fig|2005473.95.peg.2115    0.780  17  0.758  17  0.795  14  0.721   0.740 Y  0.570      SignalP-noTM
fig|2005473.95.peg.2116    0.597  23  0.739  23  0.959  17  0.873   0.791 Y  0.450      SignalP-TM
fig|2005473.95.peg.2116    0.875  23  0.905  23  0.967  16  0.940   0.922 Y  0.570      SignalP-noTM
fig|2005473.95.peg.213     0.329  46  0.498  46  0.872  39  0.462   0.484 Y  0.450      SignalP-TM
fig|2005473.95.peg.2145    0.373  25  0.452  25  0.773   6  0.626   0.520 Y  0.450      SignalP-TM
fig|2005473.95.peg.2145    0.620  20  0.756  20  0.946  10  0.924   0.835 Y  0.570      SignalP-noTM
fig|2005473.95.peg.2149    0.341  31  0.481  31  0.821  28  0.595   0.526 Y  0.450      SignalP-TM
fig|2005473.95.peg.2152    0.384  31  0.483  24  0.850   9  0.767   0.594 Y  0.450      SignalP-TM
fig|2005473.95.peg.2152    0.409  24  0.574  24  0.903  19  0.809   0.685 Y  0.570      SignalP-noTM
fig|2005473.95.peg.2166    0.260  22  0.418  22  0.781   8  0.690   0.524 Y  0.450      SignalP-TM
fig|2005473.95.peg.2166    0.762  22  0.769  22  0.929  21  0.756   0.763 Y  0.570      SignalP-noTM
fig|2005473.95.peg.2184    0.192  21  0.398  21  0.933   5  0.864   0.617 Y  0.570      SignalP-noTM
fig|2005473.95.peg.2184    0.219  34  0.365  24  0.868   5  0.769   0.523 Y  0.450      SignalP-TM
fig|2005473.95.peg.2187    0.482  25  0.563  25  0.841  19  0.660   0.601 Y  0.450      SignalP-TM
fig|2005473.95.peg.2187    0.488  23  0.638  23  0.881  19  0.825   0.726 Y  0.570      SignalP-noTM
fig|2005473.95.peg.2195    0.423  21  0.563  21  0.833  17  0.738   0.645 Y  0.570      SignalP-noTM
fig|2005473.95.peg.2195    0.599  21  0.665  21  0.845   5  0.762   0.703 Y  0.450      SignalP-TM
fig|2005473.95.peg.2199    0.278  22  0.496  22  0.938  14  0.871   0.672 Y  0.570      SignalP-noTM
fig|2005473.95.peg.2199    0.301  22  0.426  22  0.797  18  0.610   0.498 Y  0.450      SignalP-TM
fig|2005473.95.peg.2205    0.214  23  0.422  23  0.887  14  0.826   0.579 Y  0.450      SignalP-TM
fig|2005473.95.peg.2205    0.337  23  0.532  23  0.963  10  0.859   0.686 Y  0.570      SignalP-noTM
fig|2005473.95.peg.2212    0.654  21  0.761  21  0.946  17  0.891   0.822 Y  0.570      SignalP-noTM
fig|2005473.95.peg.2223    0.225  20  0.437  20  0.924  12  0.831   0.622 Y  0.570      SignalP-noTM
fig|2005473.95.peg.2223    0.472  26  0.524  26  0.816   9  0.664   0.579 Y  0.450      SignalP-TM
fig|2005473.95.peg.2231    0.210  45  0.346  21  0.894  16  0.781   0.516 Y  0.450      SignalP-TM
fig|2005473.95.peg.2231    0.351  45  0.543  21  0.958  17  0.886   0.704 Y  0.570      SignalP-noTM
fig|2005473.95.peg.2232    0.219  21  0.421  21  0.916  18  0.819   0.576 Y  0.450      SignalP-TM
fig|2005473.95.peg.2232    0.305  21  0.518  21  0.949  10  0.892   0.694 Y  0.570      SignalP-noTM
fig|2005473.95.peg.2245    0.266  37  0.436  37  0.957  21  0.759   0.562 Y  0.450      SignalP-TM
fig|2005473.95.peg.2245    0.490  31  0.668  31  0.989  23  0.896   0.775 Y  0.570      SignalP-noTM
fig|2005473.95.peg.2258    0.382  29  0.482  29  0.954  16  0.780   0.598 Y  0.450      SignalP-TM
fig|2005473.95.peg.2258    0.684  21  0.805  21  0.967  17  0.947   0.872 Y  0.570      SignalP-noTM
fig|2005473.95.peg.2259    0.404  25  0.577  25  0.946   8  0.875   0.717 Y  0.570      SignalP-noTM
fig|2005473.95.peg.2259    0.422  25  0.581  25  0.865  10  0.806   0.669 Y  0.450      SignalP-TM
fig|2005473.95.peg.2264    0.731  19  0.766  19  0.914   1  0.814   0.788 Y  0.570      SignalP-noTM
fig|2005473.95.peg.2266    0.429  35  0.526  35  0.917  17  0.734   0.607 Y  0.450      SignalP-TM
fig|2005473.95.peg.2266    0.471  23  0.620  23  0.929  14  0.813   0.710 Y  0.570      SignalP-noTM
fig|2005473.95.peg.2267    0.175  25  0.332  25  0.879   3  0.721   0.484 Y  0.450      SignalP-TM
fig|2005473.95.peg.2274    0.264  25  0.437  25  0.811  21  0.716   0.546 Y  0.450      SignalP-TM
fig|2005473.95.peg.2274    0.768  25  0.785  25  0.902  16  0.836   0.809 Y  0.570      SignalP-noTM
fig|2005473.95.peg.2275    0.206  30  0.314  25  0.832  14  0.675   0.455 Y  0.450      SignalP-TM
fig|2005473.95.peg.2287    0.199  24  0.383  24  0.837  19  0.728   0.517 Y  0.450      SignalP-TM
fig|2005473.95.peg.2287    0.531  24  0.664  24  0.965  20  0.845   0.749 Y  0.570      SignalP-noTM
fig|2005473.95.peg.2288    0.586  28  0.657  28  0.917  26  0.643   0.650 Y  0.570      SignalP-noTM
fig|2005473.95.peg.2290    0.417  21  0.574  21  0.930   2  0.825   0.672 Y  0.450      SignalP-TM
fig|2005473.95.peg.2290    0.688  21  0.788  21  0.947  12  0.910   0.845 Y  0.570      SignalP-noTM
fig|2005473.95.peg.2292    0.497  26  0.564  26  0.881  20  0.674   0.615 Y  0.570      SignalP-noTM
fig|2005473.95.peg.2292    0.634  26  0.706  26  0.881  20  0.739   0.719 Y  0.450      SignalP-TM
fig|2005473.95.peg.2293    0.259  24  0.397  24  0.749  18  0.592   0.473 Y  0.450      SignalP-TM
fig|2005473.95.peg.2295    0.183  45  0.355  44  0.788  14  0.675   0.480 Y  0.450      SignalP-TM
fig|2005473.95.peg.2296    0.181  36  0.381  36  0.918  15  0.799   0.544 Y  0.450      SignalP-TM
fig|2005473.95.peg.2296    0.344  33  0.557  33  0.978  17  0.880   0.709 Y  0.570      SignalP-noTM
fig|2005473.95.peg.23      0.262  24  0.359  18  0.767   8  0.655   0.474 Y  0.450      SignalP-TM
fig|2005473.95.peg.2321    0.207  27  0.342  27  0.856  12  0.684   0.476 Y  0.450      SignalP-TM
fig|2005473.95.peg.2321    0.218  25  0.410  19  0.914  12  0.847   0.572 Y  0.510      SignalP-TM
fig|2005473.95.peg.2326    0.398  21  0.532  21  0.897   2  0.745   0.615 Y  0.450      SignalP-TM
fig|2005473.95.peg.2326    0.718  21  0.785  21  0.956  17  0.873   0.827 Y  0.570      SignalP-noTM
fig|2005473.95.peg.233     0.212  26  0.377  26  0.773   9  0.696   0.501 Y  0.450      SignalP-TM
fig|2005473.95.peg.2337    0.374  24  0.578  24  0.959  18  0.855   0.686 Y  0.450      SignalP-TM
fig|2005473.95.peg.2337    0.807  24  0.881  24  0.987  19  0.947   0.912 Y  0.570      SignalP-noTM
fig|2005473.95.peg.2338    0.207  22  0.381  22  0.817  15  0.683   0.499 Y  0.450      SignalP-TM
fig|2005473.95.peg.2338    0.256  22  0.437  22  0.860   1  0.764   0.590 Y  0.570      SignalP-noTM
fig|2005473.95.peg.2340    0.598  24  0.649  24  0.874  20  0.746   0.694 Y  0.570      SignalP-noTM
fig|2005473.95.peg.2340    0.780  24  0.741  24  0.832  21  0.689   0.720 Y  0.450      SignalP-TM
fig|2005473.95.peg.2350    0.179  26  0.331  26  0.791   3  0.654   0.457 Y  0.450      SignalP-TM
fig|2005473.95.peg.2350    0.291  26  0.457  26  0.933  18  0.800   0.618 Y  0.570      SignalP-noTM
fig|2005473.95.peg.2351    0.567  20  0.670  20  0.917   1  0.803   0.732 Y  0.570      SignalP-noTM
fig|2005473.95.peg.2360    0.378  24  0.584  24  0.966  10  0.920   0.715 Y  0.450      SignalP-TM
fig|2005473.95.peg.2360    0.610  24  0.744  24  0.989  15  0.932   0.833 Y  0.570      SignalP-noTM
fig|2005473.95.peg.2361    0.137  19  0.346  19  0.931  17  0.873   0.594 Y  0.570      SignalP-noTM
fig|2005473.95.peg.2361    0.214  25  0.377  25  0.861   6  0.731   0.515 Y  0.450      SignalP-TM
fig|2005473.95.peg.2364    0.568  29  0.662  29  0.855  25  0.709   0.681 Y  0.450      SignalP-TM
fig|2005473.95.peg.2364    0.781  29  0.804  29  0.963  15  0.873   0.836 Y  0.570      SignalP-noTM
fig|2005473.95.peg.2370    0.705  23  0.612  23  0.806   5  0.629   0.618 Y  0.510      SignalP-TM
fig|2005473.95.peg.2370    0.776  23  0.741  23  0.936   7  0.791   0.761 Y  0.450      SignalP-TM
fig|2005473.95.peg.2386    0.640  21  0.612  21  0.774  18  0.537   0.583 Y  0.450      SignalP-TM
fig|2005473.95.peg.2386    0.687  21  0.717  21  0.872  14  0.689   0.704 Y  0.570      SignalP-noTM
fig|2005473.95.peg.2388    0.298  26  0.441  26  0.854   3  0.740   0.582 Y  0.570      SignalP-noTM
fig|2005473.95.peg.2402    0.407  21  0.561  21  0.875  17  0.762   0.639 Y  0.450      SignalP-TM
fig|2005473.95.peg.2402    0.701  21  0.767  21  0.933  17  0.845   0.804 Y  0.570      SignalP-noTM
fig|2005473.95.peg.2403    0.266  21  0.482  21  0.929  18  0.873   0.666 Y  0.570      SignalP-noTM
fig|2005473.95.peg.2403    0.354  24  0.465  24  0.843  18  0.646   0.536 Y  0.450      SignalP-TM
fig|2005473.95.peg.2404    0.197  24  0.328  24  0.859   7  0.661   0.458 Y  0.450      SignalP-TM
fig|2005473.95.peg.2404    0.252  19  0.471  19  0.936   6  0.896   0.671 Y  0.570      SignalP-noTM
fig|2005473.95.peg.2406    0.138  25  0.310  25  0.816   5  0.707   0.465 Y  0.450      SignalP-TM
fig|2005473.95.peg.2406    0.169  21  0.385  21  0.935  17  0.886   0.620 Y  0.570      SignalP-noTM
fig|2005473.95.peg.2407    0.273  32  0.484  32  0.936  16  0.820   0.615 Y  0.450      SignalP-TM
fig|2005473.95.peg.2407    0.641  26  0.786  26  0.989  24  0.931   0.854 Y  0.570      SignalP-noTM
fig|2005473.95.peg.2408    0.434  48  0.444  26  0.922  15  0.846   0.601 Y  0.450      SignalP-TM
fig|2005473.95.peg.2408    0.563  26  0.710  26  0.954  22  0.896   0.797 Y  0.570      SignalP-noTM
fig|2005473.95.peg.2409    0.247  16  0.378  16  0.711  13  0.575   0.455 Y  0.450      SignalP-TM
fig|2005473.95.peg.2417    0.403  24  0.542  24  0.905  20  0.792   0.659 Y  0.570      SignalP-noTM
fig|2005473.95.peg.2417    0.808  24  0.783  24  0.899  21  0.784   0.783 Y  0.450      SignalP-TM
fig|2005473.95.peg.2419    0.362  21  0.517  21  0.889  14  0.748   0.626 Y  0.570      SignalP-noTM
fig|2005473.95.peg.2420    0.209  33  0.372  23  0.837   9  0.803   0.540 Y  0.450      SignalP-TM
fig|2005473.95.peg.2420    0.714  23  0.811  23  0.961  10  0.922   0.863 Y  0.570      SignalP-noTM
fig|2005473.95.peg.2422    0.206  22  0.411  22  0.921  13  0.845   0.580 Y  0.450      SignalP-TM
fig|2005473.95.peg.2422    0.316  22  0.550  22  0.977  12  0.951   0.738 Y  0.570      SignalP-noTM
fig|2005473.95.peg.2423    0.444  21  0.578  21  0.872   1  0.765   0.666 Y  0.570      SignalP-noTM
fig|2005473.95.peg.2423    0.574  21  0.646  21  0.810   2  0.740   0.683 Y  0.450      SignalP-TM
fig|2005473.95.peg.2424    0.405  21  0.516  21  0.720  17  0.650   0.568 Y  0.450      SignalP-TM
fig|2005473.95.peg.2424    0.490  21  0.663  21  0.921   1  0.891   0.770 Y  0.570      SignalP-noTM
fig|2005473.95.peg.2425    0.665  26  0.780  26  0.969  17  0.900   0.827 Y  0.450      SignalP-TM
fig|2005473.95.peg.2425    0.701  26  0.815  26  0.985  18  0.932   0.870 Y  0.570      SignalP-noTM
fig|2005473.95.peg.2428    0.363  24  0.476  24  0.728   6  0.633   0.537 Y  0.450      SignalP-TM
fig|2005473.95.peg.2428    0.602  24  0.734  24  0.976  19  0.900   0.812 Y  0.570      SignalP-noTM
fig|2005473.95.peg.2440    0.335  27  0.540  27  0.927  22  0.863   0.666 Y  0.450      SignalP-TM
fig|2005473.95.peg.2440    0.532  27  0.626  27  0.943  10  0.838   0.726 Y  0.570      SignalP-noTM
fig|2005473.95.peg.2447    0.204  55  0.303  20  0.875   7  0.705   0.460 Y  0.450      SignalP-TM
fig|2005473.95.peg.2456    0.392  26  0.566  26  0.942  17  0.784   0.668 Y  0.570      SignalP-noTM
fig|2005473.95.peg.2456    0.488  26  0.642  26  0.917  17  0.772   0.693 Y  0.450      SignalP-TM
fig|2005473.95.peg.2457    0.168  35  0.384  35  0.941  32  0.650   0.488 Y  0.450      SignalP-TM
fig|2005473.95.peg.2457    0.400  35  0.596  35  0.972  33  0.760   0.673 Y  0.570      SignalP-noTM
fig|2005473.95.peg.2459    0.473  30  0.489  30  0.870   5  0.680   0.564 Y  0.450      SignalP-TM
fig|2005473.95.peg.2465    0.420  28  0.414  28  0.682   4  0.512   0.453 Y  0.450      SignalP-TM
fig|2005473.95.peg.2465    0.717  21  0.789  21  0.923  17  0.854   0.820 Y  0.570      SignalP-noTM
fig|2005473.95.peg.2471    0.462  43  0.445  26  0.820  13  0.708   0.548 Y  0.450      SignalP-TM
fig|2005473.95.peg.2472    0.309  29  0.479  29  0.962  12  0.840   0.649 Y  0.570      SignalP-noTM
fig|2005473.95.peg.2472    0.378  29  0.540  29  0.909  15  0.777   0.633 Y  0.450      SignalP-TM
fig|2005473.95.peg.2474    0.290  25  0.469  25  0.849  18  0.734   0.573 Y  0.450      SignalP-TM
fig|2005473.95.peg.2474    0.318  25  0.527  25  0.971  11  0.908   0.706 Y  0.570      SignalP-noTM
fig|2005473.95.peg.2499    0.527  23  0.646  23  0.920  14  0.815   0.726 Y  0.570      SignalP-noTM
fig|2005473.95.peg.25      0.228  40  0.440  26  0.959  17  0.874   0.609 Y  0.450      SignalP-TM
fig|2005473.95.peg.25      0.244  24  0.472  24  0.958  19  0.880   0.664 Y  0.570      SignalP-noTM
fig|2005473.95.peg.2500    0.184  31  0.336  26  0.807  15  0.670   0.466 Y  0.450      SignalP-TM
fig|2005473.95.peg.2500    0.307  20  0.519  20  0.924  18  0.886   0.691 Y  0.570      SignalP-noTM
fig|2005473.95.peg.2501    0.232  27  0.412  27  0.929  16  0.802   0.564 Y  0.450      SignalP-TM
fig|2005473.95.peg.2501    0.642  21  0.775  21  0.964  16  0.928   0.847 Y  0.570      SignalP-noTM
fig|2005473.95.peg.2552    0.333  20  0.409  20  0.683   2  0.544   0.462 Y  0.450      SignalP-TM
fig|2005473.95.peg.2552    0.815  20  0.823  20  0.909   1  0.831   0.827 Y  0.570      SignalP-noTM
fig|2005473.95.peg.2561    0.403  29  0.592  29  0.972  13  0.894   0.734 Y  0.570      SignalP-noTM
fig|2005473.95.peg.2561    0.577  29  0.724  29  0.949  11  0.888   0.788 Y  0.450      SignalP-TM
fig|2005473.95.peg.2567    0.367  21  0.513  21  0.833   3  0.737   0.600 Y  0.450      SignalP-TM
fig|2005473.95.peg.2567    0.376  21  0.566  21  0.928  14  0.826   0.688 Y  0.570      SignalP-noTM
fig|2005473.95.peg.257     0.220  25  0.422  25  0.914   6  0.847   0.588 Y  0.450      SignalP-TM
fig|2005473.95.peg.257     0.564  25  0.720  25  0.976  13  0.936   0.821 Y  0.570      SignalP-noTM
fig|2005473.95.peg.2572    0.260  20  0.485  20  0.929  11  0.894   0.645 Y  0.450      SignalP-TM
fig|2005473.95.peg.2572    0.733  20  0.834  20  0.969  16  0.927   0.878 Y  0.570      SignalP-noTM
fig|2005473.95.peg.2576    0.220  20  0.375  20  0.875   3  0.703   0.503 Y  0.450      SignalP-TM
fig|2005473.95.peg.2576    0.493  20  0.492  20  0.777   3  0.564   0.519 Y  0.510      SignalP-TM
fig|2005473.95.peg.258     0.160  28  0.320  22  0.911   9  0.804   0.509 Y  0.450      SignalP-TM
fig|2005473.95.peg.258     0.196  23  0.401  23  0.929   6  0.860   0.617 Y  0.570      SignalP-noTM
fig|2005473.95.peg.2603    0.275  34  0.353  34  0.849   4  0.646   0.468 Y  0.450      SignalP-TM
fig|2005473.95.peg.2603    0.284  20  0.512  20  0.951  16  0.914   0.701 Y  0.570      SignalP-noTM
fig|2005473.95.peg.2607    0.167  20  0.369  20  0.906   1  0.842   0.591 Y  0.570      SignalP-noTM
fig|2005473.95.peg.2607    0.455  27  0.487  27  0.803   4  0.629   0.542 Y  0.450      SignalP-TM
fig|2005473.95.peg.2608    0.225  33  0.320  22  0.851   6  0.783   0.500 Y  0.450      SignalP-TM
fig|2005473.95.peg.2608    0.326  22  0.535  22  0.954  10  0.889   0.701 Y  0.570      SignalP-noTM
fig|2005473.95.peg.2615    0.332  21  0.570  21  0.987  13  0.963   0.754 Y  0.570      SignalP-noTM
fig|2005473.95.peg.2615    0.339  23  0.529  23  0.896  22  0.765   0.621 Y  0.450      SignalP-TM
fig|2005473.95.peg.2617    0.752  25  0.765  25  0.918  14  0.812   0.787 Y  0.570      SignalP-noTM
fig|2005473.95.peg.2617    0.762  25  0.781  25  0.866  15  0.800   0.789 Y  0.450      SignalP-TM
fig|2005473.95.peg.2644    0.153  32  0.339  27  0.953  21  0.898   0.602 Y  0.570      SignalP-noTM
fig|2005473.95.peg.2649    0.443  21  0.537  21  0.852   2  0.717   0.607 Y  0.450      SignalP-TM
fig|2005473.95.peg.2649    0.832  21  0.877  21  0.952  10  0.927   0.901 Y  0.570      SignalP-noTM
fig|2005473.95.peg.2650    0.563  21  0.701  21  0.950  11  0.863   0.777 Y  0.570      SignalP-noTM
fig|2005473.95.peg.2650    0.702  23  0.769  23  0.892  20  0.822   0.790 Y  0.450      SignalP-TM
fig|2005473.95.peg.2652    0.458  20  0.601  20  0.930  18  0.773   0.682 Y  0.570      SignalP-noTM
fig|2005473.95.peg.2653    0.244  22  0.451  22  0.910   9  0.815   0.593 Y  0.450      SignalP-TM
fig|2005473.95.peg.2653    0.476  22  0.676  22  0.973  12  0.946   0.803 Y  0.570      SignalP-noTM
fig|2005473.95.peg.2654    0.172  23  0.365  23  0.953   7  0.849   0.593 Y  0.570      SignalP-noTM
fig|2005473.95.peg.2654    0.190  28  0.356  28  0.908   4  0.776   0.520 Y  0.450      SignalP-TM
fig|2005473.95.peg.2657    0.556  23  0.604  23  0.767  19  0.587   0.597 Y  0.450      SignalP-TM
fig|2005473.95.peg.2657    0.679  23  0.715  23  0.914  19  0.730   0.722 Y  0.570      SignalP-noTM
fig|2005473.95.peg.2658    0.201  26  0.332  21  0.904   3  0.711   0.480 Y  0.450      SignalP-TM
fig|2005473.95.peg.2658    0.782  21  0.821  21  0.930  19  0.860   0.839 Y  0.570      SignalP-noTM
fig|2005473.95.peg.2659    0.318  24  0.483  24  0.861   9  0.768   0.594 Y  0.450      SignalP-TM
fig|2005473.95.peg.2659    0.704  24  0.795  24  0.965  20  0.904   0.847 Y  0.570      SignalP-noTM
fig|2005473.95.peg.2664    0.426  24  0.576  24  0.847  22  0.780   0.655 Y  0.450      SignalP-TM
fig|2005473.95.peg.2664    0.635  24  0.748  24  0.940  16  0.880   0.810 Y  0.570      SignalP-noTM
fig|2005473.95.peg.2671    0.226  30  0.430  22  0.920  19  0.860   0.598 Y  0.450      SignalP-TM
fig|2005473.95.peg.2671    0.520  22  0.691  22  0.974  16  0.921   0.799 Y  0.570      SignalP-noTM
fig|2005473.95.peg.2678    0.185  19  0.328  19  0.829   2  0.642   0.450 Y  0.450      SignalP-TM
fig|2005473.95.peg.2678    0.484  19  0.560  19  0.824  15  0.656   0.605 Y  0.570      SignalP-noTM
fig|2005473.95.peg.2689    0.363  24  0.553  24  0.909  17  0.834   0.663 Y  0.450      SignalP-TM
fig|2005473.95.peg.2689    0.366  22  0.567  22  0.944  20  0.883   0.715 Y  0.570      SignalP-noTM
fig|2005473.95.peg.2690    0.267  24  0.458  24  0.936  13  0.836   0.636 Y  0.570      SignalP-noTM
fig|2005473.95.peg.2690    0.270  24  0.449  24  0.855   9  0.767   0.573 Y  0.450      SignalP-TM
fig|2005473.95.peg.2691    0.174  25  0.391  25  0.946   6  0.897   0.629 Y  0.570      SignalP-noTM
fig|2005473.95.peg.2691    0.376  29  0.524  29  0.934   8  0.816   0.638 Y  0.450      SignalP-TM
fig|2005473.95.peg.2692    0.596  40  0.562  40  0.681  29  0.468   0.526 Y  0.450      SignalP-TM
fig|2005473.95.peg.2694    0.618  23  0.746  23  0.934  20  0.883   0.799 Y  0.450      SignalP-TM
fig|2005473.95.peg.2694    0.761  23  0.846  23  0.965  15  0.935   0.887 Y  0.570      SignalP-noTM
fig|2005473.95.peg.2695    0.251  21  0.462  21  0.943   9  0.858   0.616 Y  0.450      SignalP-TM
fig|2005473.95.peg.2695    0.577  21  0.741  21  0.972  15  0.939   0.834 Y  0.570      SignalP-noTM
fig|2005473.95.peg.2696    0.182  36  0.378  18  0.957  17  0.897   0.581 Y  0.450      SignalP-TM
fig|2005473.95.peg.2696    0.338  20  0.569  20  0.968  16  0.947   0.747 Y  0.570      SignalP-noTM
fig|2005473.95.peg.2699    0.302  28  0.518  28  0.942  25  0.824   0.637 Y  0.450      SignalP-TM
fig|2005473.95.peg.2699    0.385  26  0.615  26  0.993  15  0.964   0.779 Y  0.570      SignalP-noTM
fig|2005473.95.peg.2705    0.286  29  0.469  29  0.953   8  0.845   0.646 Y  0.570      SignalP-noTM
fig|2005473.95.peg.2711    0.261  19  0.411  19  0.795   4  0.673   0.513 Y  0.450      SignalP-TM
fig|2005473.95.peg.2716    0.356  20  0.523  20  0.828  18  0.729   0.604 Y  0.450      SignalP-TM
fig|2005473.95.peg.2716    0.730  20  0.789  20  0.957  19  0.845   0.815 Y  0.570      SignalP-noTM
fig|2005473.95.peg.2719    0.351  26  0.498  26  0.954  12  0.824   0.651 Y  0.570      SignalP-noTM
fig|2005473.95.peg.2720    0.325  22  0.540  22  0.947   4  0.910   0.684 Y  0.450      SignalP-TM
fig|2005473.95.peg.2720    0.847  22  0.888  22  0.969  18  0.938   0.912 Y  0.570      SignalP-noTM
fig|2005473.95.peg.275     0.429  27  0.557  27  0.844  21  0.718   0.620 Y  0.450      SignalP-TM
fig|2005473.95.peg.275     0.461  24  0.607  24  0.878  21  0.782   0.689 Y  0.570      SignalP-noTM
fig|2005473.95.peg.276     0.238  24  0.418  24  0.818  21  0.646   0.507 Y  0.450      SignalP-TM
fig|2005473.95.peg.276     0.368  24  0.515  24  0.863   1  0.743   0.622 Y  0.570      SignalP-noTM
fig|2005473.95.peg.2775    0.468  29  0.452  29  0.842  12  0.625   0.519 Y  0.450      SignalP-TM
fig|2005473.95.peg.2782    0.167  32  0.344  32  0.860  24  0.705   0.485 Y  0.450      SignalP-TM
fig|2005473.95.peg.2782    0.534  29  0.678  29  0.954  25  0.838   0.754 Y  0.570      SignalP-noTM
fig|2005473.95.peg.2784    0.150  20  0.359  20  0.943  18  0.854   0.592 Y  0.570      SignalP-noTM
fig|2005473.95.peg.2785    0.212  22  0.407  22  0.897   6  0.820   0.601 Y  0.570      SignalP-noTM
fig|2005473.95.peg.2786    0.264  23  0.446  23  0.876   2  0.773   0.574 Y  0.450      SignalP-TM
fig|2005473.95.peg.2786    0.304  23  0.502  23  0.946   6  0.877   0.678 Y  0.570      SignalP-noTM
fig|2005473.95.peg.2804    0.320  26  0.386  26  0.760   9  0.575   0.460 Y  0.450      SignalP-TM
fig|2005473.95.peg.2828    0.804  21  0.867  21  0.954  11  0.921   0.892 Y  0.570      SignalP-noTM
fig|2005473.95.peg.2848    0.453  25  0.591  25  0.874  15  0.724   0.653 Y  0.570      SignalP-noTM
fig|2005473.95.peg.2848    0.653  25  0.753  25  0.921  20  0.815   0.777 Y  0.450      SignalP-TM
fig|2005473.95.peg.2857    0.525  25  0.597  25  0.827   8  0.705   0.639 Y  0.450      SignalP-TM
fig|2005473.95.peg.2857    0.861  25  0.857  25  0.951  18  0.868   0.862 Y  0.570      SignalP-noTM
fig|2005473.95.peg.2862    0.710  23  0.819  23  0.968  15  0.910   0.854 Y  0.450      SignalP-TM
fig|2005473.95.peg.2862    0.840  23  0.878  23  0.959  14  0.911   0.894 Y  0.570      SignalP-noTM
fig|2005473.95.peg.2863    0.496  17  0.557  17  0.715  15  0.594   0.574 Y  0.570      SignalP-noTM
fig|2005473.95.peg.2867    0.518  24  0.561  24  0.951   6  0.745   0.632 Y  0.450      SignalP-TM
fig|2005473.95.peg.2867    0.541  24  0.644  24  0.962   8  0.850   0.741 Y  0.570      SignalP-noTM
fig|2005473.95.peg.2880    0.206  19  0.357  19  0.758  16  0.604   0.453 Y  0.450      SignalP-TM
fig|2005473.95.peg.2885    0.535  21  0.609  21  0.829   1  0.713   0.658 Y  0.570      SignalP-noTM
fig|2005473.95.peg.2885    0.584  21  0.647  21  0.810  18  0.707   0.670 Y  0.450      SignalP-TM
fig|2005473.95.peg.2886    0.221  25  0.349  25  0.764   4  0.627   0.457 Y  0.450      SignalP-TM
fig|2005473.95.peg.2886    0.352  25  0.497  25  0.922   1  0.781   0.630 Y  0.570      SignalP-noTM
fig|2005473.95.peg.29      0.518  25  0.568  25  0.708  11  0.595   0.578 Y  0.450      SignalP-TM
fig|2005473.95.peg.2919    0.376  31  0.459  31  0.854  18  0.626   0.524 Y  0.450      SignalP-TM
fig|2005473.95.peg.2919    0.584  23  0.703  23  0.905   2  0.857   0.775 Y  0.570      SignalP-noTM
fig|2005473.95.peg.2924    0.395  29  0.475  29  0.733  14  0.585   0.518 Y  0.450      SignalP-TM
fig|2005473.95.peg.293     0.255  29  0.417  22  0.965  12  0.914   0.651 Y  0.570      SignalP-noTM
fig|2005473.95.peg.293     0.774  29  0.835  29  0.971  16  0.900   0.860 Y  0.450      SignalP-TM
fig|2005473.95.peg.2942    0.411  26  0.612  26  0.984  17  0.923   0.758 Y  0.570      SignalP-noTM
fig|2005473.95.peg.2942    0.481  26  0.659  26  0.951  15  0.902   0.754 Y  0.450      SignalP-TM
fig|2005473.95.peg.2945    0.193  21  0.420  21  0.956  20  0.918   0.654 Y  0.570      SignalP-noTM
fig|2005473.95.peg.2945    0.275  31  0.370  31  0.815   5  0.606   0.462 Y  0.450      SignalP-TM
fig|2005473.95.peg.2946    0.535  22  0.639  22  0.927   1  0.811   0.719 Y  0.570      SignalP-noTM
fig|2005473.95.peg.2948    0.167  19  0.397  19  0.968  11  0.943   0.654 Y  0.570      SignalP-noTM
fig|2005473.95.peg.2948    0.210  62  0.384  26  0.951   4  0.820   0.554 Y  0.450      SignalP-TM
fig|2005473.95.peg.295     0.509  48  0.568  48  0.748  38  0.457   0.525 Y  0.450      SignalP-TM
fig|2005473.95.peg.2955    0.239  26  0.421  26  0.850  11  0.738   0.545 Y  0.450      SignalP-TM
fig|2005473.95.peg.2955    0.632  26  0.777  26  0.971  15  0.947   0.857 Y  0.570      SignalP-noTM
fig|2005473.95.peg.2956    0.176  23  0.336  23  0.748   6  0.665   0.464 Y  0.450      SignalP-TM
fig|2005473.95.peg.2956    0.459  23  0.599  23  0.909  21  0.798   0.692 Y  0.570      SignalP-noTM
fig|2005473.95.peg.2957    0.155  27  0.341  27  0.880  23  0.656   0.464 Y  0.450      SignalP-TM
fig|2005473.95.peg.2957    0.405  24  0.605  24  0.959  23  0.848   0.719 Y  0.570      SignalP-noTM
fig|2005473.95.peg.2960    0.271  21  0.463  21  0.853  17  0.767   0.581 Y  0.450      SignalP-TM
fig|2005473.95.peg.2960    0.464  21  0.619  21  0.911  17  0.824   0.715 Y  0.570      SignalP-noTM
fig|2005473.95.peg.2965    0.261  22  0.414  22  0.818  19  0.595   0.485 Y  0.450      SignalP-TM
fig|2005473.95.peg.2965    0.579  22  0.712  22  0.918  18  0.877   0.790 Y  0.570      SignalP-noTM
fig|2005473.95.peg.2967    0.485  21  0.630  21  0.897  18  0.822   0.705 Y  0.450      SignalP-TM
fig|2005473.95.peg.2967    0.781  21  0.816  21  0.911  11  0.857   0.836 Y  0.570      SignalP-noTM
fig|2005473.95.peg.2971    0.232  27  0.364  25  0.804  18  0.678   0.486 Y  0.450      SignalP-TM
fig|2005473.95.peg.2971    0.618  20  0.743  20  0.942  16  0.899   0.816 Y  0.570      SignalP-noTM
fig|2005473.95.peg.2972    0.206  25  0.433  25  0.961   6  0.924   0.664 Y  0.570      SignalP-noTM
fig|2005473.95.peg.2972    0.238  36  0.365  27  0.914  10  0.758   0.518 Y  0.450      SignalP-TM
fig|2005473.95.peg.2975    0.570  24  0.727  24  0.952  16  0.882   0.787 Y  0.450      SignalP-TM
fig|2005473.95.peg.2975    0.857  24  0.892  24  0.973  13  0.928   0.909 Y  0.570      SignalP-noTM
fig|2005473.95.peg.2977    0.273  22  0.472  22  0.921   3  0.844   0.617 Y  0.450      SignalP-TM
fig|2005473.95.peg.2977    0.311  22  0.521  22  0.941   1  0.892   0.696 Y  0.570      SignalP-noTM
fig|2005473.95.peg.2979    0.155  35  0.348  24  0.929   7  0.849   0.543 Y  0.450      SignalP-TM
fig|2005473.95.peg.2979    0.582  24  0.730  24  0.975  15  0.930   0.824 Y  0.570      SignalP-noTM
fig|2005473.95.peg.298     0.166  21  0.390  21  0.939  11  0.907   0.633 Y  0.570      SignalP-noTM
fig|2005473.95.peg.298     0.172  31  0.351  26  0.911  13  0.774   0.516 Y  0.450      SignalP-TM
fig|2005473.95.peg.2985    0.182  59  0.386  24  0.948  17  0.802   0.548 Y  0.450      SignalP-TM
fig|2005473.95.peg.2985    0.452  19  0.629  19  0.951  18  0.878   0.746 Y  0.570      SignalP-noTM
fig|2005473.95.peg.2989    0.770  24  0.805  24  0.938  20  0.857   0.830 Y  0.570      SignalP-noTM
fig|2005473.95.peg.299     0.244  25  0.449  25  0.919  16  0.838   0.632 Y  0.570      SignalP-noTM
fig|2005473.95.peg.299     0.274  25  0.473  25  0.909  16  0.796   0.599 Y  0.450      SignalP-TM
fig|2005473.95.peg.2992    0.372  22  0.510  22  0.901   3  0.764   0.609 Y  0.450      SignalP-TM
fig|2005473.95.peg.2992    0.753  22  0.800  22  0.927   2  0.858   0.827 Y  0.570      SignalP-noTM
fig|2005473.95.peg.2999    0.598  24  0.696  24  0.907  19  0.832   0.760 Y  0.570      SignalP-noTM
fig|2005473.95.peg.2999    0.639  24  0.695  24  0.836  19  0.683   0.691 Y  0.450      SignalP-TM
fig|2005473.95.peg.300     0.367  42  0.529  42  0.897  29  0.683   0.589 Y  0.450      SignalP-TM
fig|2005473.95.peg.300     0.390  41  0.567  41  0.980  23  0.784   0.669 Y  0.570      SignalP-noTM
fig|2005473.95.peg.3002    0.158  31  0.292  20  0.840   1  0.753   0.472 Y  0.450      SignalP-TM
fig|2005473.95.peg.3002    0.262  20  0.429  20  0.851   2  0.750   0.580 Y  0.570      SignalP-noTM
fig|2005473.95.peg.3003    0.435  21  0.613  21  0.917   7  0.861   0.709 Y  0.450      SignalP-TM
fig|2005473.95.peg.3003    0.708  21  0.826  21  0.983  11  0.961   0.890 Y  0.570      SignalP-noTM
fig|2005473.95.peg.3009    0.175  24  0.341  24  0.794   6  0.695   0.479 Y  0.450      SignalP-TM
fig|2005473.95.peg.3009    0.415  24  0.544  24  0.846   3  0.739   0.636 Y  0.570      SignalP-noTM
fig|2005473.95.peg.3033    0.475  24  0.610  24  0.890   8  0.806   0.686 Y  0.450      SignalP-TM
fig|2005473.95.peg.3033    0.691  24  0.806  24  0.971  14  0.944   0.871 Y  0.570      SignalP-noTM
fig|2005473.95.peg.3038    0.691  27  0.694  27  0.860   5  0.747   0.714 Y  0.450      SignalP-TM
fig|2005473.95.peg.3038    0.839  27  0.771  27  0.913  11  0.798   0.784 Y  0.570      SignalP-noTM
fig|2005473.95.peg.3040    0.414  27  0.499  27  0.874  13  0.583   0.530 Y  0.510      SignalP-TM
fig|2005473.95.peg.3040    0.454  27  0.609  27  0.928  18  0.754   0.666 Y  0.450      SignalP-TM
fig|2005473.95.peg.3055    0.283  30  0.516  30  0.986  17  0.924   0.675 Y  0.450      SignalP-TM
fig|2005473.95.peg.3055    0.762  29  0.863  29  0.997  17  0.963   0.910 Y  0.570      SignalP-noTM
fig|2005473.95.peg.3058    0.228  23  0.425  23  0.891  13  0.809   0.575 Y  0.450      SignalP-TM
fig|2005473.95.peg.3058    0.428  23  0.629  23  0.979  19  0.923   0.767 Y  0.570      SignalP-noTM
fig|2005473.95.peg.3062    0.200  22  0.366  22  0.844  18  0.705   0.498 Y  0.450      SignalP-TM
fig|2005473.95.peg.3062    0.509  20  0.666  20  0.916   2  0.873   0.763 Y  0.570      SignalP-noTM
fig|2005473.95.peg.3063    0.400  27  0.580  27  0.957  19  0.830   0.697 Y  0.570      SignalP-noTM
fig|2005473.95.peg.3063    0.565  29  0.650  29  0.905  16  0.706   0.672 Y  0.450      SignalP-TM
fig|2005473.95.peg.3069    0.767  25  0.801  25  0.940   8  0.858   0.823 Y  0.450      SignalP-TM
fig|2005473.95.peg.3069    0.850  25  0.886  25  0.970  12  0.929   0.906 Y  0.570      SignalP-noTM
fig|2005473.95.peg.3074    0.784  23  0.856  23  0.966  16  0.910   0.877 Y  0.450      SignalP-TM
fig|2005473.95.peg.3074    0.870  23  0.874  23  0.936  14  0.892   0.883 Y  0.570      SignalP-noTM
fig|2005473.95.peg.3075    0.497  17  0.566  17  0.757  15  0.609   0.586 Y  0.570      SignalP-noTM
fig|2005473.95.peg.3078    0.136  48  0.306  15  0.966   7  0.939   0.553 Y  0.450      SignalP-TM
fig|2005473.95.peg.3078    0.206  18  0.440  18  0.962  10  0.937   0.674 Y  0.570      SignalP-noTM
fig|2005473.95.peg.308     0.301  29  0.419  29  0.856  14  0.697   0.527 Y  0.450      SignalP-TM
fig|2005473.95.peg.309     0.190  29  0.346  29  0.807   2  0.675   0.474 Y  0.450      SignalP-TM
fig|2005473.95.peg.3090    0.262  33  0.391  24  0.815   9  0.694   0.509 Y  0.450      SignalP-TM
fig|2005473.95.peg.3090    0.369  24  0.553  24  0.931  13  0.848   0.691 Y  0.570      SignalP-noTM
fig|2005473.95.peg.3091    0.751  31  0.830  31  0.980  17  0.901   0.863 Y  0.570      SignalP-noTM
fig|2005473.95.peg.3093    0.252  24  0.390  24  0.871   2  0.692   0.508 Y  0.450      SignalP-TM
fig|2005473.95.peg.3094    0.342  24  0.554  24  0.936  18  0.863   0.674 Y  0.450      SignalP-TM
fig|2005473.95.peg.3094    0.865  24  0.912  24  0.982  11  0.957   0.933 Y  0.570      SignalP-noTM
fig|2005473.95.peg.3115    0.601  26  0.709  26  0.919  13  0.820   0.761 Y  0.570      SignalP-noTM
fig|2005473.95.peg.3118    0.164  32  0.355  22  0.875  17  0.815   0.534 Y  0.450      SignalP-TM
fig|2005473.95.peg.3118    0.505  22  0.647  22  0.931  18  0.845   0.740 Y  0.570      SignalP-noTM
fig|2005473.95.peg.3137    0.192  36  0.420  36  0.981  21  0.881   0.637 Y  0.570      SignalP-noTM
fig|2005473.95.peg.3137    0.195  36  0.356  36  0.847  32  0.602   0.452 Y  0.450      SignalP-TM
fig|2005473.95.peg.315     0.313  23  0.546  23  0.978  20  0.932   0.727 Y  0.570      SignalP-noTM
fig|2005473.95.peg.315     0.767  24  0.837  24  0.952  17  0.876   0.852 Y  0.450      SignalP-TM
fig|2005473.95.peg.3185    0.150  20  0.320  20  0.792  16  0.695   0.466 Y  0.450      SignalP-TM
fig|2005473.95.peg.3185    0.303  22  0.453  22  0.896  16  0.726   0.581 Y  0.570      SignalP-noTM
fig|2005473.95.peg.319     0.229  28  0.393  28  0.914   7  0.773   0.572 Y  0.570      SignalP-noTM
fig|2005473.95.peg.319     0.288  32  0.398  32  0.896  12  0.678   0.507 Y  0.450      SignalP-TM
fig|2005473.95.peg.3199    0.208  31  0.384  27  0.880   2  0.756   0.529 Y  0.450      SignalP-TM
fig|2005473.95.peg.3213    0.591  23  0.712  23  0.971  19  0.889   0.795 Y  0.570      SignalP-noTM
fig|2005473.95.peg.3213    0.610  23  0.707  23  0.911  16  0.827   0.753 Y  0.450      SignalP-TM
fig|2005473.95.peg.329     0.186  18  0.407  18  0.947  15  0.891   0.634 Y  0.570      SignalP-noTM
fig|2005473.95.peg.329     0.256  30  0.369  30  0.944  17  0.702   0.498 Y  0.450      SignalP-TM
fig|2005473.95.peg.336     0.161  29  0.371  20  0.936   8  0.868   0.565 Y  0.450      SignalP-TM
fig|2005473.95.peg.336     0.708  20  0.812  20  0.961  18  0.931   0.868 Y  0.570      SignalP-noTM
fig|2005473.95.peg.337     0.260  28  0.395  28  0.895   7  0.741   0.530 Y  0.450      SignalP-TM
fig|2005473.95.peg.337     0.315  22  0.537  22  0.951  12  0.919   0.717 Y  0.570      SignalP-noTM
fig|2005473.95.peg.34      0.211  33  0.430  26  0.982  16  0.937   0.628 Y  0.450      SignalP-TM
fig|2005473.95.peg.34      0.249  19  0.489  19  0.978  15  0.959   0.710 Y  0.570      SignalP-noTM
fig|2005473.95.peg.37      0.606  23  0.606  23  0.816  21  0.595   0.601 Y  0.570      SignalP-noTM
fig|2005473.95.peg.371     0.221  20  0.420  20  0.919  16  0.800   0.598 Y  0.570      SignalP-noTM
fig|2005473.95.peg.371     0.230  27  0.365  27  0.884   9  0.703   0.497 Y  0.450      SignalP-TM
fig|2005473.95.peg.381     0.236  23  0.368  23  0.828  10  0.604   0.460 Y  0.450      SignalP-TM
fig|2005473.95.peg.381     0.250  23  0.465  23  0.931  13  0.875   0.657 Y  0.570      SignalP-noTM
fig|2005473.95.peg.401     0.384  29  0.562  20  0.977  11  0.940   0.739 Y  0.570      SignalP-noTM
fig|2005473.95.peg.401     0.419  26  0.596  26  0.944  19  0.802   0.676 Y  0.450      SignalP-TM
fig|2005473.95.peg.423     0.311  55  0.419  26  0.850   3  0.731   0.541 Y  0.450      SignalP-TM
fig|2005473.95.peg.423     0.342  20  0.543  20  0.925  12  0.867   0.695 Y  0.570      SignalP-noTM
fig|2005473.95.peg.424     0.363  27  0.511  27  0.926  19  0.784   0.639 Y  0.570      SignalP-noTM
fig|2005473.95.peg.429     0.176  29  0.367  29  0.864  26  0.731   0.509 Y  0.450      SignalP-TM
fig|2005473.95.peg.429     0.830  29  0.897  29  0.978  25  0.938   0.916 Y  0.570      SignalP-noTM
fig|2005473.95.peg.43      0.420  25  0.598  25  0.892   8  0.829   0.688 Y  0.450      SignalP-TM
fig|2005473.95.peg.43      0.595  25  0.734  25  0.961  10  0.915   0.819 Y  0.570      SignalP-noTM
fig|2005473.95.peg.431     0.139  38  0.301  23  0.929   7  0.843   0.513 Y  0.450      SignalP-TM
fig|2005473.95.peg.431     0.152  26  0.353  23  0.937   5  0.903   0.612 Y  0.570      SignalP-noTM
fig|2005473.95.peg.432     0.376  22  0.573  22  0.950   6  0.900   0.727 Y  0.570      SignalP-noTM
fig|2005473.95.peg.432     0.469  29  0.477  29  0.849   4  0.621   0.533 Y  0.450      SignalP-TM
fig|2005473.95.peg.442     0.184  36  0.380  25  0.891  23  0.816   0.550 Y  0.450      SignalP-TM
fig|2005473.95.peg.442     0.475  25  0.652  25  0.982  11  0.924   0.780 Y  0.570      SignalP-noTM
fig|2005473.95.peg.470     0.396  22  0.525  22  0.946   7  0.787   0.649 Y  0.570      SignalP-noTM
fig|2005473.95.peg.480     0.705  32  0.570  32  0.604  29  0.364   0.490 Y  0.450      SignalP-TM
fig|2005473.95.peg.499     0.305  38  0.374  31  0.779   9  0.599   0.462 Y  0.450      SignalP-TM
fig|2005473.95.peg.5       0.361  30  0.459  21  0.959  13  0.939   0.685 Y  0.570      SignalP-noTM
fig|2005473.95.peg.5       0.580  26  0.729  26  0.955   8  0.917   0.802 Y  0.450      SignalP-TM
fig|2005473.95.peg.507     0.238  21  0.456  21  0.922   6  0.877   0.620 Y  0.450      SignalP-TM
fig|2005473.95.peg.507     0.517  21  0.616  21  0.887   4  0.782   0.677 Y  0.510      SignalP-TM
fig|2005473.95.peg.512     0.370  34  0.512  22  0.959  11  0.920   0.672 Y  0.450      SignalP-TM
fig|2005473.95.peg.512     0.542  22  0.717  22  0.982  13  0.944   0.824 Y  0.570      SignalP-noTM
fig|2005473.95.peg.520     0.130  29  0.293  22  0.841  14  0.704   0.454 Y  0.450      SignalP-TM
fig|2005473.95.peg.536     0.211  20  0.382  20  0.896   3  0.746   0.524 Y  0.450      SignalP-TM
fig|2005473.95.peg.536     0.372  20  0.551  20  0.926   1  0.833   0.683 Y  0.570      SignalP-noTM
fig|2005473.95.peg.537     0.221  25  0.402  25  0.918   2  0.803   0.559 Y  0.450      SignalP-TM
fig|2005473.95.peg.537     0.596  20  0.726  20  0.938   2  0.895   0.805 Y  0.570      SignalP-noTM
fig|2005473.95.peg.538     0.397  24  0.569  24  0.893   4  0.829   0.671 Y  0.450      SignalP-TM
fig|2005473.95.peg.538     0.756  24  0.814  24  0.951   8  0.896   0.852 Y  0.570      SignalP-noTM
fig|2005473.95.peg.541     0.176  22  0.384  22  0.883   1  0.836   0.560 Y  0.450      SignalP-TM
fig|2005473.95.peg.541     0.295  22  0.487  22  0.937   1  0.846   0.656 Y  0.570      SignalP-noTM
fig|2005473.95.peg.543     0.261  27  0.392  27  0.807  16  0.670   0.500 Y  0.450      SignalP-TM
fig|2005473.95.peg.544     0.613  31  0.723  31  0.937  27  0.799   0.753 Y  0.450      SignalP-TM
fig|2005473.95.peg.544     0.651  31  0.713  31  0.985  17  0.859   0.782 Y  0.570      SignalP-noTM
fig|2005473.95.peg.545     0.156  31  0.354  23  0.940   5  0.881   0.602 Y  0.570      SignalP-noTM
fig|2005473.95.peg.545     0.211  41  0.328  31  0.894  10  0.705   0.475 Y  0.450      SignalP-TM
fig|2005473.95.peg.547     0.280  24  0.466  24  0.894  17  0.700   0.557 Y  0.450      SignalP-TM
fig|2005473.95.peg.547     0.365  24  0.531  24  0.939  14  0.815   0.665 Y  0.570      SignalP-noTM
fig|2005473.95.peg.552     0.224  30  0.385  30  0.878  20  0.675   0.498 Y  0.450      SignalP-TM
fig|2005473.95.peg.553     0.325  24  0.504  24  0.839  15  0.765   0.606 Y  0.450      SignalP-TM
fig|2005473.95.peg.553     0.431  22  0.597  22  0.923  12  0.806   0.695 Y  0.570      SignalP-noTM
fig|2005473.95.peg.56      0.649  23  0.658  23  0.803   1  0.713   0.684 Y  0.570      SignalP-noTM
fig|2005473.95.peg.56      0.685  23  0.684  23  0.786   5  0.695   0.688 Y  0.450      SignalP-TM
fig|2005473.95.peg.569     0.150  26  0.316  23  0.837  18  0.715   0.471 Y  0.450      SignalP-TM
fig|2005473.95.peg.569     0.168  23  0.375  23  0.925  19  0.864   0.605 Y  0.570      SignalP-noTM
fig|2005473.95.peg.570     0.229  29  0.400  24  0.929  19  0.854   0.613 Y  0.570      SignalP-noTM
fig|2005473.95.peg.571     0.204  32  0.382  32  0.950  21  0.766   0.532 Y  0.450      SignalP-TM
fig|2005473.95.peg.571     0.237  30  0.413  30  0.897  21  0.762   0.577 Y  0.570      SignalP-noTM
fig|2005473.95.peg.573     0.421  27  0.462  27  0.693   9  0.542   0.493 Y  0.450      SignalP-TM
fig|2005473.95.peg.578     0.416  23  0.546  23  0.919   6  0.793   0.642 Y  0.450      SignalP-TM
fig|2005473.95.peg.578     0.690  23  0.743  23  0.900   6  0.837   0.788 Y  0.570      SignalP-noTM
fig|2005473.95.peg.599     0.142  25  0.341  25  0.920  16  0.828   0.531 Y  0.450      SignalP-TM
fig|2005473.95.peg.600     0.381  35  0.448  35  0.820  17  0.661   0.531 Y  0.450      SignalP-TM
fig|2005473.95.peg.600     0.540  27  0.616  27  0.918  18  0.758   0.683 Y  0.570      SignalP-noTM
fig|2005473.95.peg.604     0.231  33  0.424  28  0.936  12  0.808   0.574 Y  0.450      SignalP-TM
fig|2005473.95.peg.604     0.337  28  0.562  28  0.957  23  0.912   0.727 Y  0.570      SignalP-noTM
fig|2005473.95.peg.607     0.336  33  0.486  33  0.874  11  0.749   0.588 Y  0.450      SignalP-TM
fig|2005473.95.peg.607     0.570  33  0.693  33  0.986  18  0.886   0.784 Y  0.570      SignalP-noTM
fig|2005473.95.peg.61      0.339  29  0.513  29  0.934  12  0.808   0.628 Y  0.450      SignalP-TM
fig|2005473.95.peg.61      0.364  29  0.543  29  0.955  13  0.859   0.691 Y  0.570      SignalP-noTM
fig|2005473.95.peg.615     0.418  35  0.544  35  0.825  26  0.628   0.577 Y  0.450      SignalP-TM
fig|2005473.95.peg.625     0.319  30  0.459  21  0.849  16  0.779   0.609 Y  0.570      SignalP-noTM
fig|2005473.95.peg.625     0.387  27  0.534  27  0.854  18  0.685   0.593 Y  0.450      SignalP-TM
fig|2005473.95.peg.63      0.218  19  0.420  19  0.874   8  0.813   0.573 Y  0.450      SignalP-TM
fig|2005473.95.peg.63      0.243  19  0.439  19  0.897  15  0.811   0.614 Y  0.570      SignalP-noTM
fig|2005473.95.peg.640     0.592  24  0.627  24  0.916   1  0.733   0.677 Y  0.570      SignalP-noTM
fig|2005473.95.peg.640     0.688  24  0.605  24  0.781   1  0.621   0.611 Y  0.450      SignalP-TM
fig|2005473.95.peg.65      0.219  26  0.430  24  0.945   8  0.869   0.601 Y  0.450      SignalP-TM
fig|2005473.95.peg.65      0.571  23  0.731  23  0.955   8  0.939   0.829 Y  0.570      SignalP-noTM
fig|2005473.95.peg.656     0.179  28  0.336  28  0.915   8  0.754   0.499 Y  0.450      SignalP-TM
fig|2005473.95.peg.656     0.252  21  0.482  21  0.957   6  0.933   0.694 Y  0.570      SignalP-noTM
fig|2005473.95.peg.657     0.211  24  0.407  24  0.886   3  0.816   0.599 Y  0.570      SignalP-noTM
fig|2005473.95.peg.664     0.469  26  0.646  26  0.933  16  0.852   0.727 Y  0.450      SignalP-TM
fig|2005473.95.peg.664     0.601  26  0.755  26  0.987  16  0.959   0.851 Y  0.570      SignalP-noTM
fig|2005473.95.peg.666     0.392  25  0.557  25  0.923  20  0.635   0.588 Y  0.450      SignalP-TM
fig|2005473.95.peg.669     0.201  23  0.384  23  0.893  11  0.750   0.527 Y  0.450      SignalP-TM
fig|2005473.95.peg.669     0.249  21  0.430  21  0.919   5  0.807   0.607 Y  0.570      SignalP-noTM
fig|2005473.95.peg.673     0.411  23  0.551  23  0.891  19  0.699   0.609 Y  0.450      SignalP-TM
fig|2005473.95.peg.673     0.538  23  0.676  23  0.905  18  0.833   0.750 Y  0.570      SignalP-noTM
fig|2005473.95.peg.680     0.480  29  0.675  29  0.974  18  0.895   0.761 Y  0.450      SignalP-TM
fig|2005473.95.peg.680     0.678  29  0.806  29  0.994  19  0.934   0.866 Y  0.570      SignalP-noTM
fig|2005473.95.peg.684     0.168  27  0.382  27  0.923  21  0.800   0.545 Y  0.450      SignalP-TM
fig|2005473.95.peg.684     0.591  27  0.728  27  0.968  21  0.846   0.784 Y  0.570      SignalP-noTM
fig|2005473.95.peg.689     0.205  27  0.396  27  0.918  20  0.771   0.543 Y  0.450      SignalP-TM
fig|2005473.95.peg.689     0.254  25  0.456  25  0.946  19  0.850   0.641 Y  0.570      SignalP-noTM
fig|2005473.95.peg.692     0.341  20  0.543  20  0.920   3  0.878   0.673 Y  0.450      SignalP-TM
fig|2005473.95.peg.692     0.800  20  0.871  20  0.965  18  0.943   0.905 Y  0.570      SignalP-noTM
fig|2005473.95.peg.693     0.622  17  0.668  17  0.902  16  0.714   0.689 Y  0.570      SignalP-noTM
fig|2005473.95.peg.695     0.153  26  0.307  17  0.860  16  0.730   0.472 Y  0.450      SignalP-TM
fig|2005473.95.peg.695     0.279  17  0.466  17  0.867  15  0.775   0.611 Y  0.570      SignalP-noTM
fig|2005473.95.peg.696     0.263  22  0.419  22  0.783   6  0.689   0.524 Y  0.450      SignalP-TM
fig|2005473.95.peg.696     0.659  22  0.770  22  0.972  17  0.894   0.828 Y  0.570      SignalP-noTM
fig|2005473.95.peg.697     0.226  23  0.466  23  0.972  21  0.952   0.695 Y  0.570      SignalP-noTM
fig|2005473.95.peg.697     0.317  25  0.541  25  0.958  15  0.904   0.683 Y  0.450      SignalP-TM
fig|2005473.95.peg.698     0.307  24  0.408  24  0.756   4  0.602   0.484 Y  0.450      SignalP-TM
fig|2005473.95.peg.699     0.179  32  0.321  21  0.841  17  0.735   0.483 Y  0.450      SignalP-TM
fig|2005473.95.peg.699     0.211  24  0.411  24  0.940  17  0.841   0.613 Y  0.570      SignalP-noTM
fig|2005473.95.peg.71      0.314  21  0.420  21  0.709   2  0.597   0.489 Y  0.450      SignalP-TM
fig|2005473.95.peg.71      0.476  21  0.623  21  0.911  18  0.826   0.719 Y  0.570      SignalP-noTM
fig|2005473.95.peg.717     0.126  29  0.323  18  0.942  13  0.909   0.551 Y  0.450      SignalP-TM
fig|2005473.95.peg.717     0.163  20  0.393  20  0.987   9  0.945   0.653 Y  0.570      SignalP-noTM
fig|2005473.95.peg.722     0.434  24  0.609  24  0.889  15  0.774   0.673 Y  0.450      SignalP-TM
fig|2005473.95.peg.722     0.564  24  0.717  24  0.972  14  0.912   0.809 Y  0.570      SignalP-noTM
fig|2005473.95.peg.726     0.186  23  0.387  23  0.907  16  0.814   0.553 Y  0.450      SignalP-TM
fig|2005473.95.peg.726     0.321  20  0.535  20  0.954  10  0.892   0.703 Y  0.570      SignalP-noTM
fig|2005473.95.peg.727     0.191  26  0.353  23  0.851  19  0.675   0.479 Y  0.450      SignalP-TM
fig|2005473.95.peg.727     0.306  26  0.482  26  0.949  15  0.823   0.642 Y  0.570      SignalP-noTM
fig|2005473.95.peg.738     0.218  23  0.426  23  0.941   3  0.865   0.632 Y  0.570      SignalP-noTM
fig|2005473.95.peg.738     0.248  29  0.395  29  0.862   7  0.720   0.522 Y  0.450      SignalP-TM
fig|2005473.95.peg.739     0.356  20  0.511  20  0.859   2  0.765   0.610 Y  0.450      SignalP-TM
fig|2005473.95.peg.739     0.786  20  0.855  20  0.973  18  0.925   0.888 Y  0.570      SignalP-noTM
fig|2005473.95.peg.75      0.224  20  0.412  20  0.918   4  0.794   0.561 Y  0.450      SignalP-TM
fig|2005473.95.peg.75      0.575  22  0.708  22  0.955  16  0.895   0.796 Y  0.570      SignalP-noTM
fig|2005473.95.peg.753     0.218  21  0.407  21  0.900   1  0.796   0.590 Y  0.570      SignalP-noTM
fig|2005473.95.peg.753     0.353  28  0.486  28  0.898   1  0.767   0.596 Y  0.450      SignalP-TM
fig|2005473.95.peg.754     0.148  29  0.332  23  0.929   4  0.859   0.579 Y  0.570      SignalP-noTM
fig|2005473.95.peg.754     0.231  25  0.412  25  0.897  15  0.769   0.551 Y  0.450      SignalP-TM
fig|2005473.95.peg.755     0.309  22  0.539  22  0.956  17  0.929   0.691 Y  0.450      SignalP-TM
fig|2005473.95.peg.755     0.728  22  0.847  22  0.993  12  0.976   0.907 Y  0.570      SignalP-noTM
fig|2005473.95.peg.757     0.123  23  0.277  12  0.889   5  0.791   0.478 Y  0.450      SignalP-TM
fig|2005473.95.peg.757     0.171  23  0.354  23  0.948   3  0.818   0.572 Y  0.570      SignalP-noTM
fig|2005473.95.peg.758     0.195  24  0.407  24  0.950  12  0.872   0.588 Y  0.450      SignalP-TM
fig|2005473.95.peg.758     0.471  24  0.642  24  0.969   6  0.909   0.767 Y  0.570      SignalP-noTM
fig|2005473.95.peg.759     0.469  27  0.567  27  0.917  12  0.775   0.648 Y  0.450      SignalP-TM
fig|2005473.95.peg.764     0.243  33  0.438  27  0.953  19  0.833   0.592 Y  0.450      SignalP-TM
fig|2005473.95.peg.764     0.724  20  0.807  20  0.929  10  0.880   0.841 Y  0.570      SignalP-noTM
fig|2005473.95.peg.776     0.344  21  0.460  21  0.794  20  0.568   0.502 Y  0.450      SignalP-TM
fig|2005473.95.peg.776     0.828  21  0.843  21  0.943  17  0.816   0.830 Y  0.570      SignalP-noTM
fig|2005473.95.peg.777     0.157  19  0.381  19  0.961   2  0.930   0.639 Y  0.570      SignalP-noTM
fig|2005473.95.peg.777     0.164  30  0.318  24  0.927   5  0.846   0.524 Y  0.450      SignalP-TM
fig|2005473.95.peg.788     0.341  21  0.448  21  0.767  17  0.584   0.501 Y  0.450      SignalP-TM
fig|2005473.95.peg.789     0.229  22  0.448  22  0.922  18  0.883   0.652 Y  0.570      SignalP-noTM
fig|2005473.95.peg.789     0.268  25  0.462  25  0.906  19  0.819   0.601 Y  0.450      SignalP-TM
fig|2005473.95.peg.79      0.495  21  0.601  21  0.914   2  0.785   0.673 Y  0.450      SignalP-TM
fig|2005473.95.peg.79      0.591  21  0.714  21  0.929  17  0.882   0.793 Y  0.570      SignalP-noTM
fig|2005473.95.peg.793     0.360  20  0.509  20  0.932  16  0.688   0.593 Y  0.570      SignalP-noTM
fig|2005473.95.peg.812     0.553  24  0.665  24  0.935   7  0.846   0.735 Y  0.450      SignalP-TM
fig|2005473.95.peg.812     0.843  24  0.880  24  0.966  12  0.929   0.903 Y  0.570      SignalP-noTM
fig|2005473.95.peg.815     0.240  21  0.480  21  0.987  13  0.959   0.705 Y  0.570      SignalP-noTM
fig|2005473.95.peg.815     0.310  34  0.433  34  0.982  16  0.810   0.580 Y  0.450      SignalP-TM
fig|2005473.95.peg.825     0.297  26  0.446  26  0.761  13  0.667   0.532 Y  0.450      SignalP-TM
fig|2005473.95.peg.825     0.724  26  0.776  26  0.939  10  0.870   0.820 Y  0.570      SignalP-noTM
fig|2005473.95.peg.828     0.189  22  0.413  22  0.957   6  0.914   0.608 Y  0.450      SignalP-TM
fig|2005473.95.peg.828     0.192  27  0.414  22  0.961  11  0.933   0.658 Y  0.570      SignalP-noTM
fig|2005473.95.peg.829     0.333  23  0.468  23  0.791   5  0.689   0.554 Y  0.450      SignalP-TM
fig|2005473.95.peg.829     0.338  23  0.523  23  0.937   2  0.858   0.681 Y  0.570      SignalP-noTM
fig|2005473.95.peg.830     0.191  26  0.343  26  0.799  21  0.627   0.454 Y  0.450      SignalP-TM
fig|2005473.95.peg.830     0.379  26  0.549  26  0.926  21  0.835   0.683 Y  0.570      SignalP-noTM
fig|2005473.95.peg.831     0.257  22  0.433  22  0.895  21  0.742   0.578 Y  0.570      SignalP-noTM
fig|2005473.95.peg.832     0.218  38  0.342  38  0.824   4  0.684   0.475 Y  0.450      SignalP-TM
fig|2005473.95.peg.832     0.268  26  0.486  26  0.947  15  0.901   0.681 Y  0.570      SignalP-noTM
fig|2005473.95.peg.834     0.602  27  0.671  27  0.820  17  0.716   0.689 Y  0.450      SignalP-TM
fig|2005473.95.peg.834     0.652  27  0.774  27  0.981  23  0.911   0.839 Y  0.570      SignalP-noTM
fig|2005473.95.peg.839     0.749  22  0.733  22  0.806   6  0.717   0.727 Y  0.450      SignalP-TM
fig|2005473.95.peg.839     0.855  22  0.898  22  0.976  17  0.934   0.915 Y  0.570      SignalP-noTM
fig|2005473.95.peg.840     0.488  25  0.596  25  0.872   9  0.776   0.666 Y  0.450      SignalP-TM
fig|2005473.95.peg.840     0.629  25  0.743  25  0.951  21  0.903   0.818 Y  0.570      SignalP-noTM
fig|2005473.95.peg.85      0.666  25  0.741  25  0.955   7  0.866   0.790 Y  0.450      SignalP-TM
fig|2005473.95.peg.85      0.813  25  0.820  25  0.952  21  0.860   0.839 Y  0.570      SignalP-noTM
fig|2005473.95.peg.850     0.226  31  0.380  21  0.896  16  0.831   0.556 Y  0.450      SignalP-TM
fig|2005473.95.peg.850     0.669  21  0.777  21  0.939   7  0.910   0.840 Y  0.570      SignalP-noTM
fig|2005473.95.peg.860     0.187  20  0.377  20  0.838  17  0.771   0.531 Y  0.450      SignalP-TM
fig|2005473.95.peg.860     0.527  20  0.692  20  0.972   8  0.915   0.797 Y  0.570      SignalP-noTM
fig|2005473.95.peg.861     0.704  22  0.745  22  0.929   1  0.831   0.786 Y  0.570      SignalP-noTM
fig|2005473.95.peg.868     0.262  28  0.475  28  0.937  15  0.780   0.619 Y  0.570      SignalP-noTM
fig|2005473.95.peg.879     0.400  41  0.539  41  0.916  21  0.823   0.650 Y  0.450      SignalP-TM
fig|2005473.95.peg.879     0.435  41  0.541  41  0.940  19  0.765   0.646 Y  0.570      SignalP-noTM
fig|2005473.95.peg.882     0.302  20  0.453  20  0.764   2  0.700   0.550 Y  0.450      SignalP-TM
fig|2005473.95.peg.882     0.401  20  0.557  20  0.897  16  0.773   0.659 Y  0.570      SignalP-noTM
fig|2005473.95.peg.884     0.177  27  0.391  24  0.957  14  0.907   0.592 Y  0.450      SignalP-TM
fig|2005473.95.peg.884     0.298  21  0.527  21  0.971   7  0.941   0.722 Y  0.570      SignalP-noTM
fig|2005473.95.peg.889     0.711  22  0.705  22  0.837  18  0.709   0.707 Y  0.450      SignalP-TM
fig|2005473.95.peg.889     0.789  22  0.778  22  0.890  18  0.789   0.783 Y  0.570      SignalP-noTM
fig|2005473.95.peg.890     0.228  29  0.359  20  0.909  15  0.871   0.559 Y  0.450      SignalP-TM
fig|2005473.95.peg.890     0.751  20  0.847  20  0.968  16  0.935   0.888 Y  0.570      SignalP-noTM
fig|2005473.95.peg.896     0.304  23  0.438  23  0.817  21  0.592   0.498 Y  0.450      SignalP-TM
fig|2005473.95.peg.896     0.472  23  0.602  23  0.899  21  0.732   0.663 Y  0.570      SignalP-noTM
fig|2005473.95.peg.9       0.472  40  0.448  40  0.694   1  0.520   0.476 Y  0.450      SignalP-TM
fig|2005473.95.peg.907     0.426  22  0.606  22  0.928  13  0.850   0.721 Y  0.570      SignalP-noTM
fig|2005473.95.peg.909     0.274  23  0.471  23  0.930  16  0.835   0.642 Y  0.570      SignalP-noTM
fig|2005473.95.peg.91      0.514  24  0.639  24  0.934  12  0.840   0.734 Y  0.570      SignalP-noTM
fig|2005473.95.peg.91      0.626  24  0.764  24  0.946   8  0.927   0.828 Y  0.450      SignalP-TM
fig|2005473.95.peg.911     0.261  25  0.429  25  0.782  19  0.708   0.538 Y  0.450      SignalP-TM
fig|2005473.95.peg.911     0.641  25  0.710  25  0.907   6  0.838   0.770 Y  0.570      SignalP-noTM
fig|2005473.95.peg.947     0.207  29  0.387  29  0.960  14  0.814   0.588 Y  0.570      SignalP-noTM
fig|2005473.95.peg.947     0.259  31  0.428  31  0.893  23  0.744   0.551 Y  0.450      SignalP-TM
fig|2005473.95.peg.950     0.394  23  0.489  23  0.809   5  0.662   0.556 Y  0.450      SignalP-TM
fig|2005473.95.peg.950     0.685  23  0.777  23  0.949  19  0.881   0.826 Y  0.570      SignalP-noTM
fig|2005473.95.peg.956     0.366  22  0.478  22  0.695  20  0.616   0.532 Y  0.450      SignalP-TM
fig|2005473.95.peg.956     0.778  22  0.825  22  0.950  15  0.868   0.845 Y  0.570      SignalP-noTM
fig|2005473.95.peg.96      0.159  33  0.364  18  0.940  15  0.840   0.549 Y  0.450      SignalP-TM
fig|2005473.95.peg.96      0.578  18  0.752  18  0.986  14  0.956   0.848 Y  0.570      SignalP-noTM
fig|2005473.95.peg.961     0.425  28  0.579  28  0.979  13  0.879   0.720 Y  0.570      SignalP-noTM
fig|2005473.95.peg.961     0.634  31  0.673  28  0.981  14  0.908   0.765 Y  0.450      SignalP-TM
fig|2005473.95.peg.966     0.197  20  0.380  20  0.831   4  0.755   0.526 Y  0.450      SignalP-TM
fig|2005473.95.peg.966     0.457  20  0.589  20  0.875   1  0.791   0.684 Y  0.570      SignalP-noTM
fig|2005473.95.peg.967     0.125  21  0.294  21  0.828   6  0.700   0.452 Y  0.450      SignalP-TM
fig|2005473.95.peg.972     0.197  26  0.383  26  0.931   6  0.825   0.556 Y  0.450      SignalP-TM
fig|2005473.95.peg.972     0.243  24  0.431  24  0.927   3  0.833   0.620 Y  0.570      SignalP-noTM
fig|2005473.95.peg.980     0.163  27  0.306  22  0.857   4  0.782   0.491 Y  0.450      SignalP-TM
fig|2005473.95.peg.980     0.666  21  0.778  21  0.946  16  0.902   0.836 Y  0.570      SignalP-noTM
fig|2005473.95.peg.982     0.359  30  0.526  30  0.887  11  0.783   0.626 Y  0.450      SignalP-TM
fig|2005473.95.peg.982     0.522  30  0.641  30  0.931  26  0.793   0.712 Y  0.570      SignalP-noTM
fig|2005473.95.peg.984     0.340  21  0.572  21  0.984  14  0.942   0.716 Y  0.450      SignalP-TM
fig|2005473.95.peg.984     0.549  21  0.737  21  0.994  12  0.979   0.851 Y  0.570      SignalP-noTM
fig|2005473.95.peg.985     0.239  31  0.389  31  0.877  17  0.658   0.494 Y  0.450      SignalP-TM
fig|2005473.95.peg.985     0.365  28  0.582  28  0.959  13  0.892   0.727 Y  0.570      SignalP-noTM
fig|2005473.95.peg.987     0.209  23  0.417  23  0.937  19  0.835   0.580 Y  0.450      SignalP-TM
fig|2005473.95.peg.987     0.370  21  0.552  21  0.921   1  0.843   0.688 Y  0.570      SignalP-noTM
fig|2005473.95.peg.988     0.138  21  0.325  21  0.833  16  0.761   0.495 Y  0.450      SignalP-TM
fig|2005473.95.peg.988     0.253  27  0.435  27  0.940  10  0.835   0.623 Y  0.570      SignalP-noTM
fig|2005473.95.peg.99      0.400  24  0.593  24  0.925  11  0.856   0.696 Y  0.450      SignalP-TM
fig|2005473.95.peg.99      0.671  24  0.767  24  0.963  20  0.892   0.826 Y  0.570      SignalP-noTM
fig|2005473.95.peg.991     0.162  23  0.369  23  0.898  17  0.777   0.528 Y  0.450      SignalP-TM
fig|2005473.95.peg.991     0.429  23  0.547  23  0.893   1  0.698   0.618 Y  0.570      SignalP-noTM
fig|2005473.95.peg.995     0.610  23  0.621  23  0.743  18  0.611   0.617 Y  0.450      SignalP-TM
